I tensorflow/stream_executor/dso_loader.cc:108] successfully opened CUDA library libcublas.so locally
I tensorflow/stream_executor/dso_loader.cc:108] successfully opened CUDA library libcudnn.so locally
I tensorflow/stream_executor/dso_loader.cc:108] successfully opened CUDA library libcufft.so locally
I tensorflow/stream_executor/dso_loader.cc:108] successfully opened CUDA library libcuda.so locally
I tensorflow/stream_executor/dso_loader.cc:108] successfully opened CUDA library libcurand.so locally
INFO:tensorflow:PS hosts are: ['master:2200']
INFO:tensorflow:Worker hosts are: ['master:2201', 'master:2202', 'master:2203', 'master:2204', 'node001:2205', 'node001:2206', 'node001:2207', 'node001:2208', 'node002:2209', 'node002:2210', 'node002:2211', 'node002:2212', 'node003:2213', 'node003:2214', 'node003:2215', 'node003:2216', 'node004:2217', 'node004:2218', 'node004:2219', 'node004:2220', 'node005:2221', 'node005:2222', 'node005:2223', 'node005:2224', 'node006:2225', 'node006:2226', 'node006:2227', 'node006:2228', 'node007:2229', 'node007:2230', 'node007:2231', 'node007:2232']
I tensorflow/stream_executor/cuda/cuda_gpu_executor.cc:922] successful NUMA node read from SysFS had negative value (-1), but there must be at least one NUMA node, so returning NUMA node zero
I tensorflow/core/common_runtime/gpu/gpu_init.cc:102] Found device 0 with properties: 
name: GRID K520
major: 3 minor: 0 memoryClockRate (GHz) 0.797
pciBusID 0000:00:03.0
Total memory: 4.00GiB
Free memory: 3.95GiB
I tensorflow/core/common_runtime/gpu/gpu_init.cc:126] DMA: 0 
I tensorflow/core/common_runtime/gpu/gpu_init.cc:136] 0:   Y 
I tensorflow/core/common_runtime/gpu/gpu_device.cc:784] Creating TensorFlow device (/gpu:0) -> (device: 0, name: GRID K520, pci bus id: 0000:00:03.0)
I tensorflow/core/distributed_runtime/rpc/grpc_channel.cc:206] Initialize HostPortsGrpcChannelCache for job ps -> {master:2200}
I tensorflow/core/distributed_runtime/rpc/grpc_channel.cc:206] Initialize HostPortsGrpcChannelCache for job worker -> {localhost:2201, master:2202, master:2203, master:2204, node001:2205, node001:2206, node001:2207, node001:2208, node002:2209, node002:2210, node002:2211, node002:2212, node003:2213, node003:2214, node003:2215, node003:2216, node004:2217, node004:2218, node004:2219, node004:2220, node005:2221, node005:2222, node005:2223, node005:2224, node006:2225, node006:2226, node006:2227, node006:2228, node007:2229, node007:2230, node007:2231, node007:2232}
I tensorflow/core/distributed_runtime/rpc/grpc_server_lib.cc:202] Started server with target: grpc://localhost:2201
INFO:tensorflow:Learning rate: 0.050000, momentum: 0.000000
INFO:tensorflow:2016-08-10 09:23:02.718889 Supervisor
INFO:tensorflow:Restored model from /imagenet/snapshot/model.ckpt-7871
INFO:tensorflow:got sessions! 2016-08-10 09:23:43.513501 
INFO:tensorflow:Started 3 queues for processing input data.
INFO:tensorflow:global_step/sec: 0
I tensorflow/core/common_runtime/gpu/pool_allocator.cc:244] PoolAllocator: After 3869 get requests, put_count=2854 evicted_count=1000 eviction_rate=0.350385 and unsatisfied allocation rate=0.546653
I tensorflow/core/common_runtime/gpu/pool_allocator.cc:256] Raising pool_size_limit_ from 100 to 110
INFO:tensorflow:Step: 7871, Loss: 10.082879, time: 16.549 sec/batch
INFO:tensorflow:Step: 7872, Loss: 9.721761, time: 4.851 sec/batch
INFO:tensorflow:Step: 7875, Loss: 9.677909, time: 5.595 sec/batch
INFO:tensorflow:Step: 7877, Loss: 9.152325, time: 8.963 sec/batch
INFO:tensorflow:Step: 7885, Loss: 9.551869, time: 2.820 sec/batch
I tensorflow/core/common_runtime/gpu/pool_allocator.cc:244] PoolAllocator: After 0 get requests, put_count=1016 evicted_count=1000 eviction_rate=0.984252 and unsatisfied allocation rate=0
INFO:tensorflow:Step: 7892, Loss: 9.518662, time: 2.611 sec/batch
INFO:tensorflow:Step: 7900, Loss: 9.285815, time: 3.538 sec/batch
INFO:tensorflow:Step: 7909, Loss: 8.624181, time: 9.339 sec/batch
INFO:tensorflow:Step: 7931, Loss: 9.243970, time: 2.713 sec/batch
INFO:tensorflow:Step: 7942, Loss: 9.556911, time: 2.590 sec/batch
INFO:tensorflow:Step: 7949, Loss: 9.037113, time: 2.784 sec/batch
I tensorflow/core/common_runtime/gpu/pool_allocator.cc:244] PoolAllocator: After 3767 get requests, put_count=4060 evicted_count=2000 eviction_rate=0.492611 and unsatisfied allocation rate=0.459782
I tensorflow/core/common_runtime/gpu/pool_allocator.cc:256] Raising pool_size_limit_ from 281 to 309
INFO:tensorflow:Step: 7958, Loss: 9.653426, time: 2.599 sec/batch
INFO:tensorflow:Step: 7970, Loss: 9.286805, time: 3.928 sec/batch
INFO:tensorflow:Step: 7984, Loss: 9.887088, time: 4.894 sec/batch
INFO:tensorflow:Step: 7997, Loss: 9.410051, time: 2.802 sec/batch
INFO:tensorflow:Step: 8003, Loss: 9.121477, time: 2.725 sec/batch
INFO:tensorflow:Step: 8013, Loss: 9.491753, time: 3.047 sec/batch
I tensorflow/core/common_runtime/gpu/pool_allocator.cc:244] PoolAllocator: After 0 get requests, put_count=1049 evicted_count=1000 eviction_rate=0.953289 and unsatisfied allocation rate=0
INFO:tensorflow:Step: 8025, Loss: 9.945128, time: 5.055 sec/batch
INFO:tensorflow:Step: 8040, Loss: 9.329010, time: 6.850 sec/batch
INFO:tensorflow:Step: 8059, Loss: 8.639028, time: 6.822 sec/batch
INFO:tensorflow:Step: 8076, Loss: 9.358164, time: 3.648 sec/batch
INFO:tensorflow:Step: 8092, Loss: 9.731799, time: 5.066 sec/batch
INFO:tensorflow:Step: 8104, Loss: 8.777158, time: 2.650 sec/batch
INFO:tensorflow:Step: 8117, Loss: 9.025392, time: 2.788 sec/batch
INFO:tensorflow:Step: 8124, Loss: 9.496685, time: 2.728 sec/batch
INFO:tensorflow:global_step/sec: 2.28092
INFO:tensorflow:Step: 8134, Loss: 9.373600, time: 2.439 sec/batch
I tensorflow/core/common_runtime/gpu/pool_allocator.cc:244] PoolAllocator: After 3767 get requests, put_count=4016 evicted_count=1000 eviction_rate=0.249004 and unsatisfied allocation rate=0.227237
I tensorflow/core/common_runtime/gpu/pool_allocator.cc:256] Raising pool_size_limit_ from 1158 to 1273
INFO:tensorflow:Step: 8145, Loss: 9.100430, time: 2.947 sec/batch
INFO:tensorflow:Step: 8156, Loss: 8.693627, time: 3.311 sec/batch
INFO:tensorflow:Step: 8166, Loss: 9.634139, time: 2.490 sec/batch
INFO:tensorflow:Step: 8171, Loss: 9.599486, time: 2.752 sec/batch
INFO:tensorflow:Step: 8181, Loss: 8.176118, time: 3.043 sec/batch
INFO:tensorflow:Step: 8194, Loss: 10.009345, time: 3.399 sec/batch
INFO:tensorflow:Step: 8207, Loss: 8.347784, time: 2.505 sec/batch
INFO:tensorflow:Step: 8215, Loss: 8.865971, time: 2.854 sec/batch
INFO:tensorflow:Step: 8225, Loss: 9.137488, time: 3.083 sec/batch
INFO:tensorflow:Step: 8235, Loss: 9.282844, time: 3.443 sec/batch
INFO:tensorflow:Step: 8246, Loss: 9.633255, time: 2.512 sec/batch
INFO:tensorflow:Step: 8256, Loss: 10.201041, time: 2.534 sec/batch
INFO:tensorflow:Step: 8268, Loss: 9.455526, time: 4.104 sec/batch
INFO:tensorflow:Step: 8282, Loss: 9.282790, time: 2.429 sec/batch
INFO:tensorflow:Step: 8289, Loss: 9.690218, time: 7.541 sec/batch
INFO:tensorflow:Step: 8317, Loss: 8.826813, time: 8.334 sec/batch
INFO:tensorflow:Step: 8343, Loss: 9.979323, time: 5.978 sec/batch
INFO:tensorflow:Step: 8363, Loss: 8.241434, time: 5.056 sec/batch
INFO:tensorflow:Step: 8380, Loss: 9.743198, time: 3.758 sec/batch
INFO:tensorflow:Step: 8381, Loss: 9.578971, time: 2.773 sec/batch
INFO:tensorflow:Step: 8393, Loss: 10.319518, time: 2.922 sec/batch
INFO:tensorflow:Step: 8403, Loss: 9.057958, time: 2.689 sec/batch
INFO:tensorflow:Step: 8416, Loss: 9.633236, time: 2.582 sec/batch
INFO:tensorflow:Step: 8423, Loss: 9.283359, time: 2.551 sec/batch
INFO:tensorflow:Step: 8433, Loss: 8.440369, time: 2.552 sec/batch
INFO:tensorflow:Step: 8445, Loss: 9.174083, time: 2.691 sec/batch
INFO:tensorflow:Step: 8455, Loss: 8.977071, time: 2.702 sec/batch
INFO:tensorflow:Step: 8467, Loss: 9.177002, time: 3.105 sec/batch
INFO:tensorflow:Step: 8476, Loss: 10.256418, time: 2.944 sec/batch
INFO:tensorflow:Step: 8487, Loss: 8.080072, time: 2.660 sec/batch
INFO:tensorflow:Step: 8497, Loss: 8.660926, time: 2.671 sec/batch
INFO:tensorflow:Step: 8510, Loss: 8.299037, time: 3.000 sec/batch
INFO:tensorflow:Step: 8521, Loss: 9.477140, time: 3.122 sec/batch
INFO:tensorflow:Step: 8530, Loss: 9.405353, time: 2.686 sec/batch
INFO:tensorflow:global_step/sec: 3.45055
INFO:tensorflow:Step: 8542, Loss: 9.660761, time: 9.235 sec/batch
INFO:tensorflow:Step: 8573, Loss: 8.723311, time: 4.487 sec/batch
INFO:tensorflow:Step: 8586, Loss: 9.476514, time: 3.479 sec/batch
INFO:tensorflow:Step: 8597, Loss: 9.744029, time: 2.803 sec/batch
INFO:tensorflow:Step: 8610, Loss: 9.577472, time: 7.817 sec/batch
INFO:tensorflow:Step: 8641, Loss: 9.789307, time: 7.742 sec/batch
INFO:tensorflow:Step: 8666, Loss: 9.214845, time: 3.117 sec/batch
INFO:tensorflow:Step: 8674, Loss: 9.293757, time: 2.974 sec/batch
INFO:tensorflow:Step: 8680, Loss: 9.498760, time: 2.607 sec/batch
INFO:tensorflow:Step: 8687, Loss: 9.128488, time: 2.716 sec/batch
INFO:tensorflow:Step: 8698, Loss: 9.882733, time: 2.603 sec/batch
INFO:tensorflow:Step: 8711, Loss: 10.002036, time: 2.565 sec/batch
INFO:tensorflow:Step: 8721, Loss: 9.135967, time: 2.622 sec/batch
INFO:tensorflow:Step: 8727, Loss: 8.731823, time: 2.933 sec/batch
INFO:tensorflow:Step: 8738, Loss: 9.784166, time: 2.564 sec/batch
INFO:tensorflow:Step: 8751, Loss: 9.436154, time: 2.430 sec/batch
INFO:tensorflow:Step: 8760, Loss: 8.456295, time: 2.603 sec/batch
INFO:tensorflow:Step: 8772, Loss: 9.165388, time: 2.418 sec/batch
INFO:tensorflow:Step: 8779, Loss: 9.258630, time: 2.504 sec/batch
INFO:tensorflow:Step: 8790, Loss: 10.183877, time: 2.465 sec/batch
INFO:tensorflow:Step: 8804, Loss: 9.973534, time: 3.915 sec/batch
INFO:tensorflow:Step: 8816, Loss: 9.185985, time: 3.226 sec/batch
INFO:tensorflow:Step: 8831, Loss: 8.608597, time: 6.849 sec/batch
INFO:tensorflow:Step: 8852, Loss: 9.056385, time: 3.265 sec/batch
INFO:tensorflow:Step: 8863, Loss: 8.491806, time: 7.179 sec/batch
INFO:tensorflow:Step: 8888, Loss: 9.352810, time: 7.496 sec/batch
INFO:tensorflow:Step: 8915, Loss: 9.257601, time: 9.690 sec/batch
INFO:tensorflow:Step: 8937, Loss: 9.651983, time: 3.274 sec/batch
INFO:tensorflow:Step: 8947, Loss: 8.843934, time: 2.816 sec/batch
INFO:tensorflow:Step: 8953, Loss: 8.781124, time: 3.059 sec/batch
INFO:tensorflow:global_step/sec: 3.50808
INFO:tensorflow:Step: 8966, Loss: 8.925888, time: 2.537 sec/batch
INFO:tensorflow:Step: 8979, Loss: 9.117033, time: 2.763 sec/batch
INFO:tensorflow:Step: 8988, Loss: 8.944081, time: 2.858 sec/batch
INFO:tensorflow:Step: 8996, Loss: 10.234619, time: 2.563 sec/batch
INFO:tensorflow:Step: 9006, Loss: 9.318649, time: 2.670 sec/batch
INFO:tensorflow:Step: 9017, Loss: 8.982712, time: 2.456 sec/batch
INFO:tensorflow:Step: 9027, Loss: 8.593722, time: 2.491 sec/batch
INFO:tensorflow:Step: 9036, Loss: 9.472322, time: 2.796 sec/batch
INFO:tensorflow:Step: 9044, Loss: 10.028831, time: 2.821 sec/batch
INFO:tensorflow:Step: 9055, Loss: 9.276989, time: 2.610 sec/batch
INFO:tensorflow:Step: 9066, Loss: 9.277669, time: 2.568 sec/batch
INFO:tensorflow:Step: 9076, Loss: 9.477755, time: 2.712 sec/batch
INFO:tensorflow:Step: 9086, Loss: 8.851918, time: 3.133 sec/batch
INFO:tensorflow:Step: 9098, Loss: 9.119540, time: 2.954 sec/batch
INFO:tensorflow:Step: 9109, Loss: 8.864097, time: 2.770 sec/batch
INFO:tensorflow:Step: 9120, Loss: 9.506381, time: 2.481 sec/batch
INFO:tensorflow:Step: 9131, Loss: 9.437558, time: 2.800 sec/batch
INFO:tensorflow:Step: 9142, Loss: 9.981976, time: 3.259 sec/batch
INFO:tensorflow:Step: 9155, Loss: 9.111552, time: 2.561 sec/batch
INFO:tensorflow:Step: 9166, Loss: 9.427615, time: 2.472 sec/batch
INFO:tensorflow:Step: 9177, Loss: 8.548825, time: 2.549 sec/batch
INFO:tensorflow:Step: 9188, Loss: 9.249197, time: 3.316 sec/batch
INFO:tensorflow:Step: 9200, Loss: 8.310903, time: 2.553 sec/batch
INFO:tensorflow:Step: 9214, Loss: 9.054503, time: 4.681 sec/batch
INFO:tensorflow:Step: 9237, Loss: 9.457028, time: 3.687 sec/batch
INFO:tensorflow:Step: 9244, Loss: 9.615589, time: 2.938 sec/batch
INFO:tensorflow:Step: 9256, Loss: 8.890383, time: 3.439 sec/batch
INFO:tensorflow:Step: 9266, Loss: 9.675820, time: 2.590 sec/batch
INFO:tensorflow:Step: 9276, Loss: 9.599828, time: 2.557 sec/batch
INFO:tensorflow:Step: 9287, Loss: 9.102975, time: 2.561 sec/batch
INFO:tensorflow:Step: 9296, Loss: 9.562279, time: 2.980 sec/batch
INFO:tensorflow:Step: 9309, Loss: 8.968944, time: 3.019 sec/batch
INFO:tensorflow:Step: 9315, Loss: 9.069522, time: 2.911 sec/batch
INFO:tensorflow:Step: 9328, Loss: 9.652023, time: 3.159 sec/batch
INFO:tensorflow:Step: 9338, Loss: 9.321978, time: 2.618 sec/batch
INFO:tensorflow:Step: 9348, Loss: 9.234932, time: 2.777 sec/batch
INFO:tensorflow:Step: 9359, Loss: 9.057009, time: 2.797 sec/batch
INFO:tensorflow:Step: 9369, Loss: 9.047894, time: 2.516 sec/batch
INFO:tensorflow:Step: 9380, Loss: 9.419207, time: 2.555 sec/batch
INFO:tensorflow:Step: 9387, Loss: 9.420794, time: 3.150 sec/batch
INFO:tensorflow:Step: 9401, Loss: 9.319507, time: 2.483 sec/batch
INFO:tensorflow:Step: 9411, Loss: 9.602440, time: 3.987 sec/batch
INFO:tensorflow:global_step/sec: 3.77519
INFO:tensorflow:Step: 9425, Loss: 9.099538, time: 3.414 sec/batch
INFO:tensorflow:Step: 9436, Loss: 8.859661, time: 3.483 sec/batch
INFO:tensorflow:Step: 9451, Loss: 8.789763, time: 2.637 sec/batch
INFO:tensorflow:Step: 9461, Loss: 9.548032, time: 2.935 sec/batch
INFO:tensorflow:Step: 9471, Loss: 8.962368, time: 3.939 sec/batch
INFO:tensorflow:Step: 9483, Loss: 9.225863, time: 2.479 sec/batch
INFO:tensorflow:Step: 9494, Loss: 9.807425, time: 2.626 sec/batch
INFO:tensorflow:Step: 9505, Loss: 9.375027, time: 3.564 sec/batch
INFO:tensorflow:Step: 9516, Loss: 9.026516, time: 2.574 sec/batch
INFO:tensorflow:Step: 9526, Loss: 8.112876, time: 2.548 sec/batch
INFO:tensorflow:Step: 9539, Loss: 8.410741, time: 2.706 sec/batch
INFO:tensorflow:Step: 9548, Loss: 9.053044, time: 2.736 sec/batch
INFO:tensorflow:Step: 9558, Loss: 9.487514, time: 3.220 sec/batch
INFO:tensorflow:Step: 9567, Loss: 9.484847, time: 2.895 sec/batch
INFO:tensorflow:Step: 9577, Loss: 9.420300, time: 3.160 sec/batch
INFO:tensorflow:Step: 9590, Loss: 8.944970, time: 3.986 sec/batch
INFO:tensorflow:Step: 9603, Loss: 8.399747, time: 3.185 sec/batch
INFO:tensorflow:Step: 9612, Loss: 9.427835, time: 3.049 sec/batch
INFO:tensorflow:Step: 9627, Loss: 9.286872, time: 2.806 sec/batch
INFO:tensorflow:Step: 9636, Loss: 9.715752, time: 2.578 sec/batch
INFO:tensorflow:Step: 9644, Loss: 8.739056, time: 2.755 sec/batch
INFO:tensorflow:Step: 9655, Loss: 9.445892, time: 2.832 sec/batch
INFO:tensorflow:Step: 9667, Loss: 8.073192, time: 2.567 sec/batch
INFO:tensorflow:Step: 9677, Loss: 8.549350, time: 2.492 sec/batch
INFO:tensorflow:Step: 9687, Loss: 10.085235, time: 3.287 sec/batch
INFO:tensorflow:Step: 9699, Loss: 9.191193, time: 5.100 sec/batch
INFO:tensorflow:Step: 9717, Loss: 9.329761, time: 2.999 sec/batch
INFO:tensorflow:Step: 9729, Loss: 9.388309, time: 8.040 sec/batch
INFO:tensorflow:Step: 9756, Loss: 8.863007, time: 7.776 sec/batch
INFO:tensorflow:Step: 9781, Loss: 9.087167, time: 4.699 sec/batch
INFO:tensorflow:Step: 9794, Loss: 9.223734, time: 9.229 sec/batch
INFO:tensorflow:Step: 9816, Loss: 9.332340, time: 5.507 sec/batch
INFO:tensorflow:Step: 9834, Loss: 9.467171, time: 3.607 sec/batch
INFO:tensorflow:global_step/sec: 3.4231
INFO:tensorflow:Step: 9842, Loss: 9.695804, time: 3.176 sec/batch
INFO:tensorflow:Step: 9849, Loss: 9.298504, time: 3.529 sec/batch
INFO:tensorflow:Step: 9858, Loss: 9.445305, time: 2.934 sec/batch
INFO:tensorflow:Step: 9867, Loss: 8.822262, time: 2.753 sec/batch
INFO:tensorflow:Step: 9877, Loss: 9.138515, time: 2.595 sec/batch
INFO:tensorflow:Step: 9889, Loss: 9.486923, time: 2.744 sec/batch
INFO:tensorflow:Step: 9898, Loss: 10.023988, time: 2.940 sec/batch
INFO:tensorflow:Step: 9909, Loss: 8.791773, time: 2.858 sec/batch
INFO:tensorflow:Step: 9919, Loss: 8.912354, time: 2.530 sec/batch
INFO:tensorflow:Step: 9928, Loss: 9.444269, time: 2.746 sec/batch
INFO:tensorflow:Step: 9940, Loss: 9.448875, time: 2.701 sec/batch
INFO:tensorflow:Step: 9950, Loss: 9.276987, time: 2.545 sec/batch
INFO:tensorflow:Step: 9960, Loss: 9.381798, time: 8.089 sec/batch
INFO:tensorflow:Step: 9992, Loss: 9.456223, time: 4.265 sec/batch
INFO:tensorflow:Step: 10004, Loss: 8.626284, time: 4.245 sec/batch
INFO:tensorflow:Step: 10011, Loss: 9.273278, time: 2.991 sec/batch
INFO:tensorflow:Step: 10024, Loss: 9.671265, time: 2.711 sec/batch
INFO:tensorflow:Step: 10036, Loss: 8.880847, time: 2.759 sec/batch
INFO:tensorflow:Step: 10046, Loss: 8.642221, time: 2.697 sec/batch
INFO:tensorflow:Step: 10056, Loss: 9.214468, time: 3.229 sec/batch
INFO:tensorflow:Step: 10064, Loss: 8.969670, time: 2.721 sec/batch
INFO:tensorflow:Step: 10078, Loss: 9.794823, time: 2.571 sec/batch
INFO:tensorflow:Step: 10089, Loss: 9.631224, time: 2.599 sec/batch
INFO:tensorflow:Step: 10101, Loss: 9.586295, time: 2.607 sec/batch
INFO:tensorflow:Step: 10109, Loss: 8.953453, time: 2.968 sec/batch
INFO:tensorflow:Step: 10120, Loss: 9.961864, time: 2.685 sec/batch
INFO:tensorflow:Step: 10129, Loss: 9.334864, time: 2.658 sec/batch
INFO:tensorflow:Step: 10141, Loss: 8.952143, time: 2.630 sec/batch
INFO:tensorflow:Step: 10153, Loss: 9.542228, time: 4.549 sec/batch
INFO:tensorflow:Step: 10168, Loss: 8.946280, time: 2.988 sec/batch
INFO:tensorflow:Step: 10177, Loss: 8.541407, time: 3.262 sec/batch
INFO:tensorflow:Step: 10186, Loss: 9.240214, time: 2.646 sec/batch
INFO:tensorflow:Step: 10197, Loss: 8.895679, time: 2.575 sec/batch
INFO:tensorflow:Step: 10208, Loss: 8.638945, time: 2.622 sec/batch
INFO:tensorflow:Step: 10218, Loss: 9.457829, time: 2.515 sec/batch
INFO:tensorflow:Step: 10227, Loss: 8.978586, time: 4.486 sec/batch
INFO:tensorflow:Step: 10242, Loss: 8.823908, time: 3.013 sec/batch
INFO:tensorflow:Step: 10253, Loss: 9.641574, time: 5.480 sec/batch
INFO:tensorflow:global_step/sec: 3.59662
INFO:tensorflow:Step: 10272, Loss: 8.682425, time: 6.105 sec/batch
INFO:tensorflow:Step: 10294, Loss: 9.400263, time: 10.023 sec/batch
INFO:tensorflow:Step: 10324, Loss: 9.017252, time: 7.568 sec/batch
INFO:tensorflow:Step: 10355, Loss: 9.579132, time: 4.888 sec/batch
INFO:tensorflow:Step: 10359, Loss: 9.170495, time: 2.821 sec/batch
INFO:tensorflow:Step: 10369, Loss: 9.337913, time: 2.671 sec/batch
INFO:tensorflow:Step: 10379, Loss: 9.786300, time: 2.705 sec/batch
INFO:tensorflow:Step: 10392, Loss: 9.855134, time: 2.769 sec/batch
INFO:tensorflow:Step: 10404, Loss: 9.838667, time: 2.807 sec/batch
INFO:tensorflow:Step: 10413, Loss: 9.303528, time: 3.367 sec/batch
INFO:tensorflow:Step: 10425, Loss: 9.369592, time: 2.878 sec/batch
INFO:tensorflow:Step: 10433, Loss: 9.246766, time: 2.753 sec/batch
INFO:tensorflow:Step: 10444, Loss: 8.928321, time: 2.619 sec/batch
INFO:tensorflow:Step: 10454, Loss: 9.457486, time: 2.602 sec/batch
INFO:tensorflow:Step: 10464, Loss: 9.447993, time: 2.689 sec/batch
INFO:tensorflow:Step: 10472, Loss: 9.122370, time: 2.837 sec/batch
INFO:tensorflow:Step: 10482, Loss: 9.367063, time: 2.811 sec/batch
INFO:tensorflow:Step: 10493, Loss: 9.174480, time: 2.571 sec/batch
INFO:tensorflow:Step: 10503, Loss: 9.573383, time: 2.923 sec/batch
INFO:tensorflow:Step: 10513, Loss: 8.891386, time: 3.146 sec/batch
INFO:tensorflow:Step: 10526, Loss: 8.475780, time: 2.726 sec/batch
INFO:tensorflow:Step: 10538, Loss: 9.940736, time: 3.272 sec/batch
INFO:tensorflow:Step: 10551, Loss: 9.070957, time: 3.068 sec/batch
INFO:tensorflow:Step: 10562, Loss: 8.808517, time: 3.000 sec/batch
INFO:tensorflow:Step: 10572, Loss: 8.531507, time: 2.637 sec/batch
INFO:tensorflow:Step: 10584, Loss: 8.831312, time: 2.997 sec/batch
INFO:tensorflow:Step: 10596, Loss: 9.216178, time: 2.483 sec/batch
INFO:tensorflow:Step: 10606, Loss: 8.787811, time: 2.458 sec/batch
INFO:tensorflow:Step: 10616, Loss: 9.627250, time: 2.462 sec/batch
INFO:tensorflow:Step: 10627, Loss: 8.902919, time: 2.401 sec/batch
INFO:tensorflow:Step: 10638, Loss: 8.499365, time: 2.529 sec/batch
INFO:tensorflow:Step: 10649, Loss: 9.561593, time: 2.572 sec/batch
INFO:tensorflow:Step: 10660, Loss: 9.173879, time: 2.524 sec/batch
INFO:tensorflow:Step: 10671, Loss: 8.961609, time: 2.447 sec/batch
INFO:tensorflow:Step: 10683, Loss: 9.167848, time: 3.133 sec/batch
INFO:tensorflow:Step: 10695, Loss: 8.813602, time: 2.662 sec/batch
INFO:tensorflow:Step: 10705, Loss: 8.753638, time: 2.595 sec/batch
INFO:tensorflow:global_step/sec: 3.7012
INFO:tensorflow:Step: 10716, Loss: 9.820726, time: 2.477 sec/batch
INFO:tensorflow:Step: 10724, Loss: 9.023696, time: 2.547 sec/batch
INFO:tensorflow:Step: 10735, Loss: 8.708326, time: 2.563 sec/batch
INFO:tensorflow:Step: 10742, Loss: 8.600586, time: 3.554 sec/batch
INFO:tensorflow:Step: 10755, Loss: 9.614964, time: 2.930 sec/batch
INFO:tensorflow:Step: 10766, Loss: 8.844305, time: 2.649 sec/batch
INFO:tensorflow:Step: 10776, Loss: 8.772036, time: 2.610 sec/batch
INFO:tensorflow:Step: 10786, Loss: 9.716962, time: 2.686 sec/batch
INFO:tensorflow:Step: 10795, Loss: 9.550571, time: 3.235 sec/batch
INFO:tensorflow:Step: 10808, Loss: 9.160305, time: 2.659 sec/batch
INFO:tensorflow:Step: 10819, Loss: 8.176432, time: 6.006 sec/batch
INFO:tensorflow:Step: 10836, Loss: 8.599954, time: 2.634 sec/batch
INFO:tensorflow:Step: 10848, Loss: 10.019045, time: 3.925 sec/batch
INFO:tensorflow:Step: 10855, Loss: 8.686194, time: 3.018 sec/batch
INFO:tensorflow:Step: 10866, Loss: 8.741344, time: 7.845 sec/batch
INFO:tensorflow:Step: 10898, Loss: 8.892994, time: 2.807 sec/batch
INFO:tensorflow:Step: 10906, Loss: 8.686327, time: 3.312 sec/batch
INFO:tensorflow:Step: 10915, Loss: 9.108927, time: 2.869 sec/batch
INFO:tensorflow:Step: 10929, Loss: 9.130512, time: 2.688 sec/batch
INFO:tensorflow:Step: 10940, Loss: 9.102245, time: 2.854 sec/batch
INFO:tensorflow:Step: 10950, Loss: 9.235172, time: 3.243 sec/batch
INFO:tensorflow:Step: 10963, Loss: 9.211652, time: 2.657 sec/batch
INFO:tensorflow:Step: 10975, Loss: 8.504165, time: 2.609 sec/batch
INFO:tensorflow:Step: 10985, Loss: 9.279622, time: 2.563 sec/batch
INFO:tensorflow:Step: 10995, Loss: 8.712456, time: 2.687 sec/batch
INFO:tensorflow:Step: 11002, Loss: 9.324562, time: 2.494 sec/batch
INFO:tensorflow:Step: 11014, Loss: 9.096468, time: 2.816 sec/batch
INFO:tensorflow:Step: 11024, Loss: 8.942806, time: 2.704 sec/batch
INFO:tensorflow:Step: 11033, Loss: 8.983811, time: 2.721 sec/batch
INFO:tensorflow:Step: 11042, Loss: 7.905648, time: 3.065 sec/batch
INFO:tensorflow:Step: 11056, Loss: 9.553946, time: 3.336 sec/batch
INFO:tensorflow:Step: 11065, Loss: 8.651560, time: 2.715 sec/batch
INFO:tensorflow:Step: 11075, Loss: 9.676661, time: 2.560 sec/batch
INFO:tensorflow:Step: 11083, Loss: 8.913167, time: 2.971 sec/batch
INFO:tensorflow:Step: 11097, Loss: 9.209642, time: 2.616 sec/batch
INFO:tensorflow:Step: 11105, Loss: 9.566102, time: 2.670 sec/batch
INFO:tensorflow:Step: 11117, Loss: 9.120692, time: 2.681 sec/batch
INFO:tensorflow:Step: 11126, Loss: 9.404932, time: 2.560 sec/batch
INFO:tensorflow:Step: 11136, Loss: 8.861282, time: 2.607 sec/batch
INFO:tensorflow:Step: 11147, Loss: 9.231637, time: 2.463 sec/batch
INFO:tensorflow:global_step/sec: 3.64251
INFO:tensorflow:Step: 11155, Loss: 8.826474, time: 2.888 sec/batch
INFO:tensorflow:Step: 11167, Loss: 9.261266, time: 5.165 sec/batch
INFO:tensorflow:Step: 11187, Loss: 8.782248, time: 2.599 sec/batch
INFO:tensorflow:Step: 11194, Loss: 9.606062, time: 3.343 sec/batch
INFO:tensorflow:Step: 11207, Loss: 9.384085, time: 2.531 sec/batch
INFO:tensorflow:Step: 11218, Loss: 9.285954, time: 6.087 sec/batch
INFO:tensorflow:Step: 11251, Loss: 9.714773, time: 3.466 sec/batch
INFO:tensorflow:Step: 11256, Loss: 9.437304, time: 3.023 sec/batch
INFO:tensorflow:Step: 11264, Loss: 9.259569, time: 2.665 sec/batch
INFO:tensorflow:Step: 11275, Loss: 9.072231, time: 2.849 sec/batch
INFO:tensorflow:Step: 11288, Loss: 9.301646, time: 3.184 sec/batch
INFO:tensorflow:Step: 11300, Loss: 9.352736, time: 2.580 sec/batch
INFO:tensorflow:Step: 11308, Loss: 9.504239, time: 2.464 sec/batch
INFO:tensorflow:Step: 11316, Loss: 9.287192, time: 2.594 sec/batch
INFO:tensorflow:Step: 11328, Loss: 8.477292, time: 2.575 sec/batch
INFO:tensorflow:Step: 11338, Loss: 9.140437, time: 2.540 sec/batch
INFO:tensorflow:Step: 11348, Loss: 9.071274, time: 2.966 sec/batch
INFO:tensorflow:Step: 11358, Loss: 9.745953, time: 2.883 sec/batch
INFO:tensorflow:Step: 11366, Loss: 8.564387, time: 3.168 sec/batch
INFO:tensorflow:Step: 11379, Loss: 9.407451, time: 2.812 sec/batch
INFO:tensorflow:Step: 11392, Loss: 9.497316, time: 3.159 sec/batch
INFO:tensorflow:Step: 11403, Loss: 8.506520, time: 3.313 sec/batch
INFO:tensorflow:Step: 11413, Loss: 8.225408, time: 3.151 sec/batch
INFO:tensorflow:Step: 11426, Loss: 9.321861, time: 5.141 sec/batch
INFO:tensorflow:Step: 11450, Loss: 9.160789, time: 2.610 sec/batch
INFO:tensorflow:Step: 11457, Loss: 8.627913, time: 3.281 sec/batch
INFO:tensorflow:Step: 11465, Loss: 9.539099, time: 2.712 sec/batch
INFO:tensorflow:Step: 11474, Loss: 8.664723, time: 2.659 sec/batch
INFO:tensorflow:Step: 11486, Loss: 8.378497, time: 2.793 sec/batch
INFO:tensorflow:Step: 11500, Loss: 8.954399, time: 2.827 sec/batch
INFO:tensorflow:Step: 11509, Loss: 8.844931, time: 7.735 sec/batch
INFO:tensorflow:Step: 11537, Loss: 9.024461, time: 2.508 sec/batch
INFO:tensorflow:Step: 11544, Loss: 8.869976, time: 3.442 sec/batch
INFO:tensorflow:Step: 11553, Loss: 9.088216, time: 2.957 sec/batch
INFO:tensorflow:Step: 11565, Loss: 8.977465, time: 2.751 sec/batch
INFO:tensorflow:Step: 11578, Loss: 9.118665, time: 2.803 sec/batch
INFO:tensorflow:Step: 11586, Loss: 9.085195, time: 2.754 sec/batch
INFO:tensorflow:global_step/sec: 3.7286
INFO:tensorflow:Step: 11598, Loss: 9.448464, time: 2.573 sec/batch
INFO:tensorflow:Step: 11608, Loss: 9.098524, time: 2.886 sec/batch
INFO:tensorflow:Step: 11620, Loss: 8.261381, time: 2.584 sec/batch
INFO:tensorflow:Step: 11629, Loss: 9.904995, time: 2.405 sec/batch
INFO:tensorflow:Step: 11640, Loss: 8.603765, time: 2.743 sec/batch
INFO:tensorflow:Step: 11650, Loss: 10.271914, time: 3.001 sec/batch
INFO:tensorflow:Step: 11662, Loss: 9.220201, time: 2.746 sec/batch
INFO:tensorflow:Step: 11673, Loss: 8.737226, time: 2.691 sec/batch
INFO:tensorflow:Step: 11684, Loss: 9.203008, time: 2.625 sec/batch
INFO:tensorflow:Step: 11695, Loss: 8.832257, time: 2.482 sec/batch
INFO:tensorflow:Step: 11703, Loss: 9.244750, time: 2.697 sec/batch
INFO:tensorflow:Step: 11715, Loss: 8.873095, time: 2.866 sec/batch
INFO:tensorflow:Step: 11727, Loss: 8.778394, time: 2.440 sec/batch
INFO:tensorflow:Step: 11737, Loss: 9.639340, time: 2.752 sec/batch
INFO:tensorflow:Step: 11747, Loss: 9.282582, time: 6.058 sec/batch
INFO:tensorflow:Step: 11769, Loss: 9.978447, time: 5.340 sec/batch
INFO:tensorflow:Step: 11794, Loss: 8.741994, time: 4.930 sec/batch
INFO:tensorflow:Step: 11813, Loss: 9.041193, time: 3.189 sec/batch
INFO:tensorflow:Step: 11815, Loss: 8.627464, time: 3.415 sec/batch
run-expr-aws-32node.sh: line 25: 66190 Terminated              CUDA_VISIBLE_DEVICES=$1 bazel-bin/inception/imagenet_distributed_train --batch_size=32 --data_dir=/imagenet/ilsvrc12_train_tfrecord_32_PARTITION/32P_p$2 --job_name='worker' --task_id=$2 --ps_hosts='master:2200' --worker_hosts='master:2201,master:2202,master:2203,master:2204,node001:2205,node001:2206,node001:2207,node001:2208,node002:2209,node002:2210,node002:2211,node002:2212,node003:2213,node003:2214,node003:2215,node003:2216,node004:2217,node004:2218,node004:2219,node004:2220,node005:2221,node005:2222,node005:2223,node005:2224,node006:2225,node006:2226,node006:2227,node006:2228,node007:2229,node007:2230,node007:2231,node007:2232' --initial_learning_rate=$3 --momentum=$4 --sync=True --compute_groups=$5
