I tensorflow/stream_executor/dso_loader.cc:108] successfully opened CUDA library libcublas.so locally
I tensorflow/stream_executor/dso_loader.cc:108] successfully opened CUDA library libcudnn.so locally
I tensorflow/stream_executor/dso_loader.cc:108] successfully opened CUDA library libcufft.so locally
I tensorflow/stream_executor/dso_loader.cc:108] successfully opened CUDA library libcuda.so locally
I tensorflow/stream_executor/dso_loader.cc:108] successfully opened CUDA library libcurand.so locally
INFO:tensorflow:PS hosts are: ['raiders1:2200']
INFO:tensorflow:Worker hosts are: ['raiders1:2201', 'raiders1:2202', 'raiders1:2203', 'raiders1:2204', 'raiders2:2205', 'raiders2:2206', 'raiders2:2207', 'raiders2:2208', 'raiders3:2209', 'raiders3:2210', 'raiders3:2211', 'raiders3:2212', 'raiders8:2213', 'raiders8:2214', 'raiders8:2215', 'raiders8:2216']
E tensorflow/stream_executor/cuda/cuda_driver.cc:491] failed call to cuInit: CUDA_ERROR_NO_DEVICE
I tensorflow/stream_executor/cuda/cuda_diagnostics.cc:153] retrieving CUDA diagnostic information for host: raiders1
I tensorflow/stream_executor/cuda/cuda_diagnostics.cc:160] hostname: raiders1
I tensorflow/stream_executor/cuda/cuda_diagnostics.cc:185] libcuda reported version is: Not found: was unable to find libcuda.so DSO loaded into this program
I tensorflow/stream_executor/cuda/cuda_diagnostics.cc:347] driver version file contents: """NVRM version: NVIDIA UNIX x86_64 Kernel Module  367.27  Thu Jun  9 18:53:27 PDT 2016
GCC version:  gcc version 4.8.4 (Ubuntu 4.8.4-2ubuntu1~14.04.3) 
"""
I tensorflow/stream_executor/cuda/cuda_diagnostics.cc:189] kernel reported version is: 367.27.0
I tensorflow/core/common_runtime/gpu/gpu_init.cc:81] No GPU devices available on machine.
I tensorflow/core/distributed_runtime/rpc/grpc_channel.cc:206] Initialize HostPortsGrpcChannelCache for job ps -> {raiders1:2200}
I tensorflow/core/distributed_runtime/rpc/grpc_channel.cc:206] Initialize HostPortsGrpcChannelCache for job worker -> {localhost:2201, raiders1:2202, raiders1:2203, raiders1:2204, raiders2:2205, raiders2:2206, raiders2:2207, raiders2:2208, raiders3:2209, raiders3:2210, raiders3:2211, raiders3:2212, raiders8:2213, raiders8:2214, raiders8:2215, raiders8:2216}
I tensorflow/core/distributed_runtime/rpc/grpc_server_lib.cc:202] Started server with target: grpc://localhost:2201
INFO:tensorflow:Learning rate: 0.005000, momentum: 0.300000
INFO:tensorflow:Sync mode!!!!!!
INFO:tensorflow:Compute groups : 1
INFO:tensorflow:SyncReplicas enabled: replicas_to_aggregate=16; total_num_replicas=16
INFO:tensorflow:Num nodes per compute groups: 16
INFO:tensorflow:Tokens per step: 16
INFO:tensorflow:2016-07-26 05:12:57.844801 Supervisor
INFO:tensorflow:Restored model from /lfs/local/0/daniter/cg-snapshot/model.ckpt-399
INFO:tensorflow:got sessions! 2016-07-26 05:13:57.840902 
INFO:tensorflow:Started 3 queues for processing input data.
INFO:tensorflow:global_step/sec: 0
INFO:tensorflow:Step: 399, Loss: 5.744056, time: 20.537 sec/batch
INFO:tensorflow:Step: 399, Loss: 5.776794, time: 11.894 sec/batch
INFO:tensorflow:Step: 400, Loss: 5.277996, time: 14.489 sec/batch
INFO:tensorflow:Step: 401, Loss: 4.730045, time: 16.003 sec/batch
INFO:tensorflow:Step: 402, Loss: 4.969745, time: 13.578 sec/batch
INFO:tensorflow:Step: 403, Loss: 4.878616, time: 13.507 sec/batch
INFO:tensorflow:Step: 404, Loss: 5.310529, time: 16.193 sec/batch
INFO:tensorflow:global_step/sec: 0.0504883
INFO:tensorflow:Step: 405, Loss: 5.116691, time: 16.062 sec/batch
INFO:tensorflow:Step: 406, Loss: 5.244871, time: 14.512 sec/batch
INFO:tensorflow:Step: 407, Loss: 4.946792, time: 15.175 sec/batch
INFO:tensorflow:Step: 408, Loss: 5.623586, time: 17.166 sec/batch
INFO:tensorflow:Step: 409, Loss: 5.161523, time: 16.406 sec/batch
INFO:tensorflow:Step: 410, Loss: 5.460420, time: 18.033 sec/batch
INFO:tensorflow:Step: 411, Loss: 5.291722, time: 22.365 sec/batch
INFO:tensorflow:global_step/sec: 0.0583983
INFO:tensorflow:Step: 412, Loss: 5.960716, time: 24.776 sec/batch
INFO:tensorflow:Step: 413, Loss: 4.939996, time: 22.073 sec/batch
INFO:tensorflow:Step: 414, Loss: 5.583133, time: 22.475 sec/batch
INFO:tensorflow:Step: 415, Loss: 5.055310, time: 20.979 sec/batch
INFO:tensorflow:Step: 416, Loss: 5.091339, time: 20.828 sec/batch
INFO:tensorflow:global_step/sec: 0.0417009
INFO:tensorflow:Step: 417, Loss: 5.220280, time: 22.221 sec/batch
INFO:tensorflow:Step: 418, Loss: 5.414414, time: 19.252 sec/batch
INFO:tensorflow:Step: 419, Loss: 4.884482, time: 16.972 sec/batch
INFO:tensorflow:Step: 420, Loss: 4.853578, time: 17.780 sec/batch
INFO:tensorflow:Step: 421, Loss: 5.412889, time: 19.074 sec/batch
INFO:tensorflow:Step: 422, Loss: 5.466437, time: 23.652 sec/batch
INFO:tensorflow:global_step/sec: 0.0500068
INFO:tensorflow:Step: 423, Loss: 5.514701, time: 21.724 sec/batch
INFO:tensorflow:Step: 424, Loss: 5.194588, time: 21.093 sec/batch
INFO:tensorflow:Step: 425, Loss: 5.222245, time: 21.802 sec/batch
INFO:tensorflow:Step: 426, Loss: 5.737353, time: 24.323 sec/batch
INFO:tensorflow:Step: 427, Loss: 5.689611, time: 21.855 sec/batch
INFO:tensorflow:Step: 428, Loss: 5.245450, time: 20.923 sec/batch
INFO:tensorflow:global_step/sec: 0.0499758
INFO:tensorflow:Step: 429, Loss: 4.995878, time: 20.781 sec/batch
INFO:tensorflow:Step: 430, Loss: 4.877727, time: 21.054 sec/batch
INFO:tensorflow:Step: 431, Loss: 5.287327, time: 21.861 sec/batch
INFO:tensorflow:Step: 432, Loss: 4.992965, time: 19.530 sec/batch
INFO:tensorflow:Step: 433, Loss: 5.221316, time: 19.749 sec/batch
INFO:tensorflow:Step: 434, Loss: 5.186105, time: 22.838 sec/batch
INFO:tensorflow:global_step/sec: 0.0497125
INFO:tensorflow:Step: 435, Loss: 4.920490, time: 22.522 sec/batch
INFO:tensorflow:Step: 436, Loss: 5.852193, time: 20.584 sec/batch
INFO:tensorflow:Step: 437, Loss: 5.559570, time: 22.989 sec/batch
INFO:tensorflow:Step: 438, Loss: 5.106861, time: 19.594 sec/batch
INFO:tensorflow:Step: 439, Loss: 5.377243, time: 21.462 sec/batch
INFO:tensorflow:global_step/sec: 0.0419202
INFO:tensorflow:Step: 440, Loss: 5.018987, time: 21.185 sec/batch
INFO:tensorflow:Step: 441, Loss: 5.924436, time: 22.271 sec/batch
INFO:tensorflow:Step: 442, Loss: 5.322172, time: 21.440 sec/batch
INFO:tensorflow:Step: 443, Loss: 5.204333, time: 18.299 sec/batch
INFO:tensorflow:Step: 444, Loss: 6.224541, time: 21.717 sec/batch
INFO:tensorflow:Step: 445, Loss: 5.138147, time: 23.041 sec/batch
INFO:tensorflow:global_step/sec: 0.0500024
INFO:tensorflow:Step: 446, Loss: 5.078654, time: 19.023 sec/batch
INFO:tensorflow:Step: 447, Loss: 5.238141, time: 20.165 sec/batch
INFO:tensorflow:Step: 448, Loss: 4.981307, time: 22.469 sec/batch
INFO:tensorflow:Step: 449, Loss: 5.322191, time: 22.025 sec/batch
INFO:tensorflow:Step: 450, Loss: 4.981322, time: 21.592 sec/batch
INFO:tensorflow:global_step/sec: 0.0416731
INFO:tensorflow:Step: 451, Loss: 5.409909, time: 22.332 sec/batch
INFO:tensorflow:Step: 452, Loss: 4.995562, time: 22.748 sec/batch
INFO:tensorflow:Step: 453, Loss: 5.801234, time: 20.330 sec/batch
INFO:tensorflow:Step: 454, Loss: 5.371503, time: 20.082 sec/batch
INFO:tensorflow:Step: 455, Loss: 4.842843, time: 24.622 sec/batch
INFO:tensorflow:Step: 456, Loss: 4.948489, time: 20.107 sec/batch
INFO:tensorflow:Step: 457, Loss: 5.407230, time: 19.287 sec/batch
INFO:tensorflow:Step: 458, Loss: 4.914482, time: 20.789 sec/batch
INFO:tensorflow:Step: 459, Loss: 5.356253, time: 20.538 sec/batch
INFO:tensorflow:Step: 460, Loss: 5.308014, time: 20.775 sec/batch
INFO:tensorflow:Step: 461, Loss: 5.022434, time: 23.658 sec/batch
INFO:tensorflow:Step: 462, Loss: 4.958251, time: 23.362 sec/batch
INFO:tensorflow:Step: 463, Loss: 5.211798, time: 21.851 sec/batch
INFO:tensorflow:Step: 464, Loss: 4.902744, time: 20.226 sec/batch
INFO:tensorflow:Step: 465, Loss: 5.670130, time: 24.779 sec/batch
INFO:tensorflow:Step: 466, Loss: 5.055675, time: 25.726 sec/batch
INFO:tensorflow:Step: 467, Loss: 4.844471, time: 21.474 sec/batch
INFO:tensorflow:Step: 468, Loss: 4.925593, time: 28.474 sec/batch
INFO:tensorflow:Step: 469, Loss: 4.961998, time: 21.328 sec/batch
INFO:tensorflow:Step: 470, Loss: 5.627721, time: 28.930 sec/batch
INFO:tensorflow:Step: 471, Loss: 5.595441, time: 26.117 sec/batch
INFO:tensorflow:Step: 472, Loss: 4.664898, time: 33.353 sec/batch
INFO:tensorflow:Step: 473, Loss: 5.426729, time: 34.138 sec/batch
INFO:tensorflow:Step: 474, Loss: 5.116407, time: 45.703 sec/batch
INFO:tensorflow:Step: 475, Loss: 5.502018, time: 30.458 sec/batch
INFO:tensorflow:Step: 476, Loss: 5.084445, time: 20.980 sec/batch
INFO:tensorflow:Step: 477, Loss: 5.099049, time: 26.810 sec/batch
INFO:tensorflow:Step: 478, Loss: 5.398081, time: 28.899 sec/batch
INFO:tensorflow:Step: 479, Loss: 5.595429, time: 32.900 sec/batch
INFO:tensorflow:Step: 480, Loss: 5.611836, time: 37.897 sec/batch
INFO:tensorflow:Step: 481, Loss: 4.878423, time: 23.160 sec/batch
INFO:tensorflow:Step: 482, Loss: 5.485395, time: 26.475 sec/batch
INFO:tensorflow:Step: 483, Loss: 5.247853, time: 30.235 sec/batch
INFO:tensorflow:Step: 484, Loss: 5.348155, time: 37.284 sec/batch
INFO:tensorflow:Step: 485, Loss: 5.168236, time: 33.387 sec/batch
INFO:tensorflow:Step: 486, Loss: 4.965675, time: 26.794 sec/batch
INFO:tensorflow:Step: 487, Loss: 5.147057, time: 25.150 sec/batch
INFO:tensorflow:Step: 488, Loss: 5.448844, time: 40.195 sec/batch
INFO:tensorflow:Step: 489, Loss: 4.907363, time: 48.148 sec/batch
INFO:tensorflow:Step: 490, Loss: 5.237789, time: 27.986 sec/batch
INFO:tensorflow:Step: 491, Loss: 4.867835, time: 33.387 sec/batch
INFO:tensorflow:Step: 492, Loss: 5.146597, time: 33.710 sec/batch
INFO:tensorflow:Step: 493, Loss: 5.070716, time: 45.947 sec/batch
INFO:tensorflow:Step: 494, Loss: 5.083330, time: 49.513 sec/batch
INFO:tensorflow:Step: 495, Loss: 4.654490, time: 41.789 sec/batch
INFO:tensorflow:Step: 496, Loss: 5.091736, time: 37.910 sec/batch
INFO:tensorflow:Step: 497, Loss: 5.405854, time: 42.784 sec/batch
INFO:tensorflow:Step: 498, Loss: 4.750926, time: 38.462 sec/batch
INFO:tensorflow:Step: 499, Loss: 5.159925, time: 35.231 sec/batch
INFO:tensorflow:Step: 500, Loss: 5.325424, time: 48.747 sec/batch
INFO:tensorflow:Step: 501, Loss: 5.110929, time: 31.176 sec/batch
run-expr-32node.sh: line 23: 19219 Terminated              CUDA_VISIBLE_DEVICES='' bazel-bin/inception/imagenet_distributed_train --batch_size=16 --data_dir=/lfs/local/0/daniter/16node-data-$2 --job_name='worker' --task_id=$2 --ps_hosts='raiders1:2200' --worker_hosts='raiders1:2201,raiders1:2202,raiders1:2203,raiders1:2204,raiders2:2205,raiders2:2206,raiders2:2207,raiders2:2208,raiders3:2209,raiders3:2210,raiders3:2211,raiders3:2212,raiders8:2213,raiders8:2214,raiders8:2215,raiders8:2216' --initial_learning_rate=$3 --momentum=$4 --sync=True --compute_groups=$5
