DISPLAY "(null)" invalid; disabling X11 forwarding
I tensorflow/stream_executor/dso_loader.cc:108] successfully opened CUDA library libcublas.so locally
I tensorflow/stream_executor/dso_loader.cc:108] successfully opened CUDA library libcudnn.so locally
I tensorflow/stream_executor/dso_loader.cc:108] successfully opened CUDA library libcufft.so locally
I tensorflow/stream_executor/dso_loader.cc:108] successfully opened CUDA library libcuda.so locally
I tensorflow/stream_executor/dso_loader.cc:108] successfully opened CUDA library libcurand.so locally
INFO:tensorflow:PS hosts are: ['raiders1:2200']
INFO:tensorflow:Worker hosts are: ['raiders1:2201', 'raiders1:2202', 'raiders1:2203', 'raiders1:2204', 'raiders2:2205', 'raiders2:2206', 'raiders2:2207', 'raiders2:2208', 'raiders3:2209', 'raiders3:2210', 'raiders3:2211', 'raiders3:2212', 'raiders8:2213', 'raiders8:2214', 'raiders8:2215', 'raiders8:2216']
E tensorflow/stream_executor/cuda/cuda_driver.cc:491] failed call to cuInit: CUDA_ERROR_NO_DEVICE
I tensorflow/stream_executor/cuda/cuda_diagnostics.cc:153] retrieving CUDA diagnostic information for host: raiders3
I tensorflow/stream_executor/cuda/cuda_diagnostics.cc:160] hostname: raiders3
I tensorflow/stream_executor/cuda/cuda_diagnostics.cc:185] libcuda reported version is: Not found: was unable to find libcuda.so DSO loaded into this program
I tensorflow/stream_executor/cuda/cuda_diagnostics.cc:347] driver version file contents: """NVRM version: NVIDIA UNIX x86_64 Kernel Module  367.27  Thu Jun  9 18:53:27 PDT 2016
GCC version:  gcc version 4.8.4 (Ubuntu 4.8.4-2ubuntu1~14.04.3) 
"""
I tensorflow/stream_executor/cuda/cuda_diagnostics.cc:189] kernel reported version is: 367.27.0
I tensorflow/core/common_runtime/gpu/gpu_init.cc:81] No GPU devices available on machine.
I tensorflow/core/distributed_runtime/rpc/grpc_channel.cc:206] Initialize HostPortsGrpcChannelCache for job ps -> {raiders1:2200}
I tensorflow/core/distributed_runtime/rpc/grpc_channel.cc:206] Initialize HostPortsGrpcChannelCache for job worker -> {raiders1:2201, raiders1:2202, raiders1:2203, raiders1:2204, raiders2:2205, raiders2:2206, raiders2:2207, raiders2:2208, raiders3:2209, localhost:2210, raiders3:2211, raiders3:2212, raiders8:2213, raiders8:2214, raiders8:2215, raiders8:2216}
I tensorflow/core/distributed_runtime/rpc/grpc_server_lib.cc:202] Started server with target: grpc://localhost:2210
INFO:tensorflow:Learning rate: 0.005000, momentum: 0.300000
INFO:tensorflow:Sync mode!!!!!!
INFO:tensorflow:Compute groups : 1
INFO:tensorflow:SyncReplicas enabled: replicas_to_aggregate=16; total_num_replicas=16
INFO:tensorflow:Num nodes per compute groups: 16
INFO:tensorflow:Tokens per step: 16
INFO:tensorflow:2016-07-26 05:12:59.812518 Supervisor
INFO:tensorflow:got sessions! 2016-07-26 05:13:15.399893 
INFO:tensorflow:Started 3 queues for processing input data.
INFO:tensorflow:Step: 399, Loss: 5.862134, time: 27.388 sec/batch
INFO:tensorflow:Step: 399, Loss: 5.442913, time: 13.145 sec/batch
INFO:tensorflow:Step: 400, Loss: 4.808754, time: 14.230 sec/batch
INFO:tensorflow:Step: 401, Loss: 5.154793, time: 16.842 sec/batch
INFO:tensorflow:Step: 402, Loss: 5.291226, time: 13.221 sec/batch
INFO:tensorflow:Step: 403, Loss: 5.924164, time: 13.046 sec/batch
INFO:tensorflow:Step: 404, Loss: 5.080051, time: 14.069 sec/batch
INFO:tensorflow:Step: 405, Loss: 5.420566, time: 14.879 sec/batch
INFO:tensorflow:Step: 406, Loss: 5.369957, time: 12.892 sec/batch
INFO:tensorflow:Step: 407, Loss: 5.917504, time: 17.466 sec/batch
INFO:tensorflow:Step: 408, Loss: 5.513318, time: 17.376 sec/batch
INFO:tensorflow:Step: 409, Loss: 5.054087, time: 16.405 sec/batch
INFO:tensorflow:Step: 410, Loss: 5.496834, time: 18.019 sec/batch
INFO:tensorflow:Step: 411, Loss: 5.054061, time: 22.385 sec/batch
INFO:tensorflow:Step: 412, Loss: 6.023664, time: 24.781 sec/batch
INFO:tensorflow:Step: 413, Loss: 5.461437, time: 22.075 sec/batch
INFO:tensorflow:Step: 414, Loss: 5.434258, time: 22.474 sec/batch
INFO:tensorflow:Step: 415, Loss: 5.219716, time: 20.971 sec/batch
INFO:tensorflow:Step: 416, Loss: 5.434955, time: 20.914 sec/batch
INFO:tensorflow:Step: 417, Loss: 4.875746, time: 22.144 sec/batch
INFO:tensorflow:Step: 418, Loss: 5.515284, time: 19.257 sec/batch
INFO:tensorflow:Step: 419, Loss: 4.922434, time: 16.943 sec/batch
INFO:tensorflow:Step: 420, Loss: 5.424671, time: 17.808 sec/batch
INFO:tensorflow:Step: 421, Loss: 5.409664, time: 19.083 sec/batch
INFO:tensorflow:Step: 422, Loss: 5.332854, time: 23.722 sec/batch
INFO:tensorflow:Step: 423, Loss: 5.724274, time: 21.652 sec/batch
INFO:tensorflow:Step: 424, Loss: 5.801629, time: 21.088 sec/batch
INFO:tensorflow:Step: 425, Loss: 5.396150, time: 21.796 sec/batch
INFO:tensorflow:Step: 426, Loss: 5.551462, time: 24.320 sec/batch
INFO:tensorflow:Step: 427, Loss: 5.404065, time: 21.931 sec/batch
INFO:tensorflow:Step: 428, Loss: 5.290323, time: 20.906 sec/batch
INFO:tensorflow:Step: 429, Loss: 5.345763, time: 20.767 sec/batch
INFO:tensorflow:Step: 430, Loss: 5.139655, time: 21.026 sec/batch
INFO:tensorflow:Step: 431, Loss: 5.676779, time: 21.866 sec/batch
INFO:tensorflow:Step: 432, Loss: 5.393217, time: 19.528 sec/batch
INFO:tensorflow:Step: 433, Loss: 5.611090, time: 19.746 sec/batch
INFO:tensorflow:Step: 434, Loss: 5.378509, time: 22.840 sec/batch
INFO:tensorflow:Step: 435, Loss: 5.513159, time: 22.522 sec/batch
INFO:tensorflow:Step: 436, Loss: 4.992926, time: 20.589 sec/batch
INFO:tensorflow:Step: 437, Loss: 5.200679, time: 22.938 sec/batch
INFO:tensorflow:Step: 438, Loss: 5.073154, time: 19.644 sec/batch
INFO:tensorflow:Step: 439, Loss: 5.708206, time: 21.467 sec/batch
INFO:tensorflow:Step: 440, Loss: 5.206879, time: 21.178 sec/batch
INFO:tensorflow:Step: 441, Loss: 5.278137, time: 22.317 sec/batch
INFO:tensorflow:Step: 442, Loss: 5.240717, time: 21.414 sec/batch
INFO:tensorflow:Step: 443, Loss: 4.832497, time: 18.278 sec/batch
INFO:tensorflow:Step: 444, Loss: 5.083803, time: 21.721 sec/batch
INFO:tensorflow:Step: 445, Loss: 5.377706, time: 23.044 sec/batch
INFO:tensorflow:Step: 446, Loss: 5.468162, time: 19.036 sec/batch
INFO:tensorflow:Step: 447, Loss: 5.645840, time: 20.164 sec/batch
INFO:tensorflow:Step: 448, Loss: 5.039887, time: 22.434 sec/batch
INFO:tensorflow:Step: 449, Loss: 5.535030, time: 21.995 sec/batch
INFO:tensorflow:Step: 450, Loss: 5.268541, time: 21.688 sec/batch
INFO:tensorflow:Step: 451, Loss: 5.581981, time: 22.285 sec/batch
INFO:tensorflow:Step: 452, Loss: 5.007337, time: 22.788 sec/batch
INFO:tensorflow:Step: 453, Loss: 5.004181, time: 20.283 sec/batch
INFO:tensorflow:Step: 454, Loss: 5.379667, time: 20.075 sec/batch
INFO:tensorflow:Step: 455, Loss: 5.340876, time: 24.619 sec/batch
INFO:tensorflow:Step: 456, Loss: 5.215370, time: 20.122 sec/batch
INFO:tensorflow:Step: 457, Loss: 5.261222, time: 19.291 sec/batch
INFO:tensorflow:Step: 458, Loss: 5.684578, time: 20.775 sec/batch
INFO:tensorflow:Step: 459, Loss: 5.247759, time: 20.555 sec/batch
INFO:tensorflow:Step: 460, Loss: 5.336726, time: 20.726 sec/batch
INFO:tensorflow:Step: 461, Loss: 5.619217, time: 23.697 sec/batch
INFO:tensorflow:Step: 462, Loss: 5.963124, time: 23.382 sec/batch
INFO:tensorflow:Step: 463, Loss: 5.667889, time: 21.833 sec/batch
INFO:tensorflow:Step: 464, Loss: 5.015336, time: 20.231 sec/batch
INFO:tensorflow:Step: 465, Loss: 5.044355, time: 24.756 sec/batch
INFO:tensorflow:Step: 466, Loss: 5.117606, time: 25.753 sec/batch
INFO:tensorflow:Step: 467, Loss: 4.820596, time: 21.459 sec/batch
INFO:tensorflow:Step: 468, Loss: 5.318699, time: 28.489 sec/batch
INFO:tensorflow:Step: 469, Loss: 5.141195, time: 21.350 sec/batch
INFO:tensorflow:Step: 470, Loss: 5.282097, time: 28.961 sec/batch
INFO:tensorflow:Step: 471, Loss: 5.275531, time: 26.060 sec/batch
INFO:tensorflow:Step: 472, Loss: 5.304590, time: 33.372 sec/batch
INFO:tensorflow:Step: 473, Loss: 5.181510, time: 34.125 sec/batch
INFO:tensorflow:Step: 474, Loss: 5.253240, time: 45.693 sec/batch
INFO:tensorflow:Step: 475, Loss: 5.210269, time: 30.497 sec/batch
INFO:tensorflow:Step: 476, Loss: 5.499983, time: 20.930 sec/batch
INFO:tensorflow:Step: 477, Loss: 5.083779, time: 26.838 sec/batch
INFO:tensorflow:Step: 478, Loss: 5.315914, time: 28.889 sec/batch
INFO:tensorflow:Step: 479, Loss: 5.005439, time: 32.902 sec/batch
INFO:tensorflow:Step: 480, Loss: 5.690122, time: 37.852 sec/batch
INFO:tensorflow:Step: 481, Loss: 5.340382, time: 23.199 sec/batch
INFO:tensorflow:Step: 482, Loss: 5.247478, time: 26.474 sec/batch
INFO:tensorflow:Step: 483, Loss: 5.598023, time: 30.199 sec/batch
INFO:tensorflow:Step: 484, Loss: 5.637184, time: 37.320 sec/batch
INFO:tensorflow:Step: 485, Loss: 5.443398, time: 33.394 sec/batch
INFO:tensorflow:Step: 486, Loss: 4.883928, time: 26.798 sec/batch
INFO:tensorflow:Step: 487, Loss: 5.658026, time: 25.158 sec/batch
INFO:tensorflow:Step: 488, Loss: 5.158204, time: 40.193 sec/batch
INFO:tensorflow:Step: 489, Loss: 5.266742, time: 48.121 sec/batch
INFO:tensorflow:Step: 490, Loss: 5.472664, time: 27.985 sec/batch
INFO:tensorflow:Step: 491, Loss: 5.539652, time: 33.379 sec/batch
INFO:tensorflow:Step: 492, Loss: 5.199901, time: 33.663 sec/batch
INFO:tensorflow:Step: 493, Loss: 5.489251, time: 45.975 sec/batch
INFO:tensorflow:Step: 494, Loss: 5.231760, time: 49.559 sec/batch
INFO:tensorflow:Step: 495, Loss: 5.201129, time: 41.839 sec/batch
INFO:tensorflow:Step: 496, Loss: 5.074289, time: 37.847 sec/batch
INFO:tensorflow:Step: 497, Loss: 5.032872, time: 42.787 sec/batch
INFO:tensorflow:Step: 498, Loss: 5.092625, time: 38.455 sec/batch
INFO:tensorflow:Step: 499, Loss: 5.505286, time: 35.288 sec/batch
INFO:tensorflow:Step: 500, Loss: 5.080105, time: 48.693 sec/batch
INFO:tensorflow:Step: 501, Loss: 5.480556, time: 31.178 sec/batch
run-expr-32node.sh: line 23: 96080 Terminated              CUDA_VISIBLE_DEVICES='' bazel-bin/inception/imagenet_distributed_train --batch_size=16 --data_dir=/lfs/local/0/daniter/16node-data-$2 --job_name='worker' --task_id=$2 --ps_hosts='raiders1:2200' --worker_hosts='raiders1:2201,raiders1:2202,raiders1:2203,raiders1:2204,raiders2:2205,raiders2:2206,raiders2:2207,raiders2:2208,raiders3:2209,raiders3:2210,raiders3:2211,raiders3:2212,raiders8:2213,raiders8:2214,raiders8:2215,raiders8:2216' --initial_learning_rate=$3 --momentum=$4 --sync=True --compute_groups=$5
