DISPLAY "(null)" invalid; disabling X11 forwarding
I tensorflow/stream_executor/dso_loader.cc:108] successfully opened CUDA library libcublas.so locally
I tensorflow/stream_executor/dso_loader.cc:108] successfully opened CUDA library libcudnn.so locally
I tensorflow/stream_executor/dso_loader.cc:108] successfully opened CUDA library libcufft.so locally
I tensorflow/stream_executor/dso_loader.cc:108] successfully opened CUDA library libcuda.so locally
I tensorflow/stream_executor/dso_loader.cc:108] successfully opened CUDA library libcurand.so locally
INFO:tensorflow:PS hosts are: ['raiders1:2200']
INFO:tensorflow:Worker hosts are: ['raiders1:2201', 'raiders1:2202', 'raiders1:2203', 'raiders1:2204', 'raiders2:2205', 'raiders2:2206', 'raiders2:2207', 'raiders2:2208', 'raiders3:2209', 'raiders3:2210', 'raiders3:2211', 'raiders3:2212', 'raiders8:2213', 'raiders8:2214', 'raiders8:2215', 'raiders8:2216']
E tensorflow/stream_executor/cuda/cuda_driver.cc:491] failed call to cuInit: CUDA_ERROR_NO_DEVICE
I tensorflow/stream_executor/cuda/cuda_diagnostics.cc:153] retrieving CUDA diagnostic information for host: raiders3
I tensorflow/stream_executor/cuda/cuda_diagnostics.cc:160] hostname: raiders3
I tensorflow/stream_executor/cuda/cuda_diagnostics.cc:185] libcuda reported version is: Not found: was unable to find libcuda.so DSO loaded into this program
I tensorflow/stream_executor/cuda/cuda_diagnostics.cc:347] driver version file contents: """NVRM version: NVIDIA UNIX x86_64 Kernel Module  367.27  Thu Jun  9 18:53:27 PDT 2016
GCC version:  gcc version 4.8.4 (Ubuntu 4.8.4-2ubuntu1~14.04.3) 
"""
I tensorflow/stream_executor/cuda/cuda_diagnostics.cc:189] kernel reported version is: 367.27.0
I tensorflow/core/common_runtime/gpu/gpu_init.cc:81] No GPU devices available on machine.
I tensorflow/core/distributed_runtime/rpc/grpc_channel.cc:206] Initialize HostPortsGrpcChannelCache for job ps -> {raiders1:2200}
I tensorflow/core/distributed_runtime/rpc/grpc_channel.cc:206] Initialize HostPortsGrpcChannelCache for job worker -> {raiders1:2201, raiders1:2202, raiders1:2203, raiders1:2204, raiders2:2205, raiders2:2206, raiders2:2207, raiders2:2208, raiders3:2209, raiders3:2210, localhost:2211, raiders3:2212, raiders8:2213, raiders8:2214, raiders8:2215, raiders8:2216}
I tensorflow/core/distributed_runtime/rpc/grpc_server_lib.cc:202] Started server with target: grpc://localhost:2211
INFO:tensorflow:Learning rate: 0.001000, momentum: 0.900000
INFO:tensorflow:Sync mode!!!!!!
INFO:tensorflow:Compute groups : 1
INFO:tensorflow:SyncReplicas enabled: replicas_to_aggregate=16; total_num_replicas=16
INFO:tensorflow:Num nodes per compute groups: 16
INFO:tensorflow:Tokens per step: 16
INFO:tensorflow:2016-07-26 12:01:47.093279 Supervisor
INFO:tensorflow:got sessions! 2016-07-26 12:02:02.909690 
INFO:tensorflow:Started 3 queues for processing input data.
INFO:tensorflow:Step: 399, Loss: 5.343019, time: 28.040 sec/batch
INFO:tensorflow:Step: 399, Loss: 5.383267, time: 11.864 sec/batch
INFO:tensorflow:Step: 400, Loss: 4.968886, time: 16.414 sec/batch
INFO:tensorflow:Step: 401, Loss: 5.392652, time: 21.462 sec/batch
INFO:tensorflow:Step: 402, Loss: 4.974363, time: 16.472 sec/batch
INFO:tensorflow:Step: 403, Loss: 6.025330, time: 12.657 sec/batch
INFO:tensorflow:Step: 404, Loss: 5.528316, time: 14.916 sec/batch
INFO:tensorflow:Step: 405, Loss: 5.058164, time: 14.189 sec/batch
INFO:tensorflow:Step: 406, Loss: 6.020630, time: 11.140 sec/batch
INFO:tensorflow:Step: 407, Loss: 5.612768, time: 15.132 sec/batch
INFO:tensorflow:Step: 408, Loss: 5.570660, time: 17.805 sec/batch
INFO:tensorflow:Step: 409, Loss: 5.073443, time: 17.033 sec/batch
INFO:tensorflow:Step: 410, Loss: 5.349520, time: 17.011 sec/batch
INFO:tensorflow:Step: 411, Loss: 5.456035, time: 15.475 sec/batch
INFO:tensorflow:Step: 412, Loss: 5.351477, time: 19.438 sec/batch
INFO:tensorflow:Step: 413, Loss: 5.104692, time: 20.312 sec/batch
INFO:tensorflow:Step: 414, Loss: 5.326736, time: 20.798 sec/batch
INFO:tensorflow:Step: 415, Loss: 5.398389, time: 18.077 sec/batch
INFO:tensorflow:Step: 416, Loss: 5.459944, time: 18.706 sec/batch
INFO:tensorflow:Step: 417, Loss: 5.619093, time: 19.139 sec/batch
INFO:tensorflow:Step: 418, Loss: 5.035920, time: 20.070 sec/batch
INFO:tensorflow:Step: 419, Loss: 4.937047, time: 18.824 sec/batch
INFO:tensorflow:Step: 420, Loss: 5.448151, time: 15.913 sec/batch
INFO:tensorflow:Step: 421, Loss: 5.748627, time: 21.059 sec/batch
INFO:tensorflow:Step: 422, Loss: 5.774482, time: 19.309 sec/batch
INFO:tensorflow:Step: 423, Loss: 5.097058, time: 18.237 sec/batch
INFO:tensorflow:Step: 424, Loss: 5.295228, time: 20.197 sec/batch
INFO:tensorflow:Step: 425, Loss: 6.047925, time: 19.718 sec/batch
INFO:tensorflow:Step: 426, Loss: 5.375579, time: 20.276 sec/batch
INFO:tensorflow:Step: 427, Loss: 5.521984, time: 20.234 sec/batch
INFO:tensorflow:Step: 428, Loss: 5.097065, time: 18.906 sec/batch
INFO:tensorflow:Step: 429, Loss: 5.337184, time: 17.974 sec/batch
INFO:tensorflow:Step: 430, Loss: 5.356386, time: 19.959 sec/batch
INFO:tensorflow:Step: 431, Loss: 5.179800, time: 18.219 sec/batch
INFO:tensorflow:Step: 432, Loss: 5.261672, time: 21.396 sec/batch
INFO:tensorflow:Step: 433, Loss: 5.530552, time: 20.175 sec/batch
INFO:tensorflow:Step: 434, Loss: 5.230900, time: 15.420 sec/batch
INFO:tensorflow:Step: 435, Loss: 5.166245, time: 20.590 sec/batch
INFO:tensorflow:Step: 436, Loss: 5.394567, time: 19.497 sec/batch
INFO:tensorflow:Step: 437, Loss: 5.311044, time: 20.103 sec/batch
INFO:tensorflow:Step: 438, Loss: 5.743215, time: 19.089 sec/batch
INFO:tensorflow:Step: 439, Loss: 5.662409, time: 20.087 sec/batch
INFO:tensorflow:Step: 440, Loss: 5.378638, time: 18.811 sec/batch
INFO:tensorflow:Step: 441, Loss: 5.075339, time: 19.520 sec/batch
INFO:tensorflow:Step: 442, Loss: 4.996527, time: 18.438 sec/batch
INFO:tensorflow:Step: 443, Loss: 5.614122, time: 18.168 sec/batch
INFO:tensorflow:Step: 444, Loss: 5.142794, time: 18.008 sec/batch
INFO:tensorflow:Step: 445, Loss: 5.350761, time: 18.639 sec/batch
INFO:tensorflow:Step: 446, Loss: 5.045030, time: 19.863 sec/batch
INFO:tensorflow:Step: 447, Loss: 5.189037, time: 19.337 sec/batch
INFO:tensorflow:Step: 448, Loss: 5.159598, time: 20.437 sec/batch
INFO:tensorflow:Step: 449, Loss: 5.147910, time: 17.050 sec/batch
INFO:tensorflow:Step: 450, Loss: 5.149835, time: 17.354 sec/batch
INFO:tensorflow:Step: 451, Loss: 5.189710, time: 15.258 sec/batch
INFO:tensorflow:Step: 452, Loss: 4.831791, time: 15.283 sec/batch
INFO:tensorflow:Step: 453, Loss: 5.425851, time: 20.735 sec/batch
INFO:tensorflow:Step: 454, Loss: 4.931674, time: 18.680 sec/batch
INFO:tensorflow:Step: 455, Loss: 5.074897, time: 17.451 sec/batch
INFO:tensorflow:Step: 456, Loss: 5.601831, time: 21.079 sec/batch
INFO:tensorflow:Step: 457, Loss: 4.739619, time: 17.225 sec/batch
INFO:tensorflow:Step: 458, Loss: 4.934893, time: 18.721 sec/batch
INFO:tensorflow:Step: 459, Loss: 5.611171, time: 19.403 sec/batch
INFO:tensorflow:Step: 460, Loss: 5.295262, time: 17.260 sec/batch
INFO:tensorflow:Step: 461, Loss: 4.967820, time: 20.403 sec/batch
INFO:tensorflow:Step: 462, Loss: 5.341308, time: 17.857 sec/batch
INFO:tensorflow:Step: 463, Loss: 5.186796, time: 19.671 sec/batch
INFO:tensorflow:Step: 464, Loss: 5.198287, time: 19.452 sec/batch
INFO:tensorflow:Step: 465, Loss: 5.298920, time: 17.228 sec/batch
INFO:tensorflow:Step: 466, Loss: 5.456779, time: 19.038 sec/batch
INFO:tensorflow:Step: 467, Loss: 5.023671, time: 19.781 sec/batch
INFO:tensorflow:Step: 468, Loss: 5.671685, time: 17.605 sec/batch
INFO:tensorflow:Step: 469, Loss: 5.320543, time: 18.904 sec/batch
INFO:tensorflow:Step: 470, Loss: 5.568224, time: 16.471 sec/batch
INFO:tensorflow:Step: 471, Loss: 5.257808, time: 20.103 sec/batch
INFO:tensorflow:Step: 472, Loss: 5.621349, time: 17.673 sec/batch
INFO:tensorflow:Step: 473, Loss: 5.360058, time: 16.727 sec/batch
INFO:tensorflow:Step: 474, Loss: 5.099001, time: 18.164 sec/batch
INFO:tensorflow:Step: 475, Loss: 5.376302, time: 20.521 sec/batch
INFO:tensorflow:Step: 476, Loss: 5.299716, time: 17.965 sec/batch
INFO:tensorflow:Step: 477, Loss: 5.205706, time: 18.296 sec/batch
INFO:tensorflow:Step: 478, Loss: 5.200131, time: 20.115 sec/batch
INFO:tensorflow:Step: 479, Loss: 5.095004, time: 17.591 sec/batch
INFO:tensorflow:Step: 480, Loss: 4.727264, time: 19.406 sec/batch
INFO:tensorflow:Step: 481, Loss: 5.218630, time: 20.409 sec/batch
INFO:tensorflow:Step: 482, Loss: 5.235164, time: 18.473 sec/batch
INFO:tensorflow:Step: 483, Loss: 5.517746, time: 17.617 sec/batch
INFO:tensorflow:Step: 484, Loss: 5.099438, time: 18.559 sec/batch
INFO:tensorflow:Step: 485, Loss: 5.451473, time: 15.531 sec/batch
INFO:tensorflow:Step: 486, Loss: 5.019885, time: 18.968 sec/batch
INFO:tensorflow:Step: 487, Loss: 4.870482, time: 18.066 sec/batch
INFO:tensorflow:Step: 488, Loss: 5.322340, time: 18.181 sec/batch
INFO:tensorflow:Step: 489, Loss: 4.950565, time: 17.981 sec/batch
INFO:tensorflow:Step: 490, Loss: 5.489681, time: 19.909 sec/batch
INFO:tensorflow:Step: 491, Loss: 5.161498, time: 18.962 sec/batch
INFO:tensorflow:Step: 492, Loss: 5.351992, time: 19.635 sec/batch
INFO:tensorflow:Step: 493, Loss: 5.068579, time: 16.312 sec/batch
INFO:tensorflow:Step: 494, Loss: 5.258742, time: 17.631 sec/batch
INFO:tensorflow:Step: 495, Loss: 4.997781, time: 20.026 sec/batch
INFO:tensorflow:Step: 496, Loss: 5.374376, time: 16.833 sec/batch
INFO:tensorflow:Step: 497, Loss: 5.056541, time: 17.826 sec/batch
INFO:tensorflow:Step: 498, Loss: 5.112959, time: 18.881 sec/batch
INFO:tensorflow:Step: 499, Loss: 5.363657, time: 18.897 sec/batch
INFO:tensorflow:Step: 500, Loss: 5.105234, time: 18.081 sec/batch
INFO:tensorflow:Step: 501, Loss: 5.300162, time: 19.930 sec/batch
INFO:tensorflow:Step: 502, Loss: 5.044366, time: 19.113 sec/batch
INFO:tensorflow:Step: 503, Loss: 5.163885, time: 19.341 sec/batch
INFO:tensorflow:Step: 504, Loss: 5.257507, time: 19.306 sec/batch
INFO:tensorflow:Step: 505, Loss: 4.983658, time: 18.280 sec/batch
INFO:tensorflow:Step: 506, Loss: 4.979998, time: 17.919 sec/batch
INFO:tensorflow:Step: 507, Loss: 4.985099, time: 17.875 sec/batch
INFO:tensorflow:Step: 508, Loss: 5.530227, time: 15.733 sec/batch
INFO:tensorflow:Step: 509, Loss: 5.300595, time: 18.759 sec/batch
INFO:tensorflow:Step: 510, Loss: 5.648601, time: 18.975 sec/batch
INFO:tensorflow:Step: 511, Loss: 4.930663, time: 19.730 sec/batch
INFO:tensorflow:Step: 512, Loss: 4.837255, time: 18.470 sec/batch
INFO:tensorflow:Step: 513, Loss: 5.250207, time: 15.826 sec/batch
INFO:tensorflow:Step: 514, Loss: 5.041546, time: 19.794 sec/batch
INFO:tensorflow:Step: 515, Loss: 5.152271, time: 17.841 sec/batch
INFO:tensorflow:Step: 516, Loss: 5.721925, time: 16.748 sec/batch
INFO:tensorflow:Step: 517, Loss: 5.421576, time: 18.337 sec/batch
INFO:tensorflow:Step: 518, Loss: 4.881681, time: 19.100 sec/batch
INFO:tensorflow:Step: 519, Loss: 5.315350, time: 19.880 sec/batch
INFO:tensorflow:Step: 520, Loss: 5.369044, time: 18.786 sec/batch
INFO:tensorflow:Step: 521, Loss: 5.393702, time: 19.598 sec/batch
INFO:tensorflow:Step: 522, Loss: 5.065015, time: 18.148 sec/batch
INFO:tensorflow:Step: 523, Loss: 5.062958, time: 19.700 sec/batch
INFO:tensorflow:Step: 524, Loss: 5.047199, time: 17.551 sec/batch
INFO:tensorflow:Step: 525, Loss: 4.953572, time: 17.693 sec/batch
INFO:tensorflow:Step: 526, Loss: 5.025788, time: 18.825 sec/batch
INFO:tensorflow:Step: 527, Loss: 5.049766, time: 19.152 sec/batch
INFO:tensorflow:Step: 528, Loss: 4.995304, time: 19.615 sec/batch
INFO:tensorflow:Step: 529, Loss: 4.993393, time: 19.243 sec/batch
INFO:tensorflow:Step: 530, Loss: 5.021731, time: 15.722 sec/batch
INFO:tensorflow:Step: 531, Loss: 4.975389, time: 19.224 sec/batch
INFO:tensorflow:Step: 532, Loss: 5.089102, time: 18.941 sec/batch
INFO:tensorflow:Step: 533, Loss: 4.953120, time: 19.483 sec/batch
INFO:tensorflow:Step: 534, Loss: 4.845699, time: 19.172 sec/batch
INFO:tensorflow:Step: 535, Loss: 5.057123, time: 15.765 sec/batch
INFO:tensorflow:Step: 536, Loss: 5.079028, time: 18.230 sec/batch
INFO:tensorflow:Step: 537, Loss: 5.320962, time: 18.638 sec/batch
INFO:tensorflow:Step: 538, Loss: 5.284141, time: 20.148 sec/batch
run-expr-32node.sh: line 23: 41375 Terminated              CUDA_VISIBLE_DEVICES='' bazel-bin/inception/imagenet_distributed_train --batch_size=16 --data_dir=/lfs/local/0/daniter/16node-data-$2 --job_name='worker' --task_id=$2 --ps_hosts='raiders1:2200' --worker_hosts='raiders1:2201,raiders1:2202,raiders1:2203,raiders1:2204,raiders2:2205,raiders2:2206,raiders2:2207,raiders2:2208,raiders3:2209,raiders3:2210,raiders3:2211,raiders3:2212,raiders8:2213,raiders8:2214,raiders8:2215,raiders8:2216' --initial_learning_rate=$3 --momentum=$4 --sync=True --compute_groups=$5
