DISPLAY "(null)" invalid; disabling X11 forwarding
I tensorflow/stream_executor/dso_loader.cc:108] successfully opened CUDA library libcublas.so locally
I tensorflow/stream_executor/dso_loader.cc:108] successfully opened CUDA library libcudnn.so locally
I tensorflow/stream_executor/dso_loader.cc:108] successfully opened CUDA library libcufft.so locally
I tensorflow/stream_executor/dso_loader.cc:108] successfully opened CUDA library libcuda.so locally
I tensorflow/stream_executor/dso_loader.cc:108] successfully opened CUDA library libcurand.so locally
INFO:tensorflow:PS hosts are: ['raiders1:2200']
INFO:tensorflow:Worker hosts are: ['raiders1:2201', 'raiders1:2202', 'raiders1:2203', 'raiders1:2204', 'raiders2:2205', 'raiders2:2206', 'raiders2:2207', 'raiders2:2208', 'raiders3:2209', 'raiders3:2210', 'raiders3:2211', 'raiders3:2212', 'raiders8:2213', 'raiders8:2214', 'raiders8:2215', 'raiders8:2216']
E tensorflow/stream_executor/cuda/cuda_driver.cc:491] failed call to cuInit: CUDA_ERROR_NO_DEVICE
I tensorflow/stream_executor/cuda/cuda_diagnostics.cc:153] retrieving CUDA diagnostic information for host: raiders2
I tensorflow/stream_executor/cuda/cuda_diagnostics.cc:160] hostname: raiders2
I tensorflow/stream_executor/cuda/cuda_diagnostics.cc:185] libcuda reported version is: Not found: was unable to find libcuda.so DSO loaded into this program
I tensorflow/stream_executor/cuda/cuda_diagnostics.cc:347] driver version file contents: """NVRM version: NVIDIA UNIX x86_64 Kernel Module  352.93  Tue Apr  5 18:18:24 PDT 2016
GCC version:  gcc version 4.8.4 (Ubuntu 4.8.4-2ubuntu1~14.04.1) 
"""
I tensorflow/stream_executor/cuda/cuda_diagnostics.cc:189] kernel reported version is: 352.93.0
I tensorflow/core/common_runtime/gpu/gpu_init.cc:81] No GPU devices available on machine.
I tensorflow/core/distributed_runtime/rpc/grpc_channel.cc:206] Initialize HostPortsGrpcChannelCache for job ps -> {raiders1:2200}
I tensorflow/core/distributed_runtime/rpc/grpc_channel.cc:206] Initialize HostPortsGrpcChannelCache for job worker -> {raiders1:2201, raiders1:2202, raiders1:2203, raiders1:2204, raiders2:2205, raiders2:2206, localhost:2207, raiders2:2208, raiders3:2209, raiders3:2210, raiders3:2211, raiders3:2212, raiders8:2213, raiders8:2214, raiders8:2215, raiders8:2216}
I tensorflow/core/distributed_runtime/rpc/grpc_server_lib.cc:202] Started server with target: grpc://localhost:2207
INFO:tensorflow:Learning rate: 0.001000, momentum: 0.900000
INFO:tensorflow:Sync mode!!!!!!
INFO:tensorflow:Compute groups : 1
INFO:tensorflow:SyncReplicas enabled: replicas_to_aggregate=16; total_num_replicas=16
INFO:tensorflow:Num nodes per compute groups: 16
INFO:tensorflow:Tokens per step: 16
INFO:tensorflow:2016-07-26 12:01:46.091290 Supervisor
INFO:tensorflow:got sessions! 2016-07-26 12:02:01.460941 
INFO:tensorflow:Started 3 queues for processing input data.
INFO:tensorflow:Step: 399, Loss: 5.353732, time: 32.542 sec/batch
INFO:tensorflow:Step: 399, Loss: 5.967057, time: 9.327 sec/batch
INFO:tensorflow:Step: 400, Loss: 5.369108, time: 14.453 sec/batch
INFO:tensorflow:Step: 401, Loss: 6.640612, time: 17.036 sec/batch
INFO:tensorflow:Step: 402, Loss: 5.367679, time: 20.194 sec/batch
INFO:tensorflow:Step: 403, Loss: 5.352886, time: 15.961 sec/batch
INFO:tensorflow:Step: 404, Loss: 5.522933, time: 15.203 sec/batch
INFO:tensorflow:Step: 405, Loss: 5.734026, time: 12.441 sec/batch
INFO:tensorflow:Step: 406, Loss: 5.853298, time: 13.502 sec/batch
INFO:tensorflow:Step: 407, Loss: 5.377479, time: 17.086 sec/batch
INFO:tensorflow:Step: 408, Loss: 6.462957, time: 18.153 sec/batch
INFO:tensorflow:Step: 409, Loss: 5.824682, time: 15.245 sec/batch
INFO:tensorflow:Step: 410, Loss: 5.529349, time: 16.157 sec/batch
INFO:tensorflow:Step: 411, Loss: 5.475375, time: 12.311 sec/batch
INFO:tensorflow:Step: 412, Loss: 5.627588, time: 19.397 sec/batch
INFO:tensorflow:Step: 413, Loss: 5.204230, time: 20.358 sec/batch
INFO:tensorflow:Step: 414, Loss: 5.644167, time: 20.855 sec/batch
INFO:tensorflow:Step: 415, Loss: 4.931237, time: 18.009 sec/batch
INFO:tensorflow:Step: 416, Loss: 4.901765, time: 18.740 sec/batch
INFO:tensorflow:Step: 417, Loss: 5.165198, time: 19.111 sec/batch
INFO:tensorflow:Step: 418, Loss: 5.415700, time: 20.075 sec/batch
INFO:tensorflow:Step: 419, Loss: 5.051207, time: 18.803 sec/batch
INFO:tensorflow:Step: 420, Loss: 5.520832, time: 15.925 sec/batch
INFO:tensorflow:Step: 421, Loss: 5.121487, time: 21.056 sec/batch
INFO:tensorflow:Step: 422, Loss: 5.495149, time: 19.311 sec/batch
INFO:tensorflow:Step: 423, Loss: 5.277578, time: 18.227 sec/batch
INFO:tensorflow:Step: 424, Loss: 5.102096, time: 20.209 sec/batch
INFO:tensorflow:Step: 425, Loss: 5.177814, time: 19.708 sec/batch
INFO:tensorflow:Step: 426, Loss: 5.286212, time: 20.251 sec/batch
INFO:tensorflow:Step: 427, Loss: 5.572435, time: 20.295 sec/batch
INFO:tensorflow:Step: 428, Loss: 5.091504, time: 18.865 sec/batch
INFO:tensorflow:Step: 429, Loss: 5.398227, time: 17.977 sec/batch
INFO:tensorflow:Step: 430, Loss: 5.684040, time: 19.983 sec/batch
INFO:tensorflow:Step: 431, Loss: 5.137904, time: 18.208 sec/batch
INFO:tensorflow:Step: 432, Loss: 5.207590, time: 21.383 sec/batch
INFO:tensorflow:Step: 433, Loss: 5.209520, time: 20.168 sec/batch
INFO:tensorflow:Step: 434, Loss: 5.517831, time: 15.451 sec/batch
INFO:tensorflow:Step: 435, Loss: 5.241549, time: 20.579 sec/batch
INFO:tensorflow:Step: 436, Loss: 5.011995, time: 19.498 sec/batch
INFO:tensorflow:Step: 437, Loss: 5.573180, time: 20.115 sec/batch
INFO:tensorflow:Step: 438, Loss: 5.380331, time: 19.136 sec/batch
INFO:tensorflow:Step: 439, Loss: 5.013691, time: 20.028 sec/batch
INFO:tensorflow:Step: 440, Loss: 5.503045, time: 18.811 sec/batch
INFO:tensorflow:Step: 441, Loss: 4.918699, time: 19.519 sec/batch
INFO:tensorflow:Step: 442, Loss: 5.154640, time: 18.416 sec/batch
INFO:tensorflow:Step: 443, Loss: 5.038568, time: 18.191 sec/batch
INFO:tensorflow:Step: 444, Loss: 5.384727, time: 18.009 sec/batch
INFO:tensorflow:Step: 445, Loss: 4.967241, time: 18.650 sec/batch
INFO:tensorflow:Step: 446, Loss: 5.456070, time: 19.845 sec/batch
INFO:tensorflow:Step: 447, Loss: 5.033523, time: 19.344 sec/batch
INFO:tensorflow:Step: 448, Loss: 5.282494, time: 20.496 sec/batch
INFO:tensorflow:Step: 449, Loss: 5.348716, time: 16.994 sec/batch
INFO:tensorflow:Step: 450, Loss: 5.601782, time: 17.380 sec/batch
INFO:tensorflow:Step: 451, Loss: 5.064082, time: 15.225 sec/batch
INFO:tensorflow:Step: 452, Loss: 5.486798, time: 15.339 sec/batch
INFO:tensorflow:Step: 453, Loss: 5.882547, time: 20.684 sec/batch
INFO:tensorflow:Step: 454, Loss: 4.967789, time: 18.685 sec/batch
INFO:tensorflow:Step: 455, Loss: 4.997904, time: 17.465 sec/batch
INFO:tensorflow:Step: 456, Loss: 5.459307, time: 21.087 sec/batch
INFO:tensorflow:Step: 457, Loss: 5.520962, time: 17.237 sec/batch
INFO:tensorflow:Step: 458, Loss: 5.351754, time: 18.704 sec/batch
INFO:tensorflow:Step: 459, Loss: 5.289306, time: 19.394 sec/batch
INFO:tensorflow:Step: 460, Loss: 5.201907, time: 17.249 sec/batch
INFO:tensorflow:Step: 461, Loss: 5.052869, time: 20.411 sec/batch
INFO:tensorflow:Step: 462, Loss: 5.050041, time: 17.858 sec/batch
INFO:tensorflow:Step: 463, Loss: 4.986593, time: 19.668 sec/batch
INFO:tensorflow:Step: 464, Loss: 5.798904, time: 19.466 sec/batch
INFO:tensorflow:Step: 465, Loss: 5.091933, time: 17.208 sec/batch
INFO:tensorflow:Step: 466, Loss: 4.899554, time: 19.044 sec/batch
INFO:tensorflow:Step: 467, Loss: 5.333710, time: 19.784 sec/batch
INFO:tensorflow:Step: 468, Loss: 5.184294, time: 17.598 sec/batch
INFO:tensorflow:Step: 469, Loss: 5.130476, time: 18.909 sec/batch
INFO:tensorflow:Step: 470, Loss: 4.976300, time: 16.468 sec/batch
INFO:tensorflow:Step: 471, Loss: 5.430712, time: 20.106 sec/batch
INFO:tensorflow:Step: 472, Loss: 5.423424, time: 17.675 sec/batch
INFO:tensorflow:Step: 473, Loss: 5.241570, time: 16.743 sec/batch
INFO:tensorflow:Step: 474, Loss: 5.468196, time: 18.136 sec/batch
INFO:tensorflow:Step: 475, Loss: 5.162521, time: 20.528 sec/batch
INFO:tensorflow:Step: 476, Loss: 5.221531, time: 17.966 sec/batch
INFO:tensorflow:Step: 477, Loss: 5.477451, time: 18.294 sec/batch
INFO:tensorflow:Step: 478, Loss: 5.386423, time: 20.139 sec/batch
INFO:tensorflow:Step: 479, Loss: 5.674575, time: 17.559 sec/batch
INFO:tensorflow:Step: 480, Loss: 5.247775, time: 19.445 sec/batch
INFO:tensorflow:Step: 481, Loss: 5.123626, time: 20.366 sec/batch
INFO:tensorflow:Step: 482, Loss: 5.283340, time: 18.487 sec/batch
INFO:tensorflow:Step: 483, Loss: 5.187112, time: 17.619 sec/batch
INFO:tensorflow:Step: 484, Loss: 5.213183, time: 18.554 sec/batch
INFO:tensorflow:Step: 485, Loss: 4.811023, time: 15.506 sec/batch
INFO:tensorflow:Step: 486, Loss: 5.349665, time: 18.960 sec/batch
INFO:tensorflow:Step: 487, Loss: 5.037464, time: 18.101 sec/batch
INFO:tensorflow:Step: 488, Loss: 5.050250, time: 18.179 sec/batch
INFO:tensorflow:Step: 489, Loss: 5.465698, time: 17.983 sec/batch
INFO:tensorflow:Step: 490, Loss: 5.195015, time: 19.914 sec/batch
INFO:tensorflow:Step: 491, Loss: 4.842391, time: 18.938 sec/batch
INFO:tensorflow:Step: 492, Loss: 5.504397, time: 19.619 sec/batch
INFO:tensorflow:Step: 493, Loss: 5.604446, time: 16.359 sec/batch
INFO:tensorflow:Step: 494, Loss: 5.168319, time: 17.584 sec/batch
INFO:tensorflow:Step: 495, Loss: 5.781489, time: 20.064 sec/batch
INFO:tensorflow:Step: 496, Loss: 5.065107, time: 16.830 sec/batch
INFO:tensorflow:Step: 497, Loss: 5.185499, time: 17.823 sec/batch
INFO:tensorflow:Step: 498, Loss: 5.040323, time: 18.880 sec/batch
INFO:tensorflow:Step: 499, Loss: 5.533455, time: 18.857 sec/batch
INFO:tensorflow:Step: 500, Loss: 5.418892, time: 18.123 sec/batch
INFO:tensorflow:Step: 501, Loss: 5.162402, time: 19.935 sec/batch
INFO:tensorflow:Step: 502, Loss: 5.204193, time: 19.112 sec/batch
INFO:tensorflow:Step: 503, Loss: 5.082200, time: 19.321 sec/batch
INFO:tensorflow:Step: 504, Loss: 5.203972, time: 19.324 sec/batch
INFO:tensorflow:Step: 505, Loss: 5.350948, time: 18.264 sec/batch
INFO:tensorflow:Step: 506, Loss: 5.475586, time: 17.938 sec/batch
INFO:tensorflow:Step: 507, Loss: 4.951282, time: 17.877 sec/batch
INFO:tensorflow:Step: 508, Loss: 5.067527, time: 15.738 sec/batch
INFO:tensorflow:Step: 509, Loss: 4.650211, time: 18.760 sec/batch
INFO:tensorflow:Step: 510, Loss: 5.443667, time: 18.955 sec/batch
INFO:tensorflow:Step: 511, Loss: 4.884655, time: 19.727 sec/batch
INFO:tensorflow:Step: 512, Loss: 5.338413, time: 18.484 sec/batch
INFO:tensorflow:Step: 513, Loss: 4.921466, time: 15.822 sec/batch
INFO:tensorflow:Step: 514, Loss: 4.836258, time: 19.796 sec/batch
INFO:tensorflow:Step: 515, Loss: 5.078108, time: 17.853 sec/batch
INFO:tensorflow:Step: 516, Loss: 4.984511, time: 16.777 sec/batch
INFO:tensorflow:Step: 517, Loss: 5.088502, time: 18.281 sec/batch
INFO:tensorflow:Step: 518, Loss: 5.733335, time: 19.094 sec/batch
INFO:tensorflow:Step: 519, Loss: 4.838065, time: 19.890 sec/batch
INFO:tensorflow:Step: 520, Loss: 5.106417, time: 18.843 sec/batch
INFO:tensorflow:Step: 521, Loss: 4.799513, time: 19.571 sec/batch
INFO:tensorflow:Step: 522, Loss: 4.997976, time: 18.133 sec/batch
INFO:tensorflow:Step: 523, Loss: 5.282014, time: 19.703 sec/batch
INFO:tensorflow:Step: 524, Loss: 5.499180, time: 17.564 sec/batch
INFO:tensorflow:Step: 525, Loss: 5.449935, time: 17.680 sec/batch
INFO:tensorflow:Step: 526, Loss: 4.804068, time: 18.824 sec/batch
INFO:tensorflow:Step: 527, Loss: 5.448281, time: 19.162 sec/batch
INFO:tensorflow:Step: 528, Loss: 5.304393, time: 19.621 sec/batch
INFO:tensorflow:Step: 529, Loss: 5.261744, time: 19.240 sec/batch
INFO:tensorflow:Step: 530, Loss: 4.916659, time: 15.702 sec/batch
INFO:tensorflow:Step: 531, Loss: 5.215558, time: 19.219 sec/batch
INFO:tensorflow:Step: 532, Loss: 4.619809, time: 18.914 sec/batch
INFO:tensorflow:Step: 533, Loss: 4.760029, time: 19.524 sec/batch
INFO:tensorflow:Step: 534, Loss: 4.934543, time: 19.132 sec/batch
INFO:tensorflow:Step: 535, Loss: 5.998028, time: 15.801 sec/batch
INFO:tensorflow:Step: 536, Loss: 5.339252, time: 18.248 sec/batch
INFO:tensorflow:Step: 537, Loss: 5.655499, time: 18.640 sec/batch
INFO:tensorflow:Step: 538, Loss: 5.292430, time: 20.122 sec/batch
run-expr-32node.sh: line 23: 30936 Terminated              CUDA_VISIBLE_DEVICES='' bazel-bin/inception/imagenet_distributed_train --batch_size=16 --data_dir=/lfs/local/0/daniter/16node-data-$2 --job_name='worker' --task_id=$2 --ps_hosts='raiders1:2200' --worker_hosts='raiders1:2201,raiders1:2202,raiders1:2203,raiders1:2204,raiders2:2205,raiders2:2206,raiders2:2207,raiders2:2208,raiders3:2209,raiders3:2210,raiders3:2211,raiders3:2212,raiders8:2213,raiders8:2214,raiders8:2215,raiders8:2216' --initial_learning_rate=$3 --momentum=$4 --sync=True --compute_groups=$5
