INFO:tensorflow:PS hosts are: ['localhost:2228']
INFO:tensorflow:Worker hosts are: ['localhost:2201', 'localhost:2202', 'localhost:2203', 'localhost:2204', 'localhost:2205', 'localhost:2206', 'localhost:2207', 'localhost:2208', 'localhost:2209', 'localhost:2210', 'localhost:2211', 'localhost:2212', 'localhost:2213', 'localhost:2214', 'localhost:2215', 'localhost:2216']
I tensorflow/core/distributed_runtime/rpc/grpc_channel.cc:206] Initialize HostPortsGrpcChannelCache for job ps -> {localhost:2228}
I tensorflow/core/distributed_runtime/rpc/grpc_channel.cc:206] Initialize HostPortsGrpcChannelCache for job worker -> {localhost:2201, localhost:2202, localhost:2203, localhost:2204, localhost:2205, localhost:2206, localhost:2207, localhost:2208, localhost:2209, localhost:2210, localhost:2211, localhost:2212, localhost:2213, localhost:2214, localhost:2215, localhost:2216}
I tensorflow/core/distributed_runtime/rpc/grpc_server_lib.cc:202] Started server with target: grpc://localhost:2228
E0719 13:08:36.372650878   97785 tcp_client_posix.c:191]     failed to connect to 'ipv6:[::1]:2207': timeout occurred
E0719 13:08:36.372869860   97785 tcp_client_posix.c:191]     failed to connect to 'ipv6:[::1]:2207': timeout occurred
E0719 13:08:36.372944483   97785 tcp_client_posix.c:191]     failed to connect to 'ipv6:[::1]:2207': timeout occurred
E0719 13:08:36.373015339   97785 tcp_client_posix.c:191]     failed to connect to 'ipv6:[::1]:2207': timeout occurred
E0719 13:08:36.373070069   97785 tcp_client_posix.c:191]     failed to connect to 'ipv6:[::1]:2207': timeout occurred
E0719 13:08:36.477391010   97566 tcp_client_posix.c:191]     failed to connect to 'ipv6:[::1]:2211': timeout occurred
E0719 13:08:39.660252492   97785 tcp_client_posix.c:191]     failed to connect to 'ipv6:[::1]:2207': timeout occurred
E0719 13:08:39.660456987   97785 tcp_client_posix.c:191]     failed to connect to 'ipv6:[::1]:2207': timeout occurred
E0719 13:08:39.716100059   97785 tcp_client_posix.c:191]     failed to connect to 'ipv6:[::1]:2207': timeout occurred
E0719 13:08:40.112570456   97785 tcp_client_posix.c:191]     failed to connect to 'ipv6:[::1]:2207': timeout occurred
E0719 13:08:40.112984795   97785 tcp_client_posix.c:191]     failed to connect to 'ipv6:[::1]:2207': timeout occurred
E0719 13:08:40.287807107   97785 tcp_client_posix.c:191]     failed to connect to 'ipv6:[::1]:2211': timeout occurred
E0719 13:08:43.536883822   97785 tcp_client_posix.c:191]     failed to connect to 'ipv6:[::1]:2213': timeout occurred
E0719 13:08:43.537105748   97785 tcp_client_posix.c:191]     failed to connect to 'ipv6:[::1]:2213': timeout occurred
E0719 13:08:43.537170745   97785 tcp_client_posix.c:191]     failed to connect to 'ipv6:[::1]:2213': timeout occurred
E0719 13:08:43.537227054   97785 tcp_client_posix.c:191]     failed to connect to 'ipv6:[::1]:2213': timeout occurred
E0719 13:08:43.537402093   97785 tcp_client_posix.c:191]     failed to connect to 'ipv6:[::1]:2213': timeout occurred
E0719 13:08:46.281984655   97785 tcp_client_posix.c:191]     failed to connect to 'ipv6:[::1]:2213': timeout occurred
E0719 13:08:46.666525971   97798 tcp_client_posix.c:191]     failed to connect to 'ipv6:[::1]:2213': timeout occurred
E0719 13:08:46.758191059   97785 tcp_client_posix.c:191]     failed to connect to 'ipv6:[::1]:2213': timeout occurred
E0719 13:08:46.926696876   97785 tcp_client_posix.c:191]     failed to connect to 'ipv6:[::1]:2213': timeout occurred
E0719 13:08:47.163120212   97798 tcp_client_posix.c:191]     failed to connect to 'ipv6:[::1]:2213': timeout occurred
I tensorflow/core/kernels/logging_ops.cc:79] ~~~~~ daniter~~~ GLobalstep:[399][-0.0014176613 -0.00044794963...]
I tensorflow/core/kernels/logging_ops.cc:79] ~~~~~ daniter~~~ GLobalstep:[400][0.0037873508 -0.0012129999...]
I tensorflow/core/kernels/logging_ops.cc:79] ~~~~~ daniter~~~ GLobalstep:[401][-0.00035611808 -0.0038549022...]
I tensorflow/core/kernels/logging_ops.cc:79] ~~~~~ daniter~~~ GLobalstep:[402][-0.0019894205 -0.0021405234...]
I tensorflow/core/kernels/logging_ops.cc:79] ~~~~~ daniter~~~ GLobalstep:[403][0.0018231359 4.4519053e-05...]
I tensorflow/core/kernels/logging_ops.cc:79] ~~~~~ daniter~~~ GLobalstep:[404][0.0037752062 0.00046880665...]
I tensorflow/core/kernels/logging_ops.cc:79] ~~~~~ daniter~~~ GLobalstep:[405][0.00085277029 -0.0020354651...]
I tensorflow/core/kernels/logging_ops.cc:79] ~~~~~ daniter~~~ GLobalstep:[406][0.00048795738 0.0016410563...]
I tensorflow/core/kernels/logging_ops.cc:79] ~~~~~ daniter~~~ GLobalstep:[407][-0.0012578811 0.001369324...]
I tensorflow/core/kernels/logging_ops.cc:79] ~~~~~ daniter~~~ GLobalstep:[408][0.0022960338 0.0014429837...]
I tensorflow/core/kernels/logging_ops.cc:79] ~~~~~ daniter~~~ GLobalstep:[409][-0.0006063194 0.0020152405...]
I tensorflow/core/kernels/logging_ops.cc:79] ~~~~~ daniter~~~ GLobalstep:[410][-0.00054373028 0.0021298304...]
I tensorflow/core/kernels/logging_ops.cc:79] ~~~~~ daniter~~~ GLobalstep:[411][0.0026679123 0.0022903243...]
I tensorflow/core/kernels/logging_ops.cc:79] ~~~~~ daniter~~~ GLobalstep:[411][-0.0013752315 -0.0057992735...]
I tensorflow/core/kernels/logging_ops.cc:79] ~~~~~ daniter~~~ GLobalstep:[413][-0.0016427008 0.0003294551...]
I tensorflow/core/kernels/logging_ops.cc:79] ~~~~~ daniter~~~ GLobalstep:[413][-0.0018352444 0.0023118509...]
I tensorflow/core/kernels/logging_ops.cc:79] ~~~~~ daniter~~~ GLobalstep:[415][-0.0026252924 -0.0012636012...]
I tensorflow/core/kernels/logging_ops.cc:79] ~~~~~ daniter~~~ GLobalstep:[415][-0.0026465689 0.0017932915...]
I tensorflow/core/kernels/logging_ops.cc:79] ~~~~~ daniter~~~ GLobalstep:[417][0.00063299329 -0.0022458257...]
I tensorflow/core/kernels/logging_ops.cc:79] ~~~~~ daniter~~~ GLobalstep:[417][-0.00013367803 0.00471862...]
I tensorflow/core/kernels/logging_ops.cc:79] ~~~~~ daniter~~~ GLobalstep:[419][-0.00083506887 -0.00023463574...]
I tensorflow/core/kernels/logging_ops.cc:79] ~~~~~ daniter~~~ GLobalstep:[419][0.0016206333 -0.00064013974...]
I tensorflow/core/kernels/logging_ops.cc:79] ~~~~~ daniter~~~ GLobalstep:[421][-0.0011645196 -0.00076080585...]
I tensorflow/core/kernels/logging_ops.cc:79] ~~~~~ daniter~~~ GLobalstep:[421][-0.000554967 0.0021459877...]
I tensorflow/core/kernels/logging_ops.cc:79] ~~~~~ daniter~~~ GLobalstep:[423][0.00052570953 0.0014183056...]
I tensorflow/core/kernels/logging_ops.cc:79] ~~~~~ daniter~~~ GLobalstep:[423][-0.0026210456 0.00019087782...]
I tensorflow/core/kernels/logging_ops.cc:79] ~~~~~ daniter~~~ GLobalstep:[425][-0.0017811588 0.001307786...]
I tensorflow/core/kernels/logging_ops.cc:79] ~~~~~ daniter~~~ GLobalstep:[425][-0.0002202359 0.0010817678...]
I tensorflow/core/kernels/logging_ops.cc:79] ~~~~~ daniter~~~ GLobalstep:[427][-0.0012229413 -0.0018466392...]
I tensorflow/core/kernels/logging_ops.cc:79] ~~~~~ daniter~~~ GLobalstep:[428][0.00043144741 0.00099116133...]
I tensorflow/core/kernels/logging_ops.cc:79] ~~~~~ daniter~~~ GLobalstep:[429][0.00044229795 -0.00019379616...]
I tensorflow/core/kernels/logging_ops.cc:79] ~~~~~ daniter~~~ GLobalstep:[429][-0.00423468 -0.0013290246...]
I tensorflow/core/kernels/logging_ops.cc:79] ~~~~~ daniter~~~ GLobalstep:[431][6.6092296e-05 0.0012836565...]
I tensorflow/core/kernels/logging_ops.cc:79] ~~~~~ daniter~~~ GLobalstep:[432][0.00034963666 0.00075776613...]
I tensorflow/core/kernels/logging_ops.cc:79] ~~~~~ daniter~~~ GLobalstep:[433][-0.0014584179 0.0014409925...]
I tensorflow/core/kernels/logging_ops.cc:79] ~~~~~ daniter~~~ GLobalstep:[434][3.711657e-05 -0.00016380633...]
I tensorflow/core/kernels/logging_ops.cc:79] ~~~~~ daniter~~~ GLobalstep:[435][0.0033675034 0.00030141938...]
I tensorflow/core/kernels/logging_ops.cc:79] ~~~~~ daniter~~~ GLobalstep:[436][0.0012454902 -0.00043038308...]
I tensorflow/core/kernels/logging_ops.cc:79] ~~~~~ daniter~~~ GLobalstep:[437][-7.6212687e-05 -0.0017071436...]
I tensorflow/core/kernels/logging_ops.cc:79] ~~~~~ daniter~~~ GLobalstep:[438][-0.00086973491 -0.00041153998...]
I tensorflow/core/kernels/logging_ops.cc:79] ~~~~~ daniter~~~ GLobalstep:[439][-0.0017232522 0.0027145259...]
I tensorflow/core/kernels/logging_ops.cc:79] ~~~~~ daniter~~~ GLobalstep:[440][-0.0055850414 0.00049014168...]
I tensorflow/core/kernels/logging_ops.cc:79] ~~~~~ daniter~~~ GLobalstep:[441][0.0014814478 0.00059829029...]
I tensorflow/core/kernels/logging_ops.cc:79] ~~~~~ daniter~~~ GLobalstep:[442][-0.0028016195 -0.0018570139...]
I tensorflow/core/kernels/logging_ops.cc:79] ~~~~~ daniter~~~ GLobalstep:[443][-0.0034358758 0.00027874246...]
I tensorflow/core/kernels/logging_ops.cc:79] ~~~~~ daniter~~~ GLobalstep:[444][-0.0010084673 -0.00028076908...]
I tensorflow/core/kernels/logging_ops.cc:79] ~~~~~ daniter~~~ GLobalstep:[445][0.0021129206 0.0027644048...]
I tensorflow/core/kernels/logging_ops.cc:79] ~~~~~ daniter~~~ GLobalstep:[446][0.0013512968 0.0004547768...]
I tensorflow/core/kernels/logging_ops.cc:79] ~~~~~ daniter~~~ GLobalstep:[447][0.0033016726 -0.00090474851...]
I tensorflow/core/kernels/logging_ops.cc:79] ~~~~~ daniter~~~ GLobalstep:[448][-0.0035810757 -0.00082296634...]
I tensorflow/core/kernels/logging_ops.cc:79] ~~~~~ daniter~~~ GLobalstep:[449][0.0011519764 0.0001759781...]
I tensorflow/core/kernels/logging_ops.cc:79] ~~~~~ daniter~~~ GLobalstep:[450][-0.00087038579 -0.00023689063...]
I tensorflow/core/kernels/logging_ops.cc:79] ~~~~~ daniter~~~ GLobalstep:[451][-0.00040058227 0.00017948943...]
I tensorflow/core/kernels/logging_ops.cc:79] ~~~~~ daniter~~~ GLobalstep:[452][0.0012736643 0.0020374176...]
I tensorflow/core/kernels/logging_ops.cc:79] ~~~~~ daniter~~~ GLobalstep:[453][-0.0050021261 -0.0024767362...]
I tensorflow/core/kernels/logging_ops.cc:79] ~~~~~ daniter~~~ GLobalstep:[454][-9.4196657e-05 0.00090853759...]
I tensorflow/core/kernels/logging_ops.cc:79] ~~~~~ daniter~~~ GLobalstep:[455][0.0019809701 -0.00307797...]
I tensorflow/core/kernels/logging_ops.cc:79] ~~~~~ daniter~~~ GLobalstep:[456][0.0014044254 -5.989286e-05...]
I tensorflow/core/kernels/logging_ops.cc:79] ~~~~~ daniter~~~ GLobalstep:[457][0.0037805918 -0.00288668...]
I tensorflow/core/kernels/logging_ops.cc:79] ~~~~~ daniter~~~ GLobalstep:[458][0.0047222036 -0.00016581669...]
I tensorflow/core/kernels/logging_ops.cc:79] ~~~~~ daniter~~~ GLobalstep:[459][-8.3276478e-05 0.0021071136...]
I tensorflow/core/kernels/logging_ops.cc:79] ~~~~~ daniter~~~ GLobalstep:[460][-0.0029645003 -0.0015507396...]
I tensorflow/core/kernels/logging_ops.cc:79] ~~~~~ daniter~~~ GLobalstep:[461][0.0015322267 -0.0017808015...]
I tensorflow/core/kernels/logging_ops.cc:79] ~~~~~ daniter~~~ GLobalstep:[462][0.0012921575 -0.00084064982...]
I tensorflow/core/kernels/logging_ops.cc:79] ~~~~~ daniter~~~ GLobalstep:[463][0.00053043151 -0.00080605829...]
I tensorflow/core/kernels/logging_ops.cc:79] ~~~~~ daniter~~~ GLobalstep:[464][-0.00047825248 -0.00047745538...]
run-ps-16node.sh: line 21: 97277 Terminated              CUDA_VISIBLE_DEVICES='' bazel-bin/inception/imagenet_distributed_train --batch_size=16 --data_dir=/lfs/local/0/daniter/imagenet-8 --job_name='ps' --task_id=0 --ps_hosts='localhost:2228' --worker_hosts='localhost:2201,localhost:2202,localhost:2203,localhost:2204,localhost:2205,localhost:2206,localhost:2207,localhost:2208,localhost:2209,localhost:2210,localhost:2211,localhost:2212,localhost:2213,localhost:2214,localhost:2215,localhost:2216' --initial_learning_rate=$1 --momentum=$2 --sync=True --compute_groups=$3
