DISPLAY "(null)" invalid; disabling X11 forwarding
I tensorflow/stream_executor/dso_loader.cc:108] successfully opened CUDA library libcublas.so locally
I tensorflow/stream_executor/dso_loader.cc:108] successfully opened CUDA library libcudnn.so locally
I tensorflow/stream_executor/dso_loader.cc:108] successfully opened CUDA library libcufft.so locally
I tensorflow/stream_executor/dso_loader.cc:108] successfully opened CUDA library libcuda.so locally
I tensorflow/stream_executor/dso_loader.cc:108] successfully opened CUDA library libcurand.so locally
INFO:tensorflow:PS hosts are: ['raiders1:2228']
INFO:tensorflow:Worker hosts are: ['raiders1:2200', 'raiders1:2201', 'raiders3:2209', 'raiders3:2210']
I tensorflow/core/common_runtime/gpu/gpu_init.cc:102] Found device 0 with properties: 
name: GeForce GTX TITAN X
major: 5 minor: 2 memoryClockRate (GHz) 1.076
pciBusID 0000:03:00.0
Total memory: 11.92GiB
Free memory: 11.81GiB
I tensorflow/core/common_runtime/gpu/gpu_init.cc:126] DMA: 0 
I tensorflow/core/common_runtime/gpu/gpu_init.cc:136] 0:   Y 
I tensorflow/core/common_runtime/gpu/gpu_device.cc:806] Creating TensorFlow device (/gpu:0) -> (device: 0, name: GeForce GTX TITAN X, pci bus id: 0000:03:00.0)
I tensorflow/core/distributed_runtime/rpc/grpc_channel.cc:206] Initialize HostPortsGrpcChannelCache for job ps -> {raiders1:2228}
I tensorflow/core/distributed_runtime/rpc/grpc_channel.cc:206] Initialize HostPortsGrpcChannelCache for job worker -> {raiders1:2200, raiders1:2201, localhost:2209, raiders3:2210}
I tensorflow/core/distributed_runtime/rpc/grpc_server_lib.cc:202] Started server with target: grpc://localhost:2209
INFO:tensorflow:Learning rate: 0.010000, momentum: 0.450000
INFO:tensorflow:Sync mode!!!!!!
INFO:tensorflow:Compute groups : 1
INFO:tensorflow:SyncReplicas enabled: replicas_to_aggregate=4; total_num_replicas=4
INFO:tensorflow:Num nodes per compute groups: 4
INFO:tensorflow:Tokens per step: 4
INFO:tensorflow:2016-07-18 23:53:44.567197 Supervisor
INFO:tensorflow:got sessions!
INFO:tensorflow:Started 3 queues for processing input data.
I tensorflow/core/common_runtime/gpu/pool_allocator.cc:244] PoolAllocator: After 3576 get requests, put_count=2565 evicted_count=1000 eviction_rate=0.389864 and unsatisfied allocation rate=0.590324
I tensorflow/core/common_runtime/gpu/pool_allocator.cc:256] Raising pool_size_limit_ from 100 to 110
INFO:tensorflow:Step: 399, Accuracy: 0.453125, Loss: 5.441026, time: 42.140 sec/batch
INFO:tensorflow:Step: 399, Accuracy: 0.640625, Loss: 5.497200, time: 1.744 sec/batch
INFO:tensorflow:Step: 400, Accuracy: 0.453125, Loss: 5.261314, time: 1.282 sec/batch
INFO:tensorflow:Step: 400, Accuracy: 0.578125, Loss: 5.634077, time: 1.318 sec/batch
INFO:tensorflow:Step: 401, Accuracy: 0.515625, Loss: 5.443614, time: 1.266 sec/batch
I tensorflow/core/common_runtime/gpu/pool_allocator.cc:244] PoolAllocator: After 0 get requests, put_count=1016 evicted_count=1000 eviction_rate=0.984252 and unsatisfied allocation rate=0
INFO:tensorflow:Step: 401, Accuracy: 0.609375, Loss: 5.519535, time: 3.007 sec/batch
INFO:tensorflow:Step: 402, Accuracy: 0.593750, Loss: 5.230882, time: 1.385 sec/batch
INFO:tensorflow:Step: 403, Accuracy: 0.593750, Loss: 5.346965, time: 3.831 sec/batch
INFO:tensorflow:Step: 404, Accuracy: 0.546875, Loss: 5.275169, time: 2.939 sec/batch
INFO:tensorflow:Step: 405, Accuracy: 0.515625, Loss: 5.510353, time: 3.750 sec/batch
I tensorflow/core/common_runtime/gpu/pool_allocator.cc:244] PoolAllocator: After 0 get requests, put_count=1025 evicted_count=1000 eviction_rate=0.97561 and unsatisfied allocation rate=0
INFO:tensorflow:Step: 406, Accuracy: 0.718750, Loss: 5.144613, time: 3.035 sec/batch
INFO:tensorflow:Step: 407, Accuracy: 0.515625, Loss: 5.282355, time: 2.908 sec/batch
INFO:tensorflow:Step: 408, Accuracy: 0.593750, Loss: 5.292300, time: 3.144 sec/batch
INFO:tensorflow:Step: 409, Accuracy: 0.656250, Loss: 5.183177, time: 2.520 sec/batch
INFO:tensorflow:Step: 410, Accuracy: 0.578125, Loss: 5.275792, time: 2.843 sec/batch
INFO:tensorflow:Step: 411, Accuracy: 0.593750, Loss: 5.152623, time: 2.950 sec/batch
I tensorflow/core/common_runtime/gpu/pool_allocator.cc:244] PoolAllocator: After 0 get requests, put_count=1044 evicted_count=1000 eviction_rate=0.957854 and unsatisfied allocation rate=0
INFO:tensorflow:Step: 412, Accuracy: 0.593750, Loss: 5.193093, time: 2.303 sec/batch
INFO:tensorflow:Step: 413, Accuracy: 0.640625, Loss: 5.194615, time: 2.624 sec/batch
INFO:tensorflow:Step: 414, Accuracy: 0.562500, Loss: 4.987490, time: 2.496 sec/batch
INFO:tensorflow:Step: 415, Accuracy: 0.562500, Loss: 5.269328, time: 2.537 sec/batch
INFO:tensorflow:Step: 416, Accuracy: 0.531250, Loss: 5.128609, time: 2.772 sec/batch
INFO:tensorflow:Step: 417, Accuracy: 0.531250, Loss: 5.030505, time: 2.829 sec/batch
INFO:tensorflow:Step: 418, Accuracy: 0.578125, Loss: 5.130688, time: 2.531 sec/batch
I tensorflow/core/common_runtime/gpu/pool_allocator.cc:244] PoolAllocator: After 3579 get requests, put_count=4417 evicted_count=2000 eviction_rate=0.452796 and unsatisfied allocation rate=0.346745
I tensorflow/core/common_runtime/gpu/pool_allocator.cc:256] Raising pool_size_limit_ from 871 to 958
INFO:tensorflow:Step: 419, Accuracy: 0.593750, Loss: 5.246104, time: 2.492 sec/batch
INFO:tensorflow:Step: 420, Accuracy: 0.718750, Loss: 5.141208, time: 2.302 sec/batch
INFO:tensorflow:Step: 421, Accuracy: 0.609375, Loss: 5.167727, time: 2.405 sec/batch
INFO:tensorflow:Step: 422, Accuracy: 0.546875, Loss: 5.189998, time: 2.950 sec/batch
INFO:tensorflow:Step: 423, Accuracy: 0.546875, Loss: 5.271212, time: 3.030 sec/batch
INFO:tensorflow:Step: 424, Accuracy: 0.609375, Loss: 5.186159, time: 2.569 sec/batch
INFO:tensorflow:Step: 425, Accuracy: 0.593750, Loss: 5.311589, time: 2.229 sec/batch
INFO:tensorflow:Step: 426, Accuracy: 0.546875, Loss: 5.160073, time: 2.833 sec/batch
INFO:tensorflow:Step: 427, Accuracy: 0.671875, Loss: 5.163932, time: 2.652 sec/batch
INFO:tensorflow:Step: 428, Accuracy: 0.609375, Loss: 5.080106, time: 2.226 sec/batch
INFO:tensorflow:Step: 429, Accuracy: 0.718750, Loss: 5.085871, time: 2.455 sec/batch
INFO:tensorflow:Step: 430, Accuracy: 0.515625, Loss: 5.362145, time: 1.932 sec/batch
INFO:tensorflow:Step: 431, Accuracy: 0.531250, Loss: 5.216179, time: 1.861 sec/batch
INFO:tensorflow:Step: 432, Accuracy: 0.531250, Loss: 4.986702, time: 2.605 sec/batch
INFO:tensorflow:Step: 433, Accuracy: 0.578125, Loss: 4.997511, time: 2.679 sec/batch
INFO:tensorflow:Step: 434, Accuracy: 0.703125, Loss: 5.205482, time: 2.325 sec/batch
INFO:tensorflow:Step: 435, Accuracy: 0.625000, Loss: 5.222485, time: 2.197 sec/batch
INFO:tensorflow:Step: 436, Accuracy: 0.609375, Loss: 5.235157, time: 2.031 sec/batch
INFO:tensorflow:Step: 437, Accuracy: 0.625000, Loss: 5.382370, time: 2.435 sec/batch
INFO:tensorflow:Step: 438, Accuracy: 0.718750, Loss: 5.062883, time: 2.678 sec/batch
INFO:tensorflow:Step: 439, Accuracy: 0.578125, Loss: 4.963137, time: 2.285 sec/batch
INFO:tensorflow:Step: 440, Accuracy: 0.578125, Loss: 5.186665, time: 2.576 sec/batch
INFO:tensorflow:Step: 441, Accuracy: 0.640625, Loss: 5.280873, time: 2.134 sec/batch
INFO:tensorflow:Step: 442, Accuracy: 0.609375, Loss: 5.146741, time: 2.071 sec/batch
INFO:tensorflow:Step: 443, Accuracy: 0.562500, Loss: 5.151825, time: 1.616 sec/batch
INFO:tensorflow:Step: 444, Accuracy: 0.656250, Loss: 5.100052, time: 2.514 sec/batch
INFO:tensorflow:Step: 445, Accuracy: 0.578125, Loss: 5.134940, time: 2.243 sec/batch
INFO:tensorflow:Step: 446, Accuracy: 0.625000, Loss: 5.218904, time: 2.259 sec/batch
INFO:tensorflow:Step: 447, Accuracy: 0.718750, Loss: 5.318095, time: 1.860 sec/batch
INFO:tensorflow:Step: 448, Accuracy: 0.671875, Loss: 5.344252, time: 2.121 sec/batch
INFO:tensorflow:Step: 449, Accuracy: 0.531250, Loss: 5.157773, time: 1.939 sec/batch
INFO:tensorflow:Step: 450, Accuracy: 0.703125, Loss: 5.184671, time: 2.270 sec/batch
INFO:tensorflow:Step: 451, Accuracy: 0.531250, Loss: 5.202468, time: 2.269 sec/batch
INFO:tensorflow:Step: 452, Accuracy: 0.593750, Loss: 5.217367, time: 1.400 sec/batch
INFO:tensorflow:Step: 453, Accuracy: 0.468750, Loss: 5.016470, time: 2.046 sec/batch
INFO:tensorflow:Step: 454, Accuracy: 0.656250, Loss: 5.090646, time: 2.616 sec/batch
INFO:tensorflow:Step: 455, Accuracy: 0.609375, Loss: 5.038448, time: 1.608 sec/batch
INFO:tensorflow:Step: 456, Accuracy: 0.500000, Loss: 5.123023, time: 2.282 sec/batch
INFO:tensorflow:Step: 457, Accuracy: 0.609375, Loss: 5.226883, time: 2.098 sec/batch
INFO:tensorflow:Step: 458, Accuracy: 0.625000, Loss: 5.339185, time: 2.009 sec/batch
INFO:tensorflow:Step: 459, Accuracy: 0.625000, Loss: 5.169604, time: 2.202 sec/batch
INFO:tensorflow:Step: 460, Accuracy: 0.656250, Loss: 5.190063, time: 2.134 sec/batch
INFO:tensorflow:Step: 461, Accuracy: 0.640625, Loss: 5.244040, time: 1.942 sec/batch
INFO:tensorflow:Step: 462, Accuracy: 0.687500, Loss: 5.022272, time: 1.875 sec/batch
INFO:tensorflow:Step: 463, Accuracy: 0.625000, Loss: 5.168063, time: 1.824 sec/batch
INFO:tensorflow:Step: 464, Accuracy: 0.640625, Loss: 5.091772, time: 1.795 sec/batch
INFO:tensorflow:Step: 465, Accuracy: 0.718750, Loss: 5.064649, time: 2.120 sec/batch
INFO:tensorflow:Step: 466, Accuracy: 0.546875, Loss: 5.077278, time: 2.548 sec/batch
INFO:tensorflow:Step: 467, Accuracy: 0.609375, Loss: 5.154124, time: 1.763 sec/batch
INFO:tensorflow:Step: 468, Accuracy: 0.703125, Loss: 5.077468, time: 2.003 sec/batch
INFO:tensorflow:Step: 469, Accuracy: 0.734375, Loss: 5.032400, time: 1.951 sec/batch
INFO:tensorflow:Step: 470, Accuracy: 0.671875, Loss: 5.295811, time: 1.793 sec/batch
INFO:tensorflow:Step: 471, Accuracy: 0.562500, Loss: 5.056799, time: 1.855 sec/batch
INFO:tensorflow:Step: 472, Accuracy: 0.625000, Loss: 4.909794, time: 1.899 sec/batch
INFO:tensorflow:Step: 473, Accuracy: 0.687500, Loss: 5.103235, time: 1.751 sec/batch
INFO:tensorflow:Step: 474, Accuracy: 0.718750, Loss: 5.342242, time: 2.309 sec/batch
INFO:tensorflow:Step: 475, Accuracy: 0.609375, Loss: 5.046379, time: 2.336 sec/batch
INFO:tensorflow:Step: 476, Accuracy: 0.625000, Loss: 5.241362, time: 2.116 sec/batch
INFO:tensorflow:Step: 477, Accuracy: 0.703125, Loss: 5.043536, time: 2.111 sec/batch
INFO:tensorflow:Step: 478, Accuracy: 0.781250, Loss: 5.023133, time: 2.035 sec/batch
INFO:tensorflow:Step: 479, Accuracy: 0.640625, Loss: 5.199360, time: 2.382 sec/batch
INFO:tensorflow:Step: 480, Accuracy: 0.656250, Loss: 5.160014, time: 2.201 sec/batch
INFO:tensorflow:Step: 481, Accuracy: 0.578125, Loss: 5.062567, time: 2.161 sec/batch
INFO:tensorflow:Step: 482, Accuracy: 0.578125, Loss: 5.144508, time: 1.753 sec/batch
INFO:tensorflow:Step: 483, Accuracy: 0.703125, Loss: 5.142461, time: 1.902 sec/batch
INFO:tensorflow:Step: 484, Accuracy: 0.640625, Loss: 4.871276, time: 1.915 sec/batch
INFO:tensorflow:Step: 485, Accuracy: 0.578125, Loss: 5.072520, time: 1.881 sec/batch
INFO:tensorflow:Step: 486, Accuracy: 0.640625, Loss: 5.115021, time: 1.780 sec/batch
INFO:tensorflow:Step: 487, Accuracy: 0.562500, Loss: 5.107921, time: 1.759 sec/batch
INFO:tensorflow:Step: 488, Accuracy: 0.609375, Loss: 5.101083, time: 1.990 sec/batch
INFO:tensorflow:Step: 489, Accuracy: 0.593750, Loss: 5.020673, time: 1.945 sec/batch
INFO:tensorflow:Step: 490, Accuracy: 0.718750, Loss: 5.180154, time: 2.179 sec/batch
INFO:tensorflow:Step: 491, Accuracy: 0.640625, Loss: 4.975561, time: 2.123 sec/batch
INFO:tensorflow:Step: 492, Accuracy: 0.703125, Loss: 5.290808, time: 2.318 sec/batch
INFO:tensorflow:Step: 493, Accuracy: 0.640625, Loss: 4.999665, time: 2.102 sec/batch
INFO:tensorflow:Step: 494, Accuracy: 0.656250, Loss: 5.124893, time: 1.869 sec/batch
INFO:tensorflow:Step: 495, Accuracy: 0.656250, Loss: 5.043283, time: 2.068 sec/batch
INFO:tensorflow:Step: 496, Accuracy: 0.750000, Loss: 5.260922, time: 2.130 sec/batch
INFO:tensorflow:Step: 497, Accuracy: 0.687500, Loss: 5.210111, time: 1.656 sec/batch
INFO:tensorflow:Step: 498, Accuracy: 0.578125, Loss: 4.945452, time: 2.337 sec/batch
INFO:tensorflow:Step: 499, Accuracy: 0.640625, Loss: 4.906482, time: 1.921 sec/batch
INFO:tensorflow:Step: 500, Accuracy: 0.515625, Loss: 5.367649, time: 2.177 sec/batch
INFO:tensorflow:Step: 501, Accuracy: 0.656250, Loss: 4.959475, time: 1.680 sec/batch
INFO:tensorflow:Step: 502, Accuracy: 0.640625, Loss: 5.283624, time: 1.919 sec/batch
INFO:tensorflow:Step: 503, Accuracy: 0.656250, Loss: 4.989025, time: 1.949 sec/batch
INFO:tensorflow:Step: 504, Accuracy: 0.656250, Loss: 5.269681, time: 2.095 sec/batch
INFO:tensorflow:Step: 505, Accuracy: 0.734375, Loss: 5.315763, time: 2.130 sec/batch
INFO:tensorflow:Step: 506, Accuracy: 0.640625, Loss: 5.071826, time: 1.613 sec/batch
INFO:tensorflow:Step: 507, Accuracy: 0.703125, Loss: 5.242497, time: 2.152 sec/batch
INFO:tensorflow:Step: 508, Accuracy: 0.656250, Loss: 5.098602, time: 1.797 sec/batch
INFO:tensorflow:Step: 509, Accuracy: 0.734375, Loss: 5.025038, time: 1.707 sec/batch
INFO:tensorflow:Step: 510, Accuracy: 0.734375, Loss: 4.986601, time: 1.882 sec/batch
INFO:tensorflow:Step: 511, Accuracy: 0.656250, Loss: 5.103402, time: 1.809 sec/batch
INFO:tensorflow:Step: 512, Accuracy: 0.687500, Loss: 5.122128, time: 1.926 sec/batch
INFO:tensorflow:Step: 513, Accuracy: 0.640625, Loss: 5.346425, time: 2.309 sec/batch
INFO:tensorflow:Step: 514, Accuracy: 0.609375, Loss: 5.201198, time: 2.217 sec/batch
INFO:tensorflow:Step: 515, Accuracy: 0.625000, Loss: 5.284519, time: 1.992 sec/batch
INFO:tensorflow:Step: 516, Accuracy: 0.718750, Loss: 5.217672, time: 1.908 sec/batch
INFO:tensorflow:Step: 517, Accuracy: 0.656250, Loss: 5.117483, time: 2.242 sec/batch
INFO:tensorflow:Step: 518, Accuracy: 0.765625, Loss: 4.989094, time: 2.101 sec/batch
INFO:tensorflow:Step: 519, Accuracy: 0.656250, Loss: 5.047582, time: 1.590 sec/batch
INFO:tensorflow:Step: 520, Accuracy: 0.671875, Loss: 4.921338, time: 1.930 sec/batch
INFO:tensorflow:Step: 521, Accuracy: 0.687500, Loss: 4.935677, time: 1.989 sec/batch
INFO:tensorflow:Step: 522, Accuracy: 0.687500, Loss: 5.117845, time: 2.225 sec/batch
INFO:tensorflow:Step: 523, Accuracy: 0.578125, Loss: 4.839264, time: 1.928 sec/batch
INFO:tensorflow:Step: 524, Accuracy: 0.625000, Loss: 5.046602, time: 1.982 sec/batch
INFO:tensorflow:Step: 525, Accuracy: 0.609375, Loss: 5.127192, time: 1.668 sec/batch
INFO:tensorflow:Step: 526, Accuracy: 0.687500, Loss: 4.966680, time: 1.971 sec/batch
INFO:tensorflow:Step: 527, Accuracy: 0.609375, Loss: 5.019590, time: 1.784 sec/batch
INFO:tensorflow:Step: 528, Accuracy: 0.656250, Loss: 5.135123, time: 1.649 sec/batch
INFO:tensorflow:Step: 529, Accuracy: 0.578125, Loss: 4.952475, time: 1.410 sec/batch
INFO:tensorflow:Step: 530, Accuracy: 0.671875, Loss: 5.207701, time: 1.793 sec/batch
INFO:tensorflow:Step: 531, Accuracy: 0.640625, Loss: 4.940365, time: 1.586 sec/batch
INFO:tensorflow:Step: 532, Accuracy: 0.671875, Loss: 5.131640, time: 1.474 sec/batch
INFO:tensorflow:Step: 533, Accuracy: 0.609375, Loss: 5.459997, time: 1.697 sec/batch
INFO:tensorflow:Step: 534, Accuracy: 0.671875, Loss: 4.996479, time: 1.784 sec/batch
INFO:tensorflow:Step: 535, Accuracy: 0.703125, Loss: 5.152778, time: 1.651 sec/batch
INFO:tensorflow:Step: 536, Accuracy: 0.765625, Loss: 5.075978, time: 1.855 sec/batch
INFO:tensorflow:Step: 537, Accuracy: 0.718750, Loss: 4.926177, time: 1.886 sec/batch
INFO:tensorflow:Step: 538, Accuracy: 0.656250, Loss: 5.236195, time: 1.852 sec/batch
INFO:tensorflow:Step: 539, Accuracy: 0.703125, Loss: 5.075681, time: 1.652 sec/batch
INFO:tensorflow:Step: 540, Accuracy: 0.531250, Loss: 5.052269, time: 1.576 sec/batch
INFO:tensorflow:Step: 541, Accuracy: 0.671875, Loss: 5.066682, time: 2.064 sec/batch
INFO:tensorflow:Step: 542, Accuracy: 0.687500, Loss: 5.202265, time: 1.944 sec/batch
INFO:tensorflow:Step: 543, Accuracy: 0.578125, Loss: 5.099611, time: 1.789 sec/batch
INFO:tensorflow:Step: 544, Accuracy: 0.671875, Loss: 5.091343, time: 1.736 sec/batch
INFO:tensorflow:Step: 545, Accuracy: 0.625000, Loss: 5.251510, time: 2.511 sec/batch
INFO:tensorflow:Step: 546, Accuracy: 0.812500, Loss: 4.925524, time: 2.205 sec/batch
INFO:tensorflow:Step: 547, Accuracy: 0.750000, Loss: 5.099087, time: 1.726 sec/batch
INFO:tensorflow:Step: 548, Accuracy: 0.750000, Loss: 4.857299, time: 2.063 sec/batch
INFO:tensorflow:Step: 549, Accuracy: 0.671875, Loss: 5.163898, time: 1.956 sec/batch
INFO:tensorflow:Step: 550, Accuracy: 0.656250, Loss: 4.958887, time: 1.873 sec/batch
INFO:tensorflow:Step: 551, Accuracy: 0.546875, Loss: 5.119443, time: 2.076 sec/batch
INFO:tensorflow:Step: 552, Accuracy: 0.562500, Loss: 4.848470, time: 2.033 sec/batch
INFO:tensorflow:Step: 553, Accuracy: 0.625000, Loss: 5.063007, time: 1.762 sec/batch
INFO:tensorflow:Step: 554, Accuracy: 0.593750, Loss: 4.906639, time: 1.721 sec/batch
INFO:tensorflow:Step: 555, Accuracy: 0.718750, Loss: 4.985115, time: 1.831 sec/batch
INFO:tensorflow:Step: 556, Accuracy: 0.687500, Loss: 4.949190, time: 1.584 sec/batch
run-expr-4node.sh: line 23: 14435 Terminated              CUDA_VISIBLE_DEVICES=$1 bazel-bin/inception/imagenet_distributed_train --batch_size=64 --data_dir=/lfs/local/0/daniter/imagenet-8-$2 --job_name='worker' --task_id=$2 --ps_hosts='raiders1:2228' --worker_hosts='raiders1:2200,raiders1:2201,raiders3:2209,raiders3:2210' --initial_learning_rate=$3 --momentum=$4 --sync=True --compute_groups=$5
