DISPLAY "(null)" invalid; disabling X11 forwarding
I tensorflow/stream_executor/dso_loader.cc:108] successfully opened CUDA library libcublas.so locally
I tensorflow/stream_executor/dso_loader.cc:108] successfully opened CUDA library libcudnn.so locally
I tensorflow/stream_executor/dso_loader.cc:108] successfully opened CUDA library libcufft.so locally
I tensorflow/stream_executor/dso_loader.cc:108] successfully opened CUDA library libcuda.so locally
I tensorflow/stream_executor/dso_loader.cc:108] successfully opened CUDA library libcurand.so locally
INFO:tensorflow:PS hosts are: ['raiders1:2228']
INFO:tensorflow:Worker hosts are: ['raiders1:2200', 'raiders1:2201', 'raiders3:2209', 'raiders3:2210']
I tensorflow/core/common_runtime/gpu/gpu_init.cc:102] Found device 0 with properties: 
name: GeForce GTX TITAN X
major: 5 minor: 2 memoryClockRate (GHz) 1.076
pciBusID 0000:43:00.0
Total memory: 11.92GiB
Free memory: 11.81GiB
I tensorflow/core/common_runtime/gpu/gpu_init.cc:126] DMA: 0 
I tensorflow/core/common_runtime/gpu/gpu_init.cc:136] 0:   Y 
I tensorflow/core/common_runtime/gpu/gpu_device.cc:806] Creating TensorFlow device (/gpu:0) -> (device: 0, name: GeForce GTX TITAN X, pci bus id: 0000:43:00.0)
I tensorflow/core/distributed_runtime/rpc/grpc_channel.cc:206] Initialize HostPortsGrpcChannelCache for job ps -> {raiders1:2228}
I tensorflow/core/distributed_runtime/rpc/grpc_channel.cc:206] Initialize HostPortsGrpcChannelCache for job worker -> {raiders1:2200, raiders1:2201, raiders3:2209, localhost:2210}
I tensorflow/core/distributed_runtime/rpc/grpc_server_lib.cc:202] Started server with target: grpc://localhost:2210
INFO:tensorflow:Learning rate: 0.010000, momentum: 0.300000
INFO:tensorflow:2016-07-21 00:14:56.474776 Supervisor
INFO:tensorflow:Started 3 queues for processing input data.
I tensorflow/core/common_runtime/gpu/pool_allocator.cc:244] PoolAllocator: After 3576 get requests, put_count=2565 evicted_count=1000 eviction_rate=0.389864 and unsatisfied allocation rate=0.590324
I tensorflow/core/common_runtime/gpu/pool_allocator.cc:256] Raising pool_size_limit_ from 100 to 110
INFO:tensorflow:Step: 418, Loss: 5.033417, time: 11.122 sec/batch
INFO:tensorflow:Step: 419, Loss: 5.095531, time: 1.326 sec/batch
INFO:tensorflow:Step: 421, Loss: 5.186231, time: 1.917 sec/batch
INFO:tensorflow:Step: 423, Loss: 5.071362, time: 1.347 sec/batch
INFO:tensorflow:Step: 425, Loss: 4.907115, time: 1.280 sec/batch
I tensorflow/core/common_runtime/gpu/pool_allocator.cc:244] PoolAllocator: After 0 get requests, put_count=1016 evicted_count=1000 eviction_rate=0.984252 and unsatisfied allocation rate=0
INFO:tensorflow:Step: 427, Loss: 5.031787, time: 1.147 sec/batch
INFO:tensorflow:Step: 429, Loss: 5.103683, time: 1.164 sec/batch
INFO:tensorflow:Step: 431, Loss: 5.062139, time: 1.250 sec/batch
INFO:tensorflow:Step: 433, Loss: 5.055841, time: 1.472 sec/batch
INFO:tensorflow:Step: 435, Loss: 5.114750, time: 1.312 sec/batch
I tensorflow/core/common_runtime/gpu/pool_allocator.cc:244] PoolAllocator: After 0 get requests, put_count=1025 evicted_count=1000 eviction_rate=0.97561 and unsatisfied allocation rate=0
INFO:tensorflow:Step: 437, Loss: 4.915314, time: 1.310 sec/batch
INFO:tensorflow:Step: 439, Loss: 5.291158, time: 1.336 sec/batch
INFO:tensorflow:Step: 441, Loss: 5.067791, time: 1.342 sec/batch
INFO:tensorflow:Step: 443, Loss: 4.870133, time: 1.451 sec/batch
INFO:tensorflow:Step: 445, Loss: 5.017400, time: 1.344 sec/batch
INFO:tensorflow:Step: 447, Loss: 4.912759, time: 1.313 sec/batch
I tensorflow/core/common_runtime/gpu/pool_allocator.cc:244] PoolAllocator: After 0 get requests, put_count=1044 evicted_count=1000 eviction_rate=0.957854 and unsatisfied allocation rate=0
INFO:tensorflow:Step: 449, Loss: 5.041333, time: 1.321 sec/batch
INFO:tensorflow:Step: 451, Loss: 4.858146, time: 1.447 sec/batch
INFO:tensorflow:Step: 453, Loss: 5.049326, time: 1.349 sec/batch
INFO:tensorflow:Step: 455, Loss: 4.940231, time: 1.314 sec/batch
INFO:tensorflow:Step: 457, Loss: 4.993631, time: 1.292 sec/batch
INFO:tensorflow:Step: 459, Loss: 5.106995, time: 1.373 sec/batch
INFO:tensorflow:Step: 461, Loss: 4.956747, time: 1.265 sec/batch
I tensorflow/core/common_runtime/gpu/pool_allocator.cc:244] PoolAllocator: After 3575 get requests, put_count=4411 evicted_count=2000 eviction_rate=0.453412 and unsatisfied allocation rate=0.347692
I tensorflow/core/common_runtime/gpu/pool_allocator.cc:256] Raising pool_size_limit_ from 871 to 958
INFO:tensorflow:Step: 463, Loss: 5.196342, time: 1.258 sec/batch
INFO:tensorflow:Step: 465, Loss: 4.884334, time: 1.483 sec/batch
INFO:tensorflow:Step: 467, Loss: 4.958748, time: 1.321 sec/batch
INFO:tensorflow:Step: 469, Loss: 4.946706, time: 1.558 sec/batch
INFO:tensorflow:Step: 471, Loss: 5.105628, time: 1.289 sec/batch
INFO:tensorflow:Step: 473, Loss: 5.132224, time: 2.810 sec/batch
INFO:tensorflow:Step: 479, Loss: 4.962602, time: 1.772 sec/batch
INFO:tensorflow:Step: 483, Loss: 5.080439, time: 1.286 sec/batch
INFO:tensorflow:Step: 487, Loss: 4.991255, time: 2.229 sec/batch
INFO:tensorflow:Step: 492, Loss: 5.034245, time: 2.621 sec/batch
INFO:tensorflow:Step: 497, Loss: 5.185652, time: 2.804 sec/batch
INFO:tensorflow:Step: 502, Loss: 5.253669, time: 1.639 sec/batch
INFO:tensorflow:Step: 506, Loss: 4.904609, time: 1.751 sec/batch
INFO:tensorflow:Step: 510, Loss: 4.961807, time: 1.347 sec/batch
INFO:tensorflow:Step: 514, Loss: 4.870142, time: 1.650 sec/batch
INFO:tensorflow:Step: 518, Loss: 4.871512, time: 2.342 sec/batch
INFO:tensorflow:Step: 524, Loss: 4.912100, time: 1.495 sec/batch
INFO:tensorflow:Step: 528, Loss: 4.893208, time: 2.229 sec/batch
INFO:tensorflow:Step: 533, Loss: 4.927567, time: 2.044 sec/batch
INFO:tensorflow:Step: 538, Loss: 5.117200, time: 2.079 sec/batch
INFO:tensorflow:Step: 542, Loss: 5.027348, time: 2.091 sec/batch
INFO:tensorflow:Step: 548, Loss: 5.048344, time: 1.822 sec/batch
INFO:tensorflow:Step: 552, Loss: 4.882464, time: 1.725 sec/batch
INFO:tensorflow:Step: 557, Loss: 4.895000, time: 1.405 sec/batch
INFO:tensorflow:Step: 561, Loss: 4.890895, time: 1.532 sec/batch
INFO:tensorflow:Step: 566, Loss: 4.936106, time: 2.082 sec/batch
INFO:tensorflow:Step: 571, Loss: 4.790881, time: 2.172 sec/batch
INFO:tensorflow:Step: 576, Loss: 4.851962, time: 2.907 sec/batch
INFO:tensorflow:Step: 583, Loss: 4.834001, time: 1.749 sec/batch
INFO:tensorflow:Step: 588, Loss: 4.897045, time: 1.956 sec/batch
INFO:tensorflow:Step: 593, Loss: 4.778758, time: 1.766 sec/batch
INFO:tensorflow:Step: 597, Loss: 4.779462, time: 1.430 sec/batch
INFO:tensorflow:Step: 602, Loss: 5.028242, time: 1.888 sec/batch
INFO:tensorflow:Step: 606, Loss: 4.889364, time: 1.394 sec/batch
INFO:tensorflow:Step: 610, Loss: 4.992121, time: 1.653 sec/batch
INFO:tensorflow:Step: 615, Loss: 5.058588, time: 1.282 sec/batch
INFO:tensorflow:Step: 619, Loss: 4.929162, time: 2.013 sec/batch
INFO:tensorflow:Step: 623, Loss: 4.785056, time: 1.670 sec/batch
INFO:tensorflow:Step: 628, Loss: 4.925786, time: 1.954 sec/batch
INFO:tensorflow:Step: 633, Loss: 4.990964, time: 1.682 sec/batch
INFO:tensorflow:Step: 637, Loss: 4.930152, time: 1.531 sec/batch
INFO:tensorflow:Step: 641, Loss: 5.078421, time: 1.724 sec/batch
INFO:tensorflow:Step: 645, Loss: 4.808867, time: 1.722 sec/batch
INFO:tensorflow:Step: 651, Loss: 5.305773, time: 1.829 sec/batch
INFO:tensorflow:Step: 655, Loss: 4.895525, time: 1.277 sec/batch
INFO:tensorflow:Step: 659, Loss: 5.002782, time: 1.472 sec/batch
INFO:tensorflow:Step: 663, Loss: 4.950735, time: 1.351 sec/batch
INFO:tensorflow:Step: 667, Loss: 4.711295, time: 1.569 sec/batch
INFO:tensorflow:Step: 671, Loss: 4.943858, time: 1.294 sec/batch
INFO:tensorflow:Step: 675, Loss: 5.021538, time: 1.372 sec/batch
INFO:tensorflow:Step: 679, Loss: 4.844753, time: 1.250 sec/batch
INFO:tensorflow:Step: 683, Loss: 4.771444, time: 1.254 sec/batch
INFO:tensorflow:Step: 687, Loss: 4.956790, time: 1.333 sec/batch
INFO:tensorflow:Step: 690, Loss: 4.932731, time: 1.869 sec/batch
INFO:tensorflow:Step: 696, Loss: 4.927427, time: 1.427 sec/batch
INFO:tensorflow:Step: 700, Loss: 4.876222, time: 2.014 sec/batch
INFO:tensorflow:Step: 705, Loss: 4.922482, time: 1.658 sec/batch
INFO:tensorflow:Step: 710, Loss: 4.828189, time: 1.703 sec/batch
INFO:tensorflow:Step: 714, Loss: 4.895747, time: 1.777 sec/batch
INFO:tensorflow:Step: 719, Loss: 4.860452, time: 1.559 sec/batch
INFO:tensorflow:Step: 724, Loss: 4.782753, time: 1.533 sec/batch
INFO:tensorflow:Step: 728, Loss: 4.771205, time: 1.628 sec/batch
INFO:tensorflow:Step: 732, Loss: 5.042025, time: 1.426 sec/batch
INFO:tensorflow:Step: 737, Loss: 4.885954, time: 1.752 sec/batch
INFO:tensorflow:Step: 742, Loss: 4.779979, time: 1.529 sec/batch
INFO:tensorflow:Step: 746, Loss: 4.918979, time: 1.366 sec/batch
INFO:tensorflow:Step: 750, Loss: 4.898227, time: 1.327 sec/batch
INFO:tensorflow:Step: 754, Loss: 4.982986, time: 1.384 sec/batch
INFO:tensorflow:Step: 758, Loss: 4.769240, time: 1.401 sec/batch
INFO:tensorflow:Step: 762, Loss: 4.918398, time: 1.269 sec/batch
INFO:tensorflow:Step: 766, Loss: 4.765833, time: 1.288 sec/batch
INFO:tensorflow:Step: 770, Loss: 5.042186, time: 1.340 sec/batch
INFO:tensorflow:Step: 774, Loss: 4.946450, time: 1.756 sec/batch
INFO:tensorflow:Step: 778, Loss: 4.637775, time: 1.403 sec/batch
INFO:tensorflow:Step: 782, Loss: 4.769394, time: 1.467 sec/batch
INFO:tensorflow:Step: 788, Loss: 4.781510, time: 1.489 sec/batch
INFO:tensorflow:Step: 792, Loss: 4.973417, time: 1.391 sec/batch
INFO:tensorflow:Step: 796, Loss: 5.220290, time: 1.509 sec/batch
INFO:tensorflow:Step: 800, Loss: 4.868642, time: 1.334 sec/batch
INFO:tensorflow:Step: 804, Loss: 4.995055, time: 1.338 sec/batch
INFO:tensorflow:Step: 808, Loss: 4.870650, time: 1.315 sec/batch
INFO:tensorflow:Step: 812, Loss: 4.936074, time: 1.308 sec/batch
INFO:tensorflow:Step: 816, Loss: 4.936944, time: 1.500 sec/batch
INFO:tensorflow:Step: 820, Loss: 4.622888, time: 1.419 sec/batch
INFO:tensorflow:Step: 824, Loss: 4.698893, time: 1.976 sec/batch
INFO:tensorflow:Step: 830, Loss: 5.083162, time: 1.361 sec/batch
INFO:tensorflow:Step: 834, Loss: 4.748662, time: 1.681 sec/batch
INFO:tensorflow:Step: 838, Loss: 5.038280, time: 1.826 sec/batch
INFO:tensorflow:Step: 842, Loss: 4.725871, time: 1.619 sec/batch
INFO:tensorflow:Step: 847, Loss: 4.821436, time: 1.612 sec/batch
INFO:tensorflow:Step: 852, Loss: 4.846961, time: 1.439 sec/batch
INFO:tensorflow:Step: 856, Loss: 4.858862, time: 1.377 sec/batch
INFO:tensorflow:Step: 860, Loss: 4.815290, time: 1.605 sec/batch
INFO:tensorflow:Step: 864, Loss: 4.760296, time: 1.472 sec/batch
INFO:tensorflow:Step: 869, Loss: 4.899353, time: 1.658 sec/batch
INFO:tensorflow:Step: 874, Loss: 4.929537, time: 1.342 sec/batch
INFO:tensorflow:Step: 878, Loss: 4.879549, time: 1.267 sec/batch
INFO:tensorflow:Step: 882, Loss: 4.599600, time: 1.357 sec/batch
INFO:tensorflow:Step: 886, Loss: 4.667381, time: 1.672 sec/batch
INFO:tensorflow:Step: 890, Loss: 4.921745, time: 1.652 sec/batch
INFO:tensorflow:Step: 894, Loss: 4.903029, time: 1.991 sec/batch
INFO:tensorflow:Step: 901, Loss: 4.823951, time: 1.587 sec/batch
INFO:tensorflow:Step: 905, Loss: 4.741184, time: 1.346 sec/batch
INFO:tensorflow:Step: 909, Loss: 4.884995, time: 1.318 sec/batch
INFO:tensorflow:Step: 913, Loss: 5.054886, time: 1.320 sec/batch
INFO:tensorflow:Step: 917, Loss: 4.962655, time: 1.606 sec/batch
INFO:tensorflow:Step: 921, Loss: 4.647124, time: 1.505 sec/batch
INFO:tensorflow:Step: 925, Loss: 4.742772, time: 1.993 sec/batch
INFO:tensorflow:Step: 931, Loss: 4.710139, time: 1.528 sec/batch
INFO:tensorflow:Step: 935, Loss: 4.872661, time: 1.933 sec/batch
INFO:tensorflow:Step: 939, Loss: 4.828945, time: 1.615 sec/batch
INFO:tensorflow:Step: 945, Loss: 4.798839, time: 1.300 sec/batch
INFO:tensorflow:Step: 949, Loss: 4.935604, time: 1.275 sec/batch
INFO:tensorflow:Step: 953, Loss: 4.882944, time: 1.255 sec/batch
INFO:tensorflow:Step: 957, Loss: 4.804097, time: 1.312 sec/batch
INFO:tensorflow:Step: 961, Loss: 4.699502, time: 1.295 sec/batch
INFO:tensorflow:Step: 965, Loss: 4.752719, time: 1.393 sec/batch
INFO:tensorflow:Step: 969, Loss: 4.703914, time: 1.307 sec/batch
INFO:tensorflow:Step: 973, Loss: 4.805838, time: 1.299 sec/batch
INFO:tensorflow:Step: 977, Loss: 4.738285, time: 1.289 sec/batch
INFO:tensorflow:Step: 981, Loss: 4.780025, time: 1.282 sec/batch
INFO:tensorflow:Step: 985, Loss: 4.835495, time: 1.314 sec/batch
INFO:tensorflow:Step: 989, Loss: 4.976660, time: 1.372 sec/batch
INFO:tensorflow:Step: 993, Loss: 5.041492, time: 1.340 sec/batch
INFO:tensorflow:Step: 997, Loss: 4.872146, time: 1.480 sec/batch
INFO:tensorflow:Step: 1002, Loss: 4.737162, time: 1.881 sec/batch
INFO:tensorflow:Step: 1007, Loss: 5.010301, time: 1.343 sec/batch
INFO:tensorflow:Step: 1011, Loss: 4.862689, time: 1.246 sec/batch
INFO:tensorflow:Step: 1015, Loss: 4.981919, time: 1.270 sec/batch
INFO:tensorflow:Step: 1019, Loss: 4.849905, time: 1.419 sec/batch
INFO:tensorflow:Step: 1023, Loss: 4.720101, time: 1.565 sec/batch
INFO:tensorflow:Step: 1027, Loss: 4.738613, time: 1.555 sec/batch
INFO:tensorflow:Step: 1031, Loss: 4.623978, time: 1.550 sec/batch
INFO:tensorflow:Step: 1036, Loss: 4.819602, time: 1.365 sec/batch
INFO:tensorflow:Step: 1041, Loss: 4.755907, time: 1.280 sec/batch
INFO:tensorflow:Step: 1044, Loss: 5.000840, time: 1.522 sec/batch
INFO:tensorflow:Step: 1049, Loss: 4.687513, time: 1.621 sec/batch
INFO:tensorflow:Step: 1053, Loss: 4.889853, time: 1.232 sec/batch
INFO:tensorflow:Step: 1057, Loss: 4.785182, time: 1.453 sec/batch
INFO:tensorflow:Step: 1061, Loss: 5.151929, time: 1.363 sec/batch
INFO:tensorflow:Step: 1064, Loss: 4.954957, time: 1.334 sec/batch
INFO:tensorflow:Step: 1068, Loss: 4.677495, time: 1.299 sec/batch
INFO:tensorflow:Step: 1072, Loss: 4.851970, time: 1.298 sec/batch
INFO:tensorflow:Step: 1076, Loss: 4.652135, time: 1.365 sec/batch
INFO:tensorflow:Step: 1080, Loss: 4.660813, time: 1.414 sec/batch
INFO:tensorflow:Step: 1084, Loss: 4.589955, time: 1.776 sec/batch
INFO:tensorflow:Step: 1088, Loss: 4.763786, time: 1.294 sec/batch
INFO:tensorflow:Step: 1092, Loss: 5.015932, time: 1.259 sec/batch
INFO:tensorflow:Step: 1096, Loss: 5.157667, time: 1.277 sec/batch
INFO:tensorflow:Step: 1100, Loss: 4.897220, time: 1.251 sec/batch
INFO:tensorflow:Step: 1104, Loss: 4.925026, time: 1.350 sec/batch
INFO:tensorflow:Step: 1108, Loss: 4.785028, time: 1.365 sec/batch
INFO:tensorflow:Step: 1112, Loss: 4.849660, time: 1.437 sec/batch
INFO:tensorflow:Step: 1116, Loss: 4.679537, time: 1.384 sec/batch
INFO:tensorflow:Step: 1120, Loss: 4.744972, time: 1.607 sec/batch
INFO:tensorflow:Step: 1125, Loss: 4.729715, time: 1.287 sec/batch
INFO:tensorflow:Step: 1130, Loss: 4.714018, time: 1.343 sec/batch
INFO:tensorflow:Step: 1134, Loss: 4.573420, time: 1.509 sec/batch
INFO:tensorflow:Step: 1138, Loss: 4.822852, time: 1.372 sec/batch
INFO:tensorflow:Step: 1142, Loss: 4.595815, time: 1.663 sec/batch
INFO:tensorflow:Step: 1146, Loss: 4.870476, time: 1.388 sec/batch
INFO:tensorflow:Step: 1150, Loss: 4.848388, time: 1.430 sec/batch
INFO:tensorflow:Step: 1155, Loss: 4.813484, time: 1.561 sec/batch
INFO:tensorflow:Step: 1160, Loss: 4.651226, time: 1.313 sec/batch
INFO:tensorflow:Step: 1164, Loss: 4.647535, time: 1.453 sec/batch
INFO:tensorflow:Step: 1168, Loss: 4.576762, time: 1.270 sec/batch
INFO:tensorflow:Step: 1172, Loss: 4.825289, time: 1.407 sec/batch
INFO:tensorflow:Step: 1176, Loss: 4.686475, time: 1.451 sec/batch
INFO:tensorflow:Step: 1180, Loss: 4.798018, time: 1.428 sec/batch
INFO:tensorflow:Step: 1183, Loss: 4.725552, time: 1.623 sec/batch
INFO:tensorflow:Step: 1187, Loss: 4.720862, time: 2.291 sec/batch
INFO:tensorflow:Step: 1193, Loss: 4.760353, time: 1.277 sec/batch
INFO:tensorflow:Step: 1197, Loss: 4.656068, time: 1.397 sec/batch
INFO:tensorflow:Step: 1201, Loss: 4.682878, time: 1.287 sec/batch
INFO:tensorflow:Step: 1205, Loss: 4.646916, time: 1.307 sec/batch
INFO:tensorflow:Step: 1209, Loss: 4.605112, time: 1.692 sec/batch
INFO:tensorflow:Step: 1213, Loss: 4.640584, time: 1.350 sec/batch
INFO:tensorflow:Step: 1218, Loss: 4.810164, time: 1.318 sec/batch
INFO:tensorflow:Step: 1222, Loss: 4.796828, time: 2.191 sec/batch
INFO:tensorflow:Step: 1227, Loss: 4.742119, time: 1.262 sec/batch
INFO:tensorflow:Step: 1231, Loss: 4.741354, time: 1.253 sec/batch
INFO:tensorflow:Step: 1235, Loss: 4.693916, time: 1.374 sec/batch
INFO:tensorflow:Step: 1239, Loss: 4.863883, time: 1.210 sec/batch
INFO:tensorflow:Step: 1243, Loss: 4.803623, time: 1.271 sec/batch
INFO:tensorflow:Step: 1247, Loss: 4.616649, time: 1.279 sec/batch
INFO:tensorflow:Step: 1251, Loss: 4.754738, time: 1.514 sec/batch
INFO:tensorflow:Step: 1255, Loss: 4.994848, time: 1.394 sec/batch
INFO:tensorflow:Step: 1258, Loss: 4.783219, time: 1.337 sec/batch
INFO:tensorflow:Step: 1262, Loss: 4.851952, time: 1.786 sec/batch
INFO:tensorflow:Step: 1267, Loss: 4.644790, time: 1.286 sec/batch
INFO:tensorflow:Step: 1271, Loss: 4.880342, time: 1.324 sec/batch
INFO:tensorflow:Step: 1275, Loss: 4.768578, time: 1.328 sec/batch
INFO:tensorflow:Step: 1279, Loss: 4.763506, time: 1.324 sec/batch
INFO:tensorflow:Step: 1284, Loss: 4.678103, time: 1.504 sec/batch
INFO:tensorflow:Step: 1288, Loss: 4.761530, time: 1.481 sec/batch
INFO:tensorflow:Step: 1292, Loss: 4.933912, time: 1.282 sec/batch
INFO:tensorflow:Step: 1296, Loss: 4.655820, time: 1.310 sec/batch
INFO:tensorflow:Step: 1300, Loss: 4.642462, time: 1.317 sec/batch
INFO:tensorflow:Step: 1304, Loss: 4.530983, time: 1.426 sec/batch
INFO:tensorflow:Step: 1308, Loss: 4.579699, time: 1.252 sec/batch
INFO:tensorflow:Step: 1312, Loss: 4.767554, time: 1.530 sec/batch
INFO:tensorflow:Step: 1316, Loss: 4.652085, time: 1.404 sec/batch
INFO:tensorflow:Step: 1320, Loss: 4.769038, time: 1.266 sec/batch
INFO:tensorflow:Step: 1324, Loss: 4.488877, time: 1.323 sec/batch
INFO:tensorflow:Step: 1328, Loss: 4.548862, time: 1.339 sec/batch
INFO:tensorflow:Step: 1333, Loss: 4.814459, time: 1.660 sec/batch
INFO:tensorflow:Step: 1337, Loss: 4.626713, time: 1.322 sec/batch
INFO:tensorflow:Step: 1342, Loss: 4.885563, time: 1.353 sec/batch
INFO:tensorflow:Step: 1346, Loss: 4.741365, time: 1.376 sec/batch
INFO:tensorflow:Step: 1350, Loss: 4.756996, time: 1.462 sec/batch
INFO:tensorflow:Step: 1354, Loss: 4.647359, time: 1.369 sec/batch
INFO:tensorflow:Step: 1358, Loss: 4.688236, time: 1.481 sec/batch
INFO:tensorflow:Step: 1362, Loss: 4.784043, time: 1.309 sec/batch
INFO:tensorflow:Step: 1366, Loss: 4.513878, time: 1.387 sec/batch
INFO:tensorflow:Step: 1370, Loss: 4.674915, time: 1.395 sec/batch
INFO:tensorflow:Step: 1374, Loss: 4.765408, time: 1.741 sec/batch
INFO:tensorflow:Step: 1379, Loss: 4.852274, time: 1.408 sec/batch
INFO:tensorflow:Step: 1384, Loss: 4.613503, time: 1.517 sec/batch
INFO:tensorflow:Step: 1388, Loss: 4.867696, time: 1.324 sec/batch
INFO:tensorflow:Step: 1392, Loss: 4.664126, time: 1.318 sec/batch
INFO:tensorflow:Step: 1396, Loss: 4.607485, time: 1.576 sec/batch
INFO:tensorflow:Step: 1400, Loss: 4.736372, time: 2.093 sec/batch
INFO:tensorflow:Step: 1405, Loss: 4.611300, time: 1.292 sec/batch
INFO:tensorflow:Step: 1409, Loss: 4.678227, time: 1.588 sec/batch
INFO:tensorflow:Step: 1414, Loss: 4.778716, time: 1.389 sec/batch
INFO:tensorflow:Step: 1418, Loss: 4.596745, time: 1.294 sec/batch
INFO:tensorflow:Step: 1422, Loss: 4.701644, time: 1.277 sec/batch
INFO:tensorflow:Step: 1426, Loss: 4.800788, time: 1.343 sec/batch
INFO:tensorflow:Step: 1430, Loss: 4.618758, time: 1.458 sec/batch
INFO:tensorflow:Step: 1434, Loss: 4.635746, time: 1.506 sec/batch
INFO:tensorflow:Step: 1438, Loss: 4.671052, time: 1.712 sec/batch
INFO:tensorflow:Step: 1443, Loss: 4.742070, time: 1.999 sec/batch
INFO:tensorflow:Step: 1448, Loss: 4.777143, time: 1.337 sec/batch
INFO:tensorflow:Step: 1452, Loss: 4.499786, time: 1.285 sec/batch
INFO:tensorflow:Step: 1456, Loss: 4.590485, time: 1.358 sec/batch
INFO:tensorflow:Step: 1461, Loss: 4.948646, time: 1.412 sec/batch
INFO:tensorflow:Step: 1465, Loss: 4.653513, time: 1.379 sec/batch
INFO:tensorflow:Step: 1469, Loss: 4.698907, time: 1.618 sec/batch
INFO:tensorflow:Step: 1474, Loss: 4.698294, time: 1.686 sec/batch
INFO:tensorflow:Step: 1478, Loss: 4.708362, time: 1.357 sec/batch
INFO:tensorflow:Step: 1483, Loss: 4.652359, time: 1.412 sec/batch
INFO:tensorflow:Step: 1487, Loss: 4.589045, time: 1.809 sec/batch
INFO:tensorflow:Step: 1491, Loss: 4.487384, time: 1.673 sec/batch
INFO:tensorflow:Step: 1496, Loss: 4.686516, time: 1.273 sec/batch
INFO:tensorflow:Step: 1500, Loss: 4.793539, time: 1.412 sec/batch
INFO:tensorflow:Step: 1505, Loss: 4.394372, time: 1.431 sec/batch
INFO:tensorflow:Step: 1509, Loss: 4.628875, time: 1.318 sec/batch
INFO:tensorflow:Step: 1513, Loss: 4.734212, time: 1.348 sec/batch
INFO:tensorflow:Step: 1517, Loss: 4.611752, time: 1.287 sec/batch
INFO:tensorflow:Step: 1521, Loss: 4.592161, time: 1.478 sec/batch
INFO:tensorflow:Step: 1525, Loss: 4.934285, time: 1.341 sec/batch
INFO:tensorflow:Step: 1529, Loss: 4.626963, time: 1.395 sec/batch
INFO:tensorflow:Step: 1534, Loss: 4.717965, time: 1.512 sec/batch
INFO:tensorflow:Step: 1538, Loss: 4.626391, time: 1.512 sec/batch
INFO:tensorflow:Step: 1543, Loss: 4.687048, time: 1.299 sec/batch
INFO:tensorflow:Step: 1547, Loss: 4.886034, time: 1.301 sec/batch
INFO:tensorflow:Step: 1551, Loss: 4.716242, time: 1.330 sec/batch
INFO:tensorflow:Step: 1555, Loss: 4.638221, time: 1.608 sec/batch
INFO:tensorflow:Step: 1559, Loss: 4.524882, time: 1.501 sec/batch
INFO:tensorflow:Step: 1564, Loss: 4.575558, time: 1.391 sec/batch
INFO:tensorflow:Step: 1568, Loss: 4.772600, time: 1.308 sec/batch
INFO:tensorflow:Step: 1573, Loss: 4.812998, time: 1.386 sec/batch
INFO:tensorflow:Step: 1577, Loss: 4.558924, time: 1.244 sec/batch
INFO:tensorflow:Step: 1581, Loss: 4.657783, time: 1.318 sec/batch
INFO:tensorflow:Step: 1585, Loss: 4.709620, time: 1.327 sec/batch
INFO:tensorflow:Step: 1589, Loss: 4.635666, time: 1.252 sec/batch
INFO:tensorflow:Step: 1593, Loss: 4.430622, time: 1.261 sec/batch
INFO:tensorflow:Step: 1597, Loss: 4.500140, time: 1.299 sec/batch
INFO:tensorflow:Step: 1601, Loss: 4.535423, time: 1.279 sec/batch
INFO:tensorflow:Step: 1604, Loss: 4.556070, time: 1.267 sec/batch
INFO:tensorflow:Step: 1608, Loss: 4.579556, time: 1.394 sec/batch
INFO:tensorflow:Step: 1612, Loss: 4.666810, time: 1.338 sec/batch
INFO:tensorflow:Step: 1616, Loss: 4.538761, time: 1.352 sec/batch
INFO:tensorflow:Step: 1620, Loss: 4.483392, time: 1.372 sec/batch
INFO:tensorflow:Step: 1624, Loss: 4.590859, time: 1.302 sec/batch
INFO:tensorflow:Step: 1628, Loss: 4.658841, time: 1.310 sec/batch
INFO:tensorflow:Step: 1632, Loss: 4.507501, time: 1.379 sec/batch
INFO:tensorflow:Step: 1636, Loss: 4.628550, time: 1.523 sec/batch
INFO:tensorflow:Step: 1641, Loss: 4.860758, time: 1.501 sec/batch
INFO:tensorflow:Step: 1644, Loss: 4.645603, time: 1.248 sec/batch
INFO:tensorflow:Step: 1648, Loss: 4.529325, time: 1.395 sec/batch
INFO:tensorflow:Step: 1652, Loss: 4.497816, time: 1.251 sec/batch
INFO:tensorflow:Step: 1656, Loss: 4.488064, time: 1.247 sec/batch
INFO:tensorflow:Step: 1660, Loss: 4.552934, time: 1.397 sec/batch
INFO:tensorflow:Step: 1664, Loss: 4.639644, time: 1.306 sec/batch
INFO:tensorflow:Step: 1668, Loss: 4.784637, time: 1.295 sec/batch
INFO:tensorflow:Step: 1672, Loss: 4.547086, time: 1.273 sec/batch
INFO:tensorflow:Step: 1676, Loss: 4.634211, time: 1.458 sec/batch
INFO:tensorflow:Step: 1681, Loss: 4.553893, time: 1.290 sec/batch
INFO:tensorflow:Step: 1685, Loss: 4.700353, time: 1.345 sec/batch
INFO:tensorflow:Step: 1689, Loss: 4.493015, time: 1.354 sec/batch
INFO:tensorflow:Step: 1693, Loss: 4.574523, time: 1.457 sec/batch
INFO:tensorflow:Step: 1697, Loss: 4.550750, time: 1.384 sec/batch
INFO:tensorflow:Step: 1701, Loss: 4.619849, time: 1.365 sec/batch
INFO:tensorflow:Step: 1705, Loss: 4.445993, time: 1.314 sec/batch
INFO:tensorflow:Step: 1709, Loss: 4.660262, time: 1.295 sec/batch
INFO:tensorflow:Step: 1714, Loss: 4.468792, time: 1.444 sec/batch
INFO:tensorflow:Step: 1718, Loss: 4.651228, time: 1.262 sec/batch
INFO:tensorflow:Step: 1722, Loss: 4.558171, time: 1.296 sec/batch
INFO:tensorflow:Step: 1726, Loss: 4.484184, time: 1.273 sec/batch
INFO:tensorflow:Step: 1730, Loss: 4.482076, time: 1.272 sec/batch
INFO:tensorflow:Step: 1734, Loss: 4.560922, time: 1.414 sec/batch
INFO:tensorflow:Step: 1738, Loss: 4.496368, time: 1.276 sec/batch
INFO:tensorflow:Step: 1741, Loss: 4.569737, time: 1.222 sec/batch
INFO:tensorflow:Step: 1745, Loss: 4.526768, time: 1.734 sec/batch
INFO:tensorflow:Step: 1750, Loss: 4.513096, time: 1.372 sec/batch
INFO:tensorflow:Step: 1755, Loss: 4.759227, time: 1.435 sec/batch
INFO:tensorflow:Step: 1759, Loss: 4.686666, time: 1.471 sec/batch
INFO:tensorflow:Step: 1763, Loss: 4.674871, time: 1.502 sec/batch
INFO:tensorflow:Step: 1767, Loss: 4.422940, time: 1.362 sec/batch
INFO:tensorflow:Step: 1771, Loss: 4.620134, time: 1.594 sec/batch
INFO:tensorflow:Step: 1775, Loss: 4.616818, time: 1.522 sec/batch
INFO:tensorflow:Step: 1781, Loss: 4.570449, time: 1.324 sec/batch
INFO:tensorflow:Step: 1785, Loss: 4.500768, time: 1.516 sec/batch
INFO:tensorflow:Step: 1789, Loss: 4.739911, time: 1.315 sec/batch
INFO:tensorflow:Step: 1793, Loss: 4.704930, time: 1.837 sec/batch
INFO:tensorflow:Step: 1798, Loss: 4.522118, time: 1.581 sec/batch
INFO:tensorflow:Step: 1802, Loss: 4.665281, time: 1.361 sec/batch
INFO:tensorflow:Step: 1806, Loss: 4.478021, time: 1.357 sec/batch
INFO:tensorflow:Step: 1810, Loss: 4.640175, time: 1.334 sec/batch
INFO:tensorflow:Step: 1814, Loss: 4.723047, time: 1.295 sec/batch
INFO:tensorflow:Step: 1818, Loss: 4.541543, time: 1.416 sec/batch
INFO:tensorflow:Step: 1822, Loss: 4.460473, time: 1.607 sec/batch
INFO:tensorflow:Step: 1827, Loss: 4.384879, time: 1.337 sec/batch
INFO:tensorflow:Step: 1831, Loss: 4.606512, time: 1.534 sec/batch
INFO:tensorflow:Step: 1836, Loss: 4.518049, time: 1.293 sec/batch
INFO:tensorflow:Step: 1840, Loss: 4.479126, time: 1.322 sec/batch
INFO:tensorflow:Step: 1844, Loss: 4.469308, time: 1.398 sec/batch
INFO:tensorflow:Step: 1848, Loss: 4.723891, time: 1.280 sec/batch
INFO:tensorflow:Step: 1852, Loss: 4.644327, time: 1.488 sec/batch
INFO:tensorflow:Step: 1856, Loss: 4.648044, time: 1.295 sec/batch
INFO:tensorflow:Step: 1860, Loss: 4.608374, time: 1.704 sec/batch
INFO:tensorflow:Step: 1865, Loss: 4.608802, time: 1.566 sec/batch
INFO:tensorflow:Step: 1870, Loss: 4.565481, time: 1.407 sec/batch
INFO:tensorflow:Step: 1873, Loss: 4.442211, time: 1.271 sec/batch
INFO:tensorflow:Step: 1877, Loss: 4.529430, time: 1.231 sec/batch
INFO:tensorflow:Step: 1881, Loss: 4.464355, time: 1.300 sec/batch
INFO:tensorflow:Step: 1885, Loss: 4.507606, time: 1.346 sec/batch
INFO:tensorflow:Step: 1889, Loss: 4.393139, time: 1.275 sec/batch
INFO:tensorflow:Step: 1893, Loss: 4.537752, time: 1.325 sec/batch
INFO:tensorflow:Step: 1897, Loss: 4.699330, time: 1.321 sec/batch
INFO:tensorflow:Step: 1901, Loss: 4.425244, time: 1.410 sec/batch
INFO:tensorflow:Step: 1905, Loss: 4.454256, time: 1.283 sec/batch
INFO:tensorflow:Step: 1909, Loss: 4.561608, time: 1.320 sec/batch
INFO:tensorflow:Step: 1913, Loss: 4.443206, time: 1.424 sec/batch
INFO:tensorflow:Step: 1918, Loss: 4.604009, time: 1.304 sec/batch
INFO:tensorflow:Step: 1921, Loss: 4.421515, time: 1.302 sec/batch
INFO:tensorflow:Step: 1925, Loss: 4.537459, time: 1.274 sec/batch
INFO:tensorflow:Step: 1929, Loss: 4.518075, time: 1.413 sec/batch
INFO:tensorflow:Step: 1933, Loss: 4.446503, time: 1.267 sec/batch
INFO:tensorflow:Step: 1937, Loss: 4.553291, time: 1.309 sec/batch
INFO:tensorflow:Step: 1941, Loss: 4.704743, time: 1.348 sec/batch
INFO:tensorflow:Step: 1945, Loss: 4.427630, time: 1.331 sec/batch
INFO:tensorflow:Step: 1949, Loss: 4.519589, time: 1.297 sec/batch
INFO:tensorflow:Step: 1953, Loss: 4.690454, time: 1.274 sec/batch
INFO:tensorflow:Step: 1957, Loss: 4.484235, time: 1.372 sec/batch
INFO:tensorflow:Step: 1962, Loss: 4.431753, time: 1.329 sec/batch
INFO:tensorflow:Step: 1966, Loss: 4.523633, time: 1.394 sec/batch
INFO:tensorflow:Step: 1970, Loss: 4.531553, time: 1.633 sec/batch
INFO:tensorflow:Step: 1973, Loss: 4.472173, time: 1.319 sec/batch
INFO:tensorflow:Step: 1977, Loss: 4.562221, time: 1.295 sec/batch
INFO:tensorflow:Step: 1981, Loss: 4.564666, time: 1.452 sec/batch
INFO:tensorflow:Step: 1986, Loss: 4.577974, time: 1.683 sec/batch
INFO:tensorflow:Step: 1991, Loss: 4.637369, time: 2.080 sec/batch
INFO:tensorflow:Step: 1996, Loss: 4.433538, time: 1.320 sec/batch
INFO:tensorflow:Step: 2000, Loss: 4.492978, time: 1.309 sec/batch
INFO:tensorflow:Step: 2004, Loss: 4.425520, time: 1.398 sec/batch
INFO:tensorflow:Step: 2008, Loss: 4.478585, time: 1.409 sec/batch
INFO:tensorflow:Step: 2012, Loss: 4.496289, time: 1.313 sec/batch
INFO:tensorflow:Step: 2016, Loss: 4.455751, time: 1.291 sec/batch
INFO:tensorflow:Step: 2020, Loss: 4.730905, time: 1.379 sec/batch
INFO:tensorflow:Step: 2024, Loss: 4.445910, time: 1.425 sec/batch
INFO:tensorflow:Step: 2028, Loss: 4.508104, time: 1.691 sec/batch
INFO:tensorflow:Step: 2033, Loss: 4.487494, time: 1.299 sec/batch
INFO:tensorflow:Step: 2037, Loss: 4.668237, time: 1.381 sec/batch
INFO:tensorflow:Step: 2042, Loss: 4.395901, time: 1.332 sec/batch
INFO:tensorflow:Step: 2046, Loss: 4.427221, time: 1.597 sec/batch
INFO:tensorflow:Step: 2050, Loss: 4.570755, time: 1.399 sec/batch
INFO:tensorflow:Step: 2054, Loss: 4.505785, time: 1.372 sec/batch
INFO:tensorflow:Step: 2059, Loss: 4.338526, time: 1.315 sec/batch
INFO:tensorflow:Step: 2063, Loss: 4.580795, time: 1.326 sec/batch
INFO:tensorflow:Step: 2067, Loss: 4.568843, time: 1.292 sec/batch
INFO:tensorflow:Step: 2071, Loss: 4.535873, time: 1.264 sec/batch
INFO:tensorflow:Step: 2075, Loss: 4.417791, time: 1.303 sec/batch
INFO:tensorflow:Step: 2079, Loss: 4.398487, time: 1.332 sec/batch
INFO:tensorflow:Step: 2083, Loss: 4.336885, time: 1.297 sec/batch
INFO:tensorflow:Step: 2087, Loss: 4.515074, time: 1.250 sec/batch
INFO:tensorflow:Step: 2091, Loss: 4.545906, time: 1.338 sec/batch
INFO:tensorflow:Step: 2095, Loss: 4.471809, time: 1.382 sec/batch
INFO:tensorflow:Step: 2099, Loss: 4.524007, time: 1.321 sec/batch
INFO:tensorflow:Step: 2103, Loss: 4.416976, time: 1.327 sec/batch
INFO:tensorflow:Step: 2107, Loss: 4.408924, time: 1.694 sec/batch
INFO:tensorflow:Step: 2111, Loss: 4.494401, time: 1.697 sec/batch
INFO:tensorflow:Step: 2117, Loss: 4.599776, time: 1.531 sec/batch
INFO:tensorflow:Step: 2121, Loss: 4.617980, time: 1.548 sec/batch
INFO:tensorflow:Step: 2125, Loss: 4.498549, time: 1.880 sec/batch
INFO:tensorflow:Step: 2130, Loss: 4.404105, time: 1.558 sec/batch
INFO:tensorflow:Step: 2135, Loss: 4.481754, time: 1.308 sec/batch
INFO:tensorflow:Step: 2139, Loss: 4.357608, time: 1.361 sec/batch
INFO:tensorflow:Step: 2143, Loss: 4.474825, time: 1.451 sec/batch
INFO:tensorflow:Step: 2147, Loss: 4.604932, time: 1.587 sec/batch
INFO:tensorflow:Step: 2151, Loss: 4.598422, time: 1.376 sec/batch
INFO:tensorflow:Step: 2155, Loss: 4.553743, time: 1.549 sec/batch
INFO:tensorflow:Step: 2160, Loss: 4.761082, time: 1.308 sec/batch
INFO:tensorflow:Step: 2164, Loss: 4.579926, time: 1.259 sec/batch
INFO:tensorflow:Step: 2168, Loss: 4.509175, time: 1.360 sec/batch
INFO:tensorflow:Step: 2172, Loss: 4.362110, time: 1.384 sec/batch
INFO:tensorflow:Step: 2176, Loss: 4.534398, time: 1.292 sec/batch
INFO:tensorflow:Step: 2181, Loss: 4.533879, time: 1.339 sec/batch
INFO:tensorflow:Step: 2185, Loss: 4.549123, time: 1.314 sec/batch
INFO:tensorflow:Step: 2189, Loss: 4.846625, time: 1.286 sec/batch
INFO:tensorflow:Step: 2193, Loss: 4.499553, time: 1.366 sec/batch
INFO:tensorflow:Step: 2197, Loss: 4.539724, time: 1.310 sec/batch
INFO:tensorflow:Step: 2201, Loss: 4.398666, time: 1.354 sec/batch
INFO:tensorflow:Step: 2205, Loss: 4.507453, time: 1.336 sec/batch
INFO:tensorflow:Step: 2209, Loss: 4.338349, time: 1.292 sec/batch
INFO:tensorflow:Step: 2213, Loss: 4.424242, time: 1.288 sec/batch
INFO:tensorflow:Step: 2217, Loss: 4.388420, time: 1.383 sec/batch
INFO:tensorflow:Step: 2222, Loss: 4.438101, time: 1.265 sec/batch
INFO:tensorflow:Step: 2226, Loss: 4.414590, time: 1.432 sec/batch
INFO:tensorflow:Step: 2230, Loss: 4.601537, time: 1.306 sec/batch
INFO:tensorflow:Step: 2234, Loss: 4.384082, time: 1.287 sec/batch
INFO:tensorflow:Step: 2238, Loss: 4.483526, time: 1.450 sec/batch
INFO:tensorflow:Step: 2242, Loss: 4.512829, time: 1.374 sec/batch
INFO:tensorflow:Step: 2246, Loss: 4.319531, time: 1.604 sec/batch
INFO:tensorflow:Step: 2250, Loss: 4.492733, time: 1.338 sec/batch
INFO:tensorflow:Step: 2255, Loss: 4.469040, time: 1.335 sec/batch
INFO:tensorflow:Step: 2259, Loss: 4.494919, time: 1.335 sec/batch
INFO:tensorflow:Step: 2263, Loss: 4.470645, time: 1.295 sec/batch
INFO:tensorflow:Step: 2268, Loss: 4.429040, time: 1.491 sec/batch
INFO:tensorflow:Step: 2271, Loss: 4.564551, time: 1.313 sec/batch
INFO:tensorflow:Step: 2276, Loss: 4.400968, time: 1.413 sec/batch
INFO:tensorflow:Step: 2280, Loss: 4.744332, time: 1.395 sec/batch
INFO:tensorflow:Step: 2284, Loss: 4.574970, time: 1.302 sec/batch
INFO:tensorflow:Step: 2288, Loss: 4.553449, time: 1.297 sec/batch
INFO:tensorflow:Step: 2292, Loss: 4.358034, time: 1.342 sec/batch
INFO:tensorflow:Step: 2296, Loss: 4.443903, time: 1.253 sec/batch
INFO:tensorflow:Step: 2300, Loss: 4.379231, time: 1.286 sec/batch
INFO:tensorflow:Step: 2304, Loss: 4.404716, time: 1.408 sec/batch
INFO:tensorflow:Step: 2307, Loss: 4.470749, time: 1.343 sec/batch
run-expr-4node.sh: line 21: 87664 Terminated              CUDA_VISIBLE_DEVICES=$1 bazel-bin/inception/imagenet_distributed_train --batch_size=64 --data_dir=/lfs/local/0/daniter/imagenet-8-$2 --job_name='worker' --task_id=$2 --ps_hosts='raiders1:2228' --worker_hosts='raiders1:2200,raiders1:2201,raiders3:2209,raiders3:2210' --initial_learning_rate=$3 --momentum=$4 --sync=$5
