I tensorflow/stream_executor/dso_loader.cc:108] successfully opened CUDA library libcublas.so locally
I tensorflow/stream_executor/dso_loader.cc:108] successfully opened CUDA library libcudnn.so locally
I tensorflow/stream_executor/dso_loader.cc:108] successfully opened CUDA library libcufft.so locally
I tensorflow/stream_executor/dso_loader.cc:108] successfully opened CUDA library libcuda.so locally
I tensorflow/stream_executor/dso_loader.cc:108] successfully opened CUDA library libcurand.so locally
INFO:tensorflow:PS hosts are: ['raiders1:2228']
INFO:tensorflow:Worker hosts are: ['raiders1:2200', 'raiders1:2201', 'raiders3:2209', 'raiders3:2210']
I tensorflow/core/common_runtime/gpu/gpu_init.cc:102] Found device 0 with properties: 
name: GeForce GTX TITAN X
major: 5 minor: 2 memoryClockRate (GHz) 1.076
pciBusID 0000:03:00.0
Total memory: 11.92GiB
Free memory: 11.81GiB
I tensorflow/core/common_runtime/gpu/gpu_init.cc:126] DMA: 0 
I tensorflow/core/common_runtime/gpu/gpu_init.cc:136] 0:   Y 
I tensorflow/core/common_runtime/gpu/gpu_device.cc:806] Creating TensorFlow device (/gpu:0) -> (device: 0, name: GeForce GTX TITAN X, pci bus id: 0000:03:00.0)
I tensorflow/core/distributed_runtime/rpc/grpc_channel.cc:206] Initialize HostPortsGrpcChannelCache for job ps -> {raiders1:2228}
I tensorflow/core/distributed_runtime/rpc/grpc_channel.cc:206] Initialize HostPortsGrpcChannelCache for job worker -> {localhost:2200, raiders1:2201, raiders3:2209, raiders3:2210}
I tensorflow/core/distributed_runtime/rpc/grpc_server_lib.cc:202] Started server with target: grpc://localhost:2200
INFO:tensorflow:Learning rate: 0.000500, momentum: 0.900000
INFO:tensorflow:Sync mode!!!!!!
INFO:tensorflow:SyncReplicas enabled: replicas_to_aggregate=4; total_num_replicas=4
INFO:tensorflow:2016-07-21 03:31:06.456307 Supervisor
INFO:tensorflow:Restored model from /lfs/local/0/daniter/4-node-snapshot/model.ckpt-418
INFO:tensorflow:Started 3 queues for processing input data.
INFO:tensorflow:global_step/sec: 0
I tensorflow/core/common_runtime/gpu/pool_allocator.cc:244] PoolAllocator: After 3678 get requests, put_count=2565 evicted_count=1000 eviction_rate=0.389864 and unsatisfied allocation rate=0.601686
I tensorflow/core/common_runtime/gpu/pool_allocator.cc:256] Raising pool_size_limit_ from 100 to 110
INFO:tensorflow:Step: 419, Loss: 4.797699, time: 15.330 sec/batch
INFO:tensorflow:Step: 420, Loss: 5.055635, time: 1.448 sec/batch
INFO:tensorflow:Step: 421, Loss: 5.080044, time: 1.370 sec/batch
INFO:tensorflow:Step: 422, Loss: 5.083014, time: 1.868 sec/batch
INFO:tensorflow:Step: 423, Loss: 4.922800, time: 1.619 sec/batch
I tensorflow/core/common_runtime/gpu/pool_allocator.cc:244] PoolAllocator: After 0 get requests, put_count=1016 evicted_count=1000 eviction_rate=0.984252 and unsatisfied allocation rate=0
INFO:tensorflow:Step: 424, Loss: 5.002068, time: 1.603 sec/batch
INFO:tensorflow:Step: 425, Loss: 5.065076, time: 3.860 sec/batch
INFO:tensorflow:Step: 426, Loss: 5.095402, time: 2.391 sec/batch
INFO:tensorflow:Step: 427, Loss: 5.225814, time: 2.079 sec/batch
INFO:tensorflow:Step: 428, Loss: 5.019454, time: 4.078 sec/batch
I tensorflow/core/common_runtime/gpu/pool_allocator.cc:244] PoolAllocator: After 0 get requests, put_count=1025 evicted_count=1000 eviction_rate=0.97561 and unsatisfied allocation rate=0
INFO:tensorflow:Step: 429, Loss: 5.049026, time: 3.048 sec/batch
INFO:tensorflow:Step: 430, Loss: 5.079832, time: 2.747 sec/batch
INFO:tensorflow:Step: 431, Loss: 4.991926, time: 3.534 sec/batch
INFO:tensorflow:Step: 432, Loss: 5.068825, time: 2.771 sec/batch
INFO:tensorflow:Step: 433, Loss: 5.247520, time: 4.163 sec/batch
INFO:tensorflow:Step: 434, Loss: 4.931845, time: 3.914 sec/batch
I tensorflow/core/common_runtime/gpu/pool_allocator.cc:244] PoolAllocator: After 3576 get requests, put_count=3951 evicted_count=2000 eviction_rate=0.506201 and unsatisfied allocation rate=0.465604
I tensorflow/core/common_runtime/gpu/pool_allocator.cc:256] Raising pool_size_limit_ from 449 to 493
INFO:tensorflow:Step: 435, Loss: 5.046440, time: 3.835 sec/batch
INFO:tensorflow:Step: 436, Loss: 4.998687, time: 2.917 sec/batch
INFO:tensorflow:Step: 437, Loss: 5.088985, time: 4.213 sec/batch
INFO:tensorflow:Step: 438, Loss: 4.827030, time: 2.902 sec/batch
INFO:tensorflow:Step: 439, Loss: 5.006491, time: 3.574 sec/batch
INFO:tensorflow:Step: 440, Loss: 5.100381, time: 4.153 sec/batch
INFO:tensorflow:Step: 441, Loss: 5.382250, time: 4.072 sec/batch
I tensorflow/core/common_runtime/gpu/pool_allocator.cc:244] PoolAllocator: After 3576 get requests, put_count=4414 evicted_count=2000 eviction_rate=0.453104 and unsatisfied allocation rate=0.347036
I tensorflow/core/common_runtime/gpu/pool_allocator.cc:256] Raising pool_size_limit_ from 871 to 958
INFO:tensorflow:Step: 442, Loss: 4.938059, time: 2.887 sec/batch
INFO:tensorflow:Step: 443, Loss: 5.088286, time: 2.981 sec/batch
INFO:tensorflow:Step: 444, Loss: 5.060515, time: 3.098 sec/batch
INFO:tensorflow:Step: 445, Loss: 5.068642, time: 3.014 sec/batch
INFO:tensorflow:Step: 446, Loss: 4.878540, time: 2.211 sec/batch
INFO:tensorflow:Step: 447, Loss: 4.947009, time: 1.940 sec/batch
INFO:tensorflow:Step: 448, Loss: 5.057250, time: 2.664 sec/batch
INFO:tensorflow:Step: 449, Loss: 4.983141, time: 1.953 sec/batch
INFO:tensorflow:Step: 450, Loss: 4.942238, time: 2.122 sec/batch
INFO:tensorflow:Step: 451, Loss: 5.056827, time: 3.117 sec/batch
INFO:tensorflow:Step: 452, Loss: 4.934174, time: 1.969 sec/batch
INFO:tensorflow:Step: 453, Loss: 4.955569, time: 1.701 sec/batch
INFO:tensorflow:Step: 454, Loss: 4.941821, time: 3.304 sec/batch
INFO:tensorflow:Step: 455, Loss: 5.003479, time: 2.102 sec/batch
INFO:tensorflow:global_step/sec: 0.321019
INFO:tensorflow:Step: 456, Loss: 5.076463, time: 1.999 sec/batch
INFO:tensorflow:Step: 457, Loss: 5.157095, time: 1.810 sec/batch
INFO:tensorflow:Step: 458, Loss: 4.902335, time: 2.243 sec/batch
INFO:tensorflow:Step: 459, Loss: 5.192222, time: 2.575 sec/batch
INFO:tensorflow:Step: 460, Loss: 4.989141, time: 3.980 sec/batch
INFO:tensorflow:Step: 461, Loss: 4.882835, time: 3.893 sec/batch
INFO:tensorflow:Step: 462, Loss: 4.816775, time: 2.243 sec/batch
INFO:tensorflow:Step: 463, Loss: 5.025566, time: 2.453 sec/batch
INFO:tensorflow:Step: 464, Loss: 4.839988, time: 1.877 sec/batch
INFO:tensorflow:Step: 465, Loss: 5.073344, time: 2.068 sec/batch
INFO:tensorflow:Step: 466, Loss: 5.004746, time: 2.036 sec/batch
INFO:tensorflow:Step: 467, Loss: 4.983426, time: 2.654 sec/batch
INFO:tensorflow:Step: 468, Loss: 5.001626, time: 3.354 sec/batch
INFO:tensorflow:Step: 469, Loss: 4.984527, time: 3.331 sec/batch
INFO:tensorflow:Step: 470, Loss: 5.152769, time: 2.231 sec/batch
INFO:tensorflow:Step: 471, Loss: 5.077076, time: 3.023 sec/batch
INFO:tensorflow:Step: 472, Loss: 4.988295, time: 3.371 sec/batch
INFO:tensorflow:Step: 473, Loss: 5.078332, time: 1.830 sec/batch
INFO:tensorflow:Step: 474, Loss: 4.982425, time: 1.870 sec/batch
INFO:tensorflow:Step: 475, Loss: 4.925189, time: 2.205 sec/batch
INFO:tensorflow:Step: 476, Loss: 4.804322, time: 1.939 sec/batch
INFO:tensorflow:Step: 477, Loss: 4.906239, time: 1.629 sec/batch
INFO:tensorflow:Step: 478, Loss: 4.792215, time: 1.834 sec/batch
INFO:tensorflow:Step: 479, Loss: 4.972485, time: 1.834 sec/batch
INFO:tensorflow:Step: 480, Loss: 4.884386, time: 2.107 sec/batch
INFO:tensorflow:Step: 481, Loss: 4.976358, time: 2.086 sec/batch
INFO:tensorflow:Step: 482, Loss: 4.786897, time: 3.080 sec/batch
INFO:tensorflow:Step: 483, Loss: 4.839163, time: 2.000 sec/batch
INFO:tensorflow:Step: 484, Loss: 4.856113, time: 1.535 sec/batch
INFO:tensorflow:Step: 485, Loss: 5.048962, time: 2.948 sec/batch
INFO:tensorflow:Step: 486, Loss: 5.015652, time: 2.230 sec/batch
INFO:tensorflow:Step: 487, Loss: 4.974380, time: 2.596 sec/batch
INFO:tensorflow:Step: 488, Loss: 4.965769, time: 2.423 sec/batch
INFO:tensorflow:Step: 489, Loss: 4.969206, time: 2.366 sec/batch
INFO:tensorflow:Step: 490, Loss: 4.947589, time: 3.380 sec/batch
INFO:tensorflow:Step: 491, Loss: 4.853681, time: 2.942 sec/batch
INFO:tensorflow:Step: 492, Loss: 5.196550, time: 2.920 sec/batch
INFO:tensorflow:Step: 493, Loss: 5.126139, time: 3.694 sec/batch
INFO:tensorflow:Step: 494, Loss: 4.751692, time: 2.651 sec/batch
INFO:tensorflow:Step: 495, Loss: 5.053648, time: 3.653 sec/batch
INFO:tensorflow:Step: 496, Loss: 4.731808, time: 1.960 sec/batch
INFO:tensorflow:Step: 497, Loss: 5.007584, time: 1.690 sec/batch
INFO:tensorflow:Step: 498, Loss: 4.971988, time: 1.891 sec/batch
INFO:tensorflow:Step: 499, Loss: 4.987844, time: 3.762 sec/batch
INFO:tensorflow:Step: 500, Loss: 4.871609, time: 2.056 sec/batch
INFO:tensorflow:Step: 501, Loss: 4.956031, time: 1.679 sec/batch
INFO:tensorflow:Step: 502, Loss: 5.063640, time: 2.358 sec/batch
INFO:tensorflow:Step: 503, Loss: 4.873204, time: 2.837 sec/batch
INFO:tensorflow:Step: 504, Loss: 4.833776, time: 2.646 sec/batch
INFO:tensorflow:global_step/sec: 0.406181
INFO:tensorflow:Step: 505, Loss: 4.841832, time: 2.108 sec/batch
INFO:tensorflow:Step: 506, Loss: 4.926795, time: 3.214 sec/batch
INFO:tensorflow:Step: 507, Loss: 4.969670, time: 3.286 sec/batch
INFO:tensorflow:Step: 508, Loss: 4.874223, time: 2.312 sec/batch
INFO:tensorflow:Step: 509, Loss: 4.901537, time: 2.232 sec/batch
INFO:tensorflow:Step: 510, Loss: 5.283094, time: 3.229 sec/batch
INFO:tensorflow:Step: 511, Loss: 4.903427, time: 2.900 sec/batch
INFO:tensorflow:Step: 512, Loss: 4.839566, time: 2.793 sec/batch
INFO:tensorflow:Step: 513, Loss: 4.828239, time: 3.802 sec/batch
INFO:tensorflow:Step: 514, Loss: 5.017053, time: 2.530 sec/batch
INFO:tensorflow:Step: 515, Loss: 4.813313, time: 2.243 sec/batch
INFO:tensorflow:Step: 516, Loss: 4.937285, time: 3.842 sec/batch
INFO:tensorflow:Step: 517, Loss: 5.006091, time: 2.771 sec/batch
INFO:tensorflow:Step: 518, Loss: 4.871444, time: 2.602 sec/batch
INFO:tensorflow:Step: 519, Loss: 4.942155, time: 2.907 sec/batch
INFO:tensorflow:Step: 520, Loss: 5.065914, time: 1.815 sec/batch
INFO:tensorflow:Step: 521, Loss: 5.168193, time: 3.233 sec/batch
INFO:tensorflow:Step: 522, Loss: 4.966130, time: 3.560 sec/batch
INFO:tensorflow:Step: 523, Loss: 5.112252, time: 2.985 sec/batch
INFO:tensorflow:Step: 524, Loss: 5.156592, time: 2.608 sec/batch
INFO:tensorflow:Step: 525, Loss: 5.051108, time: 3.934 sec/batch
INFO:tensorflow:Step: 526, Loss: 5.046420, time: 2.364 sec/batch
INFO:tensorflow:Step: 527, Loss: 4.841599, time: 3.005 sec/batch
INFO:tensorflow:Step: 528, Loss: 4.816818, time: 2.015 sec/batch
INFO:tensorflow:Step: 529, Loss: 4.932499, time: 1.878 sec/batch
INFO:tensorflow:Step: 530, Loss: 4.919462, time: 3.493 sec/batch
INFO:tensorflow:Step: 531, Loss: 4.905391, time: 2.065 sec/batch
INFO:tensorflow:Step: 532, Loss: 4.924857, time: 1.667 sec/batch
INFO:tensorflow:Step: 533, Loss: 5.057678, time: 3.109 sec/batch
INFO:tensorflow:Step: 534, Loss: 4.809803, time: 2.622 sec/batch
INFO:tensorflow:Step: 535, Loss: 4.785079, time: 2.992 sec/batch
INFO:tensorflow:Step: 536, Loss: 4.774801, time: 2.938 sec/batch
INFO:tensorflow:Step: 537, Loss: 5.058148, time: 3.004 sec/batch
INFO:tensorflow:Step: 538, Loss: 4.821655, time: 1.891 sec/batch
INFO:tensorflow:Step: 539, Loss: 5.044874, time: 1.702 sec/batch
INFO:tensorflow:Step: 540, Loss: 4.874572, time: 3.597 sec/batch
INFO:tensorflow:Step: 541, Loss: 4.864611, time: 1.955 sec/batch
INFO:tensorflow:Step: 542, Loss: 4.858392, time: 2.025 sec/batch
INFO:tensorflow:Step: 543, Loss: 5.016142, time: 1.748 sec/batch
INFO:tensorflow:Step: 544, Loss: 5.139135, time: 1.763 sec/batch
INFO:tensorflow:Step: 545, Loss: 4.960754, time: 1.602 sec/batch
INFO:tensorflow:Step: 546, Loss: 4.926450, time: 1.600 sec/batch
INFO:tensorflow:Step: 547, Loss: 4.990164, time: 1.798 sec/batch
INFO:tensorflow:Step: 548, Loss: 4.957972, time: 1.401 sec/batch
INFO:tensorflow:Step: 549, Loss: 4.897657, time: 2.875 sec/batch
INFO:tensorflow:Step: 550, Loss: 5.118458, time: 1.946 sec/batch
INFO:tensorflow:Step: 551, Loss: 5.013463, time: 1.721 sec/batch
INFO:tensorflow:global_step/sec: 0.39275
INFO:tensorflow:Step: 552, Loss: 4.986470, time: 1.774 sec/batch
INFO:tensorflow:Step: 553, Loss: 5.127827, time: 1.960 sec/batch
INFO:tensorflow:Step: 554, Loss: 5.169178, time: 1.765 sec/batch
INFO:tensorflow:Step: 555, Loss: 4.892298, time: 1.456 sec/batch
INFO:tensorflow:Step: 556, Loss: 4.772466, time: 1.695 sec/batch
INFO:tensorflow:Step: 557, Loss: 4.877189, time: 3.678 sec/batch
INFO:tensorflow:Step: 558, Loss: 4.883349, time: 3.332 sec/batch
INFO:tensorflow:Step: 559, Loss: 4.879870, time: 3.569 sec/batch
INFO:tensorflow:Step: 560, Loss: 4.898969, time: 2.782 sec/batch
INFO:tensorflow:Step: 561, Loss: 4.809718, time: 3.393 sec/batch
INFO:tensorflow:Step: 562, Loss: 4.775985, time: 3.201 sec/batch
INFO:tensorflow:Step: 563, Loss: 4.880852, time: 3.402 sec/batch
INFO:tensorflow:Step: 564, Loss: 5.076681, time: 2.167 sec/batch
INFO:tensorflow:Step: 565, Loss: 4.934852, time: 2.056 sec/batch
INFO:tensorflow:Step: 566, Loss: 4.677225, time: 1.619 sec/batch
INFO:tensorflow:Step: 567, Loss: 4.765986, time: 1.853 sec/batch
INFO:tensorflow:Step: 568, Loss: 4.826246, time: 2.695 sec/batch
INFO:tensorflow:Step: 569, Loss: 4.994394, time: 2.255 sec/batch
INFO:tensorflow:Step: 570, Loss: 4.773548, time: 1.881 sec/batch
INFO:tensorflow:Step: 571, Loss: 4.830930, time: 2.685 sec/batch
INFO:tensorflow:Step: 572, Loss: 5.170477, time: 3.099 sec/batch
INFO:tensorflow:Step: 573, Loss: 4.797286, time: 3.472 sec/batch
INFO:tensorflow:Step: 574, Loss: 5.063127, time: 3.135 sec/batch
INFO:tensorflow:Step: 575, Loss: 4.844641, time: 3.153 sec/batch
INFO:tensorflow:Step: 576, Loss: 4.914618, time: 3.197 sec/batch
INFO:tensorflow:Step: 577, Loss: 4.740578, time: 3.525 sec/batch
INFO:tensorflow:Step: 578, Loss: 4.724458, time: 3.908 sec/batch
INFO:tensorflow:Step: 579, Loss: 4.638450, time: 3.626 sec/batch
INFO:tensorflow:Step: 580, Loss: 5.057203, time: 4.053 sec/batch
INFO:tensorflow:Step: 581, Loss: 5.008605, time: 1.948 sec/batch
INFO:tensorflow:Step: 582, Loss: 4.954716, time: 3.962 sec/batch
INFO:tensorflow:Step: 583, Loss: 4.862597, time: 3.265 sec/batch
INFO:tensorflow:Step: 584, Loss: 4.734048, time: 2.989 sec/batch
INFO:tensorflow:Step: 585, Loss: 4.855722, time: 2.087 sec/batch
INFO:tensorflow:Step: 586, Loss: 4.848465, time: 3.749 sec/batch
INFO:tensorflow:Step: 587, Loss: 4.879321, time: 3.736 sec/batch
INFO:tensorflow:Step: 588, Loss: 4.958581, time: 3.092 sec/batch
INFO:tensorflow:Step: 589, Loss: 4.898952, time: 4.074 sec/batch
INFO:tensorflow:Step: 590, Loss: 4.997344, time: 3.914 sec/batch
INFO:tensorflow:Step: 591, Loss: 4.917793, time: 2.722 sec/batch
INFO:tensorflow:Step: 592, Loss: 4.857477, time: 3.308 sec/batch
INFO:tensorflow:global_step/sec: 0.33878
INFO:tensorflow:Step: 593, Loss: 4.781343, time: 3.741 sec/batch
INFO:tensorflow:Step: 594, Loss: 4.736939, time: 2.736 sec/batch
INFO:tensorflow:Step: 595, Loss: 4.814113, time: 3.250 sec/batch
INFO:tensorflow:Step: 596, Loss: 4.831463, time: 3.345 sec/batch
INFO:tensorflow:Step: 597, Loss: 4.930111, time: 2.577 sec/batch
INFO:tensorflow:Step: 598, Loss: 4.856073, time: 2.497 sec/batch
INFO:tensorflow:Step: 599, Loss: 4.712329, time: 2.782 sec/batch
INFO:tensorflow:Step: 600, Loss: 4.880868, time: 2.397 sec/batch
INFO:tensorflow:Step: 601, Loss: 5.034675, time: 2.566 sec/batch
INFO:tensorflow:Step: 602, Loss: 4.876715, time: 2.761 sec/batch
INFO:tensorflow:Step: 603, Loss: 4.843556, time: 3.071 sec/batch
INFO:tensorflow:Step: 604, Loss: 4.831258, time: 2.543 sec/batch
INFO:tensorflow:Step: 605, Loss: 4.831162, time: 3.092 sec/batch
INFO:tensorflow:Step: 606, Loss: 5.122951, time: 3.268 sec/batch
INFO:tensorflow:Step: 607, Loss: 4.899699, time: 3.986 sec/batch
INFO:tensorflow:Step: 608, Loss: 4.817357, time: 3.791 sec/batch
INFO:tensorflow:Step: 609, Loss: 4.714143, time: 1.956 sec/batch
INFO:tensorflow:Step: 610, Loss: 4.776836, time: 3.802 sec/batch
INFO:tensorflow:Step: 611, Loss: 4.675041, time: 2.795 sec/batch
INFO:tensorflow:Step: 612, Loss: 5.071178, time: 3.039 sec/batch
INFO:tensorflow:Step: 613, Loss: 4.850214, time: 3.643 sec/batch
INFO:tensorflow:Step: 614, Loss: 4.809636, time: 3.169 sec/batch
INFO:tensorflow:Step: 615, Loss: 5.072371, time: 2.974 sec/batch
INFO:tensorflow:Step: 616, Loss: 4.742413, time: 2.765 sec/batch
INFO:tensorflow:Step: 617, Loss: 4.964182, time: 3.519 sec/batch
INFO:tensorflow:Step: 618, Loss: 4.757853, time: 3.576 sec/batch
INFO:tensorflow:Step: 619, Loss: 4.872745, time: 2.595 sec/batch
INFO:tensorflow:Step: 620, Loss: 4.907949, time: 3.257 sec/batch
INFO:tensorflow:Step: 621, Loss: 4.890139, time: 3.518 sec/batch
INFO:tensorflow:Step: 622, Loss: 4.878556, time: 3.705 sec/batch
INFO:tensorflow:Step: 623, Loss: 4.968271, time: 2.390 sec/batch
INFO:tensorflow:Step: 624, Loss: 4.872090, time: 2.722 sec/batch
INFO:tensorflow:Step: 625, Loss: 4.849696, time: 3.089 sec/batch
INFO:tensorflow:Step: 626, Loss: 4.871034, time: 3.647 sec/batch
INFO:tensorflow:Step: 627, Loss: 5.062708, time: 2.738 sec/batch
INFO:tensorflow:Step: 628, Loss: 4.887583, time: 2.437 sec/batch
INFO:tensorflow:Step: 629, Loss: 4.779102, time: 3.173 sec/batch
INFO:tensorflow:Step: 630, Loss: 4.931182, time: 2.064 sec/batch
INFO:tensorflow:Step: 631, Loss: 4.821717, time: 1.903 sec/batch
INFO:tensorflow:Step: 632, Loss: 4.974420, time: 3.422 sec/batch
INFO:tensorflow:global_step/sec: 0.336757
INFO:tensorflow:Step: 633, Loss: 4.759158, time: 1.914 sec/batch
INFO:tensorflow:Step: 634, Loss: 4.867465, time: 2.137 sec/batch
INFO:tensorflow:Step: 635, Loss: 4.919279, time: 1.639 sec/batch
INFO:tensorflow:Step: 636, Loss: 4.754716, time: 1.868 sec/batch
INFO:tensorflow:Step: 637, Loss: 4.962964, time: 1.439 sec/batch
INFO:tensorflow:Step: 638, Loss: 4.779547, time: 1.578 sec/batch
INFO:tensorflow:Step: 639, Loss: 4.810802, time: 1.560 sec/batch
INFO:tensorflow:Step: 640, Loss: 4.779102, time: 1.470 sec/batch
INFO:tensorflow:Step: 641, Loss: 4.816753, time: 1.543 sec/batch
INFO:tensorflow:Step: 642, Loss: 4.866371, time: 2.836 sec/batch
INFO:tensorflow:Step: 643, Loss: 4.825609, time: 1.943 sec/batch
INFO:tensorflow:Step: 644, Loss: 4.653677, time: 1.573 sec/batch
INFO:tensorflow:Step: 645, Loss: 4.795819, time: 1.803 sec/batch
INFO:tensorflow:Step: 646, Loss: 4.626642, time: 1.793 sec/batch
INFO:tensorflow:Step: 647, Loss: 4.766104, time: 2.090 sec/batch
INFO:tensorflow:Step: 648, Loss: 4.853874, time: 2.466 sec/batch
INFO:tensorflow:Step: 649, Loss: 4.735856, time: 3.084 sec/batch
INFO:tensorflow:Step: 650, Loss: 4.852973, time: 2.513 sec/batch
run-expr-4node.sh: line 21: 84299 Terminated              CUDA_VISIBLE_DEVICES=$1 bazel-bin/inception/imagenet_distributed_train --batch_size=64 --data_dir=/lfs/local/0/daniter/imagenet-8-$2 --job_name='worker' --task_id=$2 --ps_hosts='raiders1:2228' --worker_hosts='raiders1:2200,raiders1:2201,raiders3:2209,raiders3:2210' --initial_learning_rate=$3 --momentum=$4 --sync=$5
