DISPLAY "(null)" invalid; disabling X11 forwarding
I tensorflow/stream_executor/dso_loader.cc:108] successfully opened CUDA library libcublas.so locally
I tensorflow/stream_executor/dso_loader.cc:108] successfully opened CUDA library libcudnn.so locally
I tensorflow/stream_executor/dso_loader.cc:108] successfully opened CUDA library libcufft.so locally
I tensorflow/stream_executor/dso_loader.cc:108] successfully opened CUDA library libcuda.so locally
I tensorflow/stream_executor/dso_loader.cc:108] successfully opened CUDA library libcurand.so locally
INFO:tensorflow:PS hosts are: ['raiders1:2228']
INFO:tensorflow:Worker hosts are: ['raiders1:2200', 'raiders1:2201', 'raiders3:2209', 'raiders3:2210']
I tensorflow/core/common_runtime/gpu/gpu_init.cc:102] Found device 0 with properties: 
name: GeForce GTX TITAN X
major: 5 minor: 2 memoryClockRate (GHz) 1.076
pciBusID 0000:43:00.0
Total memory: 11.92GiB
Free memory: 11.81GiB
I tensorflow/core/common_runtime/gpu/gpu_init.cc:126] DMA: 0 
I tensorflow/core/common_runtime/gpu/gpu_init.cc:136] 0:   Y 
I tensorflow/core/common_runtime/gpu/gpu_device.cc:806] Creating TensorFlow device (/gpu:0) -> (device: 0, name: GeForce GTX TITAN X, pci bus id: 0000:43:00.0)
I tensorflow/core/distributed_runtime/rpc/grpc_channel.cc:206] Initialize HostPortsGrpcChannelCache for job ps -> {raiders1:2228}
I tensorflow/core/distributed_runtime/rpc/grpc_channel.cc:206] Initialize HostPortsGrpcChannelCache for job worker -> {raiders1:2200, raiders1:2201, raiders3:2209, localhost:2210}
I tensorflow/core/distributed_runtime/rpc/grpc_server_lib.cc:202] Started server with target: grpc://localhost:2210
INFO:tensorflow:Learning rate: 0.000500, momentum: 0.900000
INFO:tensorflow:Sync mode!!!!!!
INFO:tensorflow:SyncReplicas enabled: replicas_to_aggregate=4; total_num_replicas=4
INFO:tensorflow:2016-07-21 03:31:10.802382 Supervisor
INFO:tensorflow:Started 3 queues for processing input data.
I tensorflow/core/common_runtime/gpu/pool_allocator.cc:244] PoolAllocator: After 3576 get requests, put_count=2563 evicted_count=1000 eviction_rate=0.390168 and unsatisfied allocation rate=0.590884
I tensorflow/core/common_runtime/gpu/pool_allocator.cc:256] Raising pool_size_limit_ from 100 to 110
INFO:tensorflow:Step: 418, Loss: 5.103194, time: 35.542 sec/batch
INFO:tensorflow:Step: 418, Loss: 5.022546, time: 1.530 sec/batch
INFO:tensorflow:Step: 418, Loss: 5.214086, time: 1.362 sec/batch
INFO:tensorflow:Step: 419, Loss: 5.058166, time: 11.460 sec/batch
INFO:tensorflow:Step: 420, Loss: 5.070942, time: 2.715 sec/batch
I tensorflow/core/common_runtime/gpu/pool_allocator.cc:244] PoolAllocator: After 0 get requests, put_count=1016 evicted_count=1000 eviction_rate=0.984252 and unsatisfied allocation rate=0
INFO:tensorflow:Step: 421, Loss: 5.009482, time: 1.677 sec/batch
INFO:tensorflow:Step: 422, Loss: 5.051568, time: 2.245 sec/batch
INFO:tensorflow:Step: 423, Loss: 5.038093, time: 1.613 sec/batch
INFO:tensorflow:Step: 424, Loss: 5.133148, time: 1.606 sec/batch
INFO:tensorflow:Step: 425, Loss: 5.272609, time: 3.840 sec/batch
I tensorflow/core/common_runtime/gpu/pool_allocator.cc:244] PoolAllocator: After 0 get requests, put_count=1025 evicted_count=1000 eviction_rate=0.97561 and unsatisfied allocation rate=0
INFO:tensorflow:Step: 426, Loss: 4.895701, time: 2.407 sec/batch
INFO:tensorflow:Step: 427, Loss: 4.972216, time: 2.087 sec/batch
INFO:tensorflow:Step: 428, Loss: 5.208325, time: 4.075 sec/batch
INFO:tensorflow:Step: 429, Loss: 4.968194, time: 3.053 sec/batch
INFO:tensorflow:Step: 430, Loss: 5.047234, time: 2.722 sec/batch
INFO:tensorflow:Step: 431, Loss: 4.833737, time: 3.562 sec/batch
I tensorflow/core/common_runtime/gpu/pool_allocator.cc:244] PoolAllocator: After 0 get requests, put_count=1044 evicted_count=1000 eviction_rate=0.957854 and unsatisfied allocation rate=0
INFO:tensorflow:Step: 432, Loss: 4.924598, time: 2.771 sec/batch
INFO:tensorflow:Step: 433, Loss: 4.849481, time: 4.162 sec/batch
INFO:tensorflow:Step: 434, Loss: 5.067044, time: 3.915 sec/batch
INFO:tensorflow:Step: 435, Loss: 5.120277, time: 3.840 sec/batch
INFO:tensorflow:Step: 436, Loss: 5.085300, time: 2.914 sec/batch
INFO:tensorflow:Step: 437, Loss: 4.968916, time: 4.199 sec/batch
INFO:tensorflow:Step: 438, Loss: 5.095779, time: 2.915 sec/batch
I tensorflow/core/common_runtime/gpu/pool_allocator.cc:244] PoolAllocator: After 3576 get requests, put_count=4412 evicted_count=2000 eviction_rate=0.453309 and unsatisfied allocation rate=0.347595
I tensorflow/core/common_runtime/gpu/pool_allocator.cc:256] Raising pool_size_limit_ from 871 to 958
INFO:tensorflow:Step: 439, Loss: 5.151200, time: 3.579 sec/batch
INFO:tensorflow:Step: 440, Loss: 4.953195, time: 4.158 sec/batch
INFO:tensorflow:Step: 441, Loss: 4.884604, time: 4.060 sec/batch
INFO:tensorflow:Step: 442, Loss: 4.796287, time: 2.899 sec/batch
INFO:tensorflow:Step: 443, Loss: 5.347771, time: 2.981 sec/batch
INFO:tensorflow:Step: 444, Loss: 5.226966, time: 3.102 sec/batch
INFO:tensorflow:Step: 445, Loss: 4.946249, time: 3.015 sec/batch
INFO:tensorflow:Step: 446, Loss: 5.076730, time: 2.201 sec/batch
INFO:tensorflow:Step: 447, Loss: 5.089768, time: 1.949 sec/batch
INFO:tensorflow:Step: 448, Loss: 4.969866, time: 2.666 sec/batch
INFO:tensorflow:Step: 449, Loss: 5.111816, time: 1.955 sec/batch
INFO:tensorflow:Step: 450, Loss: 5.066655, time: 2.124 sec/batch
INFO:tensorflow:Step: 451, Loss: 4.940648, time: 3.121 sec/batch
INFO:tensorflow:Step: 452, Loss: 4.958485, time: 1.965 sec/batch
INFO:tensorflow:Step: 453, Loss: 5.046273, time: 1.700 sec/batch
INFO:tensorflow:Step: 454, Loss: 4.949065, time: 3.298 sec/batch
INFO:tensorflow:Step: 455, Loss: 4.946412, time: 2.113 sec/batch
INFO:tensorflow:Step: 456, Loss: 4.938615, time: 1.997 sec/batch
INFO:tensorflow:Step: 457, Loss: 5.041940, time: 1.861 sec/batch
INFO:tensorflow:Step: 458, Loss: 4.983764, time: 2.189 sec/batch
INFO:tensorflow:Step: 459, Loss: 5.099961, time: 2.578 sec/batch
INFO:tensorflow:Step: 460, Loss: 5.003455, time: 3.990 sec/batch
INFO:tensorflow:Step: 461, Loss: 4.926790, time: 3.874 sec/batch
INFO:tensorflow:Step: 462, Loss: 5.029964, time: 2.256 sec/batch
INFO:tensorflow:Step: 463, Loss: 4.781157, time: 2.450 sec/batch
INFO:tensorflow:Step: 464, Loss: 5.107131, time: 1.882 sec/batch
INFO:tensorflow:Step: 465, Loss: 4.832300, time: 2.068 sec/batch
INFO:tensorflow:Step: 466, Loss: 4.846092, time: 2.034 sec/batch
INFO:tensorflow:Step: 467, Loss: 4.943880, time: 2.649 sec/batch
INFO:tensorflow:Step: 468, Loss: 4.945786, time: 3.324 sec/batch
INFO:tensorflow:Step: 469, Loss: 4.875784, time: 3.365 sec/batch
INFO:tensorflow:Step: 470, Loss: 4.890242, time: 2.233 sec/batch
INFO:tensorflow:Step: 471, Loss: 5.229944, time: 3.023 sec/batch
INFO:tensorflow:Step: 472, Loss: 5.000881, time: 3.366 sec/batch
INFO:tensorflow:Step: 473, Loss: 4.885749, time: 1.826 sec/batch
INFO:tensorflow:Step: 474, Loss: 5.111124, time: 1.877 sec/batch
INFO:tensorflow:Step: 475, Loss: 4.931347, time: 2.211 sec/batch
INFO:tensorflow:Step: 476, Loss: 4.846374, time: 1.936 sec/batch
INFO:tensorflow:Step: 477, Loss: 5.136412, time: 1.628 sec/batch
INFO:tensorflow:Step: 478, Loss: 4.899992, time: 1.839 sec/batch
INFO:tensorflow:Step: 479, Loss: 4.981530, time: 1.824 sec/batch
INFO:tensorflow:Step: 480, Loss: 5.123454, time: 2.112 sec/batch
INFO:tensorflow:Step: 481, Loss: 4.930859, time: 2.091 sec/batch
INFO:tensorflow:Step: 482, Loss: 5.073699, time: 3.076 sec/batch
INFO:tensorflow:Step: 483, Loss: 5.101174, time: 2.001 sec/batch
INFO:tensorflow:Step: 484, Loss: 5.045707, time: 1.538 sec/batch
INFO:tensorflow:Step: 485, Loss: 4.936723, time: 2.967 sec/batch
INFO:tensorflow:Step: 486, Loss: 4.831907, time: 2.198 sec/batch
INFO:tensorflow:Step: 487, Loss: 4.962693, time: 2.599 sec/batch
INFO:tensorflow:Step: 488, Loss: 5.002203, time: 2.421 sec/batch
INFO:tensorflow:Step: 489, Loss: 4.958661, time: 2.373 sec/batch
INFO:tensorflow:Step: 490, Loss: 4.850005, time: 3.381 sec/batch
INFO:tensorflow:Step: 491, Loss: 4.963979, time: 2.944 sec/batch
INFO:tensorflow:Step: 492, Loss: 4.897791, time: 2.917 sec/batch
INFO:tensorflow:Step: 493, Loss: 4.926524, time: 3.679 sec/batch
INFO:tensorflow:Step: 494, Loss: 4.945779, time: 2.668 sec/batch
INFO:tensorflow:Step: 495, Loss: 4.995928, time: 3.637 sec/batch
INFO:tensorflow:Step: 496, Loss: 4.958234, time: 1.980 sec/batch
INFO:tensorflow:Step: 497, Loss: 4.974621, time: 1.692 sec/batch
INFO:tensorflow:Step: 498, Loss: 4.900087, time: 1.888 sec/batch
INFO:tensorflow:Step: 499, Loss: 4.863879, time: 3.765 sec/batch
INFO:tensorflow:Step: 500, Loss: 4.831571, time: 2.059 sec/batch
INFO:tensorflow:Step: 501, Loss: 5.059272, time: 1.681 sec/batch
INFO:tensorflow:Step: 502, Loss: 4.909681, time: 2.353 sec/batch
INFO:tensorflow:Step: 503, Loss: 4.905088, time: 2.849 sec/batch
INFO:tensorflow:Step: 504, Loss: 4.902163, time: 2.632 sec/batch
INFO:tensorflow:Step: 505, Loss: 4.938835, time: 2.112 sec/batch
INFO:tensorflow:Step: 506, Loss: 4.978549, time: 3.217 sec/batch
INFO:tensorflow:Step: 507, Loss: 4.810160, time: 3.310 sec/batch
INFO:tensorflow:Step: 508, Loss: 4.846923, time: 2.284 sec/batch
INFO:tensorflow:Step: 509, Loss: 4.992125, time: 2.240 sec/batch
INFO:tensorflow:Step: 510, Loss: 5.161093, time: 3.214 sec/batch
INFO:tensorflow:Step: 511, Loss: 5.012661, time: 2.914 sec/batch
INFO:tensorflow:Step: 512, Loss: 4.806738, time: 2.794 sec/batch
INFO:tensorflow:Step: 513, Loss: 4.795579, time: 3.796 sec/batch
INFO:tensorflow:Step: 514, Loss: 4.842346, time: 2.527 sec/batch
INFO:tensorflow:Step: 515, Loss: 4.991107, time: 2.247 sec/batch
INFO:tensorflow:Step: 516, Loss: 5.051448, time: 3.843 sec/batch
INFO:tensorflow:Step: 517, Loss: 5.030011, time: 2.763 sec/batch
INFO:tensorflow:Step: 518, Loss: 5.194143, time: 2.606 sec/batch
INFO:tensorflow:Step: 519, Loss: 4.851813, time: 2.905 sec/batch
INFO:tensorflow:Step: 520, Loss: 4.843996, time: 1.819 sec/batch
INFO:tensorflow:Step: 521, Loss: 5.045018, time: 3.229 sec/batch
INFO:tensorflow:Step: 522, Loss: 4.640822, time: 3.558 sec/batch
INFO:tensorflow:Step: 523, Loss: 4.796376, time: 2.991 sec/batch
INFO:tensorflow:Step: 524, Loss: 5.018716, time: 2.611 sec/batch
INFO:tensorflow:Step: 525, Loss: 4.780586, time: 3.930 sec/batch
INFO:tensorflow:Step: 526, Loss: 5.072621, time: 2.356 sec/batch
INFO:tensorflow:Step: 527, Loss: 4.997608, time: 2.993 sec/batch
INFO:tensorflow:Step: 528, Loss: 4.921288, time: 2.036 sec/batch
INFO:tensorflow:Step: 529, Loss: 4.883959, time: 1.880 sec/batch
INFO:tensorflow:Step: 530, Loss: 4.949315, time: 3.479 sec/batch
INFO:tensorflow:Step: 531, Loss: 4.933087, time: 2.084 sec/batch
INFO:tensorflow:Step: 532, Loss: 4.826236, time: 1.662 sec/batch
INFO:tensorflow:Step: 533, Loss: 4.878817, time: 3.122 sec/batch
INFO:tensorflow:Step: 534, Loss: 5.006083, time: 2.617 sec/batch
INFO:tensorflow:Step: 535, Loss: 4.955112, time: 2.987 sec/batch
INFO:tensorflow:Step: 536, Loss: 4.691624, time: 2.942 sec/batch
INFO:tensorflow:Step: 537, Loss: 4.627725, time: 3.028 sec/batch
INFO:tensorflow:Step: 538, Loss: 4.981846, time: 1.866 sec/batch
INFO:tensorflow:Step: 539, Loss: 4.873661, time: 1.699 sec/batch
INFO:tensorflow:Step: 540, Loss: 4.839737, time: 3.608 sec/batch
INFO:tensorflow:Step: 541, Loss: 4.742417, time: 1.953 sec/batch
INFO:tensorflow:Step: 542, Loss: 4.877685, time: 2.025 sec/batch
INFO:tensorflow:Step: 543, Loss: 5.120762, time: 1.751 sec/batch
INFO:tensorflow:Step: 544, Loss: 5.162429, time: 1.762 sec/batch
INFO:tensorflow:Step: 545, Loss: 4.778034, time: 1.601 sec/batch
INFO:tensorflow:Step: 546, Loss: 4.735291, time: 1.601 sec/batch
INFO:tensorflow:Step: 547, Loss: 4.899264, time: 1.799 sec/batch
INFO:tensorflow:Step: 548, Loss: 4.905889, time: 1.401 sec/batch
INFO:tensorflow:Step: 549, Loss: 4.981982, time: 2.862 sec/batch
INFO:tensorflow:Step: 550, Loss: 4.807763, time: 1.958 sec/batch
INFO:tensorflow:Step: 551, Loss: 4.999039, time: 1.722 sec/batch
INFO:tensorflow:Step: 552, Loss: 4.988977, time: 1.773 sec/batch
INFO:tensorflow:Step: 553, Loss: 5.135529, time: 1.960 sec/batch
INFO:tensorflow:Step: 554, Loss: 4.927763, time: 1.766 sec/batch
INFO:tensorflow:Step: 555, Loss: 5.025425, time: 1.465 sec/batch
INFO:tensorflow:Step: 556, Loss: 4.708652, time: 1.695 sec/batch
INFO:tensorflow:Step: 557, Loss: 4.921614, time: 3.682 sec/batch
INFO:tensorflow:Step: 558, Loss: 4.942258, time: 3.324 sec/batch
INFO:tensorflow:Step: 559, Loss: 5.066830, time: 3.582 sec/batch
INFO:tensorflow:Step: 560, Loss: 4.915396, time: 2.775 sec/batch
INFO:tensorflow:Step: 561, Loss: 4.969461, time: 3.400 sec/batch
INFO:tensorflow:Step: 562, Loss: 5.045980, time: 3.193 sec/batch
INFO:tensorflow:Step: 563, Loss: 5.007645, time: 3.410 sec/batch
INFO:tensorflow:Step: 564, Loss: 4.830665, time: 2.141 sec/batch
INFO:tensorflow:Step: 565, Loss: 5.047880, time: 2.086 sec/batch
INFO:tensorflow:Step: 566, Loss: 4.914670, time: 1.617 sec/batch
INFO:tensorflow:Step: 567, Loss: 4.833215, time: 1.854 sec/batch
INFO:tensorflow:Step: 568, Loss: 5.081993, time: 2.697 sec/batch
INFO:tensorflow:Step: 569, Loss: 4.799403, time: 2.258 sec/batch
INFO:tensorflow:Step: 570, Loss: 4.906646, time: 1.874 sec/batch
INFO:tensorflow:Step: 571, Loss: 4.809692, time: 2.669 sec/batch
INFO:tensorflow:Step: 572, Loss: 4.884179, time: 3.124 sec/batch
INFO:tensorflow:Step: 573, Loss: 5.062109, time: 3.468 sec/batch
INFO:tensorflow:Step: 574, Loss: 5.115256, time: 3.134 sec/batch
INFO:tensorflow:Step: 575, Loss: 4.840187, time: 3.151 sec/batch
INFO:tensorflow:Step: 576, Loss: 4.971903, time: 3.205 sec/batch
INFO:tensorflow:Step: 577, Loss: 4.937742, time: 3.528 sec/batch
INFO:tensorflow:Step: 578, Loss: 5.074856, time: 3.899 sec/batch
INFO:tensorflow:Step: 579, Loss: 4.935934, time: 3.632 sec/batch
INFO:tensorflow:Step: 580, Loss: 4.843900, time: 4.053 sec/batch
INFO:tensorflow:Step: 581, Loss: 4.872656, time: 1.947 sec/batch
INFO:tensorflow:Step: 582, Loss: 4.796366, time: 3.954 sec/batch
INFO:tensorflow:Step: 583, Loss: 4.957568, time: 3.269 sec/batch
INFO:tensorflow:Step: 584, Loss: 4.729006, time: 2.985 sec/batch
INFO:tensorflow:Step: 585, Loss: 4.948163, time: 2.099 sec/batch
INFO:tensorflow:Step: 586, Loss: 5.057569, time: 3.736 sec/batch
INFO:tensorflow:Step: 587, Loss: 5.017163, time: 3.749 sec/batch
INFO:tensorflow:Step: 588, Loss: 5.015830, time: 3.090 sec/batch
INFO:tensorflow:Step: 589, Loss: 5.120210, time: 4.058 sec/batch
INFO:tensorflow:Step: 590, Loss: 4.778588, time: 3.922 sec/batch
INFO:tensorflow:Step: 591, Loss: 4.843970, time: 2.737 sec/batch
INFO:tensorflow:Step: 592, Loss: 4.812059, time: 3.300 sec/batch
INFO:tensorflow:Step: 593, Loss: 4.831554, time: 3.747 sec/batch
INFO:tensorflow:Step: 594, Loss: 4.908999, time: 2.739 sec/batch
INFO:tensorflow:Step: 595, Loss: 5.090720, time: 3.250 sec/batch
INFO:tensorflow:Step: 596, Loss: 4.787606, time: 3.332 sec/batch
INFO:tensorflow:Step: 597, Loss: 5.086061, time: 2.583 sec/batch
INFO:tensorflow:Step: 598, Loss: 4.689707, time: 2.505 sec/batch
INFO:tensorflow:Step: 599, Loss: 4.935072, time: 2.786 sec/batch
INFO:tensorflow:Step: 600, Loss: 4.935831, time: 2.399 sec/batch
INFO:tensorflow:Step: 601, Loss: 5.017167, time: 2.580 sec/batch
INFO:tensorflow:Step: 602, Loss: 4.746377, time: 2.732 sec/batch
INFO:tensorflow:Step: 603, Loss: 4.811291, time: 3.077 sec/batch
INFO:tensorflow:Step: 604, Loss: 4.821496, time: 2.536 sec/batch
INFO:tensorflow:Step: 605, Loss: 4.968365, time: 3.072 sec/batch
INFO:tensorflow:Step: 606, Loss: 4.760697, time: 3.300 sec/batch
INFO:tensorflow:Step: 607, Loss: 5.037541, time: 3.956 sec/batch
INFO:tensorflow:Step: 608, Loss: 4.865610, time: 3.823 sec/batch
INFO:tensorflow:Step: 609, Loss: 4.960551, time: 1.954 sec/batch
INFO:tensorflow:Step: 610, Loss: 4.870897, time: 3.787 sec/batch
INFO:tensorflow:Step: 611, Loss: 4.683259, time: 2.813 sec/batch
INFO:tensorflow:Step: 612, Loss: 4.834778, time: 3.036 sec/batch
INFO:tensorflow:Step: 613, Loss: 4.746063, time: 3.650 sec/batch
INFO:tensorflow:Step: 614, Loss: 4.945343, time: 3.167 sec/batch
INFO:tensorflow:Step: 615, Loss: 4.750198, time: 2.975 sec/batch
INFO:tensorflow:Step: 616, Loss: 4.858025, time: 2.753 sec/batch
INFO:tensorflow:Step: 617, Loss: 4.975102, time: 3.530 sec/batch
INFO:tensorflow:Step: 618, Loss: 4.817434, time: 3.571 sec/batch
INFO:tensorflow:Step: 619, Loss: 4.862730, time: 2.627 sec/batch
INFO:tensorflow:Step: 620, Loss: 4.891962, time: 3.224 sec/batch
INFO:tensorflow:Step: 621, Loss: 4.777041, time: 3.520 sec/batch
INFO:tensorflow:Step: 622, Loss: 5.008456, time: 3.699 sec/batch
INFO:tensorflow:Step: 623, Loss: 4.790242, time: 2.400 sec/batch
INFO:tensorflow:Step: 624, Loss: 4.952421, time: 2.721 sec/batch
INFO:tensorflow:Step: 625, Loss: 5.174879, time: 3.091 sec/batch
INFO:tensorflow:Step: 626, Loss: 4.832608, time: 3.657 sec/batch
INFO:tensorflow:Step: 627, Loss: 4.994460, time: 2.727 sec/batch
INFO:tensorflow:Step: 628, Loss: 4.874597, time: 2.440 sec/batch
INFO:tensorflow:Step: 629, Loss: 4.874509, time: 3.176 sec/batch
INFO:tensorflow:Step: 630, Loss: 4.807545, time: 2.056 sec/batch
INFO:tensorflow:Step: 631, Loss: 4.807920, time: 1.900 sec/batch
INFO:tensorflow:Step: 632, Loss: 4.778773, time: 3.430 sec/batch
INFO:tensorflow:Step: 633, Loss: 4.831893, time: 1.917 sec/batch
INFO:tensorflow:Step: 634, Loss: 4.991754, time: 2.138 sec/batch
INFO:tensorflow:Step: 635, Loss: 4.891862, time: 1.636 sec/batch
INFO:tensorflow:Step: 636, Loss: 4.738638, time: 1.878 sec/batch
INFO:tensorflow:Step: 637, Loss: 4.879081, time: 1.438 sec/batch
INFO:tensorflow:Step: 638, Loss: 4.837694, time: 1.579 sec/batch
INFO:tensorflow:Step: 639, Loss: 5.061309, time: 1.556 sec/batch
INFO:tensorflow:Step: 640, Loss: 4.925557, time: 1.468 sec/batch
INFO:tensorflow:Step: 641, Loss: 4.910550, time: 1.546 sec/batch
INFO:tensorflow:Step: 642, Loss: 4.567712, time: 2.834 sec/batch
INFO:tensorflow:Step: 643, Loss: 4.741412, time: 1.945 sec/batch
INFO:tensorflow:Step: 644, Loss: 4.919160, time: 1.574 sec/batch
INFO:tensorflow:Step: 645, Loss: 4.924292, time: 1.805 sec/batch
INFO:tensorflow:Step: 646, Loss: 5.329182, time: 1.791 sec/batch
INFO:tensorflow:Step: 647, Loss: 4.959130, time: 2.080 sec/batch
INFO:tensorflow:Step: 648, Loss: 4.737621, time: 2.482 sec/batch
INFO:tensorflow:Step: 649, Loss: 4.707235, time: 3.091 sec/batch
INFO:tensorflow:Step: 650, Loss: 4.944039, time: 2.519 sec/batch
run-expr-4node.sh: line 21: 79355 Terminated              CUDA_VISIBLE_DEVICES=$1 bazel-bin/inception/imagenet_distributed_train --batch_size=64 --data_dir=/lfs/local/0/daniter/imagenet-8-$2 --job_name='worker' --task_id=$2 --ps_hosts='raiders1:2228' --worker_hosts='raiders1:2200,raiders1:2201,raiders3:2209,raiders3:2210' --initial_learning_rate=$3 --momentum=$4 --sync=$5
