DISPLAY "(null)" invalid; disabling X11 forwarding
I tensorflow/stream_executor/dso_loader.cc:108] successfully opened CUDA library libcublas.so locally
I tensorflow/stream_executor/dso_loader.cc:108] successfully opened CUDA library libcudnn.so locally
I tensorflow/stream_executor/dso_loader.cc:108] successfully opened CUDA library libcufft.so locally
I tensorflow/stream_executor/dso_loader.cc:108] successfully opened CUDA library libcuda.so locally
I tensorflow/stream_executor/dso_loader.cc:108] successfully opened CUDA library libcurand.so locally
INFO:tensorflow:PS hosts are: ['raiders1:2200']
INFO:tensorflow:Worker hosts are: ['raiders1:2201', 'raiders1:2202', 'raiders1:2203', 'raiders1:2204', 'raiders2:2205', 'raiders2:2206', 'raiders2:2207', 'raiders2:2208', 'raiders3:2209', 'raiders3:2210', 'raiders3:2211', 'raiders3:2212', 'raiders8:2213', 'raiders8:2214', 'raiders8:2215', 'raiders8:2216']
E tensorflow/stream_executor/cuda/cuda_driver.cc:491] failed call to cuInit: CUDA_ERROR_NO_DEVICE
I tensorflow/stream_executor/cuda/cuda_diagnostics.cc:153] retrieving CUDA diagnostic information for host: raiders3
I tensorflow/stream_executor/cuda/cuda_diagnostics.cc:160] hostname: raiders3
I tensorflow/stream_executor/cuda/cuda_diagnostics.cc:185] libcuda reported version is: Not found: was unable to find libcuda.so DSO loaded into this program
I tensorflow/stream_executor/cuda/cuda_diagnostics.cc:347] driver version file contents: """NVRM version: NVIDIA UNIX x86_64 Kernel Module  367.27  Thu Jun  9 18:53:27 PDT 2016
GCC version:  gcc version 4.8.4 (Ubuntu 4.8.4-2ubuntu1~14.04.3) 
"""
I tensorflow/stream_executor/cuda/cuda_diagnostics.cc:189] kernel reported version is: 367.27.0
I tensorflow/core/common_runtime/gpu/gpu_init.cc:81] No GPU devices available on machine.
I tensorflow/core/distributed_runtime/rpc/grpc_channel.cc:206] Initialize HostPortsGrpcChannelCache for job ps -> {raiders1:2200}
I tensorflow/core/distributed_runtime/rpc/grpc_channel.cc:206] Initialize HostPortsGrpcChannelCache for job worker -> {raiders1:2201, raiders1:2202, raiders1:2203, raiders1:2204, raiders2:2205, raiders2:2206, raiders2:2207, raiders2:2208, raiders3:2209, localhost:2210, raiders3:2211, raiders3:2212, raiders8:2213, raiders8:2214, raiders8:2215, raiders8:2216}
I tensorflow/core/distributed_runtime/rpc/grpc_server_lib.cc:202] Started server with target: grpc://localhost:2210
INFO:tensorflow:Learning rate: 0.001000, momentum: 0.900000
INFO:tensorflow:Sync mode!!!!!!
INFO:tensorflow:Compute groups : 2
INFO:tensorflow:SyncReplicas enabled: replicas_to_aggregate=16; total_num_replicas=16
INFO:tensorflow:Num nodes per compute groups: 8
INFO:tensorflow:Tokens per step: 8
INFO:tensorflow:2016-07-26 13:37:50.391963 Supervisor
INFO:tensorflow:got sessions! 2016-07-26 13:38:06.007652 
INFO:tensorflow:Started 3 queues for processing input data.
INFO:tensorflow:Step: 399, Loss: 5.740596, time: 15.148 sec/batch
INFO:tensorflow:Step: 399, Loss: 5.751747, time: 20.432 sec/batch
INFO:tensorflow:Step: 401, Loss: 4.853070, time: 15.746 sec/batch
INFO:tensorflow:Step: 403, Loss: 5.092147, time: 15.618 sec/batch
INFO:tensorflow:Step: 405, Loss: 5.035769, time: 17.395 sec/batch
INFO:tensorflow:Step: 407, Loss: 5.831119, time: 17.100 sec/batch
INFO:tensorflow:Step: 410, Loss: 5.112739, time: 16.068 sec/batch
INFO:tensorflow:Step: 411, Loss: 5.192907, time: 16.906 sec/batch
INFO:tensorflow:Step: 413, Loss: 5.392276, time: 16.953 sec/batch
INFO:tensorflow:Step: 416, Loss: 5.748976, time: 21.535 sec/batch
INFO:tensorflow:Step: 418, Loss: 5.700027, time: 18.993 sec/batch
INFO:tensorflow:Step: 419, Loss: 5.337791, time: 17.661 sec/batch
INFO:tensorflow:Step: 422, Loss: 5.642769, time: 19.149 sec/batch
INFO:tensorflow:Step: 424, Loss: 5.022082, time: 19.929 sec/batch
INFO:tensorflow:Step: 426, Loss: 6.287997, time: 20.659 sec/batch
INFO:tensorflow:Step: 428, Loss: 5.320961, time: 19.941 sec/batch
INFO:tensorflow:Step: 430, Loss: 5.452263, time: 20.420 sec/batch
INFO:tensorflow:Step: 432, Loss: 5.297384, time: 18.033 sec/batch
INFO:tensorflow:Step: 434, Loss: 5.498932, time: 19.094 sec/batch
INFO:tensorflow:Step: 435, Loss: 4.930461, time: 17.149 sec/batch
INFO:tensorflow:Step: 438, Loss: 5.467785, time: 18.262 sec/batch
INFO:tensorflow:Step: 439, Loss: 4.997578, time: 16.627 sec/batch
INFO:tensorflow:Step: 441, Loss: 5.409547, time: 17.171 sec/batch
INFO:tensorflow:Step: 444, Loss: 5.224826, time: 18.730 sec/batch
INFO:tensorflow:Step: 446, Loss: 5.270948, time: 18.567 sec/batch
INFO:tensorflow:Step: 448, Loss: 5.770133, time: 19.325 sec/batch
INFO:tensorflow:Step: 450, Loss: 5.717345, time: 19.276 sec/batch
INFO:tensorflow:Step: 452, Loss: 5.387805, time: 15.935 sec/batch
INFO:tensorflow:Step: 454, Loss: 5.400991, time: 16.491 sec/batch
run-expr-32node.sh: line 23: 60807 Terminated              CUDA_VISIBLE_DEVICES='' bazel-bin/inception/imagenet_distributed_train --batch_size=16 --data_dir=/lfs/local/0/daniter/16node-data-$2 --job_name='worker' --task_id=$2 --ps_hosts='raiders1:2200' --worker_hosts='raiders1:2201,raiders1:2202,raiders1:2203,raiders1:2204,raiders2:2205,raiders2:2206,raiders2:2207,raiders2:2208,raiders3:2209,raiders3:2210,raiders3:2211,raiders3:2212,raiders8:2213,raiders8:2214,raiders8:2215,raiders8:2216' --initial_learning_rate=$3 --momentum=$4 --sync=True --compute_groups=$5
