DISPLAY "(null)" invalid; disabling X11 forwarding
I tensorflow/stream_executor/dso_loader.cc:108] successfully opened CUDA library libcublas.so locally
I tensorflow/stream_executor/dso_loader.cc:108] successfully opened CUDA library libcudnn.so locally
I tensorflow/stream_executor/dso_loader.cc:108] successfully opened CUDA library libcufft.so locally
I tensorflow/stream_executor/dso_loader.cc:108] successfully opened CUDA library libcuda.so locally
I tensorflow/stream_executor/dso_loader.cc:108] successfully opened CUDA library libcurand.so locally
INFO:tensorflow:PS hosts are: ['raiders1:2228']
INFO:tensorflow:Worker hosts are: ['raiders1:2200', 'raiders1:2201', 'raiders3:2209', 'raiders3:2210']
I tensorflow/core/common_runtime/gpu/gpu_init.cc:102] Found device 0 with properties: 
name: GeForce GTX TITAN X
major: 5 minor: 2 memoryClockRate (GHz) 1.076
pciBusID 0000:03:00.0
Total memory: 11.92GiB
Free memory: 11.81GiB
I tensorflow/core/common_runtime/gpu/gpu_init.cc:126] DMA: 0 
I tensorflow/core/common_runtime/gpu/gpu_init.cc:136] 0:   Y 
I tensorflow/core/common_runtime/gpu/gpu_device.cc:806] Creating TensorFlow device (/gpu:0) -> (device: 0, name: GeForce GTX TITAN X, pci bus id: 0000:03:00.0)
I tensorflow/core/distributed_runtime/rpc/grpc_channel.cc:206] Initialize HostPortsGrpcChannelCache for job ps -> {raiders1:2228}
I tensorflow/core/distributed_runtime/rpc/grpc_channel.cc:206] Initialize HostPortsGrpcChannelCache for job worker -> {raiders1:2200, raiders1:2201, localhost:2209, raiders3:2210}
I tensorflow/core/distributed_runtime/rpc/grpc_server_lib.cc:202] Started server with target: grpc://localhost:2209
INFO:tensorflow:Learning rate: 0.010000, momentum: 0.600000
INFO:tensorflow:Sync mode!!!!!!
INFO:tensorflow:Compute groups : 4
INFO:tensorflow:SyncReplicas enabled: replicas_to_aggregate=4; total_num_replicas=4
INFO:tensorflow:Num nodes per compute groups: 1
INFO:tensorflow:Tokens per step: 1
INFO:tensorflow:2016-07-20 04:11:00.296889 Supervisor
INFO:tensorflow:got sessions!
INFO:tensorflow:Started 3 queues for processing input data.
I tensorflow/core/common_runtime/gpu/pool_allocator.cc:244] PoolAllocator: After 3576 get requests, put_count=2565 evicted_count=1000 eviction_rate=0.389864 and unsatisfied allocation rate=0.590324
I tensorflow/core/common_runtime/gpu/pool_allocator.cc:256] Raising pool_size_limit_ from 100 to 110
INFO:tensorflow:Step: 399, Loss: 5.392552, time: 6.222 sec/batch
INFO:tensorflow:Step: 400, Loss: 5.990126, time: 1.627 sec/batch
INFO:tensorflow:Step: 403, Loss: 5.477695, time: 1.688 sec/batch
INFO:tensorflow:Step: 405, Loss: 5.156116, time: 1.451 sec/batch
INFO:tensorflow:Step: 407, Loss: 5.279930, time: 1.513 sec/batch
I tensorflow/core/common_runtime/gpu/pool_allocator.cc:244] PoolAllocator: After 0 get requests, put_count=1016 evicted_count=1000 eviction_rate=0.984252 and unsatisfied allocation rate=0
INFO:tensorflow:Step: 409, Loss: 5.388935, time: 1.713 sec/batch
INFO:tensorflow:Step: 411, Loss: 5.597647, time: 1.620 sec/batch
INFO:tensorflow:Step: 413, Loss: 5.255733, time: 1.901 sec/batch
INFO:tensorflow:Step: 415, Loss: 5.319749, time: 1.338 sec/batch
INFO:tensorflow:Step: 417, Loss: 5.227532, time: 1.744 sec/batch
I tensorflow/core/common_runtime/gpu/pool_allocator.cc:244] PoolAllocator: After 0 get requests, put_count=1025 evicted_count=1000 eviction_rate=0.97561 and unsatisfied allocation rate=0
INFO:tensorflow:Step: 418, Loss: 5.393939, time: 2.297 sec/batch
INFO:tensorflow:Step: 420, Loss: 5.300212, time: 1.370 sec/batch
INFO:tensorflow:Step: 422, Loss: 5.184035, time: 1.673 sec/batch
INFO:tensorflow:Step: 424, Loss: 5.321723, time: 1.504 sec/batch
INFO:tensorflow:Step: 426, Loss: 5.260159, time: 1.622 sec/batch
INFO:tensorflow:Step: 428, Loss: 5.193417, time: 1.948 sec/batch
I tensorflow/core/common_runtime/gpu/pool_allocator.cc:244] PoolAllocator: After 0 get requests, put_count=1044 evicted_count=1000 eviction_rate=0.957854 and unsatisfied allocation rate=0
INFO:tensorflow:Step: 431, Loss: 5.275951, time: 1.463 sec/batch
INFO:tensorflow:Step: 432, Loss: 5.417620, time: 1.482 sec/batch
INFO:tensorflow:Step: 434, Loss: 5.493723, time: 1.305 sec/batch
INFO:tensorflow:Step: 436, Loss: 5.225404, time: 1.258 sec/batch
INFO:tensorflow:Step: 438, Loss: 5.158129, time: 1.861 sec/batch
INFO:tensorflow:Step: 441, Loss: 4.962025, time: 1.815 sec/batch
INFO:tensorflow:Step: 443, Loss: 5.300934, time: 1.522 sec/batch
I tensorflow/core/common_runtime/gpu/pool_allocator.cc:244] PoolAllocator: After 3576 get requests, put_count=4412 evicted_count=2000 eviction_rate=0.453309 and unsatisfied allocation rate=0.347595
I tensorflow/core/common_runtime/gpu/pool_allocator.cc:256] Raising pool_size_limit_ from 871 to 958
INFO:tensorflow:Step: 446, Loss: 5.365396, time: 1.790 sec/batch
INFO:tensorflow:Step: 450, Loss: 5.243914, time: 2.276 sec/batch
INFO:tensorflow:Step: 453, Loss: 5.254064, time: 2.955 sec/batch
INFO:tensorflow:Step: 460, Loss: 5.155266, time: 2.184 sec/batch
INFO:tensorflow:Step: 464, Loss: 5.111529, time: 1.844 sec/batch
INFO:tensorflow:Step: 469, Loss: 5.318302, time: 1.864 sec/batch
INFO:tensorflow:Step: 474, Loss: 5.161381, time: 1.672 sec/batch
INFO:tensorflow:Step: 478, Loss: 5.171122, time: 2.096 sec/batch
INFO:tensorflow:Step: 482, Loss: 5.204264, time: 1.854 sec/batch
INFO:tensorflow:Step: 486, Loss: 5.166053, time: 2.273 sec/batch
INFO:tensorflow:Step: 490, Loss: 5.241612, time: 1.587 sec/batch
INFO:tensorflow:Step: 494, Loss: 5.166024, time: 1.430 sec/batch
INFO:tensorflow:Step: 497, Loss: 5.117077, time: 1.736 sec/batch
INFO:tensorflow:Step: 501, Loss: 5.012048, time: 1.660 sec/batch
INFO:tensorflow:Step: 506, Loss: 5.613294, time: 2.105 sec/batch
INFO:tensorflow:Step: 510, Loss: 5.234748, time: 1.490 sec/batch
INFO:tensorflow:Step: 514, Loss: 5.195920, time: 1.935 sec/batch
INFO:tensorflow:Step: 517, Loss: 5.096398, time: 1.448 sec/batch
INFO:tensorflow:Step: 521, Loss: 5.292436, time: 1.407 sec/batch
INFO:tensorflow:Step: 525, Loss: 5.032393, time: 1.398 sec/batch
INFO:tensorflow:Step: 529, Loss: 5.411775, time: 1.445 sec/batch
INFO:tensorflow:Step: 534, Loss: 5.111765, time: 1.402 sec/batch
INFO:tensorflow:Step: 538, Loss: 5.190966, time: 1.413 sec/batch
INFO:tensorflow:Step: 541, Loss: 5.229519, time: 1.424 sec/batch
INFO:tensorflow:Step: 545, Loss: 5.049372, time: 1.297 sec/batch
INFO:tensorflow:Step: 549, Loss: 5.098335, time: 1.686 sec/batch
INFO:tensorflow:Step: 553, Loss: 5.068432, time: 1.398 sec/batch
INFO:tensorflow:Step: 557, Loss: 5.135611, time: 1.542 sec/batch
INFO:tensorflow:Step: 563, Loss: 5.124260, time: 1.749 sec/batch
INFO:tensorflow:Step: 567, Loss: 5.200844, time: 1.350 sec/batch
INFO:tensorflow:Step: 571, Loss: 5.192437, time: 1.351 sec/batch
INFO:tensorflow:Step: 575, Loss: 5.215613, time: 1.372 sec/batch
INFO:tensorflow:Step: 579, Loss: 5.087315, time: 1.334 sec/batch
INFO:tensorflow:Step: 584, Loss: 5.151661, time: 1.397 sec/batch
INFO:tensorflow:Step: 588, Loss: 5.141903, time: 1.367 sec/batch
INFO:tensorflow:Step: 592, Loss: 5.249830, time: 1.325 sec/batch
INFO:tensorflow:Step: 596, Loss: 5.059065, time: 1.465 sec/batch
INFO:tensorflow:Step: 600, Loss: 5.117692, time: 1.611 sec/batch
INFO:tensorflow:Step: 603, Loss: 5.270829, time: 1.520 sec/batch
INFO:tensorflow:Step: 607, Loss: 5.032678, time: 1.463 sec/batch
INFO:tensorflow:Step: 612, Loss: 5.027746, time: 1.370 sec/batch
INFO:tensorflow:Step: 616, Loss: 5.042344, time: 1.419 sec/batch
INFO:tensorflow:Step: 620, Loss: 5.283643, time: 1.436 sec/batch
INFO:tensorflow:Step: 624, Loss: 5.106907, time: 1.427 sec/batch
INFO:tensorflow:Step: 628, Loss: 4.896451, time: 1.475 sec/batch
INFO:tensorflow:Step: 631, Loss: 5.366141, time: 1.320 sec/batch
INFO:tensorflow:Step: 635, Loss: 5.367996, time: 1.380 sec/batch
INFO:tensorflow:Step: 639, Loss: 5.171509, time: 1.433 sec/batch
INFO:tensorflow:Step: 643, Loss: 5.393541, time: 1.408 sec/batch
INFO:tensorflow:Step: 648, Loss: 4.986543, time: 1.335 sec/batch
INFO:tensorflow:Step: 652, Loss: 5.231360, time: 1.335 sec/batch
INFO:tensorflow:Step: 656, Loss: 4.936582, time: 1.334 sec/batch
INFO:tensorflow:Step: 660, Loss: 5.270876, time: 1.311 sec/batch
INFO:tensorflow:Step: 664, Loss: 5.088726, time: 1.329 sec/batch
INFO:tensorflow:Step: 666, Loss: 5.028363, time: 1.300 sec/batch
INFO:tensorflow:Step: 671, Loss: 5.245324, time: 1.484 sec/batch
INFO:tensorflow:Step: 676, Loss: 5.143428, time: 1.383 sec/batch
INFO:tensorflow:Step: 680, Loss: 5.190934, time: 1.334 sec/batch
INFO:tensorflow:Step: 684, Loss: 5.067622, time: 1.393 sec/batch
INFO:tensorflow:Step: 688, Loss: 5.312414, time: 1.337 sec/batch
INFO:tensorflow:Step: 692, Loss: 5.152875, time: 1.345 sec/batch
INFO:tensorflow:Step: 696, Loss: 5.051109, time: 1.306 sec/batch
INFO:tensorflow:Step: 700, Loss: 4.941703, time: 1.333 sec/batch
INFO:tensorflow:Step: 704, Loss: 4.848882, time: 1.318 sec/batch
INFO:tensorflow:Step: 708, Loss: 5.292404, time: 1.393 sec/batch
INFO:tensorflow:Step: 712, Loss: 5.117471, time: 1.350 sec/batch
INFO:tensorflow:Step: 716, Loss: 5.319040, time: 1.332 sec/batch
INFO:tensorflow:Step: 720, Loss: 5.110814, time: 1.342 sec/batch
INFO:tensorflow:Step: 724, Loss: 4.874335, time: 1.427 sec/batch
INFO:tensorflow:Step: 727, Loss: 5.064363, time: 1.464 sec/batch
INFO:tensorflow:Step: 732, Loss: 5.017297, time: 1.453 sec/batch
INFO:tensorflow:Step: 736, Loss: 5.066428, time: 1.414 sec/batch
INFO:tensorflow:Step: 740, Loss: 5.134607, time: 1.295 sec/batch
INFO:tensorflow:Step: 744, Loss: 5.038883, time: 1.338 sec/batch
INFO:tensorflow:Step: 747, Loss: 4.936329, time: 1.318 sec/batch
INFO:tensorflow:Step: 752, Loss: 5.087625, time: 1.373 sec/batch
INFO:tensorflow:Step: 756, Loss: 4.976231, time: 1.322 sec/batch
INFO:tensorflow:Step: 760, Loss: 5.111520, time: 1.330 sec/batch
INFO:tensorflow:Step: 764, Loss: 5.019562, time: 1.356 sec/batch
INFO:tensorflow:Step: 768, Loss: 5.133469, time: 1.331 sec/batch
INFO:tensorflow:Step: 772, Loss: 4.976490, time: 1.315 sec/batch
INFO:tensorflow:Step: 776, Loss: 5.248316, time: 1.338 sec/batch
INFO:tensorflow:Step: 779, Loss: 5.096524, time: 1.383 sec/batch
INFO:tensorflow:Step: 784, Loss: 4.978601, time: 1.291 sec/batch
INFO:tensorflow:Step: 787, Loss: 5.181714, time: 1.325 sec/batch
INFO:tensorflow:Step: 791, Loss: 5.054283, time: 1.352 sec/batch
INFO:tensorflow:Step: 795, Loss: 4.927891, time: 1.354 sec/batch
INFO:tensorflow:Step: 799, Loss: 5.119704, time: 1.329 sec/batch
INFO:tensorflow:Step: 803, Loss: 5.130222, time: 1.367 sec/batch
INFO:tensorflow:Step: 807, Loss: 5.092104, time: 1.311 sec/batch
INFO:tensorflow:Step: 811, Loss: 5.091723, time: 1.319 sec/batch
INFO:tensorflow:Step: 815, Loss: 4.974290, time: 1.325 sec/batch
INFO:tensorflow:Step: 819, Loss: 5.385200, time: 1.418 sec/batch
INFO:tensorflow:Step: 823, Loss: 5.069774, time: 1.366 sec/batch
INFO:tensorflow:Step: 826, Loss: 4.994577, time: 1.348 sec/batch
INFO:tensorflow:Step: 831, Loss: 4.936853, time: 1.370 sec/batch
INFO:tensorflow:Step: 836, Loss: 5.195836, time: 1.444 sec/batch
INFO:tensorflow:Step: 840, Loss: 5.060715, time: 1.403 sec/batch
INFO:tensorflow:Step: 844, Loss: 5.387677, time: 1.395 sec/batch
INFO:tensorflow:Step: 848, Loss: 5.172830, time: 1.482 sec/batch
INFO:tensorflow:Step: 853, Loss: 5.201003, time: 1.358 sec/batch
INFO:tensorflow:Step: 857, Loss: 5.187767, time: 1.380 sec/batch
INFO:tensorflow:Step: 861, Loss: 5.007374, time: 1.499 sec/batch
INFO:tensorflow:Step: 866, Loss: 5.052329, time: 1.373 sec/batch
INFO:tensorflow:Step: 870, Loss: 5.161413, time: 1.356 sec/batch
INFO:tensorflow:Step: 875, Loss: 5.023625, time: 1.569 sec/batch
INFO:tensorflow:Step: 878, Loss: 5.128471, time: 1.460 sec/batch
INFO:tensorflow:Step: 883, Loss: 5.042827, time: 1.663 sec/batch
INFO:tensorflow:Step: 887, Loss: 4.913762, time: 1.440 sec/batch
INFO:tensorflow:Step: 891, Loss: 4.941634, time: 1.349 sec/batch
INFO:tensorflow:Step: 895, Loss: 4.895336, time: 1.350 sec/batch
INFO:tensorflow:Step: 899, Loss: 5.103125, time: 1.303 sec/batch
INFO:tensorflow:Step: 903, Loss: 5.120556, time: 1.336 sec/batch
INFO:tensorflow:Step: 906, Loss: 4.989829, time: 1.338 sec/batch
INFO:tensorflow:Step: 910, Loss: 4.912337, time: 1.311 sec/batch
INFO:tensorflow:Step: 914, Loss: 4.988554, time: 1.290 sec/batch
INFO:tensorflow:Step: 918, Loss: 4.841083, time: 1.393 sec/batch
INFO:tensorflow:Step: 922, Loss: 5.050544, time: 1.431 sec/batch
INFO:tensorflow:Step: 927, Loss: 5.055907, time: 1.363 sec/batch
INFO:tensorflow:Step: 931, Loss: 4.985437, time: 1.321 sec/batch
INFO:tensorflow:Step: 935, Loss: 5.176275, time: 1.324 sec/batch
INFO:tensorflow:Step: 939, Loss: 4.982450, time: 1.335 sec/batch
INFO:tensorflow:Step: 943, Loss: 5.095603, time: 1.339 sec/batch
INFO:tensorflow:Step: 947, Loss: 4.892106, time: 1.281 sec/batch
INFO:tensorflow:Step: 951, Loss: 4.896760, time: 1.331 sec/batch
INFO:tensorflow:Step: 955, Loss: 5.170702, time: 1.315 sec/batch
INFO:tensorflow:Step: 959, Loss: 5.076617, time: 1.343 sec/batch
INFO:tensorflow:Step: 963, Loss: 5.000838, time: 1.310 sec/batch
INFO:tensorflow:Step: 967, Loss: 4.978096, time: 1.317 sec/batch
INFO:tensorflow:Step: 971, Loss: 4.828213, time: 1.325 sec/batch
INFO:tensorflow:Step: 974, Loss: 5.096371, time: 1.352 sec/batch
INFO:tensorflow:Step: 978, Loss: 5.066049, time: 1.360 sec/batch
INFO:tensorflow:Step: 982, Loss: 4.870169, time: 1.325 sec/batch
INFO:tensorflow:Step: 986, Loss: 5.254228, time: 1.289 sec/batch
INFO:tensorflow:Step: 991, Loss: 4.976653, time: 1.405 sec/batch
INFO:tensorflow:Step: 995, Loss: 5.001876, time: 1.376 sec/batch
INFO:tensorflow:Step: 999, Loss: 5.161391, time: 1.383 sec/batch
INFO:tensorflow:Step: 1003, Loss: 5.164956, time: 1.372 sec/batch
INFO:tensorflow:Step: 1007, Loss: 5.078071, time: 1.372 sec/batch
INFO:tensorflow:Step: 1012, Loss: 4.966751, time: 1.373 sec/batch
INFO:tensorflow:Step: 1016, Loss: 4.861528, time: 1.352 sec/batch
INFO:tensorflow:Step: 1020, Loss: 4.957929, time: 1.336 sec/batch
INFO:tensorflow:Step: 1024, Loss: 4.910413, time: 1.366 sec/batch
INFO:tensorflow:Step: 1028, Loss: 5.045988, time: 1.341 sec/batch
INFO:tensorflow:Step: 1032, Loss: 4.870213, time: 1.354 sec/batch
INFO:tensorflow:Step: 1036, Loss: 5.051150, time: 1.358 sec/batch
INFO:tensorflow:Step: 1040, Loss: 4.994658, time: 1.356 sec/batch
INFO:tensorflow:Step: 1044, Loss: 5.003971, time: 1.341 sec/batch
INFO:tensorflow:Step: 1048, Loss: 4.881481, time: 1.347 sec/batch
INFO:tensorflow:Step: 1052, Loss: 4.968010, time: 1.388 sec/batch
INFO:tensorflow:Step: 1057, Loss: 5.073023, time: 1.415 sec/batch
INFO:tensorflow:Step: 1062, Loss: 5.068124, time: 1.685 sec/batch
INFO:tensorflow:Step: 1066, Loss: 4.926198, time: 1.560 sec/batch
INFO:tensorflow:Step: 1070, Loss: 4.770505, time: 1.406 sec/batch
INFO:tensorflow:Step: 1074, Loss: 4.842412, time: 1.394 sec/batch
INFO:tensorflow:Step: 1078, Loss: 5.000739, time: 1.291 sec/batch
INFO:tensorflow:Step: 1082, Loss: 5.041688, time: 1.312 sec/batch
INFO:tensorflow:Step: 1086, Loss: 4.906055, time: 1.342 sec/batch
INFO:tensorflow:Step: 1090, Loss: 5.021478, time: 1.358 sec/batch
INFO:tensorflow:Step: 1094, Loss: 4.942127, time: 1.294 sec/batch
INFO:tensorflow:Step: 1098, Loss: 5.073991, time: 1.309 sec/batch
INFO:tensorflow:Step: 1102, Loss: 5.085895, time: 1.323 sec/batch
INFO:tensorflow:Step: 1105, Loss: 5.061403, time: 1.327 sec/batch
INFO:tensorflow:Step: 1110, Loss: 4.840902, time: 1.332 sec/batch
INFO:tensorflow:Step: 1113, Loss: 4.995550, time: 1.359 sec/batch
INFO:tensorflow:Step: 1117, Loss: 5.052152, time: 1.369 sec/batch
INFO:tensorflow:Step: 1122, Loss: 4.913131, time: 1.311 sec/batch
INFO:tensorflow:Step: 1126, Loss: 4.858291, time: 1.327 sec/batch
INFO:tensorflow:Step: 1130, Loss: 4.930387, time: 1.341 sec/batch
INFO:tensorflow:Step: 1134, Loss: 5.175654, time: 1.318 sec/batch
INFO:tensorflow:Step: 1138, Loss: 4.831223, time: 1.319 sec/batch
INFO:tensorflow:Step: 1142, Loss: 4.881293, time: 1.298 sec/batch
INFO:tensorflow:Step: 1145, Loss: 4.817470, time: 1.328 sec/batch
INFO:tensorflow:Step: 1150, Loss: 5.020717, time: 1.474 sec/batch
INFO:tensorflow:Step: 1154, Loss: 4.933444, time: 1.472 sec/batch
INFO:tensorflow:Step: 1158, Loss: 4.971995, time: 1.444 sec/batch
INFO:tensorflow:Step: 1163, Loss: 4.989286, time: 1.490 sec/batch
INFO:tensorflow:Step: 1167, Loss: 5.082026, time: 1.474 sec/batch
INFO:tensorflow:Step: 1171, Loss: 4.885468, time: 1.399 sec/batch
INFO:tensorflow:Step: 1175, Loss: 5.025981, time: 1.322 sec/batch
INFO:tensorflow:Step: 1179, Loss: 4.753690, time: 1.290 sec/batch
INFO:tensorflow:Step: 1183, Loss: 4.728920, time: 1.451 sec/batch
INFO:tensorflow:Step: 1187, Loss: 4.900814, time: 1.315 sec/batch
INFO:tensorflow:Step: 1190, Loss: 4.782980, time: 1.384 sec/batch
INFO:tensorflow:Step: 1195, Loss: 4.772662, time: 1.304 sec/batch
INFO:tensorflow:Step: 1199, Loss: 5.175484, time: 1.325 sec/batch
INFO:tensorflow:Step: 1203, Loss: 5.067301, time: 1.330 sec/batch
INFO:tensorflow:Step: 1207, Loss: 4.870498, time: 1.367 sec/batch
INFO:tensorflow:Step: 1211, Loss: 4.885251, time: 1.322 sec/batch
INFO:tensorflow:Step: 1215, Loss: 5.076977, time: 1.304 sec/batch
INFO:tensorflow:Step: 1219, Loss: 4.862135, time: 1.332 sec/batch
INFO:tensorflow:Step: 1222, Loss: 4.758405, time: 1.487 sec/batch
INFO:tensorflow:Step: 1227, Loss: 4.942932, time: 1.456 sec/batch
INFO:tensorflow:Step: 1231, Loss: 5.100207, time: 1.389 sec/batch
INFO:tensorflow:Step: 1235, Loss: 4.973781, time: 1.440 sec/batch
INFO:tensorflow:Step: 1240, Loss: 5.104133, time: 1.380 sec/batch
INFO:tensorflow:Step: 1244, Loss: 4.931330, time: 1.276 sec/batch
INFO:tensorflow:Step: 1248, Loss: 4.861517, time: 1.381 sec/batch
INFO:tensorflow:Step: 1251, Loss: 4.997960, time: 1.462 sec/batch
INFO:tensorflow:Step: 1255, Loss: 5.047538, time: 1.427 sec/batch
INFO:tensorflow:Step: 1259, Loss: 4.918311, time: 1.315 sec/batch
INFO:tensorflow:Step: 1263, Loss: 4.915557, time: 1.336 sec/batch
INFO:tensorflow:Step: 1268, Loss: 4.885796, time: 1.322 sec/batch
INFO:tensorflow:Step: 1271, Loss: 5.008914, time: 1.313 sec/batch
INFO:tensorflow:Step: 1276, Loss: 4.789080, time: 1.388 sec/batch
INFO:tensorflow:Step: 1280, Loss: 4.840336, time: 1.343 sec/batch
INFO:tensorflow:Step: 1284, Loss: 4.799296, time: 1.281 sec/batch
INFO:tensorflow:Step: 1287, Loss: 5.002264, time: 1.340 sec/batch
INFO:tensorflow:Step: 1292, Loss: 4.816020, time: 1.368 sec/batch
INFO:tensorflow:Step: 1296, Loss: 4.903383, time: 1.338 sec/batch
INFO:tensorflow:Step: 1300, Loss: 4.756846, time: 1.282 sec/batch
INFO:tensorflow:Step: 1303, Loss: 5.108290, time: 1.295 sec/batch
INFO:tensorflow:Step: 1307, Loss: 4.930995, time: 1.354 sec/batch
INFO:tensorflow:Step: 1311, Loss: 5.047061, time: 1.362 sec/batch
INFO:tensorflow:Step: 1315, Loss: 4.940061, time: 1.342 sec/batch
INFO:tensorflow:Step: 1319, Loss: 5.273336, time: 1.433 sec/batch
INFO:tensorflow:Step: 1323, Loss: 5.035122, time: 1.397 sec/batch
INFO:tensorflow:Step: 1327, Loss: 5.047422, time: 1.382 sec/batch
INFO:tensorflow:Step: 1331, Loss: 4.898245, time: 1.440 sec/batch
INFO:tensorflow:Step: 1337, Loss: 4.995279, time: 1.349 sec/batch
INFO:tensorflow:Step: 1340, Loss: 4.782856, time: 1.337 sec/batch
INFO:tensorflow:Step: 1344, Loss: 4.809589, time: 1.371 sec/batch
INFO:tensorflow:Step: 1348, Loss: 4.748955, time: 1.352 sec/batch
INFO:tensorflow:Step: 1352, Loss: 4.845129, time: 1.361 sec/batch
INFO:tensorflow:Step: 1356, Loss: 4.848112, time: 1.299 sec/batch
INFO:tensorflow:Step: 1360, Loss: 4.729648, time: 1.287 sec/batch
INFO:tensorflow:Step: 1364, Loss: 4.905940, time: 1.295 sec/batch
INFO:tensorflow:Step: 1368, Loss: 4.748931, time: 1.309 sec/batch
INFO:tensorflow:Step: 1372, Loss: 4.808926, time: 1.383 sec/batch
INFO:tensorflow:Step: 1376, Loss: 4.850277, time: 1.393 sec/batch
INFO:tensorflow:Step: 1380, Loss: 4.894110, time: 1.405 sec/batch
INFO:tensorflow:Step: 1384, Loss: 4.655003, time: 1.519 sec/batch
INFO:tensorflow:Step: 1388, Loss: 5.029342, time: 1.580 sec/batch
INFO:tensorflow:Step: 1392, Loss: 4.892945, time: 1.356 sec/batch
INFO:tensorflow:Step: 1397, Loss: 4.822134, time: 1.461 sec/batch
INFO:tensorflow:Step: 1401, Loss: 4.974728, time: 1.441 sec/batch
INFO:tensorflow:Step: 1404, Loss: 4.868170, time: 1.696 sec/batch
INFO:tensorflow:Step: 1411, Loss: 4.743351, time: 1.577 sec/batch
INFO:tensorflow:Step: 1415, Loss: 4.846112, time: 1.464 sec/batch
INFO:tensorflow:Step: 1419, Loss: 4.809126, time: 1.338 sec/batch
INFO:tensorflow:Step: 1423, Loss: 4.873101, time: 1.330 sec/batch
INFO:tensorflow:Step: 1427, Loss: 4.868145, time: 1.335 sec/batch
INFO:tensorflow:Step: 1431, Loss: 4.782844, time: 1.339 sec/batch
INFO:tensorflow:Step: 1435, Loss: 4.726194, time: 1.356 sec/batch
INFO:tensorflow:Step: 1439, Loss: 4.817880, time: 1.355 sec/batch
INFO:tensorflow:Step: 1443, Loss: 4.960716, time: 1.416 sec/batch
INFO:tensorflow:Step: 1447, Loss: 4.891490, time: 1.291 sec/batch
INFO:tensorflow:Step: 1451, Loss: 4.855510, time: 1.292 sec/batch
INFO:tensorflow:Step: 1455, Loss: 4.856139, time: 1.345 sec/batch
INFO:tensorflow:Step: 1459, Loss: 4.997368, time: 1.339 sec/batch
INFO:tensorflow:Step: 1463, Loss: 4.854999, time: 1.349 sec/batch
INFO:tensorflow:Step: 1467, Loss: 5.050359, time: 1.338 sec/batch
INFO:tensorflow:Step: 1471, Loss: 5.016577, time: 1.382 sec/batch
INFO:tensorflow:Step: 1475, Loss: 4.903945, time: 1.328 sec/batch
INFO:tensorflow:Step: 1479, Loss: 4.932124, time: 1.337 sec/batch
INFO:tensorflow:Step: 1483, Loss: 5.019517, time: 1.315 sec/batch
INFO:tensorflow:Step: 1487, Loss: 4.628432, time: 1.329 sec/batch
INFO:tensorflow:Step: 1491, Loss: 4.868247, time: 1.344 sec/batch
INFO:tensorflow:Step: 1495, Loss: 4.658768, time: 1.329 sec/batch
INFO:tensorflow:Step: 1499, Loss: 4.777660, time: 1.325 sec/batch
INFO:tensorflow:Step: 1503, Loss: 4.770822, time: 1.317 sec/batch
INFO:tensorflow:Step: 1507, Loss: 5.028935, time: 1.362 sec/batch
INFO:tensorflow:Step: 1511, Loss: 4.791019, time: 1.328 sec/batch
INFO:tensorflow:Step: 1515, Loss: 4.833203, time: 1.349 sec/batch
INFO:tensorflow:Step: 1519, Loss: 4.789202, time: 1.324 sec/batch
INFO:tensorflow:Step: 1523, Loss: 4.902637, time: 1.340 sec/batch
INFO:tensorflow:Step: 1527, Loss: 4.938020, time: 1.360 sec/batch
INFO:tensorflow:Step: 1531, Loss: 4.727540, time: 1.324 sec/batch
INFO:tensorflow:Step: 1535, Loss: 4.616821, time: 1.286 sec/batch
INFO:tensorflow:Step: 1538, Loss: 4.859521, time: 1.311 sec/batch
INFO:tensorflow:Step: 1542, Loss: 4.813620, time: 1.333 sec/batch
INFO:tensorflow:Step: 1546, Loss: 4.867863, time: 1.353 sec/batch
INFO:tensorflow:Step: 1550, Loss: 5.033751, time: 1.373 sec/batch
INFO:tensorflow:Step: 1554, Loss: 4.782367, time: 1.371 sec/batch
INFO:tensorflow:Step: 1558, Loss: 4.875841, time: 1.403 sec/batch
INFO:tensorflow:Step: 1562, Loss: 4.981112, time: 1.441 sec/batch
INFO:tensorflow:Step: 1567, Loss: 4.822633, time: 1.554 sec/batch
INFO:tensorflow:Step: 1573, Loss: 4.788285, time: 1.654 sec/batch
INFO:tensorflow:Step: 1577, Loss: 4.583017, time: 1.288 sec/batch
INFO:tensorflow:Step: 1581, Loss: 4.841634, time: 1.246 sec/batch
INFO:tensorflow:Step: 1585, Loss: 4.712530, time: 1.315 sec/batch
INFO:tensorflow:Step: 1589, Loss: 4.685166, time: 1.353 sec/batch
INFO:tensorflow:Step: 1592, Loss: 4.647219, time: 1.439 sec/batch
INFO:tensorflow:Step: 1596, Loss: 4.874556, time: 1.288 sec/batch
INFO:tensorflow:Step: 1600, Loss: 4.884413, time: 1.344 sec/batch
INFO:tensorflow:Step: 1604, Loss: 4.677948, time: 1.447 sec/batch
INFO:tensorflow:Step: 1608, Loss: 4.715237, time: 1.454 sec/batch
INFO:tensorflow:Step: 1613, Loss: 4.911982, time: 1.444 sec/batch
INFO:tensorflow:Step: 1617, Loss: 5.052752, time: 1.355 sec/batch
INFO:tensorflow:Step: 1621, Loss: 4.610780, time: 1.327 sec/batch
INFO:tensorflow:Step: 1625, Loss: 5.005816, time: 1.346 sec/batch
INFO:tensorflow:Step: 1629, Loss: 4.796862, time: 1.355 sec/batch
INFO:tensorflow:Step: 1633, Loss: 4.747084, time: 1.314 sec/batch
INFO:tensorflow:Step: 1636, Loss: 4.575035, time: 1.349 sec/batch
INFO:tensorflow:Step: 1640, Loss: 4.869586, time: 1.327 sec/batch
INFO:tensorflow:Step: 1644, Loss: 4.832070, time: 1.340 sec/batch
INFO:tensorflow:Step: 1648, Loss: 4.770539, time: 1.426 sec/batch
INFO:tensorflow:Step: 1653, Loss: 4.694800, time: 1.330 sec/batch
INFO:tensorflow:Step: 1656, Loss: 4.754107, time: 1.389 sec/batch
INFO:tensorflow:Step: 1660, Loss: 4.678727, time: 1.405 sec/batch
INFO:tensorflow:Step: 1665, Loss: 4.911072, time: 1.574 sec/batch
INFO:tensorflow:Step: 1669, Loss: 4.624326, time: 1.540 sec/batch
INFO:tensorflow:Step: 1674, Loss: 4.822540, time: 1.369 sec/batch
INFO:tensorflow:Step: 1678, Loss: 4.634188, time: 1.307 sec/batch
INFO:tensorflow:Step: 1682, Loss: 4.678531, time: 1.421 sec/batch
INFO:tensorflow:Step: 1687, Loss: 4.650750, time: 1.314 sec/batch
INFO:tensorflow:Step: 1691, Loss: 4.696643, time: 1.507 sec/batch
INFO:tensorflow:Step: 1694, Loss: 4.830919, time: 1.371 sec/batch
INFO:tensorflow:Step: 1698, Loss: 4.891110, time: 1.352 sec/batch
INFO:tensorflow:Step: 1702, Loss: 4.633625, time: 1.419 sec/batch
INFO:tensorflow:Step: 1706, Loss: 4.671988, time: 1.341 sec/batch
INFO:tensorflow:Step: 1710, Loss: 4.716592, time: 1.330 sec/batch
INFO:tensorflow:Step: 1714, Loss: 4.614125, time: 1.326 sec/batch
INFO:tensorflow:Step: 1718, Loss: 4.701144, time: 1.287 sec/batch
INFO:tensorflow:Step: 1722, Loss: 4.636771, time: 1.317 sec/batch
INFO:tensorflow:Step: 1726, Loss: 4.705758, time: 1.341 sec/batch
INFO:tensorflow:Step: 1730, Loss: 4.577673, time: 1.298 sec/batch
INFO:tensorflow:Step: 1734, Loss: 4.892951, time: 1.284 sec/batch
INFO:tensorflow:Step: 1738, Loss: 4.682955, time: 1.352 sec/batch
INFO:tensorflow:Step: 1743, Loss: 4.784424, time: 1.379 sec/batch
INFO:tensorflow:Step: 1747, Loss: 4.654071, time: 1.454 sec/batch
INFO:tensorflow:Step: 1751, Loss: 4.721914, time: 1.332 sec/batch
INFO:tensorflow:Step: 1755, Loss: 4.730627, time: 1.338 sec/batch
INFO:tensorflow:Step: 1759, Loss: 4.666888, time: 1.357 sec/batch
INFO:tensorflow:Step: 1763, Loss: 4.676985, time: 1.331 sec/batch
INFO:tensorflow:Step: 1766, Loss: 4.792160, time: 1.329 sec/batch
INFO:tensorflow:Step: 1770, Loss: 4.703154, time: 1.357 sec/batch
INFO:tensorflow:Step: 1774, Loss: 4.844349, time: 1.325 sec/batch
INFO:tensorflow:Step: 1779, Loss: 4.651249, time: 1.318 sec/batch
INFO:tensorflow:Step: 1783, Loss: 4.726065, time: 1.362 sec/batch
INFO:tensorflow:Step: 1787, Loss: 4.704826, time: 1.327 sec/batch
INFO:tensorflow:Step: 1790, Loss: 4.762057, time: 1.327 sec/batch
INFO:tensorflow:Step: 1794, Loss: 4.816162, time: 1.359 sec/batch
INFO:tensorflow:Step: 1799, Loss: 4.783985, time: 1.323 sec/batch
INFO:tensorflow:Step: 1802, Loss: 4.805427, time: 1.332 sec/batch
INFO:tensorflow:Step: 1806, Loss: 4.820718, time: 1.315 sec/batch
INFO:tensorflow:Step: 1810, Loss: 4.817203, time: 1.315 sec/batch
INFO:tensorflow:Step: 1814, Loss: 4.800576, time: 1.333 sec/batch
INFO:tensorflow:Step: 1818, Loss: 4.848116, time: 1.326 sec/batch
INFO:tensorflow:Step: 1822, Loss: 4.788859, time: 1.348 sec/batch
INFO:tensorflow:Step: 1826, Loss: 4.776458, time: 1.350 sec/batch
INFO:tensorflow:Step: 1831, Loss: 4.748045, time: 1.360 sec/batch
INFO:tensorflow:Step: 1835, Loss: 4.724585, time: 1.294 sec/batch
INFO:tensorflow:Step: 1839, Loss: 4.859144, time: 1.289 sec/batch
INFO:tensorflow:Step: 1843, Loss: 4.701156, time: 1.307 sec/batch
INFO:tensorflow:Step: 1846, Loss: 4.765730, time: 1.309 sec/batch
INFO:tensorflow:Step: 1850, Loss: 4.611567, time: 1.354 sec/batch
INFO:tensorflow:Step: 1854, Loss: 4.748715, time: 1.398 sec/batch
INFO:tensorflow:Step: 1857, Loss: 4.541615, time: 1.274 sec/batch
INFO:tensorflow:Step: 1861, Loss: 4.556884, time: 1.304 sec/batch
INFO:tensorflow:Step: 1865, Loss: 4.496691, time: 1.426 sec/batch
INFO:tensorflow:Step: 1870, Loss: 4.676074, time: 1.345 sec/batch
INFO:tensorflow:Step: 1874, Loss: 4.590763, time: 1.385 sec/batch
INFO:tensorflow:Step: 1877, Loss: 4.617616, time: 1.367 sec/batch
run-expr-4node.sh: line 23: 90389 Terminated              CUDA_VISIBLE_DEVICES=$1 bazel-bin/inception/imagenet_distributed_train --batch_size=64 --data_dir=/lfs/local/0/daniter/imagenet-8-$2 --job_name='worker' --task_id=$2 --ps_hosts='raiders1:2228' --worker_hosts='raiders1:2200,raiders1:2201,raiders3:2209,raiders3:2210' --initial_learning_rate=$3 --momentum=$4 --sync=True --compute_groups=$5
