I tensorflow/stream_executor/dso_loader.cc:105] successfully opened CUDA library libcublas.so locally
I tensorflow/stream_executor/dso_loader.cc:105] successfully opened CUDA library libcudnn.so locally
I tensorflow/stream_executor/dso_loader.cc:105] successfully opened CUDA library libcufft.so locally
I tensorflow/stream_executor/dso_loader.cc:105] successfully opened CUDA library libcuda.so.1 locally
I tensorflow/stream_executor/dso_loader.cc:105] successfully opened CUDA library libcurand.so locally
INFO:tensorflow:PS hosts are: ['localhost:2228']
INFO:tensorflow:Worker hosts are: ['raiders1:2200', 'raiders1:2201', 'raiders3:2209', 'raiders3:2210']
E tensorflow/stream_executor/cuda/cuda_driver.cc:481] failed call to cuInit: CUDA_ERROR_NO_DEVICE
I tensorflow/stream_executor/cuda/cuda_diagnostics.cc:114] retrieving CUDA diagnostic information for host: raiders1
I tensorflow/stream_executor/cuda/cuda_diagnostics.cc:121] hostname: raiders1
I tensorflow/stream_executor/cuda/cuda_diagnostics.cc:146] libcuda reported version is: 367.27
I tensorflow/stream_executor/cuda/cuda_diagnostics.cc:257] driver version file contents: """NVRM version: NVIDIA UNIX x86_64 Kernel Module  367.27  Thu Jun  9 18:53:27 PDT 2016
GCC version:  gcc version 4.8.4 (Ubuntu 4.8.4-2ubuntu1~14.04.3) 
"""
I tensorflow/stream_executor/cuda/cuda_diagnostics.cc:150] kernel reported version is: 367.27
I tensorflow/stream_executor/cuda/cuda_diagnostics.cc:226] kernel version seems to match DSO: 367.27
I tensorflow/core/common_runtime/gpu/gpu_init.cc:81] No GPU devices available on machine.
I tensorflow/core/distributed_runtime/rpc/grpc_channel.cc:206] Initialize HostPortsGrpcChannelCache for job ps -> {localhost:2228}
I tensorflow/core/distributed_runtime/rpc/grpc_channel.cc:206] Initialize HostPortsGrpcChannelCache for job worker -> {raiders1:2200, raiders1:2201, raiders3:2209, raiders3:2210}
I tensorflow/core/distributed_runtime/rpc/grpc_server_lib.cc:202] Started server with target: grpc://localhost:2228
E0717 03:38:48.567241694   12197 parsing.c:695]              ignoring out of order new grpc_chttp2_stream request on server; last grpc_chttp2_stream id=207, new grpc_chttp2_stream id=205
I tensorflow/core/kernels/logging_ops.cc:79] ~~~~~ daniter~~~ GLobalstep:[399][-0.00055099756 -2.9497569e-05...]
I tensorflow/core/kernels/logging_ops.cc:79] ~~~~~ daniter~~~ GLobalstep:[399][-0.00055458903 -3.2443313e-05...]
I tensorflow/core/kernels/logging_ops.cc:79] ~~~~~ daniter~~~ GLobalstep:[401][-0.000873447 0.00013955163...]
I tensorflow/core/kernels/logging_ops.cc:79] ~~~~~ daniter~~~ GLobalstep:[402][-0.00044658477 0.0003336526...]
I tensorflow/core/kernels/logging_ops.cc:79] ~~~~~ daniter~~~ GLobalstep:[403][-0.00015004915 0.00033792714...]
I tensorflow/core/kernels/logging_ops.cc:79] ~~~~~ daniter~~~ GLobalstep:[404][-0.00067398237 0.00018369665...]
I tensorflow/core/kernels/logging_ops.cc:79] ~~~~~ daniter~~~ GLobalstep:[405][-0.0004529724 -7.7765391e-05...]
I tensorflow/core/kernels/logging_ops.cc:79] ~~~~~ daniter~~~ GLobalstep:[406][-2.5197145e-05 -0.00062821212...]
I tensorflow/core/kernels/logging_ops.cc:79] ~~~~~ daniter~~~ GLobalstep:[407][0.00026269048 -0.00020276896...]
I tensorflow/core/kernels/logging_ops.cc:79] ~~~~~ daniter~~~ GLobalstep:[408][4.9034308e-05 0.00036895453...]
I tensorflow/core/kernels/logging_ops.cc:79] ~~~~~ daniter~~~ GLobalstep:[409][-0.00031262758 -4.8397145e-05...]
I tensorflow/core/kernels/logging_ops.cc:79] ~~~~~ daniter~~~ GLobalstep:[410][-0.0006022111 -0.00052454864...]
I tensorflow/core/kernels/logging_ops.cc:79] ~~~~~ daniter~~~ GLobalstep:[411][-0.00036273035 -0.00010934964...]
I tensorflow/core/kernels/logging_ops.cc:79] ~~~~~ daniter~~~ GLobalstep:[412][-0.00047681056 6.5296321e-05...]
I tensorflow/core/kernels/logging_ops.cc:79] ~~~~~ daniter~~~ GLobalstep:[412][-0.00036177385 4.1118168e-05...]
I tensorflow/core/kernels/logging_ops.cc:79] ~~~~~ daniter~~~ GLobalstep:[414][0.00075145438 0.00034839654...]
I tensorflow/core/kernels/logging_ops.cc:79] ~~~~~ daniter~~~ GLobalstep:[415][0.00011140615 0.00026305608...]
I tensorflow/core/kernels/logging_ops.cc:79] ~~~~~ daniter~~~ GLobalstep:[416][-0.00037063443 0.00015584053...]
I tensorflow/core/kernels/logging_ops.cc:79] ~~~~~ daniter~~~ GLobalstep:[417][0.00055248209 5.9885264e-05...]
I tensorflow/core/kernels/logging_ops.cc:79] ~~~~~ daniter~~~ GLobalstep:[418][0.00080321275 3.9093225e-05...]
I tensorflow/core/kernels/logging_ops.cc:79] ~~~~~ daniter~~~ GLobalstep:[419][6.826422e-05 0.00031723853...]
I tensorflow/core/kernels/logging_ops.cc:79] ~~~~~ daniter~~~ GLobalstep:[420][9.2024617e-05 0.00033650489...]
I tensorflow/core/kernels/logging_ops.cc:79] ~~~~~ daniter~~~ GLobalstep:[421][0.00071227434 0.00012953022...]
I tensorflow/core/kernels/logging_ops.cc:79] ~~~~~ daniter~~~ GLobalstep:[422][0.0006879564 0.00010083246...]
I tensorflow/core/kernels/logging_ops.cc:79] ~~~~~ daniter~~~ GLobalstep:[423][-0.00040747202 8.9314854e-05...]
I tensorflow/core/kernels/logging_ops.cc:79] ~~~~~ daniter~~~ GLobalstep:[424][3.7564692e-05 -6.0959923e-05...]
I tensorflow/core/kernels/logging_ops.cc:79] ~~~~~ daniter~~~ GLobalstep:[425][-0.0002576074 -0.00017448301...]
I tensorflow/core/kernels/logging_ops.cc:79] ~~~~~ daniter~~~ GLobalstep:[426][-0.0008745534 -0.000178858...]
I tensorflow/core/kernels/logging_ops.cc:79] ~~~~~ daniter~~~ GLobalstep:[426][-0.0008767168 -2.8460368e-05...]
I tensorflow/core/kernels/logging_ops.cc:79] ~~~~~ daniter~~~ GLobalstep:[428][0.00039653582 8.700099e-06...]
I tensorflow/core/kernels/logging_ops.cc:79] ~~~~~ daniter~~~ GLobalstep:[428][-0.00048447982 -8.7627734e-05...]
I tensorflow/core/kernels/logging_ops.cc:79] ~~~~~ daniter~~~ GLobalstep:[430][-0.0013254063 0.00019200065...]
I tensorflow/core/kernels/logging_ops.cc:79] ~~~~~ daniter~~~ GLobalstep:[431][0.00040399804 -0.00011727952...]
I tensorflow/core/kernels/logging_ops.cc:79] ~~~~~ daniter~~~ GLobalstep:[432][-0.00029394164 -0.0003572478...]
I tensorflow/core/kernels/logging_ops.cc:79] ~~~~~ daniter~~~ GLobalstep:[433][-0.00053796452 9.3172421e-06...]
I tensorflow/core/kernels/logging_ops.cc:79] ~~~~~ daniter~~~ GLobalstep:[434][-0.00041893544 -0.00053770415...]
I tensorflow/core/kernels/logging_ops.cc:79] ~~~~~ daniter~~~ GLobalstep:[435][0.0006256426 -1.7607177e-05...]
I tensorflow/core/kernels/logging_ops.cc:79] ~~~~~ daniter~~~ GLobalstep:[436][-0.00039339674 0.00039758388...]
I tensorflow/core/kernels/logging_ops.cc:79] ~~~~~ daniter~~~ GLobalstep:[437][-0.00028548157 0.00026908665...]
I tensorflow/core/kernels/logging_ops.cc:79] ~~~~~ daniter~~~ GLobalstep:[438][0.00034272915 0.00046585081...]
I tensorflow/core/kernels/logging_ops.cc:79] ~~~~~ daniter~~~ GLobalstep:[439][-3.9802755e-05 0.0001902876...]
I tensorflow/core/kernels/logging_ops.cc:79] ~~~~~ daniter~~~ GLobalstep:[440][-0.00011898683 -0.00027752807...]
I tensorflow/core/kernels/logging_ops.cc:79] ~~~~~ daniter~~~ GLobalstep:[441][0.00031745402 0.00023101154...]
I tensorflow/core/kernels/logging_ops.cc:79] ~~~~~ daniter~~~ GLobalstep:[442][-0.000807837 -0.00052604481...]
I tensorflow/core/kernels/logging_ops.cc:79] ~~~~~ daniter~~~ GLobalstep:[443][4.2028063e-05 -0.00023506525...]
I tensorflow/core/kernels/logging_ops.cc:79] ~~~~~ daniter~~~ GLobalstep:[444][-0.000708132 8.7131048e-07...]
I tensorflow/core/kernels/logging_ops.cc:79] ~~~~~ daniter~~~ GLobalstep:[445][8.9469293e-05 0.00016690706...]
I tensorflow/core/kernels/logging_ops.cc:79] ~~~~~ daniter~~~ GLobalstep:[446][9.7458258e-05 0.00017430584...]
I tensorflow/core/kernels/logging_ops.cc:79] ~~~~~ daniter~~~ GLobalstep:[447][-0.00078838674 -5.003636e-05...]
I tensorflow/core/kernels/logging_ops.cc:79] ~~~~~ daniter~~~ GLobalstep:[448][0.00072821503 0.00040301448...]
I tensorflow/core/kernels/logging_ops.cc:79] ~~~~~ daniter~~~ GLobalstep:[449][-2.4118934e-05 0.00015423293...]
I tensorflow/core/kernels/logging_ops.cc:79] ~~~~~ daniter~~~ GLobalstep:[450][0.00013446342 -7.7605393e-05...]
I tensorflow/core/kernels/logging_ops.cc:79] ~~~~~ daniter~~~ GLobalstep:[451][2.2666369e-05 -0.00014666209...]
I tensorflow/core/kernels/logging_ops.cc:79] ~~~~~ daniter~~~ GLobalstep:[451][-0.00035434772 0.00010177857...]
I tensorflow/core/kernels/logging_ops.cc:79] ~~~~~ daniter~~~ GLobalstep:[453][-0.00034418542 -9.8938588e-05...]
I tensorflow/core/kernels/logging_ops.cc:79] ~~~~~ daniter~~~ GLobalstep:[453][-0.00090485008 6.9734342e-05...]
I tensorflow/core/kernels/logging_ops.cc:79] ~~~~~ daniter~~~ GLobalstep:[455][-0.00036503148 -0.00019649457...]
I tensorflow/core/kernels/logging_ops.cc:79] ~~~~~ daniter~~~ GLobalstep:[456][0.0010869494 -3.2243915e-05...]
I tensorflow/core/kernels/logging_ops.cc:79] ~~~~~ daniter~~~ GLobalstep:[457][-0.0004299414 -0.00011084784...]
I tensorflow/core/kernels/logging_ops.cc:79] ~~~~~ daniter~~~ GLobalstep:[458][-9.479541e-05 -0.00028234418...]
I tensorflow/core/kernels/logging_ops.cc:79] ~~~~~ daniter~~~ GLobalstep:[459][0.00071842305 -2.9720832e-07...]
I tensorflow/core/kernels/logging_ops.cc:79] ~~~~~ daniter~~~ GLobalstep:[460][0.00020621454 6.9903661e-05...]
I tensorflow/core/kernels/logging_ops.cc:79] ~~~~~ daniter~~~ GLobalstep:[461][-0.00029402468 -9.7535565e-05...]
I tensorflow/core/kernels/logging_ops.cc:79] ~~~~~ daniter~~~ GLobalstep:[462][-0.00093778677 -0.00048926292...]
I tensorflow/core/kernels/logging_ops.cc:79] ~~~~~ daniter~~~ GLobalstep:[463][0.00031613279 0.00015131177...]
I tensorflow/core/kernels/logging_ops.cc:79] ~~~~~ daniter~~~ GLobalstep:[464][-0.00020608556 -9.8855289e-06...]
I tensorflow/core/kernels/logging_ops.cc:79] ~~~~~ daniter~~~ GLobalstep:[465][-0.00093853456 -0.00047229973...]
I tensorflow/core/kernels/logging_ops.cc:79] ~~~~~ daniter~~~ GLobalstep:[466][0.00039336056 -4.0356012e-05...]
I tensorflow/core/kernels/logging_ops.cc:79] ~~~~~ daniter~~~ GLobalstep:[467][-0.0003756581 -3.1165757e-05...]
I tensorflow/core/kernels/logging_ops.cc:79] ~~~~~ daniter~~~ GLobalstep:[468][-1.9611849e-05 5.8535537e-05...]
I tensorflow/core/kernels/logging_ops.cc:79] ~~~~~ daniter~~~ GLobalstep:[469][0.00049519161 0.00015704069...]
I tensorflow/core/kernels/logging_ops.cc:79] ~~~~~ daniter~~~ GLobalstep:[470][0.00018203672 -6.8666457e-05...]
I tensorflow/core/kernels/logging_ops.cc:79] ~~~~~ daniter~~~ GLobalstep:[471][-5.1014649e-05 -2.0216496e-05...]
I tensorflow/core/kernels/logging_ops.cc:79] ~~~~~ daniter~~~ GLobalstep:[472][0.00015346844 -6.6888177e-05...]
I tensorflow/core/kernels/logging_ops.cc:79] ~~~~~ daniter~~~ GLobalstep:[473][3.1038995e-05 0.00015520155...]
I tensorflow/core/kernels/logging_ops.cc:79] ~~~~~ daniter~~~ GLobalstep:[474][-0.00016598315 0.00095455325...]
I tensorflow/core/kernels/logging_ops.cc:79] ~~~~~ daniter~~~ GLobalstep:[475][5.3494237e-05 -0.00016499258...]
I tensorflow/core/kernels/logging_ops.cc:79] ~~~~~ daniter~~~ GLobalstep:[476][0.00024153903 2.3759058e-05...]
I tensorflow/core/kernels/logging_ops.cc:79] ~~~~~ daniter~~~ GLobalstep:[477][-0.00010222278 0.00010814325...]
I tensorflow/core/kernels/logging_ops.cc:79] ~~~~~ daniter~~~ GLobalstep:[478][0.00047832276 0.00047242016...]
I tensorflow/core/kernels/logging_ops.cc:79] ~~~~~ daniter~~~ GLobalstep:[479][-2.8399518e-05 -9.5077128e-05...]
I tensorflow/core/kernels/logging_ops.cc:79] ~~~~~ daniter~~~ GLobalstep:[480][-0.00058794906 -7.3235162e-05...]
I tensorflow/core/kernels/logging_ops.cc:79] ~~~~~ daniter~~~ GLobalstep:[481][0.000114059 0.00039918831...]
I tensorflow/core/kernels/logging_ops.cc:79] ~~~~~ daniter~~~ GLobalstep:[482][0.00029410244 -8.9207904e-05...]
I tensorflow/core/kernels/logging_ops.cc:79] ~~~~~ daniter~~~ GLobalstep:[483][-0.00057767844 -0.00010394545...]
I tensorflow/core/kernels/logging_ops.cc:79] ~~~~~ daniter~~~ GLobalstep:[483][0.00020570539 0.00011837068...]
I tensorflow/core/kernels/logging_ops.cc:79] ~~~~~ daniter~~~ GLobalstep:[485][0.00022949176 2.6693378e-06...]
I tensorflow/core/kernels/logging_ops.cc:79] ~~~~~ daniter~~~ GLobalstep:[486][-5.1285839e-05 0.00013292523...]
I tensorflow/core/kernels/logging_ops.cc:79] ~~~~~ daniter~~~ GLobalstep:[487][0.00074309763 0.00028108875...]
I tensorflow/core/kernels/logging_ops.cc:79] ~~~~~ daniter~~~ GLobalstep:[488][-0.00034733539 0.00026642845...]
I tensorflow/core/kernels/logging_ops.cc:79] ~~~~~ daniter~~~ GLobalstep:[489][0.00024190721 9.0799251e-05...]
I tensorflow/core/kernels/logging_ops.cc:79] ~~~~~ daniter~~~ GLobalstep:[490][-0.00082285138 -8.2952582e-05...]
I tensorflow/core/kernels/logging_ops.cc:79] ~~~~~ daniter~~~ GLobalstep:[491][-0.00042087922 0.00026706234...]
I tensorflow/core/kernels/logging_ops.cc:79] ~~~~~ daniter~~~ GLobalstep:[492][-0.0013602959 -0.00078686408...]
I tensorflow/core/kernels/logging_ops.cc:79] ~~~~~ daniter~~~ GLobalstep:[493][-0.0006223747 0.00012468189...]
I tensorflow/core/kernels/logging_ops.cc:79] ~~~~~ daniter~~~ GLobalstep:[494][-0.00020657487 0.00026116997...]
I tensorflow/core/kernels/logging_ops.cc:79] ~~~~~ daniter~~~ GLobalstep:[495][-0.00027730578 0.00012337601...]
I tensorflow/core/kernels/logging_ops.cc:79] ~~~~~ daniter~~~ GLobalstep:[496][0.00051921705 0.00049728958...]
I tensorflow/core/kernels/logging_ops.cc:79] ~~~~~ daniter~~~ GLobalstep:[497][-0.00050520687 3.7626996e-05...]
I tensorflow/core/kernels/logging_ops.cc:79] ~~~~~ daniter~~~ GLobalstep:[498][-0.0003527411 0.00026439852...]
I tensorflow/core/kernels/logging_ops.cc:79] ~~~~~ daniter~~~ GLobalstep:[499][0.00051735336 0.00032440978...]
I tensorflow/core/kernels/logging_ops.cc:79] ~~~~~ daniter~~~ GLobalstep:[500][-0.00023252834 -4.2883868e-05...]
I tensorflow/core/kernels/logging_ops.cc:79] ~~~~~ daniter~~~ GLobalstep:[501][-0.00068518997 -5.6498509e-05...]
I tensorflow/core/kernels/logging_ops.cc:79] ~~~~~ daniter~~~ GLobalstep:[502][-4.1113257e-05 0.00016504899...]
I tensorflow/core/kernels/logging_ops.cc:79] ~~~~~ daniter~~~ GLobalstep:[503][3.8645332e-05 0.00027977466...]
I tensorflow/core/kernels/logging_ops.cc:79] ~~~~~ daniter~~~ GLobalstep:[504][0.00038946662 0.00087722758...]
I tensorflow/core/kernels/logging_ops.cc:79] ~~~~~ daniter~~~ GLobalstep:[505][-0.00035190169 8.643714e-05...]
I tensorflow/core/kernels/logging_ops.cc:79] ~~~~~ daniter~~~ GLobalstep:[505][-0.00049549504 -0.00044953512...]
I tensorflow/core/kernels/logging_ops.cc:79] ~~~~~ daniter~~~ GLobalstep:[507][0.00029197911 0.00015771316...]
I tensorflow/core/kernels/logging_ops.cc:79] ~~~~~ daniter~~~ GLobalstep:[508][0.00030975128 -0.000118686...]
I tensorflow/core/kernels/logging_ops.cc:79] ~~~~~ daniter~~~ GLobalstep:[509][0.00022250172 -0.00010512387...]
I tensorflow/core/kernels/logging_ops.cc:79] ~~~~~ daniter~~~ GLobalstep:[510][0.00024473178 0.00059484912...]
I tensorflow/core/kernels/logging_ops.cc:79] ~~~~~ daniter~~~ GLobalstep:[511][-0.00022104249 -6.9845075e-05...]
I tensorflow/core/kernels/logging_ops.cc:79] ~~~~~ daniter~~~ GLobalstep:[512][0.00020964186 0.0002938259...]
I tensorflow/core/kernels/logging_ops.cc:79] ~~~~~ daniter~~~ GLobalstep:[513][0.00010088403 -0.00013215996...]
I tensorflow/core/kernels/logging_ops.cc:79] ~~~~~ daniter~~~ GLobalstep:[514][-0.00019839883 -2.0759995e-05...]
I tensorflow/core/kernels/logging_ops.cc:79] ~~~~~ daniter~~~ GLobalstep:[515][0.00029089011 0.00040242294...]
I tensorflow/core/kernels/logging_ops.cc:79] ~~~~~ daniter~~~ GLobalstep:[516][-0.0003432362 -0.00037363917...]
I tensorflow/core/kernels/logging_ops.cc:79] ~~~~~ daniter~~~ GLobalstep:[517][-0.00048980606 2.0410989e-06...]
I tensorflow/core/kernels/logging_ops.cc:79] ~~~~~ daniter~~~ GLobalstep:[518][0.00019186398 -0.00016902709...]
I tensorflow/core/kernels/logging_ops.cc:79] ~~~~~ daniter~~~ GLobalstep:[519][-0.00024756839 -0.000327038...]
I tensorflow/core/kernels/logging_ops.cc:79] ~~~~~ daniter~~~ GLobalstep:[520][0.00062144524 0.00014672073...]
I tensorflow/core/kernels/logging_ops.cc:79] ~~~~~ daniter~~~ GLobalstep:[521][0.00023811281 9.8064629e-07...]
I tensorflow/core/kernels/logging_ops.cc:79] ~~~~~ daniter~~~ GLobalstep:[522][0.00076091429 0.00044993998...]
I tensorflow/core/kernels/logging_ops.cc:79] ~~~~~ daniter~~~ GLobalstep:[523][-0.00017661526 0.00034296076...]
I tensorflow/core/kernels/logging_ops.cc:79] ~~~~~ daniter~~~ GLobalstep:[524][-8.5874344e-05 -0.00015974196...]
I tensorflow/core/kernels/logging_ops.cc:79] ~~~~~ daniter~~~ GLobalstep:[525][0.00084889366 0.000209365...]
I tensorflow/core/kernels/logging_ops.cc:79] ~~~~~ daniter~~~ GLobalstep:[526][6.9014932e-05 -0.00036580695...]
I tensorflow/core/kernels/logging_ops.cc:79] ~~~~~ daniter~~~ GLobalstep:[527][-0.00025553361 -0.00075731112...]
I tensorflow/core/kernels/logging_ops.cc:79] ~~~~~ daniter~~~ GLobalstep:[528][-0.00066225731 5.5238605e-05...]
I tensorflow/core/kernels/logging_ops.cc:79] ~~~~~ daniter~~~ GLobalstep:[529][0.00045996922 -0.00014739769...]
I tensorflow/core/kernels/logging_ops.cc:79] ~~~~~ daniter~~~ GLobalstep:[530][-6.4376945e-06 1.8621358e-05...]
I tensorflow/core/kernels/logging_ops.cc:79] ~~~~~ daniter~~~ GLobalstep:[531][-0.00015176003 0.00032432791...]
I tensorflow/core/kernels/logging_ops.cc:79] ~~~~~ daniter~~~ GLobalstep:[532][-5.6713736e-05 5.3799151e-05...]
I tensorflow/core/kernels/logging_ops.cc:79] ~~~~~ daniter~~~ GLobalstep:[533][4.5068242e-05 9.8994191e-05...]
I tensorflow/core/kernels/logging_ops.cc:79] ~~~~~ daniter~~~ GLobalstep:[534][-0.00039424386 -0.00068220659...]
I tensorflow/core/kernels/logging_ops.cc:79] ~~~~~ daniter~~~ GLobalstep:[535][1.8271341e-05 0.00032156182...]
I tensorflow/core/kernels/logging_ops.cc:79] ~~~~~ daniter~~~ GLobalstep:[536][0.00035297661 0.00043279765...]
I tensorflow/core/kernels/logging_ops.cc:79] ~~~~~ daniter~~~ GLobalstep:[537][-0.00015050577 -0.00041841212...]
I tensorflow/core/kernels/logging_ops.cc:79] ~~~~~ daniter~~~ GLobalstep:[538][8.7679728e-05 0.00053977355...]
I tensorflow/core/kernels/logging_ops.cc:79] ~~~~~ daniter~~~ GLobalstep:[539][0.00011349004 0.00024241416...]
I tensorflow/core/kernels/logging_ops.cc:79] ~~~~~ daniter~~~ GLobalstep:[540][0.00025866975 0.0001231347...]
I tensorflow/core/kernels/logging_ops.cc:79] ~~~~~ daniter~~~ GLobalstep:[541][-0.00018620699 0.00029756097...]
I tensorflow/core/kernels/logging_ops.cc:79] ~~~~~ daniter~~~ GLobalstep:[542][-0.00042111613 -0.00045178665...]
I tensorflow/core/kernels/logging_ops.cc:79] ~~~~~ daniter~~~ GLobalstep:[543][3.4563316e-05 -7.06772e-05...]
I tensorflow/core/kernels/logging_ops.cc:79] ~~~~~ daniter~~~ GLobalstep:[544][-7.5084041e-05 0.00038018115...]
I tensorflow/core/kernels/logging_ops.cc:79] ~~~~~ daniter~~~ GLobalstep:[545][0.00010635392 -6.3194777e-05...]
I tensorflow/core/kernels/logging_ops.cc:79] ~~~~~ daniter~~~ GLobalstep:[546][-0.0014676135 -0.00040460116...]
I tensorflow/core/kernels/logging_ops.cc:79] ~~~~~ daniter~~~ GLobalstep:[547][9.5869953e-05 0.0002119323...]
I tensorflow/core/kernels/logging_ops.cc:79] ~~~~~ daniter~~~ GLobalstep:[548][-0.00038703519 0.0004646414...]
I tensorflow/core/kernels/logging_ops.cc:79] ~~~~~ daniter~~~ GLobalstep:[549][-0.0015700253 -0.00063110347...]
I tensorflow/core/kernels/logging_ops.cc:79] ~~~~~ daniter~~~ GLobalstep:[550][0.0004055856 -0.00034750372...]
I tensorflow/core/kernels/logging_ops.cc:79] ~~~~~ daniter~~~ GLobalstep:[551][-0.00066346896 -0.0001946531...]
I tensorflow/core/kernels/logging_ops.cc:79] ~~~~~ daniter~~~ GLobalstep:[552][0.0005227963 0.00059787993...]
I tensorflow/core/kernels/logging_ops.cc:79] ~~~~~ daniter~~~ GLobalstep:[553][0.00013067728 -0.00017555078...]
I tensorflow/core/kernels/logging_ops.cc:79] ~~~~~ daniter~~~ GLobalstep:[554][3.47615e-05 -0.00020189502...]
I tensorflow/core/kernels/logging_ops.cc:79] ~~~~~ daniter~~~ GLobalstep:[555][0.00038465208 0.00047887163...]
I tensorflow/core/kernels/logging_ops.cc:79] ~~~~~ daniter~~~ GLobalstep:[556][0.0006279333 0.00082476495...]
I tensorflow/core/kernels/logging_ops.cc:79] ~~~~~ daniter~~~ GLobalstep:[557][-4.5135035e-05 -0.0001294565...]
I tensorflow/core/kernels/logging_ops.cc:79] ~~~~~ daniter~~~ GLobalstep:[558][0.00078782847 -3.5630525e-05...]
I tensorflow/core/kernels/logging_ops.cc:79] ~~~~~ daniter~~~ GLobalstep:[559][0.00042246177 0.00063734269...]
I tensorflow/core/kernels/logging_ops.cc:79] ~~~~~ daniter~~~ GLobalstep:[560][5.553184e-05 -0.00052292296...]
I tensorflow/core/kernels/logging_ops.cc:79] ~~~~~ daniter~~~ GLobalstep:[561][0.00030153856 0.00016508723...]
I tensorflow/core/kernels/logging_ops.cc:79] ~~~~~ daniter~~~ GLobalstep:[562][-0.00058732508 -0.00050493225...]
I tensorflow/core/kernels/logging_ops.cc:79] ~~~~~ daniter~~~ GLobalstep:[563][0.00037095329 -0.00025013383...]
I tensorflow/core/kernels/logging_ops.cc:79] ~~~~~ daniter~~~ GLobalstep:[564][0.00048028308 0.0003929204...]
I tensorflow/core/kernels/logging_ops.cc:79] ~~~~~ daniter~~~ GLobalstep:[565][-0.00060256931 -0.00043175794...]
I tensorflow/core/kernels/logging_ops.cc:79] ~~~~~ daniter~~~ GLobalstep:[566][9.9589433e-06 0.00047557353...]
I tensorflow/core/kernels/logging_ops.cc:79] ~~~~~ daniter~~~ GLobalstep:[567][-7.8868747e-05 0.00025343968...]
I tensorflow/core/kernels/logging_ops.cc:79] ~~~~~ daniter~~~ GLobalstep:[568][-0.00069452089 0.00030105875...]
I tensorflow/core/kernels/logging_ops.cc:79] ~~~~~ daniter~~~ GLobalstep:[569][-0.00014993847 0.00064810249...]
I tensorflow/core/kernels/logging_ops.cc:79] ~~~~~ daniter~~~ GLobalstep:[570][-0.00042650019 1.0752476e-05...]
I tensorflow/core/kernels/logging_ops.cc:79] ~~~~~ daniter~~~ GLobalstep:[571][0.00011816953 0.00029362013...]
I tensorflow/core/kernels/logging_ops.cc:79] ~~~~~ daniter~~~ GLobalstep:[572][-0.00025916193 -0.00036031535...]
I tensorflow/core/kernels/logging_ops.cc:79] ~~~~~ daniter~~~ GLobalstep:[573][-9.7282464e-07 2.3700577e-05...]
I tensorflow/core/kernels/logging_ops.cc:79] ~~~~~ daniter~~~ GLobalstep:[573][0.00011112909 -1.4292491e-06...]
I tensorflow/core/kernels/logging_ops.cc:79] ~~~~~ daniter~~~ GLobalstep:[575][0.00020925072 -0.00011490128...]
I tensorflow/core/kernels/logging_ops.cc:79] ~~~~~ daniter~~~ GLobalstep:[576][-0.00016495003 0.00040049711...]
I tensorflow/core/kernels/logging_ops.cc:79] ~~~~~ daniter~~~ GLobalstep:[577][-0.0004534405 0.00013228707...]
I tensorflow/core/kernels/logging_ops.cc:79] ~~~~~ daniter~~~ GLobalstep:[578][0.00042897539 1.5746788e-05...]
I tensorflow/core/kernels/logging_ops.cc:79] ~~~~~ daniter~~~ GLobalstep:[579][-0.00065190764 0.00020335321...]
I tensorflow/core/kernels/logging_ops.cc:79] ~~~~~ daniter~~~ GLobalstep:[580][0.000743925 -0.00021189993...]
I tensorflow/core/kernels/logging_ops.cc:79] ~~~~~ daniter~~~ GLobalstep:[581][0.00058586686 0.00034114049...]
I tensorflow/core/kernels/logging_ops.cc:79] ~~~~~ daniter~~~ GLobalstep:[582][-0.00015999335 -0.00015261529...]
I tensorflow/core/kernels/logging_ops.cc:79] ~~~~~ daniter~~~ GLobalstep:[583][0.00015444896 -9.9338809e-05...]
I tensorflow/core/kernels/logging_ops.cc:79] ~~~~~ daniter~~~ GLobalstep:[584][-0.00089395646 7.1662071e-06...]
I tensorflow/core/kernels/logging_ops.cc:79] ~~~~~ daniter~~~ GLobalstep:[585][-0.00027030593 -0.00039970336...]
I tensorflow/core/kernels/logging_ops.cc:79] ~~~~~ daniter~~~ GLobalstep:[586][0.00068835053 0.00011159811...]
I tensorflow/core/kernels/logging_ops.cc:79] ~~~~~ daniter~~~ GLobalstep:[587][-0.00028001904 0.00031566576...]
I tensorflow/core/kernels/logging_ops.cc:79] ~~~~~ daniter~~~ GLobalstep:[588][0.000791544 -2.0221778e-06...]
I tensorflow/core/kernels/logging_ops.cc:79] ~~~~~ daniter~~~ GLobalstep:[589][0.00055487466 -2.4512628e-05...]
I tensorflow/core/kernels/logging_ops.cc:79] ~~~~~ daniter~~~ GLobalstep:[590][-0.0017400053 0.00033422961...]
I tensorflow/core/kernels/logging_ops.cc:79] ~~~~~ daniter~~~ GLobalstep:[591][0.00027651759 -8.5526728e-05...]
I tensorflow/core/kernels/logging_ops.cc:79] ~~~~~ daniter~~~ GLobalstep:[592][-0.0013176764 -0.000501334...]
I tensorflow/core/kernels/logging_ops.cc:79] ~~~~~ daniter~~~ GLobalstep:[593][-0.00070980797 0.0002738433...]
I tensorflow/core/kernels/logging_ops.cc:79] ~~~~~ daniter~~~ GLobalstep:[594][0.0004162702 0.000469275...]
I tensorflow/core/kernels/logging_ops.cc:79] ~~~~~ daniter~~~ GLobalstep:[595][-0.00035199977 -0.00019627718...]
I tensorflow/core/kernels/logging_ops.cc:79] ~~~~~ daniter~~~ GLobalstep:[596][-5.8302161e-05 0.00032397843...]
I tensorflow/core/kernels/logging_ops.cc:79] ~~~~~ daniter~~~ GLobalstep:[597][-2.3485976e-05 4.13713e-05...]
I tensorflow/core/kernels/logging_ops.cc:79] ~~~~~ daniter~~~ GLobalstep:[598][7.216222e-05 0.00022977722...]
I tensorflow/core/kernels/logging_ops.cc:79] ~~~~~ daniter~~~ GLobalstep:[599][-0.00031659516 0.00048189622...]
I tensorflow/core/kernels/logging_ops.cc:79] ~~~~~ daniter~~~ GLobalstep:[600][-0.00028643783 -0.00071274035...]
I tensorflow/core/kernels/logging_ops.cc:79] ~~~~~ daniter~~~ GLobalstep:[601][0.00050880318 0.00025753846...]
I tensorflow/core/kernels/logging_ops.cc:79] ~~~~~ daniter~~~ GLobalstep:[602][0.00034508281 -0.00048327129...]
I tensorflow/core/kernels/logging_ops.cc:79] ~~~~~ daniter~~~ GLobalstep:[603][-0.00033031258 -0.00044988914...]
I tensorflow/core/kernels/logging_ops.cc:79] ~~~~~ daniter~~~ GLobalstep:[604][-0.00066254858 0.00027823029...]
I tensorflow/core/kernels/logging_ops.cc:79] ~~~~~ daniter~~~ GLobalstep:[605][0.00033191819 -0.00039978023...]
I tensorflow/core/kernels/logging_ops.cc:79] ~~~~~ daniter~~~ GLobalstep:[606][-0.00024762467 0.00042759505...]
I tensorflow/core/kernels/logging_ops.cc:79] ~~~~~ daniter~~~ GLobalstep:[607][0.0002402635 0.00028977697...]
I tensorflow/core/kernels/logging_ops.cc:79] ~~~~~ daniter~~~ GLobalstep:[608][0.0002011602 0.00029926188...]
I tensorflow/core/kernels/logging_ops.cc:79] ~~~~~ daniter~~~ GLobalstep:[609][-0.00018649186 0.00052040315...]
I tensorflow/core/kernels/logging_ops.cc:79] ~~~~~ daniter~~~ GLobalstep:[610][0.00033348677 -2.6421047e-05...]
I tensorflow/core/kernels/logging_ops.cc:79] ~~~~~ daniter~~~ GLobalstep:[611][0.00030190707 0.00016162988...]
I tensorflow/core/kernels/logging_ops.cc:79] ~~~~~ daniter~~~ GLobalstep:[612][0.000329561 -0.00049716857...]
I tensorflow/core/kernels/logging_ops.cc:79] ~~~~~ daniter~~~ GLobalstep:[613][0.00042138866 0.0001918613...]
I tensorflow/core/kernels/logging_ops.cc:79] ~~~~~ daniter~~~ GLobalstep:[614][-0.00050259219 -0.00040309678...]
I tensorflow/core/kernels/logging_ops.cc:79] ~~~~~ daniter~~~ GLobalstep:[615][-3.4829922e-05 3.2005279e-05...]
I tensorflow/core/kernels/logging_ops.cc:79] ~~~~~ daniter~~~ GLobalstep:[616][0.00014403218 -0.00039910077...]
I tensorflow/core/kernels/logging_ops.cc:79] ~~~~~ daniter~~~ GLobalstep:[617][-0.00057549763 -0.00016033393...]
I tensorflow/core/kernels/logging_ops.cc:79] ~~~~~ daniter~~~ GLobalstep:[618][-0.0001572289 0.00040627056...]
I tensorflow/core/kernels/logging_ops.cc:79] ~~~~~ daniter~~~ GLobalstep:[619][4.8489615e-05 -0.00044075638...]
I tensorflow/core/kernels/logging_ops.cc:79] ~~~~~ daniter~~~ GLobalstep:[620][-0.00178716 -0.00079193932...]
I tensorflow/core/kernels/logging_ops.cc:79] ~~~~~ daniter~~~ GLobalstep:[621][-0.00029551107 0.00024964451...]
I tensorflow/core/kernels/logging_ops.cc:79] ~~~~~ daniter~~~ GLobalstep:[622][0.00035923865 -0.0002039036...]
I tensorflow/core/kernels/logging_ops.cc:79] ~~~~~ daniter~~~ GLobalstep:[623][-0.00026067573 0.00011675704...]
I tensorflow/core/kernels/logging_ops.cc:79] ~~~~~ daniter~~~ GLobalstep:[624][-8.4979154e-05 0.000496114...]
I tensorflow/core/kernels/logging_ops.cc:79] ~~~~~ daniter~~~ GLobalstep:[625][0.00013912466 -0.00010474978...]
I tensorflow/core/kernels/logging_ops.cc:79] ~~~~~ daniter~~~ GLobalstep:[626][0.0010207079 0.00016424895...]
I tensorflow/core/kernels/logging_ops.cc:79] ~~~~~ daniter~~~ GLobalstep:[627][-0.00020748925 5.360935e-05...]
I tensorflow/core/kernels/logging_ops.cc:79] ~~~~~ daniter~~~ GLobalstep:[628][-9.6890844e-06 0.00030797825...]
I tensorflow/core/kernels/logging_ops.cc:79] ~~~~~ daniter~~~ GLobalstep:[629][0.00049561216 0.00044477335...]
I tensorflow/core/kernels/logging_ops.cc:79] ~~~~~ daniter~~~ GLobalstep:[630][0.00049316237 -0.00019214282...]
I tensorflow/core/kernels/logging_ops.cc:79] ~~~~~ daniter~~~ GLobalstep:[631][-0.00029954192 0.00048670766...]
I tensorflow/core/kernels/logging_ops.cc:79] ~~~~~ daniter~~~ GLobalstep:[632][0.00059847941 0.00024552818...]
I tensorflow/core/kernels/logging_ops.cc:79] ~~~~~ daniter~~~ GLobalstep:[633][0.00036170366 3.2316602e-06...]
I tensorflow/core/kernels/logging_ops.cc:79] ~~~~~ daniter~~~ GLobalstep:[634][-0.00021137827 0.0007242366...]
I tensorflow/core/kernels/logging_ops.cc:79] ~~~~~ daniter~~~ GLobalstep:[635][0.00053721224 2.6883368e-05...]
I tensorflow/core/kernels/logging_ops.cc:79] ~~~~~ daniter~~~ GLobalstep:[635][-0.00047098004 -8.3534513e-05...]
I tensorflow/core/kernels/logging_ops.cc:79] ~~~~~ daniter~~~ GLobalstep:[637][-0.00033204452 0.00028614065...]
I tensorflow/core/kernels/logging_ops.cc:79] ~~~~~ daniter~~~ GLobalstep:[638][-0.00010731583 -0.00035426236...]
I tensorflow/core/kernels/logging_ops.cc:79] ~~~~~ daniter~~~ GLobalstep:[639][0.00010666732 0.00040035826...]
I tensorflow/core/kernels/logging_ops.cc:79] ~~~~~ daniter~~~ GLobalstep:[640][-0.00071132655 -0.00015266276...]
I tensorflow/core/kernels/logging_ops.cc:79] ~~~~~ daniter~~~ GLobalstep:[641][-0.00011868765 7.50563e-05...]
I tensorflow/core/kernels/logging_ops.cc:79] ~~~~~ daniter~~~ GLobalstep:[642][-0.00040863376 -0.00042654417...]
I tensorflow/core/kernels/logging_ops.cc:79] ~~~~~ daniter~~~ GLobalstep:[643][-0.000699645 6.2862455e-05...]
I tensorflow/core/kernels/logging_ops.cc:79] ~~~~~ daniter~~~ GLobalstep:[644][3.4298573e-05 0.00075233908...]
I tensorflow/core/kernels/logging_ops.cc:79] ~~~~~ daniter~~~ GLobalstep:[645][-0.00071754924 6.2127918e-05...]
I tensorflow/core/kernels/logging_ops.cc:79] ~~~~~ daniter~~~ GLobalstep:[646][-0.00021457172 0.0002351194...]
I tensorflow/core/kernels/logging_ops.cc:79] ~~~~~ daniter~~~ GLobalstep:[647][-0.00017442368 6.8641995e-05...]
I tensorflow/core/kernels/logging_ops.cc:79] ~~~~~ daniter~~~ GLobalstep:[648][0.00049293693 -0.00042621623...]
I tensorflow/core/kernels/logging_ops.cc:79] ~~~~~ daniter~~~ GLobalstep:[649][-0.00023584452 -0.00018582409...]
I tensorflow/core/kernels/logging_ops.cc:79] ~~~~~ daniter~~~ GLobalstep:[650][-0.00061246695 0.00077444169...]
I tensorflow/core/kernels/logging_ops.cc:79] ~~~~~ daniter~~~ GLobalstep:[651][0.000457784 -0.00012567507...]
I tensorflow/core/kernels/logging_ops.cc:79] ~~~~~ daniter~~~ GLobalstep:[652][0.00032834758 0.00014987594...]
I tensorflow/core/kernels/logging_ops.cc:79] ~~~~~ daniter~~~ GLobalstep:[653][0.00077627087 9.0792337e-06...]
I tensorflow/core/kernels/logging_ops.cc:79] ~~~~~ daniter~~~ GLobalstep:[654][0.0008729088 0.00050016644...]
I tensorflow/core/kernels/logging_ops.cc:79] ~~~~~ daniter~~~ GLobalstep:[655][-0.00036515569 -6.0578815e-05...]
I tensorflow/core/kernels/logging_ops.cc:79] ~~~~~ daniter~~~ GLobalstep:[656][0.0012028222 0.00032741652...]
I tensorflow/core/kernels/logging_ops.cc:79] ~~~~~ daniter~~~ GLobalstep:[657][0.0006124787 0.00028694325...]
I tensorflow/core/kernels/logging_ops.cc:79] ~~~~~ daniter~~~ GLobalstep:[658][0.00071476534 -0.00024141249...]
I tensorflow/core/kernels/logging_ops.cc:79] ~~~~~ daniter~~~ GLobalstep:[659][0.00038782746 0.00041940113...]
I tensorflow/core/kernels/logging_ops.cc:79] ~~~~~ daniter~~~ GLobalstep:[660][-5.1539377e-05 -0.00030956059...]
I tensorflow/core/kernels/logging_ops.cc:79] ~~~~~ daniter~~~ GLobalstep:[661][0.00064943073 -0.00011535414...]
I tensorflow/core/kernels/logging_ops.cc:79] ~~~~~ daniter~~~ GLobalstep:[662][-0.00027020261 -0.00020536451...]
I tensorflow/core/kernels/logging_ops.cc:79] ~~~~~ daniter~~~ GLobalstep:[663][-0.0008229384 -0.00041260105...]
I tensorflow/core/kernels/logging_ops.cc:79] ~~~~~ daniter~~~ GLobalstep:[664][0.0006201159 -0.00026512973...]
I tensorflow/core/kernels/logging_ops.cc:79] ~~~~~ daniter~~~ GLobalstep:[665][-0.00035208988 0.00043766509...]
I tensorflow/core/kernels/logging_ops.cc:79] ~~~~~ daniter~~~ GLobalstep:[666][0.000317446 2.6547787e-05...]
I tensorflow/core/kernels/logging_ops.cc:79] ~~~~~ daniter~~~ GLobalstep:[667][0.00047595275 -0.00018568855...]
I tensorflow/core/kernels/logging_ops.cc:79] ~~~~~ daniter~~~ GLobalstep:[668][0.00049734471 -0.00030712283...]
I tensorflow/core/kernels/logging_ops.cc:79] ~~~~~ daniter~~~ GLobalstep:[669][0.00043152593 -0.00022349141...]
I tensorflow/core/kernels/logging_ops.cc:79] ~~~~~ daniter~~~ GLobalstep:[670][0.00069508574 8.2485312e-05...]
I tensorflow/core/kernels/logging_ops.cc:79] ~~~~~ daniter~~~ GLobalstep:[671][-0.00034817867 0.00014734641...]
I tensorflow/core/kernels/logging_ops.cc:79] ~~~~~ daniter~~~ GLobalstep:[672][-0.00094728894 -0.00040947006...]
I tensorflow/core/kernels/logging_ops.cc:79] ~~~~~ daniter~~~ GLobalstep:[673][0.00055893604 0.00012095465...]
I tensorflow/core/kernels/logging_ops.cc:79] ~~~~~ daniter~~~ GLobalstep:[674][-0.0008380583 -0.00017153379...]
I tensorflow/core/kernels/logging_ops.cc:79] ~~~~~ daniter~~~ GLobalstep:[675][-0.0013582638 -0.00083694467...]
I tensorflow/core/kernels/logging_ops.cc:79] ~~~~~ daniter~~~ GLobalstep:[676][-0.00020806998 0.00025529135...]
I tensorflow/core/kernels/logging_ops.cc:79] ~~~~~ daniter~~~ GLobalstep:[677][0.00044372326 8.194246e-05...]
I tensorflow/core/kernels/logging_ops.cc:79] ~~~~~ daniter~~~ GLobalstep:[678][-0.00053436222 0.00025364719...]
I tensorflow/core/kernels/logging_ops.cc:79] ~~~~~ daniter~~~ GLobalstep:[679][9.5046649e-05 0.00012273347...]
I tensorflow/core/kernels/logging_ops.cc:79] ~~~~~ daniter~~~ GLobalstep:[680][0.0011201585 5.9340382e-06...]
I tensorflow/core/kernels/logging_ops.cc:79] ~~~~~ daniter~~~ GLobalstep:[681][-0.00092877948 0.00011788965...]
I tensorflow/core/kernels/logging_ops.cc:79] ~~~~~ daniter~~~ GLobalstep:[682][0.0012855381 0.00078676862...]
I tensorflow/core/kernels/logging_ops.cc:79] ~~~~~ daniter~~~ GLobalstep:[683][-0.00026148776 -0.00049223396...]
I tensorflow/core/kernels/logging_ops.cc:79] ~~~~~ daniter~~~ GLobalstep:[683][-0.00064337044 0.00046893023...]
I tensorflow/core/kernels/logging_ops.cc:79] ~~~~~ daniter~~~ GLobalstep:[685][0.00097868592 0.00020310315...]
I tensorflow/core/kernels/logging_ops.cc:79] ~~~~~ daniter~~~ GLobalstep:[685][0.00055486057 -0.00019977281...]
I tensorflow/core/kernels/logging_ops.cc:79] ~~~~~ daniter~~~ GLobalstep:[687][-0.00019315624 4.2490094e-05...]
I tensorflow/core/kernels/logging_ops.cc:79] ~~~~~ daniter~~~ GLobalstep:[688][-0.0013968227 -0.0005186394...]
I tensorflow/core/kernels/logging_ops.cc:79] ~~~~~ daniter~~~ GLobalstep:[689][2.9149087e-05 0.00022948062...]
I tensorflow/core/kernels/logging_ops.cc:79] ~~~~~ daniter~~~ GLobalstep:[690][-0.00041375175 1.312024e-05...]
I tensorflow/core/kernels/logging_ops.cc:79] ~~~~~ daniter~~~ GLobalstep:[691][0.00019326768 -0.00038305053...]
I tensorflow/core/kernels/logging_ops.cc:79] ~~~~~ daniter~~~ GLobalstep:[692][0.00010462583 -8.1054168e-09...]
I tensorflow/core/kernels/logging_ops.cc:79] ~~~~~ daniter~~~ GLobalstep:[693][0.00091738981 6.2966712e-05...]
I tensorflow/core/kernels/logging_ops.cc:79] ~~~~~ daniter~~~ GLobalstep:[693][0.00044856523 -0.0011612184...]
I tensorflow/core/kernels/logging_ops.cc:79] ~~~~~ daniter~~~ GLobalstep:[695][-0.000109177 0.0005515939...]
I tensorflow/core/kernels/logging_ops.cc:79] ~~~~~ daniter~~~ GLobalstep:[695][-0.00014566486 0.00013151005...]
I tensorflow/core/kernels/logging_ops.cc:79] ~~~~~ daniter~~~ GLobalstep:[697][-7.4842857e-05 -0.0006198776...]
I tensorflow/core/kernels/logging_ops.cc:79] ~~~~~ daniter~~~ GLobalstep:[698][-0.0001039234 0.000516009...]
I tensorflow/core/kernels/logging_ops.cc:79] ~~~~~ daniter~~~ GLobalstep:[699][0.000769281 0.00071083754...]
I tensorflow/core/kernels/logging_ops.cc:79] ~~~~~ daniter~~~ GLobalstep:[700][-0.000680409 -0.000213646...]
I tensorflow/core/kernels/logging_ops.cc:79] ~~~~~ daniter~~~ GLobalstep:[701][0.000628965 0.00023348248...]
I tensorflow/core/kernels/logging_ops.cc:79] ~~~~~ daniter~~~ GLobalstep:[702][0.00029152574 -0.00013263876...]
I tensorflow/core/kernels/logging_ops.cc:79] ~~~~~ daniter~~~ GLobalstep:[703][-0.00057921605 -7.5720411e-05...]
I tensorflow/core/kernels/logging_ops.cc:79] ~~~~~ daniter~~~ GLobalstep:[704][-6.2818464e-05 4.6280475e-05...]
I tensorflow/core/kernels/logging_ops.cc:79] ~~~~~ daniter~~~ GLobalstep:[705][0.000493651 -1.6671373e-05...]
I tensorflow/core/kernels/logging_ops.cc:79] ~~~~~ daniter~~~ GLobalstep:[706][0.0024433327 -0.00025184976...]
I tensorflow/core/kernels/logging_ops.cc:79] ~~~~~ daniter~~~ GLobalstep:[707][0.00054626231 0.00022774457...]
I tensorflow/core/kernels/logging_ops.cc:79] ~~~~~ daniter~~~ GLobalstep:[708][-0.00068272016 -0.00032299518...]
I tensorflow/core/kernels/logging_ops.cc:79] ~~~~~ daniter~~~ GLobalstep:[709][-0.00096216693 -9.9535522e-05...]
I tensorflow/core/kernels/logging_ops.cc:79] ~~~~~ daniter~~~ GLobalstep:[710][-0.0003116088 1.3139674e-05...]
I tensorflow/core/kernels/logging_ops.cc:79] ~~~~~ daniter~~~ GLobalstep:[711][-0.001263378 0.00022368791...]
I tensorflow/core/kernels/logging_ops.cc:79] ~~~~~ daniter~~~ GLobalstep:[712][-0.0015860404 -6.208288e-05...]
I tensorflow/core/kernels/logging_ops.cc:79] ~~~~~ daniter~~~ GLobalstep:[713][6.9821181e-05 0.000335615...]
I tensorflow/core/kernels/logging_ops.cc:79] ~~~~~ daniter~~~ GLobalstep:[714][0.00068825425 0.00018511282...]
I tensorflow/core/kernels/logging_ops.cc:79] ~~~~~ daniter~~~ GLobalstep:[715][-0.0004770169 0.00060044136...]
I tensorflow/core/kernels/logging_ops.cc:79] ~~~~~ daniter~~~ GLobalstep:[716][-0.00018880007 0.00069276046...]
I tensorflow/core/kernels/logging_ops.cc:79] ~~~~~ daniter~~~ GLobalstep:[717][0.00014387054 -0.00064549636...]
I tensorflow/core/kernels/logging_ops.cc:79] ~~~~~ daniter~~~ GLobalstep:[718][-0.00095605117 -6.5970569e-05...]
I tensorflow/core/kernels/logging_ops.cc:79] ~~~~~ daniter~~~ GLobalstep:[719][-0.00039208523 -0.0003647042...]
I tensorflow/core/kernels/logging_ops.cc:79] ~~~~~ daniter~~~ GLobalstep:[720][0.0006208613 -0.00015106547...]
I tensorflow/core/kernels/logging_ops.cc:79] ~~~~~ daniter~~~ GLobalstep:[721][2.5432877e-05 0.00026857632...]
I tensorflow/core/kernels/logging_ops.cc:79] ~~~~~ daniter~~~ GLobalstep:[722][-0.00019556595 -0.00050485169...]
I tensorflow/core/kernels/logging_ops.cc:79] ~~~~~ daniter~~~ GLobalstep:[723][0.00040583039 0.00018051264...]
I tensorflow/core/kernels/logging_ops.cc:79] ~~~~~ daniter~~~ GLobalstep:[724][0.0012385034 6.9494126e-07...]
I tensorflow/core/kernels/logging_ops.cc:79] ~~~~~ daniter~~~ GLobalstep:[725][-5.3403812e-05 -0.00015098599...]
I tensorflow/core/kernels/logging_ops.cc:79] ~~~~~ daniter~~~ GLobalstep:[726][-0.00065985951 -0.00018335306...]
I tensorflow/core/kernels/logging_ops.cc:79] ~~~~~ daniter~~~ GLobalstep:[727][0.00037508638 -6.9027985e-05...]
I tensorflow/core/kernels/logging_ops.cc:79] ~~~~~ daniter~~~ GLobalstep:[728][0.00029747229 -0.00025617151...]
I tensorflow/core/kernels/logging_ops.cc:79] ~~~~~ daniter~~~ GLobalstep:[729][-0.00064614363 4.7116671e-05...]
I tensorflow/core/kernels/logging_ops.cc:79] ~~~~~ daniter~~~ GLobalstep:[730][0.00071403652 -5.6126941e-05...]
I tensorflow/core/kernels/logging_ops.cc:79] ~~~~~ daniter~~~ GLobalstep:[731][-0.00087831012 -0.0004410822...]
run-ps-4node.sh: line 21: 11605 Terminated              CUDA_VISIBLE_DEVICES='' bazel-bin/inception/imagenet_distributed_train --batch_size=64 --data_dir=/lfs/local/0/daniter/imagenet-8 --job_name='ps' --task_id=0 --ps_hosts='localhost:2228' --worker_hosts='raiders1:2200,raiders1:2201,raiders3:2209,raiders3:2210' --initial_learning_rate=$1 --momentum=$2 --sync=True --compute_groups=$3
