DISPLAY "(null)" invalid; disabling X11 forwarding
INFO:tensorflow:PS hosts are: ['raiders1:2200']
INFO:tensorflow:Worker hosts are: ['raiders1:2201', 'raiders1:2202', 'raiders1:2203', 'raiders1:2204', 'raiders2:2205', 'raiders2:2206', 'raiders2:2207', 'raiders2:2208', 'raiders3:2209', 'raiders3:2210', 'raiders3:2211', 'raiders3:2212', 'raiders8:2213', 'raiders8:2214', 'raiders8:2215', 'raiders8:2216']
I tensorflow/core/distributed_runtime/rpc/grpc_channel.cc:206] Initialize HostPortsGrpcChannelCache for job ps -> {raiders1:2200}
I tensorflow/core/distributed_runtime/rpc/grpc_channel.cc:206] Initialize HostPortsGrpcChannelCache for job worker -> {raiders1:2201, raiders1:2202, raiders1:2203, raiders1:2204, raiders2:2205, raiders2:2206, raiders2:2207, raiders2:2208, raiders3:2209, raiders3:2210, raiders3:2211, raiders3:2212, raiders8:2213, raiders8:2214, localhost:2215, raiders8:2216}
I tensorflow/core/distributed_runtime/rpc/grpc_server_lib.cc:202] Started server with target: grpc://localhost:2215
INFO:tensorflow:Learning rate: 0.002500, momentum: 0.300000
INFO:tensorflow:2016-07-26 22:45:26.080128 Supervisor
INFO:tensorflow:Waiting for model to be ready: Variables not initialized: global_step, conv0/weights, conv0/BatchNorm/beta, conv0/BatchNorm/moving_mean, conv0/BatchNorm/moving_variance, conv1/weights, conv1/BatchNorm/beta, conv1/BatchNorm/moving_mean, conv1/BatchNorm/moving_variance, conv2/weights, conv2/BatchNorm/beta, conv2/BatchNorm/moving_mean, conv2/BatchNorm/moving_variance, conv3/weights, conv3/BatchNorm/beta, conv3/BatchNorm/moving_mean, conv3/BatchNorm/moving_variance, conv4/weights, conv4/BatchNorm/beta, conv4/BatchNorm/moving_mean, conv4/BatchNorm/moving_variance, mixed_35x35x256a/branch1x1/Conv/weights, mixed_35x35x256a/branch1x1/Conv/BatchNorm/beta, mixed_35x35x256a/branch1x1/Conv/BatchNorm/moving_mean, mixed_35x35x256a/branch1x1/Conv/BatchNorm/moving_variance, mixed_35x35x256a/branch5x5/Conv/weights, mixed_35x35x256a/branch5x5/Conv/BatchNorm/beta, mixed_35x35x256a/branch5x5/Conv/BatchNorm/moving_mean, mixed_35x35x256a/branch5x5/Conv/BatchNorm/moving_variance, mixed_35x35x256a/branch5x5/Conv_1/weights, mixed_35x35x256a/branch5x5/Conv_1/BatchNorm/beta, mixed_35x35x256a/branch5x5/Conv_1/BatchNorm/moving_mean, mixed_35x35x256a/branch5x5/Conv_1/BatchNorm/moving_variance, mixed_35x35x256a/branch3x3dbl/Conv/weights, mixed_35x35x256a/branch3x3dbl/Conv/BatchNorm/beta, mixed_35x35x256a/branch3x3dbl/Conv/BatchNorm/moving_mean, mixed_35x35x256a/branch3x3dbl/Conv/BatchNorm/moving_variance, mixed_35x35x256a/branch3x3dbl/Conv_1/weights, mixed_35x35x256a/branch3x3dbl/Conv_1/BatchNorm/beta, mixed_35x35x256a/branch3x3dbl/Conv_1/BatchNorm/moving_mean, mixed_35x35x256a/branch3x3dbl/Conv_1/BatchNorm/moving_variance, mixed_35x35x256a/branch3x3dbl/Conv_2/weights, mixed_35x35x256a/branch3x3dbl/Conv_2/BatchNorm/beta, mixed_35x35x256a/branch3x3dbl/Conv_2/BatchNorm/moving_mean, mixed_35x35x256a/branch3x3dbl/Conv_2/BatchNorm/moving_variance, mixed_35x35x256a/branch_pool/Conv/weights, mixed_35x35x256a/branch_pool/Conv/BatchNorm/beta, mixed_35x35x256a/branch_pool/Conv/BatchNorm/moving_mean, mixed_35x35x256a/branch_pool/Conv/BatchNorm/moving_variance, mixed_35x35x288a/branch1x1/Conv/weights, mixed_35x35x288a/branch1x1/Conv/BatchNorm/beta, mixed_35x35x288a/branch1x1/Conv/BatchNorm/moving_mean, mixed_35x35x288a/branch1x1/Conv/BatchNorm/moving_variance, mixed_35x35x288a/branch5x5/Conv/weights, mixed_35x35x288a/branch5x5/Conv/BatchNorm/beta, mixed_35x35x288a/branch5x5/Conv/BatchNorm/moving_mean, mixed_35x35x288a/branch5x5/Conv/BatchNorm/moving_variance, mixed_35x35x288a/branch5x5/Conv_1/weights, mixed_35x35x288a/branch5x5/Conv_1/BatchNorm/beta, mixed_35x35x288a/branch5x5/Conv_1/BatchNorm/moving_mean, mixed_35x35x288a/branch5x5/Conv_1/BatchNorm/moving_variance, mixed_35x35x288a/branch3x3dbl/Conv/weights, mixed_35x35x288a/branch3x3dbl/Conv/BatchNorm/beta, mixed_35x35x288a/branch3x3dbl/Conv/BatchNorm/moving_mean, mixed_35x35x288a/branch3x3dbl/Conv/BatchNorm/moving_variance, mixed_35x35x288a/branch3x3dbl/Conv_1/weights, mixed_35x35x288a/branch3x3dbl/Conv_1/BatchNorm/beta, mixed_35x35x288a/branch3x3dbl/Conv_1/BatchNorm/moving_mean, mixed_35x35x288a/branch3x3dbl/Conv_1/BatchNorm/moving_variance, mixed_35x35x288a/branch3x3dbl/Conv_2/weights, mixed_35x35x288a/branch3x3dbl/Conv_2/BatchNorm/beta, mixed_35x35x288a/branch3x3dbl/Conv_2/BatchNorm/moving_mean, mixed_35x35x288a/branch3x3dbl/Conv_2/BatchNorm/moving_variance, mixed_35x35x288a/branch_pool/Conv/weights, mixed_35x35x288a/branch_pool/Conv/BatchNorm/beta, mixed_35x35x288a/branch_pool/Conv/BatchNorm/moving_mean, mixed_35x35x288a/branch_pool/Conv/BatchNorm/moving_variance, mixed_35x35x288b/branch1x1/Conv/weights, mixed_35x35x288b/branch1x1/Conv/BatchNorm/beta, mixed_35x35x288b/branch1x1/Conv/BatchNorm/moving_mean, mixed_35x35x288b/branch1x1/Conv/BatchNorm/moving_variance, mixed_35x35x288b/branch5x5/Conv/weights, mixed_35x35x288b/branch5x5/Conv/BatchNorm/beta, mixed_35x35x288b/branch5x5/Conv/BatchNorm/moving_mean, mixed_35x35x288b/branch5x5/Conv/BatchNorm/moving_variance, mixed_35x35x288b/branch5x5/Conv_1/weights, mixed_35x35x288b/branch5x5/Conv_1/BatchNorm/beta, mixed_35x35x288b/branch5x5/Conv_1/BatchNorm/moving_mean, mixed_35x35x288b/branch5x5/Conv_1/BatchNorm/moving_variance, mixed_35x35x288b/branch3x3dbl/Conv/weights, mixed_35x35x288b/branch3x3dbl/Conv/BatchNorm/beta, mixed_35x35x288b/branch3x3dbl/Conv/BatchNorm/moving_mean, mixed_35x35x288b/branch3x3dbl/Conv/BatchNorm/moving_variance, mixed_35x35x288b/branch3x3dbl/Conv_1/weights, mixed_35x35x288b/branch3x3dbl/Conv_1/BatchNorm/beta, mixed_35x35x288b/branch3x3dbl/Conv_1/BatchNorm/moving_mean, mixed_35x35x288b/branch3x3dbl/Conv_1/BatchNorm/moving_variance, mixed_35x35x288b/branch3x3dbl/Conv_2/weights, mixed_35x35x288b/branch3x3dbl/Conv_2/BatchNorm/beta, mixed_35x35x288b/branch3x3dbl/Conv_2/BatchNorm/moving_mean, mixed_35x35x288b/branch3x3dbl/Conv_2/BatchNorm/moving_variance, mixed_35x35x288b/branch_pool/Conv/weights, mixed_35x35x288b/branch_pool/Conv/BatchNorm/beta, mixed_35x35x288b/branch_pool/Conv/BatchNorm/moving_mean, mixed_35x35x288b/branch_pool/Conv/BatchNorm/moving_variance, mixed_17x17x768a/branch3x3/Conv/weights, mixed_17x17x768a/branch3x3/Conv/BatchNorm/beta, mixed_17x17x768a/branch3x3/Conv/BatchNorm/moving_mean, mixed_17x17x768a/branch3x3/Conv/BatchNorm/moving_variance, mixed_17x17x768a/branch3x3dbl/Conv/weights, mixed_17x17x768a/branch3x3dbl/Conv/BatchNorm/beta, mixed_17x17x768a/branch3x3dbl/Conv/BatchNorm/moving_mean, mixed_17x17x768a/branch3x3dbl/Conv/BatchNorm/moving_variance, mixed_17x17x768a/branch3x3dbl/Conv_1/weights, mixed_17x17x768a/branch3x3dbl/Conv_1/BatchNorm/beta, mixed_17x17x768a/branch3x3dbl/Conv_1/BatchNorm/moving_mean, mixed_17x17x768a/branch3x3dbl/Conv_1/BatchNorm/moving_variance, mixed_17x17x768a/branch3x3dbl/Conv_2/weights, mixed_17x17x768a/branch3x3dbl/Conv_2/BatchNorm/beta, mixed_17x17x768a/branch3x3dbl/Conv_2/BatchNorm/moving_mean, mixed_17x17x768a/branch3x3dbl/Conv_2/BatchNorm/moving_variance, mixed_17x17x768b/branch1x1/Conv/weights, mixed_17x17x768b/branch1x1/Conv/BatchNorm/beta, mixed_17x17x768b/branch1x1/Conv/BatchNorm/moving_mean, mixed_17x17x768b/branch1x1/Conv/BatchNorm/moving_variance, mixed_17x17x768b/branch7x7/Conv/weights, mixed_17x17x768b/branch7x7/Conv/BatchNorm/beta, mixed_17x17x768b/branch7x7/Conv/BatchNorm/moving_mean, mixed_17x17x768b/branch7x7/Conv/BatchNorm/moving_variance, mixed_17x17x768b/branch7x7/Conv_1/weights, mixed_17x17x768b/branch7x7/Conv_1/BatchNorm/beta, mixed_17x17x768b/branch7x7/Conv_1/BatchNorm/moving_mean, mixed_17x17x768b/branch7x7/Conv_1/BatchNorm/moving_variance, mixed_17x17x768b/branch7x7/Conv_2/weights, mixed_17x17x768b/branch7x7/Conv_2/BatchNorm/beta, mixed_17x17x768b/branch7x7/Conv_2/BatchNorm/moving_mean, mixed_17x17x768b/branch7x7/Conv_2/BatchNorm/moving_variance, mixed_17x17x768b/branch7x7dbl/Conv/weights, mixed_17x17x768b/branch7x7dbl/Conv/BatchNorm/beta, mixed_17x17x768b/branch7x7dbl/Conv/BatchNorm/moving_mean, mixed_17x17x768b/branch7x7dbl/Conv/BatchNorm/moving_variance, mixed_17x17x768b/branch7x7dbl/Conv_1/weights, mixed_17x17x768b/branch7x7dbl/Conv_1/BatchNorm/beta, mixed_17x17x768b/branch7x7dbl/Conv_1/BatchNorm/moving_mean, mixed_17x17x768b/branch7x7dbl/Conv_1/BatchNorm/moving_variance, mixed_17x17x768b/branch7x7dbl/Conv_2/weights, mixed_17x17x768b/branch7x7dbl/Conv_2/BatchNorm/beta, mixed_17x17x768b/branch7x7dbl/Conv_2/BatchNorm/moving_mean, mixed_17x17x768b/branch7x7dbl/Conv_2/BatchNorm/moving_variance, mixed_17x17x768b/branch7x7dbl/Conv_3/weights, mixed_17x17x768b/branch7x7dbl/Conv_3/BatchNorm/beta, mixed_17x17x768b/branch7x7dbl/Conv_3/BatchNorm/moving_mean, mixed_17x17x768b/branch7x7dbl/Conv_3/BatchNorm/moving_variance, mixed_17x17x768b/branch7x7dbl/Conv_4/weights, mixed_17x17x768b/branch7x7dbl/Conv_4/BatchNorm/beta, mixed_17x17x768b/branch7x7dbl/Conv_4/BatchNorm/moving_mean, mixed_17x17x768b/branch7x7dbl/Conv_4/BatchNorm/moving_variance, mixed_17x17x768b/branch_pool/Conv/weights, mixed_17x17x768b/branch_pool/Conv/BatchNorm/beta, mixed_17x17x768b/branch_pool/Conv/BatchNorm/moving_mean, mixed_17x17x768b/branch_pool/Conv/BatchNorm/moving_variance, mixed_17x17x768c/branch1x1/Conv/weights, mixed_17x17x768c/branch1x1/Conv/BatchNorm/beta, mixed_17x17x768c/branch1x1/Conv/BatchNorm/moving_mean, mixed_17x17x768c/branch1x1/Conv/BatchNorm/moving_variance, mixed_17x17x768c/branch7x7/Conv/weights, mixed_17x17x768c/branch7x7/Conv/BatchNorm/beta, mixed_17x17x768c/branch7x7/Conv/BatchNorm/moving_mean, mixed_17x17x768c/branch7x7/Conv/BatchNorm/moving_variance, mixed_17x17x768c/branch7x7/Conv_1/weights, mixed_17x17x768c/branch7x7/Conv_1/BatchNorm/beta, mixed_17x17x768c/branch7x7/Conv_1/BatchNorm/moving_mean, mixed_17x17x768c/branch7x7/Conv_1/BatchNorm/moving_variance, mixed_17x17x768c/branch7x7/Conv_2/weights, mixed_17x17x768c/branch7x7/Conv_2/BatchNorm/beta, mixed_17x17x768c/branch7x7/Conv_2/BatchNorm/moving_mean, mixed_17x17x768c/branch7x7/Conv_2/BatchNorm/moving_variance, mixed_17x17x768c/branch7x7dbl/Conv/weights, mixed_17x17x768c/branch7x7dbl/Conv/BatchNorm/beta, mixed_17x17x768c/branch7x7dbl/Conv/BatchNorm/moving_mean, mixed_17x17x768c/branch7x7dbl/Conv/BatchNorm/moving_variance, mixed_17x17x768c/branch7x7dbl/Conv_1/weights, mixed_17x17x768c/branch7x7dbl/Conv_1/BatchNorm/beta, mixed_17x17x768c/branch7x7dbl/Conv_1/BatchNorm/moving_mean, mixed_17x17x768c/branch7x7dbl/Conv_1/BatchNorm/moving_variance, mixed_17x17x768c/branch7x7dbl/Conv_2/weights, mixed_17x17x768c/branch7x7dbl/Conv_2/BatchNorm/beta, mixed_17x17x768c/branch7x7dbl/Conv_2/BatchNorm/moving_mean, mixed_17x17x768c/branch7x7dbl/Conv_2/BatchNorm/moving_variance, mixed_17x17x768c/branch7x7dbl/Conv_3/weights, mixed_17x17x768c/branch7x7dbl/Conv_3/BatchNorm/beta, mixed_17x17x768c/branch7x7dbl/Conv_3/BatchNorm/moving_mean, mixed_17x17x768c/branch7x7dbl/Conv_3/BatchNorm/moving_variance, mixed_17x17x768c/branch7x7dbl/Conv_4/weights, mixed_17x17x768c/branch7x7dbl/Conv_4/BatchNorm/beta, mixed_17x17x768c/branch7x7dbl/Conv_4/BatchNorm/moving_mean, mixed_17x17x768c/branch7x7dbl/Conv_4/BatchNorm/moving_variance, mixed_17x17x768c/branch_pool/Conv/weights, mixed_17x17x768c/branch_pool/Conv/BatchNorm/beta, mixed_17x17x768c/branch_pool/Conv/BatchNorm/moving_mean, mixed_17x17x768c/branch_pool/Conv/BatchNorm/moving_variance, mixed_17x17x768d/branch1x1/Conv/weights, mixed_17x17x768d/branch1x1/Conv/BatchNorm/beta, mixed_17x17x768d/branch1x1/Conv/BatchNorm/moving_mean, mixed_17x17x768d/branch1x1/Conv/BatchNorm/moving_variance, mixed_17x17x768d/branch7x7/Conv/weights, mixed_17x17x768d/branch7x7/Conv/BatchNorm/beta, mixed_17x17x768d/branch7x7/Conv/BatchNorm/moving_mean, mixed_17x17x768d/branch7x7/Conv/BatchNorm/moving_variance, mixed_17x17x768d/branch7x7/Conv_1/weights, mixed_17x17x768d/branch7x7/Conv_1/BatchNorm/beta, mixed_17x17x768d/branch7x7/Conv_1/BatchNorm/moving_mean, mixed_17x17x768d/branch7x7/Conv_1/BatchNorm/moving_variance, mixed_17x17x768d/branch7x7/Conv_2/weights, mixed_17x17x768d/branch7x7/Conv_2/BatchNorm/beta, mixed_17x17x768d/branch7x7/Conv_2/BatchNorm/moving_mean, mixed_17x17x768d/branch7x7/Conv_2/BatchNorm/moving_variance, mixed_17x17x768d/branch7x7dbl/Conv/weights, mixed_17x17x768d/branch7x7dbl/Conv/BatchNorm/beta, mixed_17x17x768d/branch7x7dbl/Conv/BatchNorm/moving_mean, mixed_17x17x768d/branch7x7dbl/Conv/BatchNorm/moving_variance, mixed_17x17x768d/branch7x7dbl/Conv_1/weights, mixed_17x17x768d/branch7x7dbl/Conv_1/BatchNorm/beta, mixed_17x17x768d/branch7x7dbl/Conv_1/BatchNorm/moving_mean, mixed_17x17x768d/branch7x7dbl/Conv_1/BatchNorm/moving_variance, mixed_17x17x768d/branch7x7dbl/Conv_2/weights, mixed_17x17x768d/branch7x7dbl/Conv_2/BatchNorm/beta, mixed_17x17x768d/branch7x7dbl/Conv_2/BatchNorm/moving_mean, mixed_17x17x768d/branch7x7dbl/Conv_2/BatchNorm/moving_variance, mixed_17x17x768d/branch7x7dbl/Conv_3/weights, mixed_17x17x768d/branch7x7dbl/Conv_3/BatchNorm/beta, mixed_17x17x768d/branch7x7dbl/Conv_3/BatchNorm/moving_mean, mixed_17x17x768d/branch7x7dbl/Conv_3/BatchNorm/moving_variance, mixed_17x17x768d/branch7x7dbl/Conv_4/weights, mixed_17x17x768d/branch7x7dbl/Conv_4/BatchNorm/beta, mixed_17x17x768d/branch7x7dbl/Conv_4/BatchNorm/moving_mean, mixed_17x17x768d/branch7x7dbl/Conv_4/BatchNorm/moving_variance, mixed_17x17x768d/branch_pool/Conv/weights, mixed_17x17x768d/branch_pool/Conv/BatchNorm/beta, mixed_17x17x768d/branch_pool/Conv/BatchNorm/moving_mean, mixed_17x17x768d/branch_pool/Conv/BatchNorm/moving_variance, mixed_17x17x768e/branch1x1/Conv/weights, mixed_17x17x768e/branch1x1/Conv/BatchNorm/beta, mixed_17x17x768e/branch1x1/Conv/BatchNorm/moving_mean, mixed_17x17x768e/branch1x1/Conv/BatchNorm/moving_variance, mixed_17x17x768e/branch7x7/Conv/weights, mixed_17x17x768e/branch7x7/Conv/BatchNorm/beta, mixed_17x17x768e/branch7x7/Conv/BatchNorm/moving_mean, mixed_17x17x768e/branch7x7/Conv/BatchNorm/moving_variance, mixed_17x17x768e/branch7x7/Conv_1/weights, mixed_17x17x768e/branch7x7/Conv_1/BatchNorm/beta, mixed_17x17x768e/branch7x7/Conv_1/BatchNorm/moving_mean, mixed_17x17x768e/branch7x7/Conv_1/BatchNorm/moving_variance, mixed_17x17x768e/branch7x7/Conv_2/weights, mixed_17x17x768e/branch7x7/Conv_2/BatchNorm/beta, mixed_17x17x768e/branch7x7/Conv_2/BatchNorm/moving_mean, mixed_17x17x768e/branch7x7/Conv_2/BatchNorm/moving_variance, mixed_17x17x768e/branch7x7dbl/Conv/weights, mixed_17x17x768e/branch7x7dbl/Conv/BatchNorm/beta, mixed_17x17x768e/branch7x7dbl/Conv/BatchNorm/moving_mean, mixed_17x17x768e/branch7x7dbl/Conv/BatchNorm/moving_variance, mixed_17x17x768e/branch7x7dbl/Conv_1/weights, mixed_17x17x768e/branch7x7dbl/Conv_1/BatchNorm/beta, mixed_17x17x768e/branch7x7dbl/Conv_1/BatchNorm/moving_mean, mixed_17x17x768e/branch7x7dbl/Conv_1/BatchNorm/moving_variance, mixed_17x17x768e/branch7x7dbl/Conv_2/weights, mixed_17x17x768e/branch7x7dbl/Conv_2/BatchNorm/beta, mixed_17x17x768e/branch7x7dbl/Conv_2/BatchNorm/moving_mean, mixed_17x17x768e/branch7x7dbl/Conv_2/BatchNorm/moving_variance, mixed_17x17x768e/branch7x7dbl/Conv_3/weights, mixed_17x17x768e/branch7x7dbl/Conv_3/BatchNorm/beta, mixed_17x17x768e/branch7x7dbl/Conv_3/BatchNorm/moving_mean, mixed_17x17x768e/branch7x7dbl/Conv_3/BatchNorm/moving_variance, mixed_17x17x768e/branch7x7dbl/Conv_4/weights, mixed_17x17x768e/branch7x7dbl/Conv_4/BatchNorm/beta, mixed_17x17x768e/branch7x7dbl/Conv_4/BatchNorm/moving_mean, mixed_17x17x768e/branch7x7dbl/Conv_4/BatchNorm/moving_variance, mixed_17x17x768e/branch_pool/Conv/weights, mixed_17x17x768e/branch_pool/Conv/BatchNorm/beta, mixed_17x17x768e/branch_pool/Conv/BatchNorm/moving_mean, mixed_17x17x768e/branch_pool/Conv/BatchNorm/moving_variance, aux_logits/proj/weights, aux_logits/proj/BatchNorm/beta, aux_logits/proj/BatchNorm/moving_mean, aux_logits/proj/BatchNorm/moving_variance, aux_logits/Conv/weights, aux_logits/Conv/BatchNorm/beta, aux_logits/Conv/BatchNorm/moving_mean, aux_logits/Conv/BatchNorm/moving_variance, aux_logits/FC/weights, aux_logits/FC/biases, mixed_17x17x1280a/branch3x3/Conv/weights, mixed_17x17x1280a/branch3x3/Conv/BatchNorm/beta, mixed_17x17x1280a/branch3x3/Conv/BatchNorm/moving_mean, mixed_17x17x1280a/branch3x3/Conv/BatchNorm/moving_variance, mixed_17x17x1280a/branch3x3/Conv_1/weights, mixed_17x17x1280a/branch3x3/Conv_1/BatchNorm/beta, mixed_17x17x1280a/branch3x3/Conv_1/BatchNorm/moving_mean, mixed_17x17x1280a/branch3x3/Conv_1/BatchNorm/moving_variance, mixed_17x17x1280a/branch7x7x3/Conv/weights, mixed_17x17x1280a/branch7x7x3/Conv/BatchNorm/beta, mixed_17x17x1280a/branch7x7x3/Conv/BatchNorm/moving_mean, mixed_17x17x1280a/branch7x7x3/Conv/BatchNorm/moving_variance, mixed_17x17x1280a/branch7x7x3/Conv_1/weights, mixed_17x17x1280a/branch7x7x3/Conv_1/BatchNorm/beta, mixed_17x17x1280a/branch7x7x3/Conv_1/BatchNorm/moving_mean, mixed_17x17x1280a/branch7x7x3/Conv_1/BatchNorm/moving_variance, mixed_17x17x1280a/branch7x7x3/Conv_2/weights, mixed_17x17x1280a/branch7x7x3/Conv_2/BatchNorm/beta, mixed_17x17x1280a/branch7x7x3/Conv_2/BatchNorm/moving_mean, mixed_17x17x1280a/branch7x7x3/Conv_2/BatchNorm/moving_variance, mixed_17x17x1280a/branch7x7x3/Conv_3/weights, mixed_17x17x1280a/branch7x7x3/Conv_3/BatchNorm/beta, mixed_17x17x1280a/branch7x7x3/Conv_3/BatchNorm/moving_mean, mixed_17x17x1280a/branch7x7x3/Conv_3/BatchNorm/moving_variance, mixed_8x8x2048a/branch1x1/Conv/weights, mixed_8x8x2048a/branch1x1/Conv/BatchNorm/beta, mixed_8x8x2048a/branch1x1/Conv/BatchNorm/moving_mean, mixed_8x8x2048a/branch1x1/Conv/BatchNorm/moving_variance, mixed_8x8x2048a/branch3x3/Conv/weights, mixed_8x8x2048a/branch3x3/Conv/BatchNorm/beta, mixed_8x8x2048a/branch3x3/Conv/BatchNorm/moving_mean, mixed_8x8x2048a/branch3x3/Conv/BatchNorm/moving_variance, mixed_8x8x2048a/branch3x3/Conv_1/weights, mixed_8x8x2048a/branch3x3/Conv_1/BatchNorm/beta, mixed_8x8x2048a/branch3x3/Conv_1/BatchNorm/moving_mean, mixed_8x8x2048a/branch3x3/Conv_1/BatchNorm/moving_variance, mixed_8x8x2048a/branch3x3/Conv_2/weights, mixed_8x8x2048a/branch3x3/Conv_2/BatchNorm/beta, mixed_8x8x2048a/branch3x3/Conv_2/BatchNorm/moving_mean, mixed_8x8x2048a/branch3x3/Conv_2/BatchNorm/moving_variance, mixed_8x8x2048a/branch3x3dbl/Conv/weights, mixed_8x8x2048a/branch3x3dbl/Conv/BatchNorm/beta, mixed_8x8x2048a/branch3x3dbl/Conv/BatchNorm/moving_mean, mixed_8x8x2048a/branch3x3dbl/Conv/BatchNorm/moving_variance, mixed_8x8x2048a/branch3x3dbl/Conv_1/weights, mixed_8x8x2048a/branch3x3dbl/Conv_1/BatchNorm/beta, mixed_8x8x2048a/branch3x3dbl/Conv_1/BatchNorm/moving_mean, mixed_8x8x2048a/branch3x3dbl/Conv_1/BatchNorm/moving_variance, mixed_8x8x2048a/branch3x3dbl/Conv_2/weights, mixed_8x8x2048a/branch3x3dbl/Conv_2/BatchNorm/beta, mixed_8x8x2048a/branch3x3dbl/Conv_2/BatchNorm/moving_mean, mixed_8x8x2048a/branch3x3dbl/Conv_2/BatchNorm/moving_variance, mixed_8x8x2048a/branch3x3dbl/Conv_3/weights, mixed_8x8x2048a/branch3x3dbl/Conv_3/BatchNorm/beta, mixed_8x8x2048a/branch3x3dbl/Conv_3/BatchNorm/moving_mean, mixed_8x8x2048a/branch3x3dbl/Conv_3/BatchNorm/moving_variance, mixed_8x8x2048a/branch_pool/Conv/weights, mixed_8x8x2048a/branch_pool/Conv/BatchNorm/beta, mixed_8x8x2048a/branch_pool/Conv/BatchNorm/moving_mean, mixed_8x8x2048a/branch_pool/Conv/BatchNorm/moving_variance, mixed_8x8x2048b/branch1x1/Conv/weights, mixed_8x8x2048b/branch1x1/Conv/BatchNorm/beta, mixed_8x8x2048b/branch1x1/Conv/BatchNorm/moving_mean, mixed_8x8x2048b/branch1x1/Conv/BatchNorm/moving_variance, mixed_8x8x2048b/branch3x3/Conv/weights, mixed_8x8x2048b/branch3x3/Conv/BatchNorm/beta, mixed_8x8x2048b/branch3x3/Conv/BatchNorm/moving_mean, mixed_8x8x2048b/branch3x3/Conv/BatchNorm/moving_variance, mixed_8x8x2048b/branch3x3/Conv_1/weights, mixed_8x8x2048b/branch3x3/Conv_1/BatchNorm/beta, mixed_8x8x2048b/branch3x3/Conv_1/BatchNorm/moving_mean, mixed_8x8x2048b/branch3x3/Conv_1/BatchNorm/moving_variance, mixed_8x8x2048b/branch3x3/Conv_2/weights, mixed_8x8x2048b/branch3x3/Conv_2/BatchNorm/beta, mixed_8x8x2048b/branch3x3/Conv_2/BatchNorm/moving_mean, mixed_8x8x2048b/branch3x3/Conv_2/BatchNorm/moving_variance, mixed_8x8x2048b/branch3x3dbl/Conv/weights, mixed_8x8x2048b/branch3x3dbl/Conv/BatchNorm/beta, mixed_8x8x2048b/branch3x3dbl/Conv/BatchNorm/moving_mean, mixed_8x8x2048b/branch3x3dbl/Conv/BatchNorm/moving_variance, mixed_8x8x2048b/branch3x3dbl/Conv_1/weights, mixed_8x8x2048b/branch3x3dbl/Conv_1/BatchNorm/beta, mixed_8x8x2048b/branch3x3dbl/Conv_1/BatchNorm/moving_mean, mixed_8x8x2048b/branch3x3dbl/Conv_1/BatchNorm/moving_variance, mixed_8x8x2048b/branch3x3dbl/Conv_2/weights, mixed_8x8x2048b/branch3x3dbl/Conv_2/BatchNorm/beta, mixed_8x8x2048b/branch3x3dbl/Conv_2/BatchNorm/moving_mean, mixed_8x8x2048b/branch3x3dbl/Conv_2/BatchNorm/moving_variance, mixed_8x8x2048b/branch3x3dbl/Conv_3/weights, mixed_8x8x2048b/branch3x3dbl/Conv_3/BatchNorm/beta, mixed_8x8x2048b/branch3x3dbl/Conv_3/BatchNorm/moving_mean, mixed_8x8x2048b/branch3x3dbl/Conv_3/BatchNorm/moving_variance, mixed_8x8x2048b/branch_pool/Conv/weights, mixed_8x8x2048b/branch_pool/Conv/BatchNorm/beta, mixed_8x8x2048b/branch_pool/Conv/BatchNorm/moving_mean, mixed_8x8x2048b/branch_pool/Conv/BatchNorm/moving_variance, logits/logits/weights, logits/logits/biases, conv0/weights/Momentum, conv0/BatchNorm/beta/Momentum, conv1/weights/Momentum, conv1/BatchNorm/beta/Momentum, conv2/weights/Momentum, conv2/BatchNorm/beta/Momentum, conv3/weights/Momentum, conv3/BatchNorm/beta/Momentum, conv4/weights/Momentum, conv4/BatchNorm/beta/Momentum, mixed_35x35x256a/branch1x1/Conv/weights/Momentum, mixed_35x35x256a/branch1x1/Conv/BatchNorm/beta/Momentum, mixed_35x35x256a/branch5x5/Conv/weights/Momentum, mixed_35x35x256a/branch5x5/Conv/BatchNorm/beta/Momentum, mixed_35x35x256a/branch5x5/Conv_1/weights/Momentum, mixed_35x35x256a/branch5x5/Conv_1/BatchNorm/beta/Momentum, mixed_35x35x256a/branch3x3dbl/Conv/weights/Momentum, mixed_35x35x256a/branch3x3dbl/Conv/BatchNorm/beta/Momentum, mixed_35x35x256a/branch3x3dbl/Conv_1/weights/Momentum, mixed_35x35x256a/branch3x3dbl/Conv_1/BatchNorm/beta/Momentum, mixed_35x35x256a/branch3x3dbl/Conv_2/weights/Momentum, mixed_35x35x256a/branch3x3dbl/Conv_2/BatchNorm/beta/Momentum, mixed_35x35x256a/branch_pool/Conv/weights/Momentum, mixed_35x35x256a/branch_pool/Conv/BatchNorm/beta/Momentum, mixed_35x35x288a/branch1x1/Conv/weights/Momentum, mixed_35x35x288a/branch1x1/Conv/BatchNorm/beta/Momentum, mixed_35x35x288a/branch5x5/Conv/weights/Momentum, mixed_35x35x288a/branch5x5/Conv/BatchNorm/beta/Momentum, mixed_35x35x288a/branch5x5/Conv_1/weights/Momentum, mixed_35x35x288a/branch5x5/Conv_1/BatchNorm/beta/Momentum, mixed_35x35x288a/branch3x3dbl/Conv/weights/Momentum, mixed_35x35x288a/branch3x3dbl/Conv/BatchNorm/beta/Momentum, mixed_35x35x288a/branch3x3dbl/Conv_1/weights/Momentum, mixed_35x35x288a/branch3x3dbl/Conv_1/BatchNorm/beta/Momentum, mixed_35x35x288a/branch3x3dbl/Conv_2/weights/Momentum, mixed_35x35x288a/branch3x3dbl/Conv_2/BatchNorm/beta/Momentum, mixed_35x35x288a/branch_pool/Conv/weights/Momentum, mixed_35x35x288a/branch_pool/Conv/BatchNorm/beta/Momentum, mixed_35x35x288b/branch1x1/Conv/weights/Momentum, mixed_35x35x288b/branch1x1/Conv/BatchNorm/beta/Momentum, mixed_35x35x288b/branch5x5/Conv/weights/Momentum, mixed_35x35x288b/branch5x5/Conv/BatchNorm/beta/Momentum, mixed_35x35x288b/branch5x5/Conv_1/weights/Momentum, mixed_35x35x288b/branch5x5/Conv_1/BatchNorm/beta/Momentum, mixed_35x35x288b/branch3x3dbl/Conv/weights/Momentum, mixed_35x35x288b/branch3x3dbl/Conv/BatchNorm/beta/Momentum, mixed_35x35x288b/branch3x3dbl/Conv_1/weights/Momentum, mixed_35x35x288b/branch3x3dbl/Conv_1/BatchNorm/beta/Momentum, mixed_35x35x288b/branch3x3dbl/Conv_2/weights/Momentum, mixed_35x35x288b/branch3x3dbl/Conv_2/BatchNorm/beta/Momentum, mixed_35x35x288b/branch_pool/Conv/weights/Momentum, mixed_35x35x288b/branch_pool/Conv/BatchNorm/beta/Momentum, mixed_17x17x768a/branch3x3/Conv/weights/Momentum, mixed_17x17x768a/branch3x3/Conv/BatchNorm/beta/Momentum, mixed_17x17x768a/branch3x3dbl/Conv/weights/Momentum, mixed_17x17x768a/branch3x3dbl/Conv/BatchNorm/beta/Momentum, mixed_17x17x768a/branch3x3dbl/Conv_1/weights/Momentum, mixed_17x17x768a/branch3x3dbl/Conv_1/BatchNorm/beta/Momentum, mixed_17x17x768a/branch3x3dbl/Conv_2/weights/Momentum, mixed_17x17x768a/branch3x3dbl/Conv_2/BatchNorm/beta/Momentum, mixed_17x17x768b/branch1x1/Conv/weights/Momentum, mixed_17x17x768b/branch1x1/Conv/BatchNorm/beta/Momentum, mixed_17x17x768b/branch7x7/Conv/weights/Momentum, mixed_17x17x768b/branch7x7/Conv/BatchNorm/beta/Momentum, mixed_17x17x768b/branch7x7/Conv_1/weights/Momentum, mixed_17x17x768b/branch7x7/Conv_1/BatchNorm/beta/Momentum, mixed_17x17x768b/branch7x7/Conv_2/weights/Momentum, mixed_17x17x768b/branch7x7/Conv_2/BatchNorm/beta/Momentum, mixed_17x17x768b/branch7x7dbl/Conv/weights/Momentum, mixed_17x17x768b/branch7x7dbl/Conv/BatchNorm/beta/Momentum, mixed_17x17x768b/branch7x7dbl/Conv_1/weights/Momentum, mixed_17x17x768b/branch7x7dbl/Conv_1/BatchNorm/beta/Momentum, mixed_17x17x768b/branch7x7dbl/Conv_2/weights/Momentum, mixed_17x17x768b/branch7x7dbl/Conv_2/BatchNorm/beta/Momentum, mixed_17x17x768b/branch7x7dbl/Conv_3/weights/Momentum, mixed_17x17x768b/branch7x7dbl/Conv_3/BatchNorm/beta/Momentum, mixed_17x17x768b/branch7x7dbl/Conv_4/weights/Momentum, mixed_17x17x768b/branch7x7dbl/Conv_4/BatchNorm/beta/Momentum, mixed_17x17x768b/branch_pool/Conv/weights/Momentum, mixed_17x17x768b/branch_pool/Conv/BatchNorm/beta/Momentum, mixed_17x17x768c/branch1x1/Conv/weights/Momentum, mixed_17x17x768c/branch1x1/Conv/BatchNorm/beta/Momentum, mixed_17x17x768c/branch7x7/Conv/weights/Momentum, mixed_17x17x768c/branch7x7/Conv/BatchNorm/beta/Momentum, mixed_17x17x768c/branch7x7/Conv_1/weights/Momentum, mixed_17x17x768c/branch7x7/Conv_1/BatchNorm/beta/Momentum, mixed_17x17x768c/branch7x7/Conv_2/weights/Momentum, mixed_17x17x768c/branch7x7/Conv_2/BatchNorm/beta/Momentum, mixed_17x17x768c/branch7x7dbl/Conv/weights/Momentum, mixed_17x17x768c/branch7x7dbl/Conv/BatchNorm/beta/Momentum, mixed_17x17x768c/branch7x7dbl/Conv_1/weights/Momentum, mixed_17x17x768c/branch7x7dbl/Conv_1/BatchNorm/beta/Momentum, mixed_17x17x768c/branch7x7dbl/Conv_2/weights/Momentum, mixed_17x17x768c/branch7x7dbl/Conv_2/BatchNorm/beta/Momentum, mixed_17x17x768c/branch7x7dbl/Conv_3/weights/Momentum, mixed_17x17x768c/branch7x7dbl/Conv_3/BatchNorm/beta/Momentum, mixed_17x17x768c/branch7x7dbl/Conv_4/weights/Momentum, mixed_17x17x768c/branch7x7dbl/Conv_4/BatchNorm/beta/Momentum, mixed_17x17x768c/branch_pool/Conv/weights/Momentum, mixed_17x17x768c/branch_pool/Conv/BatchNorm/beta/Momentum, mixed_17x17x768d/branch1x1/Conv/weights/Momentum, mixed_17x17x768d/branch1x1/Conv/BatchNorm/beta/Momentum, mixed_17x17x768d/branch7x7/Conv/weights/Momentum, mixed_17x17x768d/branch7x7/Conv/BatchNorm/beta/Momentum, mixed_17x17x768d/branch7x7/Conv_1/weights/Momentum, mixed_17x17x768d/branch7x7/Conv_1/BatchNorm/beta/Momentum, mixed_17x17x768d/branch7x7/Conv_2/weights/Momentum, mixed_17x17x768d/branch7x7/Conv_2/BatchNorm/beta/Momentum, mixed_17x17x768d/branch7x7dbl/Conv/weights/Momentum, mixed_17x17x768d/branch7x7dbl/Conv/BatchNorm/beta/Momentum, mixed_17x17x768d/branch7x7dbl/Conv_1/weights/Momentum, mixed_17x17x768d/branch7x7dbl/Conv_1/BatchNorm/beta/Momentum, mixed_17x17x768d/branch7x7dbl/Conv_2/weights/Momentum, mixed_17x17x768d/branch7x7dbl/Conv_2/BatchNorm/beta/Momentum, mixed_17x17x768d/branch7x7dbl/Conv_3/weights/Momentum, mixed_17x17x768d/branch7x7dbl/Conv_3/BatchNorm/beta/Momentum, mixed_17x17x768d/branch7x7dbl/Conv_4/weights/Momentum, mixed_17x17x768d/branch7x7dbl/Conv_4/BatchNorm/beta/Momentum, mixed_17x17x768d/branch_pool/Conv/weights/Momentum, mixed_17x17x768d/branch_pool/Conv/BatchNorm/beta/Momentum, mixed_17x17x768e/branch1x1/Conv/weights/Momentum, mixed_17x17x768e/branch1x1/Conv/BatchNorm/beta/Momentum, mixed_17x17x768e/branch7x7/Conv/weights/Momentum, mixed_17x17x768e/branch7x7/Conv/BatchNorm/beta/Momentum, mixed_17x17x768e/branch7x7/Conv_1/weights/Momentum, mixed_17x17x768e/branch7x7/Conv_1/BatchNorm/beta/Momentum, mixed_17x17x768e/branch7x7/Conv_2/weights/Momentum, mixed_17x17x768e/branch7x7/Conv_2/BatchNorm/beta/Momentum, mixed_17x17x768e/branch7x7dbl/Conv/weights/Momentum, mixed_17x17x768e/branch7x7dbl/Conv/BatchNorm/beta/Momentum, mixed_17x17x768e/branch7x7dbl/Conv_1/weights/Momentum, mixed_17x17x768e/branch7x7dbl/Conv_1/BatchNorm/beta/Momentum, mixed_17x17x768e/branch7x7dbl/Conv_2/weights/Momentum, mixed_17x17x768e/branch7x7dbl/Conv_2/BatchNorm/beta/Momentum, mixed_17x17x768e/branch7x7dbl/Conv_3/weights/Momentum, mixed_17x17x768e/branch7x7dbl/Conv_3/BatchNorm/beta/Momentum, mixed_17x17x768e/branch7x7dbl/Conv_4/weights/Momentum, mixed_17x17x768e/branch7x7dbl/Conv_4/BatchNorm/beta/Momentum, mixed_17x17x768e/branch_pool/Conv/weights/Momentum, mixed_17x17x768e/branch_pool/Conv/BatchNorm/beta/Momentum, aux_logits/proj/weights/Momentum, aux_logits/proj/BatchNorm/beta/Momentum, aux_logits/Conv/weights/Momentum, aux_logits/Conv/BatchNorm/beta/Momentum, aux_logits/FC/weights/Momentum, aux_logits/FC/biases/Momentum, mixed_17x17x1280a/branch3x3/Conv/weights/Momentum, mixed_17x17x1280a/branch3x3/Conv/BatchNorm/beta/Momentum, mixed_17x17x1280a/branch3x3/Conv_1/weights/Momentum, mixed_17x17x1280a/branch3x3/Conv_1/BatchNorm/beta/Momentum, mixed_17x17x1280a/branch7x7x3/Conv/weights/Momentum, mixed_17x17x1280a/branch7x7x3/Conv/BatchNorm/beta/Momentum, mixed_17x17x1280a/branch7x7x3/Conv_1/weights/Momentum, mixed_17x17x1280a/branch7x7x3/Conv_1/BatchNorm/beta/Momentum, mixed_17x17x1280a/branch7x7x3/Conv_2/weights/Momentum, mixed_17x17x1280a/branch7x7x3/Conv_2/BatchNorm/beta/Momentum, mixed_17x17x1280a/branch7x7x3/Conv_3/weights/Momentum, mixed_17x17x1280a/branch7x7x3/Conv_3/BatchNorm/beta/Momentum, mixed_8x8x2048a/branch1x1/Conv/weights/Momentum, mixed_8x8x2048a/branch1x1/Conv/BatchNorm/beta/Momentum, mixed_8x8x2048a/branch3x3/Conv/weights/Momentum, mixed_8x8x2048a/branch3x3/Conv/BatchNorm/beta/Momentum, mixed_8x8x2048a/branch3x3/Conv_1/weights/Momentum, mixed_8x8x2048a/branch3x3/Conv_1/BatchNorm/beta/Momentum, mixed_8x8x2048a/branch3x3/Conv_2/weights/Momentum, mixed_8x8x2048a/branch3x3/Conv_2/BatchNorm/beta/Momentum, mixed_8x8x2048a/branch3x3dbl/Conv/weights/Momentum, mixed_8x8x2048a/branch3x3dbl/Conv/BatchNorm/beta/Momentum, mixed_8x8x2048a/branch3x3dbl/Conv_1/weights/Momentum, mixed_8x8x2048a/branch3x3dbl/Conv_1/BatchNorm/beta/Momentum, mixed_8x8x2048a/branch3x3dbl/Conv_2/weights/Momentum, mixed_8x8x2048a/branch3x3dbl/Conv_2/BatchNorm/beta/Momentum, mixed_8x8x2048a/branch3x3dbl/Conv_3/weights/Momentum, mixed_8x8x2048a/branch3x3dbl/Conv_3/BatchNorm/beta/Momentum, mixed_8x8x2048a/branch_pool/Conv/weights/Momentum, mixed_8x8x2048a/branch_pool/Conv/BatchNorm/beta/Momentum, mixed_8x8x2048b/branch1x1/Conv/weights/Momentum, mixed_8x8x2048b/branch1x1/Conv/BatchNorm/beta/Momentum, mixed_8x8x2048b/branch3x3/Conv/weights/Momentum, mixed_8x8x2048b/branch3x3/Conv/BatchNorm/beta/Momentum, mixed_8x8x2048b/branch3x3/Conv_1/weights/Momentum, mixed_8x8x2048b/branch3x3/Conv_1/BatchNorm/beta/Momentum, mixed_8x8x2048b/branch3x3/Conv_2/weights/Momentum, mixed_8x8x2048b/branch3x3/Conv_2/BatchNorm/beta/Momentum, mixed_8x8x2048b/branch3x3dbl/Conv/weights/Momentum, mixed_8x8x2048b/branch3x3dbl/Conv/BatchNorm/beta/Momentum, mixed_8x8x2048b/branch3x3dbl/Conv_1/weights/Momentum, mixed_8x8x2048b/branch3x3dbl/Conv_1/BatchNorm/beta/Momentum, mixed_8x8x2048b/branch3x3dbl/Conv_2/weights/Momentum, mixed_8x8x2048b/branch3x3dbl/Conv_2/BatchNorm/beta/Momentum, mixed_8x8x2048b/branch3x3dbl/Conv_3/weights/Momentum, mixed_8x8x2048b/branch3x3dbl/Conv_3/BatchNorm/beta/Momentum, mixed_8x8x2048b/branch_pool/Conv/weights/Momentum, mixed_8x8x2048b/branch_pool/Conv/BatchNorm/beta/Momentum, logits/logits/weights/Momentum, logits/logits/biases/Momentum
INFO:tensorflow:got sessions! 2016-07-26 22:46:11.179725 
INFO:tensorflow:Started 3 queues for processing input data.
INFO:tensorflow:Step: 412, Loss: 5.616039, time: 11.842 sec/batch
INFO:tensorflow:Step: 419, Loss: 5.391450, time: 11.024 sec/batch
INFO:tensorflow:Step: 431, Loss: 5.217180, time: 10.551 sec/batch
INFO:tensorflow:Step: 442, Loss: 5.281920, time: 10.182 sec/batch
INFO:tensorflow:Step: 455, Loss: 4.960937, time: 10.077 sec/batch
INFO:tensorflow:Step: 468, Loss: 5.252684, time: 9.629 sec/batch
INFO:tensorflow:Step: 478, Loss: 5.057859, time: 9.645 sec/batch
INFO:tensorflow:Step: 490, Loss: 5.336853, time: 8.462 sec/batch
INFO:tensorflow:Step: 502, Loss: 5.446383, time: 9.697 sec/batch
INFO:tensorflow:Step: 514, Loss: 5.335117, time: 10.485 sec/batch
INFO:tensorflow:Step: 525, Loss: 5.056512, time: 10.026 sec/batch
INFO:tensorflow:Step: 538, Loss: 6.145252, time: 13.010 sec/batch
INFO:tensorflow:Step: 553, Loss: 5.342305, time: 7.724 sec/batch
INFO:tensorflow:Step: 561, Loss: 6.097440, time: 8.980 sec/batch
INFO:tensorflow:Step: 573, Loss: 5.376932, time: 9.693 sec/batch
INFO:tensorflow:Step: 585, Loss: 5.070144, time: 10.087 sec/batch
INFO:tensorflow:Step: 597, Loss: 4.883869, time: 9.950 sec/batch
INFO:tensorflow:Step: 611, Loss: 5.061965, time: 9.195 sec/batch
INFO:tensorflow:Step: 622, Loss: 5.735302, time: 9.364 sec/batch
INFO:tensorflow:Step: 635, Loss: 5.517859, time: 10.022 sec/batch
INFO:tensorflow:Step: 647, Loss: 5.716651, time: 9.995 sec/batch
INFO:tensorflow:Step: 659, Loss: 6.133930, time: 10.343 sec/batch
INFO:tensorflow:Step: 672, Loss: 5.267200, time: 10.014 sec/batch
INFO:tensorflow:Step: 683, Loss: 5.507584, time: 11.308 sec/batch
INFO:tensorflow:Step: 697, Loss: 4.890898, time: 11.772 sec/batch
INFO:tensorflow:Step: 708, Loss: 5.351812, time: 10.373 sec/batch
INFO:tensorflow:Step: 721, Loss: 5.235726, time: 10.160 sec/batch
INFO:tensorflow:Step: 735, Loss: 5.580667, time: 9.551 sec/batch
INFO:tensorflow:Step: 747, Loss: 5.225749, time: 10.158 sec/batch
INFO:tensorflow:Step: 760, Loss: 5.229514, time: 9.192 sec/batch
INFO:tensorflow:Step: 772, Loss: 5.741541, time: 9.137 sec/batch
INFO:tensorflow:Step: 784, Loss: 5.235870, time: 8.976 sec/batch
INFO:tensorflow:Step: 794, Loss: 6.140921, time: 11.675 sec/batch
INFO:tensorflow:Step: 809, Loss: 5.749463, time: 10.505 sec/batch
INFO:tensorflow:Step: 823, Loss: 5.360675, time: 10.383 sec/batch
INFO:tensorflow:Step: 836, Loss: 4.801733, time: 10.920 sec/batch
INFO:tensorflow:Step: 851, Loss: 5.355251, time: 10.362 sec/batch
INFO:tensorflow:Step: 863, Loss: 5.121226, time: 10.217 sec/batch
INFO:tensorflow:Step: 876, Loss: 5.931326, time: 8.878 sec/batch
INFO:tensorflow:Step: 890, Loss: 4.908230, time: 10.844 sec/batch
INFO:tensorflow:Step: 900, Loss: 5.442078, time: 10.565 sec/batch
INFO:tensorflow:Step: 915, Loss: 5.792937, time: 10.268 sec/batch
INFO:tensorflow:Step: 927, Loss: 5.500587, time: 9.710 sec/batch
INFO:tensorflow:Step: 940, Loss: 5.027885, time: 11.881 sec/batch
INFO:tensorflow:Step: 956, Loss: 5.105519, time: 9.795 sec/batch
INFO:tensorflow:Step: 967, Loss: 4.648344, time: 10.012 sec/batch
INFO:tensorflow:Step: 981, Loss: 5.385884, time: 11.258 sec/batch
INFO:tensorflow:Step: 995, Loss: 5.426056, time: 9.599 sec/batch
INFO:tensorflow:Step: 1007, Loss: 5.235351, time: 7.232 sec/batch
INFO:tensorflow:Step: 1016, Loss: 5.009361, time: 8.146 sec/batch
INFO:tensorflow:Step: 1028, Loss: 4.911242, time: 9.041 sec/batch
INFO:tensorflow:Step: 1040, Loss: 5.311892, time: 8.797 sec/batch
INFO:tensorflow:Step: 1052, Loss: 4.739755, time: 9.281 sec/batch
INFO:tensorflow:Step: 1063, Loss: 6.161890, time: 10.221 sec/batch
INFO:tensorflow:Step: 1076, Loss: 5.453711, time: 13.868 sec/batch
INFO:tensorflow:Step: 1091, Loss: 5.954510, time: 9.764 sec/batch
INFO:tensorflow:Step: 1103, Loss: 5.300199, time: 10.257 sec/batch
INFO:tensorflow:Step: 1116, Loss: 6.192355, time: 9.882 sec/batch
INFO:tensorflow:Step: 1128, Loss: 5.320885, time: 9.096 sec/batch
INFO:tensorflow:Step: 1141, Loss: 5.466093, time: 8.794 sec/batch
INFO:tensorflow:Step: 1151, Loss: 5.337486, time: 9.432 sec/batch
INFO:tensorflow:Step: 1164, Loss: 5.382896, time: 11.658 sec/batch
INFO:tensorflow:Step: 1178, Loss: 4.968728, time: 10.794 sec/batch
INFO:tensorflow:Step: 1192, Loss: 5.139507, time: 11.402 sec/batch
INFO:tensorflow:Step: 1207, Loss: 5.246823, time: 9.310 sec/batch
INFO:tensorflow:Step: 1219, Loss: 5.419195, time: 7.459 sec/batch
INFO:tensorflow:Step: 1228, Loss: 5.041018, time: 9.323 sec/batch
INFO:tensorflow:Step: 1241, Loss: 4.917960, time: 8.913 sec/batch
INFO:tensorflow:Step: 1253, Loss: 5.075500, time: 10.536 sec/batch
INFO:tensorflow:Step: 1265, Loss: 5.556026, time: 9.200 sec/batch
INFO:tensorflow:Step: 1277, Loss: 5.262865, time: 10.086 sec/batch
INFO:tensorflow:Step: 1291, Loss: 6.099844, time: 11.774 sec/batch
INFO:tensorflow:Step: 1306, Loss: 5.049499, time: 10.181 sec/batch
INFO:tensorflow:Step: 1319, Loss: 5.022700, time: 8.586 sec/batch
INFO:tensorflow:Step: 1331, Loss: 5.100296, time: 9.535 sec/batch
INFO:tensorflow:Step: 1343, Loss: 5.295439, time: 10.172 sec/batch
INFO:tensorflow:Step: 1356, Loss: 5.376165, time: 10.080 sec/batch
INFO:tensorflow:Step: 1368, Loss: 5.536890, time: 9.225 sec/batch
INFO:tensorflow:Step: 1381, Loss: 5.079969, time: 8.948 sec/batch
INFO:tensorflow:Step: 1392, Loss: 5.399870, time: 9.735 sec/batch
INFO:tensorflow:Step: 1405, Loss: 5.416189, time: 13.556 sec/batch
INFO:tensorflow:Step: 1422, Loss: 5.382241, time: 9.445 sec/batch
INFO:tensorflow:Step: 1432, Loss: 4.765748, time: 9.597 sec/batch
INFO:tensorflow:Step: 1444, Loss: 5.183149, time: 8.693 sec/batch
INFO:tensorflow:Step: 1456, Loss: 5.320599, time: 8.879 sec/batch
INFO:tensorflow:Step: 1468, Loss: 4.980901, time: 10.074 sec/batch
INFO:tensorflow:Step: 1482, Loss: 5.114388, time: 11.450 sec/batch
INFO:tensorflow:Step: 1495, Loss: 5.434473, time: 10.512 sec/batch
INFO:tensorflow:Step: 1509, Loss: 5.179446, time: 8.840 sec/batch
INFO:tensorflow:Step: 1521, Loss: 5.446836, time: 10.695 sec/batch
INFO:tensorflow:Step: 1534, Loss: 5.441201, time: 10.384 sec/batch
INFO:tensorflow:Step: 1548, Loss: 5.362391, time: 11.995 sec/batch
INFO:tensorflow:Step: 1562, Loss: 5.718051, time: 11.067 sec/batch
INFO:tensorflow:Step: 1577, Loss: 5.095000, time: 10.509 sec/batch
INFO:tensorflow:Step: 1589, Loss: 5.491951, time: 9.310 sec/batch
INFO:tensorflow:Step: 1602, Loss: 5.151081, time: 9.841 sec/batch
INFO:tensorflow:Step: 1614, Loss: 5.247542, time: 9.441 sec/batch
INFO:tensorflow:Step: 1628, Loss: 5.341578, time: 9.492 sec/batch
INFO:tensorflow:Step: 1639, Loss: 5.285087, time: 9.265 sec/batch
INFO:tensorflow:Step: 1651, Loss: 5.698590, time: 9.847 sec/batch
INFO:tensorflow:Step: 1664, Loss: 5.170206, time: 10.393 sec/batch
INFO:tensorflow:Step: 1677, Loss: 5.156709, time: 9.401 sec/batch
INFO:tensorflow:Step: 1689, Loss: 5.647698, time: 9.890 sec/batch
INFO:tensorflow:Step: 1704, Loss: 5.886963, time: 10.344 sec/batch
INFO:tensorflow:Step: 1716, Loss: 5.180656, time: 12.424 sec/batch
INFO:tensorflow:Step: 1731, Loss: 5.747807, time: 8.210 sec/batch
INFO:tensorflow:Step: 1742, Loss: 5.016008, time: 7.739 sec/batch
INFO:tensorflow:Step: 1752, Loss: 5.569041, time: 11.247 sec/batch
INFO:tensorflow:Step: 1767, Loss: 5.247143, time: 11.066 sec/batch
INFO:tensorflow:Step: 1780, Loss: 5.713789, time: 10.837 sec/batch
INFO:tensorflow:Step: 1793, Loss: 5.210521, time: 11.614 sec/batch
INFO:tensorflow:Step: 1809, Loss: 5.288285, time: 10.569 sec/batch
INFO:tensorflow:Step: 1819, Loss: 5.344779, time: 9.873 sec/batch
INFO:tensorflow:Step: 1832, Loss: 4.978898, time: 8.961 sec/batch
INFO:tensorflow:Step: 1844, Loss: 5.040985, time: 8.305 sec/batch
INFO:tensorflow:Step: 1856, Loss: 4.881483, time: 11.961 sec/batch
INFO:tensorflow:Step: 1871, Loss: 5.441249, time: 9.023 sec/batch
INFO:tensorflow:Step: 1882, Loss: 5.448575, time: 10.041 sec/batch
INFO:tensorflow:Step: 1894, Loss: 4.975585, time: 8.713 sec/batch
INFO:tensorflow:Step: 1908, Loss: 5.130587, time: 9.608 sec/batch
INFO:tensorflow:Step: 1918, Loss: 5.486389, time: 8.119 sec/batch
INFO:tensorflow:Step: 1930, Loss: 5.277071, time: 9.701 sec/batch
INFO:tensorflow:Step: 1942, Loss: 5.169927, time: 7.453 sec/batch
INFO:tensorflow:Step: 1952, Loss: 5.270232, time: 9.675 sec/batch
INFO:tensorflow:Step: 1965, Loss: 5.407456, time: 8.140 sec/batch
INFO:tensorflow:Step: 1976, Loss: 5.348436, time: 10.663 sec/batch
INFO:tensorflow:Step: 1989, Loss: 5.118574, time: 9.651 sec/batch
INFO:tensorflow:Step: 2002, Loss: 5.409864, time: 8.231 sec/batch
INFO:tensorflow:Step: 2013, Loss: 5.130020, time: 9.380 sec/batch
INFO:tensorflow:Step: 2025, Loss: 4.895813, time: 11.108 sec/batch
INFO:tensorflow:Step: 2040, Loss: 5.235424, time: 9.094 sec/batch
INFO:tensorflow:Step: 2051, Loss: 4.960764, time: 9.444 sec/batch
INFO:tensorflow:Step: 2064, Loss: 5.153718, time: 9.443 sec/batch
INFO:tensorflow:Step: 2076, Loss: 5.787217, time: 8.875 sec/batch
INFO:tensorflow:Step: 2088, Loss: 5.564587, time: 9.970 sec/batch
INFO:tensorflow:Step: 2101, Loss: 5.468802, time: 9.084 sec/batch
INFO:tensorflow:Step: 2114, Loss: 5.514359, time: 11.258 sec/batch
INFO:tensorflow:Step: 2127, Loss: 4.963644, time: 7.909 sec/batch
INFO:tensorflow:Step: 2138, Loss: 4.706706, time: 9.186 sec/batch
INFO:tensorflow:Step: 2150, Loss: 5.397103, time: 11.080 sec/batch
INFO:tensorflow:Step: 2163, Loss: 5.482749, time: 8.769 sec/batch
INFO:tensorflow:Step: 2175, Loss: 5.099696, time: 9.592 sec/batch
INFO:tensorflow:Step: 2188, Loss: 5.829257, time: 9.126 sec/batch
INFO:tensorflow:Step: 2199, Loss: 5.117114, time: 9.926 sec/batch
INFO:tensorflow:Step: 2213, Loss: 5.194635, time: 9.331 sec/batch
INFO:tensorflow:Step: 2225, Loss: 5.569449, time: 8.732 sec/batch
INFO:tensorflow:Step: 2236, Loss: 5.647932, time: 9.461 sec/batch
INFO:tensorflow:Step: 2247, Loss: 5.164081, time: 8.916 sec/batch
INFO:tensorflow:Step: 2259, Loss: 5.264826, time: 9.436 sec/batch
INFO:tensorflow:Step: 2273, Loss: 4.824953, time: 10.195 sec/batch
INFO:tensorflow:Step: 2286, Loss: 5.608201, time: 12.566 sec/batch
INFO:tensorflow:Step: 2301, Loss: 5.364697, time: 12.480 sec/batch
INFO:tensorflow:Step: 2318, Loss: 5.378951, time: 11.107 sec/batch
INFO:tensorflow:Step: 2331, Loss: 4.837095, time: 10.908 sec/batch
INFO:tensorflow:Step: 2344, Loss: 5.137388, time: 9.681 sec/batch
INFO:tensorflow:Step: 2356, Loss: 5.252881, time: 9.881 sec/batch
INFO:tensorflow:Step: 2369, Loss: 5.008209, time: 9.225 sec/batch
INFO:tensorflow:Step: 2382, Loss: 5.280904, time: 11.332 sec/batch
INFO:tensorflow:Step: 2397, Loss: 4.717338, time: 10.218 sec/batch
INFO:tensorflow:Step: 2410, Loss: 5.087531, time: 10.819 sec/batch
INFO:tensorflow:Step: 2424, Loss: 5.289221, time: 8.435 sec/batch
INFO:tensorflow:Step: 2436, Loss: 5.561666, time: 8.870 sec/batch
INFO:tensorflow:Step: 2447, Loss: 5.296328, time: 8.696 sec/batch
INFO:tensorflow:Step: 2459, Loss: 5.354487, time: 10.575 sec/batch
INFO:tensorflow:Step: 2472, Loss: 5.458611, time: 8.534 sec/batch
INFO:tensorflow:Step: 2483, Loss: 4.786330, time: 9.743 sec/batch
INFO:tensorflow:Step: 2499, Loss: 5.305899, time: 11.608 sec/batch
INFO:tensorflow:Step: 2511, Loss: 5.106797, time: 11.187 sec/batch
INFO:tensorflow:Step: 2526, Loss: 4.939099, time: 10.777 sec/batch
INFO:tensorflow:Step: 2541, Loss: 5.290111, time: 12.784 sec/batch
INFO:tensorflow:Step: 2557, Loss: 5.216681, time: 9.264 sec/batch
INFO:tensorflow:Step: 2569, Loss: 5.241086, time: 9.664 sec/batch
INFO:tensorflow:Step: 2581, Loss: 5.401563, time: 10.684 sec/batch
INFO:tensorflow:Step: 2596, Loss: 5.061914, time: 10.447 sec/batch
INFO:tensorflow:Step: 2609, Loss: 5.398627, time: 7.947 sec/batch
INFO:tensorflow:Step: 2620, Loss: 5.395918, time: 8.025 sec/batch
INFO:tensorflow:Step: 2631, Loss: 4.994466, time: 9.401 sec/batch
INFO:tensorflow:Step: 2643, Loss: 5.158325, time: 7.682 sec/batch
INFO:tensorflow:Step: 2653, Loss: 5.434671, time: 11.048 sec/batch
INFO:tensorflow:Step: 2667, Loss: 5.195169, time: 10.423 sec/batch
INFO:tensorflow:Step: 2678, Loss: 4.920783, time: 10.612 sec/batch
INFO:tensorflow:Step: 2694, Loss: 5.780939, time: 12.806 sec/batch
INFO:tensorflow:Step: 2711, Loss: 4.739424, time: 10.729 sec/batch
INFO:tensorflow:Step: 2722, Loss: 5.158135, time: 9.752 sec/batch
INFO:tensorflow:Step: 2736, Loss: 5.139160, time: 11.523 sec/batch
INFO:tensorflow:Step: 2750, Loss: 5.471342, time: 9.720 sec/batch
INFO:tensorflow:Step: 2764, Loss: 5.580114, time: 9.770 sec/batch
INFO:tensorflow:Step: 2778, Loss: 4.868415, time: 9.174 sec/batch
INFO:tensorflow:Step: 2790, Loss: 4.855643, time: 10.405 sec/batch
INFO:tensorflow:Step: 2803, Loss: 4.846189, time: 8.483 sec/batch
INFO:tensorflow:Step: 2813, Loss: 5.012590, time: 9.183 sec/batch
INFO:tensorflow:Step: 2827, Loss: 5.186626, time: 9.845 sec/batch
INFO:tensorflow:Step: 2840, Loss: 5.185430, time: 9.770 sec/batch
INFO:tensorflow:Step: 2852, Loss: 5.766643, time: 11.654 sec/batch
INFO:tensorflow:Step: 2867, Loss: 5.023727, time: 9.574 sec/batch
INFO:tensorflow:Step: 2881, Loss: 5.085845, time: 11.354 sec/batch
INFO:tensorflow:Step: 2895, Loss: 4.946784, time: 7.762 sec/batch
INFO:tensorflow:Step: 2906, Loss: 5.101438, time: 7.579 sec/batch
INFO:tensorflow:Step: 2916, Loss: 5.986177, time: 8.876 sec/batch
INFO:tensorflow:Step: 2927, Loss: 5.263864, time: 10.863 sec/batch
INFO:tensorflow:Step: 2942, Loss: 5.307823, time: 9.274 sec/batch
INFO:tensorflow:Step: 2954, Loss: 5.617475, time: 9.350 sec/batch
INFO:tensorflow:Step: 2966, Loss: 5.197752, time: 8.625 sec/batch
INFO:tensorflow:Step: 2979, Loss: 5.264443, time: 10.366 sec/batch
INFO:tensorflow:Step: 2991, Loss: 5.468355, time: 8.179 sec/batch
INFO:tensorflow:Step: 3003, Loss: 5.266994, time: 10.502 sec/batch
INFO:tensorflow:Step: 3016, Loss: 5.276818, time: 9.954 sec/batch
INFO:tensorflow:Step: 3030, Loss: 5.254000, time: 8.720 sec/batch
INFO:tensorflow:Step: 3041, Loss: 4.934301, time: 8.895 sec/batch
INFO:tensorflow:Step: 3054, Loss: 4.881303, time: 8.173 sec/batch
INFO:tensorflow:Step: 3064, Loss: 5.157941, time: 11.181 sec/batch
INFO:tensorflow:Step: 3079, Loss: 5.177702, time: 10.010 sec/batch
INFO:tensorflow:Step: 3091, Loss: 5.098970, time: 10.582 sec/batch
INFO:tensorflow:Step: 3105, Loss: 5.355145, time: 13.833 sec/batch
INFO:tensorflow:Step: 3122, Loss: 5.534255, time: 10.977 sec/batch
INFO:tensorflow:Step: 3136, Loss: 5.608363, time: 9.779 sec/batch
INFO:tensorflow:Step: 3148, Loss: 5.419812, time: 9.893 sec/batch
INFO:tensorflow:Step: 3160, Loss: 5.017315, time: 9.109 sec/batch
INFO:tensorflow:Step: 3173, Loss: 5.358756, time: 8.231 sec/batch
INFO:tensorflow:Step: 3184, Loss: 5.025347, time: 9.710 sec/batch
INFO:tensorflow:Step: 3197, Loss: 4.922379, time: 8.097 sec/batch
INFO:tensorflow:Step: 3208, Loss: 5.268862, time: 8.736 sec/batch
INFO:tensorflow:Step: 3219, Loss: 5.405976, time: 9.870 sec/batch
INFO:tensorflow:Step: 3231, Loss: 4.814132, time: 8.390 sec/batch
INFO:tensorflow:Step: 3243, Loss: 5.212947, time: 8.861 sec/batch
INFO:tensorflow:Step: 3255, Loss: 5.048232, time: 8.392 sec/batch
INFO:tensorflow:Step: 3268, Loss: 5.150799, time: 10.326 sec/batch
INFO:tensorflow:Step: 3280, Loss: 4.899500, time: 9.893 sec/batch
INFO:tensorflow:Step: 3293, Loss: 5.320297, time: 10.405 sec/batch
INFO:tensorflow:Step: 3306, Loss: 4.892206, time: 10.716 sec/batch
INFO:tensorflow:Step: 3320, Loss: 5.520850, time: 9.908 sec/batch
INFO:tensorflow:Step: 3331, Loss: 4.864106, time: 11.171 sec/batch
INFO:tensorflow:Step: 3347, Loss: 5.416730, time: 11.813 sec/batch
INFO:tensorflow:Step: 3362, Loss: 5.240593, time: 11.514 sec/batch
INFO:tensorflow:Step: 3376, Loss: 5.269172, time: 11.330 sec/batch
INFO:tensorflow:Step: 3390, Loss: 5.055638, time: 8.980 sec/batch
INFO:tensorflow:Step: 3402, Loss: 5.071804, time: 8.098 sec/batch
INFO:tensorflow:Step: 3414, Loss: 5.160367, time: 8.129 sec/batch
INFO:tensorflow:Step: 3424, Loss: 5.052847, time: 9.442 sec/batch
INFO:tensorflow:Step: 3436, Loss: 5.457544, time: 9.771 sec/batch
INFO:tensorflow:Step: 3447, Loss: 4.987395, time: 9.722 sec/batch
INFO:tensorflow:Step: 3462, Loss: 5.567043, time: 8.714 sec/batch
INFO:tensorflow:Step: 3470, Loss: 5.306078, time: 8.001 sec/batch
INFO:tensorflow:Step: 3482, Loss: 4.893964, time: 11.247 sec/batch
INFO:tensorflow:Step: 3494, Loss: 5.253182, time: 9.721 sec/batch
INFO:tensorflow:Step: 3508, Loss: 5.247566, time: 10.727 sec/batch
INFO:tensorflow:Step: 3522, Loss: 5.250606, time: 8.301 sec/batch
INFO:tensorflow:Step: 3532, Loss: 5.196636, time: 7.523 sec/batch
INFO:tensorflow:Step: 3544, Loss: 5.271182, time: 9.555 sec/batch
INFO:tensorflow:Step: 3554, Loss: 4.723873, time: 7.523 sec/batch
INFO:tensorflow:Step: 3566, Loss: 5.184508, time: 9.456 sec/batch
INFO:tensorflow:Step: 3578, Loss: 4.936291, time: 8.859 sec/batch
INFO:tensorflow:Step: 3590, Loss: 4.845984, time: 9.575 sec/batch
INFO:tensorflow:Step: 3602, Loss: 5.150288, time: 8.177 sec/batch
INFO:tensorflow:Step: 3614, Loss: 4.862119, time: 7.994 sec/batch
INFO:tensorflow:Step: 3625, Loss: 4.835580, time: 8.132 sec/batch
INFO:tensorflow:Step: 3637, Loss: 5.006941, time: 9.252 sec/batch
INFO:tensorflow:Step: 3649, Loss: 5.191603, time: 9.513 sec/batch
INFO:tensorflow:Step: 3661, Loss: 4.939617, time: 8.399 sec/batch
INFO:tensorflow:Step: 3673, Loss: 5.505556, time: 8.004 sec/batch
INFO:tensorflow:Step: 3684, Loss: 5.581357, time: 11.051 sec/batch
INFO:tensorflow:Step: 3699, Loss: 5.255353, time: 9.745 sec/batch
INFO:tensorflow:Step: 3712, Loss: 5.099563, time: 10.762 sec/batch
INFO:tensorflow:Step: 3727, Loss: 5.387143, time: 10.006 sec/batch
INFO:tensorflow:Step: 3740, Loss: 5.169674, time: 8.371 sec/batch
INFO:tensorflow:Step: 3751, Loss: 4.960552, time: 8.171 sec/batch
INFO:tensorflow:Step: 3763, Loss: 5.079577, time: 7.480 sec/batch
INFO:tensorflow:Step: 3774, Loss: 5.233259, time: 8.137 sec/batch
INFO:tensorflow:Step: 3785, Loss: 4.919840, time: 8.369 sec/batch
run-expr-32node.sh: line 23:  3665 Terminated              CUDA_VISIBLE_DEVICES='' bazel-bin/inception/imagenet_distributed_train --batch_size=16 --data_dir=/lfs/local/0/daniter/16node-data-$2 --job_name='worker' --task_id=$2 --ps_hosts='raiders1:2200' --worker_hosts='raiders1:2201,raiders1:2202,raiders1:2203,raiders1:2204,raiders2:2205,raiders2:2206,raiders2:2207,raiders2:2208,raiders3:2209,raiders3:2210,raiders3:2211,raiders3:2212,raiders8:2213,raiders8:2214,raiders8:2215,raiders8:2216' --initial_learning_rate=$3 --momentum=$4 --sync=True --compute_groups=$5
