I tensorflow/stream_executor/dso_loader.cc:108] successfully opened CUDA library libcublas.so locally
I tensorflow/stream_executor/dso_loader.cc:108] successfully opened CUDA library libcudnn.so locally
I tensorflow/stream_executor/dso_loader.cc:108] successfully opened CUDA library libcufft.so locally
I tensorflow/stream_executor/dso_loader.cc:108] successfully opened CUDA library libcuda.so locally
I tensorflow/stream_executor/dso_loader.cc:108] successfully opened CUDA library libcurand.so locally
INFO:tensorflow:PS hosts are: ['raiders1:2228']
INFO:tensorflow:Worker hosts are: ['raiders1:2200', 'raiders1:2201', 'raiders3:2209', 'raiders3:2210']
I tensorflow/core/common_runtime/gpu/gpu_init.cc:102] Found device 0 with properties: 
name: GeForce GTX TITAN X
major: 5 minor: 2 memoryClockRate (GHz) 1.076
pciBusID 0000:43:00.0
Total memory: 11.92GiB
Free memory: 11.81GiB
I tensorflow/core/common_runtime/gpu/gpu_init.cc:126] DMA: 0 
I tensorflow/core/common_runtime/gpu/gpu_init.cc:136] 0:   Y 
I tensorflow/core/common_runtime/gpu/gpu_device.cc:806] Creating TensorFlow device (/gpu:0) -> (device: 0, name: GeForce GTX TITAN X, pci bus id: 0000:43:00.0)
I tensorflow/core/distributed_runtime/rpc/grpc_channel.cc:206] Initialize HostPortsGrpcChannelCache for job ps -> {raiders1:2228}
I tensorflow/core/distributed_runtime/rpc/grpc_channel.cc:206] Initialize HostPortsGrpcChannelCache for job worker -> {raiders1:2200, localhost:2201, raiders3:2209, raiders3:2210}
I tensorflow/core/distributed_runtime/rpc/grpc_server_lib.cc:202] Started server with target: grpc://localhost:2201
INFO:tensorflow:Learning rate: 0.002500, momentum: 0.450000
INFO:tensorflow:Sync mode!!!!!!
INFO:tensorflow:Compute groups : 4
INFO:tensorflow:SyncReplicas enabled: replicas_to_aggregate=4; total_num_replicas=4
INFO:tensorflow:Num nodes per compute groups: 1
INFO:tensorflow:Tokens per step: 1
INFO:tensorflow:2016-07-20 03:38:53.578635 Supervisor
INFO:tensorflow:got sessions!
INFO:tensorflow:Started 3 queues for processing input data.
I tensorflow/core/common_runtime/gpu/pool_allocator.cc:244] PoolAllocator: After 3576 get requests, put_count=2565 evicted_count=1000 eviction_rate=0.389864 and unsatisfied allocation rate=0.590324
I tensorflow/core/common_runtime/gpu/pool_allocator.cc:256] Raising pool_size_limit_ from 100 to 110
INFO:tensorflow:Step: 399, Loss: 5.228936, time: 6.112 sec/batch
INFO:tensorflow:Step: 400, Loss: 5.255636, time: 1.308 sec/batch
INFO:tensorflow:Step: 401, Loss: 5.566926, time: 1.304 sec/batch
INFO:tensorflow:Step: 402, Loss: 5.244358, time: 1.379 sec/batch
INFO:tensorflow:Step: 403, Loss: 5.106707, time: 1.481 sec/batch
I tensorflow/core/common_runtime/gpu/pool_allocator.cc:244] PoolAllocator: After 0 get requests, put_count=1016 evicted_count=1000 eviction_rate=0.984252 and unsatisfied allocation rate=0
INFO:tensorflow:Step: 405, Loss: 5.301002, time: 1.319 sec/batch
INFO:tensorflow:Step: 408, Loss: 5.432436, time: 1.459 sec/batch
INFO:tensorflow:Step: 411, Loss: 5.300741, time: 1.529 sec/batch
INFO:tensorflow:Step: 414, Loss: 5.305027, time: 1.456 sec/batch
INFO:tensorflow:Step: 416, Loss: 5.276161, time: 1.783 sec/batch
I tensorflow/core/common_runtime/gpu/pool_allocator.cc:244] PoolAllocator: After 0 get requests, put_count=1025 evicted_count=1000 eviction_rate=0.97561 and unsatisfied allocation rate=0
INFO:tensorflow:Step: 419, Loss: 5.331146, time: 1.675 sec/batch
INFO:tensorflow:Step: 422, Loss: 5.104106, time: 1.314 sec/batch
INFO:tensorflow:Step: 425, Loss: 5.261935, time: 1.622 sec/batch
INFO:tensorflow:Step: 427, Loss: 5.226239, time: 1.398 sec/batch
INFO:tensorflow:Step: 430, Loss: 5.608593, time: 1.436 sec/batch
INFO:tensorflow:Step: 433, Loss: 5.436201, time: 1.277 sec/batch
I tensorflow/core/common_runtime/gpu/pool_allocator.cc:244] PoolAllocator: After 0 get requests, put_count=1044 evicted_count=1000 eviction_rate=0.957854 and unsatisfied allocation rate=0
INFO:tensorflow:Step: 436, Loss: 5.156935, time: 1.542 sec/batch
INFO:tensorflow:Step: 438, Loss: 5.425774, time: 1.363 sec/batch
INFO:tensorflow:Step: 441, Loss: 5.268140, time: 1.302 sec/batch
INFO:tensorflow:Step: 444, Loss: 5.193426, time: 1.469 sec/batch
INFO:tensorflow:Step: 446, Loss: 5.246434, time: 1.511 sec/batch
INFO:tensorflow:Step: 449, Loss: 5.217170, time: 1.833 sec/batch
INFO:tensorflow:Step: 452, Loss: 5.198060, time: 1.386 sec/batch
I tensorflow/core/common_runtime/gpu/pool_allocator.cc:244] PoolAllocator: After 3576 get requests, put_count=4412 evicted_count=2000 eviction_rate=0.453309 and unsatisfied allocation rate=0.347595
I tensorflow/core/common_runtime/gpu/pool_allocator.cc:256] Raising pool_size_limit_ from 871 to 958
INFO:tensorflow:Step: 454, Loss: 5.125939, time: 1.394 sec/batch
INFO:tensorflow:Step: 457, Loss: 5.228157, time: 1.514 sec/batch
INFO:tensorflow:Step: 460, Loss: 5.351542, time: 1.270 sec/batch
INFO:tensorflow:Step: 464, Loss: 5.403481, time: 1.423 sec/batch
INFO:tensorflow:Step: 468, Loss: 5.160658, time: 1.412 sec/batch
INFO:tensorflow:Step: 472, Loss: 5.104828, time: 1.376 sec/batch
INFO:tensorflow:Step: 475, Loss: 5.280358, time: 1.598 sec/batch
INFO:tensorflow:Step: 478, Loss: 5.097283, time: 1.766 sec/batch
INFO:tensorflow:Step: 483, Loss: 5.166699, time: 1.622 sec/batch
INFO:tensorflow:Step: 487, Loss: 5.321126, time: 1.539 sec/batch
INFO:tensorflow:Step: 491, Loss: 5.228298, time: 1.459 sec/batch
INFO:tensorflow:Step: 495, Loss: 5.315337, time: 1.530 sec/batch
INFO:tensorflow:Step: 498, Loss: 5.126085, time: 1.348 sec/batch
INFO:tensorflow:Step: 502, Loss: 5.219286, time: 1.382 sec/batch
INFO:tensorflow:Step: 505, Loss: 5.075714, time: 1.923 sec/batch
INFO:tensorflow:Step: 511, Loss: 5.448007, time: 1.709 sec/batch
INFO:tensorflow:Step: 513, Loss: 5.193384, time: 2.022 sec/batch
INFO:tensorflow:Step: 518, Loss: 5.420803, time: 1.659 sec/batch
INFO:tensorflow:Step: 522, Loss: 5.240825, time: 1.304 sec/batch
INFO:tensorflow:Step: 525, Loss: 5.182181, time: 1.546 sec/batch
INFO:tensorflow:Step: 530, Loss: 5.292884, time: 1.644 sec/batch
INFO:tensorflow:Step: 533, Loss: 5.242100, time: 1.785 sec/batch
INFO:tensorflow:Step: 537, Loss: 5.263482, time: 1.338 sec/batch
INFO:tensorflow:Step: 540, Loss: 5.254702, time: 1.639 sec/batch
INFO:tensorflow:Step: 544, Loss: 5.103924, time: 1.352 sec/batch
INFO:tensorflow:Step: 548, Loss: 5.360009, time: 1.395 sec/batch
INFO:tensorflow:Step: 552, Loss: 5.278329, time: 1.439 sec/batch
INFO:tensorflow:Step: 556, Loss: 5.435582, time: 1.433 sec/batch
INFO:tensorflow:Step: 559, Loss: 5.143789, time: 1.831 sec/batch
INFO:tensorflow:Step: 566, Loss: 5.239030, time: 2.133 sec/batch
INFO:tensorflow:Step: 568, Loss: 5.171431, time: 1.380 sec/batch
INFO:tensorflow:Step: 572, Loss: 5.096514, time: 1.463 sec/batch
INFO:tensorflow:Step: 576, Loss: 5.099284, time: 1.352 sec/batch
INFO:tensorflow:Step: 580, Loss: 5.497801, time: 1.468 sec/batch
INFO:tensorflow:Step: 583, Loss: 5.216517, time: 1.296 sec/batch
INFO:tensorflow:Step: 588, Loss: 5.012494, time: 1.412 sec/batch
INFO:tensorflow:Step: 592, Loss: 5.183063, time: 1.340 sec/batch
INFO:tensorflow:Step: 596, Loss: 5.338607, time: 1.397 sec/batch
INFO:tensorflow:Step: 600, Loss: 5.173996, time: 1.345 sec/batch
INFO:tensorflow:Step: 604, Loss: 5.203186, time: 1.306 sec/batch
INFO:tensorflow:Step: 608, Loss: 5.318441, time: 1.292 sec/batch
INFO:tensorflow:Step: 612, Loss: 5.345133, time: 1.295 sec/batch
INFO:tensorflow:Step: 616, Loss: 5.324120, time: 1.346 sec/batch
INFO:tensorflow:Step: 619, Loss: 5.441569, time: 1.392 sec/batch
INFO:tensorflow:Step: 623, Loss: 5.159286, time: 1.317 sec/batch
INFO:tensorflow:Step: 627, Loss: 5.179095, time: 1.340 sec/batch
INFO:tensorflow:Step: 631, Loss: 5.175131, time: 1.311 sec/batch
INFO:tensorflow:Step: 635, Loss: 5.353513, time: 1.345 sec/batch
INFO:tensorflow:Step: 639, Loss: 5.147676, time: 1.311 sec/batch
INFO:tensorflow:Step: 643, Loss: 5.073555, time: 1.426 sec/batch
INFO:tensorflow:Step: 647, Loss: 5.082060, time: 1.297 sec/batch
INFO:tensorflow:Step: 651, Loss: 5.082041, time: 1.515 sec/batch
INFO:tensorflow:Step: 654, Loss: 5.164283, time: 1.339 sec/batch
INFO:tensorflow:Step: 658, Loss: 5.029950, time: 1.294 sec/batch
INFO:tensorflow:Step: 662, Loss: 5.213120, time: 1.343 sec/batch
INFO:tensorflow:Step: 666, Loss: 5.185590, time: 1.397 sec/batch
INFO:tensorflow:Step: 670, Loss: 5.215182, time: 1.519 sec/batch
INFO:tensorflow:Step: 673, Loss: 5.135391, time: 1.298 sec/batch
INFO:tensorflow:Step: 677, Loss: 5.255471, time: 1.495 sec/batch
INFO:tensorflow:Step: 681, Loss: 5.167386, time: 1.230 sec/batch
INFO:tensorflow:Step: 685, Loss: 5.144292, time: 1.274 sec/batch
INFO:tensorflow:Step: 689, Loss: 5.017598, time: 1.393 sec/batch
INFO:tensorflow:Step: 693, Loss: 5.056978, time: 1.393 sec/batch
INFO:tensorflow:Step: 697, Loss: 5.299859, time: 1.341 sec/batch
INFO:tensorflow:Step: 701, Loss: 5.159762, time: 1.262 sec/batch
INFO:tensorflow:Step: 705, Loss: 4.980732, time: 1.441 sec/batch
INFO:tensorflow:Step: 707, Loss: 5.440814, time: 1.351 sec/batch
INFO:tensorflow:Step: 711, Loss: 5.240373, time: 1.347 sec/batch
INFO:tensorflow:Step: 715, Loss: 5.057043, time: 1.253 sec/batch
INFO:tensorflow:Step: 719, Loss: 5.335966, time: 1.686 sec/batch
INFO:tensorflow:Step: 723, Loss: 5.203574, time: 1.303 sec/batch
INFO:tensorflow:Step: 727, Loss: 5.142130, time: 1.355 sec/batch
INFO:tensorflow:Step: 731, Loss: 5.262567, time: 1.347 sec/batch
INFO:tensorflow:Step: 735, Loss: 5.042392, time: 1.359 sec/batch
INFO:tensorflow:Step: 739, Loss: 5.186415, time: 1.403 sec/batch
INFO:tensorflow:Step: 743, Loss: 5.146041, time: 1.264 sec/batch
INFO:tensorflow:Step: 747, Loss: 5.220851, time: 1.282 sec/batch
INFO:tensorflow:Step: 750, Loss: 5.237239, time: 1.352 sec/batch
INFO:tensorflow:Step: 754, Loss: 5.236780, time: 1.326 sec/batch
INFO:tensorflow:Step: 758, Loss: 4.991187, time: 1.406 sec/batch
INFO:tensorflow:Step: 762, Loss: 5.113723, time: 1.338 sec/batch
INFO:tensorflow:Step: 766, Loss: 4.999156, time: 1.472 sec/batch
INFO:tensorflow:Step: 770, Loss: 5.220960, time: 1.347 sec/batch
INFO:tensorflow:Step: 773, Loss: 5.068075, time: 1.337 sec/batch
INFO:tensorflow:Step: 777, Loss: 5.227251, time: 1.288 sec/batch
INFO:tensorflow:Step: 781, Loss: 4.907304, time: 1.273 sec/batch
INFO:tensorflow:Step: 785, Loss: 5.263617, time: 1.396 sec/batch
INFO:tensorflow:Step: 789, Loss: 5.206318, time: 1.321 sec/batch
INFO:tensorflow:Step: 792, Loss: 5.239166, time: 1.407 sec/batch
INFO:tensorflow:Step: 796, Loss: 5.378517, time: 1.392 sec/batch
INFO:tensorflow:Step: 800, Loss: 5.326961, time: 1.305 sec/batch
INFO:tensorflow:Step: 804, Loss: 5.368241, time: 1.549 sec/batch
INFO:tensorflow:Step: 808, Loss: 5.223869, time: 1.438 sec/batch
INFO:tensorflow:Step: 812, Loss: 5.269685, time: 1.336 sec/batch
INFO:tensorflow:Step: 816, Loss: 5.075434, time: 1.292 sec/batch
INFO:tensorflow:Step: 820, Loss: 5.144610, time: 1.564 sec/batch
INFO:tensorflow:Step: 825, Loss: 5.295825, time: 1.325 sec/batch
INFO:tensorflow:Step: 829, Loss: 5.362717, time: 1.406 sec/batch
INFO:tensorflow:Step: 833, Loss: 5.100267, time: 1.384 sec/batch
INFO:tensorflow:Step: 837, Loss: 5.081679, time: 1.357 sec/batch
INFO:tensorflow:Step: 840, Loss: 5.200001, time: 1.393 sec/batch
INFO:tensorflow:Step: 845, Loss: 5.186144, time: 1.399 sec/batch
INFO:tensorflow:Step: 848, Loss: 4.895068, time: 1.330 sec/batch
INFO:tensorflow:Step: 852, Loss: 5.126451, time: 1.325 sec/batch
INFO:tensorflow:Step: 856, Loss: 5.784024, time: 1.324 sec/batch
INFO:tensorflow:Step: 860, Loss: 5.275272, time: 1.420 sec/batch
INFO:tensorflow:Step: 864, Loss: 5.093616, time: 1.399 sec/batch
INFO:tensorflow:Step: 868, Loss: 5.013289, time: 1.274 sec/batch
INFO:tensorflow:Step: 872, Loss: 5.153722, time: 1.334 sec/batch
INFO:tensorflow:Step: 876, Loss: 5.317052, time: 1.346 sec/batch
INFO:tensorflow:Step: 880, Loss: 5.082497, time: 1.291 sec/batch
INFO:tensorflow:Step: 884, Loss: 5.090279, time: 1.274 sec/batch
INFO:tensorflow:Step: 888, Loss: 5.296655, time: 1.333 sec/batch
INFO:tensorflow:Step: 892, Loss: 5.273665, time: 1.271 sec/batch
INFO:tensorflow:Step: 896, Loss: 5.319517, time: 1.364 sec/batch
INFO:tensorflow:Step: 900, Loss: 5.302363, time: 1.458 sec/batch
INFO:tensorflow:Step: 902, Loss: 5.355269, time: 1.321 sec/batch
INFO:tensorflow:Step: 906, Loss: 5.098725, time: 1.323 sec/batch
INFO:tensorflow:Step: 910, Loss: 5.325739, time: 1.234 sec/batch
INFO:tensorflow:Step: 914, Loss: 4.903256, time: 1.330 sec/batch
INFO:tensorflow:Step: 918, Loss: 5.325996, time: 1.331 sec/batch
INFO:tensorflow:Step: 922, Loss: 5.180635, time: 1.563 sec/batch
INFO:tensorflow:Step: 926, Loss: 5.251047, time: 1.497 sec/batch
INFO:tensorflow:Step: 930, Loss: 5.020190, time: 1.267 sec/batch
INFO:tensorflow:Step: 934, Loss: 5.278053, time: 1.488 sec/batch
INFO:tensorflow:Step: 938, Loss: 5.145012, time: 1.394 sec/batch
INFO:tensorflow:Step: 942, Loss: 5.288257, time: 1.534 sec/batch
INFO:tensorflow:Step: 949, Loss: 4.960606, time: 1.694 sec/batch
INFO:tensorflow:Step: 951, Loss: 5.412735, time: 1.340 sec/batch
INFO:tensorflow:Step: 955, Loss: 5.257783, time: 1.325 sec/batch
INFO:tensorflow:Step: 959, Loss: 5.161306, time: 1.373 sec/batch
INFO:tensorflow:Step: 963, Loss: 5.123836, time: 1.271 sec/batch
INFO:tensorflow:Step: 967, Loss: 5.133004, time: 1.396 sec/batch
INFO:tensorflow:Step: 971, Loss: 4.988744, time: 1.345 sec/batch
INFO:tensorflow:Step: 975, Loss: 5.265053, time: 1.297 sec/batch
INFO:tensorflow:Step: 979, Loss: 5.131672, time: 1.591 sec/batch
INFO:tensorflow:Step: 983, Loss: 4.992126, time: 1.222 sec/batch
INFO:tensorflow:Step: 987, Loss: 5.055165, time: 1.322 sec/batch
INFO:tensorflow:Step: 990, Loss: 5.114223, time: 1.317 sec/batch
INFO:tensorflow:Step: 994, Loss: 5.100384, time: 1.710 sec/batch
INFO:tensorflow:Step: 998, Loss: 5.111577, time: 1.897 sec/batch
INFO:tensorflow:Step: 1004, Loss: 5.286564, time: 1.339 sec/batch
INFO:tensorflow:Step: 1007, Loss: 5.172542, time: 1.412 sec/batch
INFO:tensorflow:Step: 1010, Loss: 5.164745, time: 1.383 sec/batch
INFO:tensorflow:Step: 1014, Loss: 5.152277, time: 1.548 sec/batch
INFO:tensorflow:Step: 1018, Loss: 5.154367, time: 1.389 sec/batch
INFO:tensorflow:Step: 1022, Loss: 5.301620, time: 1.402 sec/batch
INFO:tensorflow:Step: 1026, Loss: 4.949529, time: 1.488 sec/batch
INFO:tensorflow:Step: 1030, Loss: 5.226943, time: 1.498 sec/batch
INFO:tensorflow:Step: 1034, Loss: 5.194808, time: 1.357 sec/batch
INFO:tensorflow:Step: 1038, Loss: 5.000292, time: 1.179 sec/batch
INFO:tensorflow:Step: 1042, Loss: 5.104640, time: 1.321 sec/batch
INFO:tensorflow:Step: 1046, Loss: 4.986541, time: 1.526 sec/batch
INFO:tensorflow:Step: 1050, Loss: 5.442085, time: 1.303 sec/batch
INFO:tensorflow:Step: 1054, Loss: 4.943149, time: 1.265 sec/batch
INFO:tensorflow:Step: 1058, Loss: 5.097812, time: 1.415 sec/batch
INFO:tensorflow:Step: 1062, Loss: 5.346493, time: 1.302 sec/batch
INFO:tensorflow:Step: 1066, Loss: 5.087202, time: 1.307 sec/batch
INFO:tensorflow:Step: 1070, Loss: 5.077334, time: 1.308 sec/batch
INFO:tensorflow:Step: 1074, Loss: 5.150308, time: 1.300 sec/batch
INFO:tensorflow:Step: 1078, Loss: 5.112814, time: 1.302 sec/batch
INFO:tensorflow:Step: 1082, Loss: 5.228817, time: 1.327 sec/batch
INFO:tensorflow:Step: 1085, Loss: 5.233503, time: 1.316 sec/batch
INFO:tensorflow:Step: 1089, Loss: 5.170274, time: 1.328 sec/batch
INFO:tensorflow:Step: 1093, Loss: 5.172359, time: 1.256 sec/batch
INFO:tensorflow:Step: 1097, Loss: 5.365197, time: 1.367 sec/batch
INFO:tensorflow:Step: 1101, Loss: 5.259589, time: 1.283 sec/batch
INFO:tensorflow:Step: 1105, Loss: 5.217335, time: 1.250 sec/batch
INFO:tensorflow:Step: 1109, Loss: 5.205228, time: 1.261 sec/batch
INFO:tensorflow:Step: 1113, Loss: 4.959975, time: 1.434 sec/batch
INFO:tensorflow:Step: 1116, Loss: 5.146341, time: 1.375 sec/batch
INFO:tensorflow:Step: 1119, Loss: 5.298820, time: 1.326 sec/batch
INFO:tensorflow:Step: 1123, Loss: 4.956366, time: 1.447 sec/batch
INFO:tensorflow:Step: 1127, Loss: 4.966815, time: 1.548 sec/batch
INFO:tensorflow:Step: 1131, Loss: 5.289690, time: 1.320 sec/batch
INFO:tensorflow:Step: 1135, Loss: 5.196883, time: 1.276 sec/batch
INFO:tensorflow:Step: 1139, Loss: 5.161029, time: 1.318 sec/batch
INFO:tensorflow:Step: 1143, Loss: 5.043903, time: 1.223 sec/batch
INFO:tensorflow:Step: 1147, Loss: 5.276550, time: 1.622 sec/batch
INFO:tensorflow:Step: 1151, Loss: 5.184778, time: 1.321 sec/batch
INFO:tensorflow:Step: 1155, Loss: 5.071084, time: 1.586 sec/batch
INFO:tensorflow:Step: 1158, Loss: 5.194709, time: 1.468 sec/batch
INFO:tensorflow:Step: 1161, Loss: 5.053630, time: 1.319 sec/batch
INFO:tensorflow:Step: 1165, Loss: 5.085010, time: 1.320 sec/batch
INFO:tensorflow:Step: 1169, Loss: 5.115294, time: 1.377 sec/batch
INFO:tensorflow:Step: 1173, Loss: 4.939585, time: 1.308 sec/batch
INFO:tensorflow:Step: 1177, Loss: 5.242463, time: 1.267 sec/batch
INFO:tensorflow:Step: 1181, Loss: 5.195148, time: 1.301 sec/batch
INFO:tensorflow:Step: 1184, Loss: 5.245502, time: 1.276 sec/batch
INFO:tensorflow:Step: 1188, Loss: 5.024576, time: 1.228 sec/batch
INFO:tensorflow:Step: 1192, Loss: 5.029256, time: 1.342 sec/batch
INFO:tensorflow:Step: 1196, Loss: 5.298159, time: 1.311 sec/batch
INFO:tensorflow:Step: 1200, Loss: 5.351082, time: 1.317 sec/batch
INFO:tensorflow:Step: 1203, Loss: 4.879841, time: 1.278 sec/batch
INFO:tensorflow:Step: 1207, Loss: 4.934783, time: 1.298 sec/batch
INFO:tensorflow:Step: 1211, Loss: 5.328940, time: 1.281 sec/batch
INFO:tensorflow:Step: 1215, Loss: 5.088935, time: 1.354 sec/batch
INFO:tensorflow:Step: 1219, Loss: 5.251533, time: 1.305 sec/batch
INFO:tensorflow:Step: 1223, Loss: 5.137897, time: 1.389 sec/batch
INFO:tensorflow:Step: 1227, Loss: 5.319674, time: 1.324 sec/batch
INFO:tensorflow:Step: 1231, Loss: 4.946341, time: 1.306 sec/batch
INFO:tensorflow:Step: 1235, Loss: 5.126926, time: 1.321 sec/batch
INFO:tensorflow:Step: 1239, Loss: 5.081486, time: 1.349 sec/batch
INFO:tensorflow:Step: 1242, Loss: 5.244342, time: 1.356 sec/batch
INFO:tensorflow:Step: 1246, Loss: 5.140095, time: 1.570 sec/batch
INFO:tensorflow:Step: 1250, Loss: 5.219258, time: 1.757 sec/batch
INFO:tensorflow:Step: 1256, Loss: 4.973244, time: 1.626 sec/batch
INFO:tensorflow:Step: 1259, Loss: 5.336727, time: 1.358 sec/batch
INFO:tensorflow:Step: 1262, Loss: 5.261642, time: 1.372 sec/batch
INFO:tensorflow:Step: 1266, Loss: 5.312014, time: 1.636 sec/batch
INFO:tensorflow:Step: 1270, Loss: 5.121666, time: 1.736 sec/batch
INFO:tensorflow:Step: 1277, Loss: 4.925576, time: 1.454 sec/batch
INFO:tensorflow:Step: 1279, Loss: 5.040324, time: 1.351 sec/batch
INFO:tensorflow:Step: 1283, Loss: 5.165825, time: 1.308 sec/batch
INFO:tensorflow:Step: 1287, Loss: 5.213808, time: 1.294 sec/batch
INFO:tensorflow:Step: 1291, Loss: 5.205420, time: 1.258 sec/batch
INFO:tensorflow:Step: 1295, Loss: 5.034897, time: 1.535 sec/batch
INFO:tensorflow:Step: 1299, Loss: 5.059143, time: 1.339 sec/batch
INFO:tensorflow:Step: 1303, Loss: 5.146879, time: 1.330 sec/batch
INFO:tensorflow:Step: 1307, Loss: 5.029475, time: 1.303 sec/batch
INFO:tensorflow:Step: 1311, Loss: 4.883617, time: 1.318 sec/batch
INFO:tensorflow:Step: 1315, Loss: 5.117361, time: 1.373 sec/batch
INFO:tensorflow:Step: 1319, Loss: 4.993684, time: 1.358 sec/batch
INFO:tensorflow:Step: 1323, Loss: 5.201276, time: 1.501 sec/batch
INFO:tensorflow:Step: 1327, Loss: 5.234436, time: 1.529 sec/batch
INFO:tensorflow:Step: 1331, Loss: 4.899859, time: 1.275 sec/batch
INFO:tensorflow:Step: 1334, Loss: 5.303772, time: 1.438 sec/batch
INFO:tensorflow:Step: 1338, Loss: 4.939986, time: 1.435 sec/batch
INFO:tensorflow:Step: 1342, Loss: 5.212707, time: 1.272 sec/batch
INFO:tensorflow:Step: 1346, Loss: 5.228631, time: 1.383 sec/batch
INFO:tensorflow:Step: 1350, Loss: 5.100495, time: 1.349 sec/batch
INFO:tensorflow:Step: 1354, Loss: 5.202746, time: 1.417 sec/batch
INFO:tensorflow:Step: 1358, Loss: 4.948138, time: 1.247 sec/batch
INFO:tensorflow:Step: 1362, Loss: 5.201494, time: 1.326 sec/batch
INFO:tensorflow:Step: 1366, Loss: 5.313066, time: 1.303 sec/batch
INFO:tensorflow:Step: 1370, Loss: 5.118491, time: 1.275 sec/batch
INFO:tensorflow:Step: 1374, Loss: 5.054818, time: 1.367 sec/batch
INFO:tensorflow:Step: 1377, Loss: 5.219444, time: 1.592 sec/batch
INFO:tensorflow:Step: 1382, Loss: 5.128407, time: 1.286 sec/batch
INFO:tensorflow:Step: 1385, Loss: 4.970162, time: 1.355 sec/batch
INFO:tensorflow:Step: 1389, Loss: 5.089178, time: 1.272 sec/batch
INFO:tensorflow:Step: 1393, Loss: 4.976680, time: 1.296 sec/batch
INFO:tensorflow:Step: 1397, Loss: 5.175471, time: 1.504 sec/batch
INFO:tensorflow:Step: 1402, Loss: 5.118347, time: 1.334 sec/batch
INFO:tensorflow:Step: 1405, Loss: 5.139750, time: 1.310 sec/batch
INFO:tensorflow:Step: 1408, Loss: 5.435444, time: 1.286 sec/batch
INFO:tensorflow:Step: 1412, Loss: 5.383653, time: 1.291 sec/batch
INFO:tensorflow:Step: 1416, Loss: 4.941326, time: 1.250 sec/batch
INFO:tensorflow:Step: 1420, Loss: 5.112143, time: 1.315 sec/batch
INFO:tensorflow:Step: 1424, Loss: 5.036535, time: 1.373 sec/batch
INFO:tensorflow:Step: 1428, Loss: 5.187745, time: 1.285 sec/batch
INFO:tensorflow:Step: 1432, Loss: 4.920873, time: 1.351 sec/batch
INFO:tensorflow:Step: 1436, Loss: 5.015928, time: 1.326 sec/batch
INFO:tensorflow:Step: 1440, Loss: 5.148735, time: 1.359 sec/batch
INFO:tensorflow:Step: 1443, Loss: 5.075831, time: 1.566 sec/batch
INFO:tensorflow:Step: 1447, Loss: 5.312019, time: 1.369 sec/batch
INFO:tensorflow:Step: 1450, Loss: 5.003454, time: 1.582 sec/batch
INFO:tensorflow:Step: 1456, Loss: 5.185660, time: 1.403 sec/batch
INFO:tensorflow:Step: 1459, Loss: 5.022344, time: 1.393 sec/batch
INFO:tensorflow:Step: 1463, Loss: 5.130685, time: 1.348 sec/batch
INFO:tensorflow:Step: 1467, Loss: 4.998459, time: 1.388 sec/batch
INFO:tensorflow:Step: 1472, Loss: 4.994105, time: 1.585 sec/batch
INFO:tensorflow:Step: 1476, Loss: 5.471707, time: 1.808 sec/batch
INFO:tensorflow:Step: 1480, Loss: 5.074064, time: 1.403 sec/batch
INFO:tensorflow:Step: 1484, Loss: 4.956007, time: 1.493 sec/batch
INFO:tensorflow:Step: 1488, Loss: 4.882777, time: 1.338 sec/batch
INFO:tensorflow:Step: 1492, Loss: 5.165488, time: 1.772 sec/batch
INFO:tensorflow:Step: 1496, Loss: 5.503505, time: 1.397 sec/batch
INFO:tensorflow:Step: 1500, Loss: 5.185542, time: 1.412 sec/batch
INFO:tensorflow:Step: 1504, Loss: 4.977235, time: 1.449 sec/batch
INFO:tensorflow:Step: 1509, Loss: 5.055405, time: 1.410 sec/batch
INFO:tensorflow:Step: 1513, Loss: 5.036322, time: 1.623 sec/batch
INFO:tensorflow:Step: 1517, Loss: 5.228451, time: 1.460 sec/batch
INFO:tensorflow:Step: 1521, Loss: 5.409692, time: 1.401 sec/batch
INFO:tensorflow:Step: 1525, Loss: 5.121818, time: 1.367 sec/batch
INFO:tensorflow:Step: 1529, Loss: 5.160931, time: 1.499 sec/batch
INFO:tensorflow:Step: 1533, Loss: 5.117693, time: 1.560 sec/batch
INFO:tensorflow:Step: 1537, Loss: 4.910629, time: 1.389 sec/batch
INFO:tensorflow:Step: 1541, Loss: 5.248352, time: 1.338 sec/batch
INFO:tensorflow:Step: 1545, Loss: 5.099503, time: 1.255 sec/batch
INFO:tensorflow:Step: 1549, Loss: 4.911483, time: 1.801 sec/batch
INFO:tensorflow:Step: 1555, Loss: 5.208275, time: 1.784 sec/batch
INFO:tensorflow:Step: 1560, Loss: 5.172032, time: 1.791 sec/batch
INFO:tensorflow:Step: 1564, Loss: 5.176711, time: 1.377 sec/batch
INFO:tensorflow:Step: 1568, Loss: 5.121634, time: 1.321 sec/batch
INFO:tensorflow:Step: 1571, Loss: 5.147321, time: 1.363 sec/batch
INFO:tensorflow:Step: 1574, Loss: 5.205088, time: 1.421 sec/batch
INFO:tensorflow:Step: 1577, Loss: 4.960261, time: 1.365 sec/batch
INFO:tensorflow:Step: 1581, Loss: 5.084320, time: 1.409 sec/batch
INFO:tensorflow:Step: 1585, Loss: 5.171885, time: 1.283 sec/batch
INFO:tensorflow:Step: 1589, Loss: 5.084568, time: 1.399 sec/batch
INFO:tensorflow:Step: 1593, Loss: 4.941102, time: 1.355 sec/batch
INFO:tensorflow:Step: 1597, Loss: 5.192975, time: 1.314 sec/batch
INFO:tensorflow:Step: 1601, Loss: 5.024782, time: 1.340 sec/batch
INFO:tensorflow:Step: 1605, Loss: 4.956869, time: 1.275 sec/batch
INFO:tensorflow:Step: 1609, Loss: 5.139092, time: 1.308 sec/batch
INFO:tensorflow:Step: 1613, Loss: 5.135564, time: 1.290 sec/batch
INFO:tensorflow:Step: 1617, Loss: 5.353165, time: 1.370 sec/batch
INFO:tensorflow:Step: 1622, Loss: 5.078431, time: 1.419 sec/batch
INFO:tensorflow:Step: 1626, Loss: 4.989638, time: 1.395 sec/batch
INFO:tensorflow:Step: 1628, Loss: 5.221674, time: 1.337 sec/batch
INFO:tensorflow:Step: 1632, Loss: 5.143744, time: 1.248 sec/batch
INFO:tensorflow:Step: 1636, Loss: 4.866195, time: 1.238 sec/batch
INFO:tensorflow:Step: 1640, Loss: 5.204292, time: 1.330 sec/batch
INFO:tensorflow:Step: 1644, Loss: 5.014013, time: 1.292 sec/batch
INFO:tensorflow:Step: 1648, Loss: 5.164010, time: 1.302 sec/batch
INFO:tensorflow:Step: 1652, Loss: 5.363952, time: 1.382 sec/batch
INFO:tensorflow:Step: 1656, Loss: 5.240412, time: 1.344 sec/batch
INFO:tensorflow:Step: 1660, Loss: 5.174347, time: 1.434 sec/batch
INFO:tensorflow:Step: 1663, Loss: 4.895080, time: 1.343 sec/batch
INFO:tensorflow:Step: 1667, Loss: 5.394962, time: 1.508 sec/batch
INFO:tensorflow:Step: 1671, Loss: 5.060029, time: 1.605 sec/batch
INFO:tensorflow:Step: 1676, Loss: 4.926733, time: 1.281 sec/batch
INFO:tensorflow:Step: 1680, Loss: 4.953361, time: 1.368 sec/batch
INFO:tensorflow:Step: 1682, Loss: 5.030955, time: 1.418 sec/batch
INFO:tensorflow:Step: 1686, Loss: 5.032438, time: 1.381 sec/batch
INFO:tensorflow:Step: 1690, Loss: 5.064189, time: 1.537 sec/batch
INFO:tensorflow:Step: 1695, Loss: 5.051962, time: 1.304 sec/batch
INFO:tensorflow:Step: 1699, Loss: 4.986409, time: 1.313 sec/batch
INFO:tensorflow:Step: 1703, Loss: 4.949302, time: 1.251 sec/batch
INFO:tensorflow:Step: 1707, Loss: 4.907930, time: 1.411 sec/batch
INFO:tensorflow:Step: 1711, Loss: 5.174780, time: 1.326 sec/batch
INFO:tensorflow:Step: 1715, Loss: 5.113963, time: 1.296 sec/batch
INFO:tensorflow:Step: 1719, Loss: 5.288501, time: 1.370 sec/batch
INFO:tensorflow:Step: 1723, Loss: 5.139991, time: 1.311 sec/batch
INFO:tensorflow:Step: 1727, Loss: 5.110068, time: 1.291 sec/batch
INFO:tensorflow:Step: 1731, Loss: 5.191751, time: 1.326 sec/batch
INFO:tensorflow:Step: 1735, Loss: 5.148242, time: 1.339 sec/batch
INFO:tensorflow:Step: 1739, Loss: 5.303329, time: 1.333 sec/batch
INFO:tensorflow:Step: 1742, Loss: 5.245499, time: 1.346 sec/batch
INFO:tensorflow:Step: 1746, Loss: 4.923773, time: 1.344 sec/batch
INFO:tensorflow:Step: 1750, Loss: 4.945762, time: 1.337 sec/batch
INFO:tensorflow:Step: 1754, Loss: 5.178738, time: 1.388 sec/batch
INFO:tensorflow:Step: 1758, Loss: 5.046047, time: 1.419 sec/batch
INFO:tensorflow:Step: 1762, Loss: 5.174498, time: 1.296 sec/batch
INFO:tensorflow:Step: 1766, Loss: 5.133230, time: 1.516 sec/batch
INFO:tensorflow:Step: 1770, Loss: 5.199823, time: 1.373 sec/batch
INFO:tensorflow:Step: 1774, Loss: 5.064334, time: 1.420 sec/batch
INFO:tensorflow:Step: 1778, Loss: 5.038093, time: 1.308 sec/batch
INFO:tensorflow:Step: 1782, Loss: 5.109395, time: 1.484 sec/batch
INFO:tensorflow:Step: 1786, Loss: 5.022794, time: 1.463 sec/batch
INFO:tensorflow:Step: 1790, Loss: 5.114572, time: 1.285 sec/batch
INFO:tensorflow:Step: 1794, Loss: 5.046891, time: 1.472 sec/batch
INFO:tensorflow:Step: 1798, Loss: 5.034748, time: 1.246 sec/batch
INFO:tensorflow:Step: 1802, Loss: 4.877147, time: 1.361 sec/batch
INFO:tensorflow:Step: 1805, Loss: 5.153516, time: 1.369 sec/batch
INFO:tensorflow:Step: 1810, Loss: 5.049177, time: 1.350 sec/batch
INFO:tensorflow:Step: 1814, Loss: 5.218109, time: 1.328 sec/batch
INFO:tensorflow:Step: 1817, Loss: 5.064891, time: 1.357 sec/batch
INFO:tensorflow:Step: 1821, Loss: 4.990410, time: 1.391 sec/batch
INFO:tensorflow:Step: 1825, Loss: 5.142543, time: 1.304 sec/batch
INFO:tensorflow:Step: 1829, Loss: 5.000716, time: 1.240 sec/batch
INFO:tensorflow:Step: 1833, Loss: 5.084357, time: 1.335 sec/batch
INFO:tensorflow:Step: 1837, Loss: 4.911427, time: 1.260 sec/batch
INFO:tensorflow:Step: 1841, Loss: 5.344580, time: 1.570 sec/batch
INFO:tensorflow:Step: 1845, Loss: 5.117889, time: 1.319 sec/batch
INFO:tensorflow:Step: 1849, Loss: 4.986746, time: 1.459 sec/batch
INFO:tensorflow:Step: 1853, Loss: 4.955704, time: 1.280 sec/batch
INFO:tensorflow:Step: 1857, Loss: 5.028347, time: 1.353 sec/batch
INFO:tensorflow:Step: 1861, Loss: 5.356915, time: 1.242 sec/batch
run-expr-4node.sh: line 23: 50091 Terminated              CUDA_VISIBLE_DEVICES=$1 bazel-bin/inception/imagenet_distributed_train --batch_size=64 --data_dir=/lfs/local/0/daniter/imagenet-8-$2 --job_name='worker' --task_id=$2 --ps_hosts='raiders1:2228' --worker_hosts='raiders1:2200,raiders1:2201,raiders3:2209,raiders3:2210' --initial_learning_rate=$3 --momentum=$4 --sync=True --compute_groups=$5
