DISPLAY "(null)" invalid; disabling X11 forwarding
I tensorflow/stream_executor/dso_loader.cc:108] successfully opened CUDA library libcublas.so locally
I tensorflow/stream_executor/dso_loader.cc:108] successfully opened CUDA library libcudnn.so locally
I tensorflow/stream_executor/dso_loader.cc:108] successfully opened CUDA library libcufft.so locally
I tensorflow/stream_executor/dso_loader.cc:108] successfully opened CUDA library libcuda.so locally
I tensorflow/stream_executor/dso_loader.cc:108] successfully opened CUDA library libcurand.so locally
INFO:tensorflow:PS hosts are: ['raiders1:2228']
INFO:tensorflow:Worker hosts are: ['raiders1:2200', 'raiders1:2201', 'raiders3:2209', 'raiders3:2210']
I tensorflow/core/common_runtime/gpu/gpu_init.cc:102] Found device 0 with properties: 
name: GeForce GTX TITAN X
major: 5 minor: 2 memoryClockRate (GHz) 1.076
pciBusID 0000:03:00.0
Total memory: 11.92GiB
Free memory: 11.81GiB
I tensorflow/core/common_runtime/gpu/gpu_init.cc:126] DMA: 0 
I tensorflow/core/common_runtime/gpu/gpu_init.cc:136] 0:   Y 
I tensorflow/core/common_runtime/gpu/gpu_device.cc:806] Creating TensorFlow device (/gpu:0) -> (device: 0, name: GeForce GTX TITAN X, pci bus id: 0000:03:00.0)
I tensorflow/core/distributed_runtime/rpc/grpc_channel.cc:206] Initialize HostPortsGrpcChannelCache for job ps -> {raiders1:2228}
I tensorflow/core/distributed_runtime/rpc/grpc_channel.cc:206] Initialize HostPortsGrpcChannelCache for job worker -> {raiders1:2200, raiders1:2201, localhost:2209, raiders3:2210}
I tensorflow/core/distributed_runtime/rpc/grpc_server_lib.cc:202] Started server with target: grpc://localhost:2209
INFO:tensorflow:Learning rate: 0.002500, momentum: 0.450000
INFO:tensorflow:Sync mode!!!!!!
INFO:tensorflow:Compute groups : 4
INFO:tensorflow:SyncReplicas enabled: replicas_to_aggregate=4; total_num_replicas=4
INFO:tensorflow:Num nodes per compute groups: 1
INFO:tensorflow:Tokens per step: 1
INFO:tensorflow:2016-07-20 03:38:56.699188 Supervisor
INFO:tensorflow:got sessions!
INFO:tensorflow:Started 3 queues for processing input data.
I tensorflow/core/common_runtime/gpu/pool_allocator.cc:244] PoolAllocator: After 3577 get requests, put_count=2566 evicted_count=1000 eviction_rate=0.389712 and unsatisfied allocation rate=0.590159
I tensorflow/core/common_runtime/gpu/pool_allocator.cc:256] Raising pool_size_limit_ from 100 to 110
INFO:tensorflow:Step: 400, Loss: 5.385498, time: 6.836 sec/batch
INFO:tensorflow:Step: 406, Loss: 6.225830, time: 2.180 sec/batch
INFO:tensorflow:Step: 410, Loss: 5.410411, time: 1.677 sec/batch
INFO:tensorflow:Step: 413, Loss: 5.175443, time: 1.719 sec/batch
INFO:tensorflow:Step: 417, Loss: 5.266675, time: 1.960 sec/batch
I tensorflow/core/common_runtime/gpu/pool_allocator.cc:244] PoolAllocator: After 0 get requests, put_count=1016 evicted_count=1000 eviction_rate=0.984252 and unsatisfied allocation rate=0
INFO:tensorflow:Step: 420, Loss: 5.385609, time: 1.960 sec/batch
INFO:tensorflow:Step: 423, Loss: 5.619983, time: 1.647 sec/batch
INFO:tensorflow:Step: 426, Loss: 5.271947, time: 1.416 sec/batch
INFO:tensorflow:Step: 429, Loss: 5.400490, time: 1.803 sec/batch
INFO:tensorflow:Step: 432, Loss: 5.235540, time: 1.581 sec/batch
I tensorflow/core/common_runtime/gpu/pool_allocator.cc:244] PoolAllocator: After 0 get requests, put_count=1025 evicted_count=1000 eviction_rate=0.97561 and unsatisfied allocation rate=0
INFO:tensorflow:Step: 436, Loss: 5.457057, time: 1.811 sec/batch
INFO:tensorflow:Step: 439, Loss: 5.267090, time: 1.701 sec/batch
INFO:tensorflow:Step: 442, Loss: 5.245892, time: 1.573 sec/batch
INFO:tensorflow:Step: 445, Loss: 5.327984, time: 2.036 sec/batch
INFO:tensorflow:Step: 448, Loss: 5.257166, time: 1.996 sec/batch
INFO:tensorflow:Step: 452, Loss: 5.194315, time: 1.467 sec/batch
I tensorflow/core/common_runtime/gpu/pool_allocator.cc:244] PoolAllocator: After 0 get requests, put_count=1044 evicted_count=1000 eviction_rate=0.957854 and unsatisfied allocation rate=0
INFO:tensorflow:Step: 455, Loss: 5.276716, time: 1.364 sec/batch
INFO:tensorflow:Step: 458, Loss: 5.432544, time: 1.609 sec/batch
INFO:tensorflow:Step: 461, Loss: 5.522113, time: 1.476 sec/batch
INFO:tensorflow:Step: 465, Loss: 5.205586, time: 1.461 sec/batch
INFO:tensorflow:Step: 469, Loss: 5.101963, time: 1.343 sec/batch
INFO:tensorflow:Step: 473, Loss: 4.996602, time: 1.832 sec/batch
INFO:tensorflow:Step: 477, Loss: 5.249610, time: 2.296 sec/batch
I tensorflow/core/common_runtime/gpu/pool_allocator.cc:244] PoolAllocator: After 3576 get requests, put_count=4412 evicted_count=2000 eviction_rate=0.453309 and unsatisfied allocation rate=0.347595
I tensorflow/core/common_runtime/gpu/pool_allocator.cc:256] Raising pool_size_limit_ from 871 to 958
INFO:tensorflow:Step: 482, Loss: 5.303020, time: 1.547 sec/batch
INFO:tensorflow:Step: 486, Loss: 5.281892, time: 1.690 sec/batch
INFO:tensorflow:Step: 490, Loss: 5.192848, time: 1.502 sec/batch
INFO:tensorflow:Step: 494, Loss: 5.199239, time: 2.315 sec/batch
INFO:tensorflow:Step: 500, Loss: 5.112603, time: 1.360 sec/batch
INFO:tensorflow:Step: 504, Loss: 5.211713, time: 1.566 sec/batch
INFO:tensorflow:Step: 508, Loss: 5.145894, time: 1.767 sec/batch
INFO:tensorflow:Step: 512, Loss: 5.184458, time: 1.842 sec/batch
INFO:tensorflow:Step: 516, Loss: 5.211778, time: 1.708 sec/batch
INFO:tensorflow:Step: 519, Loss: 5.174088, time: 2.061 sec/batch
INFO:tensorflow:Step: 524, Loss: 5.251636, time: 1.833 sec/batch
INFO:tensorflow:Step: 528, Loss: 5.205631, time: 2.187 sec/batch
INFO:tensorflow:Step: 535, Loss: 5.082145, time: 1.916 sec/batch
INFO:tensorflow:Step: 539, Loss: 4.983658, time: 1.898 sec/batch
INFO:tensorflow:Step: 543, Loss: 5.668858, time: 1.520 sec/batch
INFO:tensorflow:Step: 547, Loss: 5.315265, time: 1.543 sec/batch
INFO:tensorflow:Step: 551, Loss: 5.237850, time: 1.443 sec/batch
INFO:tensorflow:Step: 555, Loss: 5.154984, time: 1.782 sec/batch
INFO:tensorflow:Step: 560, Loss: 5.368621, time: 1.664 sec/batch
INFO:tensorflow:Step: 565, Loss: 5.016541, time: 2.605 sec/batch
INFO:tensorflow:Step: 570, Loss: 5.431154, time: 1.411 sec/batch
INFO:tensorflow:Step: 574, Loss: 5.122027, time: 1.422 sec/batch
INFO:tensorflow:Step: 578, Loss: 5.287410, time: 1.346 sec/batch
INFO:tensorflow:Step: 582, Loss: 5.343392, time: 1.357 sec/batch
INFO:tensorflow:Step: 586, Loss: 5.095218, time: 1.362 sec/batch
INFO:tensorflow:Step: 590, Loss: 5.145184, time: 1.358 sec/batch
INFO:tensorflow:Step: 594, Loss: 5.155897, time: 1.356 sec/batch
INFO:tensorflow:Step: 598, Loss: 5.195783, time: 1.610 sec/batch
INFO:tensorflow:Step: 602, Loss: 5.176617, time: 1.391 sec/batch
INFO:tensorflow:Step: 606, Loss: 5.199175, time: 1.479 sec/batch
INFO:tensorflow:Step: 610, Loss: 5.318439, time: 1.705 sec/batch
INFO:tensorflow:Step: 615, Loss: 5.235386, time: 1.784 sec/batch
INFO:tensorflow:Step: 620, Loss: 5.118855, time: 1.372 sec/batch
INFO:tensorflow:Step: 624, Loss: 5.243865, time: 1.327 sec/batch
INFO:tensorflow:Step: 628, Loss: 5.200841, time: 1.322 sec/batch
INFO:tensorflow:Step: 632, Loss: 5.316116, time: 1.452 sec/batch
INFO:tensorflow:Step: 636, Loss: 5.126370, time: 1.441 sec/batch
INFO:tensorflow:Step: 640, Loss: 5.161411, time: 1.628 sec/batch
INFO:tensorflow:Step: 644, Loss: 5.309649, time: 1.477 sec/batch
INFO:tensorflow:Step: 648, Loss: 5.126321, time: 1.451 sec/batch
INFO:tensorflow:Step: 652, Loss: 5.131750, time: 1.427 sec/batch
INFO:tensorflow:Step: 657, Loss: 5.055364, time: 1.472 sec/batch
INFO:tensorflow:Step: 661, Loss: 5.329358, time: 1.388 sec/batch
INFO:tensorflow:Step: 665, Loss: 5.118477, time: 1.452 sec/batch
INFO:tensorflow:Step: 669, Loss: 5.009132, time: 1.884 sec/batch
INFO:tensorflow:Step: 674, Loss: 5.372066, time: 1.421 sec/batch
INFO:tensorflow:Step: 678, Loss: 5.437865, time: 1.326 sec/batch
INFO:tensorflow:Step: 682, Loss: 5.231974, time: 1.358 sec/batch
INFO:tensorflow:Step: 686, Loss: 5.401898, time: 1.387 sec/batch
INFO:tensorflow:Step: 690, Loss: 5.035512, time: 1.585 sec/batch
INFO:tensorflow:Step: 694, Loss: 5.265068, time: 1.432 sec/batch
INFO:tensorflow:Step: 698, Loss: 5.057891, time: 1.776 sec/batch
INFO:tensorflow:Step: 704, Loss: 5.339390, time: 1.754 sec/batch
INFO:tensorflow:Step: 708, Loss: 5.191804, time: 1.342 sec/batch
INFO:tensorflow:Step: 712, Loss: 5.059777, time: 1.334 sec/batch
INFO:tensorflow:Step: 716, Loss: 5.274762, time: 1.509 sec/batch
INFO:tensorflow:Step: 721, Loss: 5.229037, time: 1.519 sec/batch
INFO:tensorflow:Step: 724, Loss: 5.301073, time: 1.355 sec/batch
INFO:tensorflow:Step: 728, Loss: 5.135375, time: 1.450 sec/batch
INFO:tensorflow:Step: 732, Loss: 5.422855, time: 1.470 sec/batch
INFO:tensorflow:Step: 736, Loss: 5.227707, time: 1.439 sec/batch
INFO:tensorflow:Step: 740, Loss: 5.093342, time: 1.333 sec/batch
INFO:tensorflow:Step: 744, Loss: 5.088667, time: 1.368 sec/batch
INFO:tensorflow:Step: 748, Loss: 4.954585, time: 1.434 sec/batch
INFO:tensorflow:Step: 752, Loss: 5.270690, time: 1.539 sec/batch
INFO:tensorflow:Step: 756, Loss: 5.211658, time: 1.543 sec/batch
INFO:tensorflow:Step: 761, Loss: 5.417285, time: 1.494 sec/batch
INFO:tensorflow:Step: 765, Loss: 5.283179, time: 1.560 sec/batch
INFO:tensorflow:Step: 769, Loss: 4.943202, time: 1.484 sec/batch
INFO:tensorflow:Step: 774, Loss: 5.195999, time: 1.381 sec/batch
INFO:tensorflow:Step: 778, Loss: 5.129999, time: 1.587 sec/batch
INFO:tensorflow:Step: 782, Loss: 5.206332, time: 1.368 sec/batch
INFO:tensorflow:Step: 786, Loss: 5.195523, time: 1.491 sec/batch
INFO:tensorflow:Step: 790, Loss: 5.117892, time: 1.376 sec/batch
INFO:tensorflow:Step: 794, Loss: 4.993058, time: 1.393 sec/batch
INFO:tensorflow:Step: 799, Loss: 5.148207, time: 1.496 sec/batch
INFO:tensorflow:Step: 803, Loss: 5.121032, time: 1.460 sec/batch
INFO:tensorflow:Step: 807, Loss: 5.221309, time: 1.402 sec/batch
INFO:tensorflow:Step: 811, Loss: 5.038483, time: 1.408 sec/batch
INFO:tensorflow:Step: 815, Loss: 5.361267, time: 1.499 sec/batch
INFO:tensorflow:Step: 819, Loss: 5.062590, time: 1.911 sec/batch
INFO:tensorflow:Step: 825, Loss: 5.256820, time: 1.352 sec/batch
INFO:tensorflow:Step: 829, Loss: 5.223760, time: 1.412 sec/batch
INFO:tensorflow:Step: 833, Loss: 5.137995, time: 1.343 sec/batch
INFO:tensorflow:Step: 837, Loss: 5.382547, time: 1.412 sec/batch
INFO:tensorflow:Step: 841, Loss: 5.197772, time: 1.413 sec/batch
INFO:tensorflow:Step: 845, Loss: 4.993795, time: 1.467 sec/batch
INFO:tensorflow:Step: 849, Loss: 5.178277, time: 1.380 sec/batch
INFO:tensorflow:Step: 853, Loss: 5.278515, time: 1.368 sec/batch
INFO:tensorflow:Step: 857, Loss: 5.201058, time: 1.373 sec/batch
INFO:tensorflow:Step: 861, Loss: 5.182334, time: 1.390 sec/batch
INFO:tensorflow:Step: 865, Loss: 5.059219, time: 1.437 sec/batch
INFO:tensorflow:Step: 869, Loss: 5.510052, time: 1.612 sec/batch
INFO:tensorflow:Step: 873, Loss: 5.066625, time: 1.365 sec/batch
INFO:tensorflow:Step: 877, Loss: 5.070865, time: 1.367 sec/batch
INFO:tensorflow:Step: 882, Loss: 5.051510, time: 1.386 sec/batch
INFO:tensorflow:Step: 886, Loss: 5.221211, time: 1.680 sec/batch
INFO:tensorflow:Step: 891, Loss: 5.107216, time: 1.451 sec/batch
INFO:tensorflow:Step: 896, Loss: 5.441594, time: 1.361 sec/batch
INFO:tensorflow:Step: 900, Loss: 5.227695, time: 1.572 sec/batch
INFO:tensorflow:Step: 903, Loss: 5.395119, time: 1.432 sec/batch
INFO:tensorflow:Step: 907, Loss: 5.381341, time: 1.352 sec/batch
INFO:tensorflow:Step: 911, Loss: 5.140117, time: 1.301 sec/batch
INFO:tensorflow:Step: 915, Loss: 5.186844, time: 1.378 sec/batch
INFO:tensorflow:Step: 919, Loss: 5.208676, time: 1.360 sec/batch
INFO:tensorflow:Step: 924, Loss: 5.201315, time: 1.406 sec/batch
INFO:tensorflow:Step: 927, Loss: 5.150550, time: 1.435 sec/batch
INFO:tensorflow:Step: 932, Loss: 5.232871, time: 1.410 sec/batch
INFO:tensorflow:Step: 936, Loss: 5.047049, time: 1.354 sec/batch
INFO:tensorflow:Step: 940, Loss: 5.058616, time: 1.444 sec/batch
INFO:tensorflow:Step: 944, Loss: 5.023893, time: 1.430 sec/batch
INFO:tensorflow:Step: 949, Loss: 5.236088, time: 2.011 sec/batch
INFO:tensorflow:Step: 953, Loss: 5.212677, time: 1.322 sec/batch
INFO:tensorflow:Step: 957, Loss: 5.107371, time: 1.344 sec/batch
INFO:tensorflow:Step: 961, Loss: 5.041701, time: 1.461 sec/batch
INFO:tensorflow:Step: 965, Loss: 5.151094, time: 1.750 sec/batch
INFO:tensorflow:Step: 970, Loss: 5.011385, time: 1.492 sec/batch
INFO:tensorflow:Step: 974, Loss: 5.159722, time: 1.404 sec/batch
INFO:tensorflow:Step: 978, Loss: 5.165089, time: 1.400 sec/batch
INFO:tensorflow:Step: 982, Loss: 5.221427, time: 1.424 sec/batch
INFO:tensorflow:Step: 985, Loss: 5.261151, time: 1.371 sec/batch
INFO:tensorflow:Step: 989, Loss: 5.148108, time: 1.428 sec/batch
INFO:tensorflow:Step: 994, Loss: 5.246345, time: 1.711 sec/batch
INFO:tensorflow:Step: 998, Loss: 4.972438, time: 1.738 sec/batch
INFO:tensorflow:Step: 1003, Loss: 5.032654, time: 1.666 sec/batch
INFO:tensorflow:Step: 1008, Loss: 5.316276, time: 1.575 sec/batch
INFO:tensorflow:Step: 1012, Loss: 5.277693, time: 1.333 sec/batch
INFO:tensorflow:Step: 1016, Loss: 5.097927, time: 1.383 sec/batch
INFO:tensorflow:Step: 1020, Loss: 5.140801, time: 1.444 sec/batch
INFO:tensorflow:Step: 1024, Loss: 4.983099, time: 1.497 sec/batch
INFO:tensorflow:Step: 1028, Loss: 5.248637, time: 1.363 sec/batch
INFO:tensorflow:Step: 1031, Loss: 5.095591, time: 1.850 sec/batch
INFO:tensorflow:Step: 1036, Loss: 4.995747, time: 1.470 sec/batch
INFO:tensorflow:Step: 1040, Loss: 5.363960, time: 1.449 sec/batch
INFO:tensorflow:Step: 1044, Loss: 5.158376, time: 1.349 sec/batch
INFO:tensorflow:Step: 1048, Loss: 5.097100, time: 1.352 sec/batch
INFO:tensorflow:Step: 1052, Loss: 5.460620, time: 1.380 sec/batch
INFO:tensorflow:Step: 1056, Loss: 5.246593, time: 1.372 sec/batch
INFO:tensorflow:Step: 1060, Loss: 5.109550, time: 1.412 sec/batch
INFO:tensorflow:Step: 1065, Loss: 5.069332, time: 1.401 sec/batch
INFO:tensorflow:Step: 1068, Loss: 5.021178, time: 1.412 sec/batch
INFO:tensorflow:Step: 1073, Loss: 5.086571, time: 1.403 sec/batch
INFO:tensorflow:Step: 1077, Loss: 4.948619, time: 1.408 sec/batch
INFO:tensorflow:Step: 1082, Loss: 5.257713, time: 1.480 sec/batch
INFO:tensorflow:Step: 1086, Loss: 5.136496, time: 1.412 sec/batch
INFO:tensorflow:Step: 1090, Loss: 5.225301, time: 1.412 sec/batch
INFO:tensorflow:Step: 1094, Loss: 5.148849, time: 1.618 sec/batch
INFO:tensorflow:Step: 1099, Loss: 5.116318, time: 1.386 sec/batch
INFO:tensorflow:Step: 1102, Loss: 5.208345, time: 1.376 sec/batch
INFO:tensorflow:Step: 1107, Loss: 5.189149, time: 1.700 sec/batch
INFO:tensorflow:Step: 1112, Loss: 5.214887, time: 1.842 sec/batch
INFO:tensorflow:Step: 1117, Loss: 5.211406, time: 1.338 sec/batch
INFO:tensorflow:Step: 1121, Loss: 5.150271, time: 1.337 sec/batch
INFO:tensorflow:Step: 1125, Loss: 4.928921, time: 1.330 sec/batch
INFO:tensorflow:Step: 1129, Loss: 5.069796, time: 1.586 sec/batch
INFO:tensorflow:Step: 1132, Loss: 5.125906, time: 1.383 sec/batch
INFO:tensorflow:Step: 1136, Loss: 5.168972, time: 1.485 sec/batch
INFO:tensorflow:Step: 1140, Loss: 5.118070, time: 1.422 sec/batch
INFO:tensorflow:Step: 1144, Loss: 5.224938, time: 1.653 sec/batch
INFO:tensorflow:Step: 1150, Loss: 5.165364, time: 1.781 sec/batch
INFO:tensorflow:Step: 1155, Loss: 5.368903, time: 1.801 sec/batch
INFO:tensorflow:Step: 1159, Loss: 5.115448, time: 1.708 sec/batch
INFO:tensorflow:Step: 1163, Loss: 5.225530, time: 1.438 sec/batch
INFO:tensorflow:Step: 1167, Loss: 5.083265, time: 1.890 sec/batch
INFO:tensorflow:Step: 1171, Loss: 5.206932, time: 1.370 sec/batch
INFO:tensorflow:Step: 1175, Loss: 5.252635, time: 1.532 sec/batch
INFO:tensorflow:Step: 1181, Loss: 5.080445, time: 1.443 sec/batch
INFO:tensorflow:Step: 1185, Loss: 4.999466, time: 1.354 sec/batch
INFO:tensorflow:Step: 1189, Loss: 5.070098, time: 1.303 sec/batch
INFO:tensorflow:Step: 1193, Loss: 5.270564, time: 1.409 sec/batch
INFO:tensorflow:Step: 1197, Loss: 5.017924, time: 1.375 sec/batch
INFO:tensorflow:Step: 1201, Loss: 5.033481, time: 1.445 sec/batch
INFO:tensorflow:Step: 1205, Loss: 5.103481, time: 1.429 sec/batch
INFO:tensorflow:Step: 1209, Loss: 5.195639, time: 1.428 sec/batch
INFO:tensorflow:Step: 1213, Loss: 5.210124, time: 1.287 sec/batch
INFO:tensorflow:Step: 1217, Loss: 5.061561, time: 1.512 sec/batch
INFO:tensorflow:Step: 1222, Loss: 5.273698, time: 1.515 sec/batch
INFO:tensorflow:Step: 1226, Loss: 5.303171, time: 1.360 sec/batch
INFO:tensorflow:Step: 1230, Loss: 5.004096, time: 1.393 sec/batch
INFO:tensorflow:Step: 1234, Loss: 5.242290, time: 1.409 sec/batch
INFO:tensorflow:Step: 1239, Loss: 4.984294, time: 1.476 sec/batch
INFO:tensorflow:Step: 1243, Loss: 4.985476, time: 1.534 sec/batch
INFO:tensorflow:Step: 1247, Loss: 5.053168, time: 1.608 sec/batch
INFO:tensorflow:Step: 1252, Loss: 4.986268, time: 1.482 sec/batch
INFO:tensorflow:Step: 1257, Loss: 5.026093, time: 1.791 sec/batch
INFO:tensorflow:Step: 1261, Loss: 5.402603, time: 1.503 sec/batch
INFO:tensorflow:Step: 1265, Loss: 5.423526, time: 1.389 sec/batch
INFO:tensorflow:Step: 1269, Loss: 4.995402, time: 1.556 sec/batch
INFO:tensorflow:Step: 1273, Loss: 5.035073, time: 1.468 sec/batch
INFO:tensorflow:Step: 1277, Loss: 5.352154, time: 1.938 sec/batch
INFO:tensorflow:Step: 1281, Loss: 5.079904, time: 1.379 sec/batch
INFO:tensorflow:Step: 1285, Loss: 4.988876, time: 1.404 sec/batch
INFO:tensorflow:Step: 1289, Loss: 5.109095, time: 1.373 sec/batch
INFO:tensorflow:Step: 1293, Loss: 5.335730, time: 1.474 sec/batch
INFO:tensorflow:Step: 1297, Loss: 5.157622, time: 1.558 sec/batch
INFO:tensorflow:Step: 1301, Loss: 5.427176, time: 1.483 sec/batch
INFO:tensorflow:Step: 1306, Loss: 5.113483, time: 1.370 sec/batch
INFO:tensorflow:Step: 1310, Loss: 5.096014, time: 1.366 sec/batch
INFO:tensorflow:Step: 1314, Loss: 5.271664, time: 1.407 sec/batch
INFO:tensorflow:Step: 1318, Loss: 5.259630, time: 1.456 sec/batch
INFO:tensorflow:Step: 1323, Loss: 5.038471, time: 1.513 sec/batch
INFO:tensorflow:Step: 1327, Loss: 5.114985, time: 1.456 sec/batch
INFO:tensorflow:Step: 1330, Loss: 5.142935, time: 1.493 sec/batch
INFO:tensorflow:Step: 1335, Loss: 5.104647, time: 1.416 sec/batch
INFO:tensorflow:Step: 1339, Loss: 4.975527, time: 1.451 sec/batch
INFO:tensorflow:Step: 1344, Loss: 4.972960, time: 1.358 sec/batch
INFO:tensorflow:Step: 1348, Loss: 5.081264, time: 1.351 sec/batch
INFO:tensorflow:Step: 1352, Loss: 5.159011, time: 1.492 sec/batch
INFO:tensorflow:Step: 1356, Loss: 5.098857, time: 1.578 sec/batch
INFO:tensorflow:Step: 1360, Loss: 5.154185, time: 1.768 sec/batch
INFO:tensorflow:Step: 1365, Loss: 5.005363, time: 1.531 sec/batch
INFO:tensorflow:Step: 1369, Loss: 5.389265, time: 1.347 sec/batch
INFO:tensorflow:Step: 1374, Loss: 5.118629, time: 1.483 sec/batch
INFO:tensorflow:Step: 1378, Loss: 5.227918, time: 1.495 sec/batch
INFO:tensorflow:Step: 1382, Loss: 5.168393, time: 1.607 sec/batch
INFO:tensorflow:Step: 1387, Loss: 5.323746, time: 1.502 sec/batch
INFO:tensorflow:Step: 1391, Loss: 5.198716, time: 1.384 sec/batch
INFO:tensorflow:Step: 1395, Loss: 5.264399, time: 1.352 sec/batch
INFO:tensorflow:Step: 1399, Loss: 5.103026, time: 1.413 sec/batch
INFO:tensorflow:Step: 1403, Loss: 5.170153, time: 1.369 sec/batch
INFO:tensorflow:Step: 1407, Loss: 4.918958, time: 1.368 sec/batch
INFO:tensorflow:Step: 1411, Loss: 5.091092, time: 1.367 sec/batch
INFO:tensorflow:Step: 1415, Loss: 4.964777, time: 1.361 sec/batch
INFO:tensorflow:Step: 1419, Loss: 5.029226, time: 1.380 sec/batch
INFO:tensorflow:Step: 1423, Loss: 5.147501, time: 1.477 sec/batch
INFO:tensorflow:Step: 1427, Loss: 5.050263, time: 1.398 sec/batch
INFO:tensorflow:Step: 1431, Loss: 5.041874, time: 1.373 sec/batch
INFO:tensorflow:Step: 1435, Loss: 4.961788, time: 1.428 sec/batch
INFO:tensorflow:Step: 1439, Loss: 5.150834, time: 1.727 sec/batch
INFO:tensorflow:Step: 1445, Loss: 5.185327, time: 1.438 sec/batch
INFO:tensorflow:Step: 1449, Loss: 5.125745, time: 1.591 sec/batch
INFO:tensorflow:Step: 1454, Loss: 4.872523, time: 1.459 sec/batch
INFO:tensorflow:Step: 1458, Loss: 5.275923, time: 1.415 sec/batch
INFO:tensorflow:Step: 1461, Loss: 5.116986, time: 1.489 sec/batch
INFO:tensorflow:Step: 1466, Loss: 5.100624, time: 1.438 sec/batch
INFO:tensorflow:Step: 1470, Loss: 5.171991, time: 1.381 sec/batch
INFO:tensorflow:Step: 1474, Loss: 5.194100, time: 1.376 sec/batch
INFO:tensorflow:Step: 1478, Loss: 5.017303, time: 1.671 sec/batch
INFO:tensorflow:Step: 1482, Loss: 5.099950, time: 1.540 sec/batch
INFO:tensorflow:Step: 1485, Loss: 4.990270, time: 1.500 sec/batch
INFO:tensorflow:Step: 1489, Loss: 5.185133, time: 1.393 sec/batch
INFO:tensorflow:Step: 1493, Loss: 5.206637, time: 1.551 sec/batch
INFO:tensorflow:Step: 1499, Loss: 5.082800, time: 1.744 sec/batch
INFO:tensorflow:Step: 1503, Loss: 5.034447, time: 1.385 sec/batch
INFO:tensorflow:Step: 1507, Loss: 5.224431, time: 1.385 sec/batch
INFO:tensorflow:Step: 1511, Loss: 5.186068, time: 1.346 sec/batch
INFO:tensorflow:Step: 1515, Loss: 5.065052, time: 1.579 sec/batch
INFO:tensorflow:Step: 1519, Loss: 5.000838, time: 1.434 sec/batch
INFO:tensorflow:Step: 1523, Loss: 5.213315, time: 1.418 sec/batch
INFO:tensorflow:Step: 1527, Loss: 5.208766, time: 1.653 sec/batch
INFO:tensorflow:Step: 1531, Loss: 5.086372, time: 1.409 sec/batch
INFO:tensorflow:Step: 1535, Loss: 5.513552, time: 1.468 sec/batch
INFO:tensorflow:Step: 1539, Loss: 5.341947, time: 1.396 sec/batch
INFO:tensorflow:Step: 1543, Loss: 5.046132, time: 1.408 sec/batch
INFO:tensorflow:Step: 1547, Loss: 5.330445, time: 1.357 sec/batch
INFO:tensorflow:Step: 1552, Loss: 5.225934, time: 1.405 sec/batch
INFO:tensorflow:Step: 1555, Loss: 4.941504, time: 1.672 sec/batch
INFO:tensorflow:Step: 1560, Loss: 5.106053, time: 1.812 sec/batch
INFO:tensorflow:Step: 1564, Loss: 4.853079, time: 1.333 sec/batch
INFO:tensorflow:Step: 1568, Loss: 4.950254, time: 1.705 sec/batch
INFO:tensorflow:Step: 1572, Loss: 5.110443, time: 1.592 sec/batch
INFO:tensorflow:Step: 1576, Loss: 5.403064, time: 1.362 sec/batch
INFO:tensorflow:Step: 1580, Loss: 5.137733, time: 1.458 sec/batch
INFO:tensorflow:Step: 1584, Loss: 5.120717, time: 1.401 sec/batch
INFO:tensorflow:Step: 1588, Loss: 5.025023, time: 1.375 sec/batch
INFO:tensorflow:Step: 1592, Loss: 5.136305, time: 1.342 sec/batch
INFO:tensorflow:Step: 1596, Loss: 5.213420, time: 1.388 sec/batch
INFO:tensorflow:Step: 1600, Loss: 5.192016, time: 1.341 sec/batch
INFO:tensorflow:Step: 1604, Loss: 4.958317, time: 1.363 sec/batch
INFO:tensorflow:Step: 1607, Loss: 5.227763, time: 1.379 sec/batch
INFO:tensorflow:Step: 1612, Loss: 5.123374, time: 1.609 sec/batch
INFO:tensorflow:Step: 1616, Loss: 5.162747, time: 1.511 sec/batch
INFO:tensorflow:Step: 1620, Loss: 5.311737, time: 1.505 sec/batch
INFO:tensorflow:Step: 1626, Loss: 5.146668, time: 1.713 sec/batch
INFO:tensorflow:Step: 1630, Loss: 5.129607, time: 1.363 sec/batch
INFO:tensorflow:Step: 1634, Loss: 5.301566, time: 1.366 sec/batch
INFO:tensorflow:Step: 1638, Loss: 5.228751, time: 1.345 sec/batch
INFO:tensorflow:Step: 1642, Loss: 5.015353, time: 1.358 sec/batch
INFO:tensorflow:Step: 1646, Loss: 4.821592, time: 1.286 sec/batch
INFO:tensorflow:Step: 1650, Loss: 5.149045, time: 1.388 sec/batch
INFO:tensorflow:Step: 1654, Loss: 5.009318, time: 1.447 sec/batch
INFO:tensorflow:Step: 1658, Loss: 4.935757, time: 1.585 sec/batch
INFO:tensorflow:Step: 1662, Loss: 4.951412, time: 1.466 sec/batch
INFO:tensorflow:Step: 1666, Loss: 5.175199, time: 1.581 sec/batch
INFO:tensorflow:Step: 1670, Loss: 5.179215, time: 1.695 sec/batch
INFO:tensorflow:Step: 1674, Loss: 5.010243, time: 1.450 sec/batch
INFO:tensorflow:Step: 1680, Loss: 5.025287, time: 1.572 sec/batch
INFO:tensorflow:Step: 1684, Loss: 5.220225, time: 1.363 sec/batch
INFO:tensorflow:Step: 1688, Loss: 5.423293, time: 1.444 sec/batch
INFO:tensorflow:Step: 1692, Loss: 4.929080, time: 1.716 sec/batch
INFO:tensorflow:Step: 1697, Loss: 5.391216, time: 1.475 sec/batch
INFO:tensorflow:Step: 1701, Loss: 5.130156, time: 1.451 sec/batch
INFO:tensorflow:Step: 1705, Loss: 5.024550, time: 1.416 sec/batch
INFO:tensorflow:Step: 1709, Loss: 4.920345, time: 1.287 sec/batch
INFO:tensorflow:Step: 1713, Loss: 5.159795, time: 1.318 sec/batch
INFO:tensorflow:Step: 1717, Loss: 4.994444, time: 1.512 sec/batch
INFO:tensorflow:Step: 1722, Loss: 5.142579, time: 1.526 sec/batch
INFO:tensorflow:Step: 1726, Loss: 5.000266, time: 1.336 sec/batch
INFO:tensorflow:Step: 1730, Loss: 5.018953, time: 1.468 sec/batch
INFO:tensorflow:Step: 1734, Loss: 5.047267, time: 1.375 sec/batch
INFO:tensorflow:Step: 1739, Loss: 5.180630, time: 1.460 sec/batch
INFO:tensorflow:Step: 1743, Loss: 4.955388, time: 1.356 sec/batch
INFO:tensorflow:Step: 1747, Loss: 5.053336, time: 1.378 sec/batch
INFO:tensorflow:Step: 1751, Loss: 5.002318, time: 1.433 sec/batch
INFO:tensorflow:Step: 1755, Loss: 4.981278, time: 1.415 sec/batch
INFO:tensorflow:Step: 1759, Loss: 5.028666, time: 1.502 sec/batch
INFO:tensorflow:Step: 1763, Loss: 5.063928, time: 1.629 sec/batch
INFO:tensorflow:Step: 1767, Loss: 5.215428, time: 1.480 sec/batch
INFO:tensorflow:Step: 1772, Loss: 5.377992, time: 1.533 sec/batch
INFO:tensorflow:Step: 1776, Loss: 5.078300, time: 1.521 sec/batch
INFO:tensorflow:Step: 1780, Loss: 5.022702, time: 1.419 sec/batch
INFO:tensorflow:Step: 1785, Loss: 5.108521, time: 1.565 sec/batch
INFO:tensorflow:Step: 1789, Loss: 4.925096, time: 1.326 sec/batch
INFO:tensorflow:Step: 1793, Loss: 5.031110, time: 1.485 sec/batch
INFO:tensorflow:Step: 1797, Loss: 4.939769, time: 1.384 sec/batch
INFO:tensorflow:Step: 1801, Loss: 5.079074, time: 1.809 sec/batch
INFO:tensorflow:Step: 1807, Loss: 4.905082, time: 1.599 sec/batch
INFO:tensorflow:Step: 1811, Loss: 5.156551, time: 1.443 sec/batch
INFO:tensorflow:Step: 1815, Loss: 4.968616, time: 1.372 sec/batch
INFO:tensorflow:Step: 1819, Loss: 4.978324, time: 1.407 sec/batch
INFO:tensorflow:Step: 1823, Loss: 4.949232, time: 1.332 sec/batch
INFO:tensorflow:Step: 1827, Loss: 5.072013, time: 1.319 sec/batch
INFO:tensorflow:Step: 1831, Loss: 5.073647, time: 1.446 sec/batch
INFO:tensorflow:Step: 1835, Loss: 4.977733, time: 1.517 sec/batch
INFO:tensorflow:Step: 1840, Loss: 5.079902, time: 1.534 sec/batch
INFO:tensorflow:Step: 1844, Loss: 5.120040, time: 1.323 sec/batch
INFO:tensorflow:Step: 1848, Loss: 5.025633, time: 1.353 sec/batch
INFO:tensorflow:Step: 1852, Loss: 5.133133, time: 1.381 sec/batch
INFO:tensorflow:Step: 1856, Loss: 4.974037, time: 1.422 sec/batch
INFO:tensorflow:Step: 1860, Loss: 5.178141, time: 1.349 sec/batch
run-expr-4node.sh: line 23: 37035 Terminated              CUDA_VISIBLE_DEVICES=$1 bazel-bin/inception/imagenet_distributed_train --batch_size=64 --data_dir=/lfs/local/0/daniter/imagenet-8-$2 --job_name='worker' --task_id=$2 --ps_hosts='raiders1:2228' --worker_hosts='raiders1:2200,raiders1:2201,raiders3:2209,raiders3:2210' --initial_learning_rate=$3 --momentum=$4 --sync=True --compute_groups=$5
