I tensorflow/stream_executor/dso_loader.cc:108] successfully opened CUDA library libcublas.so locally
I tensorflow/stream_executor/dso_loader.cc:108] successfully opened CUDA library libcudnn.so locally
I tensorflow/stream_executor/dso_loader.cc:108] successfully opened CUDA library libcufft.so locally
I tensorflow/stream_executor/dso_loader.cc:108] successfully opened CUDA library libcuda.so locally
I tensorflow/stream_executor/dso_loader.cc:108] successfully opened CUDA library libcurand.so locally
INFO:tensorflow:PS hosts are: ['master:2200']
INFO:tensorflow:Worker hosts are: ['master:2201', 'master:2202', 'master:2203', 'master:2204', 'node001:2205', 'node001:2206', 'node001:2207', 'node001:2208', 'node002:2209', 'node002:2210', 'node002:2211', 'node002:2212', 'node003:2213', 'node003:2214', 'node003:2215', 'node003:2216', 'node004:2217', 'node004:2218', 'node004:2219', 'node004:2220', 'node005:2221', 'node005:2222', 'node005:2223', 'node005:2224', 'node006:2225', 'node006:2226', 'node006:2227', 'node006:2228', 'node007:2229', 'node007:2230', 'node007:2231', 'node007:2232']
I tensorflow/stream_executor/cuda/cuda_gpu_executor.cc:922] successful NUMA node read from SysFS had negative value (-1), but there must be at least one NUMA node, so returning NUMA node zero
I tensorflow/core/common_runtime/gpu/gpu_init.cc:102] Found device 0 with properties: 
name: GRID K520
major: 3 minor: 0 memoryClockRate (GHz) 0.797
pciBusID 0000:00:03.0
Total memory: 4.00GiB
Free memory: 3.95GiB
I tensorflow/core/common_runtime/gpu/gpu_init.cc:126] DMA: 0 
I tensorflow/core/common_runtime/gpu/gpu_init.cc:136] 0:   Y 
I tensorflow/core/common_runtime/gpu/gpu_device.cc:784] Creating TensorFlow device (/gpu:0) -> (device: 0, name: GRID K520, pci bus id: 0000:00:03.0)
I tensorflow/core/distributed_runtime/rpc/grpc_channel.cc:206] Initialize HostPortsGrpcChannelCache for job ps -> {master:2200}
I tensorflow/core/distributed_runtime/rpc/grpc_channel.cc:206] Initialize HostPortsGrpcChannelCache for job worker -> {localhost:2201, master:2202, master:2203, master:2204, node001:2205, node001:2206, node001:2207, node001:2208, node002:2209, node002:2210, node002:2211, node002:2212, node003:2213, node003:2214, node003:2215, node003:2216, node004:2217, node004:2218, node004:2219, node004:2220, node005:2221, node005:2222, node005:2223, node005:2224, node006:2225, node006:2226, node006:2227, node006:2228, node007:2229, node007:2230, node007:2231, node007:2232}
I tensorflow/core/distributed_runtime/rpc/grpc_server_lib.cc:202] Started server with target: grpc://localhost:2201
INFO:tensorflow:Learning rate: 0.010000, momentum: 0.900000
INFO:tensorflow:Sync mode!!!!!!
INFO:tensorflow:Compute groups : 1
INFO:tensorflow:SyncReplicas enabled: replicas_to_aggregate=32; total_num_replicas=32
INFO:tensorflow:Num nodes per compute groups: 32
INFO:tensorflow:Tokens per step: 32
INFO:tensorflow:2016-08-10 06:25:06.971516 Supervisor
INFO:tensorflow:Restored model from /imagenet/snapshot/model.ckpt-7871
INFO:tensorflow:got sessions! 2016-08-10 06:26:05.283902 
INFO:tensorflow:Started 3 queues for processing input data.
INFO:tensorflow:global_step/sec: 0
I tensorflow/core/common_runtime/gpu/pool_allocator.cc:244] PoolAllocator: After 3869 get requests, put_count=2852 evicted_count=1000 eviction_rate=0.350631 and unsatisfied allocation rate=0.54717
I tensorflow/core/common_runtime/gpu/pool_allocator.cc:256] Raising pool_size_limit_ from 100 to 110
INFO:tensorflow:Step: 7871, Loss: 10.083360, time: 16.319 sec/batch
INFO:tensorflow:Step: 7871, Loss: 9.934575, time: 3.255 sec/batch
INFO:tensorflow:Step: 7871, Loss: 9.360149, time: 3.604 sec/batch
INFO:tensorflow:Step: 7871, Loss: 9.179273, time: 3.908 sec/batch
INFO:tensorflow:Step: 7872, Loss: 9.621123, time: 3.276 sec/batch
I tensorflow/core/common_runtime/gpu/pool_allocator.cc:244] PoolAllocator: After 0 get requests, put_count=1016 evicted_count=1000 eviction_rate=0.984252 and unsatisfied allocation rate=0
INFO:tensorflow:Step: 7872, Loss: 9.973112, time: 2.744 sec/batch
INFO:tensorflow:Step: 7872, Loss: 9.058278, time: 7.388 sec/batch
INFO:tensorflow:Step: 7873, Loss: 8.512096, time: 4.352 sec/batch
INFO:tensorflow:Step: 7873, Loss: 9.314178, time: 2.738 sec/batch
INFO:tensorflow:Step: 7873, Loss: 9.279994, time: 4.754 sec/batch
INFO:tensorflow:Step: 7874, Loss: 9.066633, time: 6.410 sec/batch
I tensorflow/core/common_runtime/gpu/pool_allocator.cc:244] PoolAllocator: After 3768 get requests, put_count=4060 evicted_count=2000 eviction_rate=0.492611 and unsatisfied allocation rate=0.459926
I tensorflow/core/common_runtime/gpu/pool_allocator.cc:256] Raising pool_size_limit_ from 281 to 309
INFO:tensorflow:Step: 7874, Loss: 9.369072, time: 6.460 sec/batch
INFO:tensorflow:Step: 7875, Loss: 9.978147, time: 14.163 sec/batch
INFO:tensorflow:Step: 7876, Loss: 9.517981, time: 11.733 sec/batch
INFO:tensorflow:Step: 7877, Loss: 9.376974, time: 12.046 sec/batch
INFO:tensorflow:global_step/sec: 0.0575967
INFO:tensorflow:Step: 7878, Loss: 9.249904, time: 12.366 sec/batch
INFO:tensorflow:Step: 7879, Loss: 9.268982, time: 12.431 sec/batch
I tensorflow/core/common_runtime/gpu/pool_allocator.cc:244] PoolAllocator: After 0 get requests, put_count=1049 evicted_count=1000 eviction_rate=0.953289 and unsatisfied allocation rate=0
INFO:tensorflow:Step: 7880, Loss: 10.026994, time: 12.590 sec/batch
INFO:tensorflow:Step: 7881, Loss: 9.649975, time: 12.794 sec/batch
INFO:tensorflow:Step: 7882, Loss: 8.388056, time: 12.354 sec/batch
INFO:tensorflow:Step: 7883, Loss: 9.472733, time: 12.981 sec/batch
INFO:tensorflow:Step: 7884, Loss: 9.579358, time: 13.135 sec/batch
INFO:tensorflow:Step: 7885, Loss: 8.957856, time: 12.681 sec/batch
INFO:tensorflow:Step: 7886, Loss: 9.251557, time: 13.099 sec/batch
INFO:tensorflow:global_step/sec: 0.0766805
INFO:tensorflow:Step: 7887, Loss: 9.635877, time: 11.845 sec/batch
INFO:tensorflow:Step: 7888, Loss: 9.154987, time: 10.604 sec/batch
I tensorflow/core/common_runtime/gpu/pool_allocator.cc:244] PoolAllocator: After 3768 get requests, put_count=4015 evicted_count=1000 eviction_rate=0.249066 and unsatisfied allocation rate=0.227707
I tensorflow/core/common_runtime/gpu/pool_allocator.cc:256] Raising pool_size_limit_ from 1158 to 1273
INFO:tensorflow:Step: 7889, Loss: 8.759693, time: 12.497 sec/batch
INFO:tensorflow:Step: 7890, Loss: 8.535919, time: 13.311 sec/batch
INFO:tensorflow:Step: 7891, Loss: 9.158757, time: 14.202 sec/batch
INFO:tensorflow:Step: 7892, Loss: 9.655817, time: 12.610 sec/batch
INFO:tensorflow:Step: 7893, Loss: 8.701258, time: 11.305 sec/batch
INFO:tensorflow:Step: 7894, Loss: 9.914693, time: 12.477 sec/batch
INFO:tensorflow:Step: 7895, Loss: 8.388827, time: 11.737 sec/batch
INFO:tensorflow:Step: 7896, Loss: 8.771144, time: 14.223 sec/batch
INFO:tensorflow:global_step/sec: 0.0818833
INFO:tensorflow:Step: 7897, Loss: 9.599120, time: 12.860 sec/batch
INFO:tensorflow:Step: 7898, Loss: 9.340787, time: 13.306 sec/batch
INFO:tensorflow:Step: 7899, Loss: 9.434299, time: 13.604 sec/batch
INFO:tensorflow:Step: 7900, Loss: 10.173617, time: 13.480 sec/batch
INFO:tensorflow:Step: 7901, Loss: 10.073551, time: 15.039 sec/batch
INFO:tensorflow:Step: 7902, Loss: 9.201185, time: 12.627 sec/batch
INFO:tensorflow:Step: 7903, Loss: 9.441069, time: 11.112 sec/batch
INFO:tensorflow:Step: 7904, Loss: 8.955987, time: 11.877 sec/batch
INFO:tensorflow:Step: 7905, Loss: 10.151572, time: 13.158 sec/batch
INFO:tensorflow:global_step/sec: 0.0763533
INFO:tensorflow:Step: 7906, Loss: 8.653469, time: 12.762 sec/batch
INFO:tensorflow:Step: 7907, Loss: 9.369375, time: 11.800 sec/batch
INFO:tensorflow:Step: 7908, Loss: 9.038998, time: 14.473 sec/batch
run-expr-aws-32node.sh: line 25:  6532 Terminated              CUDA_VISIBLE_DEVICES=$1 bazel-bin/inception/imagenet_distributed_train --batch_size=32 --data_dir=/imagenet/ilsvrc12_train_tfrecord_32_PARTITION/32P_p$2 --job_name='worker' --task_id=$2 --ps_hosts='master:2200' --worker_hosts='master:2201,master:2202,master:2203,master:2204,node001:2205,node001:2206,node001:2207,node001:2208,node002:2209,node002:2210,node002:2211,node002:2212,node003:2213,node003:2214,node003:2215,node003:2216,node004:2217,node004:2218,node004:2219,node004:2220,node005:2221,node005:2222,node005:2223,node005:2224,node006:2225,node006:2226,node006:2227,node006:2228,node007:2229,node007:2230,node007:2231,node007:2232' --initial_learning_rate=$3 --momentum=$4 --sync=True --compute_groups=$5
