INFO:tensorflow:PS hosts are: ['localhost:2228']
INFO:tensorflow:Worker hosts are: ['localhost:2201', 'localhost:2202', 'localhost:2203', 'localhost:2204', 'localhost:2205', 'localhost:2206', 'localhost:2207', 'localhost:2208', 'localhost:2209', 'localhost:2210', 'localhost:2211', 'localhost:2212', 'localhost:2213', 'localhost:2214', 'localhost:2215', 'localhost:2216']
I tensorflow/core/distributed_runtime/rpc/grpc_channel.cc:206] Initialize HostPortsGrpcChannelCache for job ps -> {localhost:2228}
I tensorflow/core/distributed_runtime/rpc/grpc_channel.cc:206] Initialize HostPortsGrpcChannelCache for job worker -> {localhost:2201, localhost:2202, localhost:2203, localhost:2204, localhost:2205, localhost:2206, localhost:2207, localhost:2208, localhost:2209, localhost:2210, localhost:2211, localhost:2212, localhost:2213, localhost:2214, localhost:2215, localhost:2216}
I tensorflow/core/distributed_runtime/rpc/grpc_server_lib.cc:202] Started server with target: grpc://localhost:2228
I tensorflow/core/kernels/logging_ops.cc:79] ~~~~~ daniter~~~ GLobalstep:[399][0.00583233 -0.0030849364...]
I tensorflow/core/kernels/logging_ops.cc:79] ~~~~~ daniter~~~ GLobalstep:[400][-0.0025808192 0.0020772254...]
I tensorflow/core/kernels/logging_ops.cc:79] ~~~~~ daniter~~~ GLobalstep:[401][0.00089612673 -0.0046966551...]
I tensorflow/core/kernels/logging_ops.cc:79] ~~~~~ daniter~~~ GLobalstep:[402][0.0030313218 0.0011534295...]
I tensorflow/core/kernels/logging_ops.cc:79] ~~~~~ daniter~~~ GLobalstep:[403][-0.00035562576 0.0022745021...]
I tensorflow/core/kernels/logging_ops.cc:79] ~~~~~ daniter~~~ GLobalstep:[404][0.0023962227 0.0010337888...]
I tensorflow/core/kernels/logging_ops.cc:79] ~~~~~ daniter~~~ GLobalstep:[405][-3.4170575e-05 -0.0038689519...]
I tensorflow/core/kernels/logging_ops.cc:79] ~~~~~ daniter~~~ GLobalstep:[406][-0.0031624446 -0.00094980688...]
I tensorflow/core/kernels/logging_ops.cc:79] ~~~~~ daniter~~~ GLobalstep:[407][-0.0026446385 -0.0022859047...]
I tensorflow/core/kernels/logging_ops.cc:79] ~~~~~ daniter~~~ GLobalstep:[408][-0.0038296198 0.00041544728...]
I tensorflow/core/kernels/logging_ops.cc:79] ~~~~~ daniter~~~ GLobalstep:[409][-0.0102085 0.0004324929...]
I tensorflow/core/kernels/logging_ops.cc:79] ~~~~~ daniter~~~ GLobalstep:[410][0.0010408424 -0.00077638653...]
I tensorflow/core/kernels/logging_ops.cc:79] ~~~~~ daniter~~~ GLobalstep:[411][0.0023458758 0.0041216873...]
I tensorflow/core/kernels/logging_ops.cc:79] ~~~~~ daniter~~~ GLobalstep:[412][-0.0041935765 -0.0045288913...]
I tensorflow/core/kernels/logging_ops.cc:79] ~~~~~ daniter~~~ GLobalstep:[413][-0.0054741371 -0.0024001095...]
I tensorflow/core/kernels/logging_ops.cc:79] ~~~~~ daniter~~~ GLobalstep:[414][-0.0077501545 0.0036846667...]
I tensorflow/core/kernels/logging_ops.cc:79] ~~~~~ daniter~~~ GLobalstep:[415][-0.0035646765 0.0027169003...]
I tensorflow/core/kernels/logging_ops.cc:79] ~~~~~ daniter~~~ GLobalstep:[416][0.0029671374 0.0028403685...]
I tensorflow/core/kernels/logging_ops.cc:79] ~~~~~ daniter~~~ GLobalstep:[417][-0.0023613118 0.0027493695...]
I tensorflow/core/kernels/logging_ops.cc:79] ~~~~~ daniter~~~ GLobalstep:[418][0.0011209212 -0.0022776721...]
I tensorflow/core/kernels/logging_ops.cc:79] ~~~~~ daniter~~~ GLobalstep:[419][0.0017208089 0.0045990217...]
I tensorflow/core/kernels/logging_ops.cc:79] ~~~~~ daniter~~~ GLobalstep:[420][-0.0012413864 0.00010688114...]
I tensorflow/core/kernels/logging_ops.cc:79] ~~~~~ daniter~~~ GLobalstep:[421][-0.0029425286 -0.0036230339...]
I tensorflow/core/kernels/logging_ops.cc:79] ~~~~~ daniter~~~ GLobalstep:[422][0.002492191 0.0010820413...]
I tensorflow/core/kernels/logging_ops.cc:79] ~~~~~ daniter~~~ GLobalstep:[423][-0.0011025965 -0.0017645182...]
I tensorflow/core/kernels/logging_ops.cc:79] ~~~~~ daniter~~~ GLobalstep:[424][0.0070866654 0.0017045097...]
I tensorflow/core/kernels/logging_ops.cc:79] ~~~~~ daniter~~~ GLobalstep:[425][0.00040876769 0.0041794176...]
I tensorflow/core/kernels/logging_ops.cc:79] ~~~~~ daniter~~~ GLobalstep:[426][-0.0017831058 0.0035940874...]
I tensorflow/core/kernels/logging_ops.cc:79] ~~~~~ daniter~~~ GLobalstep:[427][-0.0016539537 0.00065176922...]
I tensorflow/core/kernels/logging_ops.cc:79] ~~~~~ daniter~~~ GLobalstep:[428][-0.001809204 0.0011704731...]
I tensorflow/core/kernels/logging_ops.cc:79] ~~~~~ daniter~~~ GLobalstep:[429][0.001332031 0.0042732786...]
I tensorflow/core/kernels/logging_ops.cc:79] ~~~~~ daniter~~~ GLobalstep:[430][0.0042517846 0.0021417676...]
I tensorflow/core/kernels/logging_ops.cc:79] ~~~~~ daniter~~~ GLobalstep:[431][0.00052850338 0.00067270931...]
I tensorflow/core/kernels/logging_ops.cc:79] ~~~~~ daniter~~~ GLobalstep:[432][0.0010552969 -0.00027356279...]
I tensorflow/core/kernels/logging_ops.cc:79] ~~~~~ daniter~~~ GLobalstep:[433][-0.0011226014 0.0021391786...]
I tensorflow/core/kernels/logging_ops.cc:79] ~~~~~ daniter~~~ GLobalstep:[434][-0.0024846951 0.0012109249...]
I tensorflow/core/kernels/logging_ops.cc:79] ~~~~~ daniter~~~ GLobalstep:[435][-0.0076668384 0.0013324382...]
I tensorflow/core/kernels/logging_ops.cc:79] ~~~~~ daniter~~~ GLobalstep:[436][0.00013067259 0.00052471168...]
I tensorflow/core/kernels/logging_ops.cc:79] ~~~~~ daniter~~~ GLobalstep:[437][0.006142023 0.0017002972...]
run-ps-16node.sh: line 21: 73550 Terminated              CUDA_VISIBLE_DEVICES='' bazel-bin/inception/imagenet_distributed_train --batch_size=16 --data_dir=/lfs/local/0/daniter/imagenet-8 --job_name='ps' --task_id=0 --ps_hosts='localhost:2228' --worker_hosts='localhost:2201,localhost:2202,localhost:2203,localhost:2204,localhost:2205,localhost:2206,localhost:2207,localhost:2208,localhost:2209,localhost:2210,localhost:2211,localhost:2212,localhost:2213,localhost:2214,localhost:2215,localhost:2216' --initial_learning_rate=$1 --momentum=$2 --sync=True --compute_groups=$3
