INFO:tensorflow:PS hosts are: ['localhost:2228']
INFO:tensorflow:Worker hosts are: ['localhost:2201', 'localhost:2202', 'localhost:2203', 'localhost:2204', 'localhost:2205', 'localhost:2206', 'localhost:2207', 'localhost:2208', 'localhost:2209', 'localhost:2210', 'localhost:2211', 'localhost:2212', 'localhost:2213', 'localhost:2214', 'localhost:2215', 'localhost:2216']
I tensorflow/core/distributed_runtime/rpc/grpc_channel.cc:206] Initialize HostPortsGrpcChannelCache for job ps -> {localhost:2228}
I tensorflow/core/distributed_runtime/rpc/grpc_channel.cc:206] Initialize HostPortsGrpcChannelCache for job worker -> {localhost:2201, localhost:2202, localhost:2203, localhost:2204, localhost:2205, localhost:2206, localhost:2207, localhost:2208, localhost:2209, localhost:2210, localhost:2211, localhost:2212, localhost:2213, localhost:2214, localhost:2215, localhost:2216}
I tensorflow/core/distributed_runtime/rpc/grpc_server_lib.cc:202] Started server with target: grpc://localhost:2201
INFO:tensorflow:Learning rate: 0.001000, momentum: 0.600000
INFO:tensorflow:Sync mode!!!!!!
INFO:tensorflow:Compute groups : 1
INFO:tensorflow:SyncReplicas enabled: replicas_to_aggregate=16; total_num_replicas=16
INFO:tensorflow:Num nodes per compute groups: 16
INFO:tensorflow:Tokens per step: 16
INFO:tensorflow:2016-07-19 19:52:17.279383 Supervisor
INFO:tensorflow:Restored model from /lfs/local/0/daniter/cg-snapshot/model.ckpt-399
INFO:tensorflow:got sessions!
INFO:tensorflow:Started 3 queues for processing input data.
INFO:tensorflow:global_step/sec: 0
INFO:tensorflow:Step: 399, Loss: 6.064886, time: 7.268 sec/batch
INFO:tensorflow:Step: 399, Loss: 7.081672, time: 5.732 sec/batch
INFO:tensorflow:Step: 399, Loss: 5.645703, time: 5.230 sec/batch
INFO:tensorflow:global_step/sec: 0
INFO:tensorflow:Step: 399, Loss: 4.937441, time: 105.461 sec/batch
INFO:tensorflow:Step: 400, Loss: 5.874793, time: 77.488 sec/batch
INFO:tensorflow:global_step/sec: 0.0167067
INFO:tensorflow:Step: 401, Loss: 6.153315, time: 71.595 sec/batch
INFO:tensorflow:Step: 402, Loss: 5.202724, time: 67.740 sec/batch
INFO:tensorflow:global_step/sec: 0.0166924
INFO:tensorflow:Step: 403, Loss: 6.108071, time: 69.418 sec/batch
INFO:tensorflow:global_step/sec: 0.00833881
INFO:tensorflow:Step: 404, Loss: 5.220610, time: 71.588 sec/batch
INFO:tensorflow:Step: 405, Loss: 5.290891, time: 65.623 sec/batch
INFO:tensorflow:global_step/sec: 0.0166393
INFO:tensorflow:Step: 406, Loss: 6.442371, time: 68.120 sec/batch
INFO:tensorflow:Step: 407, Loss: 5.358613, time: 65.578 sec/batch
INFO:tensorflow:global_step/sec: 0.0166464
INFO:tensorflow:Step: 408, Loss: 5.329858, time: 68.741 sec/batch
INFO:tensorflow:Step: 409, Loss: 5.693757, time: 65.634 sec/batch
INFO:tensorflow:global_step/sec: 0.0166538
INFO:tensorflow:Step: 410, Loss: 5.723409, time: 64.085 sec/batch
INFO:tensorflow:Step: 411, Loss: 6.419696, time: 64.862 sec/batch
INFO:tensorflow:global_step/sec: 0.0167174
INFO:tensorflow:Step: 412, Loss: 5.283332, time: 65.789 sec/batch
INFO:tensorflow:Step: 413, Loss: 5.268687, time: 65.130 sec/batch
INFO:tensorflow:global_step/sec: 0.016527
INFO:tensorflow:Step: 414, Loss: 5.980583, time: 64.986 sec/batch
INFO:tensorflow:Step: 415, Loss: 5.223052, time: 65.378 sec/batch
INFO:tensorflow:Step: 416, Loss: 6.035639, time: 64.038 sec/batch
INFO:tensorflow:Step: 417, Loss: 5.518639, time: 65.241 sec/batch
INFO:tensorflow:Step: 418, Loss: 5.624804, time: 64.560 sec/batch
INFO:tensorflow:Step: 419, Loss: 5.173092, time: 63.983 sec/batch
INFO:tensorflow:Step: 420, Loss: 5.720327, time: 64.886 sec/batch
INFO:tensorflow:Step: 421, Loss: 5.329164, time: 64.292 sec/batch
INFO:tensorflow:Step: 422, Loss: 4.853832, time: 65.723 sec/batch
INFO:tensorflow:Step: 423, Loss: 4.850975, time: 64.392 sec/batch
INFO:tensorflow:Step: 424, Loss: 4.925936, time: 64.742 sec/batch
INFO:tensorflow:Step: 425, Loss: 5.768533, time: 63.541 sec/batch
INFO:tensorflow:Step: 426, Loss: 5.457699, time: 63.475 sec/batch
INFO:tensorflow:Step: 427, Loss: 5.723253, time: 64.151 sec/batch
INFO:tensorflow:Step: 428, Loss: 5.633673, time: 62.990 sec/batch
INFO:tensorflow:Step: 429, Loss: 5.719744, time: 63.854 sec/batch
INFO:tensorflow:Step: 430, Loss: 5.490674, time: 62.292 sec/batch
INFO:tensorflow:Step: 431, Loss: 5.525217, time: 63.204 sec/batch
INFO:tensorflow:Step: 432, Loss: 5.481738, time: 62.522 sec/batch
INFO:tensorflow:Step: 433, Loss: 5.171667, time: 64.093 sec/batch
INFO:tensorflow:Step: 434, Loss: 5.375871, time: 63.168 sec/batch
INFO:tensorflow:Step: 435, Loss: 5.267012, time: 62.511 sec/batch
INFO:tensorflow:Step: 436, Loss: 5.280241, time: 62.936 sec/batch
INFO:tensorflow:Step: 437, Loss: 5.931166, time: 62.099 sec/batch
run-expr-16node.sh: line 23: 73553 Terminated              CUDA_VISIBLE_DEVICES='' bazel-bin/inception/imagenet_distributed_train --batch_size=16 --data_dir=/lfs/local/0/daniter/imagenet-8-$2 --job_name='worker' --task_id=$2 --ps_hosts='localhost:2228' --worker_hosts='localhost:2201,localhost:2202,localhost:2203,localhost:2204,localhost:2205,localhost:2206,localhost:2207,localhost:2208,localhost:2209,localhost:2210,localhost:2211,localhost:2212,localhost:2213,localhost:2214,localhost:2215,localhost:2216' --initial_learning_rate=$3 --momentum=$4 --sync=True --compute_groups=$5
