INFO:tensorflow:PS hosts are: ['raiders1:2200']
INFO:tensorflow:Worker hosts are: ['raiders1:2201', 'raiders1:2202', 'raiders1:2203', 'raiders1:2204', 'raiders1:2205', 'raiders1:2206', 'raiders1:2207', 'raiders1:2208', 'raiders1:2209', 'raiders1:2210', 'raiders1:2211', 'raiders3:2212', 'raiders3:2213', 'raiders3:2214', 'raiders3:2215', 'raiders3:2216', 'raiders3:2217', 'raiders3:2218', 'raiders3:2219', 'raiders3:2220', 'raiders3:2221', 'raiders3:2222', 'raiders8:2223', 'raiders8:2224', 'raiders8:2225', 'raiders8:2226', 'raiders8:2227', 'raiders8:2228', 'raiders8:2228', 'raiders8:2230', 'raiders8:2231', 'raiders8:2232']
I tensorflow/core/distributed_runtime/rpc/grpc_channel.cc:206] Initialize HostPortsGrpcChannelCache for job ps -> {raiders1:2200}
I tensorflow/core/distributed_runtime/rpc/grpc_channel.cc:206] Initialize HostPortsGrpcChannelCache for job worker -> {localhost:2201, raiders1:2202, raiders1:2203, raiders1:2204, raiders1:2205, raiders1:2206, raiders1:2207, raiders1:2208, raiders1:2209, raiders1:2210, raiders1:2211, raiders3:2212, raiders3:2213, raiders3:2214, raiders3:2215, raiders3:2216, raiders3:2217, raiders3:2218, raiders3:2219, raiders3:2220, raiders3:2221, raiders3:2222, raiders8:2223, raiders8:2224, raiders8:2225, raiders8:2226, raiders8:2227, raiders8:2228, raiders8:2228, raiders8:2230, raiders8:2231, raiders8:2232}
I tensorflow/core/distributed_runtime/rpc/grpc_server_lib.cc:202] Started server with target: grpc://localhost:2201
INFO:tensorflow:Learning rate: 0.000100, momentum: 0.300000
INFO:tensorflow:Sync mode!!!!!!
INFO:tensorflow:Compute groups : 16
INFO:tensorflow:SyncReplicas enabled: replicas_to_aggregate=32; total_num_replicas=32
INFO:tensorflow:Num nodes per compute groups: 2
INFO:tensorflow:Tokens per step: 2
INFO:tensorflow:2016-07-22 23:37:18.922516 Supervisor
INFO:tensorflow:Restored model from /lfs/local/0/daniter/cg-snapshot/model.ckpt-399
INFO:tensorflow:got sessions! 2016-07-22 23:38:18.236524 
INFO:tensorflow:Started 3 queues for processing input data.
INFO:tensorflow:global_step/sec: 0
INFO:tensorflow:Ok now you can start 2016-07-22 23:38:19.664159
INFO:tensorflow:Thank you, we're starting 2016-07-22 23:38:43.748984
INFO:tensorflow:starting round: 2016-07-22 23:38:45.879677
I tensorflow/core/kernels/logging_ops.cc:79] aux_logits:[0]
I tensorflow/core/kernels/logging_ops.cc:79] cross_entropy_loss[0]
I tensorflow/core/kernels/logging_ops.cc:79] logits:[0]
I tensorflow/core/kernels/logging_ops.cc:79] cross_entropy_loss[0]
INFO:tensorflow:Step: 399, Loss: 5.767938, time: 44.708 sec/batch
INFO:tensorflow:starting round: 2016-07-22 23:39:30.588603
I tensorflow/core/kernels/logging_ops.cc:79] aux_logits:[0]
I tensorflow/core/kernels/logging_ops.cc:79] cross_entropy_loss[0]
I tensorflow/core/kernels/logging_ops.cc:79] logits:[0]
I tensorflow/core/kernels/logging_ops.cc:79] cross_entropy_loss[0]
INFO:tensorflow:global_step/sec: 0.25247
INFO:tensorflow:Step: 414, Loss: 6.343446, time: 48.036 sec/batch
INFO:tensorflow:starting round: 2016-07-22 23:40:18.624893
I tensorflow/core/kernels/logging_ops.cc:79] aux_logits:[0]
I tensorflow/core/kernels/logging_ops.cc:79] cross_entropy_loss[0]
I tensorflow/core/kernels/logging_ops.cc:79] logits:[0]
I tensorflow/core/kernels/logging_ops.cc:79] cross_entropy_loss[0]
INFO:tensorflow:Step: 429, Loss: 6.542595, time: 34.443 sec/batch
INFO:tensorflow:starting round: 2016-07-22 23:40:53.068967
I tensorflow/core/kernels/logging_ops.cc:79] aux_logits:[0]
I tensorflow/core/kernels/logging_ops.cc:79] cross_entropy_loss[0]
I tensorflow/core/kernels/logging_ops.cc:79] logits:[0]
I tensorflow/core/kernels/logging_ops.cc:79] cross_entropy_loss[0]
INFO:tensorflow:Step: 441, Loss: 5.430506, time: 39.942 sec/batch
INFO:tensorflow:starting round: 2016-07-22 23:41:33.014761
I tensorflow/core/kernels/logging_ops.cc:79] aux_logits:[0]
I tensorflow/core/kernels/logging_ops.cc:79] cross_entropy_loss[0]
I tensorflow/core/kernels/logging_ops.cc:79] logits:[0]
I tensorflow/core/kernels/logging_ops.cc:79] cross_entropy_loss[0]
INFO:tensorflow:global_step/sec: 0.391672
INFO:tensorflow:Step: 459, Loss: 4.724697, time: 48.230 sec/batch
INFO:tensorflow:starting round: 2016-07-22 23:42:21.245873
I tensorflow/core/kernels/logging_ops.cc:79] aux_logits:[0]
I tensorflow/core/kernels/logging_ops.cc:79] cross_entropy_loss[0]
I tensorflow/core/kernels/logging_ops.cc:79] logits:[0]
I tensorflow/core/kernels/logging_ops.cc:79] cross_entropy_loss[0]
INFO:tensorflow:Step: 480, Loss: 5.660858, time: 43.107 sec/batch
INFO:tensorflow:starting round: 2016-07-22 23:43:04.354003
I tensorflow/core/kernels/logging_ops.cc:79] aux_logits:[0]
I tensorflow/core/kernels/logging_ops.cc:79] cross_entropy_loss[0]
I tensorflow/core/kernels/logging_ops.cc:79] logits:[0]
I tensorflow/core/kernels/logging_ops.cc:79] cross_entropy_loss[0]
INFO:tensorflow:Step: 497, Loss: 5.291175, time: 39.277 sec/batch
INFO:tensorflow:starting round: 2016-07-22 23:43:43.631534
I tensorflow/core/kernels/logging_ops.cc:79] aux_logits:[0]
I tensorflow/core/kernels/logging_ops.cc:79] cross_entropy_loss[0]
I tensorflow/core/kernels/logging_ops.cc:79] logits:[0]
I tensorflow/core/kernels/logging_ops.cc:79] cross_entropy_loss[0]
INFO:tensorflow:global_step/sec: 0.416595
INFO:tensorflow:Step: 513, Loss: 5.598775, time: 48.963 sec/batch
INFO:tensorflow:starting round: 2016-07-22 23:44:32.595131
I tensorflow/core/kernels/logging_ops.cc:79] aux_logits:[0]
I tensorflow/core/kernels/logging_ops.cc:79] cross_entropy_loss[0]
I tensorflow/core/kernels/logging_ops.cc:79] logits:[0]
I tensorflow/core/kernels/logging_ops.cc:79] cross_entropy_loss[0]
INFO:tensorflow:Step: 534, Loss: 5.099187, time: 45.096 sec/batch
INFO:tensorflow:starting round: 2016-07-22 23:45:17.691624
I tensorflow/core/kernels/logging_ops.cc:79] aux_logits:[0]
I tensorflow/core/kernels/logging_ops.cc:79] cross_entropy_loss[0]
I tensorflow/core/kernels/logging_ops.cc:79] logits:[0]
I tensorflow/core/kernels/logging_ops.cc:79] cross_entropy_loss[0]
INFO:tensorflow:Step: 554, Loss: 4.868217, time: 48.383 sec/batch
INFO:tensorflow:starting round: 2016-07-22 23:46:06.078786
I tensorflow/core/kernels/logging_ops.cc:79] aux_logits:[0]
I tensorflow/core/kernels/logging_ops.cc:79] cross_entropy_loss[0]
I tensorflow/core/kernels/logging_ops.cc:79] logits:[0]
I tensorflow/core/kernels/logging_ops.cc:79] cross_entropy_loss[0]
INFO:tensorflow:global_step/sec: 0.457086
INFO:tensorflow:Step: 574, Loss: 5.798250, time: 45.978 sec/batch
INFO:tensorflow:starting round: 2016-07-22 23:46:52.057922
I tensorflow/core/kernels/logging_ops.cc:79] aux_logits:[0]
I tensorflow/core/kernels/logging_ops.cc:79] cross_entropy_loss[0]
I tensorflow/core/kernels/logging_ops.cc:79] logits:[0]
I tensorflow/core/kernels/logging_ops.cc:79] cross_entropy_loss[0]
INFO:tensorflow:Step: 596, Loss: 5.726091, time: 45.126 sec/batch
INFO:tensorflow:starting round: 2016-07-22 23:47:37.184919
I tensorflow/core/kernels/logging_ops.cc:79] aux_logits:[0]
I tensorflow/core/kernels/logging_ops.cc:79] cross_entropy_loss[0]
I tensorflow/core/kernels/logging_ops.cc:79] logits:[0]
I tensorflow/core/kernels/logging_ops.cc:79] cross_entropy_loss[0]
INFO:tensorflow:global_step/sec: 0.417887
INFO:tensorflow:Step: 616, Loss: 5.150235, time: 47.265 sec/batch
INFO:tensorflow:starting round: 2016-07-22 23:48:24.450556
I tensorflow/core/kernels/logging_ops.cc:79] aux_logits:[0]
I tensorflow/core/kernels/logging_ops.cc:79] cross_entropy_loss[0]
I tensorflow/core/kernels/logging_ops.cc:79] logits:[0]
I tensorflow/core/kernels/logging_ops.cc:79] cross_entropy_loss[0]
INFO:tensorflow:Step: 638, Loss: 5.349684, time: 44.271 sec/batch
INFO:tensorflow:starting round: 2016-07-22 23:49:08.722449
I tensorflow/core/kernels/logging_ops.cc:79] aux_logits:[0]
I tensorflow/core/kernels/logging_ops.cc:79] cross_entropy_loss[0]
I tensorflow/core/kernels/logging_ops.cc:79] logits:[0]
I tensorflow/core/kernels/logging_ops.cc:79] cross_entropy_loss[0]
INFO:tensorflow:Step: 658, Loss: 5.898278, time: 44.126 sec/batch
INFO:tensorflow:starting round: 2016-07-22 23:49:52.849757
I tensorflow/core/kernels/logging_ops.cc:79] aux_logits:[0]
I tensorflow/core/kernels/logging_ops.cc:79] cross_entropy_loss[0]
I tensorflow/core/kernels/logging_ops.cc:79] logits:[0]
I tensorflow/core/kernels/logging_ops.cc:79] cross_entropy_loss[0]
INFO:tensorflow:global_step/sec: 0.43262
INFO:tensorflow:Step: 675, Loss: 4.847197, time: 44.137 sec/batch
INFO:tensorflow:starting round: 2016-07-22 23:50:36.987954
I tensorflow/core/kernels/logging_ops.cc:79] aux_logits:[0]
I tensorflow/core/kernels/logging_ops.cc:79] cross_entropy_loss[0]
I tensorflow/core/kernels/logging_ops.cc:79] logits:[0]
I tensorflow/core/kernels/logging_ops.cc:79] cross_entropy_loss[0]
INFO:tensorflow:Step: 692, Loss: 5.801243, time: 43.857 sec/batch
INFO:tensorflow:starting round: 2016-07-22 23:51:20.845950
I tensorflow/core/kernels/logging_ops.cc:79] aux_logits:[0]
I tensorflow/core/kernels/logging_ops.cc:79] cross_entropy_loss[0]
I tensorflow/core/kernels/logging_ops.cc:79] logits:[0]
I tensorflow/core/kernels/logging_ops.cc:79] cross_entropy_loss[0]
INFO:tensorflow:Step: 710, Loss: 5.438621, time: 46.778 sec/batch
INFO:tensorflow:starting round: 2016-07-22 23:52:07.628532
I tensorflow/core/kernels/logging_ops.cc:79] aux_logits:[0]
I tensorflow/core/kernels/logging_ops.cc:79] cross_entropy_loss[0]
I tensorflow/core/kernels/logging_ops.cc:79] logits:[0]
I tensorflow/core/kernels/logging_ops.cc:79] cross_entropy_loss[0]
INFO:tensorflow:global_step/sec: 0.456061
INFO:tensorflow:Step: 729, Loss: 4.956234, time: 39.250 sec/batch
INFO:tensorflow:starting round: 2016-07-22 23:52:46.879315
I tensorflow/core/kernels/logging_ops.cc:79] aux_logits:[0]
I tensorflow/core/kernels/logging_ops.cc:79] cross_entropy_loss[0]
I tensorflow/core/kernels/logging_ops.cc:79] logits:[0]
I tensorflow/core/kernels/logging_ops.cc:79] cross_entropy_loss[0]
INFO:tensorflow:Step: 746, Loss: 5.533798, time: 37.264 sec/batch
INFO:tensorflow:starting round: 2016-07-22 23:53:24.146528
I tensorflow/core/kernels/logging_ops.cc:79] aux_logits:[0]
I tensorflow/core/kernels/logging_ops.cc:79] cross_entropy_loss[0]
I tensorflow/core/kernels/logging_ops.cc:79] logits:[0]
I tensorflow/core/kernels/logging_ops.cc:79] cross_entropy_loss[0]
INFO:tensorflow:Step: 762, Loss: 5.642555, time: 38.492 sec/batch
INFO:tensorflow:starting round: 2016-07-22 23:54:02.639830
I tensorflow/core/kernels/logging_ops.cc:79] aux_logits:[0]
I tensorflow/core/kernels/logging_ops.cc:79] cross_entropy_loss[0]
I tensorflow/core/kernels/logging_ops.cc:79] logits:[0]
I tensorflow/core/kernels/logging_ops.cc:79] cross_entropy_loss[0]
INFO:tensorflow:global_step/sec: 0.393161
INFO:tensorflow:Step: 780, Loss: 5.021656, time: 39.036 sec/batch
INFO:tensorflow:starting round: 2016-07-22 23:54:41.676803
I tensorflow/core/kernels/logging_ops.cc:79] aux_logits:[0]
I tensorflow/core/kernels/logging_ops.cc:79] cross_entropy_loss[0]
I tensorflow/core/kernels/logging_ops.cc:79] logits:[0]
I tensorflow/core/kernels/logging_ops.cc:79] cross_entropy_loss[0]
INFO:tensorflow:Step: 798, Loss: 5.436354, time: 39.866 sec/batch
INFO:tensorflow:starting round: 2016-07-22 23:55:21.543773
I tensorflow/core/kernels/logging_ops.cc:79] aux_logits:[0]
I tensorflow/core/kernels/logging_ops.cc:79] cross_entropy_loss[0]
I tensorflow/core/kernels/logging_ops.cc:79] logits:[0]
I tensorflow/core/kernels/logging_ops.cc:79] cross_entropy_loss[0]
INFO:tensorflow:Step: 818, Loss: 5.451595, time: 41.681 sec/batch
INFO:tensorflow:starting round: 2016-07-22 23:56:03.225508
I tensorflow/core/kernels/logging_ops.cc:79] aux_logits:[0]
I tensorflow/core/kernels/logging_ops.cc:79] cross_entropy_loss[0]
I tensorflow/core/kernels/logging_ops.cc:79] logits:[0]
I tensorflow/core/kernels/logging_ops.cc:79] cross_entropy_loss[0]
INFO:tensorflow:global_step/sec: 0.45921
INFO:tensorflow:Step: 837, Loss: 5.690570, time: 42.981 sec/batch
INFO:tensorflow:starting round: 2016-07-22 23:56:46.207948
I tensorflow/core/kernels/logging_ops.cc:79] aux_logits:[0]
I tensorflow/core/kernels/logging_ops.cc:79] cross_entropy_loss[0]
I tensorflow/core/kernels/logging_ops.cc:79] logits:[0]
I tensorflow/core/kernels/logging_ops.cc:79] cross_entropy_loss[0]
INFO:tensorflow:Step: 854, Loss: 5.279503, time: 40.769 sec/batch
INFO:tensorflow:starting round: 2016-07-22 23:57:26.977926
I tensorflow/core/kernels/logging_ops.cc:79] aux_logits:[0]
I tensorflow/core/kernels/logging_ops.cc:79] cross_entropy_loss[0]
I tensorflow/core/kernels/logging_ops.cc:79] logits:[0]
I tensorflow/core/kernels/logging_ops.cc:79] cross_entropy_loss[0]
INFO:tensorflow:Step: 873, Loss: 5.337346, time: 44.533 sec/batch
INFO:tensorflow:starting round: 2016-07-22 23:58:11.519242
I tensorflow/core/kernels/logging_ops.cc:79] aux_logits:[0]
I tensorflow/core/kernels/logging_ops.cc:79] cross_entropy_loss[0]
I tensorflow/core/kernels/logging_ops.cc:79] logits:[0]
I tensorflow/core/kernels/logging_ops.cc:79] cross_entropy_loss[0]
INFO:tensorflow:Step: 894, Loss: 5.647083, time: 42.875 sec/batch
INFO:tensorflow:starting round: 2016-07-22 23:58:54.395375
I tensorflow/core/kernels/logging_ops.cc:79] aux_logits:[0]
I tensorflow/core/kernels/logging_ops.cc:79] cross_entropy_loss[0]
I tensorflow/core/kernels/logging_ops.cc:79] logits:[0]
I tensorflow/core/kernels/logging_ops.cc:79] cross_entropy_loss[0]
INFO:tensorflow:Step: 911, Loss: 5.678646, time: 41.072 sec/batch
INFO:tensorflow:starting round: 2016-07-22 23:59:35.469748
I tensorflow/core/kernels/logging_ops.cc:79] aux_logits:[0]
I tensorflow/core/kernels/logging_ops.cc:79] cross_entropy_loss[0]
I tensorflow/core/kernels/logging_ops.cc:79] logits:[0]
I tensorflow/core/kernels/logging_ops.cc:79] cross_entropy_loss[0]
INFO:tensorflow:Step: 928, Loss: 4.913799, time: 44.470 sec/batch
INFO:tensorflow:starting round: 2016-07-23 00:00:19.942286
I tensorflow/core/kernels/logging_ops.cc:79] aux_logits:[0]
I tensorflow/core/kernels/logging_ops.cc:79] cross_entropy_loss[0]
I tensorflow/core/kernels/logging_ops.cc:79] logits:[0]
I tensorflow/core/kernels/logging_ops.cc:79] cross_entropy_loss[0]
INFO:tensorflow:Step: 950, Loss: 4.994558, time: 41.161 sec/batch
INFO:tensorflow:starting round: 2016-07-23 00:01:01.108833
I tensorflow/core/kernels/logging_ops.cc:79] aux_logits:[0]
I tensorflow/core/kernels/logging_ops.cc:79] cross_entropy_loss[0]
I tensorflow/core/kernels/logging_ops.cc:79] logits:[0]
I tensorflow/core/kernels/logging_ops.cc:79] cross_entropy_loss[0]
INFO:tensorflow:Step: 969, Loss: 5.046654, time: 40.735 sec/batch
INFO:tensorflow:starting round: 2016-07-23 00:01:41.844148
I tensorflow/core/kernels/logging_ops.cc:79] aux_logits:[0]
I tensorflow/core/kernels/logging_ops.cc:79] cross_entropy_loss[0]
I tensorflow/core/kernels/logging_ops.cc:79] logits:[0]
I tensorflow/core/kernels/logging_ops.cc:79] cross_entropy_loss[0]
INFO:tensorflow:Step: 984, Loss: 4.870988, time: 41.927 sec/batch
INFO:tensorflow:starting round: 2016-07-23 00:02:23.773945
I tensorflow/core/kernels/logging_ops.cc:79] aux_logits:[0]
I tensorflow/core/kernels/logging_ops.cc:79] cross_entropy_loss[0]
I tensorflow/core/kernels/logging_ops.cc:79] logits:[0]
I tensorflow/core/kernels/logging_ops.cc:79] cross_entropy_loss[0]
INFO:tensorflow:Step: 1004, Loss: 6.078969, time: 43.150 sec/batch
INFO:tensorflow:starting round: 2016-07-23 00:03:06.924973
I tensorflow/core/kernels/logging_ops.cc:79] aux_logits:[0]
I tensorflow/core/kernels/logging_ops.cc:79] cross_entropy_loss[0]
I tensorflow/core/kernels/logging_ops.cc:79] logits:[0]
I tensorflow/core/kernels/logging_ops.cc:79] cross_entropy_loss[0]
INFO:tensorflow:Step: 1022, Loss: 5.435642, time: 38.526 sec/batch
INFO:tensorflow:starting round: 2016-07-23 00:03:45.452027
I tensorflow/core/kernels/logging_ops.cc:79] aux_logits:[0]
I tensorflow/core/kernels/logging_ops.cc:79] cross_entropy_loss[0]
I tensorflow/core/kernels/logging_ops.cc:79] logits:[0]
I tensorflow/core/kernels/logging_ops.cc:79] cross_entropy_loss[0]
INFO:tensorflow:Step: 1040, Loss: 5.157212, time: 40.103 sec/batch
INFO:tensorflow:starting round: 2016-07-23 00:04:25.556286
I tensorflow/core/kernels/logging_ops.cc:79] aux_logits:[0]
I tensorflow/core/kernels/logging_ops.cc:79] cross_entropy_loss[0]
I tensorflow/core/kernels/logging_ops.cc:79] logits:[0]
I tensorflow/core/kernels/logging_ops.cc:79] cross_entropy_loss[0]
INFO:tensorflow:Step: 1056, Loss: 5.707184, time: 40.890 sec/batch
INFO:tensorflow:starting round: 2016-07-23 00:05:06.446808
I tensorflow/core/kernels/logging_ops.cc:79] aux_logits:[0]
I tensorflow/core/kernels/logging_ops.cc:79] cross_entropy_loss[0]
I tensorflow/core/kernels/logging_ops.cc:79] logits:[0]
I tensorflow/core/kernels/logging_ops.cc:79] cross_entropy_loss[0]
INFO:tensorflow:Step: 1074, Loss: 5.597309, time: 39.608 sec/batch
INFO:tensorflow:starting round: 2016-07-23 00:05:46.055722
I tensorflow/core/kernels/logging_ops.cc:79] aux_logits:[0]
I tensorflow/core/kernels/logging_ops.cc:79] cross_entropy_loss[0]
I tensorflow/core/kernels/logging_ops.cc:79] logits:[0]
I tensorflow/core/kernels/logging_ops.cc:79] cross_entropy_loss[0]
INFO:tensorflow:Step: 1094, Loss: 5.108970, time: 39.416 sec/batch
INFO:tensorflow:starting round: 2016-07-23 00:06:25.472457
I tensorflow/core/kernels/logging_ops.cc:79] aux_logits:[0]
I tensorflow/core/kernels/logging_ops.cc:79] cross_entropy_loss[0]
I tensorflow/core/kernels/logging_ops.cc:79] logits:[0]
I tensorflow/core/kernels/logging_ops.cc:79] cross_entropy_loss[0]
run-expr-32node.sh: line 23: 51640 Terminated              CUDA_VISIBLE_DEVICES='' bazel-bin/inception/imagenet_distributed_train --batch_size=16 --data_dir=/lfs/local/0/daniter/32node-data-$2 --job_name='worker' --task_id=$2 --ps_hosts='raiders1:2200' --worker_hosts='raiders1:2201,raiders1:2202,raiders1:2203,raiders1:2204,raiders1:2205,raiders1:2206,raiders1:2207,raiders1:2208,raiders1:2209,raiders1:2210,raiders1:2211,raiders3:2212,raiders3:2213,raiders3:2214,raiders3:2215,raiders3:2216,raiders3:2217,raiders3:2218,raiders3:2219,raiders3:2220,raiders3:2221,raiders3:2222,raiders8:2223,raiders8:2224,raiders8:2225,raiders8:2226,raiders8:2227,raiders8:2228,raiders8:2228,raiders8:2230,raiders8:2231,raiders8:2232' --initial_learning_rate=$3 --momentum=$4 --sync=True --compute_groups=$5
