I tensorflow/stream_executor/dso_loader.cc:108] successfully opened CUDA library libcublas.so locally
I tensorflow/stream_executor/dso_loader.cc:108] successfully opened CUDA library libcudnn.so locally
I tensorflow/stream_executor/dso_loader.cc:108] successfully opened CUDA library libcufft.so locally
I tensorflow/stream_executor/dso_loader.cc:108] successfully opened CUDA library libcuda.so locally
I tensorflow/stream_executor/dso_loader.cc:108] successfully opened CUDA library libcurand.so locally
INFO:tensorflow:PS hosts are: ['raiders1:2200']
INFO:tensorflow:Worker hosts are: ['raiders1:2201', 'raiders1:2202', 'raiders1:2203', 'raiders1:2204', 'raiders2:2205', 'raiders2:2206', 'raiders2:2207', 'raiders2:2208', 'raiders3:2209', 'raiders3:2210', 'raiders3:2211', 'raiders3:2212', 'raiders8:2213', 'raiders8:2214', 'raiders8:2215', 'raiders8:2216']
E tensorflow/stream_executor/cuda/cuda_driver.cc:491] failed call to cuInit: CUDA_ERROR_NO_DEVICE
I tensorflow/stream_executor/cuda/cuda_diagnostics.cc:153] retrieving CUDA diagnostic information for host: raiders1
I tensorflow/stream_executor/cuda/cuda_diagnostics.cc:160] hostname: raiders1
I tensorflow/stream_executor/cuda/cuda_diagnostics.cc:185] libcuda reported version is: Not found: was unable to find libcuda.so DSO loaded into this program
I tensorflow/stream_executor/cuda/cuda_diagnostics.cc:347] driver version file contents: """NVRM version: NVIDIA UNIX x86_64 Kernel Module  367.27  Thu Jun  9 18:53:27 PDT 2016
GCC version:  gcc version 4.8.4 (Ubuntu 4.8.4-2ubuntu1~14.04.3) 
"""
I tensorflow/stream_executor/cuda/cuda_diagnostics.cc:189] kernel reported version is: 367.27.0
I tensorflow/core/common_runtime/gpu/gpu_init.cc:81] No GPU devices available on machine.
I tensorflow/core/distributed_runtime/rpc/grpc_channel.cc:206] Initialize HostPortsGrpcChannelCache for job ps -> {raiders1:2200}
I tensorflow/core/distributed_runtime/rpc/grpc_channel.cc:206] Initialize HostPortsGrpcChannelCache for job worker -> {localhost:2201, raiders1:2202, raiders1:2203, raiders1:2204, raiders2:2205, raiders2:2206, raiders2:2207, raiders2:2208, raiders3:2209, raiders3:2210, raiders3:2211, raiders3:2212, raiders8:2213, raiders8:2214, raiders8:2215, raiders8:2216}
I tensorflow/core/distributed_runtime/rpc/grpc_server_lib.cc:202] Started server with target: grpc://localhost:2201
INFO:tensorflow:Learning rate: 0.005000, momentum: 0.900000
INFO:tensorflow:Sync mode!!!!!!
INFO:tensorflow:Compute groups : 2
INFO:tensorflow:SyncReplicas enabled: replicas_to_aggregate=16; total_num_replicas=16
INFO:tensorflow:Num nodes per compute groups: 8
INFO:tensorflow:Tokens per step: 8
INFO:tensorflow:2016-07-26 11:16:42.559698 Supervisor
INFO:tensorflow:Restored model from /lfs/local/0/daniter/cg-snapshot/model.ckpt-399
INFO:tensorflow:got sessions! 2016-07-26 11:17:41.190606 
INFO:tensorflow:Started 3 queues for processing input data.
INFO:tensorflow:global_step/sec: 0
INFO:tensorflow:Step: 399, Loss: 5.580469, time: 28.043 sec/batch
INFO:tensorflow:Step: 399, Loss: 5.726563, time: 18.183 sec/batch
INFO:tensorflow:Step: 403, Loss: 5.414423, time: 17.876 sec/batch
INFO:tensorflow:Step: 405, Loss: 4.954567, time: 16.431 sec/batch
INFO:tensorflow:Step: 407, Loss: 6.743990, time: 15.235 sec/batch
INFO:tensorflow:Step: 409, Loss: 6.039107, time: 14.006 sec/batch
INFO:tensorflow:global_step/sec: 0.109526
INFO:tensorflow:Step: 411, Loss: 6.438811, time: 13.937 sec/batch
INFO:tensorflow:Step: 413, Loss: 9.435012, time: 14.460 sec/batch
INFO:tensorflow:Step: 415, Loss: 6.772400, time: 14.991 sec/batch
INFO:tensorflow:Step: 417, Loss: 9.933388, time: 15.454 sec/batch
INFO:tensorflow:Step: 420, Loss: 8.636333, time: 15.502 sec/batch
INFO:tensorflow:Step: 422, Loss: 10.614285, time: 15.137 sec/batch
INFO:tensorflow:Step: 424, Loss: 10.186749, time: 22.146 sec/batch
INFO:tensorflow:global_step/sec: 0.133414
INFO:tensorflow:Step: 427, Loss: 8.553197, time: 17.162 sec/batch
INFO:tensorflow:Step: 429, Loss: 13.910595, time: 14.941 sec/batch
INFO:tensorflow:Step: 431, Loss: 9.529816, time: 13.792 sec/batch
INFO:tensorflow:Step: 433, Loss: 9.516849, time: 13.980 sec/batch
INFO:tensorflow:Step: 435, Loss: 7.112881, time: 14.473 sec/batch
INFO:tensorflow:Step: 437, Loss: 8.616815, time: 14.006 sec/batch
INFO:tensorflow:Step: 439, Loss: 6.430881, time: 14.762 sec/batch
INFO:tensorflow:Step: 441, Loss: 6.915460, time: 13.258 sec/batch
INFO:tensorflow:Step: 443, Loss: 7.362089, time: 13.556 sec/batch
INFO:tensorflow:global_step/sec: 0.141662
INFO:tensorflow:Step: 445, Loss: 6.427949, time: 15.230 sec/batch
INFO:tensorflow:Step: 447, Loss: 6.439472, time: 14.874 sec/batch
INFO:tensorflow:Step: 449, Loss: 6.811199, time: 14.051 sec/batch
INFO:tensorflow:Step: 451, Loss: 6.684810, time: 14.978 sec/batch
INFO:tensorflow:Step: 453, Loss: 6.217464, time: 15.256 sec/batch
INFO:tensorflow:Step: 455, Loss: 6.142797, time: 15.447 sec/batch
INFO:tensorflow:Step: 457, Loss: 6.721885, time: 14.809 sec/batch
INFO:tensorflow:Step: 459, Loss: 6.596729, time: 14.284 sec/batch
INFO:tensorflow:global_step/sec: 0.133319
INFO:tensorflow:Step: 461, Loss: 6.202393, time: 16.744 sec/batch
INFO:tensorflow:Step: 463, Loss: 6.217536, time: 17.397 sec/batch
INFO:tensorflow:Step: 465, Loss: 6.195721, time: 17.078 sec/batch
INFO:tensorflow:Step: 467, Loss: 6.226988, time: 18.750 sec/batch
INFO:tensorflow:Step: 469, Loss: 5.870029, time: 14.828 sec/batch
INFO:tensorflow:Step: 471, Loss: 6.095219, time: 15.065 sec/batch
INFO:tensorflow:Step: 473, Loss: 6.058921, time: 14.239 sec/batch
INFO:tensorflow:global_step/sec: 0.116626
INFO:tensorflow:Step: 475, Loss: 5.769492, time: 16.547 sec/batch
INFO:tensorflow:Step: 476, Loss: 6.635485, time: 16.123 sec/batch
INFO:tensorflow:Step: 478, Loss: 6.509528, time: 16.779 sec/batch
INFO:tensorflow:Step: 481, Loss: 5.836719, time: 17.447 sec/batch
INFO:tensorflow:Step: 483, Loss: 5.495224, time: 16.799 sec/batch
INFO:tensorflow:Step: 485, Loss: 5.315804, time: 17.823 sec/batch
INFO:tensorflow:Step: 487, Loss: 6.031860, time: 16.217 sec/batch
INFO:tensorflow:global_step/sec: 0.116681
INFO:tensorflow:Step: 489, Loss: 5.972010, time: 17.472 sec/batch
INFO:tensorflow:Step: 491, Loss: 5.448964, time: 16.967 sec/batch
INFO:tensorflow:Step: 493, Loss: 6.442644, time: 16.416 sec/batch
INFO:tensorflow:Step: 495, Loss: 5.855578, time: 16.135 sec/batch
INFO:tensorflow:Step: 496, Loss: 5.784497, time: 15.412 sec/batch
INFO:tensorflow:Step: 499, Loss: 5.998843, time: 16.509 sec/batch
INFO:tensorflow:Step: 501, Loss: 5.470422, time: 17.313 sec/batch
INFO:tensorflow:Step: 503, Loss: 5.861142, time: 15.619 sec/batch
INFO:tensorflow:global_step/sec: 0.131792
INFO:tensorflow:Step: 505, Loss: 5.406281, time: 16.463 sec/batch
INFO:tensorflow:Step: 507, Loss: 5.943844, time: 17.025 sec/batch
INFO:tensorflow:Step: 509, Loss: 5.550081, time: 15.573 sec/batch
INFO:tensorflow:Step: 511, Loss: 6.070226, time: 16.253 sec/batch
INFO:tensorflow:Step: 513, Loss: 5.552973, time: 16.287 sec/batch
INFO:tensorflow:Step: 515, Loss: 5.529507, time: 15.913 sec/batch
INFO:tensorflow:Step: 517, Loss: 5.296358, time: 17.141 sec/batch
INFO:tensorflow:global_step/sec: 0.117994
INFO:tensorflow:Step: 519, Loss: 5.729489, time: 15.585 sec/batch
INFO:tensorflow:Step: 521, Loss: 5.552601, time: 16.790 sec/batch
INFO:tensorflow:Step: 523, Loss: 5.534666, time: 15.900 sec/batch
INFO:tensorflow:Step: 525, Loss: 5.813148, time: 15.358 sec/batch
INFO:tensorflow:Step: 527, Loss: 5.499976, time: 15.157 sec/batch
INFO:tensorflow:Step: 529, Loss: 5.320870, time: 16.310 sec/batch
INFO:tensorflow:Step: 531, Loss: 5.520102, time: 16.200 sec/batch
INFO:tensorflow:global_step/sec: 0.116744
INFO:tensorflow:Step: 533, Loss: 5.664885, time: 16.228 sec/batch
INFO:tensorflow:Step: 535, Loss: 5.842699, time: 16.131 sec/batch
INFO:tensorflow:Step: 537, Loss: 5.833193, time: 16.223 sec/batch
INFO:tensorflow:Step: 539, Loss: 5.448589, time: 16.634 sec/batch
INFO:tensorflow:Step: 541, Loss: 5.218200, time: 15.306 sec/batch
INFO:tensorflow:Step: 543, Loss: 5.314398, time: 15.897 sec/batch
INFO:tensorflow:Step: 545, Loss: 6.004747, time: 16.941 sec/batch
INFO:tensorflow:Step: 547, Loss: 5.669063, time: 15.610 sec/batch
INFO:tensorflow:Step: 549, Loss: 5.259376, time: 16.430 sec/batch
INFO:tensorflow:Step: 551, Loss: 5.969755, time: 14.060 sec/batch
INFO:tensorflow:Step: 552, Loss: 5.666622, time: 15.337 sec/batch
INFO:tensorflow:Step: 555, Loss: 5.905251, time: 16.106 sec/batch
INFO:tensorflow:Step: 557, Loss: 5.588327, time: 16.278 sec/batch
INFO:tensorflow:Step: 559, Loss: 5.322363, time: 16.389 sec/batch
INFO:tensorflow:Step: 561, Loss: 5.843478, time: 15.193 sec/batch
INFO:tensorflow:Step: 563, Loss: 5.846704, time: 16.076 sec/batch
INFO:tensorflow:Step: 565, Loss: 5.523224, time: 16.436 sec/batch
INFO:tensorflow:Step: 566, Loss: 5.414096, time: 14.175 sec/batch
INFO:tensorflow:Step: 568, Loss: 5.656631, time: 14.521 sec/batch
INFO:tensorflow:Step: 570, Loss: 5.392892, time: 14.725 sec/batch
INFO:tensorflow:Step: 572, Loss: 5.221391, time: 14.897 sec/batch
INFO:tensorflow:Step: 575, Loss: 5.491219, time: 15.552 sec/batch
INFO:tensorflow:Step: 577, Loss: 5.028107, time: 15.964 sec/batch
INFO:tensorflow:Step: 579, Loss: 5.528812, time: 16.705 sec/batch
INFO:tensorflow:Step: 581, Loss: 5.847723, time: 14.694 sec/batch
INFO:tensorflow:Step: 582, Loss: 5.202940, time: 16.868 sec/batch
INFO:tensorflow:Step: 585, Loss: 5.771044, time: 15.053 sec/batch
INFO:tensorflow:Step: 587, Loss: 5.181323, time: 16.339 sec/batch
INFO:tensorflow:Step: 588, Loss: 5.529767, time: 16.213 sec/batch
INFO:tensorflow:Step: 591, Loss: 5.481069, time: 16.078 sec/batch
INFO:tensorflow:Step: 593, Loss: 5.639111, time: 16.498 sec/batch
INFO:tensorflow:Step: 595, Loss: 5.089122, time: 15.233 sec/batch
INFO:tensorflow:Step: 597, Loss: 5.529745, time: 15.153 sec/batch
INFO:tensorflow:Step: 599, Loss: 5.644451, time: 15.460 sec/batch
INFO:tensorflow:Step: 601, Loss: 5.019711, time: 16.582 sec/batch
INFO:tensorflow:Step: 603, Loss: 5.528049, time: 14.703 sec/batch
INFO:tensorflow:Step: 605, Loss: 5.587695, time: 16.697 sec/batch
INFO:tensorflow:Step: 607, Loss: 5.455265, time: 15.483 sec/batch
INFO:tensorflow:Step: 609, Loss: 5.877442, time: 14.545 sec/batch
INFO:tensorflow:Step: 611, Loss: 5.448133, time: 16.515 sec/batch
INFO:tensorflow:Step: 613, Loss: 5.596111, time: 14.332 sec/batch
INFO:tensorflow:Step: 615, Loss: 5.420403, time: 15.782 sec/batch
INFO:tensorflow:Step: 617, Loss: 5.718856, time: 15.824 sec/batch
INFO:tensorflow:Step: 619, Loss: 5.954354, time: 15.760 sec/batch
INFO:tensorflow:Step: 621, Loss: 5.333118, time: 18.162 sec/batch
INFO:tensorflow:Step: 623, Loss: 5.542152, time: 13.707 sec/batch
INFO:tensorflow:Step: 625, Loss: 5.606089, time: 13.599 sec/batch
INFO:tensorflow:Step: 627, Loss: 5.585223, time: 14.557 sec/batch
INFO:tensorflow:Step: 629, Loss: 5.448540, time: 15.765 sec/batch
INFO:tensorflow:Step: 631, Loss: 5.698657, time: 15.256 sec/batch
INFO:tensorflow:Step: 633, Loss: 5.750165, time: 16.290 sec/batch
INFO:tensorflow:Step: 635, Loss: 5.093548, time: 15.137 sec/batch
INFO:tensorflow:Step: 636, Loss: 5.375025, time: 15.997 sec/batch
INFO:tensorflow:Step: 639, Loss: 5.659008, time: 15.443 sec/batch
INFO:tensorflow:Step: 641, Loss: 5.646685, time: 15.283 sec/batch
INFO:tensorflow:Step: 642, Loss: 6.018673, time: 15.315 sec/batch
INFO:tensorflow:Step: 645, Loss: 5.591568, time: 16.069 sec/batch
INFO:tensorflow:Step: 647, Loss: 5.102806, time: 15.429 sec/batch
INFO:tensorflow:Step: 649, Loss: 5.001589, time: 14.838 sec/batch
INFO:tensorflow:Step: 650, Loss: 5.159961, time: 15.840 sec/batch
INFO:tensorflow:Step: 653, Loss: 5.456545, time: 15.529 sec/batch
INFO:tensorflow:Step: 654, Loss: 5.321551, time: 15.057 sec/batch
INFO:tensorflow:Step: 656, Loss: 5.188627, time: 15.427 sec/batch
INFO:tensorflow:Step: 659, Loss: 4.966574, time: 15.351 sec/batch
INFO:tensorflow:Step: 661, Loss: 5.487547, time: 15.703 sec/batch
INFO:tensorflow:Step: 663, Loss: 5.211296, time: 16.109 sec/batch
INFO:tensorflow:Step: 665, Loss: 5.348207, time: 15.065 sec/batch
INFO:tensorflow:Step: 667, Loss: 5.459900, time: 15.398 sec/batch
INFO:tensorflow:Step: 669, Loss: 5.536461, time: 15.223 sec/batch
INFO:tensorflow:Step: 670, Loss: 5.329033, time: 15.706 sec/batch
INFO:tensorflow:Step: 673, Loss: 5.351874, time: 15.830 sec/batch
INFO:tensorflow:Step: 675, Loss: 5.471058, time: 15.366 sec/batch
INFO:tensorflow:Step: 677, Loss: 5.506535, time: 16.129 sec/batch
INFO:tensorflow:Step: 679, Loss: 5.744078, time: 15.777 sec/batch
INFO:tensorflow:Step: 680, Loss: 5.093578, time: 15.566 sec/batch
INFO:tensorflow:Step: 683, Loss: 5.440318, time: 14.373 sec/batch
INFO:tensorflow:Step: 684, Loss: 4.944270, time: 14.794 sec/batch
INFO:tensorflow:Step: 686, Loss: 5.483053, time: 15.479 sec/batch
INFO:tensorflow:Step: 689, Loss: 5.286633, time: 14.939 sec/batch
INFO:tensorflow:Step: 690, Loss: 5.110255, time: 15.243 sec/batch
INFO:tensorflow:Step: 693, Loss: 5.544267, time: 14.669 sec/batch
INFO:tensorflow:Step: 695, Loss: 5.200447, time: 15.478 sec/batch
INFO:tensorflow:Step: 697, Loss: 5.230998, time: 15.196 sec/batch
INFO:tensorflow:Step: 698, Loss: 5.610747, time: 15.153 sec/batch
INFO:tensorflow:Step: 700, Loss: 5.376235, time: 15.293 sec/batch
INFO:tensorflow:Step: 702, Loss: 5.338966, time: 12.637 sec/batch
INFO:tensorflow:Step: 704, Loss: 5.146019, time: 14.515 sec/batch
INFO:tensorflow:Step: 706, Loss: 5.161291, time: 15.052 sec/batch
INFO:tensorflow:Step: 709, Loss: 5.494361, time: 15.019 sec/batch
INFO:tensorflow:Step: 711, Loss: 5.437243, time: 15.219 sec/batch
INFO:tensorflow:Step: 713, Loss: 5.978202, time: 15.907 sec/batch
INFO:tensorflow:Step: 715, Loss: 5.483256, time: 14.326 sec/batch
INFO:tensorflow:Step: 717, Loss: 5.036865, time: 15.010 sec/batch
INFO:tensorflow:Step: 718, Loss: 5.294979, time: 15.011 sec/batch
INFO:tensorflow:Step: 721, Loss: 5.366595, time: 15.759 sec/batch
INFO:tensorflow:Step: 723, Loss: 5.781456, time: 14.760 sec/batch
INFO:tensorflow:Step: 725, Loss: 4.827508, time: 14.755 sec/batch
INFO:tensorflow:Step: 726, Loss: 5.598353, time: 15.448 sec/batch
INFO:tensorflow:Step: 729, Loss: 5.365671, time: 14.363 sec/batch
INFO:tensorflow:Step: 731, Loss: 5.489139, time: 15.434 sec/batch
run-expr-32node.sh: line 23: 85459 Terminated              CUDA_VISIBLE_DEVICES='' bazel-bin/inception/imagenet_distributed_train --batch_size=16 --data_dir=/lfs/local/0/daniter/16node-data-$2 --job_name='worker' --task_id=$2 --ps_hosts='raiders1:2200' --worker_hosts='raiders1:2201,raiders1:2202,raiders1:2203,raiders1:2204,raiders2:2205,raiders2:2206,raiders2:2207,raiders2:2208,raiders3:2209,raiders3:2210,raiders3:2211,raiders3:2212,raiders8:2213,raiders8:2214,raiders8:2215,raiders8:2216' --initial_learning_rate=$3 --momentum=$4 --sync=True --compute_groups=$5
