DISPLAY "(null)" invalid; disabling X11 forwarding
I tensorflow/stream_executor/dso_loader.cc:108] successfully opened CUDA library libcublas.so locally
I tensorflow/stream_executor/dso_loader.cc:108] successfully opened CUDA library libcudnn.so locally
I tensorflow/stream_executor/dso_loader.cc:108] successfully opened CUDA library libcufft.so locally
I tensorflow/stream_executor/dso_loader.cc:108] successfully opened CUDA library libcuda.so locally
I tensorflow/stream_executor/dso_loader.cc:108] successfully opened CUDA library libcurand.so locally
INFO:tensorflow:PS hosts are: ['raiders1:2200']
INFO:tensorflow:Worker hosts are: ['raiders1:2201', 'raiders1:2202', 'raiders1:2203', 'raiders1:2204', 'raiders2:2205', 'raiders2:2206', 'raiders2:2207', 'raiders2:2208', 'raiders3:2209', 'raiders3:2210', 'raiders3:2211', 'raiders3:2212', 'raiders8:2213', 'raiders8:2214', 'raiders8:2215', 'raiders8:2216']
E tensorflow/stream_executor/cuda/cuda_driver.cc:491] failed call to cuInit: CUDA_ERROR_NO_DEVICE
I tensorflow/stream_executor/cuda/cuda_diagnostics.cc:153] retrieving CUDA diagnostic information for host: raiders3
I tensorflow/stream_executor/cuda/cuda_diagnostics.cc:160] hostname: raiders3
I tensorflow/stream_executor/cuda/cuda_diagnostics.cc:185] libcuda reported version is: Not found: was unable to find libcuda.so DSO loaded into this program
I tensorflow/stream_executor/cuda/cuda_diagnostics.cc:347] driver version file contents: """NVRM version: NVIDIA UNIX x86_64 Kernel Module  367.27  Thu Jun  9 18:53:27 PDT 2016
GCC version:  gcc version 4.8.4 (Ubuntu 4.8.4-2ubuntu1~14.04.3) 
"""
I tensorflow/stream_executor/cuda/cuda_diagnostics.cc:189] kernel reported version is: 367.27.0
I tensorflow/core/common_runtime/gpu/gpu_init.cc:81] No GPU devices available on machine.
I tensorflow/core/distributed_runtime/rpc/grpc_channel.cc:206] Initialize HostPortsGrpcChannelCache for job ps -> {raiders1:2200}
I tensorflow/core/distributed_runtime/rpc/grpc_channel.cc:206] Initialize HostPortsGrpcChannelCache for job worker -> {raiders1:2201, raiders1:2202, raiders1:2203, raiders1:2204, raiders2:2205, raiders2:2206, raiders2:2207, raiders2:2208, raiders3:2209, localhost:2210, raiders3:2211, raiders3:2212, raiders8:2213, raiders8:2214, raiders8:2215, raiders8:2216}
I tensorflow/core/distributed_runtime/rpc/grpc_server_lib.cc:202] Started server with target: grpc://localhost:2210
INFO:tensorflow:Learning rate: 0.005000, momentum: 0.900000
INFO:tensorflow:Sync mode!!!!!!
INFO:tensorflow:Compute groups : 1
INFO:tensorflow:SyncReplicas enabled: replicas_to_aggregate=16; total_num_replicas=16
INFO:tensorflow:Num nodes per compute groups: 16
INFO:tensorflow:Tokens per step: 16
INFO:tensorflow:2016-07-26 09:40:40.772568 Supervisor
INFO:tensorflow:got sessions! 2016-07-26 09:40:57.791929 
INFO:tensorflow:Started 3 queues for processing input data.
INFO:tensorflow:Step: 399, Loss: 5.859915, time: 28.960 sec/batch
INFO:tensorflow:Step: 399, Loss: 5.550632, time: 18.140 sec/batch
INFO:tensorflow:Step: 400, Loss: 4.876799, time: 14.008 sec/batch
INFO:tensorflow:Step: 401, Loss: 5.473571, time: 14.047 sec/batch
INFO:tensorflow:Step: 402, Loss: 5.333172, time: 10.860 sec/batch
INFO:tensorflow:Step: 403, Loss: 6.040961, time: 11.821 sec/batch
INFO:tensorflow:Step: 404, Loss: 5.774611, time: 12.885 sec/batch
INFO:tensorflow:Step: 405, Loss: 5.631529, time: 16.008 sec/batch
INFO:tensorflow:Step: 406, Loss: 5.735053, time: 16.478 sec/batch
INFO:tensorflow:Step: 407, Loss: 6.692836, time: 17.074 sec/batch
INFO:tensorflow:Step: 408, Loss: 6.417250, time: 17.030 sec/batch
INFO:tensorflow:Step: 409, Loss: 5.974529, time: 19.263 sec/batch
INFO:tensorflow:Step: 410, Loss: 5.754846, time: 21.530 sec/batch
INFO:tensorflow:Step: 411, Loss: 5.266848, time: 37.770 sec/batch
INFO:tensorflow:Step: 412, Loss: 7.705809, time: 28.339 sec/batch
INFO:tensorflow:Step: 413, Loss: 5.780229, time: 38.761 sec/batch
INFO:tensorflow:Step: 414, Loss: 6.179753, time: 27.102 sec/batch
INFO:tensorflow:Step: 415, Loss: 5.381835, time: 28.738 sec/batch
INFO:tensorflow:Step: 416, Loss: 7.014450, time: 25.532 sec/batch
INFO:tensorflow:Step: 417, Loss: 5.134240, time: 24.121 sec/batch
INFO:tensorflow:Step: 418, Loss: 5.733508, time: 26.113 sec/batch
INFO:tensorflow:Step: 419, Loss: 5.027901, time: 37.286 sec/batch
INFO:tensorflow:Step: 420, Loss: 5.569405, time: 19.361 sec/batch
INFO:tensorflow:Step: 421, Loss: 5.806853, time: 27.571 sec/batch
INFO:tensorflow:Step: 422, Loss: 5.699802, time: 18.961 sec/batch
INFO:tensorflow:Step: 423, Loss: 5.824914, time: 23.638 sec/batch
INFO:tensorflow:Step: 424, Loss: 6.396416, time: 21.653 sec/batch
INFO:tensorflow:Step: 425, Loss: 5.610708, time: 22.776 sec/batch
INFO:tensorflow:Step: 426, Loss: 5.331857, time: 26.192 sec/batch
INFO:tensorflow:Step: 427, Loss: 5.577552, time: 23.533 sec/batch
INFO:tensorflow:Step: 428, Loss: 5.935956, time: 31.310 sec/batch
INFO:tensorflow:Step: 429, Loss: 5.468792, time: 23.169 sec/batch
INFO:tensorflow:Step: 430, Loss: 5.610063, time: 34.264 sec/batch
INFO:tensorflow:Step: 431, Loss: 5.704452, time: 21.743 sec/batch
INFO:tensorflow:Step: 432, Loss: 5.553854, time: 20.819 sec/batch
INFO:tensorflow:Step: 433, Loss: 5.839543, time: 24.257 sec/batch
INFO:tensorflow:Step: 434, Loss: 5.310367, time: 20.115 sec/batch
INFO:tensorflow:Step: 435, Loss: 5.602918, time: 19.273 sec/batch
INFO:tensorflow:Step: 436, Loss: 5.351739, time: 22.939 sec/batch
INFO:tensorflow:Step: 437, Loss: 5.145717, time: 21.881 sec/batch
INFO:tensorflow:Step: 438, Loss: 5.580647, time: 21.296 sec/batch
INFO:tensorflow:Step: 439, Loss: 5.706625, time: 23.571 sec/batch
INFO:tensorflow:Step: 440, Loss: 5.067451, time: 26.543 sec/batch
INFO:tensorflow:Step: 441, Loss: 5.223598, time: 24.136 sec/batch
INFO:tensorflow:Step: 442, Loss: 5.162662, time: 20.197 sec/batch
INFO:tensorflow:Step: 443, Loss: 4.823932, time: 24.047 sec/batch
INFO:tensorflow:Step: 444, Loss: 5.341536, time: 25.838 sec/batch
INFO:tensorflow:Step: 445, Loss: 5.220592, time: 24.384 sec/batch
INFO:tensorflow:Step: 446, Loss: 5.527013, time: 23.088 sec/batch
INFO:tensorflow:Step: 447, Loss: 5.928526, time: 20.144 sec/batch
INFO:tensorflow:Step: 448, Loss: 5.075319, time: 22.502 sec/batch
INFO:tensorflow:Step: 449, Loss: 5.446411, time: 24.619 sec/batch
INFO:tensorflow:Step: 450, Loss: 5.188419, time: 21.341 sec/batch
INFO:tensorflow:Step: 451, Loss: 5.688869, time: 20.870 sec/batch
INFO:tensorflow:Step: 452, Loss: 5.132326, time: 23.409 sec/batch
INFO:tensorflow:Step: 453, Loss: 5.115884, time: 24.909 sec/batch
INFO:tensorflow:Step: 454, Loss: 5.122547, time: 26.685 sec/batch
INFO:tensorflow:Step: 455, Loss: 5.224184, time: 26.470 sec/batch
INFO:tensorflow:Step: 456, Loss: 5.381766, time: 25.664 sec/batch
INFO:tensorflow:Step: 457, Loss: 5.344391, time: 25.247 sec/batch
INFO:tensorflow:Step: 458, Loss: 5.658885, time: 24.173 sec/batch
INFO:tensorflow:Step: 459, Loss: 4.925178, time: 32.615 sec/batch
INFO:tensorflow:Step: 460, Loss: 5.724986, time: 32.226 sec/batch
INFO:tensorflow:Step: 461, Loss: 5.239242, time: 32.403 sec/batch
INFO:tensorflow:Step: 462, Loss: 5.647779, time: 33.994 sec/batch
INFO:tensorflow:Step: 463, Loss: 5.454604, time: 31.865 sec/batch
INFO:tensorflow:Step: 464, Loss: 5.130169, time: 29.751 sec/batch
INFO:tensorflow:Step: 465, Loss: 5.229017, time: 24.929 sec/batch
INFO:tensorflow:Step: 466, Loss: 5.201397, time: 25.202 sec/batch
INFO:tensorflow:Step: 467, Loss: 4.746831, time: 35.400 sec/batch
INFO:tensorflow:Step: 468, Loss: 5.312636, time: 38.235 sec/batch
INFO:tensorflow:Step: 469, Loss: 5.158975, time: 31.540 sec/batch
INFO:tensorflow:Step: 470, Loss: 5.283173, time: 34.835 sec/batch
INFO:tensorflow:Step: 471, Loss: 5.409324, time: 22.088 sec/batch
INFO:tensorflow:Step: 472, Loss: 5.130613, time: 31.608 sec/batch
INFO:tensorflow:Step: 473, Loss: 5.214719, time: 30.381 sec/batch
INFO:tensorflow:Step: 474, Loss: 5.425066, time: 32.503 sec/batch
INFO:tensorflow:Step: 475, Loss: 5.374507, time: 21.599 sec/batch
INFO:tensorflow:Step: 476, Loss: 5.404025, time: 22.344 sec/batch
INFO:tensorflow:Step: 477, Loss: 5.112948, time: 30.128 sec/batch
INFO:tensorflow:Step: 478, Loss: 5.606262, time: 24.504 sec/batch
INFO:tensorflow:Step: 479, Loss: 4.789303, time: 27.177 sec/batch
INFO:tensorflow:Step: 480, Loss: 5.466242, time: 30.034 sec/batch
INFO:tensorflow:Step: 481, Loss: 5.096973, time: 25.770 sec/batch
INFO:tensorflow:Step: 482, Loss: 5.294039, time: 24.553 sec/batch
INFO:tensorflow:Step: 483, Loss: 5.167069, time: 28.643 sec/batch
INFO:tensorflow:Step: 484, Loss: 5.952565, time: 28.087 sec/batch
INFO:tensorflow:Step: 485, Loss: 5.622203, time: 27.936 sec/batch
INFO:tensorflow:Step: 486, Loss: 4.866600, time: 25.276 sec/batch
INFO:tensorflow:Step: 487, Loss: 5.648228, time: 30.511 sec/batch
INFO:tensorflow:Step: 488, Loss: 4.908571, time: 25.305 sec/batch
INFO:tensorflow:Step: 489, Loss: 5.879509, time: 22.441 sec/batch
INFO:tensorflow:Step: 490, Loss: 5.061334, time: 26.306 sec/batch
INFO:tensorflow:Step: 491, Loss: 5.448990, time: 31.020 sec/batch
INFO:tensorflow:Step: 492, Loss: 5.342330, time: 29.335 sec/batch
INFO:tensorflow:Step: 493, Loss: 5.306462, time: 30.750 sec/batch
INFO:tensorflow:Step: 494, Loss: 5.495301, time: 30.876 sec/batch
INFO:tensorflow:Step: 495, Loss: 5.339592, time: 18.745 sec/batch
INFO:tensorflow:Step: 496, Loss: 5.170559, time: 31.632 sec/batch
INFO:tensorflow:Step: 497, Loss: 4.865999, time: 30.767 sec/batch
INFO:tensorflow:Step: 498, Loss: 5.050192, time: 30.837 sec/batch
INFO:tensorflow:Step: 499, Loss: 5.422809, time: 28.983 sec/batch
run-expr-32node.sh: line 23: 14285 Terminated              CUDA_VISIBLE_DEVICES='' bazel-bin/inception/imagenet_distributed_train --batch_size=16 --data_dir=/lfs/local/0/daniter/16node-data-$2 --job_name='worker' --task_id=$2 --ps_hosts='raiders1:2200' --worker_hosts='raiders1:2201,raiders1:2202,raiders1:2203,raiders1:2204,raiders2:2205,raiders2:2206,raiders2:2207,raiders2:2208,raiders3:2209,raiders3:2210,raiders3:2211,raiders3:2212,raiders8:2213,raiders8:2214,raiders8:2215,raiders8:2216' --initial_learning_rate=$3 --momentum=$4 --sync=True --compute_groups=$5
