I tensorflow/stream_executor/dso_loader.cc:108] successfully opened CUDA library libcublas.so locally
I tensorflow/stream_executor/dso_loader.cc:108] successfully opened CUDA library libcudnn.so locally
I tensorflow/stream_executor/dso_loader.cc:108] successfully opened CUDA library libcufft.so locally
I tensorflow/stream_executor/dso_loader.cc:108] successfully opened CUDA library libcuda.so locally
I tensorflow/stream_executor/dso_loader.cc:108] successfully opened CUDA library libcurand.so locally
INFO:tensorflow:PS hosts are: ['raiders1:2228']
INFO:tensorflow:Worker hosts are: ['raiders1:2200', 'raiders1:2201', 'raiders3:2209', 'raiders3:2210']
I tensorflow/core/common_runtime/gpu/gpu_init.cc:102] Found device 0 with properties: 
name: GeForce GTX TITAN X
major: 5 minor: 2 memoryClockRate (GHz) 1.076
pciBusID 0000:43:00.0
Total memory: 11.92GiB
Free memory: 11.81GiB
I tensorflow/core/common_runtime/gpu/gpu_init.cc:126] DMA: 0 
I tensorflow/core/common_runtime/gpu/gpu_init.cc:136] 0:   Y 
I tensorflow/core/common_runtime/gpu/gpu_device.cc:806] Creating TensorFlow device (/gpu:0) -> (device: 0, name: GeForce GTX TITAN X, pci bus id: 0000:43:00.0)
I tensorflow/core/distributed_runtime/rpc/grpc_channel.cc:206] Initialize HostPortsGrpcChannelCache for job ps -> {raiders1:2228}
I tensorflow/core/distributed_runtime/rpc/grpc_channel.cc:206] Initialize HostPortsGrpcChannelCache for job worker -> {raiders1:2200, localhost:2201, raiders3:2209, raiders3:2210}
I tensorflow/core/distributed_runtime/rpc/grpc_server_lib.cc:202] Started server with target: grpc://localhost:2201
INFO:tensorflow:Learning rate: 0.010000, momentum: 0.900000
INFO:tensorflow:2016-07-21 03:43:01.923419 Supervisor
INFO:tensorflow:Started 3 queues for processing input data.
I tensorflow/core/common_runtime/gpu/pool_allocator.cc:244] PoolAllocator: After 3576 get requests, put_count=2565 evicted_count=1000 eviction_rate=0.389864 and unsatisfied allocation rate=0.590324
I tensorflow/core/common_runtime/gpu/pool_allocator.cc:256] Raising pool_size_limit_ from 100 to 110
INFO:tensorflow:Step: 418, Loss: 4.999796, time: 15.269 sec/batch
INFO:tensorflow:Step: 426, Loss: 5.249950, time: 1.975 sec/batch
INFO:tensorflow:Step: 429, Loss: 5.548188, time: 1.762 sec/batch
INFO:tensorflow:Step: 431, Loss: 5.506748, time: 1.418 sec/batch
INFO:tensorflow:Step: 433, Loss: 5.793901, time: 1.485 sec/batch
I tensorflow/core/common_runtime/gpu/pool_allocator.cc:244] PoolAllocator: After 0 get requests, put_count=1016 evicted_count=1000 eviction_rate=0.984252 and unsatisfied allocation rate=0
INFO:tensorflow:Step: 436, Loss: 5.543932, time: 1.209 sec/batch
INFO:tensorflow:Step: 439, Loss: 5.893181, time: 1.324 sec/batch
INFO:tensorflow:Step: 441, Loss: 6.026323, time: 1.311 sec/batch
INFO:tensorflow:Step: 444, Loss: 6.254519, time: 1.291 sec/batch
INFO:tensorflow:Step: 447, Loss: 6.631639, time: 1.317 sec/batch
I tensorflow/core/common_runtime/gpu/pool_allocator.cc:244] PoolAllocator: After 0 get requests, put_count=1025 evicted_count=1000 eviction_rate=0.97561 and unsatisfied allocation rate=0
INFO:tensorflow:Step: 450, Loss: 7.162234, time: 1.330 sec/batch
INFO:tensorflow:Step: 453, Loss: 8.094939, time: 1.294 sec/batch
INFO:tensorflow:Step: 455, Loss: 6.357665, time: 1.561 sec/batch
INFO:tensorflow:Step: 458, Loss: 6.985955, time: 1.340 sec/batch
INFO:tensorflow:Step: 461, Loss: 7.170797, time: 1.190 sec/batch
INFO:tensorflow:Step: 464, Loss: 5.939134, time: 1.341 sec/batch
I tensorflow/core/common_runtime/gpu/pool_allocator.cc:244] PoolAllocator: After 0 get requests, put_count=1044 evicted_count=1000 eviction_rate=0.957854 and unsatisfied allocation rate=0
INFO:tensorflow:Step: 467, Loss: 7.056118, time: 1.259 sec/batch
INFO:tensorflow:Step: 470, Loss: 6.514904, time: 1.393 sec/batch
INFO:tensorflow:Step: 472, Loss: 7.837342, time: 1.263 sec/batch
INFO:tensorflow:Step: 475, Loss: 6.503847, time: 1.329 sec/batch
INFO:tensorflow:Step: 478, Loss: 6.193316, time: 1.296 sec/batch
INFO:tensorflow:Step: 481, Loss: 5.766207, time: 1.244 sec/batch
INFO:tensorflow:Step: 484, Loss: 7.422915, time: 1.278 sec/batch
I tensorflow/core/common_runtime/gpu/pool_allocator.cc:244] PoolAllocator: After 3575 get requests, put_count=4413 evicted_count=2000 eviction_rate=0.453206 and unsatisfied allocation rate=0.347133
I tensorflow/core/common_runtime/gpu/pool_allocator.cc:256] Raising pool_size_limit_ from 871 to 958
INFO:tensorflow:Step: 486, Loss: 6.215479, time: 1.433 sec/batch
INFO:tensorflow:Step: 489, Loss: 5.502666, time: 1.306 sec/batch
INFO:tensorflow:Step: 492, Loss: 5.386227, time: 1.230 sec/batch
INFO:tensorflow:Step: 495, Loss: 5.806766, time: 1.244 sec/batch
INFO:tensorflow:Step: 498, Loss: 6.480586, time: 1.347 sec/batch
INFO:tensorflow:Step: 501, Loss: 5.920662, time: 1.467 sec/batch
INFO:tensorflow:Step: 504, Loss: 5.924241, time: 1.219 sec/batch
INFO:tensorflow:Step: 508, Loss: 5.831669, time: 1.524 sec/batch
INFO:tensorflow:Step: 512, Loss: 5.972048, time: 1.273 sec/batch
INFO:tensorflow:Step: 516, Loss: 6.513067, time: 1.357 sec/batch
INFO:tensorflow:Step: 520, Loss: 5.683034, time: 1.351 sec/batch
INFO:tensorflow:Step: 523, Loss: 6.556653, time: 1.881 sec/batch
INFO:tensorflow:Step: 527, Loss: 6.239547, time: 1.683 sec/batch
INFO:tensorflow:Step: 531, Loss: 6.769068, time: 1.324 sec/batch
INFO:tensorflow:Step: 535, Loss: 6.165998, time: 1.421 sec/batch
INFO:tensorflow:Step: 539, Loss: 6.252878, time: 1.538 sec/batch
INFO:tensorflow:Step: 543, Loss: 5.820978, time: 1.661 sec/batch
INFO:tensorflow:Step: 547, Loss: 6.220128, time: 2.307 sec/batch
INFO:tensorflow:Step: 551, Loss: 6.918005, time: 1.303 sec/batch
INFO:tensorflow:Step: 554, Loss: 6.102357, time: 2.057 sec/batch
INFO:tensorflow:Step: 559, Loss: 6.731295, time: 1.529 sec/batch
INFO:tensorflow:Step: 563, Loss: 5.954654, time: 1.481 sec/batch
INFO:tensorflow:Step: 566, Loss: 6.248410, time: 1.340 sec/batch
INFO:tensorflow:Step: 569, Loss: 5.453212, time: 1.486 sec/batch
INFO:tensorflow:Step: 573, Loss: 7.147865, time: 1.273 sec/batch
INFO:tensorflow:Step: 577, Loss: 5.603384, time: 1.261 sec/batch
INFO:tensorflow:Step: 581, Loss: 5.332160, time: 1.320 sec/batch
INFO:tensorflow:Step: 585, Loss: 5.546770, time: 1.280 sec/batch
INFO:tensorflow:Step: 588, Loss: 6.881996, time: 1.468 sec/batch
INFO:tensorflow:Step: 592, Loss: 5.793174, time: 1.468 sec/batch
INFO:tensorflow:Step: 596, Loss: 6.243452, time: 1.712 sec/batch
INFO:tensorflow:Step: 602, Loss: 5.399159, time: 1.664 sec/batch
INFO:tensorflow:Step: 604, Loss: 5.575041, time: 1.771 sec/batch
INFO:tensorflow:Step: 608, Loss: 5.123976, time: 1.594 sec/batch
INFO:tensorflow:Step: 612, Loss: 5.274979, time: 1.347 sec/batch
INFO:tensorflow:Step: 616, Loss: 5.710031, time: 2.160 sec/batch
INFO:tensorflow:Step: 619, Loss: 5.240738, time: 2.255 sec/batch
INFO:tensorflow:Step: 622, Loss: 5.299567, time: 1.695 sec/batch
INFO:tensorflow:Step: 626, Loss: 5.318445, time: 1.368 sec/batch
INFO:tensorflow:Step: 629, Loss: 5.381738, time: 1.706 sec/batch
INFO:tensorflow:Step: 632, Loss: 5.487871, time: 1.519 sec/batch
INFO:tensorflow:Step: 636, Loss: 5.700294, time: 1.650 sec/batch
INFO:tensorflow:Step: 639, Loss: 5.226267, time: 2.100 sec/batch
INFO:tensorflow:Step: 642, Loss: 5.303711, time: 2.039 sec/batch
INFO:tensorflow:Step: 646, Loss: 5.412477, time: 1.299 sec/batch
INFO:tensorflow:Step: 650, Loss: 5.553277, time: 1.998 sec/batch
INFO:tensorflow:Step: 653, Loss: 5.003789, time: 1.358 sec/batch
INFO:tensorflow:Step: 657, Loss: 5.520513, time: 1.700 sec/batch
INFO:tensorflow:Step: 660, Loss: 5.496091, time: 1.326 sec/batch
INFO:tensorflow:Step: 664, Loss: 5.470814, time: 1.394 sec/batch
INFO:tensorflow:Step: 668, Loss: 5.313149, time: 1.586 sec/batch
INFO:tensorflow:Step: 672, Loss: 5.399804, time: 1.469 sec/batch
INFO:tensorflow:Step: 675, Loss: 5.706145, time: 2.369 sec/batch
INFO:tensorflow:Step: 679, Loss: 5.503188, time: 1.476 sec/batch
INFO:tensorflow:Step: 682, Loss: 5.234618, time: 1.717 sec/batch
INFO:tensorflow:Step: 686, Loss: 5.376611, time: 1.280 sec/batch
INFO:tensorflow:Step: 690, Loss: 5.426353, time: 1.402 sec/batch
INFO:tensorflow:Step: 694, Loss: 5.311630, time: 1.506 sec/batch
INFO:tensorflow:Step: 696, Loss: 5.805295, time: 1.320 sec/batch
INFO:tensorflow:Step: 701, Loss: 5.455350, time: 1.309 sec/batch
INFO:tensorflow:Step: 704, Loss: 5.353070, time: 1.528 sec/batch
INFO:tensorflow:Step: 708, Loss: 5.194994, time: 1.389 sec/batch
INFO:tensorflow:Step: 710, Loss: 5.092539, time: 1.217 sec/batch
INFO:tensorflow:Step: 714, Loss: 5.266171, time: 1.612 sec/batch
INFO:tensorflow:Step: 718, Loss: 5.208288, time: 1.401 sec/batch
INFO:tensorflow:Step: 722, Loss: 5.509265, time: 1.704 sec/batch
INFO:tensorflow:Step: 727, Loss: 5.514083, time: 1.405 sec/batch
INFO:tensorflow:Step: 731, Loss: 5.342886, time: 1.289 sec/batch
INFO:tensorflow:Step: 734, Loss: 6.721394, time: 1.270 sec/batch
INFO:tensorflow:Step: 738, Loss: 5.536412, time: 1.314 sec/batch
INFO:tensorflow:Step: 741, Loss: 5.252083, time: 1.213 sec/batch
INFO:tensorflow:Step: 745, Loss: 4.997397, time: 1.309 sec/batch
INFO:tensorflow:Step: 749, Loss: 6.003437, time: 1.197 sec/batch
INFO:tensorflow:Step: 753, Loss: 5.395265, time: 1.328 sec/batch
INFO:tensorflow:Step: 757, Loss: 5.237978, time: 1.306 sec/batch
INFO:tensorflow:Step: 761, Loss: 5.083163, time: 1.272 sec/batch
INFO:tensorflow:Step: 765, Loss: 5.637322, time: 1.294 sec/batch
INFO:tensorflow:Step: 768, Loss: 5.321653, time: 1.499 sec/batch
INFO:tensorflow:Step: 772, Loss: 5.060672, time: 1.295 sec/batch
INFO:tensorflow:Step: 776, Loss: 5.090169, time: 1.286 sec/batch
INFO:tensorflow:Step: 780, Loss: 5.339882, time: 1.337 sec/batch
INFO:tensorflow:Step: 784, Loss: 4.882080, time: 1.281 sec/batch
INFO:tensorflow:Step: 788, Loss: 5.090263, time: 1.359 sec/batch
INFO:tensorflow:Step: 791, Loss: 4.932259, time: 1.268 sec/batch
INFO:tensorflow:Step: 795, Loss: 5.052140, time: 1.252 sec/batch
INFO:tensorflow:Step: 799, Loss: 5.112736, time: 1.241 sec/batch
INFO:tensorflow:Step: 803, Loss: 5.283081, time: 1.215 sec/batch
INFO:tensorflow:Step: 807, Loss: 5.047702, time: 1.242 sec/batch
INFO:tensorflow:Step: 811, Loss: 5.040236, time: 1.270 sec/batch
INFO:tensorflow:Step: 815, Loss: 5.734664, time: 1.407 sec/batch
INFO:tensorflow:Step: 818, Loss: 5.224692, time: 1.229 sec/batch
INFO:tensorflow:Step: 822, Loss: 5.245432, time: 1.319 sec/batch
INFO:tensorflow:Step: 826, Loss: 5.021254, time: 1.319 sec/batch
INFO:tensorflow:Step: 830, Loss: 5.326710, time: 1.372 sec/batch
INFO:tensorflow:Step: 834, Loss: 5.361207, time: 1.413 sec/batch
INFO:tensorflow:Step: 838, Loss: 5.090524, time: 1.385 sec/batch
INFO:tensorflow:Step: 841, Loss: 5.060533, time: 1.236 sec/batch
INFO:tensorflow:Step: 845, Loss: 5.301535, time: 1.344 sec/batch
INFO:tensorflow:Step: 849, Loss: 5.704396, time: 1.370 sec/batch
INFO:tensorflow:Step: 853, Loss: 5.207590, time: 1.270 sec/batch
INFO:tensorflow:Step: 857, Loss: 5.330323, time: 1.351 sec/batch
INFO:tensorflow:Step: 861, Loss: 5.792628, time: 1.356 sec/batch
INFO:tensorflow:Step: 865, Loss: 5.331480, time: 1.316 sec/batch
INFO:tensorflow:Step: 869, Loss: 5.012268, time: 1.304 sec/batch
INFO:tensorflow:Step: 873, Loss: 5.212600, time: 1.346 sec/batch
INFO:tensorflow:Step: 876, Loss: 5.018226, time: 1.345 sec/batch
INFO:tensorflow:Step: 880, Loss: 5.385534, time: 1.266 sec/batch
INFO:tensorflow:Step: 884, Loss: 5.525595, time: 1.291 sec/batch
INFO:tensorflow:Step: 888, Loss: 4.885285, time: 1.195 sec/batch
INFO:tensorflow:Step: 892, Loss: 5.070909, time: 1.217 sec/batch
INFO:tensorflow:Step: 896, Loss: 5.029906, time: 1.341 sec/batch
INFO:tensorflow:Step: 899, Loss: 5.294379, time: 1.373 sec/batch
INFO:tensorflow:Step: 903, Loss: 5.002248, time: 1.494 sec/batch
INFO:tensorflow:Step: 907, Loss: 5.280610, time: 1.290 sec/batch
INFO:tensorflow:Step: 911, Loss: 5.495622, time: 1.349 sec/batch
INFO:tensorflow:Step: 914, Loss: 5.226629, time: 1.479 sec/batch
INFO:tensorflow:Step: 918, Loss: 5.128010, time: 1.442 sec/batch
INFO:tensorflow:Step: 922, Loss: 5.359204, time: 1.305 sec/batch
INFO:tensorflow:Step: 926, Loss: 5.174585, time: 1.231 sec/batch
INFO:tensorflow:Step: 930, Loss: 5.615045, time: 1.284 sec/batch
INFO:tensorflow:Step: 933, Loss: 5.247794, time: 1.304 sec/batch
INFO:tensorflow:Step: 937, Loss: 5.488285, time: 1.368 sec/batch
INFO:tensorflow:Step: 941, Loss: 5.253194, time: 1.281 sec/batch
INFO:tensorflow:Step: 945, Loss: 5.388046, time: 1.287 sec/batch
INFO:tensorflow:Step: 949, Loss: 5.463851, time: 1.266 sec/batch
INFO:tensorflow:Step: 953, Loss: 5.084937, time: 1.225 sec/batch
INFO:tensorflow:Step: 956, Loss: 5.106504, time: 1.408 sec/batch
INFO:tensorflow:Step: 960, Loss: 5.336594, time: 1.312 sec/batch
INFO:tensorflow:Step: 964, Loss: 5.265657, time: 1.310 sec/batch
INFO:tensorflow:Step: 967, Loss: 4.977181, time: 1.386 sec/batch
INFO:tensorflow:Step: 970, Loss: 5.019245, time: 1.413 sec/batch
INFO:tensorflow:Step: 974, Loss: 5.216540, time: 1.536 sec/batch
INFO:tensorflow:Step: 978, Loss: 4.779233, time: 1.239 sec/batch
INFO:tensorflow:Step: 982, Loss: 5.180769, time: 1.396 sec/batch
INFO:tensorflow:Step: 986, Loss: 5.008220, time: 1.675 sec/batch
INFO:tensorflow:Step: 988, Loss: 5.120945, time: 1.394 sec/batch
INFO:tensorflow:Step: 992, Loss: 4.828941, time: 1.859 sec/batch
INFO:tensorflow:Step: 996, Loss: 5.119463, time: 1.332 sec/batch
INFO:tensorflow:Step: 1000, Loss: 5.425162, time: 1.364 sec/batch
INFO:tensorflow:Step: 1004, Loss: 5.196495, time: 1.379 sec/batch
INFO:tensorflow:Step: 1007, Loss: 5.178434, time: 1.475 sec/batch
INFO:tensorflow:Step: 1011, Loss: 4.781421, time: 1.291 sec/batch
INFO:tensorflow:Step: 1015, Loss: 5.216470, time: 1.355 sec/batch
INFO:tensorflow:Step: 1019, Loss: 5.574200, time: 1.271 sec/batch
INFO:tensorflow:Step: 1023, Loss: 5.210932, time: 1.336 sec/batch
INFO:tensorflow:Step: 1026, Loss: 5.212223, time: 1.466 sec/batch
INFO:tensorflow:Step: 1030, Loss: 5.115476, time: 1.427 sec/batch
INFO:tensorflow:Step: 1034, Loss: 5.223579, time: 1.386 sec/batch
INFO:tensorflow:Step: 1038, Loss: 5.156629, time: 1.243 sec/batch
INFO:tensorflow:Step: 1042, Loss: 4.819960, time: 1.316 sec/batch
INFO:tensorflow:Step: 1046, Loss: 4.779348, time: 1.480 sec/batch
INFO:tensorflow:Step: 1050, Loss: 5.036290, time: 1.510 sec/batch
INFO:tensorflow:Step: 1054, Loss: 5.056575, time: 1.270 sec/batch
INFO:tensorflow:Step: 1057, Loss: 4.881147, time: 1.221 sec/batch
INFO:tensorflow:Step: 1061, Loss: 4.956905, time: 1.327 sec/batch
INFO:tensorflow:Step: 1065, Loss: 5.019453, time: 1.367 sec/batch
INFO:tensorflow:Step: 1069, Loss: 4.833676, time: 1.305 sec/batch
INFO:tensorflow:Step: 1072, Loss: 4.928547, time: 1.297 sec/batch
INFO:tensorflow:Step: 1076, Loss: 5.026963, time: 1.278 sec/batch
INFO:tensorflow:Step: 1080, Loss: 5.142886, time: 1.251 sec/batch
INFO:tensorflow:Step: 1084, Loss: 4.961542, time: 1.290 sec/batch
INFO:tensorflow:Step: 1088, Loss: 4.942406, time: 1.342 sec/batch
INFO:tensorflow:Step: 1092, Loss: 4.906423, time: 1.204 sec/batch
INFO:tensorflow:Step: 1095, Loss: 5.081050, time: 1.324 sec/batch
INFO:tensorflow:Step: 1099, Loss: 4.997032, time: 1.414 sec/batch
INFO:tensorflow:Step: 1103, Loss: 4.975253, time: 1.220 sec/batch
INFO:tensorflow:Step: 1107, Loss: 5.128926, time: 1.273 sec/batch
INFO:tensorflow:Step: 1111, Loss: 5.079782, time: 1.322 sec/batch
INFO:tensorflow:Step: 1115, Loss: 5.017555, time: 1.236 sec/batch
INFO:tensorflow:Step: 1119, Loss: 4.840476, time: 1.214 sec/batch
INFO:tensorflow:Step: 1123, Loss: 4.926709, time: 1.232 sec/batch
INFO:tensorflow:Step: 1127, Loss: 4.866039, time: 1.308 sec/batch
INFO:tensorflow:Step: 1131, Loss: 5.134226, time: 1.311 sec/batch
INFO:tensorflow:Step: 1135, Loss: 4.738116, time: 1.315 sec/batch
INFO:tensorflow:Step: 1139, Loss: 5.193642, time: 1.260 sec/batch
INFO:tensorflow:Step: 1142, Loss: 5.012119, time: 1.295 sec/batch
INFO:tensorflow:Step: 1146, Loss: 4.956347, time: 1.298 sec/batch
INFO:tensorflow:Step: 1150, Loss: 5.360771, time: 1.229 sec/batch
INFO:tensorflow:Step: 1154, Loss: 5.085038, time: 1.203 sec/batch
INFO:tensorflow:Step: 1157, Loss: 4.650175, time: 1.238 sec/batch
INFO:tensorflow:Step: 1161, Loss: 5.048126, time: 1.469 sec/batch
INFO:tensorflow:Step: 1165, Loss: 4.939949, time: 1.268 sec/batch
INFO:tensorflow:Step: 1169, Loss: 4.775945, time: 1.365 sec/batch
INFO:tensorflow:Step: 1173, Loss: 4.702703, time: 1.239 sec/batch
INFO:tensorflow:Step: 1177, Loss: 5.149126, time: 1.226 sec/batch
INFO:tensorflow:Step: 1181, Loss: 4.992313, time: 1.275 sec/batch
INFO:tensorflow:Step: 1185, Loss: 5.016279, time: 1.307 sec/batch
INFO:tensorflow:Step: 1189, Loss: 4.942004, time: 1.354 sec/batch
INFO:tensorflow:Step: 1193, Loss: 4.844444, time: 1.295 sec/batch
INFO:tensorflow:Step: 1196, Loss: 4.840637, time: 1.193 sec/batch
INFO:tensorflow:Step: 1200, Loss: 4.885785, time: 1.228 sec/batch
INFO:tensorflow:Step: 1204, Loss: 4.727412, time: 1.441 sec/batch
INFO:tensorflow:Step: 1208, Loss: 4.956661, time: 1.184 sec/batch
INFO:tensorflow:Step: 1211, Loss: 4.649513, time: 1.435 sec/batch
INFO:tensorflow:Step: 1215, Loss: 4.798365, time: 1.133 sec/batch
INFO:tensorflow:Step: 1219, Loss: 5.147717, time: 1.484 sec/batch
INFO:tensorflow:Step: 1223, Loss: 5.131254, time: 1.333 sec/batch
INFO:tensorflow:Step: 1226, Loss: 4.738913, time: 1.533 sec/batch
INFO:tensorflow:Step: 1230, Loss: 4.880249, time: 1.720 sec/batch
INFO:tensorflow:Step: 1235, Loss: 4.758081, time: 1.344 sec/batch
INFO:tensorflow:Step: 1239, Loss: 4.739828, time: 1.204 sec/batch
INFO:tensorflow:Step: 1243, Loss: 4.891177, time: 1.351 sec/batch
INFO:tensorflow:Step: 1247, Loss: 5.050646, time: 1.409 sec/batch
INFO:tensorflow:Step: 1251, Loss: 4.885658, time: 1.494 sec/batch
INFO:tensorflow:Step: 1255, Loss: 4.677242, time: 1.658 sec/batch
INFO:tensorflow:Step: 1259, Loss: 5.132392, time: 1.715 sec/batch
INFO:tensorflow:Step: 1260, Loss: 5.102931, time: 1.460 sec/batch
INFO:tensorflow:Step: 1264, Loss: 5.030901, time: 1.369 sec/batch
INFO:tensorflow:Step: 1268, Loss: 4.795344, time: 1.437 sec/batch
INFO:tensorflow:Step: 1271, Loss: 4.879880, time: 1.272 sec/batch
INFO:tensorflow:Step: 1275, Loss: 4.986020, time: 1.393 sec/batch
INFO:tensorflow:Step: 1279, Loss: 5.235489, time: 1.433 sec/batch
INFO:tensorflow:Step: 1283, Loss: 4.836513, time: 1.320 sec/batch
INFO:tensorflow:Step: 1287, Loss: 4.943473, time: 1.344 sec/batch
INFO:tensorflow:Step: 1290, Loss: 4.835049, time: 1.284 sec/batch
INFO:tensorflow:Step: 1294, Loss: 4.823463, time: 1.266 sec/batch
INFO:tensorflow:Step: 1298, Loss: 5.299657, time: 1.199 sec/batch
INFO:tensorflow:Step: 1302, Loss: 4.994167, time: 1.272 sec/batch
INFO:tensorflow:Step: 1306, Loss: 4.927602, time: 1.148 sec/batch
INFO:tensorflow:Step: 1310, Loss: 4.900338, time: 1.292 sec/batch
INFO:tensorflow:Step: 1314, Loss: 4.720826, time: 1.349 sec/batch
INFO:tensorflow:Step: 1318, Loss: 4.999196, time: 1.422 sec/batch
INFO:tensorflow:Step: 1322, Loss: 4.579640, time: 1.330 sec/batch
INFO:tensorflow:Step: 1325, Loss: 5.157564, time: 1.432 sec/batch
INFO:tensorflow:Step: 1329, Loss: 4.940129, time: 1.477 sec/batch
INFO:tensorflow:Step: 1335, Loss: 4.963486, time: 1.364 sec/batch
INFO:tensorflow:Step: 1338, Loss: 4.746161, time: 1.259 sec/batch
INFO:tensorflow:Step: 1342, Loss: 4.990775, time: 1.298 sec/batch
INFO:tensorflow:Step: 1346, Loss: 4.858695, time: 1.533 sec/batch
INFO:tensorflow:Step: 1349, Loss: 4.984746, time: 1.260 sec/batch
INFO:tensorflow:Step: 1353, Loss: 4.795033, time: 1.330 sec/batch
INFO:tensorflow:Step: 1357, Loss: 4.826116, time: 1.430 sec/batch
INFO:tensorflow:Step: 1361, Loss: 4.838952, time: 1.274 sec/batch
INFO:tensorflow:Step: 1365, Loss: 4.727793, time: 1.278 sec/batch
INFO:tensorflow:Step: 1369, Loss: 4.638500, time: 1.287 sec/batch
INFO:tensorflow:Step: 1373, Loss: 4.641120, time: 1.376 sec/batch
INFO:tensorflow:Step: 1377, Loss: 4.899610, time: 1.303 sec/batch
INFO:tensorflow:Step: 1381, Loss: 4.626197, time: 1.274 sec/batch
INFO:tensorflow:Step: 1385, Loss: 4.911299, time: 1.314 sec/batch
INFO:tensorflow:Step: 1389, Loss: 4.679634, time: 1.404 sec/batch
INFO:tensorflow:Step: 1393, Loss: 5.034413, time: 1.350 sec/batch
INFO:tensorflow:Step: 1396, Loss: 4.667462, time: 1.296 sec/batch
INFO:tensorflow:Step: 1400, Loss: 4.635976, time: 1.234 sec/batch
INFO:tensorflow:Step: 1404, Loss: 4.894819, time: 1.228 sec/batch
INFO:tensorflow:Step: 1408, Loss: 4.741460, time: 1.286 sec/batch
INFO:tensorflow:Step: 1412, Loss: 4.676284, time: 1.295 sec/batch
INFO:tensorflow:Step: 1416, Loss: 4.728702, time: 1.311 sec/batch
INFO:tensorflow:Step: 1420, Loss: 4.685099, time: 1.491 sec/batch
INFO:tensorflow:Step: 1424, Loss: 5.033201, time: 1.327 sec/batch
INFO:tensorflow:Step: 1427, Loss: 4.976634, time: 1.397 sec/batch
INFO:tensorflow:Step: 1432, Loss: 4.968844, time: 1.311 sec/batch
INFO:tensorflow:Step: 1436, Loss: 4.661744, time: 1.324 sec/batch
INFO:tensorflow:Step: 1439, Loss: 4.785054, time: 1.294 sec/batch
INFO:tensorflow:Step: 1443, Loss: 5.124074, time: 1.440 sec/batch
INFO:tensorflow:Step: 1448, Loss: 4.692393, time: 1.370 sec/batch
INFO:tensorflow:Step: 1451, Loss: 5.337783, time: 1.287 sec/batch
INFO:tensorflow:Step: 1454, Loss: 4.732932, time: 1.335 sec/batch
INFO:tensorflow:Step: 1458, Loss: 4.828532, time: 1.253 sec/batch
INFO:tensorflow:Step: 1462, Loss: 4.952932, time: 1.268 sec/batch
INFO:tensorflow:Step: 1466, Loss: 4.764983, time: 1.237 sec/batch
INFO:tensorflow:Step: 1470, Loss: 4.786658, time: 1.273 sec/batch
INFO:tensorflow:Step: 1474, Loss: 4.872646, time: 1.331 sec/batch
INFO:tensorflow:Step: 1478, Loss: 4.569174, time: 1.290 sec/batch
INFO:tensorflow:Step: 1482, Loss: 4.744817, time: 1.321 sec/batch
INFO:tensorflow:Step: 1486, Loss: 4.617789, time: 1.248 sec/batch
INFO:tensorflow:Step: 1490, Loss: 4.867408, time: 1.323 sec/batch
INFO:tensorflow:Step: 1493, Loss: 4.730689, time: 1.292 sec/batch
INFO:tensorflow:Step: 1497, Loss: 4.524190, time: 1.165 sec/batch
INFO:tensorflow:Step: 1501, Loss: 4.539208, time: 1.229 sec/batch
INFO:tensorflow:Step: 1505, Loss: 4.854817, time: 1.334 sec/batch
INFO:tensorflow:Step: 1509, Loss: 4.639335, time: 1.197 sec/batch
INFO:tensorflow:Step: 1512, Loss: 4.777988, time: 1.275 sec/batch
INFO:tensorflow:Step: 1516, Loss: 4.673239, time: 1.344 sec/batch
INFO:tensorflow:Step: 1520, Loss: 4.607667, time: 1.209 sec/batch
INFO:tensorflow:Step: 1524, Loss: 4.704218, time: 1.262 sec/batch
INFO:tensorflow:Step: 1528, Loss: 4.955099, time: 1.294 sec/batch
INFO:tensorflow:Step: 1532, Loss: 4.603267, time: 1.283 sec/batch
INFO:tensorflow:Step: 1535, Loss: 4.997539, time: 1.271 sec/batch
INFO:tensorflow:Step: 1539, Loss: 4.535766, time: 1.231 sec/batch
INFO:tensorflow:Step: 1543, Loss: 4.602416, time: 1.175 sec/batch
INFO:tensorflow:Step: 1547, Loss: 4.503480, time: 1.301 sec/batch
INFO:tensorflow:Step: 1551, Loss: 4.485463, time: 1.233 sec/batch
INFO:tensorflow:Step: 1555, Loss: 4.608292, time: 1.232 sec/batch
INFO:tensorflow:Step: 1558, Loss: 4.841495, time: 1.287 sec/batch
INFO:tensorflow:Step: 1562, Loss: 4.668462, time: 1.250 sec/batch
INFO:tensorflow:Step: 1566, Loss: 4.873852, time: 1.319 sec/batch
INFO:tensorflow:Step: 1570, Loss: 4.691978, time: 1.397 sec/batch
INFO:tensorflow:Step: 1574, Loss: 4.602881, time: 1.254 sec/batch
INFO:tensorflow:Step: 1578, Loss: 4.643250, time: 1.285 sec/batch
INFO:tensorflow:Step: 1581, Loss: 4.691879, time: 1.368 sec/batch
INFO:tensorflow:Step: 1585, Loss: 4.643827, time: 1.339 sec/batch
INFO:tensorflow:Step: 1589, Loss: 4.801582, time: 1.437 sec/batch
INFO:tensorflow:Step: 1593, Loss: 4.659328, time: 1.356 sec/batch
INFO:tensorflow:Step: 1597, Loss: 4.637587, time: 1.339 sec/batch
INFO:tensorflow:Step: 1601, Loss: 4.761938, time: 1.301 sec/batch
INFO:tensorflow:Step: 1605, Loss: 4.735470, time: 1.391 sec/batch
INFO:tensorflow:Step: 1609, Loss: 4.761479, time: 1.292 sec/batch
INFO:tensorflow:Step: 1613, Loss: 4.579144, time: 1.282 sec/batch
INFO:tensorflow:Step: 1617, Loss: 4.716562, time: 1.631 sec/batch
INFO:tensorflow:Step: 1621, Loss: 4.700315, time: 1.339 sec/batch
INFO:tensorflow:Step: 1625, Loss: 4.782727, time: 1.279 sec/batch
INFO:tensorflow:Step: 1629, Loss: 4.762615, time: 1.343 sec/batch
INFO:tensorflow:Step: 1633, Loss: 4.909925, time: 1.282 sec/batch
INFO:tensorflow:Step: 1637, Loss: 4.534693, time: 1.330 sec/batch
INFO:tensorflow:Step: 1641, Loss: 4.970397, time: 1.314 sec/batch
INFO:tensorflow:Step: 1644, Loss: 4.670556, time: 1.289 sec/batch
INFO:tensorflow:Step: 1648, Loss: 4.609656, time: 1.283 sec/batch
INFO:tensorflow:Step: 1652, Loss: 4.777649, time: 1.330 sec/batch
INFO:tensorflow:Step: 1656, Loss: 4.665328, time: 1.245 sec/batch
INFO:tensorflow:Step: 1660, Loss: 4.962750, time: 1.327 sec/batch
INFO:tensorflow:Step: 1664, Loss: 4.712245, time: 1.282 sec/batch
INFO:tensorflow:Step: 1668, Loss: 4.573822, time: 1.363 sec/batch
INFO:tensorflow:Step: 1672, Loss: 4.752942, time: 1.280 sec/batch
INFO:tensorflow:Step: 1676, Loss: 4.783785, time: 1.348 sec/batch
INFO:tensorflow:Step: 1680, Loss: 4.561666, time: 1.265 sec/batch
INFO:tensorflow:Step: 1684, Loss: 4.674315, time: 1.234 sec/batch
INFO:tensorflow:Step: 1688, Loss: 4.767154, time: 1.328 sec/batch
INFO:tensorflow:Step: 1692, Loss: 4.752881, time: 1.240 sec/batch
INFO:tensorflow:Step: 1696, Loss: 4.473431, time: 1.386 sec/batch
INFO:tensorflow:Step: 1700, Loss: 4.724248, time: 1.252 sec/batch
INFO:tensorflow:Step: 1703, Loss: 4.803482, time: 1.312 sec/batch
INFO:tensorflow:Step: 1707, Loss: 4.568871, time: 1.342 sec/batch
INFO:tensorflow:Step: 1711, Loss: 4.730633, time: 1.263 sec/batch
INFO:tensorflow:Step: 1715, Loss: 4.966880, time: 1.343 sec/batch
INFO:tensorflow:Step: 1719, Loss: 4.649612, time: 1.326 sec/batch
INFO:tensorflow:Step: 1722, Loss: 4.577222, time: 1.342 sec/batch
INFO:tensorflow:Step: 1726, Loss: 4.673785, time: 1.306 sec/batch
INFO:tensorflow:Step: 1730, Loss: 4.607813, time: 1.362 sec/batch
INFO:tensorflow:Step: 1734, Loss: 4.913108, time: 1.344 sec/batch
INFO:tensorflow:Step: 1737, Loss: 4.669044, time: 1.364 sec/batch
INFO:tensorflow:Step: 1741, Loss: 4.804605, time: 1.337 sec/batch
INFO:tensorflow:Step: 1745, Loss: 4.732901, time: 1.276 sec/batch
INFO:tensorflow:Step: 1749, Loss: 4.651214, time: 1.285 sec/batch
INFO:tensorflow:Step: 1753, Loss: 4.458487, time: 1.336 sec/batch
INFO:tensorflow:Step: 1757, Loss: 4.889078, time: 1.341 sec/batch
INFO:tensorflow:Step: 1761, Loss: 4.665942, time: 1.313 sec/batch
INFO:tensorflow:Step: 1765, Loss: 4.513531, time: 1.327 sec/batch
INFO:tensorflow:Step: 1769, Loss: 4.404350, time: 1.223 sec/batch
INFO:tensorflow:Step: 1772, Loss: 4.473781, time: 1.393 sec/batch
INFO:tensorflow:Step: 1776, Loss: 4.593668, time: 1.349 sec/batch
INFO:tensorflow:Step: 1779, Loss: 4.579440, time: 1.314 sec/batch
INFO:tensorflow:Step: 1783, Loss: 4.439540, time: 1.278 sec/batch
INFO:tensorflow:Step: 1787, Loss: 4.669032, time: 1.300 sec/batch
INFO:tensorflow:Step: 1791, Loss: 4.685169, time: 1.464 sec/batch
INFO:tensorflow:Step: 1795, Loss: 4.470242, time: 1.296 sec/batch
INFO:tensorflow:Step: 1799, Loss: 4.626910, time: 1.274 sec/batch
INFO:tensorflow:Step: 1803, Loss: 4.549616, time: 1.341 sec/batch
INFO:tensorflow:Step: 1806, Loss: 4.766470, time: 1.333 sec/batch
INFO:tensorflow:Step: 1810, Loss: 4.465114, time: 1.268 sec/batch
INFO:tensorflow:Step: 1814, Loss: 4.483135, time: 1.343 sec/batch
INFO:tensorflow:Step: 1818, Loss: 4.573124, time: 1.283 sec/batch
INFO:tensorflow:Step: 1822, Loss: 4.552398, time: 1.257 sec/batch
INFO:tensorflow:Step: 1825, Loss: 4.393835, time: 1.313 sec/batch
INFO:tensorflow:Step: 1829, Loss: 4.497613, time: 1.225 sec/batch
INFO:tensorflow:Step: 1833, Loss: 4.280582, time: 1.277 sec/batch
INFO:tensorflow:Step: 1837, Loss: 4.564061, time: 1.283 sec/batch
INFO:tensorflow:Step: 1840, Loss: 4.313821, time: 1.315 sec/batch
INFO:tensorflow:Step: 1844, Loss: 4.409461, time: 1.328 sec/batch
INFO:tensorflow:Step: 1848, Loss: 4.578948, time: 1.244 sec/batch
INFO:tensorflow:Step: 1851, Loss: 4.574404, time: 1.282 sec/batch
INFO:tensorflow:Step: 1855, Loss: 4.430688, time: 1.346 sec/batch
INFO:tensorflow:Step: 1858, Loss: 4.515882, time: 1.277 sec/batch
INFO:tensorflow:Step: 1862, Loss: 4.586441, time: 1.301 sec/batch
INFO:tensorflow:Step: 1866, Loss: 4.505567, time: 1.308 sec/batch
INFO:tensorflow:Step: 1868, Loss: 4.552439, time: 1.336 sec/batch
INFO:tensorflow:Step: 1872, Loss: 4.427448, time: 1.271 sec/batch
INFO:tensorflow:Step: 1876, Loss: 4.536101, time: 1.356 sec/batch
INFO:tensorflow:Step: 1880, Loss: 4.512120, time: 1.373 sec/batch
INFO:tensorflow:Step: 1884, Loss: 4.469054, time: 1.343 sec/batch
INFO:tensorflow:Step: 1888, Loss: 4.481144, time: 1.385 sec/batch
INFO:tensorflow:Step: 1892, Loss: 4.643675, time: 1.354 sec/batch
INFO:tensorflow:Step: 1896, Loss: 4.471232, time: 1.345 sec/batch
INFO:tensorflow:Step: 1900, Loss: 4.405779, time: 1.318 sec/batch
INFO:tensorflow:Step: 1904, Loss: 4.328518, time: 1.425 sec/batch
INFO:tensorflow:Step: 1908, Loss: 4.551397, time: 1.333 sec/batch
INFO:tensorflow:Step: 1912, Loss: 4.401145, time: 1.289 sec/batch
INFO:tensorflow:Step: 1916, Loss: 4.454836, time: 1.239 sec/batch
INFO:tensorflow:Step: 1920, Loss: 4.411497, time: 1.404 sec/batch
INFO:tensorflow:Step: 1924, Loss: 4.387294, time: 1.285 sec/batch
INFO:tensorflow:Step: 1928, Loss: 4.712498, time: 1.389 sec/batch
INFO:tensorflow:Step: 1931, Loss: 4.399463, time: 1.388 sec/batch
INFO:tensorflow:Step: 1935, Loss: 4.481780, time: 1.386 sec/batch
INFO:tensorflow:Step: 1939, Loss: 4.440987, time: 1.235 sec/batch
INFO:tensorflow:Step: 1943, Loss: 4.391098, time: 1.358 sec/batch
INFO:tensorflow:Step: 1947, Loss: 4.475246, time: 1.252 sec/batch
INFO:tensorflow:Step: 1951, Loss: 4.329389, time: 1.264 sec/batch
INFO:tensorflow:Step: 1955, Loss: 4.359278, time: 1.384 sec/batch
INFO:tensorflow:Step: 1959, Loss: 4.501060, time: 1.455 sec/batch
INFO:tensorflow:Step: 1962, Loss: 4.464782, time: 1.277 sec/batch
INFO:tensorflow:Step: 1966, Loss: 4.521275, time: 1.301 sec/batch
INFO:tensorflow:Step: 1970, Loss: 4.356313, time: 1.401 sec/batch
INFO:tensorflow:Step: 1975, Loss: 4.452160, time: 1.445 sec/batch
INFO:tensorflow:Step: 1978, Loss: 4.653321, time: 1.360 sec/batch
INFO:tensorflow:Step: 1982, Loss: 4.556732, time: 1.384 sec/batch
INFO:tensorflow:Step: 1985, Loss: 4.539359, time: 1.337 sec/batch
INFO:tensorflow:Step: 1989, Loss: 4.442498, time: 1.456 sec/batch
INFO:tensorflow:Step: 1993, Loss: 4.336978, time: 1.229 sec/batch
INFO:tensorflow:Step: 1997, Loss: 4.417791, time: 1.286 sec/batch
INFO:tensorflow:Step: 2000, Loss: 4.438107, time: 1.362 sec/batch
INFO:tensorflow:Step: 2004, Loss: 4.585924, time: 1.284 sec/batch
INFO:tensorflow:Step: 2008, Loss: 4.439070, time: 1.311 sec/batch
INFO:tensorflow:Step: 2012, Loss: 4.338243, time: 1.345 sec/batch
INFO:tensorflow:Step: 2016, Loss: 4.442491, time: 1.328 sec/batch
INFO:tensorflow:Step: 2020, Loss: 4.490217, time: 1.308 sec/batch
INFO:tensorflow:Step: 2024, Loss: 4.423889, time: 1.307 sec/batch
INFO:tensorflow:Step: 2028, Loss: 4.448949, time: 1.298 sec/batch
INFO:tensorflow:Step: 2032, Loss: 4.547135, time: 1.245 sec/batch
INFO:tensorflow:Step: 2036, Loss: 4.708331, time: 1.296 sec/batch
INFO:tensorflow:Step: 2040, Loss: 4.500591, time: 1.278 sec/batch
INFO:tensorflow:Step: 2043, Loss: 4.623978, time: 1.302 sec/batch
INFO:tensorflow:Step: 2047, Loss: 4.569160, time: 1.260 sec/batch
INFO:tensorflow:Step: 2051, Loss: 4.416879, time: 1.295 sec/batch
INFO:tensorflow:Step: 2055, Loss: 4.555211, time: 1.306 sec/batch
INFO:tensorflow:Step: 2059, Loss: 4.462255, time: 1.351 sec/batch
INFO:tensorflow:Step: 2063, Loss: 4.963819, time: 1.302 sec/batch
INFO:tensorflow:Step: 2067, Loss: 4.496911, time: 1.322 sec/batch
INFO:tensorflow:Step: 2070, Loss: 4.575633, time: 1.274 sec/batch
INFO:tensorflow:Step: 2074, Loss: 4.491315, time: 1.325 sec/batch
INFO:tensorflow:Step: 2078, Loss: 4.617233, time: 1.276 sec/batch
INFO:tensorflow:Step: 2082, Loss: 4.546649, time: 1.290 sec/batch
INFO:tensorflow:Step: 2086, Loss: 4.865271, time: 1.265 sec/batch
INFO:tensorflow:Step: 2090, Loss: 4.598557, time: 1.256 sec/batch
INFO:tensorflow:Step: 2094, Loss: 4.489080, time: 1.328 sec/batch
INFO:tensorflow:Step: 2098, Loss: 4.550031, time: 1.185 sec/batch
INFO:tensorflow:Step: 2101, Loss: 4.405447, time: 1.367 sec/batch
INFO:tensorflow:Step: 2106, Loss: 4.387439, time: 1.327 sec/batch
INFO:tensorflow:Step: 2110, Loss: 4.334492, time: 1.336 sec/batch
INFO:tensorflow:Step: 2114, Loss: 4.539185, time: 1.386 sec/batch
INFO:tensorflow:Step: 2118, Loss: 4.498467, time: 1.403 sec/batch
INFO:tensorflow:Step: 2122, Loss: 4.497414, time: 1.290 sec/batch
INFO:tensorflow:Step: 2125, Loss: 4.624985, time: 1.353 sec/batch
INFO:tensorflow:Step: 2129, Loss: 4.868938, time: 1.260 sec/batch
INFO:tensorflow:Step: 2133, Loss: 4.513493, time: 1.314 sec/batch
INFO:tensorflow:Step: 2137, Loss: 4.464646, time: 1.331 sec/batch
INFO:tensorflow:Step: 2140, Loss: 4.558999, time: 1.305 sec/batch
INFO:tensorflow:Step: 2144, Loss: 4.433984, time: 1.344 sec/batch
INFO:tensorflow:Step: 2148, Loss: 4.462947, time: 1.326 sec/batch
INFO:tensorflow:Step: 2152, Loss: 4.387001, time: 1.255 sec/batch
INFO:tensorflow:Step: 2156, Loss: 4.506496, time: 1.296 sec/batch
INFO:tensorflow:Step: 2160, Loss: 4.525705, time: 1.288 sec/batch
INFO:tensorflow:Step: 2164, Loss: 4.478236, time: 1.245 sec/batch
INFO:tensorflow:Step: 2168, Loss: 4.494090, time: 1.332 sec/batch
INFO:tensorflow:Step: 2172, Loss: 4.424100, time: 1.341 sec/batch
INFO:tensorflow:Step: 2176, Loss: 4.399501, time: 1.364 sec/batch
INFO:tensorflow:Step: 2179, Loss: 4.406056, time: 1.385 sec/batch
INFO:tensorflow:Step: 2183, Loss: 4.471656, time: 1.432 sec/batch
INFO:tensorflow:Step: 2187, Loss: 4.455500, time: 1.318 sec/batch
INFO:tensorflow:Step: 2191, Loss: 4.529037, time: 1.292 sec/batch
INFO:tensorflow:Step: 2194, Loss: 4.324731, time: 1.292 sec/batch
INFO:tensorflow:Step: 2198, Loss: 4.420984, time: 1.338 sec/batch
INFO:tensorflow:Step: 2202, Loss: 4.468418, time: 1.267 sec/batch
INFO:tensorflow:Step: 2206, Loss: 4.540962, time: 1.385 sec/batch
INFO:tensorflow:Step: 2210, Loss: 4.331706, time: 1.740 sec/batch
INFO:tensorflow:Step: 2212, Loss: 4.406927, time: 1.398 sec/batch
INFO:tensorflow:Step: 2216, Loss: 4.359402, time: 1.331 sec/batch
INFO:tensorflow:Step: 2220, Loss: 4.333634, time: 1.360 sec/batch
INFO:tensorflow:Step: 2224, Loss: 4.608509, time: 1.393 sec/batch
INFO:tensorflow:Step: 2228, Loss: 4.434368, time: 1.230 sec/batch
INFO:tensorflow:Step: 2232, Loss: 4.263889, time: 1.331 sec/batch
INFO:tensorflow:Step: 2236, Loss: 4.404397, time: 1.305 sec/batch
INFO:tensorflow:Step: 2240, Loss: 4.472319, time: 1.275 sec/batch
INFO:tensorflow:Step: 2244, Loss: 4.399309, time: 1.257 sec/batch
INFO:tensorflow:Step: 2247, Loss: 4.317795, time: 1.245 sec/batch
INFO:tensorflow:Step: 2251, Loss: 4.382758, time: 1.273 sec/batch
INFO:tensorflow:Step: 2255, Loss: 4.284678, time: 1.337 sec/batch
INFO:tensorflow:Step: 2259, Loss: 4.320419, time: 1.231 sec/batch
INFO:tensorflow:Step: 2263, Loss: 4.289973, time: 1.252 sec/batch
INFO:tensorflow:Step: 2267, Loss: 4.406623, time: 1.307 sec/batch
INFO:tensorflow:Step: 2271, Loss: 4.352942, time: 1.343 sec/batch
INFO:tensorflow:Step: 2275, Loss: 4.386641, time: 1.344 sec/batch
INFO:tensorflow:Step: 2279, Loss: 4.298697, time: 1.305 sec/batch
run-expr-4node.sh: line 21: 82887 Terminated              CUDA_VISIBLE_DEVICES=$1 bazel-bin/inception/imagenet_distributed_train --batch_size=64 --data_dir=/lfs/local/0/daniter/imagenet-8-$2 --job_name='worker' --task_id=$2 --ps_hosts='raiders1:2228' --worker_hosts='raiders1:2200,raiders1:2201,raiders3:2209,raiders3:2210' --initial_learning_rate=$3 --momentum=$4 --sync=$5
