INFO:tensorflow:PS hosts are: ['localhost:2228']
INFO:tensorflow:Worker hosts are: ['localhost:2201', 'localhost:2202', 'localhost:2203', 'localhost:2204', 'localhost:2205', 'localhost:2206', 'localhost:2207', 'localhost:2208', 'localhost:2209', 'localhost:2210', 'localhost:2211', 'localhost:2212', 'localhost:2213', 'localhost:2214', 'localhost:2215', 'localhost:2216']
I tensorflow/core/distributed_runtime/rpc/grpc_channel.cc:206] Initialize HostPortsGrpcChannelCache for job ps -> {localhost:2228}
I tensorflow/core/distributed_runtime/rpc/grpc_channel.cc:206] Initialize HostPortsGrpcChannelCache for job worker -> {localhost:2201, localhost:2202, localhost:2203, localhost:2204, localhost:2205, localhost:2206, localhost:2207, localhost:2208, localhost:2209, localhost:2210, localhost:2211, localhost:2212, localhost:2213, localhost:2214, localhost:2215, localhost:2216}
I tensorflow/core/distributed_runtime/rpc/grpc_server_lib.cc:202] Started server with target: grpc://localhost:2201
INFO:tensorflow:Learning rate: 0.005000, momentum: 0.600000
INFO:tensorflow:Sync mode!!!!!!
INFO:tensorflow:Compute groups : 8
INFO:tensorflow:SyncReplicas enabled: replicas_to_aggregate=16; total_num_replicas=16
INFO:tensorflow:Num nodes per compute groups: 2
INFO:tensorflow:Tokens per step: 2
INFO:tensorflow:2016-07-19 14:37:08.804644 Supervisor
INFO:tensorflow:Restored model from /lfs/local/0/daniter/cg-snapshot/model.ckpt-399
INFO:tensorflow:got sessions!
INFO:tensorflow:Started 3 queues for processing input data.
INFO:tensorflow:global_step/sec: 0
INFO:tensorflow:Step: 399, Accuracy: 0.250000, Loss: 6.092185, time: 26.248 sec/batch
INFO:tensorflow:global_step/sec: 0.0332981
INFO:tensorflow:Step: 399, Accuracy: 0.500000, Loss: 5.768062, time: 72.639 sec/batch
INFO:tensorflow:Step: 404, Accuracy: 0.375000, Loss: 5.887280, time: 63.177 sec/batch
INFO:tensorflow:global_step/sec: 0.100387
INFO:tensorflow:Step: 412, Accuracy: 0.312500, Loss: 5.462548, time: 63.154 sec/batch
INFO:tensorflow:global_step/sec: 0.0837283
INFO:tensorflow:Step: 419, Accuracy: 0.687500, Loss: 5.438251, time: 66.214 sec/batch
INFO:tensorflow:Step: 426, Accuracy: 0.687500, Loss: 6.473063, time: 63.849 sec/batch
INFO:tensorflow:global_step/sec: 0.124275
INFO:tensorflow:Step: 434, Accuracy: 0.437500, Loss: 5.400572, time: 65.397 sec/batch
INFO:tensorflow:Step: 442, Accuracy: 0.312500, Loss: 5.349539, time: 63.662 sec/batch
INFO:tensorflow:global_step/sec: 0.0838154
INFO:tensorflow:Step: 449, Accuracy: 0.375000, Loss: 5.144927, time: 63.304 sec/batch
INFO:tensorflow:global_step/sec: 0.124621
INFO:tensorflow:Step: 457, Accuracy: 0.500000, Loss: 5.426934, time: 63.252 sec/batch
INFO:tensorflow:Step: 465, Accuracy: 0.625000, Loss: 5.634378, time: 65.769 sec/batch
INFO:tensorflow:global_step/sec: 0.0751593
INFO:tensorflow:Step: 473, Accuracy: 0.625000, Loss: 5.831415, time: 58.658 sec/batch
INFO:tensorflow:global_step/sec: 0.124862
INFO:tensorflow:Step: 481, Accuracy: 0.437500, Loss: 5.723735, time: 62.959 sec/batch
INFO:tensorflow:Step: 489, Accuracy: 0.625000, Loss: 4.883660, time: 64.581 sec/batch
INFO:tensorflow:global_step/sec: 0.108362
INFO:tensorflow:Step: 497, Accuracy: 0.625000, Loss: 5.069545, time: 59.588 sec/batch
INFO:tensorflow:Step: 505, Accuracy: 0.312500, Loss: 5.620991, time: 62.305 sec/batch
INFO:tensorflow:Step: 513, Accuracy: 0.437500, Loss: 5.592731, time: 60.972 sec/batch
INFO:tensorflow:Step: 521, Accuracy: 0.625000, Loss: 5.269752, time: 62.370 sec/batch
INFO:tensorflow:Step: 529, Accuracy: 0.312500, Loss: 5.444899, time: 61.052 sec/batch
INFO:tensorflow:Step: 537, Accuracy: 0.562500, Loss: 5.578272, time: 62.443 sec/batch
INFO:tensorflow:Step: 544, Accuracy: 0.437500, Loss: 5.145801, time: 62.964 sec/batch
INFO:tensorflow:Step: 552, Accuracy: 0.250000, Loss: 5.384436, time: 61.077 sec/batch
INFO:tensorflow:Step: 561, Accuracy: 0.312500, Loss: 4.908065, time: 58.002 sec/batch
INFO:tensorflow:Step: 568, Accuracy: 0.500000, Loss: 5.306932, time: 58.615 sec/batch
INFO:tensorflow:Step: 576, Accuracy: 0.375000, Loss: 5.216972, time: 64.881 sec/batch
INFO:tensorflow:Step: 584, Accuracy: 0.437500, Loss: 5.317335, time: 62.375 sec/batch
INFO:tensorflow:Step: 592, Accuracy: 0.562500, Loss: 5.203592, time: 59.702 sec/batch
INFO:tensorflow:Step: 599, Accuracy: 0.625000, Loss: 5.737082, time: 61.741 sec/batch
INFO:tensorflow:Step: 607, Accuracy: 0.375000, Loss: 6.176884, time: 58.646 sec/batch
INFO:tensorflow:Step: 614, Accuracy: 0.375000, Loss: 5.707490, time: 48.403 sec/batch
INFO:tensorflow:Step: 621, Accuracy: 0.625000, Loss: 5.483466, time: 53.025 sec/batch
INFO:tensorflow:Step: 629, Accuracy: 0.500000, Loss: 5.297077, time: 49.673 sec/batch
INFO:tensorflow:Step: 634, Accuracy: 0.312500, Loss: 5.803954, time: 49.865 sec/batch
INFO:tensorflow:Step: 641, Accuracy: 0.500000, Loss: 5.801819, time: 51.580 sec/batch
INFO:tensorflow:Step: 648, Accuracy: 0.437500, Loss: 5.117507, time: 49.977 sec/batch
INFO:tensorflow:Step: 654, Accuracy: 0.687500, Loss: 5.340287, time: 50.460 sec/batch
INFO:tensorflow:Step: 661, Accuracy: 0.437500, Loss: 5.388393, time: 48.958 sec/batch
run-expr-16node.sh: line 23:  9449 Terminated              CUDA_VISIBLE_DEVICES='' bazel-bin/inception/imagenet_distributed_train --batch_size=16 --data_dir=/lfs/local/0/daniter/imagenet-8-$2 --job_name='worker' --task_id=$2 --ps_hosts='localhost:2228' --worker_hosts='localhost:2201,localhost:2202,localhost:2203,localhost:2204,localhost:2205,localhost:2206,localhost:2207,localhost:2208,localhost:2209,localhost:2210,localhost:2211,localhost:2212,localhost:2213,localhost:2214,localhost:2215,localhost:2216' --initial_learning_rate=$3 --momentum=$4 --sync=True --compute_groups=$5
