I tensorflow/stream_executor/dso_loader.cc:108] successfully opened CUDA library libcublas.so locally
I tensorflow/stream_executor/dso_loader.cc:108] successfully opened CUDA library libcudnn.so locally
I tensorflow/stream_executor/dso_loader.cc:108] successfully opened CUDA library libcufft.so locally
I tensorflow/stream_executor/dso_loader.cc:108] successfully opened CUDA library libcuda.so locally
I tensorflow/stream_executor/dso_loader.cc:108] successfully opened CUDA library libcurand.so locally
INFO:tensorflow:PS hosts are: ['master:2200']
INFO:tensorflow:Worker hosts are: ['master:2201', 'master:2202', 'master:2203', 'master:2204', 'node001:2205', 'node001:2206', 'node001:2207', 'node001:2208', 'node002:2209', 'node002:2210', 'node002:2211', 'node002:2212', 'node003:2213', 'node003:2214', 'node003:2215', 'node003:2216']
I tensorflow/stream_executor/cuda/cuda_gpu_executor.cc:922] successful NUMA node read from SysFS had negative value (-1), but there must be at least one NUMA node, so returning NUMA node zero
I tensorflow/core/common_runtime/gpu/gpu_init.cc:102] Found device 0 with properties: 
name: GRID K520
major: 3 minor: 0 memoryClockRate (GHz) 0.797
pciBusID 0000:00:03.0
Total memory: 4.00GiB
Free memory: 3.95GiB
I tensorflow/core/common_runtime/gpu/gpu_init.cc:126] DMA: 0 
I tensorflow/core/common_runtime/gpu/gpu_init.cc:136] 0:   Y 
I tensorflow/core/common_runtime/gpu/gpu_device.cc:784] Creating TensorFlow device (/gpu:0) -> (device: 0, name: GRID K520, pci bus id: 0000:00:03.0)
I tensorflow/core/distributed_runtime/rpc/grpc_channel.cc:206] Initialize HostPortsGrpcChannelCache for job ps -> {master:2200}
I tensorflow/core/distributed_runtime/rpc/grpc_channel.cc:206] Initialize HostPortsGrpcChannelCache for job worker -> {localhost:2201, master:2202, master:2203, master:2204, node001:2205, node001:2206, node001:2207, node001:2208, node002:2209, node002:2210, node002:2211, node002:2212, node003:2213, node003:2214, node003:2215, node003:2216}
I tensorflow/core/distributed_runtime/rpc/grpc_server_lib.cc:202] Started server with target: grpc://localhost:2201
INFO:tensorflow:Learning rate: 0.020000, momentum: 0.000000
INFO:tensorflow:2016-08-09 09:11:59.259080 Supervisor
INFO:tensorflow:Restored model from /home/snapshot/model.ckpt-399
INFO:tensorflow:got sessions! 2016-08-09 09:12:40.616967 
INFO:tensorflow:Started 3 queues for processing input data.
INFO:tensorflow:global_step/sec: 0
I tensorflow/core/common_runtime/gpu/pool_allocator.cc:244] PoolAllocator: After 3869 get requests, put_count=2853 evicted_count=1000 eviction_rate=0.350508 and unsatisfied allocation rate=0.546911
I tensorflow/core/common_runtime/gpu/pool_allocator.cc:256] Raising pool_size_limit_ from 100 to 110
INFO:tensorflow:Step: 406, Loss: 5.170066, time: 21.772 sec/batch
INFO:tensorflow:Step: 411, Loss: 5.419997, time: 2.694 sec/batch
INFO:tensorflow:Step: 414, Loss: 5.314304, time: 2.465 sec/batch
INFO:tensorflow:Step: 420, Loss: 5.553462, time: 2.888 sec/batch
INFO:tensorflow:Step: 428, Loss: 5.589281, time: 3.986 sec/batch
I tensorflow/core/common_runtime/gpu/pool_allocator.cc:244] PoolAllocator: After 0 get requests, put_count=1016 evicted_count=1000 eviction_rate=0.984252 and unsatisfied allocation rate=0
INFO:tensorflow:Step: 442, Loss: 5.491552, time: 3.214 sec/batch
INFO:tensorflow:Step: 452, Loss: 5.739324, time: 3.326 sec/batch
INFO:tensorflow:Step: 463, Loss: 5.147470, time: 2.698 sec/batch
INFO:tensorflow:Step: 471, Loss: 5.488536, time: 2.752 sec/batch
INFO:tensorflow:Step: 481, Loss: 5.551273, time: 2.598 sec/batch
INFO:tensorflow:Step: 491, Loss: 5.566536, time: 3.435 sec/batch
I tensorflow/core/common_runtime/gpu/pool_allocator.cc:244] PoolAllocator: After 3767 get requests, put_count=4058 evicted_count=2000 eviction_rate=0.492854 and unsatisfied allocation rate=0.460313
I tensorflow/core/common_runtime/gpu/pool_allocator.cc:256] Raising pool_size_limit_ from 281 to 309
INFO:tensorflow:Step: 501, Loss: 5.262393, time: 3.191 sec/batch
INFO:tensorflow:Step: 512, Loss: 5.369536, time: 2.688 sec/batch
INFO:tensorflow:Step: 522, Loss: 4.811365, time: 3.815 sec/batch
INFO:tensorflow:Step: 532, Loss: 5.464114, time: 2.654 sec/batch
INFO:tensorflow:Step: 539, Loss: 5.368655, time: 2.874 sec/batch
INFO:tensorflow:Step: 551, Loss: 5.450906, time: 2.751 sec/batch
I tensorflow/core/common_runtime/gpu/pool_allocator.cc:244] PoolAllocator: After 0 get requests, put_count=1049 evicted_count=1000 eviction_rate=0.953289 and unsatisfied allocation rate=0
INFO:tensorflow:Step: 560, Loss: 5.181170, time: 2.727 sec/batch
INFO:tensorflow:Step: 569, Loss: 5.129303, time: 2.938 sec/batch
INFO:tensorflow:Step: 582, Loss: 5.310638, time: 3.762 sec/batch
INFO:tensorflow:Step: 594, Loss: 4.982773, time: 3.394 sec/batch
INFO:tensorflow:Step: 607, Loss: 5.414855, time: 5.229 sec/batch
INFO:tensorflow:Step: 620, Loss: 5.136207, time: 2.773 sec/batch
INFO:tensorflow:Step: 630, Loss: 5.921214, time: 2.688 sec/batch
INFO:tensorflow:Step: 644, Loss: 5.078507, time: 2.608 sec/batch
INFO:tensorflow:Step: 654, Loss: 5.394064, time: 2.605 sec/batch
I tensorflow/core/common_runtime/gpu/pool_allocator.cc:244] PoolAllocator: After 3767 get requests, put_count=4015 evicted_count=1000 eviction_rate=0.249066 and unsatisfied allocation rate=0.227502
I tensorflow/core/common_runtime/gpu/pool_allocator.cc:256] Raising pool_size_limit_ from 1158 to 1273
INFO:tensorflow:Step: 666, Loss: 5.072055, time: 2.396 sec/batch
INFO:tensorflow:Step: 676, Loss: 5.043532, time: 2.518 sec/batch
INFO:tensorflow:Step: 686, Loss: 5.457222, time: 2.600 sec/batch
INFO:tensorflow:Step: 700, Loss: 5.311104, time: 3.398 sec/batch
INFO:tensorflow:Step: 712, Loss: 5.214057, time: 2.893 sec/batch
INFO:tensorflow:Step: 723, Loss: 5.358247, time: 2.538 sec/batch
INFO:tensorflow:Step: 735, Loss: 5.279138, time: 2.562 sec/batch
INFO:tensorflow:Step: 746, Loss: 5.236386, time: 2.575 sec/batch
INFO:tensorflow:global_step/sec: 2.95229
INFO:tensorflow:Step: 758, Loss: 5.285876, time: 3.238 sec/batch
INFO:tensorflow:Step: 768, Loss: 5.046569, time: 2.956 sec/batch
INFO:tensorflow:Step: 777, Loss: 5.357494, time: 3.065 sec/batch
INFO:tensorflow:Step: 787, Loss: 5.124722, time: 3.136 sec/batch
INFO:tensorflow:Step: 798, Loss: 5.256698, time: 3.047 sec/batch
INFO:tensorflow:Step: 807, Loss: 5.098303, time: 3.201 sec/batch
INFO:tensorflow:Step: 818, Loss: 5.312291, time: 4.932 sec/batch
INFO:tensorflow:Step: 830, Loss: 5.061150, time: 3.470 sec/batch
INFO:tensorflow:Step: 841, Loss: 5.466297, time: 2.761 sec/batch
INFO:tensorflow:Step: 850, Loss: 5.614506, time: 3.906 sec/batch
INFO:tensorflow:Step: 865, Loss: 4.823999, time: 2.562 sec/batch
INFO:tensorflow:Step: 874, Loss: 4.972195, time: 3.098 sec/batch
INFO:tensorflow:Step: 885, Loss: 5.263961, time: 3.128 sec/batch
INFO:tensorflow:Step: 899, Loss: 5.186224, time: 2.683 sec/batch
INFO:tensorflow:Step: 910, Loss: 4.811958, time: 2.576 sec/batch
INFO:tensorflow:Step: 921, Loss: 5.163494, time: 3.754 sec/batch
INFO:tensorflow:Step: 937, Loss: 5.874014, time: 2.919 sec/batch
INFO:tensorflow:Step: 948, Loss: 5.225509, time: 2.506 sec/batch
INFO:tensorflow:Step: 958, Loss: 5.596009, time: 2.344 sec/batch
INFO:tensorflow:Step: 968, Loss: 5.252678, time: 2.750 sec/batch
INFO:tensorflow:Step: 977, Loss: 5.560676, time: 2.868 sec/batch
INFO:tensorflow:Step: 988, Loss: 5.089883, time: 5.262 sec/batch
INFO:tensorflow:Step: 1004, Loss: 5.444579, time: 3.199 sec/batch
INFO:tensorflow:Step: 1016, Loss: 5.025696, time: 2.497 sec/batch
INFO:tensorflow:Step: 1027, Loss: 5.492248, time: 3.175 sec/batch
INFO:tensorflow:Step: 1039, Loss: 4.967530, time: 3.223 sec/batch
INFO:tensorflow:Step: 1050, Loss: 4.968424, time: 2.512 sec/batch
INFO:tensorflow:Step: 1059, Loss: 4.748804, time: 3.245 sec/batch
INFO:tensorflow:Step: 1070, Loss: 4.759949, time: 3.055 sec/batch
INFO:tensorflow:Step: 1081, Loss: 4.935732, time: 3.434 sec/batch
INFO:tensorflow:Step: 1091, Loss: 5.039148, time: 3.869 sec/batch
INFO:tensorflow:Step: 1104, Loss: 5.139514, time: 4.416 sec/batch
INFO:tensorflow:Step: 1118, Loss: 5.150879, time: 3.375 sec/batch
INFO:tensorflow:Step: 1131, Loss: 5.030926, time: 4.129 sec/batch
INFO:tensorflow:Step: 1144, Loss: 5.259536, time: 3.032 sec/batch
INFO:tensorflow:Step: 1153, Loss: 4.769237, time: 2.693 sec/batch
INFO:tensorflow:Step: 1164, Loss: 5.195191, time: 2.671 sec/batch
INFO:tensorflow:global_step/sec: 3.51674
INFO:tensorflow:Step: 1174, Loss: 5.002936, time: 2.440 sec/batch
INFO:tensorflow:Step: 1184, Loss: 4.991446, time: 4.604 sec/batch
INFO:tensorflow:Step: 1200, Loss: 4.863509, time: 3.691 sec/batch
INFO:tensorflow:Step: 1212, Loss: 5.075143, time: 2.592 sec/batch
INFO:tensorflow:Step: 1221, Loss: 4.840487, time: 3.232 sec/batch
INFO:tensorflow:Step: 1235, Loss: 5.027562, time: 2.530 sec/batch
INFO:tensorflow:Step: 1248, Loss: 4.861364, time: 2.450 sec/batch
INFO:tensorflow:Step: 1259, Loss: 6.704059, time: 2.635 sec/batch
INFO:tensorflow:Step: 1271, Loss: 5.025385, time: 3.489 sec/batch
INFO:tensorflow:Step: 1284, Loss: 5.369376, time: 2.493 sec/batch
INFO:tensorflow:Step: 1297, Loss: 4.883722, time: 2.681 sec/batch
INFO:tensorflow:Step: 1308, Loss: 4.787105, time: 2.373 sec/batch
INFO:tensorflow:Step: 1316, Loss: 5.116694, time: 2.448 sec/batch
INFO:tensorflow:Step: 1329, Loss: 4.887671, time: 2.699 sec/batch
INFO:tensorflow:Step: 1340, Loss: 4.885252, time: 2.778 sec/batch
INFO:tensorflow:Step: 1349, Loss: 4.914303, time: 3.195 sec/batch
INFO:tensorflow:Step: 1361, Loss: 4.805521, time: 2.481 sec/batch
INFO:tensorflow:Step: 1368, Loss: 5.053674, time: 2.402 sec/batch
INFO:tensorflow:Step: 1381, Loss: 5.308768, time: 2.461 sec/batch
INFO:tensorflow:Step: 1392, Loss: 4.903842, time: 2.457 sec/batch
INFO:tensorflow:Step: 1400, Loss: 4.958687, time: 3.559 sec/batch
INFO:tensorflow:Step: 1411, Loss: 5.165588, time: 2.417 sec/batch
INFO:tensorflow:Step: 1421, Loss: 4.705604, time: 3.312 sec/batch
INFO:tensorflow:Step: 1431, Loss: 5.066000, time: 2.907 sec/batch
INFO:tensorflow:Step: 1443, Loss: 4.877309, time: 2.790 sec/batch
INFO:tensorflow:Step: 1455, Loss: 4.519116, time: 2.595 sec/batch
INFO:tensorflow:Step: 1465, Loss: 4.808875, time: 2.718 sec/batch
INFO:tensorflow:Step: 1474, Loss: 4.858937, time: 2.568 sec/batch
INFO:tensorflow:Step: 1484, Loss: 4.878146, time: 2.766 sec/batch
INFO:tensorflow:Step: 1495, Loss: 4.931402, time: 2.985 sec/batch
INFO:tensorflow:Step: 1505, Loss: 4.865907, time: 2.618 sec/batch
INFO:tensorflow:Step: 1516, Loss: 4.686438, time: 2.622 sec/batch
INFO:tensorflow:Step: 1527, Loss: 4.985706, time: 2.665 sec/batch
INFO:tensorflow:Step: 1537, Loss: 4.670401, time: 2.585 sec/batch
INFO:tensorflow:Step: 1548, Loss: 4.696848, time: 3.450 sec/batch
INFO:tensorflow:Step: 1562, Loss: 4.932889, time: 2.807 sec/batch
INFO:tensorflow:Step: 1574, Loss: 4.904519, time: 3.376 sec/batch
INFO:tensorflow:Step: 1588, Loss: 4.914780, time: 2.559 sec/batch
INFO:tensorflow:Step: 1600, Loss: 4.968866, time: 2.455 sec/batch
INFO:tensorflow:Step: 1609, Loss: 4.826896, time: 2.382 sec/batch
INFO:tensorflow:Step: 1620, Loss: 4.762642, time: 2.460 sec/batch
INFO:tensorflow:Step: 1632, Loss: 4.905834, time: 2.404 sec/batch
INFO:tensorflow:Step: 1645, Loss: 5.058418, time: 2.454 sec/batch
INFO:tensorflow:global_step/sec: 4.03345
INFO:tensorflow:Step: 1654, Loss: 4.736898, time: 2.408 sec/batch
INFO:tensorflow:Step: 1665, Loss: 4.727886, time: 2.424 sec/batch
INFO:tensorflow:Step: 1675, Loss: 4.696922, time: 2.545 sec/batch
INFO:tensorflow:Step: 1686, Loss: 4.819354, time: 3.646 sec/batch
INFO:tensorflow:Step: 1699, Loss: 4.856511, time: 2.494 sec/batch
INFO:tensorflow:Step: 1710, Loss: 4.738153, time: 3.090 sec/batch
INFO:tensorflow:Step: 1722, Loss: 5.054740, time: 2.818 sec/batch
INFO:tensorflow:Step: 1732, Loss: 5.183317, time: 2.852 sec/batch
INFO:tensorflow:Step: 1742, Loss: 4.663972, time: 2.684 sec/batch
INFO:tensorflow:Step: 1751, Loss: 4.612203, time: 2.473 sec/batch
INFO:tensorflow:Step: 1762, Loss: 4.673718, time: 2.502 sec/batch
INFO:tensorflow:Step: 1771, Loss: 4.644339, time: 2.793 sec/batch
INFO:tensorflow:Step: 1784, Loss: 5.000243, time: 3.290 sec/batch
INFO:tensorflow:Step: 1791, Loss: 4.883197, time: 2.506 sec/batch
INFO:tensorflow:Step: 1802, Loss: 4.595039, time: 3.634 sec/batch
INFO:tensorflow:Step: 1815, Loss: 4.655067, time: 3.287 sec/batch
INFO:tensorflow:Step: 1825, Loss: 4.555111, time: 3.781 sec/batch
INFO:tensorflow:Step: 1840, Loss: 4.801810, time: 2.439 sec/batch
INFO:tensorflow:Step: 1849, Loss: 5.199176, time: 2.554 sec/batch
INFO:tensorflow:Step: 1859, Loss: 4.803320, time: 3.430 sec/batch
INFO:tensorflow:Step: 1871, Loss: 5.113148, time: 2.943 sec/batch
INFO:tensorflow:Step: 1880, Loss: 4.974946, time: 2.563 sec/batch
INFO:tensorflow:Step: 1894, Loss: 4.743048, time: 3.041 sec/batch
INFO:tensorflow:Step: 1905, Loss: 4.488765, time: 2.659 sec/batch
INFO:tensorflow:Step: 1917, Loss: 4.737585, time: 2.784 sec/batch
INFO:tensorflow:Step: 1928, Loss: 4.879996, time: 2.736 sec/batch
INFO:tensorflow:Step: 1938, Loss: 4.856264, time: 2.523 sec/batch
INFO:tensorflow:Step: 1949, Loss: 4.603434, time: 2.380 sec/batch
INFO:tensorflow:Step: 1961, Loss: 4.834644, time: 2.647 sec/batch
INFO:tensorflow:Step: 1971, Loss: 4.434386, time: 3.037 sec/batch
INFO:tensorflow:Step: 1981, Loss: 4.674491, time: 2.382 sec/batch
INFO:tensorflow:Step: 1991, Loss: 4.739198, time: 3.080 sec/batch
INFO:tensorflow:Step: 2005, Loss: 4.715440, time: 2.508 sec/batch
INFO:tensorflow:Step: 2016, Loss: 4.428888, time: 2.482 sec/batch
INFO:tensorflow:Step: 2024, Loss: 4.650464, time: 2.633 sec/batch
INFO:tensorflow:Step: 2035, Loss: 4.557908, time: 2.542 sec/batch
INFO:tensorflow:Step: 2045, Loss: 4.777843, time: 2.616 sec/batch
INFO:tensorflow:Step: 2053, Loss: 5.007491, time: 2.756 sec/batch
INFO:tensorflow:Step: 2064, Loss: 4.535931, time: 3.803 sec/batch
INFO:tensorflow:Step: 2075, Loss: 4.705075, time: 2.883 sec/batch
INFO:tensorflow:Step: 2086, Loss: 4.822398, time: 2.723 sec/batch
INFO:tensorflow:Step: 2096, Loss: 4.557829, time: 2.733 sec/batch
INFO:tensorflow:Step: 2106, Loss: 4.535577, time: 2.623 sec/batch
INFO:tensorflow:global_step/sec: 3.82509
INFO:tensorflow:Step: 2117, Loss: 4.547368, time: 2.713 sec/batch
INFO:tensorflow:Step: 2128, Loss: 4.547779, time: 2.962 sec/batch
INFO:tensorflow:Step: 2142, Loss: 4.705096, time: 2.584 sec/batch
INFO:tensorflow:Step: 2151, Loss: 4.659377, time: 2.371 sec/batch
INFO:tensorflow:Step: 2161, Loss: 4.809050, time: 2.588 sec/batch
INFO:tensorflow:Step: 2173, Loss: 4.553069, time: 2.548 sec/batch
INFO:tensorflow:Step: 2184, Loss: 4.988049, time: 2.555 sec/batch
INFO:tensorflow:Step: 2195, Loss: 4.330827, time: 3.689 sec/batch
INFO:tensorflow:Step: 2209, Loss: 4.538869, time: 2.880 sec/batch
INFO:tensorflow:Step: 2221, Loss: 4.927186, time: 2.621 sec/batch
INFO:tensorflow:Step: 2229, Loss: 4.974469, time: 2.649 sec/batch
INFO:tensorflow:Step: 2240, Loss: 4.817602, time: 2.562 sec/batch
INFO:tensorflow:Step: 2249, Loss: 4.903172, time: 2.559 sec/batch
INFO:tensorflow:Step: 2260, Loss: 4.599502, time: 2.457 sec/batch
INFO:tensorflow:Step: 2271, Loss: 4.502015, time: 2.549 sec/batch
INFO:tensorflow:Step: 2281, Loss: 4.535285, time: 2.471 sec/batch
INFO:tensorflow:Step: 2292, Loss: 4.542698, time: 2.463 sec/batch
INFO:tensorflow:Step: 2303, Loss: 4.405970, time: 2.568 sec/batch
INFO:tensorflow:Step: 2313, Loss: 4.451166, time: 2.574 sec/batch
INFO:tensorflow:Step: 2323, Loss: 4.308316, time: 2.375 sec/batch
INFO:tensorflow:Step: 2334, Loss: 4.516730, time: 2.774 sec/batch
INFO:tensorflow:Step: 2344, Loss: 4.426392, time: 2.534 sec/batch
INFO:tensorflow:Step: 2356, Loss: 4.516295, time: 2.325 sec/batch
INFO:tensorflow:Step: 2367, Loss: 4.384882, time: 2.482 sec/batch
INFO:tensorflow:Step: 2378, Loss: 4.642014, time: 2.661 sec/batch
INFO:tensorflow:Step: 2386, Loss: 4.893461, time: 2.688 sec/batch
INFO:tensorflow:Step: 2397, Loss: 4.436336, time: 2.406 sec/batch
INFO:tensorflow:Step: 2407, Loss: 4.537328, time: 2.379 sec/batch
INFO:tensorflow:Step: 2419, Loss: 4.515226, time: 2.394 sec/batch
INFO:tensorflow:Step: 2427, Loss: 4.731545, time: 2.487 sec/batch
INFO:tensorflow:Step: 2439, Loss: 4.433142, time: 2.424 sec/batch
INFO:tensorflow:Step: 2448, Loss: 4.440360, time: 2.580 sec/batch
INFO:tensorflow:Step: 2458, Loss: 4.668299, time: 2.784 sec/batch
INFO:tensorflow:Step: 2469, Loss: 4.828294, time: 2.398 sec/batch
INFO:tensorflow:Step: 2479, Loss: 4.547827, time: 2.660 sec/batch
INFO:tensorflow:Step: 2491, Loss: 4.646467, time: 2.538 sec/batch
INFO:tensorflow:Step: 2501, Loss: 4.468140, time: 2.409 sec/batch
INFO:tensorflow:Step: 2514, Loss: 4.852632, time: 3.394 sec/batch
INFO:tensorflow:Step: 2525, Loss: 4.534234, time: 5.110 sec/batch
INFO:tensorflow:Step: 2537, Loss: 4.421227, time: 2.969 sec/batch
INFO:tensorflow:Step: 2552, Loss: 4.517307, time: 2.584 sec/batch
INFO:tensorflow:Step: 2563, Loss: 4.501500, time: 2.435 sec/batch
INFO:tensorflow:Step: 2571, Loss: 4.371514, time: 2.581 sec/batch
INFO:tensorflow:Step: 2585, Loss: 4.607882, time: 3.655 sec/batch
INFO:tensorflow:global_step/sec: 4.04168
INFO:tensorflow:Step: 2599, Loss: 4.530353, time: 3.009 sec/batch
INFO:tensorflow:Step: 2609, Loss: 4.570394, time: 2.519 sec/batch
INFO:tensorflow:Step: 2620, Loss: 4.776432, time: 2.531 sec/batch
INFO:tensorflow:Step: 2630, Loss: 4.393452, time: 2.474 sec/batch
INFO:tensorflow:Step: 2640, Loss: 4.864440, time: 2.441 sec/batch
INFO:tensorflow:Step: 2650, Loss: 4.472318, time: 2.610 sec/batch
INFO:tensorflow:Step: 2659, Loss: 4.485784, time: 2.672 sec/batch
INFO:tensorflow:Step: 2668, Loss: 4.357550, time: 2.482 sec/batch
INFO:tensorflow:Step: 2680, Loss: 4.360303, time: 2.358 sec/batch
INFO:tensorflow:Step: 2688, Loss: 4.339685, time: 3.704 sec/batch
INFO:tensorflow:Step: 2702, Loss: 4.444206, time: 3.005 sec/batch
INFO:tensorflow:Step: 2712, Loss: 4.322283, time: 3.172 sec/batch
INFO:tensorflow:Step: 2725, Loss: 4.410231, time: 4.611 sec/batch
INFO:tensorflow:Step: 2739, Loss: 4.424425, time: 3.155 sec/batch
INFO:tensorflow:Step: 2748, Loss: 4.480647, time: 3.293 sec/batch
INFO:tensorflow:Step: 2759, Loss: 4.619706, time: 3.263 sec/batch
INFO:tensorflow:Step: 2770, Loss: 4.242665, time: 2.729 sec/batch
INFO:tensorflow:Step: 2780, Loss: 4.359715, time: 2.631 sec/batch
INFO:tensorflow:Step: 2790, Loss: 4.447814, time: 2.690 sec/batch
INFO:tensorflow:Step: 2800, Loss: 4.391070, time: 2.619 sec/batch
INFO:tensorflow:Step: 2811, Loss: 4.631555, time: 2.713 sec/batch
INFO:tensorflow:Step: 2822, Loss: 4.437712, time: 2.831 sec/batch
INFO:tensorflow:Step: 2831, Loss: 4.561049, time: 3.058 sec/batch
INFO:tensorflow:Step: 2844, Loss: 4.557654, time: 2.654 sec/batch
INFO:tensorflow:Step: 2854, Loss: 4.697657, time: 2.429 sec/batch
INFO:tensorflow:Step: 2866, Loss: 4.758250, time: 2.497 sec/batch
INFO:tensorflow:Step: 2876, Loss: 4.498425, time: 2.442 sec/batch
INFO:tensorflow:Step: 2885, Loss: 4.442569, time: 2.475 sec/batch
INFO:tensorflow:Step: 2898, Loss: 4.497575, time: 2.387 sec/batch
INFO:tensorflow:Step: 2907, Loss: 4.527415, time: 2.577 sec/batch
INFO:tensorflow:Step: 2916, Loss: 4.698146, time: 2.422 sec/batch
INFO:tensorflow:Step: 2928, Loss: 4.530043, time: 3.085 sec/batch
INFO:tensorflow:Step: 2941, Loss: 4.548310, time: 2.648 sec/batch
INFO:tensorflow:Step: 2951, Loss: 4.306466, time: 2.587 sec/batch
INFO:tensorflow:Step: 2962, Loss: 4.524455, time: 2.538 sec/batch
INFO:tensorflow:Step: 2972, Loss: 4.560374, time: 2.802 sec/batch
INFO:tensorflow:Step: 2983, Loss: 4.270675, time: 3.136 sec/batch
INFO:tensorflow:Step: 2994, Loss: 4.393734, time: 2.634 sec/batch
INFO:tensorflow:Step: 3003, Loss: 4.332018, time: 2.649 sec/batch
INFO:tensorflow:Step: 3011, Loss: 4.434674, time: 2.572 sec/batch
INFO:tensorflow:Step: 3023, Loss: 4.519819, time: 3.948 sec/batch
INFO:tensorflow:Step: 3036, Loss: 4.325122, time: 2.422 sec/batch
INFO:tensorflow:Step: 3047, Loss: 4.433859, time: 2.845 sec/batch
INFO:tensorflow:global_step/sec: 3.80824
INFO:tensorflow:Step: 3058, Loss: 4.251587, time: 4.720 sec/batch
INFO:tensorflow:Step: 3072, Loss: 4.520570, time: 2.545 sec/batch
INFO:tensorflow:Step: 3080, Loss: 4.384417, time: 2.806 sec/batch
INFO:tensorflow:Step: 3090, Loss: 4.333195, time: 2.546 sec/batch
INFO:tensorflow:Step: 3101, Loss: 4.349742, time: 3.257 sec/batch
INFO:tensorflow:Step: 3113, Loss: 4.331020, time: 2.545 sec/batch
INFO:tensorflow:Step: 3126, Loss: 4.254652, time: 2.320 sec/batch
INFO:tensorflow:Step: 3137, Loss: 4.281403, time: 2.899 sec/batch
INFO:tensorflow:Step: 3148, Loss: 4.333975, time: 4.351 sec/batch
INFO:tensorflow:Step: 3162, Loss: 4.515209, time: 2.532 sec/batch
INFO:tensorflow:Step: 3170, Loss: 4.449769, time: 2.674 sec/batch
INFO:tensorflow:Step: 3183, Loss: 4.646162, time: 2.412 sec/batch
INFO:tensorflow:Step: 3193, Loss: 4.581964, time: 2.930 sec/batch
INFO:tensorflow:Step: 3205, Loss: 4.587903, time: 2.363 sec/batch
INFO:tensorflow:Step: 3216, Loss: 4.339348, time: 2.397 sec/batch
INFO:tensorflow:Step: 3226, Loss: 4.376642, time: 2.654 sec/batch
INFO:tensorflow:Step: 3236, Loss: 4.625897, time: 2.486 sec/batch
INFO:tensorflow:Step: 3247, Loss: 4.399857, time: 2.669 sec/batch
INFO:tensorflow:Step: 3256, Loss: 4.709007, time: 2.605 sec/batch
INFO:tensorflow:Step: 3268, Loss: 4.423506, time: 2.604 sec/batch
INFO:tensorflow:Step: 3277, Loss: 4.546340, time: 2.828 sec/batch
INFO:tensorflow:Step: 3289, Loss: 4.523059, time: 2.401 sec/batch
INFO:tensorflow:Step: 3297, Loss: 4.644699, time: 3.137 sec/batch
INFO:tensorflow:Step: 3309, Loss: 4.390028, time: 3.186 sec/batch
INFO:tensorflow:Step: 3321, Loss: 4.322391, time: 2.734 sec/batch
INFO:tensorflow:Step: 3332, Loss: 4.338085, time: 2.466 sec/batch
INFO:tensorflow:Step: 3341, Loss: 4.410390, time: 2.682 sec/batch
INFO:tensorflow:Step: 3352, Loss: 4.380830, time: 2.536 sec/batch
INFO:tensorflow:Step: 3361, Loss: 4.400331, time: 2.632 sec/batch
INFO:tensorflow:Step: 3372, Loss: 4.407429, time: 3.066 sec/batch
INFO:tensorflow:Step: 3382, Loss: 4.262979, time: 2.765 sec/batch
INFO:tensorflow:Step: 3392, Loss: 4.295053, time: 2.469 sec/batch
INFO:tensorflow:Step: 3402, Loss: 4.567015, time: 2.524 sec/batch
INFO:tensorflow:Step: 3415, Loss: 4.378683, time: 2.454 sec/batch
INFO:tensorflow:Step: 3426, Loss: 4.328044, time: 2.483 sec/batch
INFO:tensorflow:Step: 3437, Loss: 4.175690, time: 2.584 sec/batch
INFO:tensorflow:Step: 3448, Loss: 4.458162, time: 2.669 sec/batch
INFO:tensorflow:Step: 3459, Loss: 4.345757, time: 2.645 sec/batch
INFO:tensorflow:Step: 3471, Loss: 4.261177, time: 2.434 sec/batch
INFO:tensorflow:Step: 3483, Loss: 4.410921, time: 2.427 sec/batch
INFO:tensorflow:Step: 3494, Loss: 4.192039, time: 2.454 sec/batch
INFO:tensorflow:Step: 3505, Loss: 4.252214, time: 2.495 sec/batch
INFO:tensorflow:Step: 3516, Loss: 4.347435, time: 2.416 sec/batch
INFO:tensorflow:Step: 3529, Loss: 4.304267, time: 2.375 sec/batch
INFO:tensorflow:Step: 3539, Loss: 4.163785, time: 2.475 sec/batch
INFO:tensorflow:global_step/sec: 4.05201
INFO:tensorflow:Step: 3550, Loss: 4.287468, time: 2.483 sec/batch
INFO:tensorflow:Step: 3560, Loss: 4.194574, time: 2.518 sec/batch
INFO:tensorflow:Step: 3570, Loss: 4.243967, time: 3.542 sec/batch
INFO:tensorflow:Step: 3583, Loss: 4.304271, time: 5.736 sec/batch
INFO:tensorflow:Step: 3599, Loss: 4.359116, time: 2.566 sec/batch
INFO:tensorflow:Step: 3608, Loss: 4.134487, time: 2.533 sec/batch
INFO:tensorflow:Step: 3619, Loss: 4.161648, time: 2.747 sec/batch
INFO:tensorflow:Step: 3629, Loss: 4.196217, time: 2.620 sec/batch
INFO:tensorflow:Step: 3639, Loss: 4.179749, time: 2.443 sec/batch
INFO:tensorflow:Step: 3650, Loss: 4.153445, time: 2.466 sec/batch
INFO:tensorflow:Step: 3661, Loss: 4.201067, time: 2.600 sec/batch
INFO:tensorflow:Step: 3670, Loss: 4.188708, time: 2.448 sec/batch
INFO:tensorflow:Step: 3681, Loss: 4.143136, time: 2.478 sec/batch
INFO:tensorflow:Step: 3691, Loss: 4.343348, time: 3.086 sec/batch
INFO:tensorflow:Step: 3703, Loss: 4.264706, time: 2.815 sec/batch
INFO:tensorflow:Step: 3713, Loss: 4.307692, time: 2.643 sec/batch
INFO:tensorflow:Step: 3723, Loss: 4.216732, time: 3.227 sec/batch
INFO:tensorflow:Step: 3739, Loss: 4.200522, time: 2.372 sec/batch
INFO:tensorflow:Step: 3748, Loss: 4.157799, time: 2.344 sec/batch
INFO:tensorflow:Step: 3760, Loss: 4.397328, time: 2.350 sec/batch
INFO:tensorflow:Step: 3769, Loss: 4.413404, time: 2.581 sec/batch
INFO:tensorflow:Step: 3779, Loss: 4.341537, time: 2.545 sec/batch
INFO:tensorflow:Step: 3791, Loss: 4.189257, time: 2.384 sec/batch
INFO:tensorflow:Step: 3801, Loss: 4.879004, time: 2.427 sec/batch
INFO:tensorflow:Step: 3811, Loss: 4.290793, time: 2.502 sec/batch
INFO:tensorflow:Step: 3822, Loss: 4.345054, time: 2.361 sec/batch
INFO:tensorflow:Step: 3833, Loss: 4.615933, time: 2.775 sec/batch
INFO:tensorflow:Step: 3845, Loss: 4.249483, time: 2.698 sec/batch
INFO:tensorflow:Step: 3856, Loss: 4.789952, time: 2.424 sec/batch
INFO:tensorflow:Step: 3867, Loss: 4.307701, time: 2.429 sec/batch
INFO:tensorflow:Step: 3879, Loss: 4.522898, time: 2.660 sec/batch
INFO:tensorflow:Step: 3890, Loss: 4.291586, time: 2.558 sec/batch
INFO:tensorflow:Step: 3901, Loss: 4.610152, time: 2.390 sec/batch
INFO:tensorflow:Step: 3910, Loss: 4.504707, time: 2.431 sec/batch
INFO:tensorflow:Step: 3921, Loss: 4.369068, time: 2.832 sec/batch
INFO:tensorflow:Step: 3930, Loss: 4.220469, time: 3.536 sec/batch
INFO:tensorflow:Step: 3942, Loss: 4.263955, time: 2.557 sec/batch
INFO:tensorflow:Step: 3954, Loss: 4.418277, time: 2.543 sec/batch
INFO:tensorflow:Step: 3964, Loss: 4.487244, time: 2.514 sec/batch
INFO:tensorflow:Step: 3973, Loss: 4.231814, time: 2.539 sec/batch
INFO:tensorflow:Step: 3984, Loss: 4.216897, time: 2.447 sec/batch
INFO:tensorflow:Step: 3994, Loss: 4.318199, time: 2.481 sec/batch
INFO:tensorflow:Step: 4005, Loss: 4.126937, time: 2.823 sec/batch
INFO:tensorflow:Step: 4017, Loss: 4.424544, time: 2.726 sec/batch
INFO:tensorflow:Step: 4028, Loss: 4.416574, time: 2.416 sec/batch
INFO:tensorflow:global_step/sec: 4.05476
INFO:tensorflow:Step: 4037, Loss: 4.250480, time: 2.447 sec/batch
INFO:tensorflow:Step: 4049, Loss: 4.511469, time: 2.554 sec/batch
INFO:tensorflow:Step: 4060, Loss: 4.325288, time: 2.402 sec/batch
INFO:tensorflow:Step: 4072, Loss: 4.398558, time: 2.405 sec/batch
INFO:tensorflow:Step: 4082, Loss: 4.285645, time: 2.639 sec/batch
INFO:tensorflow:Step: 4092, Loss: 4.230533, time: 2.560 sec/batch
INFO:tensorflow:Step: 4102, Loss: 4.309546, time: 2.523 sec/batch
INFO:tensorflow:Step: 4113, Loss: 4.195511, time: 2.559 sec/batch
INFO:tensorflow:Step: 4124, Loss: 4.211814, time: 2.428 sec/batch
INFO:tensorflow:Step: 4136, Loss: 4.395146, time: 2.417 sec/batch
INFO:tensorflow:Step: 4147, Loss: 4.369219, time: 2.718 sec/batch
INFO:tensorflow:Step: 4158, Loss: 4.142262, time: 2.652 sec/batch
INFO:tensorflow:Step: 4171, Loss: 4.243752, time: 2.389 sec/batch
INFO:tensorflow:Step: 4182, Loss: 4.190815, time: 2.487 sec/batch
INFO:tensorflow:Step: 4194, Loss: 4.269027, time: 2.465 sec/batch
INFO:tensorflow:Step: 4204, Loss: 4.281979, time: 2.609 sec/batch
INFO:tensorflow:Step: 4214, Loss: 4.300906, time: 2.809 sec/batch
INFO:tensorflow:Step: 4224, Loss: 4.473350, time: 2.693 sec/batch
INFO:tensorflow:Step: 4234, Loss: 4.418551, time: 2.750 sec/batch
INFO:tensorflow:Step: 4245, Loss: 4.330624, time: 2.435 sec/batch
INFO:tensorflow:Step: 4256, Loss: 4.321519, time: 2.708 sec/batch
INFO:tensorflow:Step: 4267, Loss: 4.373262, time: 2.672 sec/batch
INFO:tensorflow:Step: 4277, Loss: 4.133542, time: 2.752 sec/batch
INFO:tensorflow:Step: 4287, Loss: 4.273647, time: 2.494 sec/batch
INFO:tensorflow:Step: 4298, Loss: 4.191105, time: 2.974 sec/batch
INFO:tensorflow:Step: 4308, Loss: 4.280415, time: 2.732 sec/batch
INFO:tensorflow:Step: 4320, Loss: 4.153267, time: 2.429 sec/batch
INFO:tensorflow:Step: 4332, Loss: 4.459027, time: 2.365 sec/batch
INFO:tensorflow:Step: 4343, Loss: 4.316136, time: 2.470 sec/batch
INFO:tensorflow:Step: 4353, Loss: 4.169592, time: 2.608 sec/batch
INFO:tensorflow:Step: 4363, Loss: 4.301297, time: 2.466 sec/batch
INFO:tensorflow:Step: 4372, Loss: 4.167692, time: 2.494 sec/batch
INFO:tensorflow:Step: 4384, Loss: 4.115587, time: 2.399 sec/batch
INFO:tensorflow:Step: 4395, Loss: 4.367481, time: 2.914 sec/batch
INFO:tensorflow:Step: 4405, Loss: 4.185266, time: 2.907 sec/batch
INFO:tensorflow:Step: 4417, Loss: 4.150613, time: 2.669 sec/batch
INFO:tensorflow:Step: 4425, Loss: 4.167634, time: 2.494 sec/batch
INFO:tensorflow:Step: 4436, Loss: 4.262214, time: 2.376 sec/batch
INFO:tensorflow:Step: 4448, Loss: 4.175228, time: 2.430 sec/batch
INFO:tensorflow:Step: 4458, Loss: 4.134561, time: 3.087 sec/batch
INFO:tensorflow:Step: 4468, Loss: 4.207681, time: 2.563 sec/batch
INFO:tensorflow:Step: 4479, Loss: 4.158658, time: 2.674 sec/batch
INFO:tensorflow:Step: 4490, Loss: 4.152379, time: 2.477 sec/batch
INFO:tensorflow:Step: 4502, Loss: 4.102122, time: 2.367 sec/batch
INFO:tensorflow:Step: 4513, Loss: 4.173093, time: 2.637 sec/batch
INFO:tensorflow:Step: 4523, Loss: 4.119562, time: 2.393 sec/batch
INFO:tensorflow:global_step/sec: 4.20088
INFO:tensorflow:Step: 4535, Loss: 4.151287, time: 2.329 sec/batch
INFO:tensorflow:Step: 4544, Loss: 4.174110, time: 2.649 sec/batch
INFO:tensorflow:Step: 4555, Loss: 4.144706, time: 2.768 sec/batch
INFO:tensorflow:Step: 4566, Loss: 4.185493, time: 2.581 sec/batch
INFO:tensorflow:Step: 4576, Loss: 4.095672, time: 2.543 sec/batch
INFO:tensorflow:Step: 4585, Loss: 4.106833, time: 2.506 sec/batch
INFO:tensorflow:Step: 4594, Loss: 4.124083, time: 2.812 sec/batch
INFO:tensorflow:Step: 4604, Loss: 4.136237, time: 3.026 sec/batch
INFO:tensorflow:Step: 4613, Loss: 4.121134, time: 2.884 sec/batch
INFO:tensorflow:Step: 4624, Loss: 4.170864, time: 2.521 sec/batch
INFO:tensorflow:Step: 4632, Loss: 4.127427, time: 2.821 sec/batch
INFO:tensorflow:Step: 4644, Loss: 4.134033, time: 2.654 sec/batch
INFO:tensorflow:Step: 4653, Loss: 4.108360, time: 2.687 sec/batch
INFO:tensorflow:Step: 4664, Loss: 4.158498, time: 2.380 sec/batch
INFO:tensorflow:Step: 4673, Loss: 4.198678, time: 2.552 sec/batch
INFO:tensorflow:Step: 4686, Loss: 4.140259, time: 2.777 sec/batch
INFO:tensorflow:Step: 4696, Loss: 4.144137, time: 2.633 sec/batch
INFO:tensorflow:Step: 4707, Loss: 4.114896, time: 2.566 sec/batch
INFO:tensorflow:Step: 4717, Loss: 4.111833, time: 2.425 sec/batch
INFO:tensorflow:Step: 4727, Loss: 4.162970, time: 2.396 sec/batch
INFO:tensorflow:Step: 4738, Loss: 4.103551, time: 2.632 sec/batch
INFO:tensorflow:Step: 4749, Loss: 4.234041, time: 2.397 sec/batch
run-expr-32node.sh: line 25:  2236 Terminated              CUDA_VISIBLE_DEVICES=$1 bazel-bin/inception/imagenet_distributed_train --batch_size=32 --data_dir=/home/data/sample-data-$2 --job_name='worker' --task_id=$2 --ps_hosts='master:2200' --worker_hosts='master:2201,master:2202,master:2203,master:2204,node001:2205,node001:2206,node001:2207,node001:2208,node002:2209,node002:2210,node002:2211,node002:2212,node003:2213,node003:2214,node003:2215,node003:2216' --initial_learning_rate=$3 --momentum=$4 --sync=True --compute_groups=$5
