I tensorflow/stream_executor/dso_loader.cc:108] successfully opened CUDA library libcublas.so locally
I tensorflow/stream_executor/dso_loader.cc:108] successfully opened CUDA library libcudnn.so locally
I tensorflow/stream_executor/dso_loader.cc:108] successfully opened CUDA library libcufft.so locally
I tensorflow/stream_executor/dso_loader.cc:108] successfully opened CUDA library libcuda.so locally
I tensorflow/stream_executor/dso_loader.cc:108] successfully opened CUDA library libcurand.so locally
INFO:tensorflow:PS hosts are: ['master:2200']
INFO:tensorflow:Worker hosts are: ['master:2201', 'master:2202', 'master:2203', 'master:2204', 'node001:2205', 'node001:2206', 'node001:2207', 'node001:2208', 'node002:2209', 'node002:2210', 'node002:2211', 'node002:2212', 'node003:2213', 'node003:2214', 'node003:2215', 'node003:2216']
I tensorflow/stream_executor/cuda/cuda_gpu_executor.cc:922] successful NUMA node read from SysFS had negative value (-1), but there must be at least one NUMA node, so returning NUMA node zero
I tensorflow/core/common_runtime/gpu/gpu_init.cc:102] Found device 0 with properties: 
name: GRID K520
major: 3 minor: 0 memoryClockRate (GHz) 0.797
pciBusID 0000:00:03.0
Total memory: 4.00GiB
Free memory: 3.95GiB
I tensorflow/core/common_runtime/gpu/gpu_init.cc:126] DMA: 0 
I tensorflow/core/common_runtime/gpu/gpu_init.cc:136] 0:   Y 
I tensorflow/core/common_runtime/gpu/gpu_device.cc:784] Creating TensorFlow device (/gpu:0) -> (device: 0, name: GRID K520, pci bus id: 0000:00:03.0)
I tensorflow/core/distributed_runtime/rpc/grpc_channel.cc:206] Initialize HostPortsGrpcChannelCache for job ps -> {master:2200}
I tensorflow/core/distributed_runtime/rpc/grpc_channel.cc:206] Initialize HostPortsGrpcChannelCache for job worker -> {localhost:2201, master:2202, master:2203, master:2204, node001:2205, node001:2206, node001:2207, node001:2208, node002:2209, node002:2210, node002:2211, node002:2212, node003:2213, node003:2214, node003:2215, node003:2216}
I tensorflow/core/distributed_runtime/rpc/grpc_server_lib.cc:202] Started server with target: grpc://localhost:2201
INFO:tensorflow:Learning rate: 0.010000, momentum: 0.900000
INFO:tensorflow:Sync mode!!!!!!
INFO:tensorflow:Compute groups : 4
INFO:tensorflow:SyncReplicas enabled: replicas_to_aggregate=16; total_num_replicas=16
INFO:tensorflow:Num nodes per compute groups: 4
INFO:tensorflow:Tokens per step: 4
INFO:tensorflow:2016-08-09 18:13:03.775061 Supervisor
INFO:tensorflow:Restored model from /home/snapshot/model.ckpt-399
INFO:tensorflow:got sessions! 2016-08-09 18:13:57.492871 
INFO:tensorflow:Started 3 queues for processing input data.
INFO:tensorflow:global_step/sec: 0
I tensorflow/core/common_runtime/gpu/pool_allocator.cc:244] PoolAllocator: After 3869 get requests, put_count=2854 evicted_count=1000 eviction_rate=0.350385 and unsatisfied allocation rate=0.546653
I tensorflow/core/common_runtime/gpu/pool_allocator.cc:256] Raising pool_size_limit_ from 100 to 110
INFO:tensorflow:Step: 399, Loss: 5.171202, time: 21.180 sec/batch
INFO:tensorflow:Step: 400, Loss: 5.960892, time: 2.555 sec/batch
INFO:tensorflow:Step: 402, Loss: 5.283786, time: 2.861 sec/batch
INFO:tensorflow:Step: 404, Loss: 6.191082, time: 2.617 sec/batch
INFO:tensorflow:Step: 406, Loss: 7.482025, time: 2.865 sec/batch
I tensorflow/core/common_runtime/gpu/pool_allocator.cc:244] PoolAllocator: After 0 get requests, put_count=1016 evicted_count=1000 eviction_rate=0.984252 and unsatisfied allocation rate=0
INFO:tensorflow:Step: 409, Loss: 7.054486, time: 5.441 sec/batch
INFO:tensorflow:Step: 413, Loss: 7.740408, time: 5.507 sec/batch
INFO:tensorflow:Step: 417, Loss: 10.352141, time: 5.180 sec/batch
INFO:tensorflow:Step: 421, Loss: 9.391701, time: 5.063 sec/batch
INFO:tensorflow:Step: 425, Loss: 9.650333, time: 4.755 sec/batch
INFO:tensorflow:Step: 428, Loss: 8.393913, time: 4.305 sec/batch
I tensorflow/core/common_runtime/gpu/pool_allocator.cc:244] PoolAllocator: After 3768 get requests, put_count=4060 evicted_count=2000 eviction_rate=0.492611 and unsatisfied allocation rate=0.459926
I tensorflow/core/common_runtime/gpu/pool_allocator.cc:256] Raising pool_size_limit_ from 281 to 309
INFO:tensorflow:Step: 432, Loss: 7.495337, time: 4.425 sec/batch
INFO:tensorflow:Step: 436, Loss: 9.312297, time: 3.972 sec/batch
INFO:tensorflow:Step: 440, Loss: 8.178467, time: 4.615 sec/batch
INFO:tensorflow:Step: 444, Loss: 11.029566, time: 4.532 sec/batch
INFO:tensorflow:Step: 447, Loss: 7.392536, time: 4.227 sec/batch
INFO:tensorflow:Step: 451, Loss: 8.594253, time: 4.429 sec/batch
I tensorflow/core/common_runtime/gpu/pool_allocator.cc:244] PoolAllocator: After 0 get requests, put_count=1049 evicted_count=1000 eviction_rate=0.953289 and unsatisfied allocation rate=0
INFO:tensorflow:Step: 455, Loss: 9.370837, time: 5.433 sec/batch
INFO:tensorflow:Step: 460, Loss: 7.416705, time: 4.559 sec/batch
INFO:tensorflow:Step: 463, Loss: 7.524294, time: 3.834 sec/batch
INFO:tensorflow:Step: 467, Loss: 7.569366, time: 4.244 sec/batch
INFO:tensorflow:Step: 471, Loss: 7.062776, time: 4.772 sec/batch
INFO:tensorflow:Step: 476, Loss: 7.195857, time: 3.767 sec/batch
INFO:tensorflow:global_step/sec: 0.696818
INFO:tensorflow:Step: 480, Loss: 8.243701, time: 4.068 sec/batch
INFO:tensorflow:Step: 484, Loss: 7.270972, time: 5.334 sec/batch
INFO:tensorflow:Step: 488, Loss: 6.872702, time: 5.441 sec/batch
I tensorflow/core/common_runtime/gpu/pool_allocator.cc:244] PoolAllocator: After 3768 get requests, put_count=4015 evicted_count=1000 eviction_rate=0.249066 and unsatisfied allocation rate=0.227707
I tensorflow/core/common_runtime/gpu/pool_allocator.cc:256] Raising pool_size_limit_ from 1158 to 1273
INFO:tensorflow:Step: 492, Loss: 6.710765, time: 4.739 sec/batch
INFO:tensorflow:Step: 496, Loss: 6.349828, time: 4.744 sec/batch
INFO:tensorflow:Step: 500, Loss: 6.976256, time: 3.925 sec/batch
INFO:tensorflow:Step: 504, Loss: 6.529925, time: 4.601 sec/batch
INFO:tensorflow:Step: 508, Loss: 6.416244, time: 4.692 sec/batch
INFO:tensorflow:Step: 512, Loss: 6.466269, time: 5.124 sec/batch
INFO:tensorflow:Step: 516, Loss: 6.523302, time: 4.156 sec/batch
INFO:tensorflow:Step: 520, Loss: 7.016824, time: 3.967 sec/batch
INFO:tensorflow:Step: 524, Loss: 6.437284, time: 4.215 sec/batch
INFO:tensorflow:Step: 528, Loss: 6.525641, time: 4.884 sec/batch
INFO:tensorflow:Step: 532, Loss: 6.527109, time: 3.726 sec/batch
INFO:tensorflow:Step: 536, Loss: 6.412558, time: 4.264 sec/batch
INFO:tensorflow:Step: 540, Loss: 6.243866, time: 3.541 sec/batch
INFO:tensorflow:Step: 544, Loss: 6.491106, time: 4.009 sec/batch
INFO:tensorflow:Step: 548, Loss: 6.448599, time: 3.962 sec/batch
INFO:tensorflow:Step: 552, Loss: 6.440696, time: 4.054 sec/batch
INFO:tensorflow:Step: 556, Loss: 6.263700, time: 4.152 sec/batch
INFO:tensorflow:Step: 560, Loss: 6.142320, time: 4.261 sec/batch
INFO:tensorflow:Step: 564, Loss: 6.306109, time: 4.140 sec/batch
INFO:tensorflow:Step: 568, Loss: 6.235300, time: 4.196 sec/batch
INFO:tensorflow:Step: 572, Loss: 6.087741, time: 4.299 sec/batch
INFO:tensorflow:Step: 576, Loss: 6.183562, time: 4.852 sec/batch
INFO:tensorflow:Step: 580, Loss: 6.698156, time: 3.766 sec/batch
INFO:tensorflow:Step: 584, Loss: 6.745930, time: 5.091 sec/batch
INFO:tensorflow:Step: 588, Loss: 6.478511, time: 4.086 sec/batch
INFO:tensorflow:global_step/sec: 0.908343
INFO:tensorflow:Step: 591, Loss: 6.344707, time: 4.711 sec/batch
INFO:tensorflow:Step: 595, Loss: 6.323310, time: 5.565 sec/batch
INFO:tensorflow:Step: 599, Loss: 6.151496, time: 3.418 sec/batch
INFO:tensorflow:Step: 603, Loss: 5.967601, time: 4.020 sec/batch
INFO:tensorflow:Step: 607, Loss: 5.953765, time: 3.932 sec/batch
INFO:tensorflow:Step: 611, Loss: 6.118980, time: 4.340 sec/batch
INFO:tensorflow:Step: 615, Loss: 6.089047, time: 3.481 sec/batch
INFO:tensorflow:Step: 619, Loss: 6.354529, time: 3.677 sec/batch
INFO:tensorflow:Step: 623, Loss: 6.473273, time: 4.150 sec/batch
INFO:tensorflow:Step: 627, Loss: 5.949007, time: 3.721 sec/batch
INFO:tensorflow:Step: 631, Loss: 6.004998, time: 3.864 sec/batch
INFO:tensorflow:Step: 635, Loss: 6.224448, time: 3.944 sec/batch
INFO:tensorflow:Step: 639, Loss: 6.203284, time: 4.590 sec/batch
INFO:tensorflow:Step: 643, Loss: 6.150935, time: 4.138 sec/batch
INFO:tensorflow:Step: 647, Loss: 6.014281, time: 3.831 sec/batch
INFO:tensorflow:Step: 651, Loss: 6.048258, time: 4.212 sec/batch
INFO:tensorflow:Step: 654, Loss: 6.695290, time: 4.804 sec/batch
INFO:tensorflow:Step: 658, Loss: 6.249159, time: 3.834 sec/batch
INFO:tensorflow:Step: 662, Loss: 6.255368, time: 4.573 sec/batch
INFO:tensorflow:Step: 666, Loss: 6.165390, time: 4.845 sec/batch
INFO:tensorflow:Step: 670, Loss: 5.849275, time: 4.746 sec/batch
INFO:tensorflow:Step: 674, Loss: 5.840680, time: 4.398 sec/batch
INFO:tensorflow:Step: 677, Loss: 6.185226, time: 4.054 sec/batch
INFO:tensorflow:Step: 681, Loss: 6.090661, time: 4.019 sec/batch
INFO:tensorflow:Step: 684, Loss: 5.778521, time: 3.711 sec/batch
INFO:tensorflow:Step: 688, Loss: 5.821615, time: 4.010 sec/batch
INFO:tensorflow:Step: 692, Loss: 6.048159, time: 4.026 sec/batch
INFO:tensorflow:Step: 695, Loss: 5.978824, time: 4.043 sec/batch
INFO:tensorflow:global_step/sec: 0.925005
INFO:tensorflow:Step: 699, Loss: 5.876592, time: 4.518 sec/batch
INFO:tensorflow:Step: 704, Loss: 6.038392, time: 5.645 sec/batch
INFO:tensorflow:Step: 708, Loss: 5.880152, time: 4.530 sec/batch
INFO:tensorflow:Step: 712, Loss: 5.529867, time: 4.415 sec/batch
INFO:tensorflow:Step: 716, Loss: 6.213353, time: 4.095 sec/batch
INFO:tensorflow:Step: 720, Loss: 5.987977, time: 4.528 sec/batch
INFO:tensorflow:Step: 724, Loss: 6.014737, time: 4.517 sec/batch
INFO:tensorflow:Step: 728, Loss: 5.972053, time: 3.796 sec/batch
INFO:tensorflow:Step: 732, Loss: 5.843272, time: 4.994 sec/batch
INFO:tensorflow:Step: 736, Loss: 5.999225, time: 4.408 sec/batch
INFO:tensorflow:Step: 740, Loss: 5.867864, time: 4.969 sec/batch
INFO:tensorflow:Step: 744, Loss: 5.842712, time: 3.904 sec/batch
INFO:tensorflow:Step: 748, Loss: 6.006553, time: 3.986 sec/batch
INFO:tensorflow:Step: 752, Loss: 6.092876, time: 4.204 sec/batch
INFO:tensorflow:Step: 756, Loss: 5.653995, time: 4.319 sec/batch
INFO:tensorflow:Step: 761, Loss: 5.897502, time: 4.380 sec/batch
INFO:tensorflow:Step: 765, Loss: 5.692549, time: 4.272 sec/batch
INFO:tensorflow:Step: 769, Loss: 5.765575, time: 4.340 sec/batch
INFO:tensorflow:Step: 773, Loss: 5.913017, time: 3.812 sec/batch
INFO:tensorflow:Step: 777, Loss: 6.126566, time: 4.204 sec/batch
INFO:tensorflow:Step: 781, Loss: 5.936769, time: 4.768 sec/batch
INFO:tensorflow:Step: 785, Loss: 5.924165, time: 3.614 sec/batch
INFO:tensorflow:Step: 789, Loss: 5.668880, time: 4.159 sec/batch
INFO:tensorflow:Step: 793, Loss: 5.687404, time: 3.972 sec/batch
INFO:tensorflow:Step: 797, Loss: 5.699607, time: 4.622 sec/batch
INFO:tensorflow:Step: 801, Loss: 5.475583, time: 4.362 sec/batch
INFO:tensorflow:Step: 805, Loss: 5.895448, time: 3.667 sec/batch
INFO:tensorflow:Step: 809, Loss: 5.908384, time: 4.392 sec/batch
INFO:tensorflow:global_step/sec: 0.941648
INFO:tensorflow:Step: 813, Loss: 5.633078, time: 4.243 sec/batch
INFO:tensorflow:Step: 817, Loss: 5.726859, time: 3.524 sec/batch
INFO:tensorflow:Step: 820, Loss: 6.046388, time: 4.046 sec/batch
INFO:tensorflow:Step: 824, Loss: 5.704407, time: 3.994 sec/batch
INFO:tensorflow:Step: 828, Loss: 5.800810, time: 3.757 sec/batch
INFO:tensorflow:Step: 832, Loss: 5.834724, time: 3.917 sec/batch
INFO:tensorflow:Step: 836, Loss: 5.730233, time: 3.810 sec/batch
INFO:tensorflow:Step: 840, Loss: 5.421117, time: 3.910 sec/batch
INFO:tensorflow:Step: 844, Loss: 5.633785, time: 3.504 sec/batch
INFO:tensorflow:Step: 848, Loss: 5.808994, time: 3.881 sec/batch
INFO:tensorflow:Step: 852, Loss: 5.549391, time: 3.775 sec/batch
run-expr-32node.sh: line 25: 63684 Terminated              CUDA_VISIBLE_DEVICES=$1 bazel-bin/inception/imagenet_distributed_train --batch_size=32 --data_dir=/home/data/sample-data-$2 --job_name='worker' --task_id=$2 --ps_hosts='master:2200' --worker_hosts='master:2201,master:2202,master:2203,master:2204,node001:2205,node001:2206,node001:2207,node001:2208,node002:2209,node002:2210,node002:2211,node002:2212,node003:2213,node003:2214,node003:2215,node003:2216' --initial_learning_rate=$3 --momentum=$4 --sync=True --compute_groups=$5
