DISPLAY "(null)" invalid; disabling X11 forwarding
INFO:tensorflow:PS hosts are: ['raiders1:2200']
INFO:tensorflow:Worker hosts are: ['raiders1:2201', 'raiders1:2202', 'raiders1:2203', 'raiders1:2204', 'raiders1:2205', 'raiders1:2206', 'raiders1:2207', 'raiders1:2208', 'raiders1:2209', 'raiders1:2210', 'raiders1:2211', 'raiders3:2212', 'raiders3:2213', 'raiders3:2214', 'raiders3:2215', 'raiders3:2216', 'raiders3:2217', 'raiders3:2218', 'raiders3:2219', 'raiders3:2220', 'raiders3:2221', 'raiders3:2222', 'raiders8:2223', 'raiders8:2224', 'raiders8:2225', 'raiders8:2226', 'raiders8:2227', 'raiders8:2228', 'raiders8:2228', 'raiders8:2230', 'raiders8:2231', 'raiders8:2232']
I tensorflow/core/distributed_runtime/rpc/grpc_channel.cc:206] Initialize HostPortsGrpcChannelCache for job ps -> {raiders1:2200}
I tensorflow/core/distributed_runtime/rpc/grpc_channel.cc:206] Initialize HostPortsGrpcChannelCache for job worker -> {raiders1:2201, raiders1:2202, raiders1:2203, raiders1:2204, raiders1:2205, raiders1:2206, raiders1:2207, raiders1:2208, raiders1:2209, raiders1:2210, raiders1:2211, raiders3:2212, raiders3:2213, localhost:2214, raiders3:2215, raiders3:2216, raiders3:2217, raiders3:2218, raiders3:2219, raiders3:2220, raiders3:2221, raiders3:2222, raiders8:2223, raiders8:2224, raiders8:2225, raiders8:2226, raiders8:2227, raiders8:2228, raiders8:2228, raiders8:2230, raiders8:2231, raiders8:2232}
I tensorflow/core/distributed_runtime/rpc/grpc_server_lib.cc:202] Started server with target: grpc://localhost:2214
INFO:tensorflow:Learning rate: 0.005000, momentum: 0.900000
INFO:tensorflow:Sync mode!!!!!!
INFO:tensorflow:Compute groups : 1
INFO:tensorflow:SyncReplicas enabled: replicas_to_aggregate=32; total_num_replicas=32
INFO:tensorflow:Num nodes per compute groups: 32
INFO:tensorflow:Tokens per step: 32
INFO:tensorflow:2016-07-23 08:49:39.624357 Supervisor
INFO:tensorflow:got sessions! 2016-07-23 08:49:55.393466 
INFO:tensorflow:Started 3 queues for processing input data.
INFO:tensorflow:Thank you, we're starting 2016-07-23 08:50:32.506095
INFO:tensorflow:starting round: 2016-07-23 08:50:32.506422
I tensorflow/core/kernels/logging_ops.cc:79] aux_logits:[0]
I tensorflow/core/kernels/logging_ops.cc:79] cross_entropy_loss[0]
I tensorflow/core/kernels/logging_ops.cc:79] logits:[0]
I tensorflow/core/kernels/logging_ops.cc:79] cross_entropy_loss[0]
INFO:tensorflow:Step: 399, Loss: 5.112708, time: 61.703 sec/batch
INFO:tensorflow:starting round: 2016-07-23 08:51:34.209814
I tensorflow/core/kernels/logging_ops.cc:79] aux_logits:[0]
I tensorflow/core/kernels/logging_ops.cc:79] cross_entropy_loss[0]
I tensorflow/core/kernels/logging_ops.cc:79] logits:[0]
I tensorflow/core/kernels/logging_ops.cc:79] cross_entropy_loss[0]
INFO:tensorflow:Step: 399, Loss: 5.503765, time: 27.331 sec/batch
INFO:tensorflow:starting round: 2016-07-23 08:52:01.542377
I tensorflow/core/kernels/logging_ops.cc:79] aux_logits:[0]
I tensorflow/core/kernels/logging_ops.cc:79] cross_entropy_loss[0]
I tensorflow/core/kernels/logging_ops.cc:79] logits:[0]
I tensorflow/core/kernels/logging_ops.cc:79] cross_entropy_loss[0]
INFO:tensorflow:Step: 400, Loss: 5.611034, time: 36.350 sec/batch
INFO:tensorflow:starting round: 2016-07-23 08:52:37.893843
I tensorflow/core/kernels/logging_ops.cc:79] aux_logits:[0]
I tensorflow/core/kernels/logging_ops.cc:79] cross_entropy_loss[0]
I tensorflow/core/kernels/logging_ops.cc:79] logits:[0]
I tensorflow/core/kernels/logging_ops.cc:79] cross_entropy_loss[0]
INFO:tensorflow:Step: 401, Loss: 6.062317, time: 49.275 sec/batch
INFO:tensorflow:starting round: 2016-07-23 08:53:27.170161
I tensorflow/core/kernels/logging_ops.cc:79] aux_logits:[0]
I tensorflow/core/kernels/logging_ops.cc:79] cross_entropy_loss[0]
I tensorflow/core/kernels/logging_ops.cc:79] logits:[0]
I tensorflow/core/kernels/logging_ops.cc:79] cross_entropy_loss[0]
INFO:tensorflow:Step: 402, Loss: 6.127445, time: 43.655 sec/batch
INFO:tensorflow:starting round: 2016-07-23 08:54:10.826173
I tensorflow/core/kernels/logging_ops.cc:79] aux_logits:[0]
I tensorflow/core/kernels/logging_ops.cc:79] cross_entropy_loss[0]
I tensorflow/core/kernels/logging_ops.cc:79] logits:[0]
I tensorflow/core/kernels/logging_ops.cc:79] cross_entropy_loss[0]
INFO:tensorflow:Step: 403, Loss: 6.057737, time: 42.388 sec/batch
INFO:tensorflow:starting round: 2016-07-23 08:54:53.214710
I tensorflow/core/kernels/logging_ops.cc:79] aux_logits:[0]
I tensorflow/core/kernels/logging_ops.cc:79] cross_entropy_loss[0]
I tensorflow/core/kernels/logging_ops.cc:79] logits:[0]
I tensorflow/core/kernels/logging_ops.cc:79] cross_entropy_loss[0]
INFO:tensorflow:Step: 404, Loss: 5.874258, time: 43.165 sec/batch
INFO:tensorflow:starting round: 2016-07-23 08:55:36.380453
I tensorflow/core/kernels/logging_ops.cc:79] aux_logits:[0]
I tensorflow/core/kernels/logging_ops.cc:79] cross_entropy_loss[0]
I tensorflow/core/kernels/logging_ops.cc:79] logits:[0]
I tensorflow/core/kernels/logging_ops.cc:79] cross_entropy_loss[0]
INFO:tensorflow:Step: 405, Loss: 6.571925, time: 53.175 sec/batch
INFO:tensorflow:starting round: 2016-07-23 08:56:29.555740
I tensorflow/core/kernels/logging_ops.cc:79] aux_logits:[0]
I tensorflow/core/kernels/logging_ops.cc:79] cross_entropy_loss[0]
I tensorflow/core/kernels/logging_ops.cc:79] logits:[0]
I tensorflow/core/kernels/logging_ops.cc:79] cross_entropy_loss[0]
INFO:tensorflow:Step: 406, Loss: 6.420092, time: 50.584 sec/batch
INFO:tensorflow:starting round: 2016-07-23 08:57:20.140753
I tensorflow/core/kernels/logging_ops.cc:79] aux_logits:[0]
I tensorflow/core/kernels/logging_ops.cc:79] cross_entropy_loss[0]
I tensorflow/core/kernels/logging_ops.cc:79] logits:[0]
I tensorflow/core/kernels/logging_ops.cc:79] cross_entropy_loss[0]
INFO:tensorflow:Step: 407, Loss: 6.445527, time: 47.949 sec/batch
INFO:tensorflow:starting round: 2016-07-23 08:58:08.090855
I tensorflow/core/kernels/logging_ops.cc:79] aux_logits:[0]
I tensorflow/core/kernels/logging_ops.cc:79] cross_entropy_loss[0]
I tensorflow/core/kernels/logging_ops.cc:79] logits:[0]
I tensorflow/core/kernels/logging_ops.cc:79] cross_entropy_loss[0]
INFO:tensorflow:Step: 408, Loss: 6.318931, time: 51.727 sec/batch
INFO:tensorflow:starting round: 2016-07-23 08:58:59.818340
I tensorflow/core/kernels/logging_ops.cc:79] aux_logits:[0]
I tensorflow/core/kernels/logging_ops.cc:79] cross_entropy_loss[0]
I tensorflow/core/kernels/logging_ops.cc:79] logits:[0]
I tensorflow/core/kernels/logging_ops.cc:79] cross_entropy_loss[0]
INFO:tensorflow:Step: 409, Loss: 6.304399, time: 52.598 sec/batch
INFO:tensorflow:starting round: 2016-07-23 08:59:52.417098
I tensorflow/core/kernels/logging_ops.cc:79] aux_logits:[0]
I tensorflow/core/kernels/logging_ops.cc:79] cross_entropy_loss[0]
I tensorflow/core/kernels/logging_ops.cc:79] logits:[0]
I tensorflow/core/kernels/logging_ops.cc:79] cross_entropy_loss[0]
INFO:tensorflow:Step: 410, Loss: 7.024774, time: 49.485 sec/batch
INFO:tensorflow:starting round: 2016-07-23 09:00:41.902896
I tensorflow/core/kernels/logging_ops.cc:79] aux_logits:[0]
I tensorflow/core/kernels/logging_ops.cc:79] cross_entropy_loss[0]
I tensorflow/core/kernels/logging_ops.cc:79] logits:[0]
I tensorflow/core/kernels/logging_ops.cc:79] cross_entropy_loss[0]
INFO:tensorflow:Step: 411, Loss: 7.037125, time: 47.074 sec/batch
INFO:tensorflow:starting round: 2016-07-23 09:01:28.977853
I tensorflow/core/kernels/logging_ops.cc:79] aux_logits:[0]
I tensorflow/core/kernels/logging_ops.cc:79] cross_entropy_loss[0]
I tensorflow/core/kernels/logging_ops.cc:79] logits:[0]
I tensorflow/core/kernels/logging_ops.cc:79] cross_entropy_loss[0]
INFO:tensorflow:Step: 412, Loss: 6.116297, time: 50.803 sec/batch
INFO:tensorflow:starting round: 2016-07-23 09:02:19.781783
I tensorflow/core/kernels/logging_ops.cc:79] aux_logits:[0]
I tensorflow/core/kernels/logging_ops.cc:79] cross_entropy_loss[0]
I tensorflow/core/kernels/logging_ops.cc:79] logits:[0]
I tensorflow/core/kernels/logging_ops.cc:79] cross_entropy_loss[0]
INFO:tensorflow:Step: 413, Loss: 7.023196, time: 51.664 sec/batch
INFO:tensorflow:starting round: 2016-07-23 09:03:11.446708
I tensorflow/core/kernels/logging_ops.cc:79] aux_logits:[0]
I tensorflow/core/kernels/logging_ops.cc:79] cross_entropy_loss[0]
I tensorflow/core/kernels/logging_ops.cc:79] logits:[0]
I tensorflow/core/kernels/logging_ops.cc:79] cross_entropy_loss[0]
INFO:tensorflow:Step: 414, Loss: 8.168987, time: 51.522 sec/batch
INFO:tensorflow:starting round: 2016-07-23 09:04:02.969758
I tensorflow/core/kernels/logging_ops.cc:79] aux_logits:[0]
I tensorflow/core/kernels/logging_ops.cc:79] cross_entropy_loss[0]
I tensorflow/core/kernels/logging_ops.cc:79] logits:[0]
I tensorflow/core/kernels/logging_ops.cc:79] cross_entropy_loss[0]
INFO:tensorflow:Step: 415, Loss: 5.584697, time: 48.039 sec/batch
INFO:tensorflow:starting round: 2016-07-23 09:04:51.010500
I tensorflow/core/kernels/logging_ops.cc:79] aux_logits:[0]
I tensorflow/core/kernels/logging_ops.cc:79] cross_entropy_loss[0]
I tensorflow/core/kernels/logging_ops.cc:79] logits:[0]
I tensorflow/core/kernels/logging_ops.cc:79] cross_entropy_loss[0]
INFO:tensorflow:Step: 416, Loss: 5.420454, time: 51.696 sec/batch
INFO:tensorflow:starting round: 2016-07-23 09:05:42.707311
I tensorflow/core/kernels/logging_ops.cc:79] aux_logits:[0]
I tensorflow/core/kernels/logging_ops.cc:79] cross_entropy_loss[0]
I tensorflow/core/kernels/logging_ops.cc:79] logits:[0]
I tensorflow/core/kernels/logging_ops.cc:79] cross_entropy_loss[0]
INFO:tensorflow:Step: 417, Loss: 5.785092, time: 51.161 sec/batch
INFO:tensorflow:starting round: 2016-07-23 09:06:33.869514
I tensorflow/core/kernels/logging_ops.cc:79] aux_logits:[0]
I tensorflow/core/kernels/logging_ops.cc:79] cross_entropy_loss[0]
I tensorflow/core/kernels/logging_ops.cc:79] logits:[0]
I tensorflow/core/kernels/logging_ops.cc:79] cross_entropy_loss[0]
INFO:tensorflow:Step: 418, Loss: 5.863471, time: 44.832 sec/batch
INFO:tensorflow:starting round: 2016-07-23 09:07:18.703221
I tensorflow/core/kernels/logging_ops.cc:79] aux_logits:[0]
I tensorflow/core/kernels/logging_ops.cc:79] cross_entropy_loss[0]
I tensorflow/core/kernels/logging_ops.cc:79] logits:[0]
I tensorflow/core/kernels/logging_ops.cc:79] cross_entropy_loss[0]
INFO:tensorflow:Step: 419, Loss: 5.392538, time: 48.679 sec/batch
INFO:tensorflow:starting round: 2016-07-23 09:08:07.383212
I tensorflow/core/kernels/logging_ops.cc:79] aux_logits:[0]
I tensorflow/core/kernels/logging_ops.cc:79] cross_entropy_loss[0]
I tensorflow/core/kernels/logging_ops.cc:79] logits:[0]
I tensorflow/core/kernels/logging_ops.cc:79] cross_entropy_loss[0]
INFO:tensorflow:Step: 420, Loss: 5.664087, time: 52.453 sec/batch
INFO:tensorflow:starting round: 2016-07-23 09:08:59.837623
I tensorflow/core/kernels/logging_ops.cc:79] aux_logits:[0]
I tensorflow/core/kernels/logging_ops.cc:79] cross_entropy_loss[0]
I tensorflow/core/kernels/logging_ops.cc:79] logits:[0]
I tensorflow/core/kernels/logging_ops.cc:79] cross_entropy_loss[0]
INFO:tensorflow:Step: 421, Loss: 6.435883, time: 50.068 sec/batch
INFO:tensorflow:starting round: 2016-07-23 09:09:49.908009
I tensorflow/core/kernels/logging_ops.cc:79] aux_logits:[0]
I tensorflow/core/kernels/logging_ops.cc:79] cross_entropy_loss[0]
I tensorflow/core/kernels/logging_ops.cc:79] logits:[0]
I tensorflow/core/kernels/logging_ops.cc:79] cross_entropy_loss[0]
INFO:tensorflow:Step: 422, Loss: 5.368175, time: 46.529 sec/batch
INFO:tensorflow:starting round: 2016-07-23 09:10:36.437991
I tensorflow/core/kernels/logging_ops.cc:79] aux_logits:[0]
I tensorflow/core/kernels/logging_ops.cc:79] cross_entropy_loss[0]
I tensorflow/core/kernels/logging_ops.cc:79] logits:[0]
I tensorflow/core/kernels/logging_ops.cc:79] cross_entropy_loss[0]
INFO:tensorflow:Step: 423, Loss: 6.318726, time: 52.073 sec/batch
INFO:tensorflow:starting round: 2016-07-23 09:11:28.513534
I tensorflow/core/kernels/logging_ops.cc:79] aux_logits:[0]
I tensorflow/core/kernels/logging_ops.cc:79] cross_entropy_loss[0]
I tensorflow/core/kernels/logging_ops.cc:79] logits:[0]
I tensorflow/core/kernels/logging_ops.cc:79] cross_entropy_loss[0]
INFO:tensorflow:Step: 424, Loss: 5.042850, time: 50.747 sec/batch
INFO:tensorflow:starting round: 2016-07-23 09:12:19.261159
I tensorflow/core/kernels/logging_ops.cc:79] aux_logits:[0]
I tensorflow/core/kernels/logging_ops.cc:79] cross_entropy_loss[0]
I tensorflow/core/kernels/logging_ops.cc:79] logits:[0]
I tensorflow/core/kernels/logging_ops.cc:79] cross_entropy_loss[0]
INFO:tensorflow:Step: 425, Loss: 6.397855, time: 49.502 sec/batch
INFO:tensorflow:starting round: 2016-07-23 09:13:08.763359
I tensorflow/core/kernels/logging_ops.cc:79] aux_logits:[0]
I tensorflow/core/kernels/logging_ops.cc:79] cross_entropy_loss[0]
I tensorflow/core/kernels/logging_ops.cc:79] logits:[0]
I tensorflow/core/kernels/logging_ops.cc:79] cross_entropy_loss[0]
INFO:tensorflow:Step: 426, Loss: 5.475880, time: 49.952 sec/batch
INFO:tensorflow:starting round: 2016-07-23 09:13:58.716119
I tensorflow/core/kernels/logging_ops.cc:79] aux_logits:[0]
I tensorflow/core/kernels/logging_ops.cc:79] cross_entropy_loss[0]
I tensorflow/core/kernels/logging_ops.cc:79] logits:[0]
I tensorflow/core/kernels/logging_ops.cc:79] cross_entropy_loss[0]
INFO:tensorflow:Step: 427, Loss: 5.505296, time: 42.147 sec/batch
INFO:tensorflow:starting round: 2016-07-23 09:14:40.863705
I tensorflow/core/kernels/logging_ops.cc:79] aux_logits:[0]
I tensorflow/core/kernels/logging_ops.cc:79] cross_entropy_loss[0]
I tensorflow/core/kernels/logging_ops.cc:79] logits:[0]
I tensorflow/core/kernels/logging_ops.cc:79] cross_entropy_loss[0]
INFO:tensorflow:Step: 428, Loss: 6.206736, time: 48.655 sec/batch
INFO:tensorflow:starting round: 2016-07-23 09:15:29.519166
I tensorflow/core/kernels/logging_ops.cc:79] aux_logits:[0]
I tensorflow/core/kernels/logging_ops.cc:79] cross_entropy_loss[0]
I tensorflow/core/kernels/logging_ops.cc:79] logits:[0]
I tensorflow/core/kernels/logging_ops.cc:79] cross_entropy_loss[0]
INFO:tensorflow:Step: 429, Loss: 5.456411, time: 51.818 sec/batch
INFO:tensorflow:starting round: 2016-07-23 09:16:21.338652
I tensorflow/core/kernels/logging_ops.cc:79] aux_logits:[0]
I tensorflow/core/kernels/logging_ops.cc:79] cross_entropy_loss[0]
I tensorflow/core/kernels/logging_ops.cc:79] logits:[0]
I tensorflow/core/kernels/logging_ops.cc:79] cross_entropy_loss[0]
INFO:tensorflow:Step: 430, Loss: 5.560024, time: 50.572 sec/batch
INFO:tensorflow:starting round: 2016-07-23 09:17:11.910902
I tensorflow/core/kernels/logging_ops.cc:79] aux_logits:[0]
I tensorflow/core/kernels/logging_ops.cc:79] cross_entropy_loss[0]
I tensorflow/core/kernels/logging_ops.cc:79] logits:[0]
I tensorflow/core/kernels/logging_ops.cc:79] cross_entropy_loss[0]
INFO:tensorflow:Step: 431, Loss: 5.012315, time: 45.846 sec/batch
INFO:tensorflow:starting round: 2016-07-23 09:17:57.758039
I tensorflow/core/kernels/logging_ops.cc:79] aux_logits:[0]
I tensorflow/core/kernels/logging_ops.cc:79] cross_entropy_loss[0]
I tensorflow/core/kernels/logging_ops.cc:79] logits:[0]
I tensorflow/core/kernels/logging_ops.cc:79] cross_entropy_loss[0]
INFO:tensorflow:Step: 432, Loss: 5.049366, time: 50.912 sec/batch
INFO:tensorflow:starting round: 2016-07-23 09:18:48.670469
I tensorflow/core/kernels/logging_ops.cc:79] aux_logits:[0]
I tensorflow/core/kernels/logging_ops.cc:79] cross_entropy_loss[0]
I tensorflow/core/kernels/logging_ops.cc:79] logits:[0]
I tensorflow/core/kernels/logging_ops.cc:79] cross_entropy_loss[0]
run-expr-32node.sh: line 23:  6201 Terminated              CUDA_VISIBLE_DEVICES='' bazel-bin/inception/imagenet_distributed_train --batch_size=16 --data_dir=/lfs/local/0/daniter/32node-data-$2 --job_name='worker' --task_id=$2 --ps_hosts='raiders1:2200' --worker_hosts='raiders1:2201,raiders1:2202,raiders1:2203,raiders1:2204,raiders1:2205,raiders1:2206,raiders1:2207,raiders1:2208,raiders1:2209,raiders1:2210,raiders1:2211,raiders3:2212,raiders3:2213,raiders3:2214,raiders3:2215,raiders3:2216,raiders3:2217,raiders3:2218,raiders3:2219,raiders3:2220,raiders3:2221,raiders3:2222,raiders8:2223,raiders8:2224,raiders8:2225,raiders8:2226,raiders8:2227,raiders8:2228,raiders8:2228,raiders8:2230,raiders8:2231,raiders8:2232' --initial_learning_rate=$3 --momentum=$4 --sync=True --compute_groups=$5
