DISPLAY "(null)" invalid; disabling X11 forwarding
I tensorflow/stream_executor/dso_loader.cc:105] successfully opened CUDA library libcublas.so locally
I tensorflow/stream_executor/dso_loader.cc:105] successfully opened CUDA library libcudnn.so locally
I tensorflow/stream_executor/dso_loader.cc:105] successfully opened CUDA library libcufft.so locally
I tensorflow/stream_executor/dso_loader.cc:105] successfully opened CUDA library libcuda.so.1 locally
I tensorflow/stream_executor/dso_loader.cc:105] successfully opened CUDA library libcurand.so locally
INFO:tensorflow:PS hosts are: ['raiders1:2228']
INFO:tensorflow:Worker hosts are: ['raiders1:2200', 'raiders1:2201', 'raiders3:2209', 'raiders3:2210']
I tensorflow/core/common_runtime/gpu/gpu_init.cc:102] Found device 0 with properties: 
name: GeForce GTX TITAN X
major: 5 minor: 2 memoryClockRate (GHz) 1.076
pciBusID 0000:03:00.0
Total memory: 11.92GiB
Free memory: 11.81GiB
I tensorflow/core/common_runtime/gpu/gpu_init.cc:126] DMA: 0 
I tensorflow/core/common_runtime/gpu/gpu_init.cc:136] 0:   Y 
I tensorflow/core/common_runtime/gpu/gpu_device.cc:755] Creating TensorFlow device (/gpu:0) -> (device: 0, name: GeForce GTX TITAN X, pci bus id: 0000:03:00.0)
I tensorflow/core/distributed_runtime/rpc/grpc_channel.cc:206] Initialize HostPortsGrpcChannelCache for job ps -> {raiders1:2228}
I tensorflow/core/distributed_runtime/rpc/grpc_channel.cc:206] Initialize HostPortsGrpcChannelCache for job worker -> {raiders1:2200, raiders1:2201, localhost:2209, raiders3:2210}
I tensorflow/core/distributed_runtime/rpc/grpc_server_lib.cc:202] Started server with target: grpc://localhost:2209
INFO:tensorflow:Created variable global_step:0 with shape () and init <function zeros_initializer at 0x7f5a587b9230>
INFO:tensorflow:Learning rate: 0.005000, momentum: 0.150000
INFO:tensorflow:Created variable conv0/weights:0 with shape (3, 3, 3, 32) and init <function _initializer at 0x7f5b17b49aa0>
INFO:tensorflow:Applied regularizer to conv0/weights:0 and added the result conv0/weights/Regularizer/L2Regularizer/value:0 to REGULARIZATION_LOSSES.
INFO:tensorflow:Created variable conv0/BatchNorm/beta:0 with shape (32,) and init <function zeros_initializer at 0x7f5a587b9230>
INFO:tensorflow:Created variable conv0/BatchNorm/moving_mean:0 with shape (32,) and init <function zeros_initializer at 0x7f5a587b9230>
INFO:tensorflow:Created variable conv0/BatchNorm/moving_variance:0 with shape (32,) and init <function ones_initializer at 0x7f5a584f7f50>
INFO:tensorflow:Created variable conv1/weights:0 with shape (3, 3, 32, 32) and init <function _initializer at 0x7f5ad635fd70>
INFO:tensorflow:Applied regularizer to conv1/weights:0 and added the result conv1/weights/Regularizer/L2Regularizer/value:0 to REGULARIZATION_LOSSES.
INFO:tensorflow:Created variable conv1/BatchNorm/beta:0 with shape (32,) and init <function zeros_initializer at 0x7f5a587b9230>
INFO:tensorflow:Created variable conv1/BatchNorm/moving_mean:0 with shape (32,) and init <function zeros_initializer at 0x7f5a587b9230>
INFO:tensorflow:Created variable conv1/BatchNorm/moving_variance:0 with shape (32,) and init <function ones_initializer at 0x7f5a584f7f50>
INFO:tensorflow:Created variable conv2/weights:0 with shape (3, 3, 32, 64) and init <function _initializer at 0x7f5b17b49aa0>
INFO:tensorflow:Applied regularizer to conv2/weights:0 and added the result conv2/weights/Regularizer/L2Regularizer/value:0 to REGULARIZATION_LOSSES.
INFO:tensorflow:Created variable conv2/BatchNorm/beta:0 with shape (64,) and init <function zeros_initializer at 0x7f5a587b9230>
INFO:tensorflow:Created variable conv2/BatchNorm/moving_mean:0 with shape (64,) and init <function zeros_initializer at 0x7f5a587b9230>
INFO:tensorflow:Created variable conv2/BatchNorm/moving_variance:0 with shape (64,) and init <function ones_initializer at 0x7f5a584f7f50>
INFO:tensorflow:Created variable conv3/weights:0 with shape (1, 1, 64, 80) and init <function _initializer at 0x7f5ad635fd70>
INFO:tensorflow:Applied regularizer to conv3/weights:0 and added the result conv3/weights/Regularizer/L2Regularizer/value:0 to REGULARIZATION_LOSSES.
INFO:tensorflow:Created variable conv3/BatchNorm/beta:0 with shape (80,) and init <function zeros_initializer at 0x7f5a587b9230>
INFO:tensorflow:Created variable conv3/BatchNorm/moving_mean:0 with shape (80,) and init <function zeros_initializer at 0x7f5a587b9230>
INFO:tensorflow:Created variable conv3/BatchNorm/moving_variance:0 with shape (80,) and init <function ones_initializer at 0x7f5a584f7f50>
INFO:tensorflow:Created variable conv4/weights:0 with shape (3, 3, 80, 192) and init <function _initializer at 0x7f5ad635fd70>
INFO:tensorflow:Applied regularizer to conv4/weights:0 and added the result conv4/weights/Regularizer/L2Regularizer/value:0 to REGULARIZATION_LOSSES.
INFO:tensorflow:Created variable conv4/BatchNorm/beta:0 with shape (192,) and init <function zeros_initializer at 0x7f5a587b9230>
INFO:tensorflow:Created variable conv4/BatchNorm/moving_mean:0 with shape (192,) and init <function zeros_initializer at 0x7f5a587b9230>
INFO:tensorflow:Created variable conv4/BatchNorm/moving_variance:0 with shape (192,) and init <function ones_initializer at 0x7f5a584f7f50>
INFO:tensorflow:Created variable mixed_35x35x256a/branch1x1/Conv/weights:0 with shape (1, 1, 192, 64) and init <function _initializer at 0x7f5adbc28f50>
INFO:tensorflow:Applied regularizer to mixed_35x35x256a/branch1x1/Conv/weights:0 and added the result mixed_35x35x256a/branch1x1/Conv/weights/Regularizer/L2Regularizer/value:0 to REGULARIZATION_LOSSES.
INFO:tensorflow:Created variable mixed_35x35x256a/branch1x1/Conv/BatchNorm/beta:0 with shape (64,) and init <function zeros_initializer at 0x7f5a587b9230>
INFO:tensorflow:Created variable mixed_35x35x256a/branch1x1/Conv/BatchNorm/moving_mean:0 with shape (64,) and init <function zeros_initializer at 0x7f5a587b9230>
INFO:tensorflow:Created variable mixed_35x35x256a/branch1x1/Conv/BatchNorm/moving_variance:0 with shape (64,) and init <function ones_initializer at 0x7f5a584f7f50>
INFO:tensorflow:Created variable mixed_35x35x256a/branch5x5/Conv/weights:0 with shape (1, 1, 192, 48) and init <function _initializer at 0x7f5ad635fd70>
INFO:tensorflow:Applied regularizer to mixed_35x35x256a/branch5x5/Conv/weights:0 and added the result mixed_35x35x256a/branch5x5/Conv/weights/Regularizer/L2Regularizer/value:0 to REGULARIZATION_LOSSES.
INFO:tensorflow:Created variable mixed_35x35x256a/branch5x5/Conv/BatchNorm/beta:0 with shape (48,) and init <function zeros_initializer at 0x7f5a587b9230>
INFO:tensorflow:Created variable mixed_35x35x256a/branch5x5/Conv/BatchNorm/moving_mean:0 with shape (48,) and init <function zeros_initializer at 0x7f5a587b9230>
INFO:tensorflow:Created variable mixed_35x35x256a/branch5x5/Conv/BatchNorm/moving_variance:0 with shape (48,) and init <function ones_initializer at 0x7f5a584f7f50>
INFO:tensorflow:Created variable mixed_35x35x256a/branch5x5/Conv_1/weights:0 with shape (5, 5, 48, 64) and init <function _initializer at 0x7f5adbc28f50>
INFO:tensorflow:Applied regularizer to mixed_35x35x256a/branch5x5/Conv_1/weights:0 and added the result mixed_35x35x256a/branch5x5/Conv_1/weights/Regularizer/L2Regularizer/value:0 to REGULARIZATION_LOSSES.
INFO:tensorflow:Created variable mixed_35x35x256a/branch5x5/Conv_1/BatchNorm/beta:0 with shape (64,) and init <function zeros_initializer at 0x7f5a587b9230>
INFO:tensorflow:Created variable mixed_35x35x256a/branch5x5/Conv_1/BatchNorm/moving_mean:0 with shape (64,) and init <function zeros_initializer at 0x7f5a587b9230>
INFO:tensorflow:Created variable mixed_35x35x256a/branch5x5/Conv_1/BatchNorm/moving_variance:0 with shape (64,) and init <function ones_initializer at 0x7f5a584f7f50>
INFO:tensorflow:Created variable mixed_35x35x256a/branch3x3dbl/Conv/weights:0 with shape (1, 1, 192, 64) and init <function _initializer at 0x7f5ad635fd70>
INFO:tensorflow:Applied regularizer to mixed_35x35x256a/branch3x3dbl/Conv/weights:0 and added the result mixed_35x35x256a/branch3x3dbl/Conv/weights/Regularizer/L2Regularizer/value:0 to REGULARIZATION_LOSSES.
INFO:tensorflow:Created variable mixed_35x35x256a/branch3x3dbl/Conv/BatchNorm/beta:0 with shape (64,) and init <function zeros_initializer at 0x7f5a587b9230>
INFO:tensorflow:Created variable mixed_35x35x256a/branch3x3dbl/Conv/BatchNorm/moving_mean:0 with shape (64,) and init <function zeros_initializer at 0x7f5a587b9230>
INFO:tensorflow:Created variable mixed_35x35x256a/branch3x3dbl/Conv/BatchNorm/moving_variance:0 with shape (64,) and init <function ones_initializer at 0x7f5a584f7f50>
INFO:tensorflow:Created variable mixed_35x35x256a/branch3x3dbl/Conv_1/weights:0 with shape (3, 3, 64, 96) and init <function _initializer at 0x7f5adbc28f50>
INFO:tensorflow:Applied regularizer to mixed_35x35x256a/branch3x3dbl/Conv_1/weights:0 and added the result mixed_35x35x256a/branch3x3dbl/Conv_1/weights/Regularizer/L2Regularizer/value:0 to REGULARIZATION_LOSSES.
INFO:tensorflow:Created variable mixed_35x35x256a/branch3x3dbl/Conv_1/BatchNorm/beta:0 with shape (96,) and init <function zeros_initializer at 0x7f5a587b9230>
INFO:tensorflow:Created variable mixed_35x35x256a/branch3x3dbl/Conv_1/BatchNorm/moving_mean:0 with shape (96,) and init <function zeros_initializer at 0x7f5a587b9230>
INFO:tensorflow:Created variable mixed_35x35x256a/branch3x3dbl/Conv_1/BatchNorm/moving_variance:0 with shape (96,) and init <function ones_initializer at 0x7f5a584f7f50>
INFO:tensorflow:Created variable mixed_35x35x256a/branch3x3dbl/Conv_2/weights:0 with shape (3, 3, 96, 96) and init <function _initializer at 0x7f5ad635fd70>
INFO:tensorflow:Applied regularizer to mixed_35x35x256a/branch3x3dbl/Conv_2/weights:0 and added the result mixed_35x35x256a/branch3x3dbl/Conv_2/weights/Regularizer/L2Regularizer/value:0 to REGULARIZATION_LOSSES.
INFO:tensorflow:Created variable mixed_35x35x256a/branch3x3dbl/Conv_2/BatchNorm/beta:0 with shape (96,) and init <function zeros_initializer at 0x7f5a587b9230>
INFO:tensorflow:Created variable mixed_35x35x256a/branch3x3dbl/Conv_2/BatchNorm/moving_mean:0 with shape (96,) and init <function zeros_initializer at 0x7f5a587b9230>
INFO:tensorflow:Created variable mixed_35x35x256a/branch3x3dbl/Conv_2/BatchNorm/moving_variance:0 with shape (96,) and init <function ones_initializer at 0x7f5a584f7f50>
INFO:tensorflow:Created variable mixed_35x35x256a/branch_pool/Conv/weights:0 with shape (1, 1, 192, 32) and init <function _initializer at 0x7f5adbc28f50>
INFO:tensorflow:Applied regularizer to mixed_35x35x256a/branch_pool/Conv/weights:0 and added the result mixed_35x35x256a/branch_pool/Conv/weights/Regularizer/L2Regularizer/value:0 to REGULARIZATION_LOSSES.
INFO:tensorflow:Created variable mixed_35x35x256a/branch_pool/Conv/BatchNorm/beta:0 with shape (32,) and init <function zeros_initializer at 0x7f5a587b9230>
INFO:tensorflow:Created variable mixed_35x35x256a/branch_pool/Conv/BatchNorm/moving_mean:0 with shape (32,) and init <function zeros_initializer at 0x7f5a587b9230>
INFO:tensorflow:Created variable mixed_35x35x256a/branch_pool/Conv/BatchNorm/moving_variance:0 with shape (32,) and init <function ones_initializer at 0x7f5a584f7f50>
INFO:tensorflow:Created variable mixed_35x35x288a/branch1x1/Conv/weights:0 with shape (1, 1, 256, 64) and init <function _initializer at 0x7f5ad635fd70>
INFO:tensorflow:Applied regularizer to mixed_35x35x288a/branch1x1/Conv/weights:0 and added the result mixed_35x35x288a/branch1x1/Conv/weights/Regularizer/L2Regularizer/value:0 to REGULARIZATION_LOSSES.
INFO:tensorflow:Created variable mixed_35x35x288a/branch1x1/Conv/BatchNorm/beta:0 with shape (64,) and init <function zeros_initializer at 0x7f5a587b9230>
INFO:tensorflow:Created variable mixed_35x35x288a/branch1x1/Conv/BatchNorm/moving_mean:0 with shape (64,) and init <function zeros_initializer at 0x7f5a587b9230>
INFO:tensorflow:Created variable mixed_35x35x288a/branch1x1/Conv/BatchNorm/moving_variance:0 with shape (64,) and init <function ones_initializer at 0x7f5a584f7f50>
INFO:tensorflow:Created variable mixed_35x35x288a/branch5x5/Conv/weights:0 with shape (1, 1, 256, 48) and init <function _initializer at 0x7f5adbc28f50>
INFO:tensorflow:Applied regularizer to mixed_35x35x288a/branch5x5/Conv/weights:0 and added the result mixed_35x35x288a/branch5x5/Conv/weights/Regularizer/L2Regularizer/value:0 to REGULARIZATION_LOSSES.
INFO:tensorflow:Created variable mixed_35x35x288a/branch5x5/Conv/BatchNorm/beta:0 with shape (48,) and init <function zeros_initializer at 0x7f5a587b9230>
INFO:tensorflow:Created variable mixed_35x35x288a/branch5x5/Conv/BatchNorm/moving_mean:0 with shape (48,) and init <function zeros_initializer at 0x7f5a587b9230>
INFO:tensorflow:Created variable mixed_35x35x288a/branch5x5/Conv/BatchNorm/moving_variance:0 with shape (48,) and init <function ones_initializer at 0x7f5a584f7f50>
INFO:tensorflow:Created variable mixed_35x35x288a/branch5x5/Conv_1/weights:0 with shape (5, 5, 48, 64) and init <function _initializer at 0x7f5ad635fd70>
INFO:tensorflow:Applied regularizer to mixed_35x35x288a/branch5x5/Conv_1/weights:0 and added the result mixed_35x35x288a/branch5x5/Conv_1/weights/Regularizer/L2Regularizer/value:0 to REGULARIZATION_LOSSES.
INFO:tensorflow:Created variable mixed_35x35x288a/branch5x5/Conv_1/BatchNorm/beta:0 with shape (64,) and init <function zeros_initializer at 0x7f5a587b9230>
INFO:tensorflow:Created variable mixed_35x35x288a/branch5x5/Conv_1/BatchNorm/moving_mean:0 with shape (64,) and init <function zeros_initializer at 0x7f5a587b9230>
INFO:tensorflow:Created variable mixed_35x35x288a/branch5x5/Conv_1/BatchNorm/moving_variance:0 with shape (64,) and init <function ones_initializer at 0x7f5a584f7f50>
INFO:tensorflow:Created variable mixed_35x35x288a/branch3x3dbl/Conv/weights:0 with shape (1, 1, 256, 64) and init <function _initializer at 0x7f5adbc28f50>
INFO:tensorflow:Applied regularizer to mixed_35x35x288a/branch3x3dbl/Conv/weights:0 and added the result mixed_35x35x288a/branch3x3dbl/Conv/weights/Regularizer/L2Regularizer/value:0 to REGULARIZATION_LOSSES.
INFO:tensorflow:Created variable mixed_35x35x288a/branch3x3dbl/Conv/BatchNorm/beta:0 with shape (64,) and init <function zeros_initializer at 0x7f5a587b9230>
INFO:tensorflow:Created variable mixed_35x35x288a/branch3x3dbl/Conv/BatchNorm/moving_mean:0 with shape (64,) and init <function zeros_initializer at 0x7f5a587b9230>
INFO:tensorflow:Created variable mixed_35x35x288a/branch3x3dbl/Conv/BatchNorm/moving_variance:0 with shape (64,) and init <function ones_initializer at 0x7f5a584f7f50>
INFO:tensorflow:Created variable mixed_35x35x288a/branch3x3dbl/Conv_1/weights:0 with shape (3, 3, 64, 96) and init <function _initializer at 0x7f5ad635fd70>
INFO:tensorflow:Applied regularizer to mixed_35x35x288a/branch3x3dbl/Conv_1/weights:0 and added the result mixed_35x35x288a/branch3x3dbl/Conv_1/weights/Regularizer/L2Regularizer/value:0 to REGULARIZATION_LOSSES.
INFO:tensorflow:Created variable mixed_35x35x288a/branch3x3dbl/Conv_1/BatchNorm/beta:0 with shape (96,) and init <function zeros_initializer at 0x7f5a587b9230>
INFO:tensorflow:Created variable mixed_35x35x288a/branch3x3dbl/Conv_1/BatchNorm/moving_mean:0 with shape (96,) and init <function zeros_initializer at 0x7f5a587b9230>
INFO:tensorflow:Created variable mixed_35x35x288a/branch3x3dbl/Conv_1/BatchNorm/moving_variance:0 with shape (96,) and init <function ones_initializer at 0x7f5a584f7f50>
INFO:tensorflow:Created variable mixed_35x35x288a/branch3x3dbl/Conv_2/weights:0 with shape (3, 3, 96, 96) and init <function _initializer at 0x7f5adbc28f50>
INFO:tensorflow:Applied regularizer to mixed_35x35x288a/branch3x3dbl/Conv_2/weights:0 and added the result mixed_35x35x288a/branch3x3dbl/Conv_2/weights/Regularizer/L2Regularizer/value:0 to REGULARIZATION_LOSSES.
INFO:tensorflow:Created variable mixed_35x35x288a/branch3x3dbl/Conv_2/BatchNorm/beta:0 with shape (96,) and init <function zeros_initializer at 0x7f5a587b9230>
INFO:tensorflow:Created variable mixed_35x35x288a/branch3x3dbl/Conv_2/BatchNorm/moving_mean:0 with shape (96,) and init <function zeros_initializer at 0x7f5a587b9230>
INFO:tensorflow:Created variable mixed_35x35x288a/branch3x3dbl/Conv_2/BatchNorm/moving_variance:0 with shape (96,) and init <function ones_initializer at 0x7f5a584f7f50>
INFO:tensorflow:Created variable mixed_35x35x288a/branch_pool/Conv/weights:0 with shape (1, 1, 256, 64) and init <function _initializer at 0x7f5ad635fd70>
INFO:tensorflow:Applied regularizer to mixed_35x35x288a/branch_pool/Conv/weights:0 and added the result mixed_35x35x288a/branch_pool/Conv/weights/Regularizer/L2Regularizer/value:0 to REGULARIZATION_LOSSES.
INFO:tensorflow:Created variable mixed_35x35x288a/branch_pool/Conv/BatchNorm/beta:0 with shape (64,) and init <function zeros_initializer at 0x7f5a587b9230>
INFO:tensorflow:Created variable mixed_35x35x288a/branch_pool/Conv/BatchNorm/moving_mean:0 with shape (64,) and init <function zeros_initializer at 0x7f5a587b9230>
INFO:tensorflow:Created variable mixed_35x35x288a/branch_pool/Conv/BatchNorm/moving_variance:0 with shape (64,) and init <function ones_initializer at 0x7f5a584f7f50>
INFO:tensorflow:Created variable mixed_35x35x288b/branch1x1/Conv/weights:0 with shape (1, 1, 288, 64) and init <function _initializer at 0x7f5adbc28f50>
INFO:tensorflow:Applied regularizer to mixed_35x35x288b/branch1x1/Conv/weights:0 and added the result mixed_35x35x288b/branch1x1/Conv/weights/Regularizer/L2Regularizer/value:0 to REGULARIZATION_LOSSES.
INFO:tensorflow:Created variable mixed_35x35x288b/branch1x1/Conv/BatchNorm/beta:0 with shape (64,) and init <function zeros_initializer at 0x7f5a587b9230>
INFO:tensorflow:Created variable mixed_35x35x288b/branch1x1/Conv/BatchNorm/moving_mean:0 with shape (64,) and init <function zeros_initializer at 0x7f5a587b9230>
INFO:tensorflow:Created variable mixed_35x35x288b/branch1x1/Conv/BatchNorm/moving_variance:0 with shape (64,) and init <function ones_initializer at 0x7f5a584f7f50>
INFO:tensorflow:Created variable mixed_35x35x288b/branch5x5/Conv/weights:0 with shape (1, 1, 288, 48) and init <function _initializer at 0x7f5ad635fd70>
INFO:tensorflow:Applied regularizer to mixed_35x35x288b/branch5x5/Conv/weights:0 and added the result mixed_35x35x288b/branch5x5/Conv/weights/Regularizer/L2Regularizer/value:0 to REGULARIZATION_LOSSES.
INFO:tensorflow:Created variable mixed_35x35x288b/branch5x5/Conv/BatchNorm/beta:0 with shape (48,) and init <function zeros_initializer at 0x7f5a587b9230>
INFO:tensorflow:Created variable mixed_35x35x288b/branch5x5/Conv/BatchNorm/moving_mean:0 with shape (48,) and init <function zeros_initializer at 0x7f5a587b9230>
INFO:tensorflow:Created variable mixed_35x35x288b/branch5x5/Conv/BatchNorm/moving_variance:0 with shape (48,) and init <function ones_initializer at 0x7f5a584f7f50>
INFO:tensorflow:Created variable mixed_35x35x288b/branch5x5/Conv_1/weights:0 with shape (5, 5, 48, 64) and init <function _initializer at 0x7f5adbc28f50>
INFO:tensorflow:Applied regularizer to mixed_35x35x288b/branch5x5/Conv_1/weights:0 and added the result mixed_35x35x288b/branch5x5/Conv_1/weights/Regularizer/L2Regularizer/value:0 to REGULARIZATION_LOSSES.
INFO:tensorflow:Created variable mixed_35x35x288b/branch5x5/Conv_1/BatchNorm/beta:0 with shape (64,) and init <function zeros_initializer at 0x7f5a587b9230>
INFO:tensorflow:Created variable mixed_35x35x288b/branch5x5/Conv_1/BatchNorm/moving_mean:0 with shape (64,) and init <function zeros_initializer at 0x7f5a587b9230>
INFO:tensorflow:Created variable mixed_35x35x288b/branch5x5/Conv_1/BatchNorm/moving_variance:0 with shape (64,) and init <function ones_initializer at 0x7f5a584f7f50>
INFO:tensorflow:Created variable mixed_35x35x288b/branch3x3dbl/Conv/weights:0 with shape (1, 1, 288, 64) and init <function _initializer at 0x7f5ad635fd70>
INFO:tensorflow:Applied regularizer to mixed_35x35x288b/branch3x3dbl/Conv/weights:0 and added the result mixed_35x35x288b/branch3x3dbl/Conv/weights/Regularizer/L2Regularizer/value:0 to REGULARIZATION_LOSSES.
INFO:tensorflow:Created variable mixed_35x35x288b/branch3x3dbl/Conv/BatchNorm/beta:0 with shape (64,) and init <function zeros_initializer at 0x7f5a587b9230>
INFO:tensorflow:Created variable mixed_35x35x288b/branch3x3dbl/Conv/BatchNorm/moving_mean:0 with shape (64,) and init <function zeros_initializer at 0x7f5a587b9230>
INFO:tensorflow:Created variable mixed_35x35x288b/branch3x3dbl/Conv/BatchNorm/moving_variance:0 with shape (64,) and init <function ones_initializer at 0x7f5a584f7f50>
INFO:tensorflow:Created variable mixed_35x35x288b/branch3x3dbl/Conv_1/weights:0 with shape (3, 3, 64, 96) and init <function _initializer at 0x7f5adbc28f50>
INFO:tensorflow:Applied regularizer to mixed_35x35x288b/branch3x3dbl/Conv_1/weights:0 and added the result mixed_35x35x288b/branch3x3dbl/Conv_1/weights/Regularizer/L2Regularizer/value:0 to REGULARIZATION_LOSSES.
INFO:tensorflow:Created variable mixed_35x35x288b/branch3x3dbl/Conv_1/BatchNorm/beta:0 with shape (96,) and init <function zeros_initializer at 0x7f5a587b9230>
INFO:tensorflow:Created variable mixed_35x35x288b/branch3x3dbl/Conv_1/BatchNorm/moving_mean:0 with shape (96,) and init <function zeros_initializer at 0x7f5a587b9230>
INFO:tensorflow:Created variable mixed_35x35x288b/branch3x3dbl/Conv_1/BatchNorm/moving_variance:0 with shape (96,) and init <function ones_initializer at 0x7f5a584f7f50>
INFO:tensorflow:Created variable mixed_35x35x288b/branch3x3dbl/Conv_2/weights:0 with shape (3, 3, 96, 96) and init <function _initializer at 0x7f5ad635fd70>
INFO:tensorflow:Applied regularizer to mixed_35x35x288b/branch3x3dbl/Conv_2/weights:0 and added the result mixed_35x35x288b/branch3x3dbl/Conv_2/weights/Regularizer/L2Regularizer/value:0 to REGULARIZATION_LOSSES.
INFO:tensorflow:Created variable mixed_35x35x288b/branch3x3dbl/Conv_2/BatchNorm/beta:0 with shape (96,) and init <function zeros_initializer at 0x7f5a587b9230>
INFO:tensorflow:Created variable mixed_35x35x288b/branch3x3dbl/Conv_2/BatchNorm/moving_mean:0 with shape (96,) and init <function zeros_initializer at 0x7f5a587b9230>
INFO:tensorflow:Created variable mixed_35x35x288b/branch3x3dbl/Conv_2/BatchNorm/moving_variance:0 with shape (96,) and init <function ones_initializer at 0x7f5a584f7f50>
INFO:tensorflow:Created variable mixed_35x35x288b/branch_pool/Conv/weights:0 with shape (1, 1, 288, 64) and init <function _initializer at 0x7f5adbc28f50>
INFO:tensorflow:Applied regularizer to mixed_35x35x288b/branch_pool/Conv/weights:0 and added the result mixed_35x35x288b/branch_pool/Conv/weights/Regularizer/L2Regularizer/value:0 to REGULARIZATION_LOSSES.
INFO:tensorflow:Created variable mixed_35x35x288b/branch_pool/Conv/BatchNorm/beta:0 with shape (64,) and init <function zeros_initializer at 0x7f5a587b9230>
INFO:tensorflow:Created variable mixed_35x35x288b/branch_pool/Conv/BatchNorm/moving_mean:0 with shape (64,) and init <function zeros_initializer at 0x7f5a587b9230>
INFO:tensorflow:Created variable mixed_35x35x288b/branch_pool/Conv/BatchNorm/moving_variance:0 with shape (64,) and init <function ones_initializer at 0x7f5a584f7f50>
INFO:tensorflow:Created variable mixed_17x17x768a/branch3x3/Conv/weights:0 with shape (3, 3, 288, 384) and init <function _initializer at 0x7f5adbc28f50>
INFO:tensorflow:Applied regularizer to mixed_17x17x768a/branch3x3/Conv/weights:0 and added the result mixed_17x17x768a/branch3x3/Conv/weights/Regularizer/L2Regularizer/value:0 to REGULARIZATION_LOSSES.
INFO:tensorflow:Created variable mixed_17x17x768a/branch3x3/Conv/BatchNorm/beta:0 with shape (384,) and init <function zeros_initializer at 0x7f5a587b9230>
INFO:tensorflow:Created variable mixed_17x17x768a/branch3x3/Conv/BatchNorm/moving_mean:0 with shape (384,) and init <function zeros_initializer at 0x7f5a587b9230>
INFO:tensorflow:Created variable mixed_17x17x768a/branch3x3/Conv/BatchNorm/moving_variance:0 with shape (384,) and init <function ones_initializer at 0x7f5a584f7f50>
INFO:tensorflow:Created variable mixed_17x17x768a/branch3x3dbl/Conv/weights:0 with shape (1, 1, 288, 64) and init <function _initializer at 0x7f5a406c1140>
INFO:tensorflow:Applied regularizer to mixed_17x17x768a/branch3x3dbl/Conv/weights:0 and added the result mixed_17x17x768a/branch3x3dbl/Conv/weights/Regularizer/L2Regularizer/value:0 to REGULARIZATION_LOSSES.
INFO:tensorflow:Created variable mixed_17x17x768a/branch3x3dbl/Conv/BatchNorm/beta:0 with shape (64,) and init <function zeros_initializer at 0x7f5a587b9230>
INFO:tensorflow:Created variable mixed_17x17x768a/branch3x3dbl/Conv/BatchNorm/moving_mean:0 with shape (64,) and init <function zeros_initializer at 0x7f5a587b9230>
INFO:tensorflow:Created variable mixed_17x17x768a/branch3x3dbl/Conv/BatchNorm/moving_variance:0 with shape (64,) and init <function ones_initializer at 0x7f5a584f7f50>
INFO:tensorflow:Created variable mixed_17x17x768a/branch3x3dbl/Conv_1/weights:0 with shape (3, 3, 64, 96) and init <function _initializer at 0x7f5adbc28f50>
INFO:tensorflow:Applied regularizer to mixed_17x17x768a/branch3x3dbl/Conv_1/weights:0 and added the result mixed_17x17x768a/branch3x3dbl/Conv_1/weights/Regularizer/L2Regularizer/value:0 to REGULARIZATION_LOSSES.
INFO:tensorflow:Created variable mixed_17x17x768a/branch3x3dbl/Conv_1/BatchNorm/beta:0 with shape (96,) and init <function zeros_initializer at 0x7f5a587b9230>
INFO:tensorflow:Created variable mixed_17x17x768a/branch3x3dbl/Conv_1/BatchNorm/moving_mean:0 with shape (96,) and init <function zeros_initializer at 0x7f5a587b9230>
INFO:tensorflow:Created variable mixed_17x17x768a/branch3x3dbl/Conv_1/BatchNorm/moving_variance:0 with shape (96,) and init <function ones_initializer at 0x7f5a584f7f50>
INFO:tensorflow:Created variable mixed_17x17x768a/branch3x3dbl/Conv_2/weights:0 with shape (3, 3, 96, 96) and init <function _initializer at 0x7f5a406c1140>
INFO:tensorflow:Applied regularizer to mixed_17x17x768a/branch3x3dbl/Conv_2/weights:0 and added the result mixed_17x17x768a/branch3x3dbl/Conv_2/weights/Regularizer/L2Regularizer/value:0 to REGULARIZATION_LOSSES.
INFO:tensorflow:Created variable mixed_17x17x768a/branch3x3dbl/Conv_2/BatchNorm/beta:0 with shape (96,) and init <function zeros_initializer at 0x7f5a587b9230>
INFO:tensorflow:Created variable mixed_17x17x768a/branch3x3dbl/Conv_2/BatchNorm/moving_mean:0 with shape (96,) and init <function zeros_initializer at 0x7f5a587b9230>
INFO:tensorflow:Created variable mixed_17x17x768a/branch3x3dbl/Conv_2/BatchNorm/moving_variance:0 with shape (96,) and init <function ones_initializer at 0x7f5a584f7f50>
INFO:tensorflow:Created variable mixed_17x17x768b/branch1x1/Conv/weights:0 with shape (1, 1, 768, 192) and init <function _initializer at 0x7f5adbc28f50>
INFO:tensorflow:Applied regularizer to mixed_17x17x768b/branch1x1/Conv/weights:0 and added the result mixed_17x17x768b/branch1x1/Conv/weights/Regularizer/L2Regularizer/value:0 to REGULARIZATION_LOSSES.
INFO:tensorflow:Created variable mixed_17x17x768b/branch1x1/Conv/BatchNorm/beta:0 with shape (192,) and init <function zeros_initializer at 0x7f5a587b9230>
INFO:tensorflow:Created variable mixed_17x17x768b/branch1x1/Conv/BatchNorm/moving_mean:0 with shape (192,) and init <function zeros_initializer at 0x7f5a587b9230>
INFO:tensorflow:Created variable mixed_17x17x768b/branch1x1/Conv/BatchNorm/moving_variance:0 with shape (192,) and init <function ones_initializer at 0x7f5a584f7f50>
INFO:tensorflow:Created variable mixed_17x17x768b/branch7x7/Conv/weights:0 with shape (1, 1, 768, 128) and init <function _initializer at 0x7f5a406c1140>
INFO:tensorflow:Applied regularizer to mixed_17x17x768b/branch7x7/Conv/weights:0 and added the result mixed_17x17x768b/branch7x7/Conv/weights/Regularizer/L2Regularizer/value:0 to REGULARIZATION_LOSSES.
INFO:tensorflow:Created variable mixed_17x17x768b/branch7x7/Conv/BatchNorm/beta:0 with shape (128,) and init <function zeros_initializer at 0x7f5a587b9230>
INFO:tensorflow:Created variable mixed_17x17x768b/branch7x7/Conv/BatchNorm/moving_mean:0 with shape (128,) and init <function zeros_initializer at 0x7f5a587b9230>
INFO:tensorflow:Created variable mixed_17x17x768b/branch7x7/Conv/BatchNorm/moving_variance:0 with shape (128,) and init <function ones_initializer at 0x7f5a584f7f50>
INFO:tensorflow:Created variable mixed_17x17x768b/branch7x7/Conv_1/weights:0 with shape (1, 7, 128, 128) and init <function _initializer at 0x7f5adbc28f50>
INFO:tensorflow:Applied regularizer to mixed_17x17x768b/branch7x7/Conv_1/weights:0 and added the result mixed_17x17x768b/branch7x7/Conv_1/weights/Regularizer/L2Regularizer/value:0 to REGULARIZATION_LOSSES.
INFO:tensorflow:Created variable mixed_17x17x768b/branch7x7/Conv_1/BatchNorm/beta:0 with shape (128,) and init <function zeros_initializer at 0x7f5a587b9230>
INFO:tensorflow:Created variable mixed_17x17x768b/branch7x7/Conv_1/BatchNorm/moving_mean:0 with shape (128,) and init <function zeros_initializer at 0x7f5a587b9230>
INFO:tensorflow:Created variable mixed_17x17x768b/branch7x7/Conv_1/BatchNorm/moving_variance:0 with shape (128,) and init <function ones_initializer at 0x7f5a584f7f50>
INFO:tensorflow:Created variable mixed_17x17x768b/branch7x7/Conv_2/weights:0 with shape (7, 1, 128, 192) and init <function _initializer at 0x7f5a406c1140>
INFO:tensorflow:Applied regularizer to mixed_17x17x768b/branch7x7/Conv_2/weights:0 and added the result mixed_17x17x768b/branch7x7/Conv_2/weights/Regularizer/L2Regularizer/value:0 to REGULARIZATION_LOSSES.
INFO:tensorflow:Created variable mixed_17x17x768b/branch7x7/Conv_2/BatchNorm/beta:0 with shape (192,) and init <function zeros_initializer at 0x7f5a587b9230>
INFO:tensorflow:Created variable mixed_17x17x768b/branch7x7/Conv_2/BatchNorm/moving_mean:0 with shape (192,) and init <function zeros_initializer at 0x7f5a587b9230>
INFO:tensorflow:Created variable mixed_17x17x768b/branch7x7/Conv_2/BatchNorm/moving_variance:0 with shape (192,) and init <function ones_initializer at 0x7f5a584f7f50>
INFO:tensorflow:Created variable mixed_17x17x768b/branch7x7dbl/Conv/weights:0 with shape (1, 1, 768, 128) and init <function _initializer at 0x7f5adbc28f50>
INFO:tensorflow:Applied regularizer to mixed_17x17x768b/branch7x7dbl/Conv/weights:0 and added the result mixed_17x17x768b/branch7x7dbl/Conv/weights/Regularizer/L2Regularizer/value:0 to REGULARIZATION_LOSSES.
INFO:tensorflow:Created variable mixed_17x17x768b/branch7x7dbl/Conv/BatchNorm/beta:0 with shape (128,) and init <function zeros_initializer at 0x7f5a587b9230>
INFO:tensorflow:Created variable mixed_17x17x768b/branch7x7dbl/Conv/BatchNorm/moving_mean:0 with shape (128,) and init <function zeros_initializer at 0x7f5a587b9230>
INFO:tensorflow:Created variable mixed_17x17x768b/branch7x7dbl/Conv/BatchNorm/moving_variance:0 with shape (128,) and init <function ones_initializer at 0x7f5a584f7f50>
INFO:tensorflow:Created variable mixed_17x17x768b/branch7x7dbl/Conv_1/weights:0 with shape (7, 1, 128, 128) and init <function _initializer at 0x7f5a406c1140>
INFO:tensorflow:Applied regularizer to mixed_17x17x768b/branch7x7dbl/Conv_1/weights:0 and added the result mixed_17x17x768b/branch7x7dbl/Conv_1/weights/Regularizer/L2Regularizer/value:0 to REGULARIZATION_LOSSES.
INFO:tensorflow:Created variable mixed_17x17x768b/branch7x7dbl/Conv_1/BatchNorm/beta:0 with shape (128,) and init <function zeros_initializer at 0x7f5a587b9230>
INFO:tensorflow:Created variable mixed_17x17x768b/branch7x7dbl/Conv_1/BatchNorm/moving_mean:0 with shape (128,) and init <function zeros_initializer at 0x7f5a587b9230>
INFO:tensorflow:Created variable mixed_17x17x768b/branch7x7dbl/Conv_1/BatchNorm/moving_variance:0 with shape (128,) and init <function ones_initializer at 0x7f5a584f7f50>
INFO:tensorflow:Created variable mixed_17x17x768b/branch7x7dbl/Conv_2/weights:0 with shape (1, 7, 128, 128) and init <function _initializer at 0x7f5adbc28f50>
INFO:tensorflow:Applied regularizer to mixed_17x17x768b/branch7x7dbl/Conv_2/weights:0 and added the result mixed_17x17x768b/branch7x7dbl/Conv_2/weights/Regularizer/L2Regularizer/value:0 to REGULARIZATION_LOSSES.
INFO:tensorflow:Created variable mixed_17x17x768b/branch7x7dbl/Conv_2/BatchNorm/beta:0 with shape (128,) and init <function zeros_initializer at 0x7f5a587b9230>
INFO:tensorflow:Created variable mixed_17x17x768b/branch7x7dbl/Conv_2/BatchNorm/moving_mean:0 with shape (128,) and init <function zeros_initializer at 0x7f5a587b9230>
INFO:tensorflow:Created variable mixed_17x17x768b/branch7x7dbl/Conv_2/BatchNorm/moving_variance:0 with shape (128,) and init <function ones_initializer at 0x7f5a584f7f50>
INFO:tensorflow:Created variable mixed_17x17x768b/branch7x7dbl/Conv_3/weights:0 with shape (7, 1, 128, 128) and init <function _initializer at 0x7f5a406c1140>
INFO:tensorflow:Applied regularizer to mixed_17x17x768b/branch7x7dbl/Conv_3/weights:0 and added the result mixed_17x17x768b/branch7x7dbl/Conv_3/weights/Regularizer/L2Regularizer/value:0 to REGULARIZATION_LOSSES.
INFO:tensorflow:Created variable mixed_17x17x768b/branch7x7dbl/Conv_3/BatchNorm/beta:0 with shape (128,) and init <function zeros_initializer at 0x7f5a587b9230>
INFO:tensorflow:Created variable mixed_17x17x768b/branch7x7dbl/Conv_3/BatchNorm/moving_mean:0 with shape (128,) and init <function zeros_initializer at 0x7f5a587b9230>
INFO:tensorflow:Created variable mixed_17x17x768b/branch7x7dbl/Conv_3/BatchNorm/moving_variance:0 with shape (128,) and init <function ones_initializer at 0x7f5a584f7f50>
INFO:tensorflow:Created variable mixed_17x17x768b/branch7x7dbl/Conv_4/weights:0 with shape (1, 7, 128, 192) and init <function _initializer at 0x7f5adbc28f50>
INFO:tensorflow:Applied regularizer to mixed_17x17x768b/branch7x7dbl/Conv_4/weights:0 and added the result mixed_17x17x768b/branch7x7dbl/Conv_4/weights/Regularizer/L2Regularizer/value:0 to REGULARIZATION_LOSSES.
INFO:tensorflow:Created variable mixed_17x17x768b/branch7x7dbl/Conv_4/BatchNorm/beta:0 with shape (192,) and init <function zeros_initializer at 0x7f5a587b9230>
INFO:tensorflow:Created variable mixed_17x17x768b/branch7x7dbl/Conv_4/BatchNorm/moving_mean:0 with shape (192,) and init <function zeros_initializer at 0x7f5a587b9230>
INFO:tensorflow:Created variable mixed_17x17x768b/branch7x7dbl/Conv_4/BatchNorm/moving_variance:0 with shape (192,) and init <function ones_initializer at 0x7f5a584f7f50>
INFO:tensorflow:Created variable mixed_17x17x768b/branch_pool/Conv/weights:0 with shape (1, 1, 768, 192) and init <function _initializer at 0x7f5a406c1140>
INFO:tensorflow:Applied regularizer to mixed_17x17x768b/branch_pool/Conv/weights:0 and added the result mixed_17x17x768b/branch_pool/Conv/weights/Regularizer/L2Regularizer/value:0 to REGULARIZATION_LOSSES.
INFO:tensorflow:Created variable mixed_17x17x768b/branch_pool/Conv/BatchNorm/beta:0 with shape (192,) and init <function zeros_initializer at 0x7f5a587b9230>
INFO:tensorflow:Created variable mixed_17x17x768b/branch_pool/Conv/BatchNorm/moving_mean:0 with shape (192,) and init <function zeros_initializer at 0x7f5a587b9230>
INFO:tensorflow:Created variable mixed_17x17x768b/branch_pool/Conv/BatchNorm/moving_variance:0 with shape (192,) and init <function ones_initializer at 0x7f5a584f7f50>
INFO:tensorflow:Created variable mixed_17x17x768c/branch1x1/Conv/weights:0 with shape (1, 1, 768, 192) and init <function _initializer at 0x7f5adbc28f50>
INFO:tensorflow:Applied regularizer to mixed_17x17x768c/branch1x1/Conv/weights:0 and added the result mixed_17x17x768c/branch1x1/Conv/weights/Regularizer/L2Regularizer/value:0 to REGULARIZATION_LOSSES.
INFO:tensorflow:Created variable mixed_17x17x768c/branch1x1/Conv/BatchNorm/beta:0 with shape (192,) and init <function zeros_initializer at 0x7f5a587b9230>
INFO:tensorflow:Created variable mixed_17x17x768c/branch1x1/Conv/BatchNorm/moving_mean:0 with shape (192,) and init <function zeros_initializer at 0x7f5a587b9230>
INFO:tensorflow:Created variable mixed_17x17x768c/branch1x1/Conv/BatchNorm/moving_variance:0 with shape (192,) and init <function ones_initializer at 0x7f5a584f7f50>
INFO:tensorflow:Created variable mixed_17x17x768c/branch7x7/Conv/weights:0 with shape (1, 1, 768, 160) and init <function _initializer at 0x7f5a406c1140>
INFO:tensorflow:Applied regularizer to mixed_17x17x768c/branch7x7/Conv/weights:0 and added the result mixed_17x17x768c/branch7x7/Conv/weights/Regularizer/L2Regularizer/value:0 to REGULARIZATION_LOSSES.
INFO:tensorflow:Created variable mixed_17x17x768c/branch7x7/Conv/BatchNorm/beta:0 with shape (160,) and init <function zeros_initializer at 0x7f5a587b9230>
INFO:tensorflow:Created variable mixed_17x17x768c/branch7x7/Conv/BatchNorm/moving_mean:0 with shape (160,) and init <function zeros_initializer at 0x7f5a587b9230>
INFO:tensorflow:Created variable mixed_17x17x768c/branch7x7/Conv/BatchNorm/moving_variance:0 with shape (160,) and init <function ones_initializer at 0x7f5a584f7f50>
INFO:tensorflow:Created variable mixed_17x17x768c/branch7x7/Conv_1/weights:0 with shape (1, 7, 160, 160) and init <function _initializer at 0x7f5adbc28f50>
INFO:tensorflow:Applied regularizer to mixed_17x17x768c/branch7x7/Conv_1/weights:0 and added the result mixed_17x17x768c/branch7x7/Conv_1/weights/Regularizer/L2Regularizer/value:0 to REGULARIZATION_LOSSES.
INFO:tensorflow:Created variable mixed_17x17x768c/branch7x7/Conv_1/BatchNorm/beta:0 with shape (160,) and init <function zeros_initializer at 0x7f5a587b9230>
INFO:tensorflow:Created variable mixed_17x17x768c/branch7x7/Conv_1/BatchNorm/moving_mean:0 with shape (160,) and init <function zeros_initializer at 0x7f5a587b9230>
INFO:tensorflow:Created variable mixed_17x17x768c/branch7x7/Conv_1/BatchNorm/moving_variance:0 with shape (160,) and init <function ones_initializer at 0x7f5a584f7f50>
INFO:tensorflow:Created variable mixed_17x17x768c/branch7x7/Conv_2/weights:0 with shape (7, 1, 160, 192) and init <function _initializer at 0x7f5a406c1140>
INFO:tensorflow:Applied regularizer to mixed_17x17x768c/branch7x7/Conv_2/weights:0 and added the result mixed_17x17x768c/branch7x7/Conv_2/weights/Regularizer/L2Regularizer/value:0 to REGULARIZATION_LOSSES.
INFO:tensorflow:Created variable mixed_17x17x768c/branch7x7/Conv_2/BatchNorm/beta:0 with shape (192,) and init <function zeros_initializer at 0x7f5a587b9230>
INFO:tensorflow:Created variable mixed_17x17x768c/branch7x7/Conv_2/BatchNorm/moving_mean:0 with shape (192,) and init <function zeros_initializer at 0x7f5a587b9230>
INFO:tensorflow:Created variable mixed_17x17x768c/branch7x7/Conv_2/BatchNorm/moving_variance:0 with shape (192,) and init <function ones_initializer at 0x7f5a584f7f50>
INFO:tensorflow:Created variable mixed_17x17x768c/branch7x7dbl/Conv/weights:0 with shape (1, 1, 768, 160) and init <function _initializer at 0x7f5adbc28f50>
INFO:tensorflow:Applied regularizer to mixed_17x17x768c/branch7x7dbl/Conv/weights:0 and added the result mixed_17x17x768c/branch7x7dbl/Conv/weights/Regularizer/L2Regularizer/value:0 to REGULARIZATION_LOSSES.
INFO:tensorflow:Created variable mixed_17x17x768c/branch7x7dbl/Conv/BatchNorm/beta:0 with shape (160,) and init <function zeros_initializer at 0x7f5a587b9230>
INFO:tensorflow:Created variable mixed_17x17x768c/branch7x7dbl/Conv/BatchNorm/moving_mean:0 with shape (160,) and init <function zeros_initializer at 0x7f5a587b9230>
INFO:tensorflow:Created variable mixed_17x17x768c/branch7x7dbl/Conv/BatchNorm/moving_variance:0 with shape (160,) and init <function ones_initializer at 0x7f5a584f7f50>
INFO:tensorflow:Created variable mixed_17x17x768c/branch7x7dbl/Conv_1/weights:0 with shape (7, 1, 160, 160) and init <function _initializer at 0x7f5a406c1140>
INFO:tensorflow:Applied regularizer to mixed_17x17x768c/branch7x7dbl/Conv_1/weights:0 and added the result mixed_17x17x768c/branch7x7dbl/Conv_1/weights/Regularizer/L2Regularizer/value:0 to REGULARIZATION_LOSSES.
INFO:tensorflow:Created variable mixed_17x17x768c/branch7x7dbl/Conv_1/BatchNorm/beta:0 with shape (160,) and init <function zeros_initializer at 0x7f5a587b9230>
INFO:tensorflow:Created variable mixed_17x17x768c/branch7x7dbl/Conv_1/BatchNorm/moving_mean:0 with shape (160,) and init <function zeros_initializer at 0x7f5a587b9230>
INFO:tensorflow:Created variable mixed_17x17x768c/branch7x7dbl/Conv_1/BatchNorm/moving_variance:0 with shape (160,) and init <function ones_initializer at 0x7f5a584f7f50>
INFO:tensorflow:Created variable mixed_17x17x768c/branch7x7dbl/Conv_2/weights:0 with shape (1, 7, 160, 160) and init <function _initializer at 0x7f5adbc28f50>
INFO:tensorflow:Applied regularizer to mixed_17x17x768c/branch7x7dbl/Conv_2/weights:0 and added the result mixed_17x17x768c/branch7x7dbl/Conv_2/weights/Regularizer/L2Regularizer/value:0 to REGULARIZATION_LOSSES.
INFO:tensorflow:Created variable mixed_17x17x768c/branch7x7dbl/Conv_2/BatchNorm/beta:0 with shape (160,) and init <function zeros_initializer at 0x7f5a587b9230>
INFO:tensorflow:Created variable mixed_17x17x768c/branch7x7dbl/Conv_2/BatchNorm/moving_mean:0 with shape (160,) and init <function zeros_initializer at 0x7f5a587b9230>
INFO:tensorflow:Created variable mixed_17x17x768c/branch7x7dbl/Conv_2/BatchNorm/moving_variance:0 with shape (160,) and init <function ones_initializer at 0x7f5a584f7f50>
INFO:tensorflow:Created variable mixed_17x17x768c/branch7x7dbl/Conv_3/weights:0 with shape (7, 1, 160, 160) and init <function _initializer at 0x7f5a406c1140>
INFO:tensorflow:Applied regularizer to mixed_17x17x768c/branch7x7dbl/Conv_3/weights:0 and added the result mixed_17x17x768c/branch7x7dbl/Conv_3/weights/Regularizer/L2Regularizer/value:0 to REGULARIZATION_LOSSES.
INFO:tensorflow:Created variable mixed_17x17x768c/branch7x7dbl/Conv_3/BatchNorm/beta:0 with shape (160,) and init <function zeros_initializer at 0x7f5a587b9230>
INFO:tensorflow:Created variable mixed_17x17x768c/branch7x7dbl/Conv_3/BatchNorm/moving_mean:0 with shape (160,) and init <function zeros_initializer at 0x7f5a587b9230>
INFO:tensorflow:Created variable mixed_17x17x768c/branch7x7dbl/Conv_3/BatchNorm/moving_variance:0 with shape (160,) and init <function ones_initializer at 0x7f5a584f7f50>
INFO:tensorflow:Created variable mixed_17x17x768c/branch7x7dbl/Conv_4/weights:0 with shape (1, 7, 160, 192) and init <function _initializer at 0x7f5adbc28f50>
INFO:tensorflow:Applied regularizer to mixed_17x17x768c/branch7x7dbl/Conv_4/weights:0 and added the result mixed_17x17x768c/branch7x7dbl/Conv_4/weights/Regularizer/L2Regularizer/value:0 to REGULARIZATION_LOSSES.
INFO:tensorflow:Created variable mixed_17x17x768c/branch7x7dbl/Conv_4/BatchNorm/beta:0 with shape (192,) and init <function zeros_initializer at 0x7f5a587b9230>
INFO:tensorflow:Created variable mixed_17x17x768c/branch7x7dbl/Conv_4/BatchNorm/moving_mean:0 with shape (192,) and init <function zeros_initializer at 0x7f5a587b9230>
INFO:tensorflow:Created variable mixed_17x17x768c/branch7x7dbl/Conv_4/BatchNorm/moving_variance:0 with shape (192,) and init <function ones_initializer at 0x7f5a584f7f50>
INFO:tensorflow:Created variable mixed_17x17x768c/branch_pool/Conv/weights:0 with shape (1, 1, 768, 192) and init <function _initializer at 0x7f5a406c1140>
INFO:tensorflow:Applied regularizer to mixed_17x17x768c/branch_pool/Conv/weights:0 and added the result mixed_17x17x768c/branch_pool/Conv/weights/Regularizer/L2Regularizer/value:0 to REGULARIZATION_LOSSES.
INFO:tensorflow:Created variable mixed_17x17x768c/branch_pool/Conv/BatchNorm/beta:0 with shape (192,) and init <function zeros_initializer at 0x7f5a587b9230>
INFO:tensorflow:Created variable mixed_17x17x768c/branch_pool/Conv/BatchNorm/moving_mean:0 with shape (192,) and init <function zeros_initializer at 0x7f5a587b9230>
INFO:tensorflow:Created variable mixed_17x17x768c/branch_pool/Conv/BatchNorm/moving_variance:0 with shape (192,) and init <function ones_initializer at 0x7f5a584f7f50>
INFO:tensorflow:Created variable mixed_17x17x768d/branch1x1/Conv/weights:0 with shape (1, 1, 768, 192) and init <function _initializer at 0x7f5adbc28f50>
INFO:tensorflow:Applied regularizer to mixed_17x17x768d/branch1x1/Conv/weights:0 and added the result mixed_17x17x768d/branch1x1/Conv/weights/Regularizer/L2Regularizer/value:0 to REGULARIZATION_LOSSES.
INFO:tensorflow:Created variable mixed_17x17x768d/branch1x1/Conv/BatchNorm/beta:0 with shape (192,) and init <function zeros_initializer at 0x7f5a587b9230>
INFO:tensorflow:Created variable mixed_17x17x768d/branch1x1/Conv/BatchNorm/moving_mean:0 with shape (192,) and init <function zeros_initializer at 0x7f5a587b9230>
INFO:tensorflow:Created variable mixed_17x17x768d/branch1x1/Conv/BatchNorm/moving_variance:0 with shape (192,) and init <function ones_initializer at 0x7f5a584f7f50>
INFO:tensorflow:Created variable mixed_17x17x768d/branch7x7/Conv/weights:0 with shape (1, 1, 768, 160) and init <function _initializer at 0x7f5a406c1140>
INFO:tensorflow:Applied regularizer to mixed_17x17x768d/branch7x7/Conv/weights:0 and added the result mixed_17x17x768d/branch7x7/Conv/weights/Regularizer/L2Regularizer/value:0 to REGULARIZATION_LOSSES.
INFO:tensorflow:Created variable mixed_17x17x768d/branch7x7/Conv/BatchNorm/beta:0 with shape (160,) and init <function zeros_initializer at 0x7f5a587b9230>
INFO:tensorflow:Created variable mixed_17x17x768d/branch7x7/Conv/BatchNorm/moving_mean:0 with shape (160,) and init <function zeros_initializer at 0x7f5a587b9230>
INFO:tensorflow:Created variable mixed_17x17x768d/branch7x7/Conv/BatchNorm/moving_variance:0 with shape (160,) and init <function ones_initializer at 0x7f5a584f7f50>
INFO:tensorflow:Created variable mixed_17x17x768d/branch7x7/Conv_1/weights:0 with shape (1, 7, 160, 160) and init <function _initializer at 0x7f5adbc28f50>
INFO:tensorflow:Applied regularizer to mixed_17x17x768d/branch7x7/Conv_1/weights:0 and added the result mixed_17x17x768d/branch7x7/Conv_1/weights/Regularizer/L2Regularizer/value:0 to REGULARIZATION_LOSSES.
INFO:tensorflow:Created variable mixed_17x17x768d/branch7x7/Conv_1/BatchNorm/beta:0 with shape (160,) and init <function zeros_initializer at 0x7f5a587b9230>
INFO:tensorflow:Created variable mixed_17x17x768d/branch7x7/Conv_1/BatchNorm/moving_mean:0 with shape (160,) and init <function zeros_initializer at 0x7f5a587b9230>
INFO:tensorflow:Created variable mixed_17x17x768d/branch7x7/Conv_1/BatchNorm/moving_variance:0 with shape (160,) and init <function ones_initializer at 0x7f5a584f7f50>
INFO:tensorflow:Created variable mixed_17x17x768d/branch7x7/Conv_2/weights:0 with shape (7, 1, 160, 192) and init <function _initializer at 0x7f5a406c1140>
INFO:tensorflow:Applied regularizer to mixed_17x17x768d/branch7x7/Conv_2/weights:0 and added the result mixed_17x17x768d/branch7x7/Conv_2/weights/Regularizer/L2Regularizer/value:0 to REGULARIZATION_LOSSES.
INFO:tensorflow:Created variable mixed_17x17x768d/branch7x7/Conv_2/BatchNorm/beta:0 with shape (192,) and init <function zeros_initializer at 0x7f5a587b9230>
INFO:tensorflow:Created variable mixed_17x17x768d/branch7x7/Conv_2/BatchNorm/moving_mean:0 with shape (192,) and init <function zeros_initializer at 0x7f5a587b9230>
INFO:tensorflow:Created variable mixed_17x17x768d/branch7x7/Conv_2/BatchNorm/moving_variance:0 with shape (192,) and init <function ones_initializer at 0x7f5a584f7f50>
INFO:tensorflow:Created variable mixed_17x17x768d/branch7x7dbl/Conv/weights:0 with shape (1, 1, 768, 160) and init <function _initializer at 0x7f5adbc28f50>
INFO:tensorflow:Applied regularizer to mixed_17x17x768d/branch7x7dbl/Conv/weights:0 and added the result mixed_17x17x768d/branch7x7dbl/Conv/weights/Regularizer/L2Regularizer/value:0 to REGULARIZATION_LOSSES.
INFO:tensorflow:Created variable mixed_17x17x768d/branch7x7dbl/Conv/BatchNorm/beta:0 with shape (160,) and init <function zeros_initializer at 0x7f5a587b9230>
INFO:tensorflow:Created variable mixed_17x17x768d/branch7x7dbl/Conv/BatchNorm/moving_mean:0 with shape (160,) and init <function zeros_initializer at 0x7f5a587b9230>
INFO:tensorflow:Created variable mixed_17x17x768d/branch7x7dbl/Conv/BatchNorm/moving_variance:0 with shape (160,) and init <function ones_initializer at 0x7f5a584f7f50>
INFO:tensorflow:Created variable mixed_17x17x768d/branch7x7dbl/Conv_1/weights:0 with shape (7, 1, 160, 160) and init <function _initializer at 0x7f5a406c1140>
INFO:tensorflow:Applied regularizer to mixed_17x17x768d/branch7x7dbl/Conv_1/weights:0 and added the result mixed_17x17x768d/branch7x7dbl/Conv_1/weights/Regularizer/L2Regularizer/value:0 to REGULARIZATION_LOSSES.
INFO:tensorflow:Created variable mixed_17x17x768d/branch7x7dbl/Conv_1/BatchNorm/beta:0 with shape (160,) and init <function zeros_initializer at 0x7f5a587b9230>
INFO:tensorflow:Created variable mixed_17x17x768d/branch7x7dbl/Conv_1/BatchNorm/moving_mean:0 with shape (160,) and init <function zeros_initializer at 0x7f5a587b9230>
INFO:tensorflow:Created variable mixed_17x17x768d/branch7x7dbl/Conv_1/BatchNorm/moving_variance:0 with shape (160,) and init <function ones_initializer at 0x7f5a584f7f50>
INFO:tensorflow:Created variable mixed_17x17x768d/branch7x7dbl/Conv_2/weights:0 with shape (1, 7, 160, 160) and init <function _initializer at 0x7f5adbc28f50>
INFO:tensorflow:Applied regularizer to mixed_17x17x768d/branch7x7dbl/Conv_2/weights:0 and added the result mixed_17x17x768d/branch7x7dbl/Conv_2/weights/Regularizer/L2Regularizer/value:0 to REGULARIZATION_LOSSES.
INFO:tensorflow:Created variable mixed_17x17x768d/branch7x7dbl/Conv_2/BatchNorm/beta:0 with shape (160,) and init <function zeros_initializer at 0x7f5a587b9230>
INFO:tensorflow:Created variable mixed_17x17x768d/branch7x7dbl/Conv_2/BatchNorm/moving_mean:0 with shape (160,) and init <function zeros_initializer at 0x7f5a587b9230>
INFO:tensorflow:Created variable mixed_17x17x768d/branch7x7dbl/Conv_2/BatchNorm/moving_variance:0 with shape (160,) and init <function ones_initializer at 0x7f5a584f7f50>
INFO:tensorflow:Created variable mixed_17x17x768d/branch7x7dbl/Conv_3/weights:0 with shape (7, 1, 160, 160) and init <function _initializer at 0x7f5a406c1140>
INFO:tensorflow:Applied regularizer to mixed_17x17x768d/branch7x7dbl/Conv_3/weights:0 and added the result mixed_17x17x768d/branch7x7dbl/Conv_3/weights/Regularizer/L2Regularizer/value:0 to REGULARIZATION_LOSSES.
INFO:tensorflow:Created variable mixed_17x17x768d/branch7x7dbl/Conv_3/BatchNorm/beta:0 with shape (160,) and init <function zeros_initializer at 0x7f5a587b9230>
INFO:tensorflow:Created variable mixed_17x17x768d/branch7x7dbl/Conv_3/BatchNorm/moving_mean:0 with shape (160,) and init <function zeros_initializer at 0x7f5a587b9230>
INFO:tensorflow:Created variable mixed_17x17x768d/branch7x7dbl/Conv_3/BatchNorm/moving_variance:0 with shape (160,) and init <function ones_initializer at 0x7f5a584f7f50>
INFO:tensorflow:Created variable mixed_17x17x768d/branch7x7dbl/Conv_4/weights:0 with shape (1, 7, 160, 192) and init <function _initializer at 0x7f5adbc28f50>
INFO:tensorflow:Applied regularizer to mixed_17x17x768d/branch7x7dbl/Conv_4/weights:0 and added the result mixed_17x17x768d/branch7x7dbl/Conv_4/weights/Regularizer/L2Regularizer/value:0 to REGULARIZATION_LOSSES.
INFO:tensorflow:Created variable mixed_17x17x768d/branch7x7dbl/Conv_4/BatchNorm/beta:0 with shape (192,) and init <function zeros_initializer at 0x7f5a587b9230>
INFO:tensorflow:Created variable mixed_17x17x768d/branch7x7dbl/Conv_4/BatchNorm/moving_mean:0 with shape (192,) and init <function zeros_initializer at 0x7f5a587b9230>
INFO:tensorflow:Created variable mixed_17x17x768d/branch7x7dbl/Conv_4/BatchNorm/moving_variance:0 with shape (192,) and init <function ones_initializer at 0x7f5a584f7f50>
INFO:tensorflow:Created variable mixed_17x17x768d/branch_pool/Conv/weights:0 with shape (1, 1, 768, 192) and init <function _initializer at 0x7f5a406c1140>
INFO:tensorflow:Applied regularizer to mixed_17x17x768d/branch_pool/Conv/weights:0 and added the result mixed_17x17x768d/branch_pool/Conv/weights/Regularizer/L2Regularizer/value:0 to REGULARIZATION_LOSSES.
INFO:tensorflow:Created variable mixed_17x17x768d/branch_pool/Conv/BatchNorm/beta:0 with shape (192,) and init <function zeros_initializer at 0x7f5a587b9230>
INFO:tensorflow:Created variable mixed_17x17x768d/branch_pool/Conv/BatchNorm/moving_mean:0 with shape (192,) and init <function zeros_initializer at 0x7f5a587b9230>
INFO:tensorflow:Created variable mixed_17x17x768d/branch_pool/Conv/BatchNorm/moving_variance:0 with shape (192,) and init <function ones_initializer at 0x7f5a584f7f50>
INFO:tensorflow:Created variable mixed_17x17x768e/branch1x1/Conv/weights:0 with shape (1, 1, 768, 192) and init <function _initializer at 0x7f5adbc28f50>
INFO:tensorflow:Applied regularizer to mixed_17x17x768e/branch1x1/Conv/weights:0 and added the result mixed_17x17x768e/branch1x1/Conv/weights/Regularizer/L2Regularizer/value:0 to REGULARIZATION_LOSSES.
INFO:tensorflow:Created variable mixed_17x17x768e/branch1x1/Conv/BatchNorm/beta:0 with shape (192,) and init <function zeros_initializer at 0x7f5a587b9230>
INFO:tensorflow:Created variable mixed_17x17x768e/branch1x1/Conv/BatchNorm/moving_mean:0 with shape (192,) and init <function zeros_initializer at 0x7f5a587b9230>
INFO:tensorflow:Created variable mixed_17x17x768e/branch1x1/Conv/BatchNorm/moving_variance:0 with shape (192,) and init <function ones_initializer at 0x7f5a584f7f50>
INFO:tensorflow:Created variable mixed_17x17x768e/branch7x7/Conv/weights:0 with shape (1, 1, 768, 192) and init <function _initializer at 0x7f5a406c1140>
INFO:tensorflow:Applied regularizer to mixed_17x17x768e/branch7x7/Conv/weights:0 and added the result mixed_17x17x768e/branch7x7/Conv/weights/Regularizer/L2Regularizer/value:0 to REGULARIZATION_LOSSES.
INFO:tensorflow:Created variable mixed_17x17x768e/branch7x7/Conv/BatchNorm/beta:0 with shape (192,) and init <function zeros_initializer at 0x7f5a587b9230>
INFO:tensorflow:Created variable mixed_17x17x768e/branch7x7/Conv/BatchNorm/moving_mean:0 with shape (192,) and init <function zeros_initializer at 0x7f5a587b9230>
INFO:tensorflow:Created variable mixed_17x17x768e/branch7x7/Conv/BatchNorm/moving_variance:0 with shape (192,) and init <function ones_initializer at 0x7f5a584f7f50>
INFO:tensorflow:Created variable mixed_17x17x768e/branch7x7/Conv_1/weights:0 with shape (1, 7, 192, 192) and init <function _initializer at 0x7f5adbc28f50>
INFO:tensorflow:Applied regularizer to mixed_17x17x768e/branch7x7/Conv_1/weights:0 and added the result mixed_17x17x768e/branch7x7/Conv_1/weights/Regularizer/L2Regularizer/value:0 to REGULARIZATION_LOSSES.
INFO:tensorflow:Created variable mixed_17x17x768e/branch7x7/Conv_1/BatchNorm/beta:0 with shape (192,) and init <function zeros_initializer at 0x7f5a587b9230>
INFO:tensorflow:Created variable mixed_17x17x768e/branch7x7/Conv_1/BatchNorm/moving_mean:0 with shape (192,) and init <function zeros_initializer at 0x7f5a587b9230>
INFO:tensorflow:Created variable mixed_17x17x768e/branch7x7/Conv_1/BatchNorm/moving_variance:0 with shape (192,) and init <function ones_initializer at 0x7f5a584f7f50>
INFO:tensorflow:Created variable mixed_17x17x768e/branch7x7/Conv_2/weights:0 with shape (7, 1, 192, 192) and init <function _initializer at 0x7f5a406c1140>
INFO:tensorflow:Applied regularizer to mixed_17x17x768e/branch7x7/Conv_2/weights:0 and added the result mixed_17x17x768e/branch7x7/Conv_2/weights/Regularizer/L2Regularizer/value:0 to REGULARIZATION_LOSSES.
INFO:tensorflow:Created variable mixed_17x17x768e/branch7x7/Conv_2/BatchNorm/beta:0 with shape (192,) and init <function zeros_initializer at 0x7f5a587b9230>
INFO:tensorflow:Created variable mixed_17x17x768e/branch7x7/Conv_2/BatchNorm/moving_mean:0 with shape (192,) and init <function zeros_initializer at 0x7f5a587b9230>
INFO:tensorflow:Created variable mixed_17x17x768e/branch7x7/Conv_2/BatchNorm/moving_variance:0 with shape (192,) and init <function ones_initializer at 0x7f5a584f7f50>
INFO:tensorflow:Created variable mixed_17x17x768e/branch7x7dbl/Conv/weights:0 with shape (1, 1, 768, 192) and init <function _initializer at 0x7f5adbc28f50>
INFO:tensorflow:Applied regularizer to mixed_17x17x768e/branch7x7dbl/Conv/weights:0 and added the result mixed_17x17x768e/branch7x7dbl/Conv/weights/Regularizer/L2Regularizer/value:0 to REGULARIZATION_LOSSES.
INFO:tensorflow:Created variable mixed_17x17x768e/branch7x7dbl/Conv/BatchNorm/beta:0 with shape (192,) and init <function zeros_initializer at 0x7f5a587b9230>
INFO:tensorflow:Created variable mixed_17x17x768e/branch7x7dbl/Conv/BatchNorm/moving_mean:0 with shape (192,) and init <function zeros_initializer at 0x7f5a587b9230>
INFO:tensorflow:Created variable mixed_17x17x768e/branch7x7dbl/Conv/BatchNorm/moving_variance:0 with shape (192,) and init <function ones_initializer at 0x7f5a584f7f50>
INFO:tensorflow:Created variable mixed_17x17x768e/branch7x7dbl/Conv_1/weights:0 with shape (7, 1, 192, 192) and init <function _initializer at 0x7f5a406c1140>
INFO:tensorflow:Applied regularizer to mixed_17x17x768e/branch7x7dbl/Conv_1/weights:0 and added the result mixed_17x17x768e/branch7x7dbl/Conv_1/weights/Regularizer/L2Regularizer/value:0 to REGULARIZATION_LOSSES.
INFO:tensorflow:Created variable mixed_17x17x768e/branch7x7dbl/Conv_1/BatchNorm/beta:0 with shape (192,) and init <function zeros_initializer at 0x7f5a587b9230>
INFO:tensorflow:Created variable mixed_17x17x768e/branch7x7dbl/Conv_1/BatchNorm/moving_mean:0 with shape (192,) and init <function zeros_initializer at 0x7f5a587b9230>
INFO:tensorflow:Created variable mixed_17x17x768e/branch7x7dbl/Conv_1/BatchNorm/moving_variance:0 with shape (192,) and init <function ones_initializer at 0x7f5a584f7f50>
INFO:tensorflow:Created variable mixed_17x17x768e/branch7x7dbl/Conv_2/weights:0 with shape (1, 7, 192, 192) and init <function _initializer at 0x7f5adbc28f50>
INFO:tensorflow:Applied regularizer to mixed_17x17x768e/branch7x7dbl/Conv_2/weights:0 and added the result mixed_17x17x768e/branch7x7dbl/Conv_2/weights/Regularizer/L2Regularizer/value:0 to REGULARIZATION_LOSSES.
INFO:tensorflow:Created variable mixed_17x17x768e/branch7x7dbl/Conv_2/BatchNorm/beta:0 with shape (192,) and init <function zeros_initializer at 0x7f5a587b9230>
INFO:tensorflow:Created variable mixed_17x17x768e/branch7x7dbl/Conv_2/BatchNorm/moving_mean:0 with shape (192,) and init <function zeros_initializer at 0x7f5a587b9230>
INFO:tensorflow:Created variable mixed_17x17x768e/branch7x7dbl/Conv_2/BatchNorm/moving_variance:0 with shape (192,) and init <function ones_initializer at 0x7f5a584f7f50>
INFO:tensorflow:Created variable mixed_17x17x768e/branch7x7dbl/Conv_3/weights:0 with shape (7, 1, 192, 192) and init <function _initializer at 0x7f5a406c1140>
INFO:tensorflow:Applied regularizer to mixed_17x17x768e/branch7x7dbl/Conv_3/weights:0 and added the result mixed_17x17x768e/branch7x7dbl/Conv_3/weights/Regularizer/L2Regularizer/value:0 to REGULARIZATION_LOSSES.
INFO:tensorflow:Created variable mixed_17x17x768e/branch7x7dbl/Conv_3/BatchNorm/beta:0 with shape (192,) and init <function zeros_initializer at 0x7f5a587b9230>
INFO:tensorflow:Created variable mixed_17x17x768e/branch7x7dbl/Conv_3/BatchNorm/moving_mean:0 with shape (192,) and init <function zeros_initializer at 0x7f5a587b9230>
INFO:tensorflow:Created variable mixed_17x17x768e/branch7x7dbl/Conv_3/BatchNorm/moving_variance:0 with shape (192,) and init <function ones_initializer at 0x7f5a584f7f50>
INFO:tensorflow:Created variable mixed_17x17x768e/branch7x7dbl/Conv_4/weights:0 with shape (1, 7, 192, 192) and init <function _initializer at 0x7f5adbc28f50>
INFO:tensorflow:Applied regularizer to mixed_17x17x768e/branch7x7dbl/Conv_4/weights:0 and added the result mixed_17x17x768e/branch7x7dbl/Conv_4/weights/Regularizer/L2Regularizer/value:0 to REGULARIZATION_LOSSES.
INFO:tensorflow:Created variable mixed_17x17x768e/branch7x7dbl/Conv_4/BatchNorm/beta:0 with shape (192,) and init <function zeros_initializer at 0x7f5a587b9230>
INFO:tensorflow:Created variable mixed_17x17x768e/branch7x7dbl/Conv_4/BatchNorm/moving_mean:0 with shape (192,) and init <function zeros_initializer at 0x7f5a587b9230>
INFO:tensorflow:Created variable mixed_17x17x768e/branch7x7dbl/Conv_4/BatchNorm/moving_variance:0 with shape (192,) and init <function ones_initializer at 0x7f5a584f7f50>
INFO:tensorflow:Created variable mixed_17x17x768e/branch_pool/Conv/weights:0 with shape (1, 1, 768, 192) and init <function _initializer at 0x7f5a406c1140>
INFO:tensorflow:Applied regularizer to mixed_17x17x768e/branch_pool/Conv/weights:0 and added the result mixed_17x17x768e/branch_pool/Conv/weights/Regularizer/L2Regularizer/value:0 to REGULARIZATION_LOSSES.
INFO:tensorflow:Created variable mixed_17x17x768e/branch_pool/Conv/BatchNorm/beta:0 with shape (192,) and init <function zeros_initializer at 0x7f5a587b9230>
INFO:tensorflow:Created variable mixed_17x17x768e/branch_pool/Conv/BatchNorm/moving_mean:0 with shape (192,) and init <function zeros_initializer at 0x7f5a587b9230>
INFO:tensorflow:Created variable mixed_17x17x768e/branch_pool/Conv/BatchNorm/moving_variance:0 with shape (192,) and init <function ones_initializer at 0x7f5a584f7f50>
INFO:tensorflow:Created variable aux_logits/proj/weights:0 with shape (1, 1, 768, 128) and init <function _initializer at 0x7f5adbc28f50>
INFO:tensorflow:Applied regularizer to aux_logits/proj/weights:0 and added the result aux_logits/proj/weights/Regularizer/L2Regularizer/value:0 to REGULARIZATION_LOSSES.
INFO:tensorflow:Created variable aux_logits/proj/BatchNorm/beta:0 with shape (128,) and init <function zeros_initializer at 0x7f5a587b9230>
INFO:tensorflow:Created variable aux_logits/proj/BatchNorm/moving_mean:0 with shape (128,) and init <function zeros_initializer at 0x7f5a587b9230>
INFO:tensorflow:Created variable aux_logits/proj/BatchNorm/moving_variance:0 with shape (128,) and init <function ones_initializer at 0x7f5a584f7f50>
INFO:tensorflow:Created variable aux_logits/Conv/weights:0 with shape (4, 4, 128, 768) and init <function _initializer at 0x7f5a406c1140>
INFO:tensorflow:Applied regularizer to aux_logits/Conv/weights:0 and added the result aux_logits/Conv/weights/Regularizer/L2Regularizer/value:0 to REGULARIZATION_LOSSES.
INFO:tensorflow:Created variable aux_logits/Conv/BatchNorm/beta:0 with shape (768,) and init <function zeros_initializer at 0x7f5a587b9230>
INFO:tensorflow:Created variable aux_logits/Conv/BatchNorm/moving_mean:0 with shape (768,) and init <function zeros_initializer at 0x7f5a587b9230>
INFO:tensorflow:Created variable aux_logits/Conv/BatchNorm/moving_variance:0 with shape (768,) and init <function ones_initializer at 0x7f5a584f7f50>
INFO:tensorflow:Created variable aux_logits/FC/weights:0 with shape (768, 9) and init <function _initializer at 0x7f5adbc28f50>
INFO:tensorflow:Applied regularizer to aux_logits/FC/weights:0 and added the result aux_logits/FC/weights/Regularizer/L2Regularizer/value:0 to REGULARIZATION_LOSSES.
INFO:tensorflow:Created variable aux_logits/FC/biases:0 with shape (9,) and init <function _initializer at 0x7f5a10323488>
INFO:tensorflow:Created variable mixed_17x17x1280a/branch3x3/Conv/weights:0 with shape (1, 1, 768, 192) and init <function _initializer at 0x7f5a10323488>
INFO:tensorflow:Applied regularizer to mixed_17x17x1280a/branch3x3/Conv/weights:0 and added the result mixed_17x17x1280a/branch3x3/Conv/weights/Regularizer/L2Regularizer/value:0 to REGULARIZATION_LOSSES.
INFO:tensorflow:Created variable mixed_17x17x1280a/branch3x3/Conv/BatchNorm/beta:0 with shape (192,) and init <function zeros_initializer at 0x7f5a587b9230>
INFO:tensorflow:Created variable mixed_17x17x1280a/branch3x3/Conv/BatchNorm/moving_mean:0 with shape (192,) and init <function zeros_initializer at 0x7f5a587b9230>
INFO:tensorflow:Created variable mixed_17x17x1280a/branch3x3/Conv/BatchNorm/moving_variance:0 with shape (192,) and init <function ones_initializer at 0x7f5a584f7f50>
INFO:tensorflow:Created variable mixed_17x17x1280a/branch3x3/Conv_1/weights:0 with shape (3, 3, 192, 320) and init <function _initializer at 0x7f5a406c1140>
INFO:tensorflow:Applied regularizer to mixed_17x17x1280a/branch3x3/Conv_1/weights:0 and added the result mixed_17x17x1280a/branch3x3/Conv_1/weights/Regularizer/L2Regularizer/value:0 to REGULARIZATION_LOSSES.
INFO:tensorflow:Created variable mixed_17x17x1280a/branch3x3/Conv_1/BatchNorm/beta:0 with shape (320,) and init <function zeros_initializer at 0x7f5a587b9230>
INFO:tensorflow:Created variable mixed_17x17x1280a/branch3x3/Conv_1/BatchNorm/moving_mean:0 with shape (320,) and init <function zeros_initializer at 0x7f5a587b9230>
INFO:tensorflow:Created variable mixed_17x17x1280a/branch3x3/Conv_1/BatchNorm/moving_variance:0 with shape (320,) and init <function ones_initializer at 0x7f5a584f7f50>
INFO:tensorflow:Created variable mixed_17x17x1280a/branch7x7x3/Conv/weights:0 with shape (1, 1, 768, 192) and init <function _initializer at 0x7f5a10323488>
INFO:tensorflow:Applied regularizer to mixed_17x17x1280a/branch7x7x3/Conv/weights:0 and added the result mixed_17x17x1280a/branch7x7x3/Conv/weights/Regularizer/L2Regularizer/value:0 to REGULARIZATION_LOSSES.
INFO:tensorflow:Created variable mixed_17x17x1280a/branch7x7x3/Conv/BatchNorm/beta:0 with shape (192,) and init <function zeros_initializer at 0x7f5a587b9230>
INFO:tensorflow:Created variable mixed_17x17x1280a/branch7x7x3/Conv/BatchNorm/moving_mean:0 with shape (192,) and init <function zeros_initializer at 0x7f5a587b9230>
INFO:tensorflow:Created variable mixed_17x17x1280a/branch7x7x3/Conv/BatchNorm/moving_variance:0 with shape (192,) and init <function ones_initializer at 0x7f5a584f7f50>
INFO:tensorflow:Created variable mixed_17x17x1280a/branch7x7x3/Conv_1/weights:0 with shape (1, 7, 192, 192) and init <function _initializer at 0x7f5a406c1140>
INFO:tensorflow:Applied regularizer to mixed_17x17x1280a/branch7x7x3/Conv_1/weights:0 and added the result mixed_17x17x1280a/branch7x7x3/Conv_1/weights/Regularizer/L2Regularizer/value:0 to REGULARIZATION_LOSSES.
INFO:tensorflow:Created variable mixed_17x17x1280a/branch7x7x3/Conv_1/BatchNorm/beta:0 with shape (192,) and init <function zeros_initializer at 0x7f5a587b9230>
INFO:tensorflow:Created variable mixed_17x17x1280a/branch7x7x3/Conv_1/BatchNorm/moving_mean:0 with shape (192,) and init <function zeros_initializer at 0x7f5a587b9230>
INFO:tensorflow:Created variable mixed_17x17x1280a/branch7x7x3/Conv_1/BatchNorm/moving_variance:0 with shape (192,) and init <function ones_initializer at 0x7f5a584f7f50>
INFO:tensorflow:Created variable mixed_17x17x1280a/branch7x7x3/Conv_2/weights:0 with shape (7, 1, 192, 192) and init <function _initializer at 0x7f5a10323488>
INFO:tensorflow:Applied regularizer to mixed_17x17x1280a/branch7x7x3/Conv_2/weights:0 and added the result mixed_17x17x1280a/branch7x7x3/Conv_2/weights/Regularizer/L2Regularizer/value:0 to REGULARIZATION_LOSSES.
INFO:tensorflow:Created variable mixed_17x17x1280a/branch7x7x3/Conv_2/BatchNorm/beta:0 with shape (192,) and init <function zeros_initializer at 0x7f5a587b9230>
INFO:tensorflow:Created variable mixed_17x17x1280a/branch7x7x3/Conv_2/BatchNorm/moving_mean:0 with shape (192,) and init <function zeros_initializer at 0x7f5a587b9230>
INFO:tensorflow:Created variable mixed_17x17x1280a/branch7x7x3/Conv_2/BatchNorm/moving_variance:0 with shape (192,) and init <function ones_initializer at 0x7f5a584f7f50>
INFO:tensorflow:Created variable mixed_17x17x1280a/branch7x7x3/Conv_3/weights:0 with shape (3, 3, 192, 192) and init <function _initializer at 0x7f5a406c1140>
INFO:tensorflow:Applied regularizer to mixed_17x17x1280a/branch7x7x3/Conv_3/weights:0 and added the result mixed_17x17x1280a/branch7x7x3/Conv_3/weights/Regularizer/L2Regularizer/value:0 to REGULARIZATION_LOSSES.
INFO:tensorflow:Created variable mixed_17x17x1280a/branch7x7x3/Conv_3/BatchNorm/beta:0 with shape (192,) and init <function zeros_initializer at 0x7f5a587b9230>
INFO:tensorflow:Created variable mixed_17x17x1280a/branch7x7x3/Conv_3/BatchNorm/moving_mean:0 with shape (192,) and init <function zeros_initializer at 0x7f5a587b9230>
INFO:tensorflow:Created variable mixed_17x17x1280a/branch7x7x3/Conv_3/BatchNorm/moving_variance:0 with shape (192,) and init <function ones_initializer at 0x7f5a584f7f50>
INFO:tensorflow:Created variable mixed_8x8x2048a/branch1x1/Conv/weights:0 with shape (1, 1, 1280, 320) and init <function _initializer at 0x7f5a10323488>
INFO:tensorflow:Applied regularizer to mixed_8x8x2048a/branch1x1/Conv/weights:0 and added the result mixed_8x8x2048a/branch1x1/Conv/weights/Regularizer/L2Regularizer/value:0 to REGULARIZATION_LOSSES.
INFO:tensorflow:Created variable mixed_8x8x2048a/branch1x1/Conv/BatchNorm/beta:0 with shape (320,) and init <function zeros_initializer at 0x7f5a587b9230>
INFO:tensorflow:Created variable mixed_8x8x2048a/branch1x1/Conv/BatchNorm/moving_mean:0 with shape (320,) and init <function zeros_initializer at 0x7f5a587b9230>
INFO:tensorflow:Created variable mixed_8x8x2048a/branch1x1/Conv/BatchNorm/moving_variance:0 with shape (320,) and init <function ones_initializer at 0x7f5a584f7f50>
INFO:tensorflow:Created variable mixed_8x8x2048a/branch3x3/Conv/weights:0 with shape (1, 1, 1280, 384) and init <function _initializer at 0x7f5a406c1140>
INFO:tensorflow:Applied regularizer to mixed_8x8x2048a/branch3x3/Conv/weights:0 and added the result mixed_8x8x2048a/branch3x3/Conv/weights/Regularizer/L2Regularizer/value:0 to REGULARIZATION_LOSSES.
INFO:tensorflow:Created variable mixed_8x8x2048a/branch3x3/Conv/BatchNorm/beta:0 with shape (384,) and init <function zeros_initializer at 0x7f5a587b9230>
INFO:tensorflow:Created variable mixed_8x8x2048a/branch3x3/Conv/BatchNorm/moving_mean:0 with shape (384,) and init <function zeros_initializer at 0x7f5a587b9230>
INFO:tensorflow:Created variable mixed_8x8x2048a/branch3x3/Conv/BatchNorm/moving_variance:0 with shape (384,) and init <function ones_initializer at 0x7f5a584f7f50>
INFO:tensorflow:Created variable mixed_8x8x2048a/branch3x3/Conv_1/weights:0 with shape (1, 3, 384, 384) and init <function _initializer at 0x7f5a10323488>
INFO:tensorflow:Applied regularizer to mixed_8x8x2048a/branch3x3/Conv_1/weights:0 and added the result mixed_8x8x2048a/branch3x3/Conv_1/weights/Regularizer/L2Regularizer/value:0 to REGULARIZATION_LOSSES.
INFO:tensorflow:Created variable mixed_8x8x2048a/branch3x3/Conv_1/BatchNorm/beta:0 with shape (384,) and init <function zeros_initializer at 0x7f5a587b9230>
INFO:tensorflow:Created variable mixed_8x8x2048a/branch3x3/Conv_1/BatchNorm/moving_mean:0 with shape (384,) and init <function zeros_initializer at 0x7f5a587b9230>
INFO:tensorflow:Created variable mixed_8x8x2048a/branch3x3/Conv_1/BatchNorm/moving_variance:0 with shape (384,) and init <function ones_initializer at 0x7f5a584f7f50>
INFO:tensorflow:Created variable mixed_8x8x2048a/branch3x3/Conv_2/weights:0 with shape (3, 1, 384, 384) and init <function _initializer at 0x7f5a406c1140>
INFO:tensorflow:Applied regularizer to mixed_8x8x2048a/branch3x3/Conv_2/weights:0 and added the result mixed_8x8x2048a/branch3x3/Conv_2/weights/Regularizer/L2Regularizer/value:0 to REGULARIZATION_LOSSES.
INFO:tensorflow:Created variable mixed_8x8x2048a/branch3x3/Conv_2/BatchNorm/beta:0 with shape (384,) and init <function zeros_initializer at 0x7f5a587b9230>
INFO:tensorflow:Created variable mixed_8x8x2048a/branch3x3/Conv_2/BatchNorm/moving_mean:0 with shape (384,) and init <function zeros_initializer at 0x7f5a587b9230>
INFO:tensorflow:Created variable mixed_8x8x2048a/branch3x3/Conv_2/BatchNorm/moving_variance:0 with shape (384,) and init <function ones_initializer at 0x7f5a584f7f50>
INFO:tensorflow:Created variable mixed_8x8x2048a/branch3x3dbl/Conv/weights:0 with shape (1, 1, 1280, 448) and init <function _initializer at 0x7f5a10323488>
INFO:tensorflow:Applied regularizer to mixed_8x8x2048a/branch3x3dbl/Conv/weights:0 and added the result mixed_8x8x2048a/branch3x3dbl/Conv/weights/Regularizer/L2Regularizer/value:0 to REGULARIZATION_LOSSES.
INFO:tensorflow:Created variable mixed_8x8x2048a/branch3x3dbl/Conv/BatchNorm/beta:0 with shape (448,) and init <function zeros_initializer at 0x7f5a587b9230>
INFO:tensorflow:Created variable mixed_8x8x2048a/branch3x3dbl/Conv/BatchNorm/moving_mean:0 with shape (448,) and init <function zeros_initializer at 0x7f5a587b9230>
INFO:tensorflow:Created variable mixed_8x8x2048a/branch3x3dbl/Conv/BatchNorm/moving_variance:0 with shape (448,) and init <function ones_initializer at 0x7f5a584f7f50>
INFO:tensorflow:Created variable mixed_8x8x2048a/branch3x3dbl/Conv_1/weights:0 with shape (3, 3, 448, 384) and init <function _initializer at 0x7f5a406c1140>
INFO:tensorflow:Applied regularizer to mixed_8x8x2048a/branch3x3dbl/Conv_1/weights:0 and added the result mixed_8x8x2048a/branch3x3dbl/Conv_1/weights/Regularizer/L2Regularizer/value:0 to REGULARIZATION_LOSSES.
INFO:tensorflow:Created variable mixed_8x8x2048a/branch3x3dbl/Conv_1/BatchNorm/beta:0 with shape (384,) and init <function zeros_initializer at 0x7f5a587b9230>
INFO:tensorflow:Created variable mixed_8x8x2048a/branch3x3dbl/Conv_1/BatchNorm/moving_mean:0 with shape (384,) and init <function zeros_initializer at 0x7f5a587b9230>
INFO:tensorflow:Created variable mixed_8x8x2048a/branch3x3dbl/Conv_1/BatchNorm/moving_variance:0 with shape (384,) and init <function ones_initializer at 0x7f5a584f7f50>
INFO:tensorflow:Created variable mixed_8x8x2048a/branch3x3dbl/Conv_2/weights:0 with shape (1, 3, 384, 384) and init <function _initializer at 0x7f5a10323488>
INFO:tensorflow:Applied regularizer to mixed_8x8x2048a/branch3x3dbl/Conv_2/weights:0 and added the result mixed_8x8x2048a/branch3x3dbl/Conv_2/weights/Regularizer/L2Regularizer/value:0 to REGULARIZATION_LOSSES.
INFO:tensorflow:Created variable mixed_8x8x2048a/branch3x3dbl/Conv_2/BatchNorm/beta:0 with shape (384,) and init <function zeros_initializer at 0x7f5a587b9230>
INFO:tensorflow:Created variable mixed_8x8x2048a/branch3x3dbl/Conv_2/BatchNorm/moving_mean:0 with shape (384,) and init <function zeros_initializer at 0x7f5a587b9230>
INFO:tensorflow:Created variable mixed_8x8x2048a/branch3x3dbl/Conv_2/BatchNorm/moving_variance:0 with shape (384,) and init <function ones_initializer at 0x7f5a584f7f50>
INFO:tensorflow:Created variable mixed_8x8x2048a/branch3x3dbl/Conv_3/weights:0 with shape (3, 1, 384, 384) and init <function _initializer at 0x7f5a406c1140>
INFO:tensorflow:Applied regularizer to mixed_8x8x2048a/branch3x3dbl/Conv_3/weights:0 and added the result mixed_8x8x2048a/branch3x3dbl/Conv_3/weights/Regularizer/L2Regularizer/value:0 to REGULARIZATION_LOSSES.
INFO:tensorflow:Created variable mixed_8x8x2048a/branch3x3dbl/Conv_3/BatchNorm/beta:0 with shape (384,) and init <function zeros_initializer at 0x7f5a587b9230>
INFO:tensorflow:Created variable mixed_8x8x2048a/branch3x3dbl/Conv_3/BatchNorm/moving_mean:0 with shape (384,) and init <function zeros_initializer at 0x7f5a587b9230>
INFO:tensorflow:Created variable mixed_8x8x2048a/branch3x3dbl/Conv_3/BatchNorm/moving_variance:0 with shape (384,) and init <function ones_initializer at 0x7f5a584f7f50>
INFO:tensorflow:Created variable mixed_8x8x2048a/branch_pool/Conv/weights:0 with shape (1, 1, 1280, 192) and init <function _initializer at 0x7f5a10323488>
INFO:tensorflow:Applied regularizer to mixed_8x8x2048a/branch_pool/Conv/weights:0 and added the result mixed_8x8x2048a/branch_pool/Conv/weights/Regularizer/L2Regularizer/value:0 to REGULARIZATION_LOSSES.
INFO:tensorflow:Created variable mixed_8x8x2048a/branch_pool/Conv/BatchNorm/beta:0 with shape (192,) and init <function zeros_initializer at 0x7f5a587b9230>
INFO:tensorflow:Created variable mixed_8x8x2048a/branch_pool/Conv/BatchNorm/moving_mean:0 with shape (192,) and init <function zeros_initializer at 0x7f5a587b9230>
INFO:tensorflow:Created variable mixed_8x8x2048a/branch_pool/Conv/BatchNorm/moving_variance:0 with shape (192,) and init <function ones_initializer at 0x7f5a584f7f50>
INFO:tensorflow:Created variable mixed_8x8x2048b/branch1x1/Conv/weights:0 with shape (1, 1, 2048, 320) and init <function _initializer at 0x7f5a406c1140>
INFO:tensorflow:Applied regularizer to mixed_8x8x2048b/branch1x1/Conv/weights:0 and added the result mixed_8x8x2048b/branch1x1/Conv/weights/Regularizer/L2Regularizer/value:0 to REGULARIZATION_LOSSES.
INFO:tensorflow:Created variable mixed_8x8x2048b/branch1x1/Conv/BatchNorm/beta:0 with shape (320,) and init <function zeros_initializer at 0x7f5a587b9230>
INFO:tensorflow:Created variable mixed_8x8x2048b/branch1x1/Conv/BatchNorm/moving_mean:0 with shape (320,) and init <function zeros_initializer at 0x7f5a587b9230>
INFO:tensorflow:Created variable mixed_8x8x2048b/branch1x1/Conv/BatchNorm/moving_variance:0 with shape (320,) and init <function ones_initializer at 0x7f5a584f7f50>
INFO:tensorflow:Created variable mixed_8x8x2048b/branch3x3/Conv/weights:0 with shape (1, 1, 2048, 384) and init <function _initializer at 0x7f5a10323488>
INFO:tensorflow:Applied regularizer to mixed_8x8x2048b/branch3x3/Conv/weights:0 and added the result mixed_8x8x2048b/branch3x3/Conv/weights/Regularizer/L2Regularizer/value:0 to REGULARIZATION_LOSSES.
INFO:tensorflow:Created variable mixed_8x8x2048b/branch3x3/Conv/BatchNorm/beta:0 with shape (384,) and init <function zeros_initializer at 0x7f5a587b9230>
INFO:tensorflow:Created variable mixed_8x8x2048b/branch3x3/Conv/BatchNorm/moving_mean:0 with shape (384,) and init <function zeros_initializer at 0x7f5a587b9230>
INFO:tensorflow:Created variable mixed_8x8x2048b/branch3x3/Conv/BatchNorm/moving_variance:0 with shape (384,) and init <function ones_initializer at 0x7f5a584f7f50>
INFO:tensorflow:Created variable mixed_8x8x2048b/branch3x3/Conv_1/weights:0 with shape (1, 3, 384, 384) and init <function _initializer at 0x7f5a406c1140>
INFO:tensorflow:Applied regularizer to mixed_8x8x2048b/branch3x3/Conv_1/weights:0 and added the result mixed_8x8x2048b/branch3x3/Conv_1/weights/Regularizer/L2Regularizer/value:0 to REGULARIZATION_LOSSES.
INFO:tensorflow:Created variable mixed_8x8x2048b/branch3x3/Conv_1/BatchNorm/beta:0 with shape (384,) and init <function zeros_initializer at 0x7f5a587b9230>
INFO:tensorflow:Created variable mixed_8x8x2048b/branch3x3/Conv_1/BatchNorm/moving_mean:0 with shape (384,) and init <function zeros_initializer at 0x7f5a587b9230>
INFO:tensorflow:Created variable mixed_8x8x2048b/branch3x3/Conv_1/BatchNorm/moving_variance:0 with shape (384,) and init <function ones_initializer at 0x7f5a584f7f50>
INFO:tensorflow:Created variable mixed_8x8x2048b/branch3x3/Conv_2/weights:0 with shape (3, 1, 384, 384) and init <function _initializer at 0x7f5a10323488>
INFO:tensorflow:Applied regularizer to mixed_8x8x2048b/branch3x3/Conv_2/weights:0 and added the result mixed_8x8x2048b/branch3x3/Conv_2/weights/Regularizer/L2Regularizer/value:0 to REGULARIZATION_LOSSES.
INFO:tensorflow:Created variable mixed_8x8x2048b/branch3x3/Conv_2/BatchNorm/beta:0 with shape (384,) and init <function zeros_initializer at 0x7f5a587b9230>
INFO:tensorflow:Created variable mixed_8x8x2048b/branch3x3/Conv_2/BatchNorm/moving_mean:0 with shape (384,) and init <function zeros_initializer at 0x7f5a587b9230>
INFO:tensorflow:Created variable mixed_8x8x2048b/branch3x3/Conv_2/BatchNorm/moving_variance:0 with shape (384,) and init <function ones_initializer at 0x7f5a584f7f50>
INFO:tensorflow:Created variable mixed_8x8x2048b/branch3x3dbl/Conv/weights:0 with shape (1, 1, 2048, 448) and init <function _initializer at 0x7f5a406c1140>
INFO:tensorflow:Applied regularizer to mixed_8x8x2048b/branch3x3dbl/Conv/weights:0 and added the result mixed_8x8x2048b/branch3x3dbl/Conv/weights/Regularizer/L2Regularizer/value:0 to REGULARIZATION_LOSSES.
INFO:tensorflow:Created variable mixed_8x8x2048b/branch3x3dbl/Conv/BatchNorm/beta:0 with shape (448,) and init <function zeros_initializer at 0x7f5a587b9230>
INFO:tensorflow:Created variable mixed_8x8x2048b/branch3x3dbl/Conv/BatchNorm/moving_mean:0 with shape (448,) and init <function zeros_initializer at 0x7f5a587b9230>
INFO:tensorflow:Created variable mixed_8x8x2048b/branch3x3dbl/Conv/BatchNorm/moving_variance:0 with shape (448,) and init <function ones_initializer at 0x7f5a584f7f50>
INFO:tensorflow:Created variable mixed_8x8x2048b/branch3x3dbl/Conv_1/weights:0 with shape (3, 3, 448, 384) and init <function _initializer at 0x7f5a10323488>
INFO:tensorflow:Applied regularizer to mixed_8x8x2048b/branch3x3dbl/Conv_1/weights:0 and added the result mixed_8x8x2048b/branch3x3dbl/Conv_1/weights/Regularizer/L2Regularizer/value:0 to REGULARIZATION_LOSSES.
INFO:tensorflow:Created variable mixed_8x8x2048b/branch3x3dbl/Conv_1/BatchNorm/beta:0 with shape (384,) and init <function zeros_initializer at 0x7f5a587b9230>
INFO:tensorflow:Created variable mixed_8x8x2048b/branch3x3dbl/Conv_1/BatchNorm/moving_mean:0 with shape (384,) and init <function zeros_initializer at 0x7f5a587b9230>
INFO:tensorflow:Created variable mixed_8x8x2048b/branch3x3dbl/Conv_1/BatchNorm/moving_variance:0 with shape (384,) and init <function ones_initializer at 0x7f5a584f7f50>
INFO:tensorflow:Created variable mixed_8x8x2048b/branch3x3dbl/Conv_2/weights:0 with shape (1, 3, 384, 384) and init <function _initializer at 0x7f5a406c1140>
INFO:tensorflow:Applied regularizer to mixed_8x8x2048b/branch3x3dbl/Conv_2/weights:0 and added the result mixed_8x8x2048b/branch3x3dbl/Conv_2/weights/Regularizer/L2Regularizer/value:0 to REGULARIZATION_LOSSES.
INFO:tensorflow:Created variable mixed_8x8x2048b/branch3x3dbl/Conv_2/BatchNorm/beta:0 with shape (384,) and init <function zeros_initializer at 0x7f5a587b9230>
INFO:tensorflow:Created variable mixed_8x8x2048b/branch3x3dbl/Conv_2/BatchNorm/moving_mean:0 with shape (384,) and init <function zeros_initializer at 0x7f5a587b9230>
INFO:tensorflow:Created variable mixed_8x8x2048b/branch3x3dbl/Conv_2/BatchNorm/moving_variance:0 with shape (384,) and init <function ones_initializer at 0x7f5a584f7f50>
INFO:tensorflow:Created variable mixed_8x8x2048b/branch3x3dbl/Conv_3/weights:0 with shape (3, 1, 384, 384) and init <function _initializer at 0x7f5a10323488>
INFO:tensorflow:Applied regularizer to mixed_8x8x2048b/branch3x3dbl/Conv_3/weights:0 and added the result mixed_8x8x2048b/branch3x3dbl/Conv_3/weights/Regularizer/L2Regularizer/value:0 to REGULARIZATION_LOSSES.
INFO:tensorflow:Created variable mixed_8x8x2048b/branch3x3dbl/Conv_3/BatchNorm/beta:0 with shape (384,) and init <function zeros_initializer at 0x7f5a587b9230>
INFO:tensorflow:Created variable mixed_8x8x2048b/branch3x3dbl/Conv_3/BatchNorm/moving_mean:0 with shape (384,) and init <function zeros_initializer at 0x7f5a587b9230>
INFO:tensorflow:Created variable mixed_8x8x2048b/branch3x3dbl/Conv_3/BatchNorm/moving_variance:0 with shape (384,) and init <function ones_initializer at 0x7f5a584f7f50>
INFO:tensorflow:Created variable mixed_8x8x2048b/branch_pool/Conv/weights:0 with shape (1, 1, 2048, 192) and init <function _initializer at 0x7f5a406c1140>
INFO:tensorflow:Applied regularizer to mixed_8x8x2048b/branch_pool/Conv/weights:0 and added the result mixed_8x8x2048b/branch_pool/Conv/weights/Regularizer/L2Regularizer/value:0 to REGULARIZATION_LOSSES.
INFO:tensorflow:Created variable mixed_8x8x2048b/branch_pool/Conv/BatchNorm/beta:0 with shape (192,) and init <function zeros_initializer at 0x7f5a587b9230>
INFO:tensorflow:Created variable mixed_8x8x2048b/branch_pool/Conv/BatchNorm/moving_mean:0 with shape (192,) and init <function zeros_initializer at 0x7f5a587b9230>
INFO:tensorflow:Created variable mixed_8x8x2048b/branch_pool/Conv/BatchNorm/moving_variance:0 with shape (192,) and init <function ones_initializer at 0x7f5a584f7f50>
INFO:tensorflow:Created variable logits/logits/weights:0 with shape (2048, 9) and init <function _initializer at 0x7f59e439fc08>
INFO:tensorflow:Applied regularizer to logits/logits/weights:0 and added the result logits/logits/weights/Regularizer/L2Regularizer/value:0 to REGULARIZATION_LOSSES.
INFO:tensorflow:Created variable logits/logits/biases:0 with shape (9,) and init <function _initializer at 0x7f5a406c1140>
INFO:tensorflow:Sync mode!!!!!!
INFO:tensorflow:Compute groups : 4
INFO:tensorflow:SyncReplicas enabled: replicas_to_aggregate=4; total_num_replicas=4
INFO:tensorflow:2016-07-17 20:44:40.624491 Supervisor
INFO:tensorflow:got sessions!
INFO:tensorflow:Started 2 queues for processing input data.
I tensorflow/core/common_runtime/gpu/pool_allocator.cc:244] PoolAllocator: After 3859 get requests, put_count=2172 evicted_count=1000 eviction_rate=0.460405 and unsatisfied allocation rate=0.722208
I tensorflow/core/common_runtime/gpu/pool_allocator.cc:256] Raising pool_size_limit_ from 100 to 110
INFO:tensorflow:Step: 399, Accuracy: 0.359375, Loss: 5.148974
INFO:tensorflow:Worker 2: 2016-07-17 20:45:07.748106: step 399, loss = 5.15(11.4 examples/sec; 5.609  sec/batch)
INFO:tensorflow:Step: 401, Accuracy: 0.640625, Loss: 5.150635
INFO:tensorflow:Step: 403, Accuracy: 0.390625, Loss: 5.052149
INFO:tensorflow:Step: 405, Accuracy: 0.593750, Loss: 5.508105
INFO:tensorflow:Worker 2: 2016-07-17 20:45:20.222553: step 405, loss = 5.51(21.5 examples/sec; 2.978  sec/batch)
I tensorflow/core/common_runtime/gpu/pool_allocator.cc:244] PoolAllocator: After 3956 get requests, put_count=3284 evicted_count=2000 eviction_rate=0.609013 and unsatisfied allocation rate=0.678716
I tensorflow/core/common_runtime/gpu/pool_allocator.cc:256] Raising pool_size_limit_ from 146 to 160
INFO:tensorflow:Step: 407, Accuracy: 0.578125, Loss: 5.279739
INFO:tensorflow:Step: 409, Accuracy: 0.656250, Loss: 5.335303
INFO:tensorflow:Step: 411, Accuracy: 0.703125, Loss: 5.222720
INFO:tensorflow:Worker 2: 2016-07-17 20:45:29.555738: step 411, loss = 5.22(29.6 examples/sec; 2.160  sec/batch)
I tensorflow/core/common_runtime/gpu/pool_allocator.cc:244] PoolAllocator: After 0 get requests, put_count=2019 evicted_count=2000 eviction_rate=0.990589 and unsatisfied allocation rate=0
INFO:tensorflow:Step: 413, Accuracy: 0.703125, Loss: 5.499887
INFO:tensorflow:Step: 415, Accuracy: 0.562500, Loss: 5.513268
INFO:tensorflow:Step: 417, Accuracy: 0.500000, Loss: 5.360278
INFO:tensorflow:Worker 2: 2016-07-17 20:45:39.659435: step 417, loss = 5.36(27.6 examples/sec; 2.321  sec/batch)
INFO:tensorflow:Step: 419, Accuracy: 0.593750, Loss: 5.298557
I tensorflow/core/common_runtime/gpu/pool_allocator.cc:244] PoolAllocator: After 0 get requests, put_count=2028 evicted_count=2000 eviction_rate=0.986193 and unsatisfied allocation rate=0
INFO:tensorflow:Step: 421, Accuracy: 0.546875, Loss: 5.206003
INFO:tensorflow:Step: 423, Accuracy: 0.531250, Loss: 5.213761
INFO:tensorflow:Worker 2: 2016-07-17 20:45:52.058500: step 423, loss = 5.21(20.2 examples/sec; 3.175  sec/batch)
INFO:tensorflow:Step: 426, Accuracy: 0.546875, Loss: 5.417373
INFO:tensorflow:Worker 2: 2016-07-17 20:45:59.024818: step 426, loss = 5.42(12.8 examples/sec; 5.015  sec/batch)
INFO:tensorflow:Step: 430, Accuracy: 0.562500, Loss: 5.105604
I tensorflow/core/common_runtime/gpu/pool_allocator.cc:244] PoolAllocator: After 0 get requests, put_count=2040 evicted_count=2000 eviction_rate=0.980392 and unsatisfied allocation rate=0
INFO:tensorflow:Step: 436, Accuracy: 0.578125, Loss: 5.276291
INFO:tensorflow:Step: 441, Accuracy: 0.500000, Loss: 5.115052
INFO:tensorflow:Worker 2: 2016-07-17 20:46:22.621884: step 441, loss = 5.12(12.4 examples/sec; 5.146  sec/batch)
INFO:tensorflow:Step: 444, Accuracy: 0.578125, Loss: 5.079905
INFO:tensorflow:Worker 2: 2016-07-17 20:46:30.768676: step 444, loss = 5.08(9.6 examples/sec; 6.684  sec/batch)
INFO:tensorflow:Step: 447, Accuracy: 0.656250, Loss: 5.232409
INFO:tensorflow:Worker 2: 2016-07-17 20:46:36.842871: step 447, loss = 5.23(13.9 examples/sec; 4.620  sec/batch)
INFO:tensorflow:Step: 452, Accuracy: 0.546875, Loss: 5.221071
I tensorflow/core/common_runtime/gpu/pool_allocator.cc:244] PoolAllocator: After 0 get requests, put_count=1065 evicted_count=1000 eviction_rate=0.938967 and unsatisfied allocation rate=0
INFO:tensorflow:Step: 456, Accuracy: 0.625000, Loss: 5.474001
INFO:tensorflow:Worker 2: 2016-07-17 20:46:51.648230: step 456, loss = 5.47(13.0 examples/sec; 4.927  sec/batch)
INFO:tensorflow:Step: 460, Accuracy: 0.625000, Loss: 5.184711
INFO:tensorflow:Step: 465, Accuracy: 0.625000, Loss: 5.397275
INFO:tensorflow:Worker 2: 2016-07-17 20:47:10.863384: step 465, loss = 5.40(7.5 examples/sec; 8.509  sec/batch)
INFO:tensorflow:Step: 470, Accuracy: 0.703125, Loss: 5.088261
INFO:tensorflow:Step: 474, Accuracy: 0.578125, Loss: 5.087229
INFO:tensorflow:Worker 2: 2016-07-17 20:47:26.006477: step 474, loss = 5.09(12.4 examples/sec; 5.169  sec/batch)
I tensorflow/core/common_runtime/gpu/pool_allocator.cc:244] PoolAllocator: After 0 get requests, put_count=1105 evicted_count=1000 eviction_rate=0.904977 and unsatisfied allocation rate=0
INFO:tensorflow:Step: 479, Accuracy: 0.562500, Loss: 5.101436
INFO:tensorflow:Step: 484, Accuracy: 0.609375, Loss: 5.382956
INFO:tensorflow:Step: 490, Accuracy: 0.593750, Loss: 5.087895
INFO:tensorflow:Step: 495, Accuracy: 0.593750, Loss: 5.181333
INFO:tensorflow:Worker 2: 2016-07-17 20:48:00.795276: step 495, loss = 5.18(11.2 examples/sec; 5.714  sec/batch)
INFO:tensorflow:Step: 498, Accuracy: 0.546875, Loss: 5.294631
INFO:tensorflow:Worker 2: 2016-07-17 20:48:09.464244: step 498, loss = 5.29(10.7 examples/sec; 5.998  sec/batch)
INFO:tensorflow:Step: 504, Accuracy: 0.640625, Loss: 5.302467
INFO:tensorflow:Worker 2: 2016-07-17 20:48:15.740828: step 504, loss = 5.30(11.9 examples/sec; 5.383  sec/batch)
INFO:tensorflow:Step: 507, Accuracy: 0.609375, Loss: 5.190666
INFO:tensorflow:Worker 2: 2016-07-17 20:48:23.666865: step 507, loss = 5.19(12.4 examples/sec; 5.144  sec/batch)
INFO:tensorflow:Step: 512, Accuracy: 0.500000, Loss: 5.244410
INFO:tensorflow:Step: 515, Accuracy: 0.625000, Loss: 5.433068
INFO:tensorflow:Step: 522, Accuracy: 0.609375, Loss: 5.265580
INFO:tensorflow:Worker 2: 2016-07-17 20:48:47.642652: step 522, loss = 5.27(9.2 examples/sec; 6.935  sec/batch)
INFO:tensorflow:Step: 527, Accuracy: 0.500000, Loss: 5.422804
INFO:tensorflow:Step: 532, Accuracy: 0.656250, Loss: 5.144683
INFO:tensorflow:Step: 537, Accuracy: 0.546875, Loss: 5.314278
INFO:tensorflow:Worker 2: 2016-07-17 20:49:11.165823: step 537, loss = 5.31(14.0 examples/sec; 4.566  sec/batch)
I tensorflow/core/common_runtime/gpu/pool_allocator.cc:244] PoolAllocator: After 11868 get requests, put_count=12168 evicted_count=1000 eviction_rate=0.0821828 and unsatisfied allocation rate=0.0779407
I tensorflow/core/common_runtime/gpu/pool_allocator.cc:256] Raising pool_size_limit_ from 2478 to 2725
INFO:tensorflow:Step: 540, Accuracy: 0.515625, Loss: 5.059244
INFO:tensorflow:Worker 2: 2016-07-17 20:49:17.564772: step 540, loss = 5.06(12.9 examples/sec; 4.968  sec/batch)
INFO:tensorflow:Step: 544, Accuracy: 0.656250, Loss: 5.163408
INFO:tensorflow:Step: 548, Accuracy: 0.578125, Loss: 5.127141
INFO:tensorflow:Step: 551, Accuracy: 0.671875, Loss: 5.139853
INFO:tensorflow:Step: 557, Accuracy: 0.656250, Loss: 5.085657
INFO:tensorflow:Step: 560, Accuracy: 0.609375, Loss: 5.126505
INFO:tensorflow:Step: 565, Accuracy: 0.656250, Loss: 5.067442
INFO:tensorflow:Step: 568, Accuracy: 0.531250, Loss: 4.963554
INFO:tensorflow:Step: 572, Accuracy: 0.640625, Loss: 5.210233
INFO:tensorflow:Step: 576, Accuracy: 0.625000, Loss: 5.323918
INFO:tensorflow:Worker 2: 2016-07-17 20:50:18.171688: step 576, loss = 5.32(9.4 examples/sec; 6.799  sec/batch)
INFO:tensorflow:Step: 582, Accuracy: 0.656250, Loss: 5.014427
INFO:tensorflow:Worker 2: 2016-07-17 20:50:23.904407: step 582, loss = 5.01(13.5 examples/sec; 4.747  sec/batch)
INFO:tensorflow:Step: 585, Accuracy: 0.625000, Loss: 5.201484
INFO:tensorflow:Worker 2: 2016-07-17 20:50:29.480386: step 585, loss = 5.20(13.5 examples/sec; 4.737  sec/batch)
INFO:tensorflow:Step: 589, Accuracy: 0.593750, Loss: 5.124820
INFO:tensorflow:Step: 593, Accuracy: 0.640625, Loss: 5.334482
INFO:tensorflow:Step: 597, Accuracy: 0.546875, Loss: 5.141394
INFO:tensorflow:Worker 2: 2016-07-17 20:50:48.439967: step 597, loss = 5.14(17.6 examples/sec; 3.644  sec/batch)
INFO:tensorflow:Step: 601, Accuracy: 0.562500, Loss: 5.419055
INFO:tensorflow:Step: 605, Accuracy: 0.531250, Loss: 5.297174
INFO:tensorflow:Step: 611, Accuracy: 0.656250, Loss: 5.366308
INFO:tensorflow:Step: 615, Accuracy: 0.546875, Loss: 4.996929
INFO:tensorflow:Worker 2: 2016-07-17 20:51:16.491530: step 615, loss = 5.00(10.2 examples/sec; 6.294  sec/batch)
INFO:tensorflow:Step: 619, Accuracy: 0.546875, Loss: 5.374509
INFO:tensorflow:Step: 625, Accuracy: 0.609375, Loss: 5.090411
INFO:tensorflow:Step: 629, Accuracy: 0.562500, Loss: 5.101835
INFO:tensorflow:Step: 634, Accuracy: 0.640625, Loss: 5.259302
INFO:tensorflow:Step: 638, Accuracy: 0.562500, Loss: 5.238637
INFO:tensorflow:Step: 643, Accuracy: 0.625000, Loss: 5.087162
INFO:tensorflow:Step: 645, Accuracy: 0.578125, Loss: 5.055037
INFO:tensorflow:Worker 2: 2016-07-17 20:52:04.342050: step 645, loss = 5.06(15.1 examples/sec; 4.235  sec/batch)
INFO:tensorflow:Step: 649, Accuracy: 0.515625, Loss: 5.206715
INFO:tensorflow:Step: 654, Accuracy: 0.578125, Loss: 4.999460
INFO:tensorflow:Worker 2: 2016-07-17 20:52:16.897323: step 654, loss = 5.00(11.9 examples/sec; 5.394  sec/batch)
INFO:tensorflow:Step: 658, Accuracy: 0.718750, Loss: 5.224499
INFO:tensorflow:Step: 661, Accuracy: 0.593750, Loss: 5.439083
INFO:tensorflow:Step: 665, Accuracy: 0.656250, Loss: 5.224288
INFO:tensorflow:Step: 669, Accuracy: 0.671875, Loss: 5.046014
INFO:tensorflow:Worker 2: 2016-07-17 20:52:42.690048: step 669, loss = 5.05(11.3 examples/sec; 5.677  sec/batch)
INFO:tensorflow:Step: 674, Accuracy: 0.656250, Loss: 5.305199
INFO:tensorflow:Step: 680, Accuracy: 0.640625, Loss: 5.163544
INFO:tensorflow:Step: 684, Accuracy: 0.640625, Loss: 5.127064
INFO:tensorflow:Worker 2: 2016-07-17 20:53:03.616487: step 684, loss = 5.13(11.9 examples/sec; 5.399  sec/batch)
INFO:tensorflow:Step: 687, Accuracy: 0.640625, Loss: 5.035392
INFO:tensorflow:Worker 2: 2016-07-17 20:53:10.493600: step 687, loss = 5.04(11.1 examples/sec; 5.755  sec/batch)
INFO:tensorflow:Step: 691, Accuracy: 0.656250, Loss: 5.162577
INFO:tensorflow:Step: 696, Accuracy: 0.671875, Loss: 5.316679
INFO:tensorflow:Worker 2: 2016-07-17 20:53:24.078870: step 696, loss = 5.32(9.7 examples/sec; 6.598  sec/batch)
INFO:tensorflow:Step: 702, Accuracy: 0.562500, Loss: 5.244704
INFO:tensorflow:Worker 2: 2016-07-17 20:53:30.535881: step 702, loss = 5.24(11.6 examples/sec; 5.527  sec/batch)
INFO:tensorflow:Step: 706, Accuracy: 0.531250, Loss: 5.254812
INFO:tensorflow:Step: 710, Accuracy: 0.609375, Loss: 5.128296
INFO:tensorflow:Step: 714, Accuracy: 0.609375, Loss: 5.175270
INFO:tensorflow:Worker 2: 2016-07-17 20:53:50.588578: step 714, loss = 5.18(9.8 examples/sec; 6.513  sec/batch)
INFO:tensorflow:Step: 717, Accuracy: 0.609375, Loss: 5.171323
INFO:tensorflow:Worker 2: 2016-07-17 20:53:57.566617: step 717, loss = 5.17(13.4 examples/sec; 4.779  sec/batch)
INFO:tensorflow:Step: 722, Accuracy: 0.734375, Loss: 4.972951
INFO:tensorflow:Step: 726, Accuracy: 0.671875, Loss: 5.085959
INFO:tensorflow:Worker 2: 2016-07-17 20:54:11.040874: step 726, loss = 5.09(17.1 examples/sec; 3.753  sec/batch)
INFO:tensorflow:Step: 731, Accuracy: 0.609375, Loss: 4.964297
INFO:tensorflow:Step: 735, Accuracy: 0.500000, Loss: 5.110971
INFO:tensorflow:Worker 2: 2016-07-17 20:54:23.174940: step 735, loss = 5.11(11.7 examples/sec; 5.463  sec/batch)
INFO:tensorflow:Step: 739, Accuracy: 0.625000, Loss: 4.769756
INFO:tensorflow:Step: 744, Accuracy: 0.546875, Loss: 5.202561
INFO:tensorflow:Worker 2: 2016-07-17 20:54:37.026302: step 744, loss = 5.20(12.8 examples/sec; 5.001  sec/batch)
INFO:tensorflow:Step: 748, Accuracy: 0.578125, Loss: 5.001953
INFO:tensorflow:Step: 753, Accuracy: 0.531250, Loss: 5.008958
INFO:tensorflow:Worker 2: 2016-07-17 20:54:48.769497: step 753, loss = 5.01(10.7 examples/sec; 6.000  sec/batch)
INFO:tensorflow:Step: 757, Accuracy: 0.640625, Loss: 4.995419
INFO:tensorflow:Step: 763, Accuracy: 0.656250, Loss: 5.030280
INFO:tensorflow:Step: 766, Accuracy: 0.703125, Loss: 5.257837
INFO:tensorflow:Step: 771, Accuracy: 0.515625, Loss: 5.282595
INFO:tensorflow:Worker 2: 2016-07-17 20:55:17.175143: step 771, loss = 5.28(11.0 examples/sec; 5.829  sec/batch)
INFO:tensorflow:Step: 777, Accuracy: 0.640625, Loss: 5.052036
INFO:tensorflow:Worker 2: 2016-07-17 20:55:25.177490: step 777, loss = 5.05(9.8 examples/sec; 6.536  sec/batch)
INFO:tensorflow:Step: 781, Accuracy: 0.593750, Loss: 5.412551
INFO:tensorflow:Step: 786, Accuracy: 0.609375, Loss: 5.381978
INFO:tensorflow:Worker 2: 2016-07-17 20:55:37.403854: step 786, loss = 5.38(11.8 examples/sec; 5.437  sec/batch)
INFO:tensorflow:Step: 790, Accuracy: 0.625000, Loss: 5.034342
INFO:tensorflow:Step: 794, Accuracy: 0.593750, Loss: 5.218909
INFO:tensorflow:Step: 796, Accuracy: 0.562500, Loss: 5.102976
INFO:tensorflow:Step: 800, Accuracy: 0.625000, Loss: 5.044290
INFO:tensorflow:Step: 806, Accuracy: 0.562500, Loss: 5.097147
INFO:tensorflow:Step: 810, Accuracy: 0.671875, Loss: 5.200562
INFO:tensorflow:Worker 2: 2016-07-17 20:56:15.474046: step 810, loss = 5.20(11.5 examples/sec; 5.548  sec/batch)
INFO:tensorflow:Step: 814, Accuracy: 0.609375, Loss: 4.963707
INFO:tensorflow:Step: 819, Accuracy: 0.578125, Loss: 5.285860
INFO:tensorflow:Worker 2: 2016-07-17 20:56:26.073165: step 819, loss = 5.29(15.3 examples/sec; 4.182  sec/batch)
INFO:tensorflow:Step: 823, Accuracy: 0.703125, Loss: 5.403750
INFO:tensorflow:Step: 828, Accuracy: 0.671875, Loss: 4.944302
INFO:tensorflow:Worker 2: 2016-07-17 20:56:39.118565: step 828, loss = 4.94(13.0 examples/sec; 4.922  sec/batch)
INFO:tensorflow:Step: 832, Accuracy: 0.656250, Loss: 5.168779
INFO:tensorflow:Step: 837, Accuracy: 0.515625, Loss: 5.193965
INFO:tensorflow:Worker 2: 2016-07-17 20:56:52.011076: step 837, loss = 5.19(14.0 examples/sec; 4.566  sec/batch)
INFO:tensorflow:Step: 842, Accuracy: 0.546875, Loss: 5.262781
INFO:tensorflow:Step: 846, Accuracy: 0.515625, Loss: 5.226739
INFO:tensorflow:Worker 2: 2016-07-17 20:57:04.869518: step 846, loss = 5.23(15.5 examples/sec; 4.139  sec/batch)
INFO:tensorflow:Step: 851, Accuracy: 0.578125, Loss: 5.056918
INFO:tensorflow:Step: 855, Accuracy: 0.703125, Loss: 5.257464
INFO:tensorflow:Worker 2: 2016-07-17 20:57:17.620307: step 855, loss = 5.26(12.2 examples/sec; 5.233  sec/batch)
INFO:tensorflow:Step: 856, Accuracy: 0.656250, Loss: 5.401898
INFO:tensorflow:Step: 860, Accuracy: 0.531250, Loss: 5.243029
INFO:tensorflow:Step: 865, Accuracy: 0.687500, Loss: 5.052335
INFO:tensorflow:Step: 868, Accuracy: 0.609375, Loss: 4.949976
INFO:tensorflow:Step: 873, Accuracy: 0.515625, Loss: 4.906747
INFO:tensorflow:Worker 2: 2016-07-17 20:57:44.166204: step 873, loss = 4.91(13.3 examples/sec; 4.807  sec/batch)
INFO:tensorflow:Step: 876, Accuracy: 0.671875, Loss: 5.066411
INFO:tensorflow:Worker 2: 2016-07-17 20:57:49.662035: step 876, loss = 5.07(14.3 examples/sec; 4.491  sec/batch)
INFO:tensorflow:Step: 880, Accuracy: 0.625000, Loss: 5.203959
INFO:tensorflow:Step: 884, Accuracy: 0.625000, Loss: 5.021214
INFO:tensorflow:Step: 889, Accuracy: 0.703125, Loss: 5.067098
INFO:tensorflow:Step: 893, Accuracy: 0.578125, Loss: 5.221194
INFO:tensorflow:Step: 897, Accuracy: 0.625000, Loss: 5.204421
INFO:tensorflow:Worker 2: 2016-07-17 20:58:20.684909: step 897, loss = 5.20(15.3 examples/sec; 4.186  sec/batch)
INFO:tensorflow:Step: 902, Accuracy: 0.687500, Loss: 5.092857
INFO:tensorflow:Step: 904, Accuracy: 0.750000, Loss: 5.192826
INFO:tensorflow:Step: 908, Accuracy: 0.656250, Loss: 5.170562
INFO:tensorflow:Step: 913, Accuracy: 0.593750, Loss: 5.179507
INFO:tensorflow:Step: 916, Accuracy: 0.531250, Loss: 5.119157
INFO:tensorflow:Step: 920, Accuracy: 0.609375, Loss: 5.206756
INFO:tensorflow:Step: 925, Accuracy: 0.593750, Loss: 4.965797
INFO:tensorflow:Step: 929, Accuracy: 0.609375, Loss: 5.185305
run-expr-4node.sh: line 23: 11575 Terminated              CUDA_VISIBLE_DEVICES=$1 bazel-bin/inception/imagenet_distributed_train --batch_size=64 --data_dir=/lfs/local/0/daniter/imagenet-8 --job_name='worker' --task_id=$2 --ps_hosts='raiders1:2228' --worker_hosts='raiders1:2200,raiders1:2201,raiders3:2209,raiders3:2210' --initial_learning_rate=$3 --momentum=$4 --sync=True --compute_groups=$5
