I tensorflow/stream_executor/dso_loader.cc:108] successfully opened CUDA library libcublas.so locally
I tensorflow/stream_executor/dso_loader.cc:108] successfully opened CUDA library libcudnn.so locally
I tensorflow/stream_executor/dso_loader.cc:108] successfully opened CUDA library libcufft.so locally
I tensorflow/stream_executor/dso_loader.cc:108] successfully opened CUDA library libcuda.so locally
I tensorflow/stream_executor/dso_loader.cc:108] successfully opened CUDA library libcurand.so locally
INFO:tensorflow:PS hosts are: ['master:2200']
INFO:tensorflow:Worker hosts are: ['master:2201', 'master:2202', 'master:2203', 'master:2204', 'node001:2205', 'node001:2206', 'node001:2207', 'node001:2208', 'node002:2209', 'node002:2210', 'node002:2211', 'node002:2212', 'node003:2213', 'node003:2214', 'node003:2215', 'node003:2216']
I tensorflow/stream_executor/cuda/cuda_gpu_executor.cc:922] successful NUMA node read from SysFS had negative value (-1), but there must be at least one NUMA node, so returning NUMA node zero
I tensorflow/core/common_runtime/gpu/gpu_init.cc:102] Found device 0 with properties: 
name: GRID K520
major: 3 minor: 0 memoryClockRate (GHz) 0.797
pciBusID 0000:00:03.0
Total memory: 4.00GiB
Free memory: 3.95GiB
I tensorflow/core/common_runtime/gpu/gpu_init.cc:126] DMA: 0 
I tensorflow/core/common_runtime/gpu/gpu_init.cc:136] 0:   Y 
I tensorflow/core/common_runtime/gpu/gpu_device.cc:784] Creating TensorFlow device (/gpu:0) -> (device: 0, name: GRID K520, pci bus id: 0000:00:03.0)
I tensorflow/core/distributed_runtime/rpc/grpc_channel.cc:206] Initialize HostPortsGrpcChannelCache for job ps -> {master:2200}
I tensorflow/core/distributed_runtime/rpc/grpc_channel.cc:206] Initialize HostPortsGrpcChannelCache for job worker -> {localhost:2201, master:2202, master:2203, master:2204, node001:2205, node001:2206, node001:2207, node001:2208, node002:2209, node002:2210, node002:2211, node002:2212, node003:2213, node003:2214, node003:2215, node003:2216}
I tensorflow/core/distributed_runtime/rpc/grpc_server_lib.cc:202] Started server with target: grpc://localhost:2201
INFO:tensorflow:Learning rate: 0.001000, momentum: 0.300000
INFO:tensorflow:Sync mode!!!!!!
INFO:tensorflow:Compute groups : 2
INFO:tensorflow:SyncReplicas enabled: replicas_to_aggregate=16; total_num_replicas=16
INFO:tensorflow:Num nodes per compute groups: 8
INFO:tensorflow:Tokens per step: 8
INFO:tensorflow:2016-08-09 16:02:44.301188 Supervisor
INFO:tensorflow:Restored model from /home/snapshot/model.ckpt-399
INFO:tensorflow:got sessions! 2016-08-09 16:03:39.967724 
INFO:tensorflow:Started 3 queues for processing input data.
INFO:tensorflow:global_step/sec: 0
I tensorflow/core/common_runtime/gpu/pool_allocator.cc:244] PoolAllocator: After 3869 get requests, put_count=2854 evicted_count=1000 eviction_rate=0.350385 and unsatisfied allocation rate=0.546653
I tensorflow/core/common_runtime/gpu/pool_allocator.cc:256] Raising pool_size_limit_ from 100 to 110
INFO:tensorflow:Step: 399, Loss: 5.166648, time: 16.517 sec/batch
INFO:tensorflow:Step: 401, Loss: 5.817099, time: 5.470 sec/batch
INFO:tensorflow:Step: 402, Loss: 5.276406, time: 3.383 sec/batch
INFO:tensorflow:Step: 403, Loss: 5.493285, time: 2.723 sec/batch
INFO:tensorflow:Step: 404, Loss: 5.858107, time: 3.585 sec/batch
I tensorflow/core/common_runtime/gpu/pool_allocator.cc:244] PoolAllocator: After 0 get requests, put_count=1016 evicted_count=1000 eviction_rate=0.984252 and unsatisfied allocation rate=0
INFO:tensorflow:Step: 406, Loss: 5.382892, time: 4.614 sec/batch
INFO:tensorflow:Step: 408, Loss: 5.835337, time: 4.035 sec/batch
INFO:tensorflow:Step: 410, Loss: 5.316077, time: 4.041 sec/batch
INFO:tensorflow:Step: 412, Loss: 5.471115, time: 4.013 sec/batch
INFO:tensorflow:Step: 414, Loss: 5.693005, time: 4.130 sec/batch
INFO:tensorflow:Step: 416, Loss: 5.609242, time: 5.656 sec/batch
I tensorflow/core/common_runtime/gpu/pool_allocator.cc:244] PoolAllocator: After 3768 get requests, put_count=4056 evicted_count=2000 eviction_rate=0.493097 and unsatisfied allocation rate=0.460987
I tensorflow/core/common_runtime/gpu/pool_allocator.cc:256] Raising pool_size_limit_ from 281 to 309
INFO:tensorflow:Step: 418, Loss: 5.298529, time: 4.772 sec/batch
INFO:tensorflow:Step: 420, Loss: 5.112592, time: 4.787 sec/batch
INFO:tensorflow:Step: 422, Loss: 4.816709, time: 4.628 sec/batch
INFO:tensorflow:Step: 424, Loss: 5.450428, time: 4.629 sec/batch
INFO:tensorflow:Step: 426, Loss: 5.359229, time: 4.104 sec/batch
INFO:tensorflow:Step: 428, Loss: 5.261432, time: 4.019 sec/batch
I tensorflow/core/common_runtime/gpu/pool_allocator.cc:244] PoolAllocator: After 0 get requests, put_count=1049 evicted_count=1000 eviction_rate=0.953289 and unsatisfied allocation rate=0
INFO:tensorflow:Step: 430, Loss: 5.496484, time: 4.294 sec/batch
INFO:tensorflow:Step: 432, Loss: 5.040306, time: 4.158 sec/batch
INFO:tensorflow:Step: 434, Loss: 5.424098, time: 4.695 sec/batch
INFO:tensorflow:Step: 436, Loss: 5.211467, time: 5.061 sec/batch
INFO:tensorflow:Step: 438, Loss: 5.437404, time: 4.475 sec/batch
INFO:tensorflow:global_step/sec: 0.344802
INFO:tensorflow:Step: 440, Loss: 5.247587, time: 4.990 sec/batch
INFO:tensorflow:Step: 442, Loss: 5.294843, time: 4.560 sec/batch
INFO:tensorflow:Step: 444, Loss: 5.158411, time: 4.037 sec/batch
INFO:tensorflow:Step: 446, Loss: 5.400213, time: 4.489 sec/batch
I tensorflow/core/common_runtime/gpu/pool_allocator.cc:244] PoolAllocator: After 3768 get requests, put_count=4017 evicted_count=1000 eviction_rate=0.248942 and unsatisfied allocation rate=0.227176
I tensorflow/core/common_runtime/gpu/pool_allocator.cc:256] Raising pool_size_limit_ from 1158 to 1273
INFO:tensorflow:Step: 448, Loss: 5.397613, time: 4.381 sec/batch
INFO:tensorflow:Step: 450, Loss: 5.111876, time: 3.990 sec/batch
INFO:tensorflow:Step: 452, Loss: 5.451405, time: 4.442 sec/batch
INFO:tensorflow:Step: 454, Loss: 4.930674, time: 4.304 sec/batch
INFO:tensorflow:Step: 456, Loss: 5.576358, time: 3.925 sec/batch
INFO:tensorflow:Step: 458, Loss: 5.473444, time: 4.796 sec/batch
INFO:tensorflow:Step: 460, Loss: 5.163434, time: 4.086 sec/batch
INFO:tensorflow:Step: 462, Loss: 5.430855, time: 4.112 sec/batch
INFO:tensorflow:Step: 464, Loss: 5.254186, time: 4.352 sec/batch
INFO:tensorflow:Step: 466, Loss: 5.135890, time: 4.341 sec/batch
INFO:tensorflow:Step: 468, Loss: 5.353714, time: 4.540 sec/batch
INFO:tensorflow:Step: 470, Loss: 5.139949, time: 4.402 sec/batch
INFO:tensorflow:Step: 472, Loss: 5.420117, time: 4.411 sec/batch
INFO:tensorflow:Step: 474, Loss: 5.524656, time: 4.127 sec/batch
INFO:tensorflow:Step: 476, Loss: 5.471339, time: 4.026 sec/batch
INFO:tensorflow:Step: 478, Loss: 5.275319, time: 4.561 sec/batch
INFO:tensorflow:Step: 480, Loss: 5.397974, time: 4.861 sec/batch
INFO:tensorflow:Step: 482, Loss: 5.398270, time: 4.708 sec/batch
INFO:tensorflow:Step: 484, Loss: 5.013700, time: 4.484 sec/batch
INFO:tensorflow:Step: 486, Loss: 5.105407, time: 4.379 sec/batch
INFO:tensorflow:Step: 488, Loss: 5.420687, time: 5.596 sec/batch
INFO:tensorflow:Step: 490, Loss: 5.334754, time: 3.601 sec/batch
INFO:tensorflow:Step: 492, Loss: 5.213677, time: 4.495 sec/batch
INFO:tensorflow:global_step/sec: 0.457771
INFO:tensorflow:Step: 494, Loss: 5.495852, time: 4.138 sec/batch
INFO:tensorflow:Step: 496, Loss: 5.541709, time: 4.619 sec/batch
INFO:tensorflow:Step: 498, Loss: 5.262171, time: 4.752 sec/batch
INFO:tensorflow:Step: 500, Loss: 5.418855, time: 3.929 sec/batch
INFO:tensorflow:Step: 502, Loss: 5.194899, time: 4.471 sec/batch
INFO:tensorflow:Step: 504, Loss: 5.230728, time: 4.638 sec/batch
INFO:tensorflow:Step: 506, Loss: 5.225825, time: 4.688 sec/batch
INFO:tensorflow:Step: 508, Loss: 5.523034, time: 4.570 sec/batch
INFO:tensorflow:Step: 510, Loss: 5.234831, time: 4.690 sec/batch
INFO:tensorflow:Step: 512, Loss: 5.369247, time: 4.242 sec/batch
INFO:tensorflow:Step: 514, Loss: 5.134234, time: 4.533 sec/batch
INFO:tensorflow:Step: 516, Loss: 5.168426, time: 4.434 sec/batch
INFO:tensorflow:Step: 518, Loss: 4.966127, time: 4.410 sec/batch
INFO:tensorflow:Step: 520, Loss: 4.926902, time: 5.418 sec/batch
INFO:tensorflow:Step: 522, Loss: 5.305103, time: 4.808 sec/batch
INFO:tensorflow:Step: 524, Loss: 5.319567, time: 4.192 sec/batch
INFO:tensorflow:Step: 526, Loss: 5.474500, time: 4.237 sec/batch
INFO:tensorflow:Step: 528, Loss: 5.272440, time: 4.154 sec/batch
INFO:tensorflow:Step: 530, Loss: 5.466069, time: 4.178 sec/batch
INFO:tensorflow:Step: 532, Loss: 5.277580, time: 4.161 sec/batch
INFO:tensorflow:Step: 534, Loss: 5.176385, time: 4.307 sec/batch
INFO:tensorflow:Step: 536, Loss: 5.209214, time: 5.112 sec/batch
INFO:tensorflow:Step: 538, Loss: 5.484887, time: 4.213 sec/batch
INFO:tensorflow:Step: 540, Loss: 5.108565, time: 4.672 sec/batch
INFO:tensorflow:Step: 542, Loss: 5.164351, time: 4.654 sec/batch
INFO:tensorflow:Step: 544, Loss: 5.290582, time: 4.728 sec/batch
INFO:tensorflow:Step: 546, Loss: 4.980362, time: 4.595 sec/batch
INFO:tensorflow:global_step/sec: 0.442205
INFO:tensorflow:Step: 548, Loss: 5.334647, time: 4.847 sec/batch
INFO:tensorflow:Step: 550, Loss: 5.244561, time: 5.028 sec/batch
INFO:tensorflow:Step: 552, Loss: 5.419349, time: 4.640 sec/batch
INFO:tensorflow:Step: 554, Loss: 5.174634, time: 4.736 sec/batch
INFO:tensorflow:Step: 556, Loss: 5.354038, time: 4.641 sec/batch
INFO:tensorflow:Step: 558, Loss: 5.177909, time: 4.520 sec/batch
INFO:tensorflow:Step: 560, Loss: 5.025219, time: 4.553 sec/batch
INFO:tensorflow:Step: 562, Loss: 5.291221, time: 5.529 sec/batch
INFO:tensorflow:Step: 564, Loss: 5.131131, time: 4.004 sec/batch
INFO:tensorflow:Step: 566, Loss: 5.162244, time: 4.210 sec/batch
INFO:tensorflow:Step: 568, Loss: 5.473784, time: 4.329 sec/batch
INFO:tensorflow:Step: 570, Loss: 4.983826, time: 4.060 sec/batch
INFO:tensorflow:Step: 572, Loss: 5.423059, time: 4.269 sec/batch
INFO:tensorflow:Step: 574, Loss: 5.290119, time: 4.777 sec/batch
INFO:tensorflow:Step: 576, Loss: 5.142588, time: 5.170 sec/batch
INFO:tensorflow:Step: 578, Loss: 5.447785, time: 4.820 sec/batch
INFO:tensorflow:Step: 580, Loss: 5.175727, time: 5.433 sec/batch
INFO:tensorflow:Step: 582, Loss: 5.159027, time: 4.459 sec/batch
INFO:tensorflow:Step: 584, Loss: 5.234416, time: 4.172 sec/batch
INFO:tensorflow:Step: 586, Loss: 5.127602, time: 4.326 sec/batch
INFO:tensorflow:Step: 588, Loss: 5.054449, time: 4.266 sec/batch
INFO:tensorflow:Step: 590, Loss: 5.281564, time: 4.142 sec/batch
INFO:tensorflow:Step: 592, Loss: 5.379347, time: 4.225 sec/batch
INFO:tensorflow:Step: 594, Loss: 5.088630, time: 4.892 sec/batch
INFO:tensorflow:Step: 596, Loss: 5.419229, time: 4.517 sec/batch
INFO:tensorflow:Step: 598, Loss: 5.141958, time: 4.265 sec/batch
INFO:tensorflow:global_step/sec: 0.433351
INFO:tensorflow:Step: 600, Loss: 5.053985, time: 4.787 sec/batch
INFO:tensorflow:Step: 602, Loss: 5.039024, time: 4.141 sec/batch
INFO:tensorflow:Step: 604, Loss: 5.176812, time: 4.559 sec/batch
INFO:tensorflow:Step: 606, Loss: 5.059228, time: 4.406 sec/batch
INFO:tensorflow:Step: 608, Loss: 5.263820, time: 4.606 sec/batch
INFO:tensorflow:Step: 610, Loss: 5.199223, time: 4.606 sec/batch
INFO:tensorflow:Step: 612, Loss: 5.218073, time: 4.506 sec/batch
INFO:tensorflow:Step: 614, Loss: 5.334913, time: 5.212 sec/batch
INFO:tensorflow:Step: 616, Loss: 5.175984, time: 4.356 sec/batch
run-expr-32node.sh: line 25:  6478 Terminated              CUDA_VISIBLE_DEVICES=$1 bazel-bin/inception/imagenet_distributed_train --batch_size=32 --data_dir=/home/data/sample-data-$2 --job_name='worker' --task_id=$2 --ps_hosts='master:2200' --worker_hosts='master:2201,master:2202,master:2203,master:2204,node001:2205,node001:2206,node001:2207,node001:2208,node002:2209,node002:2210,node002:2211,node002:2212,node003:2213,node003:2214,node003:2215,node003:2216' --initial_learning_rate=$3 --momentum=$4 --sync=True --compute_groups=$5
