DISPLAY "(null)" invalid; disabling X11 forwarding
I tensorflow/stream_executor/dso_loader.cc:108] successfully opened CUDA library libcublas.so locally
I tensorflow/stream_executor/dso_loader.cc:108] successfully opened CUDA library libcudnn.so locally
I tensorflow/stream_executor/dso_loader.cc:108] successfully opened CUDA library libcufft.so locally
I tensorflow/stream_executor/dso_loader.cc:108] successfully opened CUDA library libcuda.so locally
I tensorflow/stream_executor/dso_loader.cc:108] successfully opened CUDA library libcurand.so locally
INFO:tensorflow:PS hosts are: ['raiders1:2228']
INFO:tensorflow:Worker hosts are: ['raiders1:2200', 'raiders1:2201', 'raiders3:2209', 'raiders3:2210']
I tensorflow/core/common_runtime/gpu/gpu_init.cc:102] Found device 0 with properties: 
name: GeForce GTX TITAN X
major: 5 minor: 2 memoryClockRate (GHz) 1.076
pciBusID 0000:43:00.0
Total memory: 11.92GiB
Free memory: 11.81GiB
I tensorflow/core/common_runtime/gpu/gpu_init.cc:126] DMA: 0 
I tensorflow/core/common_runtime/gpu/gpu_init.cc:136] 0:   Y 
I tensorflow/core/common_runtime/gpu/gpu_device.cc:806] Creating TensorFlow device (/gpu:0) -> (device: 0, name: GeForce GTX TITAN X, pci bus id: 0000:43:00.0)
I tensorflow/core/distributed_runtime/rpc/grpc_channel.cc:206] Initialize HostPortsGrpcChannelCache for job ps -> {raiders1:2228}
I tensorflow/core/distributed_runtime/rpc/grpc_channel.cc:206] Initialize HostPortsGrpcChannelCache for job worker -> {raiders1:2200, raiders1:2201, raiders3:2209, localhost:2210}
I tensorflow/core/distributed_runtime/rpc/grpc_server_lib.cc:202] Started server with target: grpc://localhost:2210
INFO:tensorflow:Learning rate: 0.010000, momentum: 0.450000
INFO:tensorflow:Sync mode!!!!!!
INFO:tensorflow:Compute groups : 2
INFO:tensorflow:SyncReplicas enabled: replicas_to_aggregate=4; total_num_replicas=4
INFO:tensorflow:Num nodes per compute groups: 2
INFO:tensorflow:Tokens per step: 2
INFO:tensorflow:2016-07-20 02:22:52.229159 Supervisor
INFO:tensorflow:got sessions!
INFO:tensorflow:Started 3 queues for processing input data.
I tensorflow/core/common_runtime/gpu/pool_allocator.cc:244] PoolAllocator: After 3576 get requests, put_count=2565 evicted_count=1000 eviction_rate=0.389864 and unsatisfied allocation rate=0.590324
I tensorflow/core/common_runtime/gpu/pool_allocator.cc:256] Raising pool_size_limit_ from 100 to 110
INFO:tensorflow:Step: 399, Loss: 5.171965, time: 23.093 sec/batch
INFO:tensorflow:Step: 399, Loss: 5.313098, time: 1.389 sec/batch
INFO:tensorflow:Step: 400, Loss: 5.563053, time: 1.413 sec/batch
INFO:tensorflow:Step: 400, Loss: 5.189448, time: 1.389 sec/batch
INFO:tensorflow:Step: 402, Loss: 5.605861, time: 1.594 sec/batch
I tensorflow/core/common_runtime/gpu/pool_allocator.cc:244] PoolAllocator: After 0 get requests, put_count=1016 evicted_count=1000 eviction_rate=0.984252 and unsatisfied allocation rate=0
INFO:tensorflow:Step: 402, Loss: 5.342167, time: 1.571 sec/batch
INFO:tensorflow:Step: 404, Loss: 5.373419, time: 1.533 sec/batch
INFO:tensorflow:Step: 404, Loss: 5.103402, time: 1.294 sec/batch
INFO:tensorflow:Step: 406, Loss: 5.320289, time: 2.309 sec/batch
INFO:tensorflow:Step: 407, Loss: 5.351144, time: 1.342 sec/batch
I tensorflow/core/common_runtime/gpu/pool_allocator.cc:244] PoolAllocator: After 0 get requests, put_count=1025 evicted_count=1000 eviction_rate=0.97561 and unsatisfied allocation rate=0
INFO:tensorflow:Step: 409, Loss: 5.448305, time: 1.596 sec/batch
INFO:tensorflow:Step: 409, Loss: 5.378567, time: 1.264 sec/batch
INFO:tensorflow:Step: 411, Loss: 5.319314, time: 1.359 sec/batch
INFO:tensorflow:Step: 412, Loss: 5.555594, time: 1.535 sec/batch
INFO:tensorflow:Step: 415, Loss: 5.619723, time: 1.752 sec/batch
INFO:tensorflow:Step: 415, Loss: 5.448202, time: 1.581 sec/batch
I tensorflow/core/common_runtime/gpu/pool_allocator.cc:244] PoolAllocator: After 0 get requests, put_count=1044 evicted_count=1000 eviction_rate=0.957854 and unsatisfied allocation rate=0
INFO:tensorflow:Step: 417, Loss: 5.110788, time: 1.432 sec/batch
INFO:tensorflow:Step: 419, Loss: 5.365379, time: 2.633 sec/batch
INFO:tensorflow:Step: 421, Loss: 5.283133, time: 1.592 sec/batch
INFO:tensorflow:Step: 423, Loss: 5.089123, time: 1.538 sec/batch
INFO:tensorflow:Step: 425, Loss: 5.218694, time: 1.415 sec/batch
INFO:tensorflow:Step: 427, Loss: 5.234210, time: 1.432 sec/batch
INFO:tensorflow:Step: 429, Loss: 5.132545, time: 1.802 sec/batch
I tensorflow/core/common_runtime/gpu/pool_allocator.cc:244] PoolAllocator: After 3576 get requests, put_count=4414 evicted_count=2000 eviction_rate=0.453104 and unsatisfied allocation rate=0.347036
I tensorflow/core/common_runtime/gpu/pool_allocator.cc:256] Raising pool_size_limit_ from 871 to 958
INFO:tensorflow:Step: 431, Loss: 5.112469, time: 2.245 sec/batch
INFO:tensorflow:Step: 433, Loss: 5.296042, time: 2.230 sec/batch
INFO:tensorflow:Step: 435, Loss: 5.169518, time: 2.000 sec/batch
INFO:tensorflow:Step: 436, Loss: 5.199271, time: 1.507 sec/batch
INFO:tensorflow:Step: 438, Loss: 5.041921, time: 1.656 sec/batch
INFO:tensorflow:Step: 440, Loss: 5.335037, time: 1.637 sec/batch
INFO:tensorflow:Step: 442, Loss: 5.050876, time: 1.414 sec/batch
INFO:tensorflow:Step: 444, Loss: 5.468669, time: 1.550 sec/batch
INFO:tensorflow:Step: 446, Loss: 5.177805, time: 1.648 sec/batch
INFO:tensorflow:Step: 449, Loss: 5.184443, time: 1.639 sec/batch
INFO:tensorflow:Step: 450, Loss: 5.209563, time: 1.654 sec/batch
INFO:tensorflow:Step: 453, Loss: 5.295150, time: 1.798 sec/batch
INFO:tensorflow:Step: 454, Loss: 5.130702, time: 1.347 sec/batch
INFO:tensorflow:Step: 456, Loss: 5.251653, time: 1.549 sec/batch
INFO:tensorflow:Step: 458, Loss: 5.200706, time: 1.587 sec/batch
INFO:tensorflow:Step: 461, Loss: 5.114450, time: 1.584 sec/batch
INFO:tensorflow:Step: 463, Loss: 5.269271, time: 1.457 sec/batch
INFO:tensorflow:Step: 465, Loss: 5.354055, time: 1.380 sec/batch
INFO:tensorflow:Step: 467, Loss: 5.263756, time: 1.427 sec/batch
INFO:tensorflow:Step: 469, Loss: 5.178505, time: 1.403 sec/batch
INFO:tensorflow:Step: 471, Loss: 5.144859, time: 1.372 sec/batch
INFO:tensorflow:Step: 473, Loss: 5.196641, time: 1.377 sec/batch
INFO:tensorflow:Step: 475, Loss: 5.120441, time: 1.386 sec/batch
INFO:tensorflow:Step: 477, Loss: 5.239157, time: 1.388 sec/batch
INFO:tensorflow:Step: 479, Loss: 5.242473, time: 1.347 sec/batch
INFO:tensorflow:Step: 481, Loss: 5.171510, time: 1.451 sec/batch
INFO:tensorflow:Step: 483, Loss: 5.329077, time: 1.695 sec/batch
INFO:tensorflow:Step: 485, Loss: 4.954808, time: 1.556 sec/batch
INFO:tensorflow:Step: 487, Loss: 5.028926, time: 1.533 sec/batch
INFO:tensorflow:Step: 489, Loss: 5.257048, time: 1.695 sec/batch
INFO:tensorflow:Step: 491, Loss: 5.083238, time: 2.012 sec/batch
INFO:tensorflow:Step: 493, Loss: 5.203688, time: 1.420 sec/batch
INFO:tensorflow:Step: 495, Loss: 5.151365, time: 1.473 sec/batch
INFO:tensorflow:Step: 497, Loss: 5.102436, time: 1.483 sec/batch
INFO:tensorflow:Step: 499, Loss: 5.331849, time: 1.902 sec/batch
INFO:tensorflow:Step: 501, Loss: 5.156828, time: 1.657 sec/batch
INFO:tensorflow:Step: 503, Loss: 5.170442, time: 1.639 sec/batch
INFO:tensorflow:Step: 505, Loss: 5.044122, time: 1.363 sec/batch
INFO:tensorflow:Step: 507, Loss: 5.108839, time: 1.365 sec/batch
INFO:tensorflow:Step: 509, Loss: 5.355890, time: 1.376 sec/batch
INFO:tensorflow:Step: 511, Loss: 5.186673, time: 1.360 sec/batch
INFO:tensorflow:Step: 513, Loss: 4.951441, time: 1.362 sec/batch
INFO:tensorflow:Step: 515, Loss: 5.298676, time: 1.351 sec/batch
INFO:tensorflow:Step: 517, Loss: 5.169868, time: 1.359 sec/batch
INFO:tensorflow:Step: 519, Loss: 5.294650, time: 1.331 sec/batch
INFO:tensorflow:Step: 521, Loss: 5.235107, time: 1.460 sec/batch
INFO:tensorflow:Step: 523, Loss: 5.193655, time: 1.379 sec/batch
INFO:tensorflow:Step: 525, Loss: 5.146974, time: 1.414 sec/batch
INFO:tensorflow:Step: 527, Loss: 5.076600, time: 1.311 sec/batch
INFO:tensorflow:Step: 529, Loss: 5.138812, time: 1.745 sec/batch
INFO:tensorflow:Step: 530, Loss: 5.299325, time: 1.685 sec/batch
INFO:tensorflow:Step: 533, Loss: 5.382476, time: 1.774 sec/batch
INFO:tensorflow:Step: 535, Loss: 5.094397, time: 1.627 sec/batch
INFO:tensorflow:Step: 537, Loss: 5.030615, time: 1.693 sec/batch
INFO:tensorflow:Step: 539, Loss: 5.044760, time: 1.413 sec/batch
INFO:tensorflow:Step: 540, Loss: 5.137862, time: 1.345 sec/batch
INFO:tensorflow:Step: 542, Loss: 5.221745, time: 1.413 sec/batch
INFO:tensorflow:Step: 544, Loss: 5.179935, time: 1.359 sec/batch
INFO:tensorflow:Step: 546, Loss: 5.166105, time: 1.395 sec/batch
INFO:tensorflow:Step: 548, Loss: 5.059785, time: 1.344 sec/batch
INFO:tensorflow:Step: 550, Loss: 5.124808, time: 1.439 sec/batch
INFO:tensorflow:Step: 552, Loss: 4.945160, time: 1.413 sec/batch
INFO:tensorflow:Step: 554, Loss: 4.969100, time: 1.453 sec/batch
INFO:tensorflow:Step: 556, Loss: 5.104628, time: 1.506 sec/batch
INFO:tensorflow:Step: 558, Loss: 5.032774, time: 1.447 sec/batch
INFO:tensorflow:Step: 560, Loss: 5.125762, time: 1.413 sec/batch
INFO:tensorflow:Step: 562, Loss: 5.171868, time: 1.385 sec/batch
INFO:tensorflow:Step: 564, Loss: 5.076443, time: 1.311 sec/batch
INFO:tensorflow:Step: 566, Loss: 5.249076, time: 1.345 sec/batch
INFO:tensorflow:Step: 568, Loss: 4.990057, time: 1.397 sec/batch
INFO:tensorflow:Step: 570, Loss: 4.881510, time: 1.443 sec/batch
INFO:tensorflow:Step: 572, Loss: 5.276589, time: 1.364 sec/batch
INFO:tensorflow:Step: 574, Loss: 5.066465, time: 1.414 sec/batch
INFO:tensorflow:Step: 576, Loss: 5.326835, time: 1.371 sec/batch
INFO:tensorflow:Step: 578, Loss: 5.117869, time: 1.343 sec/batch
INFO:tensorflow:Step: 580, Loss: 5.495575, time: 1.414 sec/batch
INFO:tensorflow:Step: 582, Loss: 5.072111, time: 1.348 sec/batch
INFO:tensorflow:Step: 584, Loss: 5.168118, time: 1.408 sec/batch
INFO:tensorflow:Step: 586, Loss: 5.024314, time: 1.417 sec/batch
INFO:tensorflow:Step: 588, Loss: 5.090456, time: 1.420 sec/batch
INFO:tensorflow:Step: 590, Loss: 5.086429, time: 1.430 sec/batch
INFO:tensorflow:Step: 592, Loss: 5.209022, time: 1.308 sec/batch
INFO:tensorflow:Step: 594, Loss: 5.135903, time: 1.367 sec/batch
INFO:tensorflow:Step: 596, Loss: 5.113567, time: 1.402 sec/batch
INFO:tensorflow:Step: 598, Loss: 4.941080, time: 1.335 sec/batch
INFO:tensorflow:Step: 600, Loss: 5.134456, time: 1.359 sec/batch
INFO:tensorflow:Step: 602, Loss: 5.233082, time: 1.400 sec/batch
INFO:tensorflow:Step: 604, Loss: 5.171973, time: 1.433 sec/batch
INFO:tensorflow:Step: 606, Loss: 5.188380, time: 1.366 sec/batch
INFO:tensorflow:Step: 608, Loss: 5.087710, time: 1.427 sec/batch
INFO:tensorflow:Step: 610, Loss: 5.283104, time: 1.912 sec/batch
INFO:tensorflow:Step: 613, Loss: 4.915363, time: 1.667 sec/batch
INFO:tensorflow:Step: 614, Loss: 5.139862, time: 1.536 sec/batch
INFO:tensorflow:Step: 616, Loss: 5.209133, time: 1.375 sec/batch
INFO:tensorflow:Step: 618, Loss: 4.871934, time: 1.351 sec/batch
INFO:tensorflow:Step: 620, Loss: 5.033588, time: 1.387 sec/batch
INFO:tensorflow:Step: 622, Loss: 5.224647, time: 1.376 sec/batch
INFO:tensorflow:Step: 624, Loss: 4.911090, time: 1.435 sec/batch
INFO:tensorflow:Step: 626, Loss: 4.731050, time: 1.388 sec/batch
INFO:tensorflow:Step: 628, Loss: 5.171085, time: 1.452 sec/batch
INFO:tensorflow:Step: 630, Loss: 4.874922, time: 1.685 sec/batch
INFO:tensorflow:Step: 633, Loss: 5.149728, time: 1.392 sec/batch
INFO:tensorflow:Step: 635, Loss: 5.134865, time: 1.447 sec/batch
INFO:tensorflow:Step: 636, Loss: 4.855782, time: 1.442 sec/batch
INFO:tensorflow:Step: 638, Loss: 5.003594, time: 1.350 sec/batch
INFO:tensorflow:Step: 640, Loss: 5.023822, time: 1.439 sec/batch
INFO:tensorflow:Step: 642, Loss: 5.173309, time: 1.373 sec/batch
INFO:tensorflow:Step: 644, Loss: 5.115043, time: 1.417 sec/batch
INFO:tensorflow:Step: 646, Loss: 4.962080, time: 1.387 sec/batch
INFO:tensorflow:Step: 648, Loss: 5.234394, time: 1.393 sec/batch
INFO:tensorflow:Step: 650, Loss: 5.007056, time: 1.346 sec/batch
INFO:tensorflow:Step: 652, Loss: 4.801658, time: 1.425 sec/batch
INFO:tensorflow:Step: 654, Loss: 5.017152, time: 1.476 sec/batch
INFO:tensorflow:Step: 656, Loss: 5.023114, time: 1.498 sec/batch
INFO:tensorflow:Step: 658, Loss: 4.984838, time: 1.338 sec/batch
INFO:tensorflow:Step: 660, Loss: 5.101448, time: 1.399 sec/batch
INFO:tensorflow:Step: 662, Loss: 5.046271, time: 1.401 sec/batch
INFO:tensorflow:Step: 664, Loss: 5.083665, time: 1.388 sec/batch
INFO:tensorflow:Step: 666, Loss: 4.921839, time: 1.420 sec/batch
INFO:tensorflow:Step: 668, Loss: 4.837835, time: 1.428 sec/batch
INFO:tensorflow:Step: 670, Loss: 4.964906, time: 1.408 sec/batch
INFO:tensorflow:Step: 672, Loss: 5.044185, time: 1.387 sec/batch
INFO:tensorflow:Step: 674, Loss: 4.977180, time: 1.407 sec/batch
INFO:tensorflow:Step: 676, Loss: 5.051922, time: 1.365 sec/batch
INFO:tensorflow:Step: 678, Loss: 5.074764, time: 1.335 sec/batch
INFO:tensorflow:Step: 680, Loss: 4.994627, time: 1.416 sec/batch
INFO:tensorflow:Step: 682, Loss: 5.195523, time: 1.452 sec/batch
INFO:tensorflow:Step: 684, Loss: 5.157579, time: 1.396 sec/batch
INFO:tensorflow:Step: 686, Loss: 5.150978, time: 1.417 sec/batch
INFO:tensorflow:Step: 688, Loss: 5.092483, time: 1.373 sec/batch
INFO:tensorflow:Step: 690, Loss: 4.853557, time: 1.400 sec/batch
INFO:tensorflow:Step: 692, Loss: 5.158120, time: 1.439 sec/batch
INFO:tensorflow:Step: 694, Loss: 4.938394, time: 1.407 sec/batch
INFO:tensorflow:Step: 696, Loss: 5.353422, time: 1.372 sec/batch
INFO:tensorflow:Step: 698, Loss: 4.933866, time: 1.418 sec/batch
INFO:tensorflow:Step: 700, Loss: 5.106440, time: 1.412 sec/batch
INFO:tensorflow:Step: 702, Loss: 5.112288, time: 1.426 sec/batch
INFO:tensorflow:Step: 704, Loss: 5.126637, time: 1.358 sec/batch
INFO:tensorflow:Step: 706, Loss: 5.132657, time: 1.388 sec/batch
INFO:tensorflow:Step: 708, Loss: 4.997708, time: 1.380 sec/batch
INFO:tensorflow:Step: 710, Loss: 5.126766, time: 1.375 sec/batch
INFO:tensorflow:Step: 712, Loss: 5.192667, time: 1.399 sec/batch
INFO:tensorflow:Step: 714, Loss: 5.093353, time: 1.437 sec/batch
INFO:tensorflow:Step: 716, Loss: 4.943711, time: 1.475 sec/batch
INFO:tensorflow:Step: 718, Loss: 5.041872, time: 1.437 sec/batch
INFO:tensorflow:Step: 720, Loss: 4.939018, time: 1.488 sec/batch
INFO:tensorflow:Step: 722, Loss: 5.003333, time: 1.399 sec/batch
INFO:tensorflow:Step: 724, Loss: 5.024561, time: 1.467 sec/batch
INFO:tensorflow:Step: 726, Loss: 4.930437, time: 1.367 sec/batch
INFO:tensorflow:Step: 728, Loss: 4.863582, time: 1.357 sec/batch
INFO:tensorflow:Step: 730, Loss: 4.916927, time: 1.386 sec/batch
INFO:tensorflow:Step: 732, Loss: 4.896524, time: 1.387 sec/batch
INFO:tensorflow:Step: 734, Loss: 4.914312, time: 1.396 sec/batch
INFO:tensorflow:Step: 736, Loss: 5.007089, time: 1.353 sec/batch
INFO:tensorflow:Step: 738, Loss: 5.111071, time: 1.364 sec/batch
INFO:tensorflow:Step: 740, Loss: 5.102027, time: 1.413 sec/batch
INFO:tensorflow:Step: 742, Loss: 4.919714, time: 1.405 sec/batch
INFO:tensorflow:Step: 744, Loss: 5.152853, time: 1.394 sec/batch
INFO:tensorflow:Step: 746, Loss: 4.879244, time: 1.347 sec/batch
INFO:tensorflow:Step: 748, Loss: 5.070229, time: 1.375 sec/batch
INFO:tensorflow:Step: 750, Loss: 5.018591, time: 1.409 sec/batch
INFO:tensorflow:Step: 752, Loss: 5.132968, time: 1.354 sec/batch
INFO:tensorflow:Step: 754, Loss: 4.935596, time: 1.375 sec/batch
INFO:tensorflow:Step: 756, Loss: 4.992805, time: 1.330 sec/batch
INFO:tensorflow:Step: 758, Loss: 5.162189, time: 1.383 sec/batch
INFO:tensorflow:Step: 760, Loss: 5.223548, time: 1.460 sec/batch
INFO:tensorflow:Step: 762, Loss: 4.971198, time: 1.531 sec/batch
INFO:tensorflow:Step: 764, Loss: 4.976917, time: 1.573 sec/batch
INFO:tensorflow:Step: 767, Loss: 5.076849, time: 1.705 sec/batch
INFO:tensorflow:Step: 769, Loss: 4.823103, time: 1.425 sec/batch
INFO:tensorflow:Step: 771, Loss: 5.146755, time: 1.350 sec/batch
INFO:tensorflow:Step: 773, Loss: 4.747670, time: 1.364 sec/batch
INFO:tensorflow:Step: 775, Loss: 5.058271, time: 1.408 sec/batch
INFO:tensorflow:Step: 777, Loss: 4.636469, time: 1.374 sec/batch
INFO:tensorflow:Step: 779, Loss: 4.929204, time: 1.350 sec/batch
INFO:tensorflow:Step: 781, Loss: 4.920939, time: 1.357 sec/batch
INFO:tensorflow:Step: 783, Loss: 5.276526, time: 1.316 sec/batch
INFO:tensorflow:Step: 785, Loss: 5.029124, time: 1.370 sec/batch
INFO:tensorflow:Step: 787, Loss: 5.022591, time: 1.373 sec/batch
INFO:tensorflow:Step: 789, Loss: 5.246650, time: 1.361 sec/batch
INFO:tensorflow:Step: 791, Loss: 4.713675, time: 1.518 sec/batch
INFO:tensorflow:Step: 793, Loss: 4.973657, time: 1.747 sec/batch
INFO:tensorflow:Step: 795, Loss: 4.936171, time: 1.598 sec/batch
INFO:tensorflow:Step: 797, Loss: 4.832864, time: 1.366 sec/batch
INFO:tensorflow:Step: 799, Loss: 5.140183, time: 1.361 sec/batch
INFO:tensorflow:Step: 801, Loss: 5.108903, time: 1.351 sec/batch
INFO:tensorflow:Step: 803, Loss: 4.994277, time: 1.460 sec/batch
INFO:tensorflow:Step: 805, Loss: 4.920002, time: 1.394 sec/batch
INFO:tensorflow:Step: 807, Loss: 5.236960, time: 1.396 sec/batch
INFO:tensorflow:Step: 809, Loss: 5.037636, time: 1.356 sec/batch
INFO:tensorflow:Step: 811, Loss: 4.918084, time: 1.329 sec/batch
INFO:tensorflow:Step: 813, Loss: 5.075906, time: 1.344 sec/batch
INFO:tensorflow:Step: 815, Loss: 5.037502, time: 1.354 sec/batch
INFO:tensorflow:Step: 817, Loss: 4.826015, time: 1.381 sec/batch
INFO:tensorflow:Step: 819, Loss: 4.984591, time: 1.496 sec/batch
INFO:tensorflow:Step: 821, Loss: 5.226690, time: 1.334 sec/batch
INFO:tensorflow:Step: 823, Loss: 5.055929, time: 1.361 sec/batch
INFO:tensorflow:Step: 825, Loss: 4.958912, time: 1.355 sec/batch
INFO:tensorflow:Step: 827, Loss: 4.900319, time: 1.384 sec/batch
INFO:tensorflow:Step: 829, Loss: 4.847663, time: 1.343 sec/batch
INFO:tensorflow:Step: 831, Loss: 5.010691, time: 1.353 sec/batch
INFO:tensorflow:Step: 833, Loss: 4.895494, time: 1.395 sec/batch
INFO:tensorflow:Step: 835, Loss: 4.848277, time: 1.331 sec/batch
INFO:tensorflow:Step: 837, Loss: 4.938175, time: 1.329 sec/batch
INFO:tensorflow:Step: 839, Loss: 4.903000, time: 1.383 sec/batch
INFO:tensorflow:Step: 841, Loss: 5.123600, time: 1.352 sec/batch
INFO:tensorflow:Step: 843, Loss: 4.988227, time: 1.387 sec/batch
INFO:tensorflow:Step: 845, Loss: 4.910556, time: 1.500 sec/batch
INFO:tensorflow:Step: 847, Loss: 4.767260, time: 1.453 sec/batch
INFO:tensorflow:Step: 849, Loss: 4.953682, time: 1.359 sec/batch
INFO:tensorflow:Step: 851, Loss: 4.843761, time: 1.335 sec/batch
INFO:tensorflow:Step: 853, Loss: 4.887805, time: 1.380 sec/batch
INFO:tensorflow:Step: 855, Loss: 5.253355, time: 1.377 sec/batch
INFO:tensorflow:Step: 857, Loss: 4.978859, time: 1.456 sec/batch
INFO:tensorflow:Step: 859, Loss: 4.956881, time: 1.418 sec/batch
INFO:tensorflow:Step: 861, Loss: 5.041317, time: 1.408 sec/batch
INFO:tensorflow:Step: 863, Loss: 4.846303, time: 1.360 sec/batch
INFO:tensorflow:Step: 864, Loss: 4.996131, time: 1.344 sec/batch
INFO:tensorflow:Step: 866, Loss: 4.934950, time: 1.332 sec/batch
INFO:tensorflow:Step: 868, Loss: 4.940942, time: 1.408 sec/batch
INFO:tensorflow:Step: 870, Loss: 4.872900, time: 1.356 sec/batch
INFO:tensorflow:Step: 872, Loss: 4.948549, time: 1.390 sec/batch
INFO:tensorflow:Step: 874, Loss: 5.117826, time: 1.389 sec/batch
INFO:tensorflow:Step: 876, Loss: 4.933473, time: 1.314 sec/batch
INFO:tensorflow:Step: 878, Loss: 4.926292, time: 1.418 sec/batch
INFO:tensorflow:Step: 880, Loss: 4.795537, time: 1.318 sec/batch
INFO:tensorflow:Step: 882, Loss: 5.043707, time: 1.520 sec/batch
INFO:tensorflow:Step: 884, Loss: 4.861156, time: 1.482 sec/batch
INFO:tensorflow:Step: 886, Loss: 4.804194, time: 1.367 sec/batch
INFO:tensorflow:Step: 888, Loss: 5.121124, time: 1.446 sec/batch
INFO:tensorflow:Step: 890, Loss: 4.844209, time: 1.571 sec/batch
INFO:tensorflow:Step: 892, Loss: 4.953223, time: 1.381 sec/batch
INFO:tensorflow:Step: 894, Loss: 4.877878, time: 1.375 sec/batch
INFO:tensorflow:Step: 896, Loss: 4.823125, time: 1.376 sec/batch
INFO:tensorflow:Step: 898, Loss: 4.858294, time: 1.361 sec/batch
INFO:tensorflow:Step: 900, Loss: 4.907225, time: 1.364 sec/batch
INFO:tensorflow:Step: 902, Loss: 5.086117, time: 1.631 sec/batch
INFO:tensorflow:Step: 904, Loss: 4.809387, time: 1.408 sec/batch
INFO:tensorflow:Step: 906, Loss: 4.960457, time: 1.460 sec/batch
INFO:tensorflow:Step: 908, Loss: 4.914972, time: 1.545 sec/batch
INFO:tensorflow:Step: 910, Loss: 4.840059, time: 1.541 sec/batch
INFO:tensorflow:Step: 912, Loss: 4.917741, time: 1.557 sec/batch
INFO:tensorflow:Step: 915, Loss: 4.955981, time: 1.555 sec/batch
INFO:tensorflow:Step: 917, Loss: 4.740876, time: 1.327 sec/batch
INFO:tensorflow:Step: 919, Loss: 4.968410, time: 1.364 sec/batch
INFO:tensorflow:Step: 921, Loss: 4.929224, time: 1.587 sec/batch
INFO:tensorflow:Step: 922, Loss: 4.816846, time: 1.341 sec/batch
INFO:tensorflow:Step: 924, Loss: 4.843867, time: 1.335 sec/batch
INFO:tensorflow:Step: 926, Loss: 4.928552, time: 1.424 sec/batch
INFO:tensorflow:Step: 928, Loss: 4.958977, time: 1.619 sec/batch
INFO:tensorflow:Step: 930, Loss: 4.865165, time: 1.708 sec/batch
INFO:tensorflow:Step: 933, Loss: 4.953137, time: 1.400 sec/batch
INFO:tensorflow:Step: 935, Loss: 4.850464, time: 1.482 sec/batch
INFO:tensorflow:Step: 937, Loss: 4.909879, time: 1.359 sec/batch
INFO:tensorflow:Step: 939, Loss: 4.980067, time: 1.499 sec/batch
INFO:tensorflow:Step: 941, Loss: 4.862673, time: 1.390 sec/batch
INFO:tensorflow:Step: 943, Loss: 4.791652, time: 1.314 sec/batch
INFO:tensorflow:Step: 945, Loss: 4.888947, time: 1.366 sec/batch
INFO:tensorflow:Step: 947, Loss: 5.005750, time: 1.584 sec/batch
INFO:tensorflow:Step: 949, Loss: 4.880153, time: 1.403 sec/batch
INFO:tensorflow:Step: 950, Loss: 4.855041, time: 1.380 sec/batch
INFO:tensorflow:Step: 952, Loss: 4.780079, time: 1.368 sec/batch
INFO:tensorflow:Step: 954, Loss: 4.784934, time: 1.390 sec/batch
INFO:tensorflow:Step: 956, Loss: 4.849031, time: 1.349 sec/batch
INFO:tensorflow:Step: 958, Loss: 4.950497, time: 1.327 sec/batch
INFO:tensorflow:Step: 960, Loss: 4.750068, time: 1.352 sec/batch
INFO:tensorflow:Step: 962, Loss: 4.906813, time: 1.385 sec/batch
INFO:tensorflow:Step: 964, Loss: 4.902482, time: 1.326 sec/batch
INFO:tensorflow:Step: 966, Loss: 4.642171, time: 1.384 sec/batch
INFO:tensorflow:Step: 968, Loss: 4.689614, time: 1.370 sec/batch
INFO:tensorflow:Step: 970, Loss: 4.901876, time: 1.339 sec/batch
INFO:tensorflow:Step: 972, Loss: 5.140924, time: 1.372 sec/batch
INFO:tensorflow:Step: 974, Loss: 4.835781, time: 1.373 sec/batch
INFO:tensorflow:Step: 976, Loss: 4.958795, time: 1.363 sec/batch
INFO:tensorflow:Step: 978, Loss: 4.901006, time: 1.348 sec/batch
INFO:tensorflow:Step: 980, Loss: 5.013045, time: 1.348 sec/batch
INFO:tensorflow:Step: 982, Loss: 5.002599, time: 1.383 sec/batch
INFO:tensorflow:Step: 984, Loss: 4.881670, time: 1.336 sec/batch
INFO:tensorflow:Step: 986, Loss: 4.819331, time: 1.330 sec/batch
INFO:tensorflow:Step: 988, Loss: 4.733298, time: 1.331 sec/batch
INFO:tensorflow:Step: 990, Loss: 4.857492, time: 1.343 sec/batch
INFO:tensorflow:Step: 992, Loss: 4.784164, time: 1.345 sec/batch
INFO:tensorflow:Step: 994, Loss: 4.690745, time: 1.336 sec/batch
INFO:tensorflow:Step: 996, Loss: 4.942507, time: 1.677 sec/batch
INFO:tensorflow:Step: 998, Loss: 4.839760, time: 1.420 sec/batch
INFO:tensorflow:Step: 1000, Loss: 4.780746, time: 1.386 sec/batch
INFO:tensorflow:Step: 1002, Loss: 4.729277, time: 1.349 sec/batch
INFO:tensorflow:Step: 1004, Loss: 4.909030, time: 1.334 sec/batch
INFO:tensorflow:Step: 1006, Loss: 4.795997, time: 1.362 sec/batch
INFO:tensorflow:Step: 1008, Loss: 4.935435, time: 1.317 sec/batch
INFO:tensorflow:Step: 1010, Loss: 5.039688, time: 1.531 sec/batch
INFO:tensorflow:Step: 1012, Loss: 4.800741, time: 1.560 sec/batch
INFO:tensorflow:Step: 1014, Loss: 4.891650, time: 1.925 sec/batch
INFO:tensorflow:Step: 1016, Loss: 5.124207, time: 1.479 sec/batch
INFO:tensorflow:Step: 1018, Loss: 4.804288, time: 1.374 sec/batch
INFO:tensorflow:Step: 1020, Loss: 5.026839, time: 1.325 sec/batch
INFO:tensorflow:Step: 1022, Loss: 4.766932, time: 1.329 sec/batch
INFO:tensorflow:Step: 1024, Loss: 4.902942, time: 1.532 sec/batch
INFO:tensorflow:Step: 1026, Loss: 4.793555, time: 1.435 sec/batch
INFO:tensorflow:Step: 1028, Loss: 5.099231, time: 1.429 sec/batch
INFO:tensorflow:Step: 1030, Loss: 4.778778, time: 1.421 sec/batch
INFO:tensorflow:Step: 1032, Loss: 4.829171, time: 1.369 sec/batch
INFO:tensorflow:Step: 1034, Loss: 4.978858, time: 1.337 sec/batch
INFO:tensorflow:Step: 1036, Loss: 4.657569, time: 1.283 sec/batch
INFO:tensorflow:Step: 1038, Loss: 4.788826, time: 1.294 sec/batch
INFO:tensorflow:Step: 1040, Loss: 4.765298, time: 1.408 sec/batch
INFO:tensorflow:Step: 1042, Loss: 4.775746, time: 1.419 sec/batch
INFO:tensorflow:Step: 1044, Loss: 4.780457, time: 1.357 sec/batch
INFO:tensorflow:Step: 1046, Loss: 4.750500, time: 1.384 sec/batch
INFO:tensorflow:Step: 1048, Loss: 4.827863, time: 1.364 sec/batch
INFO:tensorflow:Step: 1050, Loss: 4.668857, time: 1.333 sec/batch
INFO:tensorflow:Step: 1052, Loss: 4.773170, time: 1.336 sec/batch
INFO:tensorflow:Step: 1054, Loss: 4.772890, time: 1.363 sec/batch
INFO:tensorflow:Step: 1056, Loss: 4.605111, time: 1.398 sec/batch
INFO:tensorflow:Step: 1058, Loss: 4.817438, time: 1.371 sec/batch
INFO:tensorflow:Step: 1060, Loss: 4.832999, time: 1.339 sec/batch
INFO:tensorflow:Step: 1062, Loss: 4.676249, time: 1.354 sec/batch
INFO:tensorflow:Step: 1064, Loss: 4.755177, time: 1.341 sec/batch
INFO:tensorflow:Step: 1066, Loss: 4.773059, time: 1.326 sec/batch
INFO:tensorflow:Step: 1068, Loss: 4.939717, time: 1.414 sec/batch
INFO:tensorflow:Step: 1070, Loss: 4.799986, time: 1.402 sec/batch
INFO:tensorflow:Step: 1072, Loss: 4.713073, time: 1.444 sec/batch
INFO:tensorflow:Step: 1074, Loss: 4.693137, time: 1.384 sec/batch
INFO:tensorflow:Step: 1076, Loss: 4.764244, time: 1.397 sec/batch
INFO:tensorflow:Step: 1078, Loss: 4.695410, time: 1.387 sec/batch
INFO:tensorflow:Step: 1080, Loss: 4.728794, time: 1.523 sec/batch
INFO:tensorflow:Step: 1083, Loss: 4.701410, time: 1.598 sec/batch
INFO:tensorflow:Step: 1084, Loss: 4.735122, time: 1.606 sec/batch
INFO:tensorflow:Step: 1087, Loss: 4.782799, time: 1.755 sec/batch
INFO:tensorflow:Step: 1089, Loss: 4.785211, time: 1.500 sec/batch
INFO:tensorflow:Step: 1091, Loss: 4.809814, time: 1.445 sec/batch
INFO:tensorflow:Step: 1093, Loss: 4.852865, time: 1.496 sec/batch
INFO:tensorflow:Step: 1094, Loss: 4.866912, time: 1.364 sec/batch
INFO:tensorflow:Step: 1096, Loss: 4.660797, time: 1.374 sec/batch
INFO:tensorflow:Step: 1098, Loss: 4.789046, time: 1.360 sec/batch
run-expr-4node.sh: line 23: 82888 Terminated              CUDA_VISIBLE_DEVICES=$1 bazel-bin/inception/imagenet_distributed_train --batch_size=64 --data_dir=/lfs/local/0/daniter/imagenet-8-$2 --job_name='worker' --task_id=$2 --ps_hosts='raiders1:2228' --worker_hosts='raiders1:2200,raiders1:2201,raiders3:2209,raiders3:2210' --initial_learning_rate=$3 --momentum=$4 --sync=True --compute_groups=$5
