I tensorflow/stream_executor/dso_loader.cc:108] successfully opened CUDA library libcublas.so locally
I tensorflow/stream_executor/dso_loader.cc:108] successfully opened CUDA library libcudnn.so locally
I tensorflow/stream_executor/dso_loader.cc:108] successfully opened CUDA library libcufft.so locally
I tensorflow/stream_executor/dso_loader.cc:108] successfully opened CUDA library libcuda.so locally
I tensorflow/stream_executor/dso_loader.cc:108] successfully opened CUDA library libcurand.so locally
INFO:tensorflow:PS hosts are: ['master:2200']
INFO:tensorflow:Worker hosts are: ['master:2201', 'master:2202', 'master:2203', 'master:2204', 'node001:2205', 'node001:2206', 'node001:2207', 'node001:2208', 'node002:2209', 'node002:2210', 'node002:2211', 'node002:2212', 'node003:2213', 'node003:2214', 'node003:2215', 'node003:2216']
I tensorflow/stream_executor/cuda/cuda_gpu_executor.cc:922] successful NUMA node read from SysFS had negative value (-1), but there must be at least one NUMA node, so returning NUMA node zero
I tensorflow/core/common_runtime/gpu/gpu_init.cc:102] Found device 0 with properties: 
name: GRID K520
major: 3 minor: 0 memoryClockRate (GHz) 0.797
pciBusID 0000:00:03.0
Total memory: 4.00GiB
Free memory: 3.95GiB
I tensorflow/core/common_runtime/gpu/gpu_init.cc:126] DMA: 0 
I tensorflow/core/common_runtime/gpu/gpu_init.cc:136] 0:   Y 
I tensorflow/core/common_runtime/gpu/gpu_device.cc:784] Creating TensorFlow device (/gpu:0) -> (device: 0, name: GRID K520, pci bus id: 0000:00:03.0)
I tensorflow/core/distributed_runtime/rpc/grpc_channel.cc:206] Initialize HostPortsGrpcChannelCache for job ps -> {master:2200}
I tensorflow/core/distributed_runtime/rpc/grpc_channel.cc:206] Initialize HostPortsGrpcChannelCache for job worker -> {localhost:2201, master:2202, master:2203, master:2204, node001:2205, node001:2206, node001:2207, node001:2208, node002:2209, node002:2210, node002:2211, node002:2212, node003:2213, node003:2214, node003:2215, node003:2216}
I tensorflow/core/distributed_runtime/rpc/grpc_server_lib.cc:202] Started server with target: grpc://localhost:2201
INFO:tensorflow:Learning rate: 0.010000, momentum: 0.900000
INFO:tensorflow:Sync mode!!!!!!
INFO:tensorflow:Compute groups : 8
INFO:tensorflow:SyncReplicas enabled: replicas_to_aggregate=16; total_num_replicas=16
INFO:tensorflow:Num nodes per compute groups: 2
INFO:tensorflow:Tokens per step: 2
INFO:tensorflow:2016-08-09 18:23:04.932530 Supervisor
INFO:tensorflow:Restored model from /home/snapshot/model.ckpt-399
INFO:tensorflow:got sessions! 2016-08-09 18:23:58.045085 
INFO:tensorflow:Started 3 queues for processing input data.
INFO:tensorflow:global_step/sec: 0
I tensorflow/core/common_runtime/gpu/pool_allocator.cc:244] PoolAllocator: After 3869 get requests, put_count=2855 evicted_count=1000 eviction_rate=0.350263 and unsatisfied allocation rate=0.546394
I tensorflow/core/common_runtime/gpu/pool_allocator.cc:256] Raising pool_size_limit_ from 100 to 110
INFO:tensorflow:Step: 399, Loss: 5.178800, time: 15.815 sec/batch
INFO:tensorflow:Step: 399, Loss: 5.721061, time: 2.829 sec/batch
INFO:tensorflow:Step: 401, Loss: 5.185172, time: 2.900 sec/batch
INFO:tensorflow:Step: 403, Loss: 5.820705, time: 3.080 sec/batch
INFO:tensorflow:Step: 407, Loss: 7.285817, time: 3.128 sec/batch
I tensorflow/core/common_runtime/gpu/pool_allocator.cc:244] PoolAllocator: After 0 get requests, put_count=1016 evicted_count=1000 eviction_rate=0.984252 and unsatisfied allocation rate=0
INFO:tensorflow:Step: 411, Loss: 7.262118, time: 3.136 sec/batch
INFO:tensorflow:Step: 416, Loss: 7.320095, time: 3.466 sec/batch
INFO:tensorflow:Step: 418, Loss: 7.802510, time: 3.301 sec/batch
INFO:tensorflow:Step: 424, Loss: 8.871438, time: 3.805 sec/batch
INFO:tensorflow:Step: 428, Loss: 13.624734, time: 3.452 sec/batch
INFO:tensorflow:Step: 431, Loss: 8.982450, time: 6.074 sec/batch
I tensorflow/core/common_runtime/gpu/pool_allocator.cc:244] PoolAllocator: After 3768 get requests, put_count=4060 evicted_count=2000 eviction_rate=0.492611 and unsatisfied allocation rate=0.459926
I tensorflow/core/common_runtime/gpu/pool_allocator.cc:256] Raising pool_size_limit_ from 281 to 309
INFO:tensorflow:Step: 439, Loss: 15.595175, time: 5.527 sec/batch
INFO:tensorflow:Step: 446, Loss: 10.891383, time: 5.550 sec/batch
INFO:tensorflow:Step: 454, Loss: 7.988578, time: 5.376 sec/batch
INFO:tensorflow:Step: 462, Loss: 11.135749, time: 5.228 sec/batch
INFO:tensorflow:Step: 469, Loss: 8.936911, time: 4.745 sec/batch
INFO:tensorflow:Step: 477, Loss: 10.575161, time: 4.450 sec/batch
I tensorflow/core/common_runtime/gpu/pool_allocator.cc:244] PoolAllocator: After 0 get requests, put_count=1049 evicted_count=1000 eviction_rate=0.953289 and unsatisfied allocation rate=0
INFO:tensorflow:Step: 485, Loss: 9.095582, time: 6.513 sec/batch
INFO:tensorflow:Step: 493, Loss: 9.604492, time: 5.192 sec/batch
INFO:tensorflow:Step: 501, Loss: 7.786021, time: 4.714 sec/batch
INFO:tensorflow:Step: 512, Loss: 7.067542, time: 5.841 sec/batch
INFO:tensorflow:Step: 520, Loss: 7.431684, time: 4.218 sec/batch
INFO:tensorflow:Step: 526, Loss: 6.721453, time: 3.937 sec/batch
INFO:tensorflow:Step: 534, Loss: 6.612816, time: 4.305 sec/batch
INFO:tensorflow:global_step/sec: 1.21897
INFO:tensorflow:Step: 542, Loss: 6.834557, time: 4.270 sec/batch
INFO:tensorflow:Step: 550, Loss: 7.008422, time: 4.932 sec/batch
I tensorflow/core/common_runtime/gpu/pool_allocator.cc:244] PoolAllocator: After 3768 get requests, put_count=4017 evicted_count=1000 eviction_rate=0.248942 and unsatisfied allocation rate=0.227176
I tensorflow/core/common_runtime/gpu/pool_allocator.cc:256] Raising pool_size_limit_ from 1158 to 1273
INFO:tensorflow:Step: 558, Loss: 6.576017, time: 3.640 sec/batch
INFO:tensorflow:Step: 566, Loss: 6.526087, time: 6.057 sec/batch
INFO:tensorflow:Step: 574, Loss: 6.907266, time: 4.252 sec/batch
INFO:tensorflow:Step: 582, Loss: 6.379153, time: 3.546 sec/batch
INFO:tensorflow:Step: 590, Loss: 6.754107, time: 4.215 sec/batch
INFO:tensorflow:Step: 597, Loss: 6.556815, time: 4.464 sec/batch
INFO:tensorflow:Step: 603, Loss: 6.421124, time: 4.577 sec/batch
INFO:tensorflow:Step: 611, Loss: 6.393370, time: 4.446 sec/batch
INFO:tensorflow:Step: 621, Loss: 6.818593, time: 5.377 sec/batch
INFO:tensorflow:Step: 628, Loss: 6.509656, time: 4.992 sec/batch
INFO:tensorflow:Step: 637, Loss: 6.354154, time: 5.026 sec/batch
INFO:tensorflow:Step: 646, Loss: 6.356586, time: 3.836 sec/batch
INFO:tensorflow:Step: 653, Loss: 6.426813, time: 4.004 sec/batch
INFO:tensorflow:Step: 661, Loss: 6.374150, time: 4.229 sec/batch
INFO:tensorflow:Step: 670, Loss: 6.450152, time: 3.571 sec/batch
INFO:tensorflow:Step: 678, Loss: 6.227014, time: 3.739 sec/batch
INFO:tensorflow:Step: 685, Loss: 6.505505, time: 4.548 sec/batch
INFO:tensorflow:Step: 693, Loss: 6.251245, time: 3.711 sec/batch
INFO:tensorflow:Step: 701, Loss: 6.447476, time: 4.204 sec/batch
INFO:tensorflow:Step: 709, Loss: 6.247663, time: 5.378 sec/batch
INFO:tensorflow:Step: 718, Loss: 6.431577, time: 5.175 sec/batch
INFO:tensorflow:Step: 727, Loss: 6.225676, time: 4.695 sec/batch
INFO:tensorflow:Step: 735, Loss: 6.414598, time: 4.314 sec/batch
INFO:tensorflow:Step: 743, Loss: 6.476705, time: 3.982 sec/batch
INFO:tensorflow:Step: 751, Loss: 6.249592, time: 3.820 sec/batch
INFO:tensorflow:global_step/sec: 1.81669
INFO:tensorflow:Step: 759, Loss: 6.183589, time: 3.901 sec/batch
INFO:tensorflow:Step: 764, Loss: 6.556663, time: 4.766 sec/batch
INFO:tensorflow:Step: 772, Loss: 6.516415, time: 3.715 sec/batch
INFO:tensorflow:Step: 780, Loss: 6.119815, time: 4.664 sec/batch
INFO:tensorflow:Step: 788, Loss: 6.347535, time: 4.575 sec/batch
INFO:tensorflow:Step: 796, Loss: 6.231649, time: 3.849 sec/batch
INFO:tensorflow:Step: 804, Loss: 6.317320, time: 3.755 sec/batch
INFO:tensorflow:Step: 811, Loss: 6.063171, time: 3.714 sec/batch
INFO:tensorflow:Step: 818, Loss: 6.245713, time: 3.849 sec/batch
INFO:tensorflow:Step: 826, Loss: 6.120322, time: 3.587 sec/batch
INFO:tensorflow:Step: 833, Loss: 6.271756, time: 3.299 sec/batch
INFO:tensorflow:Step: 840, Loss: 6.175558, time: 3.693 sec/batch
INFO:tensorflow:Step: 847, Loss: 5.997270, time: 5.026 sec/batch
INFO:tensorflow:Step: 856, Loss: 6.014886, time: 4.883 sec/batch
INFO:tensorflow:Step: 864, Loss: 6.269000, time: 4.043 sec/batch
INFO:tensorflow:Step: 872, Loss: 6.007074, time: 4.695 sec/batch
INFO:tensorflow:Step: 880, Loss: 6.234258, time: 3.974 sec/batch
INFO:tensorflow:Step: 887, Loss: 6.444564, time: 3.605 sec/batch
INFO:tensorflow:Step: 894, Loss: 6.117660, time: 4.591 sec/batch
INFO:tensorflow:Step: 902, Loss: 6.295355, time: 4.660 sec/batch
INFO:tensorflow:Step: 911, Loss: 5.960787, time: 4.970 sec/batch
INFO:tensorflow:Step: 920, Loss: 6.093793, time: 4.911 sec/batch
INFO:tensorflow:Step: 928, Loss: 5.992307, time: 3.992 sec/batch
INFO:tensorflow:Step: 936, Loss: 6.022332, time: 4.302 sec/batch
INFO:tensorflow:Step: 944, Loss: 6.005041, time: 5.175 sec/batch
INFO:tensorflow:Step: 953, Loss: 5.831125, time: 3.915 sec/batch
INFO:tensorflow:Step: 961, Loss: 6.067174, time: 4.336 sec/batch
INFO:tensorflow:Step: 968, Loss: 6.310359, time: 3.580 sec/batch
INFO:tensorflow:Step: 976, Loss: 5.931107, time: 4.189 sec/batch
INFO:tensorflow:global_step/sec: 1.85775
INFO:tensorflow:Step: 984, Loss: 5.929150, time: 3.829 sec/batch
INFO:tensorflow:Step: 992, Loss: 6.129438, time: 3.803 sec/batch
INFO:tensorflow:Step: 999, Loss: 6.085800, time: 4.608 sec/batch
INFO:tensorflow:Step: 1006, Loss: 6.168412, time: 4.125 sec/batch
INFO:tensorflow:Step: 1014, Loss: 5.761218, time: 4.195 sec/batch
INFO:tensorflow:Step: 1022, Loss: 6.081605, time: 4.362 sec/batch
INFO:tensorflow:Step: 1031, Loss: 6.079745, time: 5.048 sec/batch
INFO:tensorflow:Step: 1039, Loss: 6.069697, time: 4.604 sec/batch
INFO:tensorflow:Step: 1047, Loss: 6.001156, time: 6.022 sec/batch
INFO:tensorflow:Step: 1055, Loss: 5.746358, time: 4.668 sec/batch
INFO:tensorflow:Step: 1064, Loss: 6.020269, time: 5.219 sec/batch
INFO:tensorflow:Step: 1068, Loss: 6.339975, time: 4.250 sec/batch
INFO:tensorflow:Step: 1077, Loss: 6.030777, time: 3.596 sec/batch
INFO:tensorflow:Step: 1084, Loss: 5.872828, time: 3.619 sec/batch
INFO:tensorflow:Step: 1090, Loss: 5.954941, time: 3.791 sec/batch
INFO:tensorflow:Step: 1098, Loss: 5.891969, time: 3.363 sec/batch
INFO:tensorflow:Step: 1104, Loss: 5.833958, time: 3.295 sec/batch
INFO:tensorflow:Step: 1111, Loss: 5.982636, time: 3.702 sec/batch
INFO:tensorflow:Step: 1119, Loss: 6.387499, time: 3.825 sec/batch
INFO:tensorflow:Step: 1126, Loss: 6.025953, time: 3.406 sec/batch
INFO:tensorflow:Step: 1132, Loss: 5.873397, time: 3.641 sec/batch
INFO:tensorflow:Step: 1139, Loss: 5.843938, time: 4.552 sec/batch
INFO:tensorflow:Step: 1148, Loss: 5.895777, time: 5.916 sec/batch
INFO:tensorflow:Step: 1157, Loss: 5.740703, time: 3.911 sec/batch
INFO:tensorflow:Step: 1165, Loss: 5.843967, time: 5.582 sec/batch
INFO:tensorflow:Step: 1173, Loss: 5.773910, time: 4.227 sec/batch
INFO:tensorflow:Step: 1181, Loss: 5.932871, time: 3.757 sec/batch
INFO:tensorflow:Step: 1189, Loss: 6.118495, time: 4.236 sec/batch
INFO:tensorflow:global_step/sec: 1.78315
INFO:tensorflow:Step: 1197, Loss: 5.801406, time: 3.721 sec/batch
INFO:tensorflow:Step: 1203, Loss: 5.755942, time: 4.730 sec/batch
INFO:tensorflow:Step: 1211, Loss: 6.052955, time: 5.560 sec/batch
INFO:tensorflow:Step: 1220, Loss: 6.074530, time: 3.855 sec/batch
INFO:tensorflow:Step: 1227, Loss: 6.132184, time: 4.417 sec/batch
INFO:tensorflow:Step: 1234, Loss: 5.842978, time: 3.779 sec/batch
INFO:tensorflow:Step: 1240, Loss: 5.766568, time: 3.625 sec/batch
INFO:tensorflow:Step: 1248, Loss: 5.981310, time: 4.462 sec/batch
INFO:tensorflow:Step: 1255, Loss: 5.842821, time: 3.897 sec/batch
INFO:tensorflow:Step: 1263, Loss: 6.160249, time: 3.710 sec/batch
run-expr-32node.sh: line 25:  9957 Terminated              CUDA_VISIBLE_DEVICES=$1 bazel-bin/inception/imagenet_distributed_train --batch_size=32 --data_dir=/home/data/sample-data-$2 --job_name='worker' --task_id=$2 --ps_hosts='master:2200' --worker_hosts='master:2201,master:2202,master:2203,master:2204,node001:2205,node001:2206,node001:2207,node001:2208,node002:2209,node002:2210,node002:2211,node002:2212,node003:2213,node003:2214,node003:2215,node003:2216' --initial_learning_rate=$3 --momentum=$4 --sync=True --compute_groups=$5
