I tensorflow/stream_executor/dso_loader.cc:108] successfully opened CUDA library libcublas.so locally
I tensorflow/stream_executor/dso_loader.cc:108] successfully opened CUDA library libcudnn.so locally
I tensorflow/stream_executor/dso_loader.cc:108] successfully opened CUDA library libcufft.so locally
I tensorflow/stream_executor/dso_loader.cc:108] successfully opened CUDA library libcuda.so locally
I tensorflow/stream_executor/dso_loader.cc:108] successfully opened CUDA library libcurand.so locally
INFO:tensorflow:PS hosts are: ['raiders1:2228']
INFO:tensorflow:Worker hosts are: ['raiders1:2200', 'raiders1:2201', 'raiders3:2209', 'raiders3:2210']
I tensorflow/core/common_runtime/gpu/gpu_init.cc:102] Found device 0 with properties: 
name: GeForce GTX TITAN X
major: 5 minor: 2 memoryClockRate (GHz) 1.076
pciBusID 0000:03:00.0
Total memory: 11.92GiB
Free memory: 11.81GiB
I tensorflow/core/common_runtime/gpu/gpu_init.cc:126] DMA: 0 
I tensorflow/core/common_runtime/gpu/gpu_init.cc:136] 0:   Y 
I tensorflow/core/common_runtime/gpu/gpu_device.cc:806] Creating TensorFlow device (/gpu:0) -> (device: 0, name: GeForce GTX TITAN X, pci bus id: 0000:03:00.0)
I tensorflow/core/distributed_runtime/rpc/grpc_channel.cc:206] Initialize HostPortsGrpcChannelCache for job ps -> {raiders1:2228}
I tensorflow/core/distributed_runtime/rpc/grpc_channel.cc:206] Initialize HostPortsGrpcChannelCache for job worker -> {localhost:2200, raiders1:2201, raiders3:2209, raiders3:2210}
I tensorflow/core/distributed_runtime/rpc/grpc_server_lib.cc:202] Started server with target: grpc://localhost:2200
INFO:tensorflow:Learning rate: 0.010000, momentum: 0.750000
INFO:tensorflow:Sync mode!!!!!!
INFO:tensorflow:Compute groups : 2
INFO:tensorflow:SyncReplicas enabled: replicas_to_aggregate=4; total_num_replicas=4
INFO:tensorflow:Num nodes per compute groups: 2
INFO:tensorflow:Tokens per step: 2
INFO:tensorflow:2016-07-20 05:37:03.024281 Supervisor
INFO:tensorflow:Restored model from /lfs/local/0/daniter/cg-snapshot/model.ckpt-399
INFO:tensorflow:got sessions!
INFO:tensorflow:Started 3 queues for processing input data.
INFO:tensorflow:global_step/sec: 0
I tensorflow/core/common_runtime/gpu/pool_allocator.cc:244] PoolAllocator: After 3678 get requests, put_count=2565 evicted_count=1000 eviction_rate=0.389864 and unsatisfied allocation rate=0.601686
I tensorflow/core/common_runtime/gpu/pool_allocator.cc:256] Raising pool_size_limit_ from 100 to 110
INFO:tensorflow:Step: 406, Loss: 5.250512, time: 7.526 sec/batch
INFO:tensorflow:Step: 410, Loss: 5.192302, time: 2.338 sec/batch
INFO:tensorflow:Step: 411, Loss: 5.144582, time: 1.894 sec/batch
INFO:tensorflow:Step: 413, Loss: 5.344625, time: 1.473 sec/batch
INFO:tensorflow:Step: 415, Loss: 5.221982, time: 2.106 sec/batch
I tensorflow/core/common_runtime/gpu/pool_allocator.cc:244] PoolAllocator: After 0 get requests, put_count=1016 evicted_count=1000 eviction_rate=0.984252 and unsatisfied allocation rate=0
INFO:tensorflow:Step: 418, Loss: 5.351750, time: 2.378 sec/batch
INFO:tensorflow:Step: 418, Loss: 5.152699, time: 1.965 sec/batch
INFO:tensorflow:Step: 420, Loss: 5.308706, time: 1.790 sec/batch
INFO:tensorflow:Step: 422, Loss: 5.169780, time: 1.554 sec/batch
INFO:tensorflow:Step: 424, Loss: 5.315212, time: 1.559 sec/batch
I tensorflow/core/common_runtime/gpu/pool_allocator.cc:244] PoolAllocator: After 0 get requests, put_count=1025 evicted_count=1000 eviction_rate=0.97561 and unsatisfied allocation rate=0
INFO:tensorflow:Step: 426, Loss: 5.172575, time: 1.480 sec/batch
INFO:tensorflow:Step: 428, Loss: 5.388961, time: 1.202 sec/batch
INFO:tensorflow:Step: 430, Loss: 5.194434, time: 1.702 sec/batch
INFO:tensorflow:Step: 432, Loss: 5.410855, time: 1.518 sec/batch
INFO:tensorflow:Step: 434, Loss: 5.189800, time: 1.482 sec/batch
INFO:tensorflow:Step: 436, Loss: 5.422813, time: 1.420 sec/batch
I tensorflow/core/common_runtime/gpu/pool_allocator.cc:244] PoolAllocator: After 0 get requests, put_count=1044 evicted_count=1000 eviction_rate=0.957854 and unsatisfied allocation rate=0
INFO:tensorflow:Step: 438, Loss: 5.012046, time: 1.342 sec/batch
INFO:tensorflow:Step: 440, Loss: 5.072918, time: 1.259 sec/batch
INFO:tensorflow:Step: 442, Loss: 5.367956, time: 1.318 sec/batch
INFO:tensorflow:Step: 444, Loss: 5.052418, time: 1.333 sec/batch
INFO:tensorflow:Step: 446, Loss: 5.244413, time: 1.271 sec/batch
INFO:tensorflow:Step: 448, Loss: 5.142240, time: 1.277 sec/batch
INFO:tensorflow:Step: 450, Loss: 5.014754, time: 1.282 sec/batch
I tensorflow/core/common_runtime/gpu/pool_allocator.cc:244] PoolAllocator: After 3576 get requests, put_count=4414 evicted_count=2000 eviction_rate=0.453104 and unsatisfied allocation rate=0.347036
I tensorflow/core/common_runtime/gpu/pool_allocator.cc:256] Raising pool_size_limit_ from 871 to 958
INFO:tensorflow:Step: 452, Loss: 5.216490, time: 1.317 sec/batch
INFO:tensorflow:Step: 454, Loss: 4.961906, time: 1.476 sec/batch
INFO:tensorflow:Step: 456, Loss: 5.116156, time: 1.394 sec/batch
INFO:tensorflow:Step: 458, Loss: 5.300251, time: 1.401 sec/batch
INFO:tensorflow:Step: 460, Loss: 5.130386, time: 1.295 sec/batch
INFO:tensorflow:Step: 462, Loss: 5.134472, time: 1.485 sec/batch
INFO:tensorflow:Step: 464, Loss: 5.270991, time: 1.466 sec/batch
INFO:tensorflow:Step: 466, Loss: 5.169319, time: 1.449 sec/batch
INFO:tensorflow:Step: 468, Loss: 5.183772, time: 1.587 sec/batch
INFO:tensorflow:Step: 470, Loss: 5.123908, time: 1.736 sec/batch
INFO:tensorflow:Step: 473, Loss: 5.219973, time: 1.447 sec/batch
INFO:tensorflow:Step: 474, Loss: 5.046298, time: 1.624 sec/batch
INFO:tensorflow:Step: 477, Loss: 5.251234, time: 1.662 sec/batch
INFO:tensorflow:Step: 479, Loss: 5.067075, time: 1.573 sec/batch
INFO:tensorflow:Step: 481, Loss: 5.121279, time: 1.437 sec/batch
INFO:tensorflow:Step: 483, Loss: 5.137895, time: 1.373 sec/batch
INFO:tensorflow:Step: 485, Loss: 5.209231, time: 1.398 sec/batch
INFO:tensorflow:Step: 487, Loss: 5.243276, time: 1.385 sec/batch
INFO:tensorflow:Step: 489, Loss: 5.076301, time: 1.405 sec/batch
INFO:tensorflow:Step: 491, Loss: 5.112648, time: 1.371 sec/batch
INFO:tensorflow:Step: 493, Loss: 5.201400, time: 1.435 sec/batch
INFO:tensorflow:Step: 495, Loss: 5.156069, time: 1.467 sec/batch
INFO:tensorflow:Step: 497, Loss: 5.138516, time: 1.311 sec/batch
INFO:tensorflow:Step: 499, Loss: 5.116393, time: 1.464 sec/batch
INFO:tensorflow:Step: 501, Loss: 5.096474, time: 1.488 sec/batch
INFO:tensorflow:Step: 503, Loss: 5.095231, time: 1.370 sec/batch
INFO:tensorflow:Step: 505, Loss: 5.371762, time: 1.434 sec/batch
INFO:tensorflow:Step: 507, Loss: 5.066736, time: 1.405 sec/batch
INFO:tensorflow:Step: 509, Loss: 5.117013, time: 1.333 sec/batch
INFO:tensorflow:Step: 511, Loss: 5.183939, time: 1.299 sec/batch
INFO:tensorflow:Step: 513, Loss: 5.308475, time: 1.356 sec/batch
INFO:tensorflow:Step: 515, Loss: 4.914277, time: 1.535 sec/batch
INFO:tensorflow:Step: 517, Loss: 5.063389, time: 1.449 sec/batch
INFO:tensorflow:Step: 519, Loss: 4.974482, time: 1.333 sec/batch
INFO:tensorflow:Step: 521, Loss: 4.892407, time: 1.430 sec/batch
INFO:tensorflow:Step: 523, Loss: 4.993219, time: 1.387 sec/batch
INFO:tensorflow:Step: 525, Loss: 5.029936, time: 1.437 sec/batch
INFO:tensorflow:Step: 527, Loss: 5.262172, time: 1.417 sec/batch
INFO:tensorflow:Step: 529, Loss: 4.980796, time: 1.485 sec/batch
INFO:tensorflow:Step: 531, Loss: 4.993466, time: 1.554 sec/batch
INFO:tensorflow:Step: 533, Loss: 4.966671, time: 1.612 sec/batch
INFO:tensorflow:Step: 535, Loss: 4.851795, time: 2.063 sec/batch
INFO:tensorflow:Step: 538, Loss: 5.008265, time: 1.602 sec/batch
INFO:tensorflow:Step: 540, Loss: 5.036446, time: 1.532 sec/batch
INFO:tensorflow:Step: 541, Loss: 4.892090, time: 1.755 sec/batch
INFO:tensorflow:Step: 544, Loss: 4.977684, time: 1.533 sec/batch
INFO:tensorflow:Step: 546, Loss: 5.318165, time: 1.403 sec/batch
INFO:tensorflow:Step: 548, Loss: 5.158993, time: 1.434 sec/batch
INFO:tensorflow:Step: 550, Loss: 5.274400, time: 1.401 sec/batch
INFO:tensorflow:Step: 552, Loss: 5.073518, time: 1.374 sec/batch
INFO:tensorflow:Step: 554, Loss: 5.406476, time: 1.523 sec/batch
INFO:tensorflow:global_step/sec: 1.29382
INFO:tensorflow:Step: 556, Loss: 5.138935, time: 1.376 sec/batch
INFO:tensorflow:Step: 558, Loss: 5.268893, time: 1.333 sec/batch
INFO:tensorflow:Step: 560, Loss: 4.906565, time: 1.411 sec/batch
INFO:tensorflow:Step: 562, Loss: 5.113349, time: 1.391 sec/batch
INFO:tensorflow:Step: 564, Loss: 4.944830, time: 1.365 sec/batch
INFO:tensorflow:Step: 566, Loss: 5.291667, time: 1.357 sec/batch
INFO:tensorflow:Step: 568, Loss: 5.028109, time: 1.385 sec/batch
INFO:tensorflow:Step: 570, Loss: 5.075784, time: 1.427 sec/batch
INFO:tensorflow:Step: 572, Loss: 5.191233, time: 1.358 sec/batch
INFO:tensorflow:Step: 574, Loss: 4.892898, time: 1.368 sec/batch
INFO:tensorflow:Step: 576, Loss: 4.896663, time: 1.400 sec/batch
INFO:tensorflow:Step: 578, Loss: 5.244466, time: 1.334 sec/batch
INFO:tensorflow:Step: 580, Loss: 5.013433, time: 1.367 sec/batch
INFO:tensorflow:Step: 582, Loss: 5.055393, time: 1.350 sec/batch
INFO:tensorflow:Step: 584, Loss: 4.882809, time: 1.372 sec/batch
INFO:tensorflow:Step: 586, Loss: 4.831344, time: 1.332 sec/batch
INFO:tensorflow:Step: 588, Loss: 4.798537, time: 1.377 sec/batch
INFO:tensorflow:Step: 590, Loss: 5.144586, time: 1.336 sec/batch
INFO:tensorflow:Step: 592, Loss: 4.973380, time: 1.336 sec/batch
INFO:tensorflow:Step: 594, Loss: 4.971313, time: 1.347 sec/batch
INFO:tensorflow:Step: 596, Loss: 5.096710, time: 1.334 sec/batch
INFO:tensorflow:Step: 598, Loss: 5.070374, time: 1.320 sec/batch
INFO:tensorflow:Step: 600, Loss: 5.166210, time: 1.339 sec/batch
INFO:tensorflow:Step: 602, Loss: 5.004195, time: 1.284 sec/batch
INFO:tensorflow:Step: 604, Loss: 4.862872, time: 1.367 sec/batch
INFO:tensorflow:Step: 606, Loss: 5.095132, time: 1.342 sec/batch
INFO:tensorflow:Step: 608, Loss: 4.858994, time: 1.330 sec/batch
INFO:tensorflow:Step: 610, Loss: 4.924170, time: 1.311 sec/batch
INFO:tensorflow:Step: 612, Loss: 5.167458, time: 1.327 sec/batch
INFO:tensorflow:Step: 614, Loss: 5.017745, time: 1.389 sec/batch
INFO:tensorflow:Step: 616, Loss: 5.034678, time: 1.366 sec/batch
INFO:tensorflow:Step: 618, Loss: 5.312599, time: 1.376 sec/batch
INFO:tensorflow:Step: 620, Loss: 5.118986, time: 1.355 sec/batch
INFO:tensorflow:Step: 622, Loss: 5.058434, time: 1.451 sec/batch
INFO:tensorflow:Step: 624, Loss: 4.773250, time: 1.417 sec/batch
INFO:tensorflow:Step: 626, Loss: 5.208337, time: 1.389 sec/batch
INFO:tensorflow:Step: 628, Loss: 5.042775, time: 1.405 sec/batch
INFO:tensorflow:Step: 630, Loss: 5.096553, time: 1.324 sec/batch
INFO:tensorflow:Step: 632, Loss: 4.951453, time: 1.442 sec/batch
INFO:tensorflow:Step: 634, Loss: 5.017959, time: 1.408 sec/batch
INFO:tensorflow:Step: 636, Loss: 5.277677, time: 1.442 sec/batch
INFO:tensorflow:Step: 638, Loss: 4.868943, time: 1.352 sec/batch
INFO:tensorflow:Step: 640, Loss: 4.943043, time: 1.394 sec/batch
INFO:tensorflow:Step: 642, Loss: 5.029282, time: 1.456 sec/batch
INFO:tensorflow:Step: 644, Loss: 5.192412, time: 1.372 sec/batch
INFO:tensorflow:Step: 646, Loss: 4.897903, time: 1.572 sec/batch
INFO:tensorflow:Step: 649, Loss: 5.097326, time: 1.704 sec/batch
INFO:tensorflow:Step: 651, Loss: 5.010880, time: 1.799 sec/batch
INFO:tensorflow:Step: 653, Loss: 4.970490, time: 1.347 sec/batch
INFO:tensorflow:Step: 655, Loss: 5.198759, time: 1.385 sec/batch
INFO:tensorflow:Step: 657, Loss: 4.986436, time: 1.304 sec/batch
INFO:tensorflow:Step: 659, Loss: 4.908977, time: 1.360 sec/batch
INFO:tensorflow:Step: 661, Loss: 4.902801, time: 1.329 sec/batch
INFO:tensorflow:Step: 663, Loss: 5.021646, time: 1.280 sec/batch
INFO:tensorflow:Step: 665, Loss: 5.025253, time: 1.328 sec/batch
INFO:tensorflow:Step: 667, Loss: 4.837729, time: 1.433 sec/batch
INFO:tensorflow:Step: 669, Loss: 4.663432, time: 1.313 sec/batch
INFO:tensorflow:Step: 671, Loss: 4.981972, time: 1.395 sec/batch
INFO:tensorflow:Step: 673, Loss: 4.697939, time: 1.314 sec/batch
INFO:tensorflow:Step: 675, Loss: 4.722431, time: 1.500 sec/batch
INFO:tensorflow:Step: 677, Loss: 5.006578, time: 1.413 sec/batch
INFO:tensorflow:Step: 679, Loss: 4.950354, time: 1.348 sec/batch
INFO:tensorflow:Step: 681, Loss: 4.882871, time: 1.350 sec/batch
INFO:tensorflow:Step: 683, Loss: 4.963575, time: 1.337 sec/batch
INFO:tensorflow:Step: 685, Loss: 5.162207, time: 1.355 sec/batch
INFO:tensorflow:Step: 687, Loss: 4.911397, time: 1.387 sec/batch
INFO:tensorflow:Step: 689, Loss: 4.965711, time: 1.357 sec/batch
INFO:tensorflow:Step: 691, Loss: 4.941520, time: 1.421 sec/batch
INFO:tensorflow:Step: 693, Loss: 4.855645, time: 1.338 sec/batch
INFO:tensorflow:Step: 695, Loss: 5.043529, time: 1.305 sec/batch
INFO:tensorflow:Step: 697, Loss: 4.963594, time: 1.331 sec/batch
INFO:tensorflow:Step: 699, Loss: 5.103495, time: 1.361 sec/batch
INFO:tensorflow:Step: 701, Loss: 4.855429, time: 1.380 sec/batch
INFO:tensorflow:Step: 703, Loss: 5.182933, time: 1.323 sec/batch
INFO:tensorflow:Step: 705, Loss: 4.979803, time: 1.440 sec/batch
INFO:tensorflow:Step: 707, Loss: 4.939116, time: 1.431 sec/batch
INFO:tensorflow:Step: 709, Loss: 4.996922, time: 1.390 sec/batch
INFO:tensorflow:Step: 711, Loss: 4.853190, time: 1.330 sec/batch
INFO:tensorflow:Step: 713, Loss: 4.848635, time: 1.350 sec/batch
INFO:tensorflow:Step: 715, Loss: 4.928028, time: 1.354 sec/batch
INFO:tensorflow:Step: 717, Loss: 5.258934, time: 1.374 sec/batch
INFO:tensorflow:Step: 719, Loss: 4.834704, time: 1.419 sec/batch
INFO:tensorflow:Step: 721, Loss: 5.040773, time: 1.365 sec/batch
INFO:tensorflow:Step: 723, Loss: 5.019451, time: 1.379 sec/batch
INFO:tensorflow:Step: 725, Loss: 5.091373, time: 1.368 sec/batch
INFO:tensorflow:Step: 727, Loss: 5.036832, time: 1.336 sec/batch
INFO:tensorflow:Step: 729, Loss: 4.867342, time: 1.341 sec/batch
INFO:tensorflow:global_step/sec: 1.45833
INFO:tensorflow:Step: 731, Loss: 5.129555, time: 1.283 sec/batch
INFO:tensorflow:Step: 733, Loss: 4.782151, time: 1.332 sec/batch
INFO:tensorflow:Step: 735, Loss: 4.980980, time: 1.370 sec/batch
INFO:tensorflow:Step: 737, Loss: 4.845588, time: 1.357 sec/batch
INFO:tensorflow:Step: 739, Loss: 4.858464, time: 1.359 sec/batch
INFO:tensorflow:Step: 741, Loss: 4.942275, time: 1.377 sec/batch
INFO:tensorflow:Step: 743, Loss: 4.810402, time: 1.377 sec/batch
INFO:tensorflow:Step: 745, Loss: 5.000065, time: 1.367 sec/batch
INFO:tensorflow:Step: 747, Loss: 4.820442, time: 1.384 sec/batch
INFO:tensorflow:Step: 749, Loss: 4.862940, time: 1.331 sec/batch
INFO:tensorflow:Step: 751, Loss: 4.942868, time: 1.352 sec/batch
INFO:tensorflow:Step: 753, Loss: 4.715739, time: 1.389 sec/batch
INFO:tensorflow:Step: 755, Loss: 4.738619, time: 1.387 sec/batch
INFO:tensorflow:Step: 757, Loss: 4.771128, time: 1.312 sec/batch
INFO:tensorflow:Step: 759, Loss: 4.862698, time: 1.333 sec/batch
INFO:tensorflow:Step: 761, Loss: 4.774726, time: 1.332 sec/batch
INFO:tensorflow:Step: 763, Loss: 4.733792, time: 1.400 sec/batch
INFO:tensorflow:Step: 765, Loss: 4.943775, time: 1.398 sec/batch
INFO:tensorflow:Step: 767, Loss: 4.735351, time: 1.356 sec/batch
INFO:tensorflow:Step: 769, Loss: 4.827661, time: 1.398 sec/batch
INFO:tensorflow:Step: 771, Loss: 5.061976, time: 1.382 sec/batch
INFO:tensorflow:Step: 773, Loss: 4.862612, time: 1.365 sec/batch
INFO:tensorflow:Step: 775, Loss: 4.970625, time: 1.411 sec/batch
INFO:tensorflow:Step: 777, Loss: 5.147377, time: 1.341 sec/batch
INFO:tensorflow:Step: 779, Loss: 4.840938, time: 1.370 sec/batch
INFO:tensorflow:Step: 781, Loss: 4.899387, time: 1.402 sec/batch
INFO:tensorflow:Step: 783, Loss: 4.798000, time: 1.373 sec/batch
INFO:tensorflow:Step: 785, Loss: 4.821611, time: 1.299 sec/batch
INFO:tensorflow:Step: 787, Loss: 4.835212, time: 1.321 sec/batch
INFO:tensorflow:Step: 789, Loss: 5.098629, time: 1.389 sec/batch
INFO:tensorflow:Step: 791, Loss: 4.892586, time: 1.391 sec/batch
INFO:tensorflow:Step: 793, Loss: 4.987145, time: 1.367 sec/batch
INFO:tensorflow:Step: 795, Loss: 5.022149, time: 1.356 sec/batch
INFO:tensorflow:Step: 797, Loss: 4.867757, time: 1.310 sec/batch
INFO:tensorflow:Step: 799, Loss: 4.966580, time: 1.319 sec/batch
INFO:tensorflow:Step: 801, Loss: 4.812669, time: 1.349 sec/batch
INFO:tensorflow:Step: 803, Loss: 4.889785, time: 1.282 sec/batch
INFO:tensorflow:Step: 805, Loss: 4.701219, time: 1.288 sec/batch
INFO:tensorflow:Step: 807, Loss: 4.905975, time: 1.367 sec/batch
INFO:tensorflow:Step: 809, Loss: 4.880167, time: 1.297 sec/batch
INFO:tensorflow:Step: 810, Loss: 4.857791, time: 1.302 sec/batch
INFO:tensorflow:Step: 812, Loss: 4.880170, time: 1.436 sec/batch
INFO:tensorflow:Step: 814, Loss: 4.882398, time: 1.387 sec/batch
INFO:tensorflow:Step: 816, Loss: 4.865496, time: 1.425 sec/batch
INFO:tensorflow:Step: 818, Loss: 4.944210, time: 1.462 sec/batch
INFO:tensorflow:Step: 820, Loss: 5.031956, time: 1.434 sec/batch
INFO:tensorflow:Step: 822, Loss: 4.729522, time: 1.621 sec/batch
INFO:tensorflow:Step: 825, Loss: 4.783626, time: 1.467 sec/batch
INFO:tensorflow:Step: 827, Loss: 4.747734, time: 1.378 sec/batch
INFO:tensorflow:Step: 829, Loss: 4.585455, time: 1.365 sec/batch
INFO:tensorflow:Step: 831, Loss: 4.752653, time: 1.393 sec/batch
INFO:tensorflow:Step: 833, Loss: 4.746640, time: 1.305 sec/batch
INFO:tensorflow:Step: 835, Loss: 4.797659, time: 1.316 sec/batch
INFO:tensorflow:Step: 837, Loss: 4.636101, time: 1.326 sec/batch
INFO:tensorflow:Step: 839, Loss: 4.857720, time: 1.410 sec/batch
INFO:tensorflow:Step: 841, Loss: 4.977523, time: 1.372 sec/batch
INFO:tensorflow:Step: 843, Loss: 4.867795, time: 1.350 sec/batch
INFO:tensorflow:Step: 845, Loss: 4.754869, time: 1.386 sec/batch
INFO:tensorflow:Step: 847, Loss: 4.869671, time: 1.422 sec/batch
INFO:tensorflow:Step: 849, Loss: 4.833350, time: 1.371 sec/batch
INFO:tensorflow:Step: 851, Loss: 4.816714, time: 1.345 sec/batch
INFO:tensorflow:Step: 853, Loss: 4.863031, time: 1.343 sec/batch
INFO:tensorflow:Step: 855, Loss: 4.547454, time: 1.371 sec/batch
INFO:tensorflow:Step: 857, Loss: 4.701166, time: 1.357 sec/batch
INFO:tensorflow:Step: 859, Loss: 4.894536, time: 1.301 sec/batch
INFO:tensorflow:Step: 861, Loss: 4.583898, time: 1.354 sec/batch
INFO:tensorflow:Step: 863, Loss: 4.944239, time: 1.371 sec/batch
INFO:tensorflow:Step: 865, Loss: 4.877476, time: 1.889 sec/batch
INFO:tensorflow:Step: 867, Loss: 4.649722, time: 1.513 sec/batch
INFO:tensorflow:Step: 869, Loss: 4.722622, time: 1.504 sec/batch
INFO:tensorflow:Step: 871, Loss: 4.833364, time: 1.506 sec/batch
INFO:tensorflow:Step: 873, Loss: 4.813484, time: 1.448 sec/batch
INFO:tensorflow:Step: 875, Loss: 4.982364, time: 1.425 sec/batch
INFO:tensorflow:Step: 877, Loss: 4.866839, time: 1.367 sec/batch
INFO:tensorflow:Step: 879, Loss: 4.683300, time: 1.412 sec/batch
INFO:tensorflow:Step: 881, Loss: 4.886710, time: 1.417 sec/batch
INFO:tensorflow:Step: 883, Loss: 4.881274, time: 1.464 sec/batch
INFO:tensorflow:Step: 885, Loss: 4.860358, time: 1.425 sec/batch
INFO:tensorflow:Step: 887, Loss: 4.695733, time: 1.357 sec/batch
INFO:tensorflow:Step: 889, Loss: 4.858006, time: 1.418 sec/batch
INFO:tensorflow:Step: 891, Loss: 4.678144, time: 1.395 sec/batch
INFO:tensorflow:Step: 893, Loss: 4.722516, time: 1.381 sec/batch
INFO:tensorflow:Step: 895, Loss: 4.906258, time: 1.666 sec/batch
INFO:tensorflow:Step: 898, Loss: 4.812977, time: 2.023 sec/batch
INFO:tensorflow:Step: 899, Loss: 4.796813, time: 1.591 sec/batch
INFO:tensorflow:Step: 902, Loss: 4.730241, time: 1.541 sec/batch
INFO:tensorflow:global_step/sec: 1.44037
INFO:tensorflow:Step: 904, Loss: 4.496991, time: 1.408 sec/batch
INFO:tensorflow:Step: 906, Loss: 4.648026, time: 1.458 sec/batch
INFO:tensorflow:Step: 908, Loss: 4.700898, time: 1.450 sec/batch
INFO:tensorflow:Step: 910, Loss: 4.622457, time: 1.377 sec/batch
INFO:tensorflow:Step: 912, Loss: 4.600660, time: 1.353 sec/batch
INFO:tensorflow:Step: 914, Loss: 4.834510, time: 1.353 sec/batch
INFO:tensorflow:Step: 916, Loss: 4.497731, time: 1.379 sec/batch
INFO:tensorflow:Step: 918, Loss: 4.814295, time: 1.327 sec/batch
INFO:tensorflow:Step: 920, Loss: 4.670834, time: 1.373 sec/batch
INFO:tensorflow:Step: 922, Loss: 4.709598, time: 1.360 sec/batch
INFO:tensorflow:Step: 924, Loss: 4.657422, time: 1.359 sec/batch
INFO:tensorflow:Step: 926, Loss: 4.761601, time: 1.350 sec/batch
INFO:tensorflow:Step: 928, Loss: 4.775082, time: 1.377 sec/batch
INFO:tensorflow:Step: 930, Loss: 4.683984, time: 1.350 sec/batch
INFO:tensorflow:Step: 932, Loss: 4.828628, time: 1.368 sec/batch
INFO:tensorflow:Step: 934, Loss: 4.781533, time: 1.352 sec/batch
INFO:tensorflow:Step: 936, Loss: 4.801792, time: 1.361 sec/batch
INFO:tensorflow:Step: 938, Loss: 4.660930, time: 1.354 sec/batch
INFO:tensorflow:Step: 940, Loss: 4.606066, time: 1.363 sec/batch
INFO:tensorflow:Step: 942, Loss: 4.724422, time: 1.377 sec/batch
INFO:tensorflow:Step: 944, Loss: 4.901020, time: 1.335 sec/batch
INFO:tensorflow:Step: 946, Loss: 4.714942, time: 1.319 sec/batch
INFO:tensorflow:Step: 948, Loss: 4.776246, time: 1.340 sec/batch
INFO:tensorflow:Step: 950, Loss: 4.798631, time: 1.424 sec/batch
INFO:tensorflow:Step: 952, Loss: 4.887146, time: 1.304 sec/batch
INFO:tensorflow:Step: 954, Loss: 4.684448, time: 1.348 sec/batch
INFO:tensorflow:Step: 956, Loss: 4.826034, time: 1.369 sec/batch
INFO:tensorflow:Step: 958, Loss: 4.806174, time: 1.337 sec/batch
INFO:tensorflow:Step: 960, Loss: 4.651653, time: 1.384 sec/batch
INFO:tensorflow:Step: 962, Loss: 4.714041, time: 1.352 sec/batch
INFO:tensorflow:Step: 964, Loss: 5.002941, time: 1.393 sec/batch
INFO:tensorflow:Step: 966, Loss: 4.667615, time: 1.369 sec/batch
INFO:tensorflow:Step: 968, Loss: 4.831965, time: 1.464 sec/batch
INFO:tensorflow:Step: 970, Loss: 5.011062, time: 1.396 sec/batch
INFO:tensorflow:Step: 972, Loss: 4.795174, time: 1.411 sec/batch
INFO:tensorflow:Step: 974, Loss: 4.743330, time: 1.396 sec/batch
INFO:tensorflow:Step: 976, Loss: 4.898654, time: 1.354 sec/batch
INFO:tensorflow:Step: 978, Loss: 4.685981, time: 1.360 sec/batch
INFO:tensorflow:Step: 980, Loss: 4.679939, time: 1.353 sec/batch
INFO:tensorflow:Step: 982, Loss: 4.582913, time: 1.368 sec/batch
INFO:tensorflow:Step: 984, Loss: 4.853508, time: 1.341 sec/batch
INFO:tensorflow:Step: 986, Loss: 4.738606, time: 1.358 sec/batch
INFO:tensorflow:Step: 988, Loss: 4.714103, time: 1.372 sec/batch
INFO:tensorflow:Step: 990, Loss: 4.604599, time: 1.381 sec/batch
INFO:tensorflow:Step: 992, Loss: 4.732077, time: 1.375 sec/batch
INFO:tensorflow:Step: 994, Loss: 4.557171, time: 1.378 sec/batch
INFO:tensorflow:Step: 996, Loss: 4.684420, time: 1.355 sec/batch
INFO:tensorflow:Step: 998, Loss: 4.719794, time: 1.366 sec/batch
INFO:tensorflow:Step: 1000, Loss: 4.892897, time: 1.282 sec/batch
INFO:tensorflow:Step: 1002, Loss: 4.544663, time: 1.341 sec/batch
INFO:tensorflow:Step: 1004, Loss: 4.685049, time: 1.430 sec/batch
INFO:tensorflow:Step: 1006, Loss: 4.901585, time: 1.349 sec/batch
INFO:tensorflow:Step: 1008, Loss: 4.539683, time: 1.301 sec/batch
INFO:tensorflow:Step: 1010, Loss: 4.688343, time: 1.356 sec/batch
INFO:tensorflow:Step: 1012, Loss: 4.559621, time: 1.279 sec/batch
INFO:tensorflow:Step: 1014, Loss: 4.577680, time: 1.302 sec/batch
INFO:tensorflow:Step: 1016, Loss: 4.802042, time: 1.789 sec/batch
INFO:tensorflow:Step: 1018, Loss: 4.705281, time: 1.605 sec/batch
INFO:tensorflow:Step: 1020, Loss: 4.681637, time: 1.458 sec/batch
INFO:tensorflow:Step: 1022, Loss: 5.030907, time: 1.330 sec/batch
INFO:tensorflow:Step: 1024, Loss: 4.761511, time: 1.435 sec/batch
INFO:tensorflow:Step: 1026, Loss: 4.835932, time: 1.364 sec/batch
INFO:tensorflow:Step: 1028, Loss: 4.745804, time: 1.425 sec/batch
INFO:tensorflow:Step: 1030, Loss: 4.794679, time: 1.360 sec/batch
INFO:tensorflow:Step: 1032, Loss: 4.862215, time: 1.395 sec/batch
INFO:tensorflow:Step: 1034, Loss: 4.535808, time: 1.692 sec/batch
INFO:tensorflow:Step: 1036, Loss: 4.564809, time: 1.594 sec/batch
INFO:tensorflow:Step: 1039, Loss: 4.720380, time: 1.572 sec/batch
INFO:tensorflow:Step: 1041, Loss: 4.660926, time: 1.474 sec/batch
INFO:tensorflow:Step: 1043, Loss: 4.709475, time: 1.363 sec/batch
INFO:tensorflow:Step: 1045, Loss: 4.490872, time: 1.357 sec/batch
INFO:tensorflow:Step: 1047, Loss: 4.711226, time: 1.385 sec/batch
INFO:tensorflow:Step: 1049, Loss: 4.595461, time: 1.337 sec/batch
INFO:tensorflow:Step: 1051, Loss: 4.695580, time: 1.308 sec/batch
INFO:tensorflow:Step: 1053, Loss: 4.609042, time: 1.326 sec/batch
INFO:tensorflow:Step: 1055, Loss: 4.580837, time: 1.438 sec/batch
INFO:tensorflow:Step: 1057, Loss: 4.741187, time: 1.304 sec/batch
INFO:tensorflow:Step: 1059, Loss: 4.459687, time: 1.338 sec/batch
INFO:tensorflow:Step: 1061, Loss: 4.479203, time: 1.365 sec/batch
INFO:tensorflow:Step: 1063, Loss: 4.535754, time: 1.329 sec/batch
INFO:tensorflow:Step: 1065, Loss: 4.535157, time: 1.369 sec/batch
INFO:tensorflow:Step: 1067, Loss: 4.716628, time: 1.331 sec/batch
INFO:tensorflow:Step: 1069, Loss: 4.563086, time: 1.416 sec/batch
INFO:tensorflow:Step: 1071, Loss: 4.481626, time: 1.413 sec/batch
INFO:tensorflow:Step: 1073, Loss: 4.540866, time: 1.369 sec/batch
INFO:tensorflow:Step: 1075, Loss: 4.569116, time: 1.390 sec/batch
INFO:tensorflow:global_step/sec: 1.45122
INFO:tensorflow:Step: 1077, Loss: 4.542299, time: 1.328 sec/batch
INFO:tensorflow:Step: 1079, Loss: 4.750411, time: 1.370 sec/batch
INFO:tensorflow:Step: 1081, Loss: 4.504543, time: 1.345 sec/batch
INFO:tensorflow:Step: 1083, Loss: 4.591773, time: 1.386 sec/batch
INFO:tensorflow:Step: 1085, Loss: 4.615174, time: 1.365 sec/batch
INFO:tensorflow:Step: 1087, Loss: 4.627244, time: 1.308 sec/batch
INFO:tensorflow:Step: 1089, Loss: 4.651108, time: 1.408 sec/batch
INFO:tensorflow:Step: 1091, Loss: 4.512268, time: 1.349 sec/batch
INFO:tensorflow:Step: 1093, Loss: 4.755313, time: 1.396 sec/batch
INFO:tensorflow:Step: 1095, Loss: 4.683464, time: 1.363 sec/batch
INFO:tensorflow:Step: 1097, Loss: 4.578763, time: 1.297 sec/batch
INFO:tensorflow:Step: 1099, Loss: 4.723063, time: 1.375 sec/batch
INFO:tensorflow:Step: 1101, Loss: 4.570244, time: 1.396 sec/batch
INFO:tensorflow:Step: 1103, Loss: 4.621886, time: 1.338 sec/batch
INFO:tensorflow:Step: 1105, Loss: 4.453329, time: 1.387 sec/batch
INFO:tensorflow:Step: 1107, Loss: 4.659352, time: 1.455 sec/batch
INFO:tensorflow:Step: 1109, Loss: 4.514965, time: 1.333 sec/batch
INFO:tensorflow:Step: 1111, Loss: 4.523855, time: 1.374 sec/batch
run-expr-4node.sh: line 23: 68489 Terminated              CUDA_VISIBLE_DEVICES=$1 bazel-bin/inception/imagenet_distributed_train --batch_size=64 --data_dir=/lfs/local/0/daniter/imagenet-8-$2 --job_name='worker' --task_id=$2 --ps_hosts='raiders1:2228' --worker_hosts='raiders1:2200,raiders1:2201,raiders3:2209,raiders3:2210' --initial_learning_rate=$3 --momentum=$4 --sync=True --compute_groups=$5
