DISPLAY "(null)" invalid; disabling X11 forwarding
I tensorflow/stream_executor/dso_loader.cc:108] successfully opened CUDA library libcublas.so locally
I tensorflow/stream_executor/dso_loader.cc:108] successfully opened CUDA library libcudnn.so locally
I tensorflow/stream_executor/dso_loader.cc:108] successfully opened CUDA library libcufft.so locally
I tensorflow/stream_executor/dso_loader.cc:108] successfully opened CUDA library libcuda.so locally
I tensorflow/stream_executor/dso_loader.cc:108] successfully opened CUDA library libcurand.so locally
INFO:tensorflow:PS hosts are: ['raiders1:2228']
INFO:tensorflow:Worker hosts are: ['raiders1:2200', 'raiders1:2201', 'raiders3:2209', 'raiders3:2210']
I tensorflow/core/common_runtime/gpu/gpu_init.cc:102] Found device 0 with properties: 
name: GeForce GTX TITAN X
major: 5 minor: 2 memoryClockRate (GHz) 1.076
pciBusID 0000:03:00.0
Total memory: 11.92GiB
Free memory: 11.81GiB
I tensorflow/core/common_runtime/gpu/gpu_init.cc:126] DMA: 0 
I tensorflow/core/common_runtime/gpu/gpu_init.cc:136] 0:   Y 
I tensorflow/core/common_runtime/gpu/gpu_device.cc:806] Creating TensorFlow device (/gpu:0) -> (device: 0, name: GeForce GTX TITAN X, pci bus id: 0000:03:00.0)
I tensorflow/core/distributed_runtime/rpc/grpc_channel.cc:206] Initialize HostPortsGrpcChannelCache for job ps -> {raiders1:2228}
I tensorflow/core/distributed_runtime/rpc/grpc_channel.cc:206] Initialize HostPortsGrpcChannelCache for job worker -> {raiders1:2200, raiders1:2201, localhost:2209, raiders3:2210}
I tensorflow/core/distributed_runtime/rpc/grpc_server_lib.cc:202] Started server with target: grpc://localhost:2209
INFO:tensorflow:Learning rate: 0.010000, momentum: 0.750000
INFO:tensorflow:Sync mode!!!!!!
INFO:tensorflow:Compute groups : 2
INFO:tensorflow:SyncReplicas enabled: replicas_to_aggregate=4; total_num_replicas=4
INFO:tensorflow:Num nodes per compute groups: 2
INFO:tensorflow:Tokens per step: 2
INFO:tensorflow:2016-07-20 05:37:05.758627 Supervisor
INFO:tensorflow:got sessions!
INFO:tensorflow:Started 3 queues for processing input data.
I tensorflow/core/common_runtime/gpu/pool_allocator.cc:244] PoolAllocator: After 3576 get requests, put_count=2565 evicted_count=1000 eviction_rate=0.389864 and unsatisfied allocation rate=0.590324
I tensorflow/core/common_runtime/gpu/pool_allocator.cc:256] Raising pool_size_limit_ from 100 to 110
INFO:tensorflow:Step: 399, Loss: 5.371449, time: 34.901 sec/batch
INFO:tensorflow:Step: 404, Loss: 6.015448, time: 1.460 sec/batch
INFO:tensorflow:Step: 405, Loss: 5.401137, time: 1.740 sec/batch
INFO:tensorflow:Step: 406, Loss: 5.116467, time: 1.243 sec/batch
INFO:tensorflow:Step: 406, Loss: 5.263632, time: 1.615 sec/batch
I tensorflow/core/common_runtime/gpu/pool_allocator.cc:244] PoolAllocator: After 0 get requests, put_count=1016 evicted_count=1000 eviction_rate=0.984252 and unsatisfied allocation rate=0
INFO:tensorflow:Step: 408, Loss: 5.388587, time: 1.390 sec/batch
INFO:tensorflow:Step: 409, Loss: 5.610684, time: 2.339 sec/batch
INFO:tensorflow:Step: 411, Loss: 5.276854, time: 1.962 sec/batch
INFO:tensorflow:Step: 413, Loss: 5.229418, time: 1.439 sec/batch
INFO:tensorflow:Step: 415, Loss: 5.233424, time: 2.179 sec/batch
I tensorflow/core/common_runtime/gpu/pool_allocator.cc:244] PoolAllocator: After 0 get requests, put_count=1025 evicted_count=1000 eviction_rate=0.97561 and unsatisfied allocation rate=0
INFO:tensorflow:Step: 418, Loss: 5.379207, time: 2.703 sec/batch
INFO:tensorflow:Step: 420, Loss: 5.201210, time: 2.228 sec/batch
INFO:tensorflow:Step: 422, Loss: 5.231674, time: 1.706 sec/batch
INFO:tensorflow:Step: 424, Loss: 5.268246, time: 1.495 sec/batch
INFO:tensorflow:Step: 426, Loss: 5.309593, time: 1.476 sec/batch
INFO:tensorflow:Step: 428, Loss: 5.165722, time: 1.475 sec/batch
I tensorflow/core/common_runtime/gpu/pool_allocator.cc:244] PoolAllocator: After 0 get requests, put_count=1044 evicted_count=1000 eviction_rate=0.957854 and unsatisfied allocation rate=0
INFO:tensorflow:Step: 430, Loss: 5.184629, time: 1.422 sec/batch
INFO:tensorflow:Step: 432, Loss: 5.425241, time: 1.570 sec/batch
INFO:tensorflow:Step: 434, Loss: 5.503472, time: 1.475 sec/batch
INFO:tensorflow:Step: 436, Loss: 5.105782, time: 1.564 sec/batch
INFO:tensorflow:Step: 438, Loss: 5.108850, time: 1.413 sec/batch
INFO:tensorflow:Step: 440, Loss: 4.932114, time: 1.415 sec/batch
INFO:tensorflow:Step: 442, Loss: 5.219791, time: 1.367 sec/batch
I tensorflow/core/common_runtime/gpu/pool_allocator.cc:244] PoolAllocator: After 3575 get requests, put_count=4411 evicted_count=2000 eviction_rate=0.453412 and unsatisfied allocation rate=0.347692
I tensorflow/core/common_runtime/gpu/pool_allocator.cc:256] Raising pool_size_limit_ from 871 to 958
INFO:tensorflow:Step: 444, Loss: 5.351120, time: 1.379 sec/batch
INFO:tensorflow:Step: 446, Loss: 5.315761, time: 1.484 sec/batch
INFO:tensorflow:Step: 448, Loss: 5.176782, time: 1.352 sec/batch
INFO:tensorflow:Step: 450, Loss: 5.107555, time: 1.446 sec/batch
INFO:tensorflow:Step: 452, Loss: 5.096939, time: 1.442 sec/batch
INFO:tensorflow:Step: 454, Loss: 5.250518, time: 1.475 sec/batch
INFO:tensorflow:Step: 456, Loss: 5.163320, time: 1.392 sec/batch
INFO:tensorflow:Step: 458, Loss: 5.134552, time: 1.401 sec/batch
INFO:tensorflow:Step: 460, Loss: 5.165040, time: 1.296 sec/batch
INFO:tensorflow:Step: 462, Loss: 5.146297, time: 1.495 sec/batch
INFO:tensorflow:Step: 464, Loss: 5.192990, time: 1.459 sec/batch
INFO:tensorflow:Step: 466, Loss: 5.085353, time: 1.451 sec/batch
INFO:tensorflow:Step: 468, Loss: 5.021722, time: 1.623 sec/batch
INFO:tensorflow:Step: 470, Loss: 5.000786, time: 1.684 sec/batch
INFO:tensorflow:Step: 473, Loss: 5.663711, time: 1.471 sec/batch
INFO:tensorflow:Step: 474, Loss: 5.191252, time: 1.631 sec/batch
INFO:tensorflow:Step: 477, Loss: 5.225499, time: 1.654 sec/batch
INFO:tensorflow:Step: 479, Loss: 5.094538, time: 1.576 sec/batch
INFO:tensorflow:Step: 481, Loss: 5.331604, time: 1.433 sec/batch
INFO:tensorflow:Step: 483, Loss: 4.931001, time: 1.373 sec/batch
INFO:tensorflow:Step: 485, Loss: 5.338536, time: 1.402 sec/batch
INFO:tensorflow:Step: 487, Loss: 5.060327, time: 1.391 sec/batch
INFO:tensorflow:Step: 489, Loss: 5.154300, time: 1.401 sec/batch
INFO:tensorflow:Step: 491, Loss: 5.136410, time: 1.373 sec/batch
INFO:tensorflow:Step: 493, Loss: 5.049647, time: 1.433 sec/batch
INFO:tensorflow:Step: 495, Loss: 5.056213, time: 1.468 sec/batch
INFO:tensorflow:Step: 497, Loss: 5.042343, time: 1.317 sec/batch
INFO:tensorflow:Step: 499, Loss: 5.059327, time: 1.466 sec/batch
INFO:tensorflow:Step: 501, Loss: 5.074140, time: 1.491 sec/batch
INFO:tensorflow:Step: 503, Loss: 5.196021, time: 1.376 sec/batch
INFO:tensorflow:Step: 505, Loss: 5.159710, time: 1.436 sec/batch
INFO:tensorflow:Step: 507, Loss: 5.170593, time: 1.408 sec/batch
INFO:tensorflow:Step: 509, Loss: 5.064240, time: 1.325 sec/batch
INFO:tensorflow:Step: 511, Loss: 5.142042, time: 1.314 sec/batch
INFO:tensorflow:Step: 513, Loss: 5.148582, time: 1.357 sec/batch
INFO:tensorflow:Step: 515, Loss: 5.254928, time: 1.530 sec/batch
INFO:tensorflow:Step: 517, Loss: 5.091293, time: 1.453 sec/batch
INFO:tensorflow:Step: 519, Loss: 5.079502, time: 1.335 sec/batch
INFO:tensorflow:Step: 521, Loss: 5.252423, time: 1.423 sec/batch
INFO:tensorflow:Step: 523, Loss: 5.033965, time: 1.382 sec/batch
INFO:tensorflow:Step: 525, Loss: 5.024720, time: 1.434 sec/batch
INFO:tensorflow:Step: 527, Loss: 4.968948, time: 1.434 sec/batch
INFO:tensorflow:Step: 529, Loss: 5.223179, time: 1.472 sec/batch
INFO:tensorflow:Step: 531, Loss: 5.076707, time: 1.570 sec/batch
INFO:tensorflow:Step: 533, Loss: 4.911548, time: 1.608 sec/batch
INFO:tensorflow:Step: 535, Loss: 5.383164, time: 2.062 sec/batch
INFO:tensorflow:Step: 538, Loss: 5.386603, time: 1.603 sec/batch
INFO:tensorflow:Step: 540, Loss: 5.196600, time: 1.531 sec/batch
INFO:tensorflow:Step: 541, Loss: 5.302933, time: 1.758 sec/batch
INFO:tensorflow:Step: 544, Loss: 4.992409, time: 1.544 sec/batch
INFO:tensorflow:Step: 546, Loss: 5.204569, time: 1.403 sec/batch
INFO:tensorflow:Step: 548, Loss: 4.997758, time: 1.422 sec/batch
INFO:tensorflow:Step: 550, Loss: 5.254993, time: 1.408 sec/batch
INFO:tensorflow:Step: 552, Loss: 5.030061, time: 1.375 sec/batch
INFO:tensorflow:Step: 554, Loss: 5.004684, time: 1.517 sec/batch
INFO:tensorflow:Step: 556, Loss: 5.324916, time: 1.378 sec/batch
INFO:tensorflow:Step: 558, Loss: 5.155381, time: 1.343 sec/batch
INFO:tensorflow:Step: 560, Loss: 5.187183, time: 1.406 sec/batch
INFO:tensorflow:Step: 562, Loss: 5.096571, time: 1.396 sec/batch
INFO:tensorflow:Step: 564, Loss: 5.234081, time: 1.361 sec/batch
INFO:tensorflow:Step: 566, Loss: 5.079037, time: 1.363 sec/batch
INFO:tensorflow:Step: 568, Loss: 4.995677, time: 1.386 sec/batch
INFO:tensorflow:Step: 570, Loss: 4.942717, time: 1.411 sec/batch
INFO:tensorflow:Step: 572, Loss: 4.861584, time: 1.375 sec/batch
INFO:tensorflow:Step: 574, Loss: 5.198012, time: 1.369 sec/batch
INFO:tensorflow:Step: 576, Loss: 5.043458, time: 1.386 sec/batch
INFO:tensorflow:Step: 578, Loss: 5.218098, time: 1.349 sec/batch
INFO:tensorflow:Step: 580, Loss: 5.162591, time: 1.374 sec/batch
INFO:tensorflow:Step: 582, Loss: 4.865543, time: 1.359 sec/batch
INFO:tensorflow:Step: 584, Loss: 4.904457, time: 1.363 sec/batch
INFO:tensorflow:Step: 586, Loss: 5.008007, time: 1.339 sec/batch
INFO:tensorflow:Step: 588, Loss: 5.027494, time: 1.379 sec/batch
INFO:tensorflow:Step: 590, Loss: 4.999671, time: 1.331 sec/batch
INFO:tensorflow:Step: 592, Loss: 4.966591, time: 1.343 sec/batch
INFO:tensorflow:Step: 594, Loss: 4.943972, time: 1.348 sec/batch
INFO:tensorflow:Step: 596, Loss: 5.035704, time: 1.335 sec/batch
INFO:tensorflow:Step: 598, Loss: 4.918943, time: 1.323 sec/batch
INFO:tensorflow:Step: 600, Loss: 5.088171, time: 1.347 sec/batch
INFO:tensorflow:Step: 602, Loss: 4.935642, time: 1.284 sec/batch
INFO:tensorflow:Step: 604, Loss: 5.139304, time: 1.373 sec/batch
INFO:tensorflow:Step: 606, Loss: 4.940691, time: 1.342 sec/batch
INFO:tensorflow:Step: 608, Loss: 5.137299, time: 1.326 sec/batch
INFO:tensorflow:Step: 610, Loss: 5.088007, time: 1.322 sec/batch
INFO:tensorflow:Step: 612, Loss: 4.951033, time: 1.338 sec/batch
INFO:tensorflow:Step: 614, Loss: 5.156208, time: 1.383 sec/batch
INFO:tensorflow:Step: 616, Loss: 5.009507, time: 1.372 sec/batch
INFO:tensorflow:Step: 618, Loss: 4.847682, time: 1.374 sec/batch
INFO:tensorflow:Step: 620, Loss: 5.079503, time: 1.356 sec/batch
INFO:tensorflow:Step: 622, Loss: 5.135489, time: 1.453 sec/batch
INFO:tensorflow:Step: 624, Loss: 5.088572, time: 1.422 sec/batch
INFO:tensorflow:Step: 626, Loss: 4.981568, time: 1.389 sec/batch
INFO:tensorflow:Step: 628, Loss: 4.977974, time: 1.386 sec/batch
INFO:tensorflow:Step: 630, Loss: 5.496620, time: 1.344 sec/batch
INFO:tensorflow:Step: 632, Loss: 4.963842, time: 1.440 sec/batch
INFO:tensorflow:Step: 634, Loss: 4.972465, time: 1.388 sec/batch
INFO:tensorflow:Step: 636, Loss: 4.968468, time: 1.459 sec/batch
INFO:tensorflow:Step: 638, Loss: 4.992449, time: 1.357 sec/batch
INFO:tensorflow:Step: 640, Loss: 5.110756, time: 1.397 sec/batch
INFO:tensorflow:Step: 642, Loss: 5.270448, time: 1.455 sec/batch
INFO:tensorflow:Step: 644, Loss: 5.105292, time: 1.357 sec/batch
INFO:tensorflow:Step: 646, Loss: 5.076403, time: 1.590 sec/batch
INFO:tensorflow:Step: 649, Loss: 5.070321, time: 1.698 sec/batch
INFO:tensorflow:Step: 651, Loss: 5.021931, time: 1.806 sec/batch
INFO:tensorflow:Step: 653, Loss: 4.974744, time: 1.351 sec/batch
INFO:tensorflow:Step: 655, Loss: 5.091345, time: 1.363 sec/batch
INFO:tensorflow:Step: 657, Loss: 4.994923, time: 1.325 sec/batch
INFO:tensorflow:Step: 659, Loss: 4.975112, time: 1.363 sec/batch
INFO:tensorflow:Step: 661, Loss: 5.028358, time: 1.326 sec/batch
INFO:tensorflow:Step: 663, Loss: 4.918135, time: 1.272 sec/batch
INFO:tensorflow:Step: 665, Loss: 4.802496, time: 1.342 sec/batch
INFO:tensorflow:Step: 667, Loss: 4.946321, time: 1.431 sec/batch
INFO:tensorflow:Step: 669, Loss: 4.902429, time: 1.315 sec/batch
INFO:tensorflow:Step: 671, Loss: 5.012108, time: 1.397 sec/batch
INFO:tensorflow:Step: 673, Loss: 4.870410, time: 1.304 sec/batch
INFO:tensorflow:Step: 675, Loss: 4.783576, time: 1.498 sec/batch
INFO:tensorflow:Step: 677, Loss: 4.933523, time: 1.427 sec/batch
INFO:tensorflow:Step: 679, Loss: 4.839754, time: 1.342 sec/batch
INFO:tensorflow:Step: 681, Loss: 5.010544, time: 1.345 sec/batch
INFO:tensorflow:Step: 683, Loss: 4.960233, time: 1.349 sec/batch
INFO:tensorflow:Step: 685, Loss: 4.943890, time: 1.353 sec/batch
INFO:tensorflow:Step: 687, Loss: 5.054749, time: 1.389 sec/batch
INFO:tensorflow:Step: 689, Loss: 4.898911, time: 1.359 sec/batch
INFO:tensorflow:Step: 691, Loss: 4.976931, time: 1.408 sec/batch
INFO:tensorflow:Step: 693, Loss: 4.933767, time: 1.351 sec/batch
INFO:tensorflow:Step: 695, Loss: 4.816011, time: 1.308 sec/batch
INFO:tensorflow:Step: 697, Loss: 5.169944, time: 1.330 sec/batch
INFO:tensorflow:Step: 699, Loss: 4.957320, time: 1.357 sec/batch
INFO:tensorflow:Step: 701, Loss: 4.925497, time: 1.376 sec/batch
INFO:tensorflow:Step: 703, Loss: 4.946008, time: 1.334 sec/batch
INFO:tensorflow:Step: 705, Loss: 4.797144, time: 1.440 sec/batch
INFO:tensorflow:Step: 707, Loss: 5.001908, time: 1.426 sec/batch
INFO:tensorflow:Step: 709, Loss: 4.949136, time: 1.379 sec/batch
INFO:tensorflow:Step: 711, Loss: 4.747416, time: 1.347 sec/batch
INFO:tensorflow:Step: 713, Loss: 5.134633, time: 1.354 sec/batch
INFO:tensorflow:Step: 715, Loss: 4.904745, time: 1.354 sec/batch
INFO:tensorflow:Step: 717, Loss: 4.946233, time: 1.368 sec/batch
INFO:tensorflow:Step: 719, Loss: 5.052121, time: 1.407 sec/batch
INFO:tensorflow:Step: 721, Loss: 5.102496, time: 1.389 sec/batch
INFO:tensorflow:Step: 723, Loss: 4.975175, time: 1.379 sec/batch
INFO:tensorflow:Step: 725, Loss: 4.841671, time: 1.351 sec/batch
INFO:tensorflow:Step: 727, Loss: 4.869243, time: 1.353 sec/batch
INFO:tensorflow:Step: 729, Loss: 4.797068, time: 1.341 sec/batch
INFO:tensorflow:Step: 731, Loss: 4.798361, time: 1.302 sec/batch
INFO:tensorflow:Step: 733, Loss: 4.969226, time: 1.325 sec/batch
INFO:tensorflow:Step: 735, Loss: 4.934924, time: 1.386 sec/batch
INFO:tensorflow:Step: 737, Loss: 4.994213, time: 1.351 sec/batch
INFO:tensorflow:Step: 739, Loss: 4.835107, time: 1.367 sec/batch
INFO:tensorflow:Step: 741, Loss: 4.976614, time: 1.378 sec/batch
INFO:tensorflow:Step: 743, Loss: 4.759456, time: 1.372 sec/batch
INFO:tensorflow:Step: 745, Loss: 4.961930, time: 1.375 sec/batch
INFO:tensorflow:Step: 747, Loss: 5.012629, time: 1.372 sec/batch
INFO:tensorflow:Step: 749, Loss: 4.972721, time: 1.343 sec/batch
INFO:tensorflow:Step: 751, Loss: 4.881800, time: 1.357 sec/batch
INFO:tensorflow:Step: 753, Loss: 4.723279, time: 1.392 sec/batch
INFO:tensorflow:Step: 755, Loss: 4.855044, time: 1.373 sec/batch
INFO:tensorflow:Step: 757, Loss: 4.955413, time: 1.331 sec/batch
INFO:tensorflow:Step: 759, Loss: 4.867993, time: 1.333 sec/batch
INFO:tensorflow:Step: 761, Loss: 4.846320, time: 1.332 sec/batch
INFO:tensorflow:Step: 763, Loss: 5.003702, time: 1.392 sec/batch
INFO:tensorflow:Step: 765, Loss: 4.834850, time: 1.404 sec/batch
INFO:tensorflow:Step: 767, Loss: 5.129074, time: 1.363 sec/batch
INFO:tensorflow:Step: 769, Loss: 4.938904, time: 1.397 sec/batch
INFO:tensorflow:Step: 771, Loss: 5.022456, time: 1.395 sec/batch
INFO:tensorflow:Step: 773, Loss: 4.687339, time: 1.362 sec/batch
INFO:tensorflow:Step: 775, Loss: 4.897794, time: 1.389 sec/batch
INFO:tensorflow:Step: 777, Loss: 4.959977, time: 1.367 sec/batch
INFO:tensorflow:Step: 779, Loss: 4.943580, time: 1.386 sec/batch
INFO:tensorflow:Step: 781, Loss: 4.811012, time: 1.391 sec/batch
INFO:tensorflow:Step: 783, Loss: 4.785016, time: 1.381 sec/batch
INFO:tensorflow:Step: 785, Loss: 5.023923, time: 1.300 sec/batch
INFO:tensorflow:Step: 787, Loss: 4.800035, time: 1.336 sec/batch
INFO:tensorflow:Step: 789, Loss: 4.804116, time: 1.370 sec/batch
INFO:tensorflow:Step: 791, Loss: 4.812350, time: 1.397 sec/batch
INFO:tensorflow:Step: 793, Loss: 4.977012, time: 1.365 sec/batch
INFO:tensorflow:Step: 795, Loss: 4.966188, time: 1.371 sec/batch
INFO:tensorflow:Step: 797, Loss: 4.822795, time: 1.313 sec/batch
INFO:tensorflow:Step: 799, Loss: 4.912014, time: 1.314 sec/batch
INFO:tensorflow:Step: 801, Loss: 5.044685, time: 1.336 sec/batch
INFO:tensorflow:Step: 803, Loss: 4.835691, time: 1.291 sec/batch
INFO:tensorflow:Step: 805, Loss: 4.933471, time: 1.302 sec/batch
INFO:tensorflow:Step: 807, Loss: 4.674673, time: 1.367 sec/batch
INFO:tensorflow:Step: 809, Loss: 4.740103, time: 1.307 sec/batch
INFO:tensorflow:Step: 810, Loss: 4.864069, time: 1.301 sec/batch
INFO:tensorflow:Step: 812, Loss: 4.662940, time: 1.458 sec/batch
INFO:tensorflow:Step: 814, Loss: 4.705957, time: 1.376 sec/batch
INFO:tensorflow:Step: 816, Loss: 5.030951, time: 1.443 sec/batch
INFO:tensorflow:Step: 818, Loss: 4.979542, time: 1.453 sec/batch
INFO:tensorflow:Step: 820, Loss: 4.788686, time: 1.445 sec/batch
INFO:tensorflow:Step: 822, Loss: 4.835999, time: 1.626 sec/batch
INFO:tensorflow:Step: 825, Loss: 4.886021, time: 1.463 sec/batch
INFO:tensorflow:Step: 827, Loss: 4.830431, time: 1.376 sec/batch
INFO:tensorflow:Step: 829, Loss: 4.671424, time: 1.371 sec/batch
INFO:tensorflow:Step: 831, Loss: 4.903809, time: 1.394 sec/batch
INFO:tensorflow:Step: 833, Loss: 5.024312, time: 1.303 sec/batch
INFO:tensorflow:Step: 835, Loss: 4.861312, time: 1.309 sec/batch
INFO:tensorflow:Step: 837, Loss: 4.875960, time: 1.336 sec/batch
INFO:tensorflow:Step: 839, Loss: 4.704751, time: 1.388 sec/batch
INFO:tensorflow:Step: 841, Loss: 4.803091, time: 1.389 sec/batch
INFO:tensorflow:Step: 843, Loss: 4.756821, time: 1.355 sec/batch
INFO:tensorflow:Step: 845, Loss: 4.878596, time: 1.396 sec/batch
INFO:tensorflow:Step: 847, Loss: 4.779176, time: 1.434 sec/batch
INFO:tensorflow:Step: 849, Loss: 4.894823, time: 1.356 sec/batch
INFO:tensorflow:Step: 851, Loss: 4.713835, time: 1.359 sec/batch
INFO:tensorflow:Step: 853, Loss: 4.856506, time: 1.340 sec/batch
INFO:tensorflow:Step: 855, Loss: 4.764666, time: 1.378 sec/batch
INFO:tensorflow:Step: 857, Loss: 4.784486, time: 1.336 sec/batch
INFO:tensorflow:Step: 859, Loss: 4.730249, time: 1.322 sec/batch
INFO:tensorflow:Step: 861, Loss: 4.788638, time: 1.355 sec/batch
INFO:tensorflow:Step: 863, Loss: 4.925499, time: 1.375 sec/batch
INFO:tensorflow:Step: 865, Loss: 4.844149, time: 1.893 sec/batch
INFO:tensorflow:Step: 867, Loss: 4.684744, time: 1.502 sec/batch
INFO:tensorflow:Step: 869, Loss: 4.964160, time: 1.511 sec/batch
INFO:tensorflow:Step: 871, Loss: 4.917841, time: 1.556 sec/batch
INFO:tensorflow:Step: 873, Loss: 4.937064, time: 1.400 sec/batch
INFO:tensorflow:Step: 875, Loss: 4.953235, time: 1.403 sec/batch
INFO:tensorflow:Step: 877, Loss: 5.263268, time: 1.392 sec/batch
INFO:tensorflow:Step: 879, Loss: 5.037564, time: 1.422 sec/batch
INFO:tensorflow:Step: 881, Loss: 4.857726, time: 1.426 sec/batch
INFO:tensorflow:Step: 883, Loss: 4.852779, time: 1.448 sec/batch
INFO:tensorflow:Step: 885, Loss: 4.958274, time: 1.439 sec/batch
INFO:tensorflow:Step: 887, Loss: 4.770665, time: 1.354 sec/batch
INFO:tensorflow:Step: 889, Loss: 4.742598, time: 1.421 sec/batch
INFO:tensorflow:Step: 891, Loss: 4.665566, time: 1.407 sec/batch
INFO:tensorflow:Step: 893, Loss: 4.813402, time: 1.389 sec/batch
INFO:tensorflow:Step: 895, Loss: 4.724619, time: 1.665 sec/batch
INFO:tensorflow:Step: 898, Loss: 4.674101, time: 2.029 sec/batch
INFO:tensorflow:Step: 899, Loss: 4.785726, time: 1.593 sec/batch
INFO:tensorflow:Step: 902, Loss: 4.637051, time: 1.544 sec/batch
INFO:tensorflow:Step: 904, Loss: 4.687975, time: 1.409 sec/batch
INFO:tensorflow:Step: 906, Loss: 4.637274, time: 1.454 sec/batch
INFO:tensorflow:Step: 908, Loss: 4.817523, time: 1.453 sec/batch
INFO:tensorflow:Step: 910, Loss: 4.593711, time: 1.380 sec/batch
INFO:tensorflow:Step: 912, Loss: 4.904160, time: 1.339 sec/batch
INFO:tensorflow:Step: 914, Loss: 4.824320, time: 1.368 sec/batch
INFO:tensorflow:Step: 916, Loss: 4.640231, time: 1.378 sec/batch
INFO:tensorflow:Step: 918, Loss: 4.892962, time: 1.343 sec/batch
INFO:tensorflow:Step: 920, Loss: 4.670576, time: 1.372 sec/batch
INFO:tensorflow:Step: 922, Loss: 4.695988, time: 1.370 sec/batch
INFO:tensorflow:Step: 924, Loss: 4.773458, time: 1.373 sec/batch
INFO:tensorflow:Step: 926, Loss: 4.743734, time: 1.349 sec/batch
INFO:tensorflow:Step: 928, Loss: 4.841801, time: 1.360 sec/batch
INFO:tensorflow:Step: 930, Loss: 4.741055, time: 1.371 sec/batch
INFO:tensorflow:Step: 932, Loss: 4.702314, time: 1.370 sec/batch
INFO:tensorflow:Step: 934, Loss: 4.666344, time: 1.346 sec/batch
INFO:tensorflow:Step: 936, Loss: 4.722026, time: 1.365 sec/batch
INFO:tensorflow:Step: 938, Loss: 4.766288, time: 1.358 sec/batch
INFO:tensorflow:Step: 940, Loss: 4.795145, time: 1.358 sec/batch
INFO:tensorflow:Step: 942, Loss: 4.724984, time: 1.388 sec/batch
INFO:tensorflow:Step: 944, Loss: 4.649646, time: 1.339 sec/batch
INFO:tensorflow:Step: 946, Loss: 4.828991, time: 1.318 sec/batch
INFO:tensorflow:Step: 948, Loss: 4.727317, time: 1.341 sec/batch
INFO:tensorflow:Step: 950, Loss: 5.036285, time: 1.415 sec/batch
INFO:tensorflow:Step: 952, Loss: 4.906471, time: 1.322 sec/batch
INFO:tensorflow:Step: 954, Loss: 4.817818, time: 1.354 sec/batch
INFO:tensorflow:Step: 956, Loss: 4.847506, time: 1.365 sec/batch
INFO:tensorflow:Step: 958, Loss: 4.893386, time: 1.332 sec/batch
INFO:tensorflow:Step: 960, Loss: 4.617213, time: 1.386 sec/batch
INFO:tensorflow:Step: 962, Loss: 4.755186, time: 1.355 sec/batch
INFO:tensorflow:Step: 964, Loss: 4.593813, time: 1.392 sec/batch
INFO:tensorflow:Step: 966, Loss: 4.726548, time: 1.363 sec/batch
INFO:tensorflow:Step: 968, Loss: 4.685408, time: 1.477 sec/batch
INFO:tensorflow:Step: 970, Loss: 4.974929, time: 1.393 sec/batch
INFO:tensorflow:Step: 972, Loss: 4.681038, time: 1.415 sec/batch
INFO:tensorflow:Step: 974, Loss: 4.855456, time: 1.379 sec/batch
INFO:tensorflow:Step: 976, Loss: 4.885556, time: 1.372 sec/batch
INFO:tensorflow:Step: 978, Loss: 4.806440, time: 1.361 sec/batch
INFO:tensorflow:Step: 980, Loss: 4.860732, time: 1.373 sec/batch
INFO:tensorflow:Step: 982, Loss: 4.620546, time: 1.369 sec/batch
INFO:tensorflow:Step: 984, Loss: 4.682888, time: 1.347 sec/batch
INFO:tensorflow:Step: 986, Loss: 4.846106, time: 1.372 sec/batch
INFO:tensorflow:Step: 988, Loss: 4.603503, time: 1.370 sec/batch
INFO:tensorflow:Step: 990, Loss: 4.639703, time: 1.366 sec/batch
INFO:tensorflow:Step: 992, Loss: 4.935522, time: 1.383 sec/batch
INFO:tensorflow:Step: 994, Loss: 4.691483, time: 1.373 sec/batch
INFO:tensorflow:Step: 996, Loss: 4.600815, time: 1.372 sec/batch
INFO:tensorflow:Step: 998, Loss: 5.000154, time: 1.366 sec/batch
INFO:tensorflow:Step: 1000, Loss: 4.883054, time: 1.278 sec/batch
INFO:tensorflow:Step: 1002, Loss: 4.712832, time: 1.346 sec/batch
INFO:tensorflow:Step: 1004, Loss: 4.537640, time: 1.447 sec/batch
INFO:tensorflow:Step: 1006, Loss: 4.707623, time: 1.333 sec/batch
INFO:tensorflow:Step: 1008, Loss: 4.688703, time: 1.317 sec/batch
INFO:tensorflow:Step: 1010, Loss: 4.601843, time: 1.338 sec/batch
INFO:tensorflow:Step: 1012, Loss: 4.658361, time: 1.299 sec/batch
INFO:tensorflow:Step: 1014, Loss: 4.620028, time: 1.302 sec/batch
INFO:tensorflow:Step: 1016, Loss: 4.712725, time: 1.782 sec/batch
INFO:tensorflow:Step: 1018, Loss: 4.555113, time: 1.593 sec/batch
INFO:tensorflow:Step: 1020, Loss: 4.604751, time: 1.480 sec/batch
INFO:tensorflow:Step: 1022, Loss: 4.738277, time: 1.344 sec/batch
INFO:tensorflow:Step: 1024, Loss: 4.881822, time: 1.435 sec/batch
INFO:tensorflow:Step: 1026, Loss: 4.501317, time: 1.349 sec/batch
INFO:tensorflow:Step: 1028, Loss: 4.755494, time: 1.428 sec/batch
INFO:tensorflow:Step: 1030, Loss: 4.699100, time: 1.373 sec/batch
INFO:tensorflow:Step: 1032, Loss: 4.824853, time: 1.400 sec/batch
INFO:tensorflow:Step: 1034, Loss: 4.490591, time: 1.692 sec/batch
INFO:tensorflow:Step: 1036, Loss: 4.733974, time: 1.591 sec/batch
INFO:tensorflow:Step: 1039, Loss: 4.689116, time: 1.573 sec/batch
INFO:tensorflow:Step: 1041, Loss: 4.638723, time: 1.479 sec/batch
INFO:tensorflow:Step: 1043, Loss: 4.637668, time: 1.369 sec/batch
INFO:tensorflow:Step: 1045, Loss: 4.569565, time: 1.353 sec/batch
INFO:tensorflow:Step: 1047, Loss: 4.612602, time: 1.375 sec/batch
INFO:tensorflow:Step: 1049, Loss: 4.812363, time: 1.352 sec/batch
INFO:tensorflow:Step: 1051, Loss: 4.543631, time: 1.307 sec/batch
INFO:tensorflow:Step: 1053, Loss: 4.526651, time: 1.327 sec/batch
INFO:tensorflow:Step: 1055, Loss: 4.511045, time: 1.430 sec/batch
INFO:tensorflow:Step: 1057, Loss: 4.585175, time: 1.315 sec/batch
INFO:tensorflow:Step: 1059, Loss: 4.432900, time: 1.340 sec/batch
INFO:tensorflow:Step: 1061, Loss: 4.633485, time: 1.362 sec/batch
INFO:tensorflow:Step: 1063, Loss: 4.632480, time: 1.334 sec/batch
INFO:tensorflow:Step: 1065, Loss: 4.691455, time: 1.362 sec/batch
INFO:tensorflow:Step: 1067, Loss: 4.491495, time: 1.340 sec/batch
INFO:tensorflow:Step: 1069, Loss: 4.546448, time: 1.415 sec/batch
INFO:tensorflow:Step: 1071, Loss: 4.566007, time: 1.400 sec/batch
INFO:tensorflow:Step: 1073, Loss: 4.403046, time: 1.376 sec/batch
INFO:tensorflow:Step: 1075, Loss: 4.510491, time: 1.387 sec/batch
INFO:tensorflow:Step: 1077, Loss: 4.603028, time: 1.344 sec/batch
INFO:tensorflow:Step: 1079, Loss: 4.522110, time: 1.369 sec/batch
INFO:tensorflow:Step: 1081, Loss: 4.449762, time: 1.347 sec/batch
INFO:tensorflow:Step: 1083, Loss: 4.560156, time: 1.385 sec/batch
INFO:tensorflow:Step: 1085, Loss: 4.665195, time: 1.358 sec/batch
INFO:tensorflow:Step: 1087, Loss: 4.615594, time: 1.311 sec/batch
INFO:tensorflow:Step: 1089, Loss: 4.571460, time: 1.398 sec/batch
INFO:tensorflow:Step: 1091, Loss: 4.583463, time: 1.364 sec/batch
INFO:tensorflow:Step: 1093, Loss: 4.610882, time: 1.392 sec/batch
INFO:tensorflow:Step: 1095, Loss: 4.618277, time: 1.370 sec/batch
INFO:tensorflow:Step: 1097, Loss: 4.472853, time: 1.299 sec/batch
INFO:tensorflow:Step: 1099, Loss: 4.634034, time: 1.357 sec/batch
INFO:tensorflow:Step: 1101, Loss: 4.536349, time: 1.413 sec/batch
INFO:tensorflow:Step: 1103, Loss: 4.596614, time: 1.335 sec/batch
INFO:tensorflow:Step: 1105, Loss: 4.655035, time: 1.373 sec/batch
INFO:tensorflow:Step: 1107, Loss: 4.536258, time: 1.450 sec/batch
INFO:tensorflow:Step: 1109, Loss: 4.555218, time: 1.334 sec/batch
INFO:tensorflow:Step: 1111, Loss: 4.448864, time: 1.396 sec/batch
run-expr-4node.sh: line 23: 88942 Terminated              CUDA_VISIBLE_DEVICES=$1 bazel-bin/inception/imagenet_distributed_train --batch_size=64 --data_dir=/lfs/local/0/daniter/imagenet-8-$2 --job_name='worker' --task_id=$2 --ps_hosts='raiders1:2228' --worker_hosts='raiders1:2200,raiders1:2201,raiders3:2209,raiders3:2210' --initial_learning_rate=$3 --momentum=$4 --sync=True --compute_groups=$5
