DISPLAY "(null)" invalid; disabling X11 forwarding
INFO:tensorflow:PS hosts are: ['raiders1:2200']
INFO:tensorflow:Worker hosts are: ['raiders1:2201', 'raiders1:2202', 'raiders1:2203', 'raiders1:2204', 'raiders1:2205', 'raiders1:2206', 'raiders1:2207', 'raiders1:2208', 'raiders1:2209', 'raiders1:2210', 'raiders1:2211', 'raiders3:2212', 'raiders3:2213', 'raiders3:2214', 'raiders3:2215', 'raiders3:2216', 'raiders3:2217', 'raiders3:2218', 'raiders3:2219', 'raiders3:2220', 'raiders3:2221', 'raiders3:2222', 'raiders8:2223', 'raiders8:2224', 'raiders8:2225', 'raiders8:2226', 'raiders8:2227', 'raiders8:2228', 'raiders8:2228', 'raiders8:2230', 'raiders8:2231', 'raiders8:2232']
I tensorflow/core/distributed_runtime/rpc/grpc_channel.cc:206] Initialize HostPortsGrpcChannelCache for job ps -> {raiders1:2200}
I tensorflow/core/distributed_runtime/rpc/grpc_channel.cc:206] Initialize HostPortsGrpcChannelCache for job worker -> {raiders1:2201, raiders1:2202, raiders1:2203, raiders1:2204, raiders1:2205, raiders1:2206, raiders1:2207, raiders1:2208, raiders1:2209, raiders1:2210, raiders1:2211, raiders3:2212, raiders3:2213, raiders3:2214, localhost:2215, raiders3:2216, raiders3:2217, raiders3:2218, raiders3:2219, raiders3:2220, raiders3:2221, raiders3:2222, raiders8:2223, raiders8:2224, raiders8:2225, raiders8:2226, raiders8:2227, raiders8:2228, raiders8:2228, raiders8:2230, raiders8:2231, raiders8:2232}
I tensorflow/core/distributed_runtime/rpc/grpc_server_lib.cc:202] Started server with target: grpc://localhost:2215
INFO:tensorflow:Learning rate: 0.010000, momentum: 0.300000
INFO:tensorflow:Sync mode!!!!!!
INFO:tensorflow:Compute groups : 8
INFO:tensorflow:SyncReplicas enabled: replicas_to_aggregate=32; total_num_replicas=32
INFO:tensorflow:Num nodes per compute groups: 4
INFO:tensorflow:Tokens per step: 4
INFO:tensorflow:2016-07-22 18:59:07.741999 Supervisor
INFO:tensorflow:got sessions! 2016-07-22 18:59:23.637757 
INFO:tensorflow:Started 3 queues for processing input data.
INFO:tensorflow:Thank you, we're starting 2016-07-22 19:00:05.081200
INFO:tensorflow:starting round: 2016-07-22 19:00:05.081484
I tensorflow/core/kernels/logging_ops.cc:79] aux_logits:[0]
I tensorflow/core/kernels/logging_ops.cc:79] cross_entropy_loss[0]
I tensorflow/core/kernels/logging_ops.cc:79] logits:[0]
I tensorflow/core/kernels/logging_ops.cc:79] cross_entropy_loss[0]
INFO:tensorflow:Step: 399, Loss: 6.078893, time: 73.977 sec/batch
INFO:tensorflow:starting round: 2016-07-22 19:01:19.058971
I tensorflow/core/kernels/logging_ops.cc:79] aux_logits:[0]
I tensorflow/core/kernels/logging_ops.cc:79] cross_entropy_loss[0]
I tensorflow/core/kernels/logging_ops.cc:79] logits:[0]
I tensorflow/core/kernels/logging_ops.cc:79] cross_entropy_loss[0]
INFO:tensorflow:Step: 403, Loss: 7.574914, time: 40.180 sec/batch
INFO:tensorflow:starting round: 2016-07-22 19:01:59.243291
I tensorflow/core/kernels/logging_ops.cc:79] aux_logits:[0]
I tensorflow/core/kernels/logging_ops.cc:79] cross_entropy_loss[0]
I tensorflow/core/kernels/logging_ops.cc:79] logits:[0]
I tensorflow/core/kernels/logging_ops.cc:79] cross_entropy_loss[0]
INFO:tensorflow:Step: 409, Loss: 6.101861, time: 29.912 sec/batch
INFO:tensorflow:starting round: 2016-07-22 19:02:29.160149
I tensorflow/core/kernels/logging_ops.cc:79] aux_logits:[0]
I tensorflow/core/kernels/logging_ops.cc:79] cross_entropy_loss[0]
I tensorflow/core/kernels/logging_ops.cc:79] logits:[0]
I tensorflow/core/kernels/logging_ops.cc:79] cross_entropy_loss[0]
INFO:tensorflow:Step: 417, Loss: 7.617337, time: 39.394 sec/batch
INFO:tensorflow:starting round: 2016-07-22 19:03:08.555832
I tensorflow/core/kernels/logging_ops.cc:79] aux_logits:[0]
I tensorflow/core/kernels/logging_ops.cc:79] cross_entropy_loss[0]
I tensorflow/core/kernels/logging_ops.cc:79] logits:[0]
I tensorflow/core/kernels/logging_ops.cc:79] cross_entropy_loss[0]
INFO:tensorflow:Step: 427, Loss: 7.742426, time: 50.568 sec/batch
INFO:tensorflow:starting round: 2016-07-22 19:03:59.124948
I tensorflow/core/kernels/logging_ops.cc:79] aux_logits:[0]
I tensorflow/core/kernels/logging_ops.cc:79] cross_entropy_loss[0]
I tensorflow/core/kernels/logging_ops.cc:79] logits:[0]
I tensorflow/core/kernels/logging_ops.cc:79] cross_entropy_loss[0]
INFO:tensorflow:Step: 434, Loss: 6.915003, time: 48.578 sec/batch
INFO:tensorflow:starting round: 2016-07-22 19:04:47.704979
I tensorflow/core/kernels/logging_ops.cc:79] aux_logits:[0]
I tensorflow/core/kernels/logging_ops.cc:79] cross_entropy_loss[0]
I tensorflow/core/kernels/logging_ops.cc:79] logits:[0]
I tensorflow/core/kernels/logging_ops.cc:79] cross_entropy_loss[0]
INFO:tensorflow:Step: 440, Loss: 6.331455, time: 37.634 sec/batch
INFO:tensorflow:starting round: 2016-07-22 19:05:25.340250
I tensorflow/core/kernels/logging_ops.cc:79] aux_logits:[0]
I tensorflow/core/kernels/logging_ops.cc:79] cross_entropy_loss[0]
I tensorflow/core/kernels/logging_ops.cc:79] logits:[0]
I tensorflow/core/kernels/logging_ops.cc:79] cross_entropy_loss[0]
INFO:tensorflow:Step: 447, Loss: 6.042897, time: 25.291 sec/batch
INFO:tensorflow:starting round: 2016-07-22 19:05:50.635780
I tensorflow/core/kernels/logging_ops.cc:79] aux_logits:[0]
I tensorflow/core/kernels/logging_ops.cc:79] cross_entropy_loss[0]
I tensorflow/core/kernels/logging_ops.cc:79] logits:[0]
I tensorflow/core/kernels/logging_ops.cc:79] cross_entropy_loss[0]
INFO:tensorflow:Step: 454, Loss: 8.564169, time: 38.043 sec/batch
INFO:tensorflow:starting round: 2016-07-22 19:06:28.685799
I tensorflow/core/kernels/logging_ops.cc:79] aux_logits:[0]
I tensorflow/core/kernels/logging_ops.cc:79] cross_entropy_loss[0]
I tensorflow/core/kernels/logging_ops.cc:79] logits:[0]
I tensorflow/core/kernels/logging_ops.cc:79] cross_entropy_loss[0]
INFO:tensorflow:Step: 463, Loss: 6.346320, time: 37.136 sec/batch
INFO:tensorflow:starting round: 2016-07-22 19:07:05.834520
I tensorflow/core/kernels/logging_ops.cc:79] aux_logits:[0]
I tensorflow/core/kernels/logging_ops.cc:79] cross_entropy_loss[0]
I tensorflow/core/kernels/logging_ops.cc:79] logits:[0]
I tensorflow/core/kernels/logging_ops.cc:79] cross_entropy_loss[0]
INFO:tensorflow:Step: 471, Loss: 6.881795, time: 53.708 sec/batch
INFO:tensorflow:starting round: 2016-07-22 19:07:59.543667
I tensorflow/core/kernels/logging_ops.cc:79] aux_logits:[0]
I tensorflow/core/kernels/logging_ops.cc:79] cross_entropy_loss[0]
I tensorflow/core/kernels/logging_ops.cc:79] logits:[0]
I tensorflow/core/kernels/logging_ops.cc:79] cross_entropy_loss[0]
INFO:tensorflow:Step: 481, Loss: 6.754642, time: 30.128 sec/batch
INFO:tensorflow:starting round: 2016-07-22 19:08:29.672337
I tensorflow/core/kernels/logging_ops.cc:79] aux_logits:[0]
I tensorflow/core/kernels/logging_ops.cc:79] cross_entropy_loss[0]
I tensorflow/core/kernels/logging_ops.cc:79] logits:[0]
I tensorflow/core/kernels/logging_ops.cc:79] cross_entropy_loss[0]
INFO:tensorflow:Step: 485, Loss: 6.986481, time: 22.772 sec/batch
INFO:tensorflow:starting round: 2016-07-22 19:08:52.445509
I tensorflow/core/kernels/logging_ops.cc:79] aux_logits:[0]
I tensorflow/core/kernels/logging_ops.cc:79] cross_entropy_loss[0]
I tensorflow/core/kernels/logging_ops.cc:79] logits:[0]
I tensorflow/core/kernels/logging_ops.cc:79] cross_entropy_loss[0]
INFO:tensorflow:Step: 492, Loss: 5.464843, time: 43.896 sec/batch
INFO:tensorflow:starting round: 2016-07-22 19:09:36.342074
I tensorflow/core/kernels/logging_ops.cc:79] aux_logits:[0]
I tensorflow/core/kernels/logging_ops.cc:79] cross_entropy_loss[0]
I tensorflow/core/kernels/logging_ops.cc:79] logits:[0]
I tensorflow/core/kernels/logging_ops.cc:79] cross_entropy_loss[0]
INFO:tensorflow:Step: 502, Loss: 6.984619, time: 35.695 sec/batch
INFO:tensorflow:starting round: 2016-07-22 19:10:12.037299
I tensorflow/core/kernels/logging_ops.cc:79] aux_logits:[0]
I tensorflow/core/kernels/logging_ops.cc:79] cross_entropy_loss[0]
I tensorflow/core/kernels/logging_ops.cc:79] logits:[0]
I tensorflow/core/kernels/logging_ops.cc:79] cross_entropy_loss[0]
INFO:tensorflow:Step: 507, Loss: 5.737672, time: 39.812 sec/batch
INFO:tensorflow:starting round: 2016-07-22 19:10:51.849912
I tensorflow/core/kernels/logging_ops.cc:79] aux_logits:[0]
I tensorflow/core/kernels/logging_ops.cc:79] cross_entropy_loss[0]
I tensorflow/core/kernels/logging_ops.cc:79] logits:[0]
I tensorflow/core/kernels/logging_ops.cc:79] cross_entropy_loss[0]
INFO:tensorflow:Step: 514, Loss: 7.273774, time: 21.853 sec/batch
INFO:tensorflow:starting round: 2016-07-22 19:11:13.708405
I tensorflow/core/kernels/logging_ops.cc:79] aux_logits:[0]
I tensorflow/core/kernels/logging_ops.cc:79] cross_entropy_loss[0]
I tensorflow/core/kernels/logging_ops.cc:79] logits:[0]
I tensorflow/core/kernels/logging_ops.cc:79] cross_entropy_loss[0]
INFO:tensorflow:Step: 522, Loss: 6.336309, time: 26.662 sec/batch
INFO:tensorflow:starting round: 2016-07-22 19:11:40.370774
I tensorflow/core/kernels/logging_ops.cc:79] aux_logits:[0]
I tensorflow/core/kernels/logging_ops.cc:79] cross_entropy_loss[0]
I tensorflow/core/kernels/logging_ops.cc:79] logits:[0]
I tensorflow/core/kernels/logging_ops.cc:79] cross_entropy_loss[0]
INFO:tensorflow:Step: 528, Loss: 5.584522, time: 36.969 sec/batch
INFO:tensorflow:starting round: 2016-07-22 19:12:17.340510
I tensorflow/core/kernels/logging_ops.cc:79] aux_logits:[0]
I tensorflow/core/kernels/logging_ops.cc:79] cross_entropy_loss[0]
I tensorflow/core/kernels/logging_ops.cc:79] logits:[0]
I tensorflow/core/kernels/logging_ops.cc:79] cross_entropy_loss[0]
INFO:tensorflow:Step: 531, Loss: 5.591565, time: 15.256 sec/batch
INFO:tensorflow:starting round: 2016-07-22 19:12:32.597027
I tensorflow/core/kernels/logging_ops.cc:79] aux_logits:[0]
I tensorflow/core/kernels/logging_ops.cc:79] cross_entropy_loss[0]
I tensorflow/core/kernels/logging_ops.cc:79] logits:[0]
I tensorflow/core/kernels/logging_ops.cc:79] cross_entropy_loss[0]
INFO:tensorflow:Step: 538, Loss: 5.450311, time: 36.346 sec/batch
INFO:tensorflow:starting round: 2016-07-22 19:13:08.945739
I tensorflow/core/kernels/logging_ops.cc:79] aux_logits:[0]
I tensorflow/core/kernels/logging_ops.cc:79] cross_entropy_loss[0]
I tensorflow/core/kernels/logging_ops.cc:79] logits:[0]
I tensorflow/core/kernels/logging_ops.cc:79] cross_entropy_loss[0]
INFO:tensorflow:Step: 543, Loss: 5.477588, time: 27.296 sec/batch
INFO:tensorflow:starting round: 2016-07-22 19:13:36.244647
I tensorflow/core/kernels/logging_ops.cc:79] aux_logits:[0]
I tensorflow/core/kernels/logging_ops.cc:79] cross_entropy_loss[0]
I tensorflow/core/kernels/logging_ops.cc:79] logits:[0]
I tensorflow/core/kernels/logging_ops.cc:79] cross_entropy_loss[0]
INFO:tensorflow:Step: 548, Loss: 6.267039, time: 34.131 sec/batch
INFO:tensorflow:starting round: 2016-07-22 19:14:10.377096
I tensorflow/core/kernels/logging_ops.cc:79] aux_logits:[0]
I tensorflow/core/kernels/logging_ops.cc:79] cross_entropy_loss[0]
I tensorflow/core/kernels/logging_ops.cc:79] logits:[0]
I tensorflow/core/kernels/logging_ops.cc:79] cross_entropy_loss[0]
INFO:tensorflow:Step: 555, Loss: 6.009456, time: 33.191 sec/batch
INFO:tensorflow:starting round: 2016-07-22 19:14:43.569823
I tensorflow/core/kernels/logging_ops.cc:79] aux_logits:[0]
I tensorflow/core/kernels/logging_ops.cc:79] cross_entropy_loss[0]
I tensorflow/core/kernels/logging_ops.cc:79] logits:[0]
I tensorflow/core/kernels/logging_ops.cc:79] cross_entropy_loss[0]
INFO:tensorflow:Step: 563, Loss: 5.823162, time: 32.495 sec/batch
INFO:tensorflow:starting round: 2016-07-22 19:15:16.067326
I tensorflow/core/kernels/logging_ops.cc:79] aux_logits:[0]
I tensorflow/core/kernels/logging_ops.cc:79] cross_entropy_loss[0]
I tensorflow/core/kernels/logging_ops.cc:79] logits:[0]
I tensorflow/core/kernels/logging_ops.cc:79] cross_entropy_loss[0]
INFO:tensorflow:Step: 571, Loss: 5.567097, time: 34.523 sec/batch
INFO:tensorflow:starting round: 2016-07-22 19:15:50.592226
I tensorflow/core/kernels/logging_ops.cc:79] aux_logits:[0]
I tensorflow/core/kernels/logging_ops.cc:79] cross_entropy_loss[0]
I tensorflow/core/kernels/logging_ops.cc:79] logits:[0]
I tensorflow/core/kernels/logging_ops.cc:79] cross_entropy_loss[0]
INFO:tensorflow:Step: 577, Loss: 5.590259, time: 36.237 sec/batch
INFO:tensorflow:starting round: 2016-07-22 19:16:26.830284
I tensorflow/core/kernels/logging_ops.cc:79] aux_logits:[0]
I tensorflow/core/kernels/logging_ops.cc:79] cross_entropy_loss[0]
I tensorflow/core/kernels/logging_ops.cc:79] logits:[0]
I tensorflow/core/kernels/logging_ops.cc:79] cross_entropy_loss[0]
INFO:tensorflow:Step: 582, Loss: 5.712894, time: 34.294 sec/batch
INFO:tensorflow:starting round: 2016-07-22 19:17:01.127880
I tensorflow/core/kernels/logging_ops.cc:79] aux_logits:[0]
I tensorflow/core/kernels/logging_ops.cc:79] cross_entropy_loss[0]
I tensorflow/core/kernels/logging_ops.cc:79] logits:[0]
I tensorflow/core/kernels/logging_ops.cc:79] cross_entropy_loss[0]
INFO:tensorflow:Step: 590, Loss: 6.298288, time: 32.117 sec/batch
INFO:tensorflow:starting round: 2016-07-22 19:17:33.245579
I tensorflow/core/kernels/logging_ops.cc:79] aux_logits:[0]
I tensorflow/core/kernels/logging_ops.cc:79] cross_entropy_loss[0]
I tensorflow/core/kernels/logging_ops.cc:79] logits:[0]
I tensorflow/core/kernels/logging_ops.cc:79] cross_entropy_loss[0]
INFO:tensorflow:Step: 596, Loss: 5.703898, time: 36.723 sec/batch
INFO:tensorflow:starting round: 2016-07-22 19:18:09.970878
I tensorflow/core/kernels/logging_ops.cc:79] aux_logits:[0]
I tensorflow/core/kernels/logging_ops.cc:79] cross_entropy_loss[0]
I tensorflow/core/kernels/logging_ops.cc:79] logits:[0]
I tensorflow/core/kernels/logging_ops.cc:79] cross_entropy_loss[0]
INFO:tensorflow:Step: 604, Loss: 5.455050, time: 30.686 sec/batch
INFO:tensorflow:starting round: 2016-07-22 19:18:40.657493
I tensorflow/core/kernels/logging_ops.cc:79] aux_logits:[0]
I tensorflow/core/kernels/logging_ops.cc:79] cross_entropy_loss[0]
I tensorflow/core/kernels/logging_ops.cc:79] logits:[0]
I tensorflow/core/kernels/logging_ops.cc:79] cross_entropy_loss[0]
INFO:tensorflow:Step: 612, Loss: 6.322435, time: 36.090 sec/batch
INFO:tensorflow:starting round: 2016-07-22 19:19:16.750620
I tensorflow/core/kernels/logging_ops.cc:79] aux_logits:[0]
I tensorflow/core/kernels/logging_ops.cc:79] cross_entropy_loss[0]
I tensorflow/core/kernels/logging_ops.cc:79] logits:[0]
I tensorflow/core/kernels/logging_ops.cc:79] cross_entropy_loss[0]
INFO:tensorflow:Step: 617, Loss: 5.679915, time: 34.693 sec/batch
INFO:tensorflow:starting round: 2016-07-22 19:19:51.444026
I tensorflow/core/kernels/logging_ops.cc:79] aux_logits:[0]
I tensorflow/core/kernels/logging_ops.cc:79] cross_entropy_loss[0]
I tensorflow/core/kernels/logging_ops.cc:79] logits:[0]
I tensorflow/core/kernels/logging_ops.cc:79] cross_entropy_loss[0]
INFO:tensorflow:Step: 624, Loss: 5.973823, time: 37.984 sec/batch
INFO:tensorflow:starting round: 2016-07-22 19:20:29.428188
I tensorflow/core/kernels/logging_ops.cc:79] aux_logits:[0]
I tensorflow/core/kernels/logging_ops.cc:79] cross_entropy_loss[0]
I tensorflow/core/kernels/logging_ops.cc:79] logits:[0]
I tensorflow/core/kernels/logging_ops.cc:79] cross_entropy_loss[0]
INFO:tensorflow:Step: 631, Loss: 5.486827, time: 31.676 sec/batch
INFO:tensorflow:starting round: 2016-07-22 19:21:01.105434
I tensorflow/core/kernels/logging_ops.cc:79] aux_logits:[0]
I tensorflow/core/kernels/logging_ops.cc:79] cross_entropy_loss[0]
I tensorflow/core/kernels/logging_ops.cc:79] logits:[0]
I tensorflow/core/kernels/logging_ops.cc:79] cross_entropy_loss[0]
INFO:tensorflow:Step: 638, Loss: 5.763785, time: 28.731 sec/batch
INFO:tensorflow:starting round: 2016-07-22 19:21:29.837139
I tensorflow/core/kernels/logging_ops.cc:79] aux_logits:[0]
I tensorflow/core/kernels/logging_ops.cc:79] cross_entropy_loss[0]
I tensorflow/core/kernels/logging_ops.cc:79] logits:[0]
I tensorflow/core/kernels/logging_ops.cc:79] cross_entropy_loss[0]
INFO:tensorflow:Step: 646, Loss: 6.413569, time: 34.801 sec/batch
INFO:tensorflow:starting round: 2016-07-22 19:22:04.640759
I tensorflow/core/kernels/logging_ops.cc:79] aux_logits:[0]
I tensorflow/core/kernels/logging_ops.cc:79] cross_entropy_loss[0]
I tensorflow/core/kernels/logging_ops.cc:79] logits:[0]
I tensorflow/core/kernels/logging_ops.cc:79] cross_entropy_loss[0]
INFO:tensorflow:Step: 653, Loss: 6.410327, time: 37.498 sec/batch
INFO:tensorflow:starting round: 2016-07-22 19:22:42.140565
I tensorflow/core/kernels/logging_ops.cc:79] aux_logits:[0]
I tensorflow/core/kernels/logging_ops.cc:79] cross_entropy_loss[0]
I tensorflow/core/kernels/logging_ops.cc:79] logits:[0]
I tensorflow/core/kernels/logging_ops.cc:79] cross_entropy_loss[0]
INFO:tensorflow:Step: 657, Loss: 5.535546, time: 29.131 sec/batch
INFO:tensorflow:starting round: 2016-07-22 19:23:11.272251
I tensorflow/core/kernels/logging_ops.cc:79] aux_logits:[0]
I tensorflow/core/kernels/logging_ops.cc:79] cross_entropy_loss[0]
I tensorflow/core/kernels/logging_ops.cc:79] logits:[0]
I tensorflow/core/kernels/logging_ops.cc:79] cross_entropy_loss[0]
INFO:tensorflow:Step: 662, Loss: 5.278531, time: 32.660 sec/batch
INFO:tensorflow:starting round: 2016-07-22 19:23:43.935306
I tensorflow/core/kernels/logging_ops.cc:79] aux_logits:[0]
I tensorflow/core/kernels/logging_ops.cc:79] cross_entropy_loss[0]
I tensorflow/core/kernels/logging_ops.cc:79] logits:[0]
I tensorflow/core/kernels/logging_ops.cc:79] cross_entropy_loss[0]
INFO:tensorflow:Step: 670, Loss: 5.815768, time: 27.841 sec/batch
INFO:tensorflow:starting round: 2016-07-22 19:24:11.776998
I tensorflow/core/kernels/logging_ops.cc:79] aux_logits:[0]
I tensorflow/core/kernels/logging_ops.cc:79] cross_entropy_loss[0]
I tensorflow/core/kernels/logging_ops.cc:79] logits:[0]
I tensorflow/core/kernels/logging_ops.cc:79] cross_entropy_loss[0]
INFO:tensorflow:Step: 678, Loss: 5.239323, time: 31.862 sec/batch
INFO:tensorflow:starting round: 2016-07-22 19:24:43.639753
I tensorflow/core/kernels/logging_ops.cc:79] aux_logits:[0]
I tensorflow/core/kernels/logging_ops.cc:79] cross_entropy_loss[0]
I tensorflow/core/kernels/logging_ops.cc:79] logits:[0]
I tensorflow/core/kernels/logging_ops.cc:79] cross_entropy_loss[0]
INFO:tensorflow:Step: 684, Loss: 5.154981, time: 39.567 sec/batch
INFO:tensorflow:starting round: 2016-07-22 19:25:23.208867
I tensorflow/core/kernels/logging_ops.cc:79] aux_logits:[0]
I tensorflow/core/kernels/logging_ops.cc:79] cross_entropy_loss[0]
I tensorflow/core/kernels/logging_ops.cc:79] logits:[0]
I tensorflow/core/kernels/logging_ops.cc:79] cross_entropy_loss[0]
INFO:tensorflow:Step: 688, Loss: 5.161198, time: 29.567 sec/batch
INFO:tensorflow:starting round: 2016-07-22 19:25:52.776929
I tensorflow/core/kernels/logging_ops.cc:79] aux_logits:[0]
I tensorflow/core/kernels/logging_ops.cc:79] cross_entropy_loss[0]
I tensorflow/core/kernels/logging_ops.cc:79] logits:[0]
I tensorflow/core/kernels/logging_ops.cc:79] cross_entropy_loss[0]
INFO:tensorflow:Step: 695, Loss: 5.035312, time: 26.591 sec/batch
INFO:tensorflow:starting round: 2016-07-22 19:26:19.368738
I tensorflow/core/kernels/logging_ops.cc:79] aux_logits:[0]
I tensorflow/core/kernels/logging_ops.cc:79] cross_entropy_loss[0]
I tensorflow/core/kernels/logging_ops.cc:79] logits:[0]
I tensorflow/core/kernels/logging_ops.cc:79] cross_entropy_loss[0]
INFO:tensorflow:Step: 702, Loss: 5.185727, time: 32.807 sec/batch
INFO:tensorflow:starting round: 2016-07-22 19:26:52.177051
I tensorflow/core/kernels/logging_ops.cc:79] aux_logits:[0]
I tensorflow/core/kernels/logging_ops.cc:79] cross_entropy_loss[0]
I tensorflow/core/kernels/logging_ops.cc:79] logits:[0]
I tensorflow/core/kernels/logging_ops.cc:79] cross_entropy_loss[0]
INFO:tensorflow:Step: 707, Loss: 5.328436, time: 31.245 sec/batch
INFO:tensorflow:starting round: 2016-07-22 19:27:23.422882
I tensorflow/core/kernels/logging_ops.cc:79] aux_logits:[0]
I tensorflow/core/kernels/logging_ops.cc:79] cross_entropy_loss[0]
I tensorflow/core/kernels/logging_ops.cc:79] logits:[0]
I tensorflow/core/kernels/logging_ops.cc:79] cross_entropy_loss[0]
INFO:tensorflow:Step: 712, Loss: 5.294002, time: 33.425 sec/batch
INFO:tensorflow:starting round: 2016-07-22 19:27:56.848963
I tensorflow/core/kernels/logging_ops.cc:79] aux_logits:[0]
I tensorflow/core/kernels/logging_ops.cc:79] cross_entropy_loss[0]
I tensorflow/core/kernels/logging_ops.cc:79] logits:[0]
I tensorflow/core/kernels/logging_ops.cc:79] cross_entropy_loss[0]
INFO:tensorflow:Step: 720, Loss: 5.568209, time: 32.910 sec/batch
INFO:tensorflow:starting round: 2016-07-22 19:28:29.759843
I tensorflow/core/kernels/logging_ops.cc:79] aux_logits:[0]
I tensorflow/core/kernels/logging_ops.cc:79] cross_entropy_loss[0]
I tensorflow/core/kernels/logging_ops.cc:79] logits:[0]
I tensorflow/core/kernels/logging_ops.cc:79] cross_entropy_loss[0]
run-expr-32node.sh: line 23: 71897 Terminated              CUDA_VISIBLE_DEVICES='' bazel-bin/inception/imagenet_distributed_train --batch_size=16 --data_dir=/lfs/local/0/daniter/32node-data-$2 --job_name='worker' --task_id=$2 --ps_hosts='raiders1:2200' --worker_hosts='raiders1:2201,raiders1:2202,raiders1:2203,raiders1:2204,raiders1:2205,raiders1:2206,raiders1:2207,raiders1:2208,raiders1:2209,raiders1:2210,raiders1:2211,raiders3:2212,raiders3:2213,raiders3:2214,raiders3:2215,raiders3:2216,raiders3:2217,raiders3:2218,raiders3:2219,raiders3:2220,raiders3:2221,raiders3:2222,raiders8:2223,raiders8:2224,raiders8:2225,raiders8:2226,raiders8:2227,raiders8:2228,raiders8:2228,raiders8:2230,raiders8:2231,raiders8:2232' --initial_learning_rate=$3 --momentum=$4 --sync=True --compute_groups=$5
