DISPLAY "(null)" invalid; disabling X11 forwarding
I tensorflow/stream_executor/dso_loader.cc:108] successfully opened CUDA library libcublas.so locally
I tensorflow/stream_executor/dso_loader.cc:108] successfully opened CUDA library libcudnn.so locally
I tensorflow/stream_executor/dso_loader.cc:108] successfully opened CUDA library libcufft.so locally
I tensorflow/stream_executor/dso_loader.cc:108] successfully opened CUDA library libcuda.so locally
I tensorflow/stream_executor/dso_loader.cc:108] successfully opened CUDA library libcurand.so locally
INFO:tensorflow:PS hosts are: ['raiders1:2200']
INFO:tensorflow:Worker hosts are: ['raiders1:2201', 'raiders1:2202', 'raiders1:2203', 'raiders1:2204', 'raiders2:2205', 'raiders2:2206', 'raiders2:2207', 'raiders2:2208', 'raiders3:2209', 'raiders3:2210', 'raiders3:2211', 'raiders3:2212', 'raiders8:2213', 'raiders8:2214', 'raiders8:2215', 'raiders8:2216']
E tensorflow/stream_executor/cuda/cuda_driver.cc:491] failed call to cuInit: CUDA_ERROR_NO_DEVICE
I tensorflow/stream_executor/cuda/cuda_diagnostics.cc:153] retrieving CUDA diagnostic information for host: raiders3
I tensorflow/stream_executor/cuda/cuda_diagnostics.cc:160] hostname: raiders3
I tensorflow/stream_executor/cuda/cuda_diagnostics.cc:185] libcuda reported version is: Not found: was unable to find libcuda.so DSO loaded into this program
I tensorflow/stream_executor/cuda/cuda_diagnostics.cc:347] driver version file contents: """NVRM version: NVIDIA UNIX x86_64 Kernel Module  367.27  Thu Jun  9 18:53:27 PDT 2016
GCC version:  gcc version 4.8.4 (Ubuntu 4.8.4-2ubuntu1~14.04.3) 
"""
I tensorflow/stream_executor/cuda/cuda_diagnostics.cc:189] kernel reported version is: 367.27.0
I tensorflow/core/common_runtime/gpu/gpu_init.cc:81] No GPU devices available on machine.
I tensorflow/core/distributed_runtime/rpc/grpc_channel.cc:206] Initialize HostPortsGrpcChannelCache for job ps -> {raiders1:2200}
I tensorflow/core/distributed_runtime/rpc/grpc_channel.cc:206] Initialize HostPortsGrpcChannelCache for job worker -> {raiders1:2201, raiders1:2202, raiders1:2203, raiders1:2204, raiders2:2205, raiders2:2206, raiders2:2207, raiders2:2208, localhost:2209, raiders3:2210, raiders3:2211, raiders3:2212, raiders8:2213, raiders8:2214, raiders8:2215, raiders8:2216}
I tensorflow/core/distributed_runtime/rpc/grpc_server_lib.cc:202] Started server with target: grpc://localhost:2209
INFO:tensorflow:Learning rate: 0.002500, momentum: 0.300000
INFO:tensorflow:Sync mode!!!!!!
INFO:tensorflow:Compute groups : 4
INFO:tensorflow:SyncReplicas enabled: replicas_to_aggregate=16; total_num_replicas=16
INFO:tensorflow:Num nodes per compute groups: 4
INFO:tensorflow:Tokens per step: 4
INFO:tensorflow:2016-07-26 03:42:56.927106 Supervisor
INFO:tensorflow:got sessions! 2016-07-26 03:43:12.422321 
INFO:tensorflow:Started 3 queues for processing input data.
INFO:tensorflow:Step: 399, Loss: 5.386598, time: 20.393 sec/batch
INFO:tensorflow:Step: 399, Loss: 5.189295, time: 13.126 sec/batch
INFO:tensorflow:Step: 403, Loss: 5.612153, time: 15.014 sec/batch
INFO:tensorflow:Step: 407, Loss: 5.346552, time: 13.474 sec/batch
INFO:tensorflow:Step: 409, Loss: 5.716069, time: 12.484 sec/batch
INFO:tensorflow:Step: 413, Loss: 5.383423, time: 16.009 sec/batch
INFO:tensorflow:Step: 417, Loss: 5.201991, time: 11.028 sec/batch
INFO:tensorflow:Step: 418, Loss: 4.929840, time: 7.008 sec/batch
INFO:tensorflow:Step: 420, Loss: 5.319888, time: 11.552 sec/batch
INFO:tensorflow:Step: 424, Loss: 5.294838, time: 15.785 sec/batch
INFO:tensorflow:Step: 428, Loss: 5.496723, time: 11.459 sec/batch
INFO:tensorflow:Step: 432, Loss: 5.538429, time: 12.266 sec/batch
INFO:tensorflow:Step: 434, Loss: 5.279029, time: 10.776 sec/batch
INFO:tensorflow:Step: 438, Loss: 5.058674, time: 13.074 sec/batch
INFO:tensorflow:Step: 440, Loss: 5.301835, time: 14.928 sec/batch
INFO:tensorflow:Step: 444, Loss: 6.037301, time: 11.117 sec/batch
INFO:tensorflow:Step: 448, Loss: 5.743349, time: 10.516 sec/batch
INFO:tensorflow:Step: 452, Loss: 5.248276, time: 11.461 sec/batch
INFO:tensorflow:Step: 455, Loss: 5.824636, time: 10.559 sec/batch
INFO:tensorflow:Step: 458, Loss: 4.967186, time: 9.926 sec/batch
INFO:tensorflow:Step: 461, Loss: 5.599720, time: 12.475 sec/batch
INFO:tensorflow:Step: 464, Loss: 4.922293, time: 13.800 sec/batch
INFO:tensorflow:Step: 467, Loss: 5.671587, time: 9.910 sec/batch
INFO:tensorflow:Step: 470, Loss: 5.646624, time: 10.267 sec/batch
INFO:tensorflow:Step: 472, Loss: 5.019756, time: 7.506 sec/batch
INFO:tensorflow:Step: 474, Loss: 5.458973, time: 9.569 sec/batch
INFO:tensorflow:Step: 476, Loss: 5.335032, time: 9.100 sec/batch
INFO:tensorflow:Step: 479, Loss: 5.353528, time: 9.506 sec/batch
INFO:tensorflow:Step: 481, Loss: 5.161710, time: 9.992 sec/batch
INFO:tensorflow:Step: 484, Loss: 5.069427, time: 7.493 sec/batch
INFO:tensorflow:Step: 486, Loss: 5.275975, time: 11.866 sec/batch
INFO:tensorflow:Step: 489, Loss: 5.576711, time: 8.899 sec/batch
INFO:tensorflow:Step: 491, Loss: 5.287870, time: 9.369 sec/batch
INFO:tensorflow:Step: 493, Loss: 5.106660, time: 9.635 sec/batch
INFO:tensorflow:Step: 495, Loss: 5.181517, time: 9.989 sec/batch
INFO:tensorflow:Step: 498, Loss: 5.536206, time: 9.793 sec/batch
INFO:tensorflow:Step: 500, Loss: 5.182955, time: 9.728 sec/batch
INFO:tensorflow:Step: 503, Loss: 4.981015, time: 10.240 sec/batch
INFO:tensorflow:Step: 505, Loss: 6.223828, time: 10.980 sec/batch
INFO:tensorflow:Step: 508, Loss: 5.212224, time: 8.720 sec/batch
INFO:tensorflow:Step: 510, Loss: 5.138933, time: 10.071 sec/batch
INFO:tensorflow:Step: 512, Loss: 5.629329, time: 8.672 sec/batch
INFO:tensorflow:Step: 515, Loss: 5.652708, time: 10.632 sec/batch
INFO:tensorflow:Step: 518, Loss: 5.857068, time: 10.938 sec/batch
INFO:tensorflow:Step: 521, Loss: 5.226504, time: 10.897 sec/batch
INFO:tensorflow:Step: 524, Loss: 4.999385, time: 17.557 sec/batch
INFO:tensorflow:Step: 528, Loss: 5.273773, time: 18.811 sec/batch
INFO:tensorflow:Step: 532, Loss: 5.543353, time: 18.760 sec/batch
INFO:tensorflow:Step: 536, Loss: 5.628368, time: 20.290 sec/batch
INFO:tensorflow:Step: 540, Loss: 5.399206, time: 21.154 sec/batch
INFO:tensorflow:Step: 544, Loss: 5.384449, time: 19.095 sec/batch
INFO:tensorflow:Step: 548, Loss: 5.537207, time: 23.979 sec/batch
INFO:tensorflow:Step: 552, Loss: 5.026895, time: 17.972 sec/batch
INFO:tensorflow:Step: 556, Loss: 5.136017, time: 19.950 sec/batch
INFO:tensorflow:Step: 560, Loss: 5.764269, time: 27.207 sec/batch
INFO:tensorflow:Step: 564, Loss: 5.102207, time: 24.024 sec/batch
INFO:tensorflow:Step: 568, Loss: 5.113358, time: 21.886 sec/batch
INFO:tensorflow:Step: 572, Loss: 5.589179, time: 17.811 sec/batch
INFO:tensorflow:Step: 576, Loss: 5.349550, time: 17.957 sec/batch
INFO:tensorflow:Step: 580, Loss: 5.551071, time: 19.660 sec/batch
INFO:tensorflow:Step: 584, Loss: 5.926481, time: 15.437 sec/batch
INFO:tensorflow:Step: 588, Loss: 5.385757, time: 15.102 sec/batch
INFO:tensorflow:Step: 592, Loss: 4.630174, time: 17.294 sec/batch
INFO:tensorflow:Step: 596, Loss: 5.618337, time: 19.367 sec/batch
INFO:tensorflow:Step: 600, Loss: 5.144853, time: 17.036 sec/batch
INFO:tensorflow:Step: 604, Loss: 5.234110, time: 22.049 sec/batch
INFO:tensorflow:Step: 608, Loss: 5.429055, time: 19.192 sec/batch
INFO:tensorflow:Step: 612, Loss: 5.479615, time: 15.072 sec/batch
INFO:tensorflow:Step: 615, Loss: 4.988951, time: 17.356 sec/batch
INFO:tensorflow:Step: 619, Loss: 5.561404, time: 17.709 sec/batch
INFO:tensorflow:Step: 623, Loss: 5.113797, time: 22.628 sec/batch
INFO:tensorflow:Step: 627, Loss: 5.474092, time: 19.310 sec/batch
INFO:tensorflow:Step: 631, Loss: 5.041676, time: 17.930 sec/batch
INFO:tensorflow:Step: 635, Loss: 6.028997, time: 15.378 sec/batch
INFO:tensorflow:Step: 639, Loss: 4.976871, time: 15.749 sec/batch
INFO:tensorflow:Step: 643, Loss: 5.660150, time: 16.921 sec/batch
INFO:tensorflow:Step: 647, Loss: 4.901150, time: 21.318 sec/batch
INFO:tensorflow:Step: 651, Loss: 5.425276, time: 23.095 sec/batch
INFO:tensorflow:Step: 655, Loss: 5.461234, time: 19.283 sec/batch
INFO:tensorflow:Step: 659, Loss: 5.678449, time: 19.259 sec/batch
INFO:tensorflow:Step: 663, Loss: 5.328270, time: 19.623 sec/batch
INFO:tensorflow:Step: 667, Loss: 5.822856, time: 18.647 sec/batch
INFO:tensorflow:Step: 671, Loss: 4.920459, time: 15.931 sec/batch
INFO:tensorflow:Step: 675, Loss: 5.780759, time: 16.012 sec/batch
INFO:tensorflow:Step: 678, Loss: 5.760882, time: 21.291 sec/batch
INFO:tensorflow:Step: 682, Loss: 5.061969, time: 17.259 sec/batch
INFO:tensorflow:Step: 686, Loss: 5.073636, time: 17.412 sec/batch
INFO:tensorflow:Step: 690, Loss: 5.348443, time: 17.423 sec/batch
INFO:tensorflow:Step: 695, Loss: 5.131624, time: 18.850 sec/batch
INFO:tensorflow:Step: 699, Loss: 5.364773, time: 19.825 sec/batch
INFO:tensorflow:Step: 703, Loss: 5.688434, time: 20.483 sec/batch
INFO:tensorflow:Step: 707, Loss: 5.003229, time: 23.141 sec/batch
INFO:tensorflow:Step: 711, Loss: 5.229183, time: 21.026 sec/batch
INFO:tensorflow:Step: 715, Loss: 5.055675, time: 21.939 sec/batch
INFO:tensorflow:Step: 719, Loss: 5.643748, time: 19.063 sec/batch
INFO:tensorflow:Step: 723, Loss: 5.446939, time: 18.885 sec/batch
INFO:tensorflow:Step: 727, Loss: 5.026050, time: 21.918 sec/batch
INFO:tensorflow:Step: 730, Loss: 5.354514, time: 24.208 sec/batch
INFO:tensorflow:Step: 734, Loss: 5.534281, time: 22.973 sec/batch
INFO:tensorflow:Step: 738, Loss: 5.308853, time: 23.630 sec/batch
INFO:tensorflow:Step: 742, Loss: 5.200011, time: 23.005 sec/batch
INFO:tensorflow:Step: 746, Loss: 5.057453, time: 25.548 sec/batch
INFO:tensorflow:Step: 750, Loss: 5.314256, time: 21.893 sec/batch
INFO:tensorflow:Step: 754, Loss: 5.144330, time: 26.513 sec/batch
INFO:tensorflow:Step: 758, Loss: 4.924531, time: 22.383 sec/batch
INFO:tensorflow:Step: 762, Loss: 6.249466, time: 20.316 sec/batch
INFO:tensorflow:Step: 766, Loss: 5.656224, time: 26.339 sec/batch
INFO:tensorflow:Step: 770, Loss: 5.280820, time: 22.633 sec/batch
INFO:tensorflow:Step: 774, Loss: 5.104559, time: 28.149 sec/batch
INFO:tensorflow:Step: 778, Loss: 5.262970, time: 23.435 sec/batch
INFO:tensorflow:Step: 782, Loss: 5.234714, time: 21.318 sec/batch
INFO:tensorflow:Step: 786, Loss: 5.209936, time: 22.928 sec/batch
INFO:tensorflow:Step: 790, Loss: 5.211057, time: 25.848 sec/batch
INFO:tensorflow:Step: 794, Loss: 5.464670, time: 21.674 sec/batch
INFO:tensorflow:Step: 798, Loss: 5.479975, time: 23.595 sec/batch
INFO:tensorflow:Step: 802, Loss: 5.310299, time: 25.606 sec/batch
INFO:tensorflow:Step: 806, Loss: 5.286462, time: 25.584 sec/batch
INFO:tensorflow:Step: 810, Loss: 5.242941, time: 28.468 sec/batch
INFO:tensorflow:Step: 814, Loss: 5.573308, time: 36.465 sec/batch
INFO:tensorflow:Step: 818, Loss: 5.464882, time: 26.853 sec/batch
INFO:tensorflow:Step: 822, Loss: 5.403289, time: 27.154 sec/batch
INFO:tensorflow:Step: 826, Loss: 5.217982, time: 24.538 sec/batch
INFO:tensorflow:Step: 830, Loss: 5.257107, time: 21.966 sec/batch
INFO:tensorflow:Step: 834, Loss: 5.353017, time: 27.888 sec/batch
INFO:tensorflow:Step: 838, Loss: 5.271839, time: 27.014 sec/batch
INFO:tensorflow:Step: 842, Loss: 5.386209, time: 27.744 sec/batch
INFO:tensorflow:Step: 846, Loss: 5.019484, time: 35.475 sec/batch
INFO:tensorflow:Step: 850, Loss: 5.294003, time: 28.456 sec/batch
INFO:tensorflow:Step: 854, Loss: 5.469499, time: 31.398 sec/batch
INFO:tensorflow:Step: 858, Loss: 5.240828, time: 32.099 sec/batch
INFO:tensorflow:Step: 862, Loss: 5.877269, time: 27.786 sec/batch
INFO:tensorflow:Step: 866, Loss: 4.885828, time: 48.650 sec/batch
INFO:tensorflow:Step: 870, Loss: 5.423386, time: 35.502 sec/batch
INFO:tensorflow:Step: 874, Loss: 5.306140, time: 37.573 sec/batch
INFO:tensorflow:Step: 878, Loss: 5.007710, time: 38.637 sec/batch
INFO:tensorflow:Step: 882, Loss: 5.196818, time: 49.683 sec/batch
run-expr-32node.sh: line 23: 97126 Terminated              CUDA_VISIBLE_DEVICES='' bazel-bin/inception/imagenet_distributed_train --batch_size=16 --data_dir=/lfs/local/0/daniter/16node-data-$2 --job_name='worker' --task_id=$2 --ps_hosts='raiders1:2200' --worker_hosts='raiders1:2201,raiders1:2202,raiders1:2203,raiders1:2204,raiders2:2205,raiders2:2206,raiders2:2207,raiders2:2208,raiders3:2209,raiders3:2210,raiders3:2211,raiders3:2212,raiders8:2213,raiders8:2214,raiders8:2215,raiders8:2216' --initial_learning_rate=$3 --momentum=$4 --sync=True --compute_groups=$5
