DISPLAY "(null)" invalid; disabling X11 forwarding
I tensorflow/stream_executor/dso_loader.cc:108] successfully opened CUDA library libcublas.so locally
I tensorflow/stream_executor/dso_loader.cc:108] successfully opened CUDA library libcudnn.so locally
I tensorflow/stream_executor/dso_loader.cc:108] successfully opened CUDA library libcufft.so locally
I tensorflow/stream_executor/dso_loader.cc:108] successfully opened CUDA library libcuda.so locally
I tensorflow/stream_executor/dso_loader.cc:108] successfully opened CUDA library libcurand.so locally
INFO:tensorflow:PS hosts are: ['raiders1:2228']
INFO:tensorflow:Worker hosts are: ['raiders1:2200', 'raiders1:2201', 'raiders3:2209', 'raiders3:2210']
I tensorflow/core/common_runtime/gpu/gpu_init.cc:102] Found device 0 with properties: 
name: GeForce GTX TITAN X
major: 5 minor: 2 memoryClockRate (GHz) 1.076
pciBusID 0000:43:00.0
Total memory: 11.92GiB
Free memory: 11.81GiB
I tensorflow/core/common_runtime/gpu/gpu_init.cc:126] DMA: 0 
I tensorflow/core/common_runtime/gpu/gpu_init.cc:136] 0:   Y 
I tensorflow/core/common_runtime/gpu/gpu_device.cc:806] Creating TensorFlow device (/gpu:0) -> (device: 0, name: GeForce GTX TITAN X, pci bus id: 0000:43:00.0)
I tensorflow/core/distributed_runtime/rpc/grpc_channel.cc:206] Initialize HostPortsGrpcChannelCache for job ps -> {raiders1:2228}
I tensorflow/core/distributed_runtime/rpc/grpc_channel.cc:206] Initialize HostPortsGrpcChannelCache for job worker -> {raiders1:2200, raiders1:2201, raiders3:2209, localhost:2210}
I tensorflow/core/distributed_runtime/rpc/grpc_server_lib.cc:202] Started server with target: grpc://localhost:2210
INFO:tensorflow:Learning rate: 0.010000, momentum: 0.750000
INFO:tensorflow:Sync mode!!!!!!
INFO:tensorflow:Compute groups : 1
INFO:tensorflow:SyncReplicas enabled: replicas_to_aggregate=4; total_num_replicas=4
INFO:tensorflow:Num nodes per compute groups: 4
INFO:tensorflow:Tokens per step: 4
INFO:tensorflow:2016-07-20 05:25:04.968815 Supervisor
INFO:tensorflow:got sessions!
INFO:tensorflow:Started 3 queues for processing input data.
I tensorflow/core/common_runtime/gpu/pool_allocator.cc:244] PoolAllocator: After 3576 get requests, put_count=2565 evicted_count=1000 eviction_rate=0.389864 and unsatisfied allocation rate=0.590324
I tensorflow/core/common_runtime/gpu/pool_allocator.cc:256] Raising pool_size_limit_ from 100 to 110
INFO:tensorflow:Step: 399, Loss: 5.168944, time: 26.785 sec/batch
INFO:tensorflow:Step: 399, Loss: 5.288794, time: 1.798 sec/batch
INFO:tensorflow:Step: 400, Loss: 5.586318, time: 3.906 sec/batch
INFO:tensorflow:Step: 401, Loss: 5.143834, time: 2.395 sec/batch
INFO:tensorflow:Step: 402, Loss: 5.631108, time: 3.462 sec/batch
I tensorflow/core/common_runtime/gpu/pool_allocator.cc:244] PoolAllocator: After 0 get requests, put_count=1016 evicted_count=1000 eviction_rate=0.984252 and unsatisfied allocation rate=0
INFO:tensorflow:Step: 403, Loss: 5.310967, time: 2.347 sec/batch
INFO:tensorflow:Step: 404, Loss: 5.409775, time: 2.597 sec/batch
INFO:tensorflow:Step: 405, Loss: 5.143353, time: 2.442 sec/batch
INFO:tensorflow:Step: 406, Loss: 5.318907, time: 3.132 sec/batch
INFO:tensorflow:Step: 407, Loss: 5.295852, time: 1.864 sec/batch
I tensorflow/core/common_runtime/gpu/pool_allocator.cc:244] PoolAllocator: After 0 get requests, put_count=1025 evicted_count=1000 eviction_rate=0.97561 and unsatisfied allocation rate=0
INFO:tensorflow:Step: 408, Loss: 5.532251, time: 1.789 sec/batch
INFO:tensorflow:Step: 409, Loss: 5.310676, time: 3.151 sec/batch
INFO:tensorflow:Step: 410, Loss: 5.256671, time: 2.114 sec/batch
INFO:tensorflow:Step: 411, Loss: 5.453142, time: 3.846 sec/batch
INFO:tensorflow:Step: 412, Loss: 5.604613, time: 2.688 sec/batch
INFO:tensorflow:Step: 413, Loss: 5.453715, time: 3.873 sec/batch
I tensorflow/core/common_runtime/gpu/pool_allocator.cc:244] PoolAllocator: After 0 get requests, put_count=1044 evicted_count=1000 eviction_rate=0.957854 and unsatisfied allocation rate=0
INFO:tensorflow:Step: 414, Loss: 5.121298, time: 2.567 sec/batch
INFO:tensorflow:Step: 415, Loss: 5.310588, time: 2.236 sec/batch
INFO:tensorflow:Step: 416, Loss: 5.209887, time: 2.714 sec/batch
INFO:tensorflow:Step: 417, Loss: 5.081983, time: 2.524 sec/batch
INFO:tensorflow:Step: 418, Loss: 5.212783, time: 3.570 sec/batch
INFO:tensorflow:Step: 419, Loss: 5.111833, time: 1.917 sec/batch
INFO:tensorflow:Step: 420, Loss: 5.092312, time: 1.839 sec/batch
I tensorflow/core/common_runtime/gpu/pool_allocator.cc:244] PoolAllocator: After 3576 get requests, put_count=4414 evicted_count=2000 eviction_rate=0.453104 and unsatisfied allocation rate=0.347036
I tensorflow/core/common_runtime/gpu/pool_allocator.cc:256] Raising pool_size_limit_ from 871 to 958
INFO:tensorflow:Step: 421, Loss: 5.114710, time: 1.766 sec/batch
INFO:tensorflow:Step: 422, Loss: 5.309955, time: 3.557 sec/batch
INFO:tensorflow:Step: 423, Loss: 5.153068, time: 2.875 sec/batch
INFO:tensorflow:Step: 424, Loss: 5.167226, time: 3.376 sec/batch
INFO:tensorflow:Step: 425, Loss: 4.998116, time: 3.316 sec/batch
INFO:tensorflow:Step: 426, Loss: 5.282318, time: 2.841 sec/batch
INFO:tensorflow:Step: 427, Loss: 5.076014, time: 2.346 sec/batch
INFO:tensorflow:Step: 428, Loss: 5.537408, time: 2.328 sec/batch
INFO:tensorflow:Step: 429, Loss: 5.203197, time: 1.748 sec/batch
INFO:tensorflow:Step: 430, Loss: 5.171257, time: 3.242 sec/batch
INFO:tensorflow:Step: 431, Loss: 5.231019, time: 3.500 sec/batch
INFO:tensorflow:Step: 432, Loss: 5.242162, time: 2.849 sec/batch
INFO:tensorflow:Step: 433, Loss: 5.067286, time: 2.281 sec/batch
INFO:tensorflow:Step: 434, Loss: 5.265194, time: 3.535 sec/batch
INFO:tensorflow:Step: 435, Loss: 5.155177, time: 2.635 sec/batch
INFO:tensorflow:Step: 436, Loss: 5.058352, time: 3.380 sec/batch
INFO:tensorflow:Step: 437, Loss: 5.330763, time: 2.010 sec/batch
INFO:tensorflow:Step: 438, Loss: 5.334090, time: 3.178 sec/batch
INFO:tensorflow:Step: 439, Loss: 5.101717, time: 2.893 sec/batch
INFO:tensorflow:Step: 440, Loss: 5.098872, time: 3.495 sec/batch
INFO:tensorflow:Step: 441, Loss: 5.116549, time: 3.425 sec/batch
INFO:tensorflow:Step: 442, Loss: 5.038404, time: 1.902 sec/batch
INFO:tensorflow:Step: 443, Loss: 5.047760, time: 3.556 sec/batch
INFO:tensorflow:Step: 444, Loss: 5.243461, time: 2.434 sec/batch
INFO:tensorflow:Step: 445, Loss: 5.206908, time: 2.789 sec/batch
INFO:tensorflow:Step: 446, Loss: 5.106405, time: 2.819 sec/batch
INFO:tensorflow:Step: 447, Loss: 5.334379, time: 3.334 sec/batch
INFO:tensorflow:Step: 448, Loss: 4.916112, time: 3.242 sec/batch
INFO:tensorflow:Step: 449, Loss: 4.959116, time: 2.705 sec/batch
INFO:tensorflow:Step: 450, Loss: 5.093389, time: 2.837 sec/batch
INFO:tensorflow:Step: 451, Loss: 5.000889, time: 2.099 sec/batch
INFO:tensorflow:Step: 452, Loss: 5.173440, time: 3.287 sec/batch
INFO:tensorflow:Step: 453, Loss: 5.084294, time: 3.644 sec/batch
INFO:tensorflow:Step: 454, Loss: 5.049755, time: 2.713 sec/batch
INFO:tensorflow:Step: 455, Loss: 5.257554, time: 2.345 sec/batch
INFO:tensorflow:Step: 456, Loss: 5.043508, time: 3.276 sec/batch
INFO:tensorflow:Step: 457, Loss: 5.158949, time: 2.524 sec/batch
INFO:tensorflow:Step: 458, Loss: 4.954134, time: 2.839 sec/batch
INFO:tensorflow:Step: 459, Loss: 5.035387, time: 2.205 sec/batch
INFO:tensorflow:Step: 460, Loss: 5.343337, time: 2.353 sec/batch
INFO:tensorflow:Step: 461, Loss: 5.168766, time: 3.488 sec/batch
INFO:tensorflow:Step: 462, Loss: 4.950705, time: 2.653 sec/batch
INFO:tensorflow:Step: 463, Loss: 5.223173, time: 3.138 sec/batch
INFO:tensorflow:Step: 464, Loss: 5.123250, time: 3.186 sec/batch
INFO:tensorflow:Step: 465, Loss: 5.330388, time: 2.130 sec/batch
INFO:tensorflow:Step: 466, Loss: 5.211164, time: 3.526 sec/batch
INFO:tensorflow:Step: 467, Loss: 5.108187, time: 1.688 sec/batch
INFO:tensorflow:Step: 468, Loss: 5.072167, time: 2.669 sec/batch
INFO:tensorflow:Step: 469, Loss: 5.065889, time: 2.000 sec/batch
INFO:tensorflow:Step: 470, Loss: 5.114114, time: 1.866 sec/batch
INFO:tensorflow:Step: 471, Loss: 5.331439, time: 1.794 sec/batch
INFO:tensorflow:Step: 472, Loss: 5.303083, time: 1.707 sec/batch
INFO:tensorflow:Step: 473, Loss: 5.084834, time: 2.681 sec/batch
INFO:tensorflow:Step: 474, Loss: 4.894773, time: 3.129 sec/batch
INFO:tensorflow:Step: 475, Loss: 5.014212, time: 3.391 sec/batch
INFO:tensorflow:Step: 476, Loss: 4.984593, time: 3.171 sec/batch
INFO:tensorflow:Step: 477, Loss: 5.155396, time: 3.340 sec/batch
INFO:tensorflow:Step: 478, Loss: 5.123827, time: 2.882 sec/batch
INFO:tensorflow:Step: 479, Loss: 5.034066, time: 2.314 sec/batch
INFO:tensorflow:Step: 480, Loss: 5.002610, time: 3.225 sec/batch
INFO:tensorflow:Step: 481, Loss: 5.016541, time: 2.901 sec/batch
INFO:tensorflow:Step: 482, Loss: 4.780699, time: 3.222 sec/batch
INFO:tensorflow:Step: 483, Loss: 4.885622, time: 2.782 sec/batch
INFO:tensorflow:Step: 484, Loss: 5.016578, time: 2.481 sec/batch
INFO:tensorflow:Step: 485, Loss: 4.942416, time: 2.609 sec/batch
INFO:tensorflow:Step: 486, Loss: 5.055799, time: 2.908 sec/batch
INFO:tensorflow:Step: 487, Loss: 5.133869, time: 3.072 sec/batch
INFO:tensorflow:Step: 488, Loss: 5.058646, time: 2.604 sec/batch
INFO:tensorflow:Step: 489, Loss: 5.076214, time: 2.659 sec/batch
INFO:tensorflow:Step: 490, Loss: 4.923485, time: 2.934 sec/batch
INFO:tensorflow:Step: 491, Loss: 4.746855, time: 3.478 sec/batch
INFO:tensorflow:Step: 492, Loss: 5.180571, time: 3.797 sec/batch
INFO:tensorflow:Step: 493, Loss: 5.009659, time: 3.370 sec/batch
INFO:tensorflow:Step: 494, Loss: 5.218065, time: 3.164 sec/batch
INFO:tensorflow:Step: 495, Loss: 5.092469, time: 1.645 sec/batch
INFO:tensorflow:Step: 496, Loss: 5.381192, time: 3.461 sec/batch
INFO:tensorflow:Step: 497, Loss: 4.981911, time: 2.789 sec/batch
INFO:tensorflow:Step: 498, Loss: 5.044625, time: 2.481 sec/batch
INFO:tensorflow:Step: 499, Loss: 4.948483, time: 2.005 sec/batch
INFO:tensorflow:Step: 500, Loss: 5.020755, time: 1.835 sec/batch
INFO:tensorflow:Step: 501, Loss: 4.962359, time: 3.070 sec/batch
INFO:tensorflow:Step: 502, Loss: 5.096805, time: 2.823 sec/batch
INFO:tensorflow:Step: 503, Loss: 5.199086, time: 1.971 sec/batch
INFO:tensorflow:Step: 504, Loss: 5.032128, time: 2.844 sec/batch
INFO:tensorflow:Step: 505, Loss: 4.905651, time: 3.328 sec/batch
INFO:tensorflow:Step: 506, Loss: 5.070070, time: 2.117 sec/batch
INFO:tensorflow:Step: 507, Loss: 5.224048, time: 2.421 sec/batch
INFO:tensorflow:Step: 508, Loss: 5.029051, time: 2.965 sec/batch
INFO:tensorflow:Step: 509, Loss: 5.057906, time: 3.441 sec/batch
INFO:tensorflow:Step: 510, Loss: 4.992849, time: 3.341 sec/batch
INFO:tensorflow:Step: 511, Loss: 5.121988, time: 3.115 sec/batch
INFO:tensorflow:Step: 512, Loss: 4.817074, time: 1.946 sec/batch
INFO:tensorflow:Step: 513, Loss: 4.952064, time: 1.721 sec/batch
INFO:tensorflow:Step: 514, Loss: 5.208521, time: 2.394 sec/batch
INFO:tensorflow:Step: 515, Loss: 4.764133, time: 2.930 sec/batch
INFO:tensorflow:Step: 516, Loss: 4.956733, time: 3.660 sec/batch
INFO:tensorflow:Step: 517, Loss: 5.101213, time: 2.820 sec/batch
INFO:tensorflow:Step: 518, Loss: 4.788250, time: 2.511 sec/batch
INFO:tensorflow:Step: 519, Loss: 4.672453, time: 2.420 sec/batch
INFO:tensorflow:Step: 520, Loss: 5.064894, time: 3.385 sec/batch
INFO:tensorflow:Step: 521, Loss: 4.756762, time: 3.162 sec/batch
INFO:tensorflow:Step: 522, Loss: 5.023592, time: 2.267 sec/batch
INFO:tensorflow:Step: 523, Loss: 4.938028, time: 2.500 sec/batch
INFO:tensorflow:Step: 524, Loss: 4.810434, time: 3.503 sec/batch
INFO:tensorflow:Step: 525, Loss: 4.828817, time: 2.226 sec/batch
INFO:tensorflow:Step: 526, Loss: 4.849142, time: 2.994 sec/batch
INFO:tensorflow:Step: 527, Loss: 5.035041, time: 2.886 sec/batch
INFO:tensorflow:Step: 528, Loss: 5.073993, time: 2.767 sec/batch
INFO:tensorflow:Step: 529, Loss: 4.838480, time: 3.492 sec/batch
INFO:tensorflow:Step: 530, Loss: 5.089707, time: 2.363 sec/batch
INFO:tensorflow:Step: 531, Loss: 4.888731, time: 3.087 sec/batch
INFO:tensorflow:Step: 532, Loss: 4.653127, time: 3.267 sec/batch
INFO:tensorflow:Step: 533, Loss: 4.962716, time: 2.887 sec/batch
INFO:tensorflow:Step: 534, Loss: 4.897546, time: 3.190 sec/batch
INFO:tensorflow:Step: 535, Loss: 4.866529, time: 2.826 sec/batch
INFO:tensorflow:Step: 536, Loss: 5.060304, time: 2.444 sec/batch
INFO:tensorflow:Step: 537, Loss: 4.952289, time: 2.617 sec/batch
INFO:tensorflow:Step: 538, Loss: 4.935647, time: 2.535 sec/batch
INFO:tensorflow:Step: 539, Loss: 4.752043, time: 3.447 sec/batch
INFO:tensorflow:Step: 540, Loss: 4.740507, time: 2.020 sec/batch
INFO:tensorflow:Step: 541, Loss: 4.894279, time: 2.637 sec/batch
INFO:tensorflow:Step: 542, Loss: 4.857094, time: 2.040 sec/batch
INFO:tensorflow:Step: 543, Loss: 4.785525, time: 1.921 sec/batch
INFO:tensorflow:Step: 544, Loss: 4.890563, time: 2.103 sec/batch
INFO:tensorflow:Step: 545, Loss: 4.920428, time: 2.792 sec/batch
INFO:tensorflow:Step: 546, Loss: 4.808394, time: 3.044 sec/batch
INFO:tensorflow:Step: 547, Loss: 5.137997, time: 2.379 sec/batch
INFO:tensorflow:Step: 548, Loss: 5.038643, time: 2.643 sec/batch
INFO:tensorflow:Step: 549, Loss: 5.064293, time: 2.505 sec/batch
INFO:tensorflow:Step: 550, Loss: 4.952327, time: 1.935 sec/batch
INFO:tensorflow:Step: 551, Loss: 4.771037, time: 1.791 sec/batch
INFO:tensorflow:Step: 552, Loss: 4.955348, time: 2.732 sec/batch
INFO:tensorflow:Step: 553, Loss: 4.908378, time: 1.908 sec/batch
INFO:tensorflow:Step: 554, Loss: 5.153869, time: 3.037 sec/batch
INFO:tensorflow:Step: 555, Loss: 4.838406, time: 2.800 sec/batch
INFO:tensorflow:Step: 556, Loss: 4.904573, time: 2.333 sec/batch
INFO:tensorflow:Step: 557, Loss: 4.949446, time: 2.451 sec/batch
INFO:tensorflow:Step: 558, Loss: 4.963855, time: 2.168 sec/batch
INFO:tensorflow:Step: 559, Loss: 4.935717, time: 2.879 sec/batch
INFO:tensorflow:Step: 560, Loss: 4.829047, time: 3.294 sec/batch
INFO:tensorflow:Step: 561, Loss: 4.954884, time: 2.817 sec/batch
INFO:tensorflow:Step: 562, Loss: 5.145354, time: 2.759 sec/batch
INFO:tensorflow:Step: 563, Loss: 4.874576, time: 3.162 sec/batch
INFO:tensorflow:Step: 564, Loss: 4.817175, time: 3.070 sec/batch
INFO:tensorflow:Step: 565, Loss: 4.821472, time: 2.762 sec/batch
INFO:tensorflow:Step: 566, Loss: 4.693817, time: 2.641 sec/batch
INFO:tensorflow:Step: 567, Loss: 4.897468, time: 3.451 sec/batch
INFO:tensorflow:Step: 568, Loss: 4.847718, time: 3.000 sec/batch
INFO:tensorflow:Step: 569, Loss: 4.685358, time: 2.183 sec/batch
INFO:tensorflow:Step: 570, Loss: 4.685383, time: 2.544 sec/batch
INFO:tensorflow:Step: 571, Loss: 4.852350, time: 2.419 sec/batch
INFO:tensorflow:Step: 572, Loss: 4.704229, time: 2.725 sec/batch
INFO:tensorflow:Step: 573, Loss: 4.767433, time: 2.880 sec/batch
INFO:tensorflow:Step: 574, Loss: 4.831644, time: 2.356 sec/batch
INFO:tensorflow:Step: 575, Loss: 4.892785, time: 2.284 sec/batch
INFO:tensorflow:Step: 576, Loss: 4.999503, time: 3.208 sec/batch
INFO:tensorflow:Step: 577, Loss: 4.736849, time: 3.007 sec/batch
INFO:tensorflow:Step: 578, Loss: 4.968253, time: 2.149 sec/batch
INFO:tensorflow:Step: 579, Loss: 4.728681, time: 2.844 sec/batch
INFO:tensorflow:Step: 580, Loss: 4.843812, time: 3.272 sec/batch
INFO:tensorflow:Step: 581, Loss: 4.872806, time: 3.709 sec/batch
INFO:tensorflow:Step: 582, Loss: 4.930214, time: 2.524 sec/batch
INFO:tensorflow:Step: 583, Loss: 4.823456, time: 2.121 sec/batch
INFO:tensorflow:Step: 584, Loss: 4.883109, time: 2.415 sec/batch
run-expr-4node.sh: line 23: 67635 Terminated              CUDA_VISIBLE_DEVICES=$1 bazel-bin/inception/imagenet_distributed_train --batch_size=64 --data_dir=/lfs/local/0/daniter/imagenet-8-$2 --job_name='worker' --task_id=$2 --ps_hosts='raiders1:2228' --worker_hosts='raiders1:2200,raiders1:2201,raiders3:2209,raiders3:2210' --initial_learning_rate=$3 --momentum=$4 --sync=True --compute_groups=$5
