I tensorflow/stream_executor/dso_loader.cc:108] successfully opened CUDA library libcublas.so locally
I tensorflow/stream_executor/dso_loader.cc:108] successfully opened CUDA library libcudnn.so locally
I tensorflow/stream_executor/dso_loader.cc:108] successfully opened CUDA library libcufft.so locally
I tensorflow/stream_executor/dso_loader.cc:108] successfully opened CUDA library libcuda.so locally
I tensorflow/stream_executor/dso_loader.cc:108] successfully opened CUDA library libcurand.so locally
INFO:tensorflow:PS hosts are: ['raiders1:2228']
INFO:tensorflow:Worker hosts are: ['raiders1:2200', 'raiders1:2201', 'raiders3:2209', 'raiders3:2210']
I tensorflow/core/common_runtime/gpu/gpu_init.cc:102] Found device 0 with properties: 
name: GeForce GTX TITAN X
major: 5 minor: 2 memoryClockRate (GHz) 1.076
pciBusID 0000:03:00.0
Total memory: 11.92GiB
Free memory: 11.81GiB
I tensorflow/core/common_runtime/gpu/gpu_init.cc:126] DMA: 0 
I tensorflow/core/common_runtime/gpu/gpu_init.cc:136] 0:   Y 
I tensorflow/core/common_runtime/gpu/gpu_device.cc:806] Creating TensorFlow device (/gpu:0) -> (device: 0, name: GeForce GTX TITAN X, pci bus id: 0000:03:00.0)
I tensorflow/core/distributed_runtime/rpc/grpc_channel.cc:206] Initialize HostPortsGrpcChannelCache for job ps -> {raiders1:2228}
I tensorflow/core/distributed_runtime/rpc/grpc_channel.cc:206] Initialize HostPortsGrpcChannelCache for job worker -> {localhost:2200, raiders1:2201, raiders3:2209, raiders3:2210}
I tensorflow/core/distributed_runtime/rpc/grpc_server_lib.cc:202] Started server with target: grpc://localhost:2200
INFO:tensorflow:Learning rate: 0.005000, momentum: 0.600000
INFO:tensorflow:Sync mode!!!!!!
INFO:tensorflow:Compute groups : 4
INFO:tensorflow:SyncReplicas enabled: replicas_to_aggregate=4; total_num_replicas=4
INFO:tensorflow:Num nodes per compute groups: 1
INFO:tensorflow:Tokens per step: 1
INFO:tensorflow:2016-07-20 04:44:59.203390 Supervisor
INFO:tensorflow:Restored model from /lfs/local/0/daniter/cg-snapshot/model.ckpt-399
INFO:tensorflow:got sessions!
INFO:tensorflow:Started 3 queues for processing input data.
INFO:tensorflow:global_step/sec: 1.15448
I tensorflow/core/common_runtime/gpu/pool_allocator.cc:244] PoolAllocator: After 3678 get requests, put_count=2562 evicted_count=1000 eviction_rate=0.39032 and unsatisfied allocation rate=0.602501
I tensorflow/core/common_runtime/gpu/pool_allocator.cc:256] Raising pool_size_limit_ from 100 to 110
INFO:tensorflow:Step: 434, Loss: 5.376097, time: 7.558 sec/batch
INFO:tensorflow:Step: 441, Loss: 5.107061, time: 1.429 sec/batch
INFO:tensorflow:Step: 444, Loss: 5.164301, time: 1.222 sec/batch
INFO:tensorflow:Step: 447, Loss: 5.370049, time: 1.276 sec/batch
INFO:tensorflow:Step: 450, Loss: 5.214722, time: 1.216 sec/batch
I tensorflow/core/common_runtime/gpu/pool_allocator.cc:244] PoolAllocator: After 0 get requests, put_count=1016 evicted_count=1000 eviction_rate=0.984252 and unsatisfied allocation rate=0
INFO:tensorflow:Step: 453, Loss: 5.181753, time: 1.261 sec/batch
INFO:tensorflow:Step: 456, Loss: 5.161391, time: 1.472 sec/batch
INFO:tensorflow:Step: 458, Loss: 5.277868, time: 1.488 sec/batch
INFO:tensorflow:Step: 462, Loss: 5.208977, time: 1.417 sec/batch
INFO:tensorflow:Step: 466, Loss: 5.277017, time: 1.344 sec/batch
I tensorflow/core/common_runtime/gpu/pool_allocator.cc:244] PoolAllocator: After 0 get requests, put_count=1025 evicted_count=1000 eviction_rate=0.97561 and unsatisfied allocation rate=0
INFO:tensorflow:Step: 470, Loss: 5.168022, time: 1.428 sec/batch
INFO:tensorflow:Step: 474, Loss: 5.341532, time: 1.409 sec/batch
INFO:tensorflow:Step: 478, Loss: 5.217475, time: 1.329 sec/batch
INFO:tensorflow:Step: 482, Loss: 5.401679, time: 1.300 sec/batch
INFO:tensorflow:Step: 485, Loss: 5.272806, time: 1.369 sec/batch
INFO:tensorflow:Step: 489, Loss: 5.382111, time: 2.108 sec/batch
I tensorflow/core/common_runtime/gpu/pool_allocator.cc:244] PoolAllocator: After 3576 get requests, put_count=3953 evicted_count=2000 eviction_rate=0.505945 and unsatisfied allocation rate=0.465045
I tensorflow/core/common_runtime/gpu/pool_allocator.cc:256] Raising pool_size_limit_ from 449 to 493
INFO:tensorflow:Step: 496, Loss: 5.092863, time: 1.871 sec/batch
INFO:tensorflow:Step: 497, Loss: 5.016009, time: 1.802 sec/batch
INFO:tensorflow:Step: 501, Loss: 5.403728, time: 1.438 sec/batch
INFO:tensorflow:Step: 505, Loss: 5.050832, time: 1.715 sec/batch
INFO:tensorflow:Step: 510, Loss: 5.207138, time: 1.498 sec/batch
INFO:tensorflow:Step: 514, Loss: 5.200740, time: 1.819 sec/batch
INFO:tensorflow:Step: 518, Loss: 5.072962, time: 1.589 sec/batch
I tensorflow/core/common_runtime/gpu/pool_allocator.cc:244] PoolAllocator: After 3576 get requests, put_count=4414 evicted_count=2000 eviction_rate=0.453104 and unsatisfied allocation rate=0.347036
I tensorflow/core/common_runtime/gpu/pool_allocator.cc:256] Raising pool_size_limit_ from 871 to 958
INFO:tensorflow:Step: 522, Loss: 5.229517, time: 1.551 sec/batch
INFO:tensorflow:Step: 527, Loss: 5.064420, time: 1.568 sec/batch
INFO:tensorflow:Step: 530, Loss: 5.177454, time: 1.471 sec/batch
INFO:tensorflow:Step: 534, Loss: 5.346584, time: 1.452 sec/batch
INFO:tensorflow:Step: 538, Loss: 5.172900, time: 1.383 sec/batch
INFO:tensorflow:Step: 542, Loss: 5.191463, time: 1.515 sec/batch
INFO:tensorflow:Step: 546, Loss: 5.311753, time: 1.336 sec/batch
INFO:tensorflow:Step: 550, Loss: 5.164543, time: 1.421 sec/batch
INFO:tensorflow:Step: 555, Loss: 5.303132, time: 1.365 sec/batch
INFO:tensorflow:Step: 558, Loss: 5.202532, time: 1.287 sec/batch
INFO:tensorflow:Step: 562, Loss: 5.230397, time: 1.331 sec/batch
INFO:tensorflow:Step: 566, Loss: 5.041720, time: 1.292 sec/batch
INFO:tensorflow:Step: 570, Loss: 5.281444, time: 1.371 sec/batch
INFO:tensorflow:Step: 574, Loss: 5.044464, time: 1.315 sec/batch
INFO:tensorflow:Step: 578, Loss: 5.124730, time: 1.389 sec/batch
INFO:tensorflow:Step: 582, Loss: 5.181682, time: 1.296 sec/batch
INFO:tensorflow:Step: 586, Loss: 5.240374, time: 1.319 sec/batch
INFO:tensorflow:Step: 590, Loss: 5.247307, time: 1.323 sec/batch
INFO:tensorflow:Step: 594, Loss: 5.185212, time: 1.430 sec/batch
INFO:tensorflow:Step: 598, Loss: 5.190421, time: 1.471 sec/batch
INFO:tensorflow:Step: 602, Loss: 5.263942, time: 1.379 sec/batch
INFO:tensorflow:Step: 606, Loss: 5.104875, time: 1.370 sec/batch
INFO:tensorflow:Step: 609, Loss: 5.222898, time: 1.301 sec/batch
INFO:tensorflow:Step: 614, Loss: 5.220677, time: 1.331 sec/batch
INFO:tensorflow:Step: 618, Loss: 5.189463, time: 1.301 sec/batch
INFO:tensorflow:Step: 622, Loss: 5.124871, time: 1.355 sec/batch
INFO:tensorflow:Step: 626, Loss: 5.467152, time: 1.438 sec/batch
INFO:tensorflow:Step: 630, Loss: 5.112527, time: 1.328 sec/batch
INFO:tensorflow:Step: 634, Loss: 5.245367, time: 1.504 sec/batch
INFO:tensorflow:Step: 638, Loss: 5.197248, time: 1.326 sec/batch
INFO:tensorflow:Step: 642, Loss: 5.385602, time: 1.444 sec/batch
INFO:tensorflow:Step: 645, Loss: 4.994014, time: 1.354 sec/batch
INFO:tensorflow:Step: 649, Loss: 5.132936, time: 1.394 sec/batch
INFO:tensorflow:Step: 653, Loss: 5.015283, time: 1.344 sec/batch
INFO:tensorflow:Step: 657, Loss: 4.984380, time: 1.361 sec/batch
INFO:tensorflow:Step: 661, Loss: 5.006426, time: 1.285 sec/batch
INFO:tensorflow:Step: 665, Loss: 5.114264, time: 1.290 sec/batch
INFO:tensorflow:Step: 669, Loss: 5.320174, time: 1.289 sec/batch
INFO:tensorflow:Step: 673, Loss: 5.141058, time: 1.291 sec/batch
INFO:tensorflow:Step: 677, Loss: 5.072036, time: 1.322 sec/batch
INFO:tensorflow:Step: 680, Loss: 5.055611, time: 1.184 sec/batch
INFO:tensorflow:Step: 685, Loss: 4.856556, time: 1.255 sec/batch
INFO:tensorflow:Step: 689, Loss: 5.054398, time: 1.205 sec/batch
INFO:tensorflow:Step: 693, Loss: 5.020709, time: 1.258 sec/batch
INFO:tensorflow:Step: 697, Loss: 4.958243, time: 1.302 sec/batch
INFO:tensorflow:Step: 701, Loss: 5.077002, time: 1.249 sec/batch
INFO:tensorflow:Step: 705, Loss: 5.295560, time: 1.297 sec/batch
INFO:tensorflow:Step: 709, Loss: 5.199482, time: 1.315 sec/batch
INFO:tensorflow:Step: 711, Loss: 5.206160, time: 1.365 sec/batch
INFO:tensorflow:Step: 715, Loss: 5.074758, time: 1.328 sec/batch
INFO:tensorflow:Step: 719, Loss: 5.497458, time: 1.301 sec/batch
INFO:tensorflow:Step: 723, Loss: 5.202594, time: 1.275 sec/batch
INFO:tensorflow:Step: 727, Loss: 5.299078, time: 1.254 sec/batch
INFO:tensorflow:Step: 731, Loss: 4.951116, time: 1.206 sec/batch
INFO:tensorflow:Step: 735, Loss: 5.071074, time: 1.234 sec/batch
INFO:tensorflow:Step: 739, Loss: 5.031128, time: 1.228 sec/batch
INFO:tensorflow:Step: 743, Loss: 5.317213, time: 1.279 sec/batch
INFO:tensorflow:Step: 745, Loss: 5.067417, time: 1.412 sec/batch
INFO:tensorflow:global_step/sec: 2.69404
INFO:tensorflow:Step: 750, Loss: 5.212317, time: 1.501 sec/batch
INFO:tensorflow:Step: 753, Loss: 5.403372, time: 1.413 sec/batch
INFO:tensorflow:Step: 757, Loss: 5.047923, time: 1.329 sec/batch
INFO:tensorflow:Step: 761, Loss: 4.963674, time: 1.381 sec/batch
INFO:tensorflow:Step: 765, Loss: 5.346272, time: 1.209 sec/batch
INFO:tensorflow:Step: 768, Loss: 5.041109, time: 1.277 sec/batch
INFO:tensorflow:Step: 772, Loss: 5.083897, time: 1.334 sec/batch
INFO:tensorflow:Step: 776, Loss: 5.026840, time: 1.365 sec/batch
INFO:tensorflow:Step: 780, Loss: 4.947686, time: 1.402 sec/batch
INFO:tensorflow:Step: 785, Loss: 4.896746, time: 1.386 sec/batch
INFO:tensorflow:Step: 789, Loss: 5.270894, time: 1.270 sec/batch
INFO:tensorflow:Step: 792, Loss: 5.096937, time: 1.416 sec/batch
INFO:tensorflow:Step: 796, Loss: 5.035206, time: 1.363 sec/batch
INFO:tensorflow:Step: 801, Loss: 5.204563, time: 1.303 sec/batch
INFO:tensorflow:Step: 804, Loss: 5.168717, time: 1.349 sec/batch
INFO:tensorflow:Step: 808, Loss: 5.283196, time: 1.370 sec/batch
INFO:tensorflow:Step: 811, Loss: 5.068223, time: 1.310 sec/batch
INFO:tensorflow:Step: 816, Loss: 4.900876, time: 1.314 sec/batch
INFO:tensorflow:Step: 820, Loss: 5.186886, time: 1.350 sec/batch
INFO:tensorflow:Step: 824, Loss: 4.880839, time: 1.403 sec/batch
INFO:tensorflow:Step: 828, Loss: 4.974245, time: 1.312 sec/batch
INFO:tensorflow:Step: 832, Loss: 5.160321, time: 1.274 sec/batch
INFO:tensorflow:Step: 836, Loss: 5.202948, time: 1.351 sec/batch
INFO:tensorflow:Step: 840, Loss: 5.055454, time: 1.276 sec/batch
INFO:tensorflow:Step: 844, Loss: 5.317489, time: 1.354 sec/batch
INFO:tensorflow:Step: 848, Loss: 5.211878, time: 1.394 sec/batch
INFO:tensorflow:Step: 853, Loss: 5.127510, time: 1.331 sec/batch
INFO:tensorflow:Step: 856, Loss: 4.841569, time: 1.331 sec/batch
INFO:tensorflow:Step: 860, Loss: 5.257366, time: 1.328 sec/batch
INFO:tensorflow:Step: 864, Loss: 5.110725, time: 1.280 sec/batch
INFO:tensorflow:Step: 868, Loss: 5.109142, time: 1.442 sec/batch
INFO:tensorflow:Step: 872, Loss: 5.136611, time: 1.435 sec/batch
INFO:tensorflow:Step: 876, Loss: 5.039344, time: 1.378 sec/batch
INFO:tensorflow:Step: 880, Loss: 5.355610, time: 1.282 sec/batch
INFO:tensorflow:Step: 884, Loss: 4.927312, time: 1.333 sec/batch
INFO:tensorflow:Step: 888, Loss: 5.011617, time: 1.255 sec/batch
INFO:tensorflow:Step: 892, Loss: 5.112554, time: 1.310 sec/batch
INFO:tensorflow:Step: 896, Loss: 5.252873, time: 1.313 sec/batch
INFO:tensorflow:Step: 900, Loss: 4.940494, time: 1.319 sec/batch
INFO:tensorflow:Step: 904, Loss: 5.204918, time: 1.339 sec/batch
INFO:tensorflow:Step: 908, Loss: 5.048562, time: 1.301 sec/batch
INFO:tensorflow:Step: 912, Loss: 5.127095, time: 1.396 sec/batch
INFO:tensorflow:Step: 916, Loss: 5.340309, time: 1.309 sec/batch
INFO:tensorflow:Step: 921, Loss: 5.135786, time: 1.340 sec/batch
INFO:tensorflow:Step: 925, Loss: 5.052079, time: 1.310 sec/batch
INFO:tensorflow:Step: 929, Loss: 5.032401, time: 1.355 sec/batch
INFO:tensorflow:Step: 932, Loss: 5.221615, time: 1.347 sec/batch
INFO:tensorflow:Step: 936, Loss: 5.066024, time: 1.302 sec/batch
INFO:tensorflow:Step: 940, Loss: 4.918256, time: 1.329 sec/batch
INFO:tensorflow:Step: 944, Loss: 4.875930, time: 1.361 sec/batch
INFO:tensorflow:Step: 948, Loss: 5.118442, time: 1.304 sec/batch
INFO:tensorflow:Step: 953, Loss: 4.807827, time: 1.340 sec/batch
INFO:tensorflow:Step: 956, Loss: 4.886935, time: 1.357 sec/batch
INFO:tensorflow:Step: 961, Loss: 5.163123, time: 1.324 sec/batch
INFO:tensorflow:Step: 965, Loss: 5.002886, time: 1.307 sec/batch
INFO:tensorflow:Step: 968, Loss: 4.974297, time: 1.309 sec/batch
INFO:tensorflow:Step: 972, Loss: 5.127654, time: 1.395 sec/batch
INFO:tensorflow:Step: 976, Loss: 5.222204, time: 1.287 sec/batch
INFO:tensorflow:Step: 980, Loss: 5.016881, time: 1.302 sec/batch
INFO:tensorflow:Step: 984, Loss: 5.061729, time: 1.343 sec/batch
INFO:tensorflow:Step: 988, Loss: 4.975489, time: 1.206 sec/batch
INFO:tensorflow:Step: 992, Loss: 5.105137, time: 1.274 sec/batch
INFO:tensorflow:Step: 996, Loss: 5.000311, time: 1.251 sec/batch
INFO:tensorflow:Step: 1000, Loss: 5.007388, time: 1.272 sec/batch
INFO:tensorflow:Step: 1004, Loss: 5.325084, time: 1.239 sec/batch
INFO:tensorflow:Step: 1008, Loss: 4.987273, time: 1.250 sec/batch
INFO:tensorflow:Step: 1012, Loss: 5.239177, time: 1.206 sec/batch
INFO:tensorflow:Step: 1016, Loss: 5.169671, time: 1.318 sec/batch
INFO:tensorflow:Step: 1019, Loss: 5.038115, time: 1.243 sec/batch
INFO:tensorflow:Step: 1022, Loss: 5.160096, time: 1.301 sec/batch
INFO:tensorflow:Step: 1026, Loss: 5.003848, time: 1.370 sec/batch
INFO:tensorflow:Step: 1030, Loss: 4.976934, time: 1.387 sec/batch
INFO:tensorflow:Step: 1034, Loss: 4.944663, time: 1.549 sec/batch
INFO:tensorflow:Step: 1039, Loss: 5.274591, time: 1.489 sec/batch
INFO:tensorflow:Step: 1042, Loss: 4.963663, time: 1.396 sec/batch
INFO:tensorflow:Step: 1046, Loss: 5.188204, time: 1.310 sec/batch
INFO:tensorflow:Step: 1050, Loss: 5.056646, time: 1.354 sec/batch
INFO:tensorflow:Step: 1054, Loss: 5.217403, time: 1.284 sec/batch
INFO:tensorflow:Step: 1058, Loss: 5.166774, time: 1.238 sec/batch
INFO:tensorflow:Step: 1062, Loss: 4.976620, time: 1.286 sec/batch
INFO:tensorflow:Step: 1066, Loss: 5.111784, time: 1.319 sec/batch
INFO:tensorflow:Step: 1070, Loss: 4.941789, time: 1.286 sec/batch
INFO:tensorflow:Step: 1074, Loss: 5.145553, time: 1.235 sec/batch
INFO:tensorflow:Step: 1078, Loss: 5.042621, time: 1.215 sec/batch
INFO:tensorflow:Step: 1082, Loss: 4.870497, time: 1.262 sec/batch
INFO:tensorflow:Step: 1086, Loss: 5.152988, time: 1.256 sec/batch
INFO:tensorflow:Step: 1090, Loss: 4.984194, time: 1.260 sec/batch
INFO:tensorflow:Step: 1093, Loss: 5.218897, time: 1.317 sec/batch
INFO:tensorflow:Step: 1097, Loss: 4.976821, time: 1.286 sec/batch
INFO:tensorflow:Step: 1101, Loss: 4.985043, time: 1.409 sec/batch
INFO:tensorflow:global_step/sec: 2.98259
INFO:tensorflow:Step: 1105, Loss: 5.233858, time: 1.594 sec/batch
INFO:tensorflow:Step: 1111, Loss: 4.954226, time: 1.491 sec/batch
INFO:tensorflow:Step: 1114, Loss: 4.874411, time: 1.462 sec/batch
INFO:tensorflow:Step: 1118, Loss: 4.943797, time: 1.317 sec/batch
INFO:tensorflow:Step: 1122, Loss: 4.929499, time: 1.268 sec/batch
INFO:tensorflow:Step: 1125, Loss: 5.014167, time: 1.295 sec/batch
INFO:tensorflow:Step: 1129, Loss: 4.970022, time: 1.280 sec/batch
INFO:tensorflow:Step: 1133, Loss: 5.107423, time: 1.260 sec/batch
INFO:tensorflow:Step: 1137, Loss: 5.000817, time: 1.356 sec/batch
INFO:tensorflow:Step: 1141, Loss: 4.931917, time: 1.314 sec/batch
INFO:tensorflow:Step: 1145, Loss: 5.223501, time: 1.293 sec/batch
INFO:tensorflow:Step: 1149, Loss: 5.010334, time: 1.189 sec/batch
INFO:tensorflow:Step: 1153, Loss: 5.193875, time: 1.315 sec/batch
INFO:tensorflow:Step: 1157, Loss: 5.236329, time: 1.282 sec/batch
INFO:tensorflow:Step: 1161, Loss: 5.003396, time: 1.254 sec/batch
INFO:tensorflow:Step: 1165, Loss: 4.938306, time: 1.275 sec/batch
INFO:tensorflow:Step: 1169, Loss: 4.950451, time: 1.321 sec/batch
INFO:tensorflow:Step: 1173, Loss: 4.998601, time: 1.253 sec/batch
INFO:tensorflow:Step: 1177, Loss: 4.990133, time: 1.364 sec/batch
INFO:tensorflow:Step: 1181, Loss: 5.232088, time: 1.457 sec/batch
INFO:tensorflow:Step: 1183, Loss: 5.003188, time: 1.298 sec/batch
INFO:tensorflow:Step: 1186, Loss: 5.146416, time: 1.391 sec/batch
INFO:tensorflow:Step: 1190, Loss: 5.160131, time: 1.331 sec/batch
INFO:tensorflow:Step: 1194, Loss: 5.000661, time: 1.360 sec/batch
INFO:tensorflow:Step: 1198, Loss: 5.108264, time: 1.336 sec/batch
INFO:tensorflow:Step: 1202, Loss: 4.883460, time: 1.381 sec/batch
INFO:tensorflow:Step: 1206, Loss: 5.095820, time: 1.274 sec/batch
INFO:tensorflow:Step: 1210, Loss: 4.863834, time: 1.309 sec/batch
INFO:tensorflow:Step: 1214, Loss: 5.085152, time: 1.331 sec/batch
INFO:tensorflow:Step: 1218, Loss: 5.009275, time: 1.347 sec/batch
INFO:tensorflow:Step: 1222, Loss: 5.031607, time: 1.362 sec/batch
INFO:tensorflow:Step: 1226, Loss: 5.021239, time: 1.286 sec/batch
INFO:tensorflow:Step: 1230, Loss: 5.038517, time: 1.385 sec/batch
INFO:tensorflow:Step: 1234, Loss: 5.044711, time: 1.369 sec/batch
INFO:tensorflow:Step: 1238, Loss: 5.375807, time: 1.299 sec/batch
INFO:tensorflow:Step: 1242, Loss: 5.130759, time: 1.249 sec/batch
INFO:tensorflow:Step: 1246, Loss: 4.935570, time: 1.263 sec/batch
INFO:tensorflow:Step: 1250, Loss: 4.898520, time: 1.211 sec/batch
INFO:tensorflow:Step: 1254, Loss: 5.054035, time: 1.262 sec/batch
INFO:tensorflow:Step: 1258, Loss: 4.835560, time: 1.275 sec/batch
INFO:tensorflow:Step: 1262, Loss: 4.979323, time: 1.320 sec/batch
INFO:tensorflow:Step: 1266, Loss: 4.984074, time: 1.272 sec/batch
INFO:tensorflow:Step: 1270, Loss: 5.085532, time: 1.304 sec/batch
INFO:tensorflow:Step: 1273, Loss: 4.779151, time: 1.269 sec/batch
INFO:tensorflow:Step: 1276, Loss: 5.084942, time: 1.358 sec/batch
INFO:tensorflow:Step: 1280, Loss: 5.254888, time: 1.286 sec/batch
INFO:tensorflow:Step: 1284, Loss: 4.962960, time: 1.583 sec/batch
INFO:tensorflow:Step: 1290, Loss: 5.009355, time: 1.372 sec/batch
INFO:tensorflow:Step: 1292, Loss: 5.075904, time: 1.325 sec/batch
INFO:tensorflow:Step: 1296, Loss: 5.179426, time: 1.258 sec/batch
INFO:tensorflow:Step: 1300, Loss: 4.953071, time: 1.322 sec/batch
INFO:tensorflow:Step: 1304, Loss: 5.117065, time: 1.299 sec/batch
INFO:tensorflow:Step: 1308, Loss: 4.838466, time: 1.247 sec/batch
INFO:tensorflow:Step: 1312, Loss: 4.979212, time: 1.295 sec/batch
INFO:tensorflow:Step: 1316, Loss: 5.074943, time: 1.354 sec/batch
INFO:tensorflow:Step: 1319, Loss: 4.779689, time: 1.329 sec/batch
INFO:tensorflow:Step: 1324, Loss: 5.270481, time: 1.399 sec/batch
INFO:tensorflow:Step: 1328, Loss: 5.050260, time: 1.369 sec/batch
INFO:tensorflow:Step: 1333, Loss: 4.852424, time: 1.273 sec/batch
INFO:tensorflow:Step: 1336, Loss: 4.867930, time: 1.329 sec/batch
INFO:tensorflow:Step: 1340, Loss: 4.961174, time: 1.438 sec/batch
INFO:tensorflow:Step: 1345, Loss: 4.991277, time: 1.451 sec/batch
INFO:tensorflow:Step: 1349, Loss: 5.110323, time: 1.368 sec/batch
INFO:tensorflow:Step: 1353, Loss: 5.074904, time: 1.264 sec/batch
INFO:tensorflow:Step: 1356, Loss: 4.812970, time: 1.371 sec/batch
INFO:tensorflow:Step: 1360, Loss: 5.164130, time: 1.375 sec/batch
INFO:tensorflow:Step: 1364, Loss: 4.993334, time: 1.323 sec/batch
INFO:tensorflow:Step: 1369, Loss: 5.012856, time: 1.451 sec/batch
INFO:tensorflow:Step: 1373, Loss: 4.915466, time: 1.311 sec/batch
INFO:tensorflow:Step: 1377, Loss: 5.010616, time: 1.255 sec/batch
INFO:tensorflow:Step: 1380, Loss: 4.899346, time: 1.362 sec/batch
INFO:tensorflow:Step: 1384, Loss: 4.874658, time: 1.249 sec/batch
INFO:tensorflow:Step: 1388, Loss: 5.086013, time: 1.380 sec/batch
INFO:tensorflow:Step: 1392, Loss: 5.144993, time: 1.340 sec/batch
INFO:tensorflow:Step: 1397, Loss: 4.969707, time: 1.309 sec/batch
INFO:tensorflow:Step: 1400, Loss: 5.032733, time: 1.394 sec/batch
INFO:tensorflow:Step: 1405, Loss: 4.895629, time: 1.317 sec/batch
INFO:tensorflow:Step: 1408, Loss: 4.821122, time: 1.315 sec/batch
INFO:tensorflow:Step: 1412, Loss: 4.904844, time: 1.327 sec/batch
INFO:tensorflow:Step: 1416, Loss: 4.831886, time: 1.431 sec/batch
INFO:tensorflow:Step: 1420, Loss: 4.830532, time: 1.387 sec/batch
INFO:tensorflow:Step: 1425, Loss: 5.020794, time: 1.346 sec/batch
INFO:tensorflow:Step: 1429, Loss: 4.805432, time: 1.264 sec/batch
INFO:tensorflow:Step: 1432, Loss: 4.852859, time: 1.435 sec/batch
INFO:tensorflow:Step: 1437, Loss: 5.116970, time: 1.391 sec/batch
INFO:tensorflow:Step: 1442, Loss: 4.961162, time: 1.262 sec/batch
INFO:tensorflow:Step: 1443, Loss: 4.929235, time: 1.309 sec/batch
INFO:tensorflow:Step: 1448, Loss: 5.081179, time: 1.384 sec/batch
INFO:tensorflow:Step: 1452, Loss: 4.952226, time: 1.348 sec/batch
INFO:tensorflow:Step: 1457, Loss: 4.914403, time: 1.380 sec/batch
INFO:tensorflow:global_step/sec: 2.95719
INFO:tensorflow:Step: 1461, Loss: 5.114136, time: 1.288 sec/batch
INFO:tensorflow:Step: 1465, Loss: 4.969917, time: 1.321 sec/batch
INFO:tensorflow:Step: 1469, Loss: 4.972275, time: 1.447 sec/batch
INFO:tensorflow:Step: 1473, Loss: 4.934107, time: 1.226 sec/batch
INFO:tensorflow:Step: 1476, Loss: 4.905320, time: 1.352 sec/batch
INFO:tensorflow:Step: 1480, Loss: 4.996340, time: 1.316 sec/batch
INFO:tensorflow:Step: 1484, Loss: 4.925900, time: 1.312 sec/batch
INFO:tensorflow:Step: 1488, Loss: 4.978323, time: 1.371 sec/batch
INFO:tensorflow:Step: 1492, Loss: 5.027274, time: 1.404 sec/batch
INFO:tensorflow:Step: 1496, Loss: 4.997421, time: 1.340 sec/batch
INFO:tensorflow:Step: 1500, Loss: 5.211007, time: 1.372 sec/batch
INFO:tensorflow:Step: 1505, Loss: 5.071468, time: 1.300 sec/batch
INFO:tensorflow:Step: 1508, Loss: 5.157796, time: 1.436 sec/batch
INFO:tensorflow:Step: 1513, Loss: 4.904346, time: 1.281 sec/batch
INFO:tensorflow:Step: 1516, Loss: 4.894088, time: 1.313 sec/batch
INFO:tensorflow:Step: 1520, Loss: 5.001276, time: 1.336 sec/batch
INFO:tensorflow:Step: 1524, Loss: 5.302042, time: 1.310 sec/batch
INFO:tensorflow:Step: 1528, Loss: 4.957641, time: 1.366 sec/batch
INFO:tensorflow:Step: 1532, Loss: 4.962836, time: 1.372 sec/batch
INFO:tensorflow:Step: 1536, Loss: 5.149147, time: 1.338 sec/batch
INFO:tensorflow:Step: 1540, Loss: 4.953825, time: 1.494 sec/batch
INFO:tensorflow:Step: 1545, Loss: 4.812618, time: 1.381 sec/batch
INFO:tensorflow:Step: 1549, Loss: 4.948509, time: 1.330 sec/batch
INFO:tensorflow:Step: 1553, Loss: 4.993663, time: 1.374 sec/batch
INFO:tensorflow:Step: 1557, Loss: 4.991534, time: 1.286 sec/batch
INFO:tensorflow:Step: 1560, Loss: 4.717377, time: 1.303 sec/batch
INFO:tensorflow:Step: 1564, Loss: 5.037567, time: 1.417 sec/batch
INFO:tensorflow:Step: 1568, Loss: 5.063349, time: 1.410 sec/batch
INFO:tensorflow:Step: 1573, Loss: 5.045542, time: 1.279 sec/batch
INFO:tensorflow:Step: 1577, Loss: 4.913569, time: 1.348 sec/batch
INFO:tensorflow:Step: 1581, Loss: 4.975633, time: 1.299 sec/batch
INFO:tensorflow:Step: 1584, Loss: 4.794799, time: 1.326 sec/batch
INFO:tensorflow:Step: 1588, Loss: 4.925622, time: 1.300 sec/batch
INFO:tensorflow:Step: 1592, Loss: 4.935521, time: 1.322 sec/batch
INFO:tensorflow:Step: 1596, Loss: 4.908599, time: 1.318 sec/batch
INFO:tensorflow:Step: 1600, Loss: 4.860571, time: 1.404 sec/batch
INFO:tensorflow:Step: 1604, Loss: 4.840533, time: 1.409 sec/batch
INFO:tensorflow:Step: 1609, Loss: 5.067188, time: 1.192 sec/batch
INFO:tensorflow:Step: 1612, Loss: 4.774656, time: 1.276 sec/batch
INFO:tensorflow:Step: 1616, Loss: 4.972505, time: 1.357 sec/batch
INFO:tensorflow:Step: 1620, Loss: 4.761369, time: 1.376 sec/batch
INFO:tensorflow:Step: 1624, Loss: 4.995494, time: 1.348 sec/batch
INFO:tensorflow:Step: 1628, Loss: 5.010297, time: 1.316 sec/batch
INFO:tensorflow:Step: 1632, Loss: 4.920096, time: 1.297 sec/batch
INFO:tensorflow:Step: 1636, Loss: 4.965826, time: 1.326 sec/batch
INFO:tensorflow:Step: 1640, Loss: 5.198075, time: 1.339 sec/batch
INFO:tensorflow:Step: 1644, Loss: 4.892722, time: 1.262 sec/batch
INFO:tensorflow:Step: 1648, Loss: 4.952445, time: 1.380 sec/batch
INFO:tensorflow:Step: 1652, Loss: 5.017527, time: 1.328 sec/batch
INFO:tensorflow:Step: 1656, Loss: 5.028205, time: 1.337 sec/batch
INFO:tensorflow:Step: 1660, Loss: 5.223695, time: 1.399 sec/batch
INFO:tensorflow:Step: 1664, Loss: 4.840163, time: 1.461 sec/batch
INFO:tensorflow:Step: 1669, Loss: 4.796937, time: 1.200 sec/batch
INFO:tensorflow:Step: 1672, Loss: 4.934934, time: 1.334 sec/batch
INFO:tensorflow:Step: 1676, Loss: 4.932183, time: 1.210 sec/batch
INFO:tensorflow:Step: 1680, Loss: 4.958530, time: 1.279 sec/batch
INFO:tensorflow:Step: 1684, Loss: 4.802985, time: 1.294 sec/batch
INFO:tensorflow:Step: 1688, Loss: 4.883869, time: 1.339 sec/batch
INFO:tensorflow:Step: 1692, Loss: 4.889342, time: 1.210 sec/batch
INFO:tensorflow:Step: 1696, Loss: 4.874998, time: 1.304 sec/batch
INFO:tensorflow:Step: 1700, Loss: 5.035413, time: 1.267 sec/batch
INFO:tensorflow:Step: 1703, Loss: 4.876683, time: 1.319 sec/batch
INFO:tensorflow:Step: 1708, Loss: 4.880158, time: 1.230 sec/batch
INFO:tensorflow:Step: 1712, Loss: 4.677999, time: 1.318 sec/batch
INFO:tensorflow:Step: 1715, Loss: 4.744991, time: 1.326 sec/batch
INFO:tensorflow:Step: 1719, Loss: 4.947665, time: 1.308 sec/batch
INFO:tensorflow:Step: 1723, Loss: 4.874527, time: 1.262 sec/batch
INFO:tensorflow:Step: 1727, Loss: 5.041497, time: 1.261 sec/batch
INFO:tensorflow:Step: 1731, Loss: 4.944875, time: 1.339 sec/batch
INFO:tensorflow:Step: 1735, Loss: 4.948801, time: 1.517 sec/batch
INFO:tensorflow:Step: 1739, Loss: 4.924057, time: 1.359 sec/batch
INFO:tensorflow:Step: 1742, Loss: 4.850023, time: 1.345 sec/batch
INFO:tensorflow:Step: 1746, Loss: 4.817338, time: 1.284 sec/batch
INFO:tensorflow:Step: 1750, Loss: 5.189337, time: 1.352 sec/batch
INFO:tensorflow:Step: 1754, Loss: 4.818583, time: 1.301 sec/batch
INFO:tensorflow:Step: 1758, Loss: 4.942613, time: 1.294 sec/batch
INFO:tensorflow:Step: 1762, Loss: 4.838312, time: 1.344 sec/batch
INFO:tensorflow:Step: 1766, Loss: 5.004269, time: 1.292 sec/batch
INFO:tensorflow:Step: 1770, Loss: 4.875887, time: 1.312 sec/batch
INFO:tensorflow:Step: 1774, Loss: 4.870874, time: 1.348 sec/batch
INFO:tensorflow:Step: 1778, Loss: 5.116873, time: 1.377 sec/batch
INFO:tensorflow:Step: 1783, Loss: 4.854913, time: 1.285 sec/batch
INFO:tensorflow:Step: 1786, Loss: 4.947096, time: 1.375 sec/batch
INFO:tensorflow:Step: 1790, Loss: 4.882004, time: 1.314 sec/batch
INFO:tensorflow:Step: 1794, Loss: 4.834240, time: 1.361 sec/batch
INFO:tensorflow:Step: 1798, Loss: 5.038202, time: 1.356 sec/batch
INFO:tensorflow:Step: 1802, Loss: 4.864015, time: 1.379 sec/batch
INFO:tensorflow:Step: 1807, Loss: 4.813828, time: 1.389 sec/batch
INFO:tensorflow:Step: 1811, Loss: 4.858300, time: 1.352 sec/batch
INFO:tensorflow:Step: 1815, Loss: 4.952472, time: 1.357 sec/batch
INFO:tensorflow:global_step/sec: 2.99186
INFO:tensorflow:Step: 1819, Loss: 4.972594, time: 1.296 sec/batch
INFO:tensorflow:Step: 1823, Loss: 5.099981, time: 1.278 sec/batch
INFO:tensorflow:Step: 1826, Loss: 4.823260, time: 1.293 sec/batch
INFO:tensorflow:Step: 1830, Loss: 4.937219, time: 1.295 sec/batch
INFO:tensorflow:Step: 1834, Loss: 4.798108, time: 1.326 sec/batch
INFO:tensorflow:Step: 1838, Loss: 4.859448, time: 1.373 sec/batch
INFO:tensorflow:Step: 1842, Loss: 5.111937, time: 1.359 sec/batch
INFO:tensorflow:Step: 1846, Loss: 4.693869, time: 1.319 sec/batch
INFO:tensorflow:Step: 1850, Loss: 4.960886, time: 1.286 sec/batch
INFO:tensorflow:Step: 1854, Loss: 4.948578, time: 1.372 sec/batch
INFO:tensorflow:Step: 1858, Loss: 4.850356, time: 1.331 sec/batch
INFO:tensorflow:Step: 1862, Loss: 4.996840, time: 1.299 sec/batch
INFO:tensorflow:Step: 1866, Loss: 4.650990, time: 1.270 sec/batch
INFO:tensorflow:Step: 1870, Loss: 4.854066, time: 1.373 sec/batch
INFO:tensorflow:Step: 1875, Loss: 4.861242, time: 1.329 sec/batch
INFO:tensorflow:Step: 1878, Loss: 4.791662, time: 1.358 sec/batch
INFO:tensorflow:Step: 1883, Loss: 4.854074, time: 1.323 sec/batch
INFO:tensorflow:Step: 1886, Loss: 4.908666, time: 1.418 sec/batch
INFO:tensorflow:Step: 1890, Loss: 4.784418, time: 1.269 sec/batch
INFO:tensorflow:Step: 1894, Loss: 4.986707, time: 1.277 sec/batch
INFO:tensorflow:Step: 1898, Loss: 4.804968, time: 1.348 sec/batch
run-expr-4node.sh: line 23: 48547 Terminated              CUDA_VISIBLE_DEVICES=$1 bazel-bin/inception/imagenet_distributed_train --batch_size=64 --data_dir=/lfs/local/0/daniter/imagenet-8-$2 --job_name='worker' --task_id=$2 --ps_hosts='raiders1:2228' --worker_hosts='raiders1:2200,raiders1:2201,raiders3:2209,raiders3:2210' --initial_learning_rate=$3 --momentum=$4 --sync=True --compute_groups=$5
