DISPLAY "(null)" invalid; disabling X11 forwarding
I tensorflow/stream_executor/dso_loader.cc:108] successfully opened CUDA library libcublas.so locally
I tensorflow/stream_executor/dso_loader.cc:108] successfully opened CUDA library libcudnn.so locally
I tensorflow/stream_executor/dso_loader.cc:108] successfully opened CUDA library libcufft.so locally
I tensorflow/stream_executor/dso_loader.cc:108] successfully opened CUDA library libcuda.so locally
I tensorflow/stream_executor/dso_loader.cc:108] successfully opened CUDA library libcurand.so locally
INFO:tensorflow:PS hosts are: ['raiders1:2228']
INFO:tensorflow:Worker hosts are: ['raiders1:2200', 'raiders1:2201', 'raiders3:2209', 'raiders3:2210']
I tensorflow/core/common_runtime/gpu/gpu_init.cc:102] Found device 0 with properties: 
name: GeForce GTX TITAN X
major: 5 minor: 2 memoryClockRate (GHz) 1.076
pciBusID 0000:43:00.0
Total memory: 11.92GiB
Free memory: 11.81GiB
I tensorflow/core/common_runtime/gpu/gpu_init.cc:126] DMA: 0 
I tensorflow/core/common_runtime/gpu/gpu_init.cc:136] 0:   Y 
I tensorflow/core/common_runtime/gpu/gpu_device.cc:806] Creating TensorFlow device (/gpu:0) -> (device: 0, name: GeForce GTX TITAN X, pci bus id: 0000:43:00.0)
I tensorflow/core/distributed_runtime/rpc/grpc_channel.cc:206] Initialize HostPortsGrpcChannelCache for job ps -> {raiders1:2228}
I tensorflow/core/distributed_runtime/rpc/grpc_channel.cc:206] Initialize HostPortsGrpcChannelCache for job worker -> {raiders1:2200, raiders1:2201, raiders3:2209, localhost:2210}
I tensorflow/core/distributed_runtime/rpc/grpc_server_lib.cc:202] Started server with target: grpc://localhost:2210
INFO:tensorflow:Learning rate: 0.005000, momentum: 0.600000
INFO:tensorflow:Sync mode!!!!!!
INFO:tensorflow:Compute groups : 4
INFO:tensorflow:SyncReplicas enabled: replicas_to_aggregate=4; total_num_replicas=4
INFO:tensorflow:Num nodes per compute groups: 1
INFO:tensorflow:Tokens per step: 1
INFO:tensorflow:2016-07-20 04:45:02.307424 Supervisor
INFO:tensorflow:got sessions!
INFO:tensorflow:Started 3 queues for processing input data.
I tensorflow/core/common_runtime/gpu/pool_allocator.cc:244] PoolAllocator: After 3576 get requests, put_count=2565 evicted_count=1000 eviction_rate=0.389864 and unsatisfied allocation rate=0.590324
I tensorflow/core/common_runtime/gpu/pool_allocator.cc:256] Raising pool_size_limit_ from 100 to 110
INFO:tensorflow:Step: 399, Loss: 5.176195, time: 5.925 sec/batch
INFO:tensorflow:Step: 400, Loss: 5.280965, time: 1.550 sec/batch
INFO:tensorflow:Step: 401, Loss: 5.425595, time: 2.558 sec/batch
INFO:tensorflow:Step: 404, Loss: 5.234555, time: 1.561 sec/batch
INFO:tensorflow:Step: 406, Loss: 5.596570, time: 1.273 sec/batch
I tensorflow/core/common_runtime/gpu/pool_allocator.cc:244] PoolAllocator: After 0 get requests, put_count=1016 evicted_count=1000 eviction_rate=0.984252 and unsatisfied allocation rate=0
INFO:tensorflow:Step: 408, Loss: 5.316013, time: 1.665 sec/batch
INFO:tensorflow:Step: 410, Loss: 5.424137, time: 1.291 sec/batch
INFO:tensorflow:Step: 412, Loss: 5.166370, time: 1.597 sec/batch
INFO:tensorflow:Step: 414, Loss: 5.324080, time: 1.296 sec/batch
INFO:tensorflow:Step: 416, Loss: 5.367528, time: 1.481 sec/batch
I tensorflow/core/common_runtime/gpu/pool_allocator.cc:244] PoolAllocator: After 0 get requests, put_count=1025 evicted_count=1000 eviction_rate=0.97561 and unsatisfied allocation rate=0
INFO:tensorflow:Step: 418, Loss: 5.472483, time: 1.674 sec/batch
INFO:tensorflow:Step: 420, Loss: 5.423458, time: 1.227 sec/batch
INFO:tensorflow:Step: 422, Loss: 5.321283, time: 1.754 sec/batch
INFO:tensorflow:Step: 424, Loss: 5.608823, time: 1.277 sec/batch
INFO:tensorflow:Step: 426, Loss: 5.663673, time: 1.302 sec/batch
INFO:tensorflow:Step: 428, Loss: 5.394621, time: 1.394 sec/batch
I tensorflow/core/common_runtime/gpu/pool_allocator.cc:244] PoolAllocator: After 0 get requests, put_count=1044 evicted_count=1000 eviction_rate=0.957854 and unsatisfied allocation rate=0
INFO:tensorflow:Step: 430, Loss: 5.123707, time: 1.334 sec/batch
INFO:tensorflow:Step: 432, Loss: 5.357031, time: 1.775 sec/batch
INFO:tensorflow:Step: 434, Loss: 5.290677, time: 1.424 sec/batch
INFO:tensorflow:Step: 436, Loss: 5.097006, time: 1.322 sec/batch
INFO:tensorflow:Step: 437, Loss: 5.267947, time: 1.741 sec/batch
INFO:tensorflow:Step: 440, Loss: 5.275330, time: 1.526 sec/batch
INFO:tensorflow:Step: 442, Loss: 5.129337, time: 1.519 sec/batch
I tensorflow/core/common_runtime/gpu/pool_allocator.cc:244] PoolAllocator: After 3576 get requests, put_count=4414 evicted_count=2000 eviction_rate=0.453104 and unsatisfied allocation rate=0.347036
I tensorflow/core/common_runtime/gpu/pool_allocator.cc:256] Raising pool_size_limit_ from 871 to 958
INFO:tensorflow:Step: 446, Loss: 5.158803, time: 1.366 sec/batch
INFO:tensorflow:Step: 449, Loss: 5.302738, time: 1.340 sec/batch
INFO:tensorflow:Step: 452, Loss: 5.258598, time: 1.458 sec/batch
INFO:tensorflow:Step: 456, Loss: 5.253373, time: 1.935 sec/batch
INFO:tensorflow:Step: 460, Loss: 5.083425, time: 1.584 sec/batch
INFO:tensorflow:Step: 464, Loss: 5.349089, time: 1.311 sec/batch
INFO:tensorflow:Step: 468, Loss: 5.081689, time: 1.376 sec/batch
INFO:tensorflow:Step: 472, Loss: 5.496273, time: 1.302 sec/batch
INFO:tensorflow:Step: 475, Loss: 5.199965, time: 1.318 sec/batch
INFO:tensorflow:Step: 479, Loss: 5.253109, time: 1.366 sec/batch
INFO:tensorflow:Step: 483, Loss: 5.221221, time: 1.326 sec/batch
INFO:tensorflow:Step: 487, Loss: 5.325974, time: 1.466 sec/batch
INFO:tensorflow:Step: 492, Loss: 5.191576, time: 1.905 sec/batch
INFO:tensorflow:Step: 496, Loss: 5.260122, time: 2.483 sec/batch
INFO:tensorflow:Step: 500, Loss: 5.206754, time: 1.536 sec/batch
INFO:tensorflow:Step: 504, Loss: 5.145196, time: 1.441 sec/batch
INFO:tensorflow:Step: 508, Loss: 5.314354, time: 1.705 sec/batch
INFO:tensorflow:Step: 512, Loss: 5.354087, time: 1.715 sec/batch
INFO:tensorflow:Step: 516, Loss: 5.323370, time: 1.489 sec/batch
INFO:tensorflow:Step: 519, Loss: 5.172690, time: 1.464 sec/batch
INFO:tensorflow:Step: 524, Loss: 5.144998, time: 1.512 sec/batch
INFO:tensorflow:Step: 527, Loss: 5.181695, time: 1.551 sec/batch
INFO:tensorflow:Step: 531, Loss: 5.136094, time: 1.490 sec/batch
INFO:tensorflow:Step: 536, Loss: 5.297279, time: 1.406 sec/batch
INFO:tensorflow:Step: 540, Loss: 5.247627, time: 1.385 sec/batch
INFO:tensorflow:Step: 543, Loss: 5.122467, time: 1.459 sec/batch
INFO:tensorflow:Step: 547, Loss: 5.418206, time: 1.311 sec/batch
INFO:tensorflow:Step: 551, Loss: 4.957851, time: 1.410 sec/batch
INFO:tensorflow:Step: 555, Loss: 5.072566, time: 1.428 sec/batch
INFO:tensorflow:Step: 559, Loss: 5.275109, time: 1.374 sec/batch
INFO:tensorflow:Step: 564, Loss: 5.115520, time: 1.379 sec/batch
INFO:tensorflow:Step: 568, Loss: 5.175284, time: 1.362 sec/batch
INFO:tensorflow:Step: 572, Loss: 5.152758, time: 1.297 sec/batch
INFO:tensorflow:Step: 576, Loss: 5.158864, time: 1.317 sec/batch
INFO:tensorflow:Step: 579, Loss: 5.342219, time: 1.294 sec/batch
INFO:tensorflow:Step: 583, Loss: 5.339394, time: 1.315 sec/batch
INFO:tensorflow:Step: 587, Loss: 5.165396, time: 1.330 sec/batch
INFO:tensorflow:Step: 591, Loss: 5.076722, time: 1.305 sec/batch
INFO:tensorflow:Step: 596, Loss: 5.100847, time: 1.454 sec/batch
INFO:tensorflow:Step: 600, Loss: 5.396366, time: 1.479 sec/batch
INFO:tensorflow:Step: 604, Loss: 5.235869, time: 1.375 sec/batch
INFO:tensorflow:Step: 607, Loss: 4.964926, time: 1.359 sec/batch
INFO:tensorflow:Step: 611, Loss: 5.297393, time: 1.315 sec/batch
INFO:tensorflow:Step: 615, Loss: 5.181128, time: 1.318 sec/batch
INFO:tensorflow:Step: 620, Loss: 5.259351, time: 1.368 sec/batch
INFO:tensorflow:Step: 623, Loss: 5.287358, time: 1.352 sec/batch
INFO:tensorflow:Step: 628, Loss: 5.227488, time: 1.474 sec/batch
INFO:tensorflow:Step: 632, Loss: 5.178131, time: 1.325 sec/batch
INFO:tensorflow:Step: 636, Loss: 5.170545, time: 1.410 sec/batch
INFO:tensorflow:Step: 640, Loss: 5.128313, time: 1.398 sec/batch
INFO:tensorflow:Step: 644, Loss: 5.331606, time: 1.501 sec/batch
INFO:tensorflow:Step: 648, Loss: 5.378599, time: 1.437 sec/batch
INFO:tensorflow:Step: 652, Loss: 5.107657, time: 1.456 sec/batch
INFO:tensorflow:Step: 656, Loss: 5.042818, time: 1.431 sec/batch
INFO:tensorflow:Step: 660, Loss: 5.094520, time: 1.327 sec/batch
INFO:tensorflow:Step: 664, Loss: 5.076052, time: 1.337 sec/batch
INFO:tensorflow:Step: 668, Loss: 5.240946, time: 1.324 sec/batch
INFO:tensorflow:Step: 672, Loss: 5.188526, time: 1.364 sec/batch
INFO:tensorflow:Step: 676, Loss: 5.213455, time: 1.349 sec/batch
INFO:tensorflow:Step: 680, Loss: 5.084112, time: 1.306 sec/batch
INFO:tensorflow:Step: 684, Loss: 5.107882, time: 1.345 sec/batch
INFO:tensorflow:Step: 688, Loss: 4.973521, time: 1.352 sec/batch
INFO:tensorflow:Step: 692, Loss: 5.034529, time: 1.364 sec/batch
INFO:tensorflow:Step: 696, Loss: 5.132029, time: 1.310 sec/batch
INFO:tensorflow:Step: 699, Loss: 5.071735, time: 1.323 sec/batch
INFO:tensorflow:Step: 703, Loss: 5.165026, time: 1.415 sec/batch
INFO:tensorflow:Step: 709, Loss: 5.152908, time: 1.403 sec/batch
INFO:tensorflow:Step: 713, Loss: 5.103719, time: 1.463 sec/batch
INFO:tensorflow:Step: 717, Loss: 5.254544, time: 1.376 sec/batch
INFO:tensorflow:Step: 720, Loss: 5.011370, time: 1.348 sec/batch
INFO:tensorflow:Step: 724, Loss: 4.895603, time: 1.362 sec/batch
INFO:tensorflow:Step: 728, Loss: 5.273428, time: 1.379 sec/batch
INFO:tensorflow:Step: 732, Loss: 5.050604, time: 1.406 sec/batch
INFO:tensorflow:Step: 736, Loss: 5.324435, time: 1.513 sec/batch
INFO:tensorflow:Step: 740, Loss: 5.102872, time: 1.847 sec/batch
INFO:tensorflow:Step: 747, Loss: 5.681211, time: 1.354 sec/batch
INFO:tensorflow:Step: 751, Loss: 5.120803, time: 1.413 sec/batch
INFO:tensorflow:Step: 755, Loss: 5.261807, time: 1.464 sec/batch
INFO:tensorflow:Step: 759, Loss: 5.058878, time: 1.422 sec/batch
INFO:tensorflow:Step: 763, Loss: 5.138371, time: 1.353 sec/batch
INFO:tensorflow:Step: 767, Loss: 5.127786, time: 1.359 sec/batch
INFO:tensorflow:Step: 771, Loss: 5.191683, time: 1.338 sec/batch
INFO:tensorflow:Step: 775, Loss: 5.208841, time: 1.348 sec/batch
INFO:tensorflow:Step: 779, Loss: 5.149637, time: 1.272 sec/batch
INFO:tensorflow:Step: 783, Loss: 4.978537, time: 1.316 sec/batch
INFO:tensorflow:Step: 786, Loss: 5.197073, time: 1.402 sec/batch
INFO:tensorflow:Step: 791, Loss: 5.338998, time: 1.333 sec/batch
INFO:tensorflow:Step: 794, Loss: 5.161339, time: 1.361 sec/batch
INFO:tensorflow:Step: 799, Loss: 5.178624, time: 1.343 sec/batch
INFO:tensorflow:Step: 802, Loss: 5.173519, time: 1.320 sec/batch
INFO:tensorflow:Step: 806, Loss: 5.270420, time: 1.335 sec/batch
INFO:tensorflow:Step: 810, Loss: 4.897357, time: 1.403 sec/batch
INFO:tensorflow:Step: 814, Loss: 5.127654, time: 1.372 sec/batch
INFO:tensorflow:Step: 819, Loss: 5.260851, time: 1.334 sec/batch
INFO:tensorflow:Step: 823, Loss: 4.889709, time: 1.314 sec/batch
INFO:tensorflow:Step: 827, Loss: 5.041164, time: 1.378 sec/batch
INFO:tensorflow:Step: 831, Loss: 5.263593, time: 1.329 sec/batch
INFO:tensorflow:Step: 835, Loss: 4.951195, time: 1.334 sec/batch
INFO:tensorflow:Step: 838, Loss: 4.759834, time: 1.337 sec/batch
INFO:tensorflow:Step: 843, Loss: 5.218812, time: 1.341 sec/batch
INFO:tensorflow:Step: 847, Loss: 4.936909, time: 1.323 sec/batch
INFO:tensorflow:Step: 851, Loss: 5.191895, time: 1.333 sec/batch
INFO:tensorflow:Step: 855, Loss: 5.171361, time: 1.306 sec/batch
INFO:tensorflow:Step: 859, Loss: 4.992527, time: 1.328 sec/batch
INFO:tensorflow:Step: 863, Loss: 4.986800, time: 1.364 sec/batch
INFO:tensorflow:Step: 867, Loss: 5.087234, time: 1.337 sec/batch
INFO:tensorflow:Step: 871, Loss: 5.204895, time: 1.390 sec/batch
INFO:tensorflow:Step: 875, Loss: 5.167049, time: 1.332 sec/batch
INFO:tensorflow:Step: 879, Loss: 4.966917, time: 1.314 sec/batch
INFO:tensorflow:Step: 882, Loss: 5.299562, time: 1.323 sec/batch
INFO:tensorflow:Step: 886, Loss: 5.001497, time: 1.348 sec/batch
INFO:tensorflow:Step: 890, Loss: 4.831232, time: 1.285 sec/batch
INFO:tensorflow:Step: 893, Loss: 5.059064, time: 1.401 sec/batch
INFO:tensorflow:Step: 899, Loss: 5.058290, time: 1.375 sec/batch
INFO:tensorflow:Step: 903, Loss: 4.996937, time: 1.343 sec/batch
INFO:tensorflow:Step: 907, Loss: 5.168460, time: 1.351 sec/batch
INFO:tensorflow:Step: 911, Loss: 5.153125, time: 1.274 sec/batch
INFO:tensorflow:Step: 915, Loss: 5.097437, time: 1.320 sec/batch
INFO:tensorflow:Step: 919, Loss: 5.023108, time: 1.355 sec/batch
INFO:tensorflow:Step: 923, Loss: 4.819776, time: 1.341 sec/batch
INFO:tensorflow:Step: 927, Loss: 5.014484, time: 1.330 sec/batch
INFO:tensorflow:Step: 931, Loss: 5.073057, time: 1.339 sec/batch
INFO:tensorflow:Step: 935, Loss: 5.016045, time: 1.356 sec/batch
INFO:tensorflow:Step: 939, Loss: 5.050555, time: 1.328 sec/batch
INFO:tensorflow:Step: 943, Loss: 5.154765, time: 1.281 sec/batch
INFO:tensorflow:Step: 946, Loss: 5.066024, time: 1.312 sec/batch
INFO:tensorflow:Step: 951, Loss: 5.270928, time: 1.305 sec/batch
INFO:tensorflow:Step: 955, Loss: 5.204398, time: 1.343 sec/batch
INFO:tensorflow:Step: 959, Loss: 5.184540, time: 1.314 sec/batch
INFO:tensorflow:Step: 963, Loss: 5.185426, time: 1.380 sec/batch
INFO:tensorflow:Step: 967, Loss: 4.901352, time: 1.316 sec/batch
INFO:tensorflow:Step: 970, Loss: 5.216837, time: 1.329 sec/batch
INFO:tensorflow:Step: 975, Loss: 5.025337, time: 1.372 sec/batch
INFO:tensorflow:Step: 979, Loss: 5.470901, time: 1.327 sec/batch
INFO:tensorflow:Step: 983, Loss: 5.000256, time: 1.325 sec/batch
INFO:tensorflow:Step: 986, Loss: 5.187857, time: 1.353 sec/batch
INFO:tensorflow:Step: 991, Loss: 5.154141, time: 1.320 sec/batch
INFO:tensorflow:Step: 994, Loss: 5.184787, time: 1.324 sec/batch
INFO:tensorflow:Step: 998, Loss: 5.193351, time: 1.289 sec/batch
INFO:tensorflow:Step: 1002, Loss: 5.044469, time: 1.330 sec/batch
INFO:tensorflow:Step: 1006, Loss: 5.196059, time: 1.374 sec/batch
INFO:tensorflow:Step: 1010, Loss: 5.362945, time: 1.388 sec/batch
INFO:tensorflow:Step: 1014, Loss: 5.090274, time: 1.437 sec/batch
INFO:tensorflow:Step: 1018, Loss: 5.024262, time: 1.426 sec/batch
INFO:tensorflow:Step: 1023, Loss: 5.098299, time: 1.337 sec/batch
INFO:tensorflow:Step: 1027, Loss: 4.877695, time: 1.373 sec/batch
INFO:tensorflow:Step: 1031, Loss: 5.093636, time: 1.333 sec/batch
INFO:tensorflow:Step: 1035, Loss: 5.063767, time: 1.525 sec/batch
INFO:tensorflow:Step: 1039, Loss: 5.036877, time: 1.563 sec/batch
INFO:tensorflow:Step: 1045, Loss: 4.932402, time: 1.501 sec/batch
INFO:tensorflow:Step: 1049, Loss: 5.012878, time: 1.316 sec/batch
INFO:tensorflow:Step: 1053, Loss: 4.910978, time: 1.508 sec/batch
INFO:tensorflow:Step: 1057, Loss: 4.995201, time: 1.437 sec/batch
INFO:tensorflow:Step: 1061, Loss: 5.049675, time: 1.398 sec/batch
INFO:tensorflow:Step: 1065, Loss: 5.117538, time: 1.331 sec/batch
INFO:tensorflow:Step: 1069, Loss: 5.133616, time: 1.345 sec/batch
INFO:tensorflow:Step: 1073, Loss: 4.993542, time: 1.377 sec/batch
INFO:tensorflow:Step: 1077, Loss: 5.244037, time: 1.352 sec/batch
INFO:tensorflow:Step: 1081, Loss: 4.961816, time: 1.358 sec/batch
INFO:tensorflow:Step: 1085, Loss: 5.137932, time: 1.342 sec/batch
INFO:tensorflow:Step: 1089, Loss: 5.053610, time: 1.396 sec/batch
INFO:tensorflow:Step: 1094, Loss: 5.221697, time: 1.344 sec/batch
INFO:tensorflow:Step: 1098, Loss: 4.976192, time: 1.378 sec/batch
INFO:tensorflow:Step: 1102, Loss: 5.054091, time: 1.366 sec/batch
INFO:tensorflow:Step: 1106, Loss: 5.245749, time: 1.399 sec/batch
INFO:tensorflow:Step: 1109, Loss: 5.283552, time: 1.665 sec/batch
INFO:tensorflow:Step: 1115, Loss: 5.020949, time: 1.338 sec/batch
INFO:tensorflow:Step: 1118, Loss: 5.016584, time: 1.326 sec/batch
INFO:tensorflow:Step: 1122, Loss: 5.114545, time: 1.358 sec/batch
INFO:tensorflow:Step: 1126, Loss: 4.869175, time: 1.317 sec/batch
INFO:tensorflow:Step: 1130, Loss: 5.218740, time: 1.350 sec/batch
INFO:tensorflow:Step: 1134, Loss: 4.859732, time: 1.330 sec/batch
INFO:tensorflow:Step: 1138, Loss: 5.134876, time: 1.339 sec/batch
INFO:tensorflow:Step: 1142, Loss: 4.692340, time: 1.346 sec/batch
INFO:tensorflow:Step: 1146, Loss: 4.978432, time: 1.329 sec/batch
INFO:tensorflow:Step: 1150, Loss: 4.945236, time: 1.355 sec/batch
INFO:tensorflow:Step: 1154, Loss: 5.309807, time: 1.343 sec/batch
INFO:tensorflow:Step: 1158, Loss: 5.088503, time: 1.286 sec/batch
INFO:tensorflow:Step: 1162, Loss: 5.037009, time: 1.312 sec/batch
INFO:tensorflow:Step: 1166, Loss: 5.302417, time: 1.333 sec/batch
INFO:tensorflow:Step: 1170, Loss: 4.787106, time: 1.436 sec/batch
INFO:tensorflow:Step: 1174, Loss: 5.069449, time: 1.524 sec/batch
INFO:tensorflow:Step: 1178, Loss: 4.974086, time: 1.734 sec/batch
INFO:tensorflow:Step: 1182, Loss: 4.899380, time: 1.783 sec/batch
INFO:tensorflow:Step: 1189, Loss: 5.213001, time: 1.335 sec/batch
INFO:tensorflow:Step: 1193, Loss: 5.176622, time: 1.348 sec/batch
INFO:tensorflow:Step: 1197, Loss: 5.113259, time: 1.336 sec/batch
INFO:tensorflow:Step: 1201, Loss: 5.028528, time: 1.371 sec/batch
INFO:tensorflow:Step: 1205, Loss: 5.233447, time: 1.363 sec/batch
INFO:tensorflow:Step: 1209, Loss: 5.176960, time: 1.347 sec/batch
INFO:tensorflow:Step: 1213, Loss: 4.914260, time: 1.351 sec/batch
INFO:tensorflow:Step: 1216, Loss: 5.106676, time: 1.356 sec/batch
INFO:tensorflow:Step: 1221, Loss: 5.089086, time: 1.352 sec/batch
INFO:tensorflow:Step: 1225, Loss: 4.909859, time: 1.347 sec/batch
INFO:tensorflow:Step: 1229, Loss: 4.975943, time: 1.329 sec/batch
INFO:tensorflow:Step: 1232, Loss: 5.304227, time: 1.360 sec/batch
INFO:tensorflow:Step: 1236, Loss: 5.146143, time: 1.388 sec/batch
INFO:tensorflow:Step: 1241, Loss: 5.102124, time: 1.338 sec/batch
INFO:tensorflow:Step: 1244, Loss: 4.896768, time: 1.337 sec/batch
INFO:tensorflow:Step: 1248, Loss: 4.873733, time: 1.384 sec/batch
INFO:tensorflow:Step: 1253, Loss: 5.056977, time: 1.431 sec/batch
INFO:tensorflow:Step: 1257, Loss: 5.005968, time: 1.377 sec/batch
INFO:tensorflow:Step: 1261, Loss: 4.953917, time: 1.351 sec/batch
INFO:tensorflow:Step: 1265, Loss: 4.993185, time: 1.361 sec/batch
INFO:tensorflow:Step: 1269, Loss: 4.930515, time: 1.363 sec/batch
INFO:tensorflow:Step: 1272, Loss: 5.215416, time: 1.517 sec/batch
INFO:tensorflow:Step: 1278, Loss: 5.032456, time: 1.296 sec/batch
INFO:tensorflow:Step: 1281, Loss: 4.950498, time: 1.294 sec/batch
INFO:tensorflow:Step: 1285, Loss: 4.825552, time: 1.477 sec/batch
INFO:tensorflow:Step: 1290, Loss: 5.032025, time: 1.720 sec/batch
INFO:tensorflow:Step: 1295, Loss: 4.925260, time: 1.303 sec/batch
INFO:tensorflow:Step: 1299, Loss: 4.945549, time: 1.310 sec/batch
INFO:tensorflow:Step: 1303, Loss: 5.395397, time: 1.334 sec/batch
INFO:tensorflow:Step: 1307, Loss: 5.101311, time: 1.324 sec/batch
INFO:tensorflow:Step: 1311, Loss: 4.902779, time: 1.285 sec/batch
INFO:tensorflow:Step: 1315, Loss: 5.130851, time: 1.275 sec/batch
INFO:tensorflow:Step: 1319, Loss: 4.903829, time: 1.314 sec/batch
INFO:tensorflow:Step: 1323, Loss: 5.064308, time: 1.317 sec/batch
INFO:tensorflow:Step: 1327, Loss: 5.015726, time: 1.315 sec/batch
INFO:tensorflow:Step: 1331, Loss: 4.990010, time: 1.331 sec/batch
INFO:tensorflow:Step: 1335, Loss: 4.935400, time: 1.350 sec/batch
INFO:tensorflow:Step: 1339, Loss: 5.083659, time: 1.274 sec/batch
INFO:tensorflow:Step: 1342, Loss: 5.255897, time: 1.387 sec/batch
INFO:tensorflow:Step: 1347, Loss: 5.025683, time: 1.476 sec/batch
INFO:tensorflow:Step: 1351, Loss: 5.024304, time: 1.299 sec/batch
INFO:tensorflow:Step: 1355, Loss: 4.866282, time: 1.378 sec/batch
INFO:tensorflow:Step: 1359, Loss: 5.073133, time: 1.334 sec/batch
INFO:tensorflow:Step: 1362, Loss: 4.882749, time: 1.490 sec/batch
INFO:tensorflow:Step: 1367, Loss: 4.896110, time: 1.432 sec/batch
INFO:tensorflow:Step: 1371, Loss: 5.099813, time: 1.357 sec/batch
INFO:tensorflow:Step: 1375, Loss: 4.915248, time: 1.333 sec/batch
INFO:tensorflow:Step: 1379, Loss: 5.047672, time: 1.340 sec/batch
INFO:tensorflow:Step: 1383, Loss: 4.956437, time: 1.287 sec/batch
INFO:tensorflow:Step: 1387, Loss: 4.918295, time: 1.312 sec/batch
INFO:tensorflow:Step: 1391, Loss: 4.897440, time: 1.321 sec/batch
INFO:tensorflow:Step: 1394, Loss: 4.976274, time: 1.324 sec/batch
INFO:tensorflow:Step: 1398, Loss: 5.139087, time: 1.331 sec/batch
INFO:tensorflow:Step: 1402, Loss: 4.891442, time: 1.348 sec/batch
INFO:tensorflow:Step: 1406, Loss: 5.014060, time: 1.307 sec/batch
INFO:tensorflow:Step: 1410, Loss: 5.053676, time: 1.314 sec/batch
INFO:tensorflow:Step: 1414, Loss: 4.841815, time: 1.283 sec/batch
INFO:tensorflow:Step: 1418, Loss: 5.024127, time: 1.387 sec/batch
INFO:tensorflow:Step: 1423, Loss: 4.999584, time: 1.402 sec/batch
INFO:tensorflow:Step: 1427, Loss: 4.835763, time: 1.315 sec/batch
INFO:tensorflow:Step: 1431, Loss: 5.039176, time: 1.340 sec/batch
INFO:tensorflow:Step: 1434, Loss: 4.955969, time: 1.285 sec/batch
INFO:tensorflow:Step: 1438, Loss: 4.849119, time: 1.315 sec/batch
INFO:tensorflow:Step: 1442, Loss: 4.975286, time: 1.600 sec/batch
INFO:tensorflow:Step: 1447, Loss: 4.993241, time: 1.424 sec/batch
INFO:tensorflow:Step: 1451, Loss: 5.022993, time: 1.415 sec/batch
INFO:tensorflow:Step: 1455, Loss: 5.015697, time: 1.368 sec/batch
INFO:tensorflow:Step: 1459, Loss: 4.988999, time: 1.298 sec/batch
INFO:tensorflow:Step: 1463, Loss: 5.058558, time: 1.306 sec/batch
INFO:tensorflow:Step: 1467, Loss: 4.975682, time: 1.302 sec/batch
INFO:tensorflow:Step: 1471, Loss: 5.106927, time: 1.339 sec/batch
INFO:tensorflow:Step: 1475, Loss: 4.990426, time: 1.352 sec/batch
INFO:tensorflow:Step: 1479, Loss: 4.881204, time: 1.270 sec/batch
INFO:tensorflow:Step: 1483, Loss: 4.928870, time: 1.327 sec/batch
INFO:tensorflow:Step: 1486, Loss: 5.051871, time: 1.314 sec/batch
INFO:tensorflow:Step: 1490, Loss: 4.987302, time: 1.373 sec/batch
INFO:tensorflow:Step: 1494, Loss: 4.951373, time: 1.388 sec/batch
INFO:tensorflow:Step: 1499, Loss: 4.852214, time: 1.361 sec/batch
INFO:tensorflow:Step: 1502, Loss: 4.899162, time: 1.356 sec/batch
INFO:tensorflow:Step: 1506, Loss: 5.024389, time: 1.351 sec/batch
INFO:tensorflow:Step: 1511, Loss: 5.034275, time: 1.330 sec/batch
INFO:tensorflow:Step: 1515, Loss: 4.917747, time: 1.344 sec/batch
INFO:tensorflow:Step: 1519, Loss: 4.977010, time: 1.333 sec/batch
INFO:tensorflow:Step: 1523, Loss: 5.024442, time: 1.330 sec/batch
INFO:tensorflow:Step: 1527, Loss: 4.776471, time: 1.335 sec/batch
INFO:tensorflow:Step: 1531, Loss: 4.789332, time: 1.356 sec/batch
INFO:tensorflow:Step: 1535, Loss: 4.981693, time: 1.309 sec/batch
INFO:tensorflow:Step: 1539, Loss: 5.167305, time: 1.312 sec/batch
INFO:tensorflow:Step: 1543, Loss: 4.998720, time: 1.413 sec/batch
INFO:tensorflow:Step: 1547, Loss: 5.063849, time: 1.510 sec/batch
INFO:tensorflow:Step: 1551, Loss: 5.003480, time: 1.399 sec/batch
INFO:tensorflow:Step: 1555, Loss: 5.143522, time: 1.339 sec/batch
INFO:tensorflow:Step: 1559, Loss: 5.101641, time: 1.350 sec/batch
INFO:tensorflow:Step: 1563, Loss: 5.013449, time: 1.365 sec/batch
INFO:tensorflow:Step: 1567, Loss: 4.908883, time: 1.351 sec/batch
INFO:tensorflow:Step: 1571, Loss: 4.763964, time: 1.342 sec/batch
INFO:tensorflow:Step: 1575, Loss: 4.964478, time: 1.332 sec/batch
INFO:tensorflow:Step: 1579, Loss: 4.890887, time: 1.320 sec/batch
INFO:tensorflow:Step: 1583, Loss: 4.853824, time: 1.308 sec/batch
INFO:tensorflow:Step: 1587, Loss: 5.012990, time: 1.334 sec/batch
INFO:tensorflow:Step: 1591, Loss: 4.877780, time: 1.274 sec/batch
INFO:tensorflow:Step: 1595, Loss: 4.849101, time: 1.316 sec/batch
INFO:tensorflow:Step: 1599, Loss: 4.710336, time: 1.292 sec/batch
INFO:tensorflow:Step: 1603, Loss: 4.993666, time: 1.317 sec/batch
INFO:tensorflow:Step: 1607, Loss: 4.909331, time: 1.352 sec/batch
INFO:tensorflow:Step: 1611, Loss: 5.036938, time: 1.338 sec/batch
INFO:tensorflow:Step: 1615, Loss: 5.124246, time: 1.322 sec/batch
INFO:tensorflow:Step: 1619, Loss: 4.883667, time: 1.354 sec/batch
INFO:tensorflow:Step: 1623, Loss: 4.988058, time: 1.396 sec/batch
INFO:tensorflow:Step: 1627, Loss: 5.221021, time: 1.312 sec/batch
INFO:tensorflow:Step: 1631, Loss: 4.878591, time: 1.262 sec/batch
INFO:tensorflow:Step: 1635, Loss: 5.217411, time: 1.314 sec/batch
INFO:tensorflow:Step: 1639, Loss: 4.845446, time: 1.321 sec/batch
INFO:tensorflow:Step: 1642, Loss: 4.996971, time: 1.335 sec/batch
INFO:tensorflow:Step: 1647, Loss: 4.897251, time: 1.396 sec/batch
INFO:tensorflow:Step: 1651, Loss: 5.211472, time: 1.343 sec/batch
INFO:tensorflow:Step: 1655, Loss: 4.912012, time: 1.330 sec/batch
INFO:tensorflow:Step: 1659, Loss: 4.937658, time: 1.378 sec/batch
INFO:tensorflow:Step: 1663, Loss: 4.991206, time: 1.362 sec/batch
INFO:tensorflow:Step: 1667, Loss: 4.834970, time: 1.331 sec/batch
INFO:tensorflow:Step: 1671, Loss: 5.001987, time: 1.357 sec/batch
INFO:tensorflow:Step: 1675, Loss: 4.956962, time: 1.350 sec/batch
INFO:tensorflow:Step: 1679, Loss: 4.937849, time: 1.331 sec/batch
INFO:tensorflow:Step: 1683, Loss: 4.895030, time: 1.397 sec/batch
INFO:tensorflow:Step: 1687, Loss: 4.955029, time: 1.357 sec/batch
INFO:tensorflow:Step: 1691, Loss: 4.910432, time: 1.408 sec/batch
INFO:tensorflow:Step: 1695, Loss: 4.797749, time: 1.369 sec/batch
INFO:tensorflow:Step: 1699, Loss: 4.930622, time: 1.336 sec/batch
INFO:tensorflow:Step: 1703, Loss: 4.924380, time: 1.370 sec/batch
INFO:tensorflow:Step: 1707, Loss: 4.759659, time: 1.390 sec/batch
INFO:tensorflow:Step: 1712, Loss: 4.863728, time: 1.504 sec/batch
INFO:tensorflow:Step: 1716, Loss: 5.002354, time: 1.313 sec/batch
INFO:tensorflow:Step: 1720, Loss: 4.837627, time: 1.371 sec/batch
INFO:tensorflow:Step: 1724, Loss: 4.781226, time: 1.324 sec/batch
INFO:tensorflow:Step: 1728, Loss: 4.939846, time: 1.347 sec/batch
INFO:tensorflow:Step: 1732, Loss: 5.060617, time: 1.278 sec/batch
INFO:tensorflow:Step: 1736, Loss: 4.884819, time: 1.346 sec/batch
INFO:tensorflow:Step: 1741, Loss: 4.848504, time: 1.414 sec/batch
INFO:tensorflow:Step: 1745, Loss: 4.738615, time: 1.557 sec/batch
INFO:tensorflow:Step: 1749, Loss: 4.914630, time: 1.290 sec/batch
INFO:tensorflow:Step: 1753, Loss: 4.835843, time: 1.338 sec/batch
INFO:tensorflow:Step: 1757, Loss: 4.783291, time: 1.355 sec/batch
INFO:tensorflow:Step: 1761, Loss: 4.817555, time: 1.344 sec/batch
INFO:tensorflow:Step: 1765, Loss: 4.867447, time: 1.344 sec/batch
INFO:tensorflow:Step: 1769, Loss: 4.903061, time: 1.331 sec/batch
INFO:tensorflow:Step: 1773, Loss: 4.858171, time: 1.302 sec/batch
INFO:tensorflow:Step: 1777, Loss: 4.943877, time: 1.320 sec/batch
INFO:tensorflow:Step: 1781, Loss: 4.943219, time: 1.361 sec/batch
INFO:tensorflow:Step: 1785, Loss: 4.967286, time: 1.330 sec/batch
INFO:tensorflow:Step: 1788, Loss: 4.779985, time: 1.341 sec/batch
INFO:tensorflow:Step: 1792, Loss: 4.889179, time: 1.362 sec/batch
INFO:tensorflow:Step: 1797, Loss: 4.709920, time: 1.333 sec/batch
INFO:tensorflow:Step: 1801, Loss: 4.936373, time: 1.352 sec/batch
INFO:tensorflow:Step: 1805, Loss: 5.290534, time: 1.329 sec/batch
INFO:tensorflow:Step: 1809, Loss: 4.933201, time: 1.332 sec/batch
INFO:tensorflow:Step: 1813, Loss: 5.141638, time: 1.352 sec/batch
INFO:tensorflow:Step: 1817, Loss: 5.018940, time: 1.358 sec/batch
INFO:tensorflow:Step: 1821, Loss: 4.805815, time: 1.341 sec/batch
INFO:tensorflow:Step: 1825, Loss: 5.205296, time: 1.334 sec/batch
INFO:tensorflow:Step: 1829, Loss: 4.839162, time: 1.281 sec/batch
INFO:tensorflow:Step: 1833, Loss: 4.947042, time: 1.292 sec/batch
INFO:tensorflow:Step: 1837, Loss: 5.038960, time: 1.298 sec/batch
INFO:tensorflow:Step: 1841, Loss: 4.935665, time: 1.319 sec/batch
INFO:tensorflow:Step: 1845, Loss: 4.822935, time: 1.343 sec/batch
INFO:tensorflow:Step: 1849, Loss: 4.806352, time: 1.357 sec/batch
INFO:tensorflow:Step: 1853, Loss: 4.855469, time: 1.323 sec/batch
INFO:tensorflow:Step: 1856, Loss: 4.910958, time: 1.307 sec/batch
INFO:tensorflow:Step: 1860, Loss: 4.807715, time: 1.337 sec/batch
INFO:tensorflow:Step: 1864, Loss: 4.755695, time: 1.323 sec/batch
INFO:tensorflow:Step: 1868, Loss: 4.735403, time: 1.339 sec/batch
INFO:tensorflow:Step: 1873, Loss: 4.936068, time: 1.377 sec/batch
INFO:tensorflow:Step: 1877, Loss: 5.118647, time: 1.345 sec/batch
INFO:tensorflow:Step: 1881, Loss: 4.909796, time: 1.340 sec/batch
INFO:tensorflow:Step: 1885, Loss: 5.167937, time: 1.275 sec/batch
INFO:tensorflow:Step: 1889, Loss: 4.774862, time: 1.380 sec/batch
INFO:tensorflow:Step: 1893, Loss: 5.100535, time: 1.293 sec/batch
INFO:tensorflow:Step: 1897, Loss: 4.769591, time: 1.334 sec/batch
INFO:tensorflow:Step: 1901, Loss: 4.897508, time: 1.382 sec/batch
run-expr-4node.sh: line 23: 55498 Terminated              CUDA_VISIBLE_DEVICES=$1 bazel-bin/inception/imagenet_distributed_train --batch_size=64 --data_dir=/lfs/local/0/daniter/imagenet-8-$2 --job_name='worker' --task_id=$2 --ps_hosts='raiders1:2228' --worker_hosts='raiders1:2200,raiders1:2201,raiders3:2209,raiders3:2210' --initial_learning_rate=$3 --momentum=$4 --sync=True --compute_groups=$5
