I tensorflow/stream_executor/dso_loader.cc:108] successfully opened CUDA library libcublas.so locally
I tensorflow/stream_executor/dso_loader.cc:108] successfully opened CUDA library libcudnn.so locally
I tensorflow/stream_executor/dso_loader.cc:108] successfully opened CUDA library libcufft.so locally
I tensorflow/stream_executor/dso_loader.cc:108] successfully opened CUDA library libcuda.so locally
I tensorflow/stream_executor/dso_loader.cc:108] successfully opened CUDA library libcurand.so locally
INFO:tensorflow:PS hosts are: ['master:2200']
INFO:tensorflow:Worker hosts are: ['master:2201', 'master:2202', 'master:2203', 'master:2204', 'node001:2205', 'node001:2206', 'node001:2207', 'node001:2208', 'node002:2209', 'node002:2210', 'node002:2211', 'node002:2212', 'node003:2213', 'node003:2214', 'node003:2215', 'node003:2216']
I tensorflow/stream_executor/cuda/cuda_gpu_executor.cc:922] successful NUMA node read from SysFS had negative value (-1), but there must be at least one NUMA node, so returning NUMA node zero
I tensorflow/core/common_runtime/gpu/gpu_init.cc:102] Found device 0 with properties: 
name: GRID K520
major: 3 minor: 0 memoryClockRate (GHz) 0.797
pciBusID 0000:00:03.0
Total memory: 4.00GiB
Free memory: 3.95GiB
I tensorflow/core/common_runtime/gpu/gpu_init.cc:126] DMA: 0 
I tensorflow/core/common_runtime/gpu/gpu_init.cc:136] 0:   Y 
I tensorflow/core/common_runtime/gpu/gpu_device.cc:784] Creating TensorFlow device (/gpu:0) -> (device: 0, name: GRID K520, pci bus id: 0000:00:03.0)
I tensorflow/core/distributed_runtime/rpc/grpc_channel.cc:206] Initialize HostPortsGrpcChannelCache for job ps -> {master:2200}
I tensorflow/core/distributed_runtime/rpc/grpc_channel.cc:206] Initialize HostPortsGrpcChannelCache for job worker -> {localhost:2201, master:2202, master:2203, master:2204, node001:2205, node001:2206, node001:2207, node001:2208, node002:2209, node002:2210, node002:2211, node002:2212, node003:2213, node003:2214, node003:2215, node003:2216}
I tensorflow/core/distributed_runtime/rpc/grpc_server_lib.cc:202] Started server with target: grpc://localhost:2201
INFO:tensorflow:Learning rate: 0.001000, momentum: 0.000000
INFO:tensorflow:Sync mode!!!!!!
INFO:tensorflow:Compute groups : 2
INFO:tensorflow:SyncReplicas enabled: replicas_to_aggregate=16; total_num_replicas=16
INFO:tensorflow:Num nodes per compute groups: 8
INFO:tensorflow:Tokens per step: 8
INFO:tensorflow:2016-08-09 14:32:30.317725 Supervisor
INFO:tensorflow:Restored model from /home/snapshot/model.ckpt-399
INFO:tensorflow:got sessions! 2016-08-09 14:33:23.516997 
INFO:tensorflow:Started 3 queues for processing input data.
INFO:tensorflow:global_step/sec: 0
I tensorflow/core/common_runtime/gpu/pool_allocator.cc:244] PoolAllocator: After 3869 get requests, put_count=2852 evicted_count=1000 eviction_rate=0.350631 and unsatisfied allocation rate=0.54717
I tensorflow/core/common_runtime/gpu/pool_allocator.cc:256] Raising pool_size_limit_ from 100 to 110
INFO:tensorflow:Step: 399, Loss: 5.234250, time: 18.441 sec/batch
INFO:tensorflow:Step: 399, Loss: 5.689011, time: 2.892 sec/batch
INFO:tensorflow:Step: 400, Loss: 5.195016, time: 4.242 sec/batch
INFO:tensorflow:Step: 401, Loss: 5.587024, time: 3.438 sec/batch
INFO:tensorflow:Step: 402, Loss: 5.768174, time: 3.376 sec/batch
I tensorflow/core/common_runtime/gpu/pool_allocator.cc:244] PoolAllocator: After 0 get requests, put_count=1016 evicted_count=1000 eviction_rate=0.984252 and unsatisfied allocation rate=0
INFO:tensorflow:Step: 403, Loss: 5.402929, time: 3.169 sec/batch
INFO:tensorflow:Step: 404, Loss: 6.039892, time: 4.702 sec/batch
INFO:tensorflow:Step: 406, Loss: 5.238235, time: 4.169 sec/batch
INFO:tensorflow:Step: 407, Loss: 5.517007, time: 3.299 sec/batch
INFO:tensorflow:Step: 408, Loss: 5.786954, time: 4.548 sec/batch
INFO:tensorflow:Step: 410, Loss: 5.618195, time: 4.714 sec/batch
I tensorflow/core/common_runtime/gpu/pool_allocator.cc:244] PoolAllocator: After 3768 get requests, put_count=4059 evicted_count=2000 eviction_rate=0.492732 and unsatisfied allocation rate=0.460191
I tensorflow/core/common_runtime/gpu/pool_allocator.cc:256] Raising pool_size_limit_ from 281 to 309
INFO:tensorflow:Step: 412, Loss: 5.392622, time: 4.722 sec/batch
INFO:tensorflow:Step: 414, Loss: 5.087039, time: 4.770 sec/batch
INFO:tensorflow:Step: 416, Loss: 4.936487, time: 4.526 sec/batch
INFO:tensorflow:Step: 418, Loss: 5.410885, time: 4.754 sec/batch
INFO:tensorflow:Step: 420, Loss: 5.373957, time: 4.890 sec/batch
INFO:tensorflow:Step: 422, Loss: 5.308768, time: 4.930 sec/batch
I tensorflow/core/common_runtime/gpu/pool_allocator.cc:244] PoolAllocator: After 0 get requests, put_count=1049 evicted_count=1000 eviction_rate=0.953289 and unsatisfied allocation rate=0
INFO:tensorflow:Step: 424, Loss: 5.302700, time: 4.773 sec/batch
INFO:tensorflow:Step: 426, Loss: 5.126340, time: 4.927 sec/batch
INFO:tensorflow:Step: 428, Loss: 5.649669, time: 4.366 sec/batch
INFO:tensorflow:Step: 430, Loss: 5.320072, time: 4.552 sec/batch
INFO:tensorflow:Step: 432, Loss: 5.539896, time: 4.379 sec/batch
INFO:tensorflow:Step: 434, Loss: 5.293887, time: 4.023 sec/batch
INFO:tensorflow:Step: 436, Loss: 5.394828, time: 5.033 sec/batch
INFO:tensorflow:global_step/sec: 0.325724
INFO:tensorflow:Step: 438, Loss: 5.169881, time: 4.751 sec/batch
INFO:tensorflow:Step: 440, Loss: 5.518796, time: 5.281 sec/batch
I tensorflow/core/common_runtime/gpu/pool_allocator.cc:244] PoolAllocator: After 3768 get requests, put_count=4015 evicted_count=1000 eviction_rate=0.249066 and unsatisfied allocation rate=0.227707
I tensorflow/core/common_runtime/gpu/pool_allocator.cc:256] Raising pool_size_limit_ from 1158 to 1273
INFO:tensorflow:Step: 442, Loss: 5.438274, time: 5.072 sec/batch
INFO:tensorflow:Step: 444, Loss: 5.145813, time: 4.867 sec/batch
INFO:tensorflow:Step: 446, Loss: 5.472920, time: 4.869 sec/batch
INFO:tensorflow:Step: 448, Loss: 4.830322, time: 4.824 sec/batch
INFO:tensorflow:Step: 450, Loss: 5.708260, time: 4.525 sec/batch
INFO:tensorflow:Step: 452, Loss: 5.441351, time: 4.894 sec/batch
INFO:tensorflow:Step: 454, Loss: 5.143961, time: 4.645 sec/batch
INFO:tensorflow:Step: 456, Loss: 5.435586, time: 4.683 sec/batch
INFO:tensorflow:Step: 458, Loss: 5.274818, time: 4.461 sec/batch
INFO:tensorflow:Step: 460, Loss: 5.155002, time: 4.672 sec/batch
INFO:tensorflow:Step: 462, Loss: 5.367710, time: 4.210 sec/batch
INFO:tensorflow:Step: 464, Loss: 5.197051, time: 4.599 sec/batch
INFO:tensorflow:Step: 466, Loss: 5.447094, time: 4.876 sec/batch
INFO:tensorflow:Step: 468, Loss: 5.510202, time: 4.273 sec/batch
INFO:tensorflow:Step: 470, Loss: 5.547692, time: 4.732 sec/batch
INFO:tensorflow:Step: 472, Loss: 5.365182, time: 4.914 sec/batch
INFO:tensorflow:Step: 474, Loss: 5.310868, time: 4.615 sec/batch
INFO:tensorflow:Step: 476, Loss: 5.495895, time: 4.646 sec/batch
INFO:tensorflow:Step: 478, Loss: 5.048543, time: 4.857 sec/batch
INFO:tensorflow:Step: 480, Loss: 5.217704, time: 4.443 sec/batch
INFO:tensorflow:Step: 482, Loss: 5.360269, time: 4.845 sec/batch
INFO:tensorflow:Step: 484, Loss: 5.315540, time: 4.191 sec/batch
INFO:tensorflow:Step: 486, Loss: 5.149037, time: 5.009 sec/batch
INFO:tensorflow:global_step/sec: 0.426685
INFO:tensorflow:Step: 488, Loss: 5.515330, time: 4.394 sec/batch
INFO:tensorflow:Step: 490, Loss: 5.616498, time: 4.013 sec/batch
INFO:tensorflow:Step: 492, Loss: 5.263670, time: 4.202 sec/batch
INFO:tensorflow:Step: 494, Loss: 5.486718, time: 4.090 sec/batch
INFO:tensorflow:Step: 496, Loss: 5.206260, time: 4.424 sec/batch
INFO:tensorflow:Step: 498, Loss: 5.334297, time: 4.043 sec/batch
INFO:tensorflow:Step: 500, Loss: 5.206994, time: 4.411 sec/batch
INFO:tensorflow:Step: 502, Loss: 5.501248, time: 4.322 sec/batch
INFO:tensorflow:Step: 504, Loss: 5.207616, time: 4.149 sec/batch
INFO:tensorflow:Step: 506, Loss: 5.671543, time: 4.806 sec/batch
INFO:tensorflow:Step: 508, Loss: 5.193470, time: 4.866 sec/batch
INFO:tensorflow:Step: 510, Loss: 5.295256, time: 4.826 sec/batch
INFO:tensorflow:Step: 512, Loss: 4.997707, time: 4.880 sec/batch
INFO:tensorflow:Step: 514, Loss: 4.897067, time: 5.207 sec/batch
INFO:tensorflow:Step: 516, Loss: 5.341653, time: 6.116 sec/batch
INFO:tensorflow:Step: 518, Loss: 5.264060, time: 4.054 sec/batch
INFO:tensorflow:Step: 520, Loss: 5.576525, time: 4.986 sec/batch
INFO:tensorflow:Step: 522, Loss: 5.312531, time: 4.239 sec/batch
INFO:tensorflow:Step: 524, Loss: 5.419334, time: 4.748 sec/batch
INFO:tensorflow:Step: 526, Loss: 5.419688, time: 5.991 sec/batch
INFO:tensorflow:Step: 528, Loss: 5.258688, time: 4.492 sec/batch
INFO:tensorflow:Step: 530, Loss: 5.281807, time: 4.614 sec/batch
INFO:tensorflow:Step: 532, Loss: 5.296000, time: 4.366 sec/batch
INFO:tensorflow:Step: 534, Loss: 5.165007, time: 4.323 sec/batch
INFO:tensorflow:Step: 536, Loss: 5.137221, time: 5.414 sec/batch
INFO:tensorflow:Step: 538, Loss: 5.269048, time: 5.588 sec/batch
INFO:tensorflow:global_step/sec: 0.426057
INFO:tensorflow:Step: 540, Loss: 4.935233, time: 4.849 sec/batch
INFO:tensorflow:Step: 542, Loss: 5.254706, time: 4.388 sec/batch
INFO:tensorflow:Step: 544, Loss: 5.269243, time: 4.626 sec/batch
INFO:tensorflow:Step: 546, Loss: 5.514843, time: 4.494 sec/batch
INFO:tensorflow:Step: 548, Loss: 5.192762, time: 4.562 sec/batch
INFO:tensorflow:Step: 550, Loss: 5.375586, time: 4.685 sec/batch
INFO:tensorflow:Step: 552, Loss: 5.203589, time: 4.760 sec/batch
INFO:tensorflow:Step: 554, Loss: 5.197145, time: 6.281 sec/batch
INFO:tensorflow:Step: 556, Loss: 5.307839, time: 4.260 sec/batch
INFO:tensorflow:Step: 558, Loss: 5.069023, time: 5.237 sec/batch
INFO:tensorflow:Step: 560, Loss: 5.282501, time: 4.105 sec/batch
INFO:tensorflow:Step: 562, Loss: 5.335644, time: 4.394 sec/batch
INFO:tensorflow:Step: 564, Loss: 5.101168, time: 4.712 sec/batch
INFO:tensorflow:Step: 566, Loss: 5.387041, time: 4.102 sec/batch
INFO:tensorflow:Step: 568, Loss: 5.354972, time: 3.906 sec/batch
INFO:tensorflow:Step: 570, Loss: 5.220048, time: 4.268 sec/batch
INFO:tensorflow:Step: 572, Loss: 5.432307, time: 4.746 sec/batch
INFO:tensorflow:Step: 574, Loss: 5.114084, time: 4.415 sec/batch
INFO:tensorflow:Step: 576, Loss: 5.251518, time: 4.622 sec/batch
INFO:tensorflow:Step: 578, Loss: 5.387719, time: 4.924 sec/batch
INFO:tensorflow:Step: 580, Loss: 5.119994, time: 4.457 sec/batch
INFO:tensorflow:Step: 582, Loss: 5.141765, time: 5.022 sec/batch
INFO:tensorflow:Step: 584, Loss: 5.375833, time: 4.857 sec/batch
INFO:tensorflow:Step: 586, Loss: 5.346966, time: 3.994 sec/batch
INFO:tensorflow:Step: 588, Loss: 5.134289, time: 4.643 sec/batch
INFO:tensorflow:Step: 590, Loss: 5.314545, time: 4.849 sec/batch
INFO:tensorflow:global_step/sec: 0.432817
INFO:tensorflow:Step: 592, Loss: 5.202466, time: 4.721 sec/batch
INFO:tensorflow:Step: 594, Loss: 4.996984, time: 4.971 sec/batch
INFO:tensorflow:Step: 596, Loss: 5.116026, time: 4.249 sec/batch
INFO:tensorflow:Step: 598, Loss: 5.194059, time: 4.166 sec/batch
INFO:tensorflow:Step: 600, Loss: 5.097960, time: 4.367 sec/batch
INFO:tensorflow:Step: 602, Loss: 5.146371, time: 4.216 sec/batch
INFO:tensorflow:Step: 604, Loss: 5.346560, time: 4.168 sec/batch
INFO:tensorflow:Step: 606, Loss: 5.304937, time: 4.342 sec/batch
INFO:tensorflow:Step: 608, Loss: 5.261529, time: 5.022 sec/batch
run-expr-32node.sh: line 25: 121076 Terminated              CUDA_VISIBLE_DEVICES=$1 bazel-bin/inception/imagenet_distributed_train --batch_size=32 --data_dir=/home/data/sample-data-$2 --job_name='worker' --task_id=$2 --ps_hosts='master:2200' --worker_hosts='master:2201,master:2202,master:2203,master:2204,node001:2205,node001:2206,node001:2207,node001:2208,node002:2209,node002:2210,node002:2211,node002:2212,node003:2213,node003:2214,node003:2215,node003:2216' --initial_learning_rate=$3 --momentum=$4 --sync=True --compute_groups=$5
