I tensorflow/stream_executor/dso_loader.cc:108] successfully opened CUDA library libcublas.so locally
I tensorflow/stream_executor/dso_loader.cc:108] successfully opened CUDA library libcudnn.so locally
I tensorflow/stream_executor/dso_loader.cc:108] successfully opened CUDA library libcufft.so locally
I tensorflow/stream_executor/dso_loader.cc:108] successfully opened CUDA library libcuda.so locally
I tensorflow/stream_executor/dso_loader.cc:108] successfully opened CUDA library libcurand.so locally
INFO:tensorflow:PS hosts are: ['master:2200']
INFO:tensorflow:Worker hosts are: ['master:2201', 'master:2202', 'master:2203', 'master:2204', 'node001:2205', 'node001:2206', 'node001:2207', 'node001:2208', 'node002:2209', 'node002:2210', 'node002:2211', 'node002:2212', 'node003:2213', 'node003:2214', 'node003:2215', 'node003:2216', 'node004:2217', 'node004:2218', 'node004:2219', 'node004:2220', 'node005:2221', 'node005:2222', 'node005:2223', 'node005:2224', 'node006:2225', 'node006:2226', 'node006:2227', 'node006:2228', 'node007:2229', 'node007:2230', 'node007:2231', 'node007:2232']
I tensorflow/stream_executor/cuda/cuda_gpu_executor.cc:922] successful NUMA node read from SysFS had negative value (-1), but there must be at least one NUMA node, so returning NUMA node zero
I tensorflow/core/common_runtime/gpu/gpu_init.cc:102] Found device 0 with properties: 
name: GRID K520
major: 3 minor: 0 memoryClockRate (GHz) 0.797
pciBusID 0000:00:03.0
Total memory: 4.00GiB
Free memory: 3.95GiB
I tensorflow/core/common_runtime/gpu/gpu_init.cc:126] DMA: 0 
I tensorflow/core/common_runtime/gpu/gpu_init.cc:136] 0:   Y 
I tensorflow/core/common_runtime/gpu/gpu_device.cc:784] Creating TensorFlow device (/gpu:0) -> (device: 0, name: GRID K520, pci bus id: 0000:00:03.0)
I tensorflow/core/distributed_runtime/rpc/grpc_channel.cc:206] Initialize HostPortsGrpcChannelCache for job ps -> {master:2200}
I tensorflow/core/distributed_runtime/rpc/grpc_channel.cc:206] Initialize HostPortsGrpcChannelCache for job worker -> {localhost:2201, master:2202, master:2203, master:2204, node001:2205, node001:2206, node001:2207, node001:2208, node002:2209, node002:2210, node002:2211, node002:2212, node003:2213, node003:2214, node003:2215, node003:2216, node004:2217, node004:2218, node004:2219, node004:2220, node005:2221, node005:2222, node005:2223, node005:2224, node006:2225, node006:2226, node006:2227, node006:2228, node007:2229, node007:2230, node007:2231, node007:2232}
I tensorflow/core/distributed_runtime/rpc/grpc_server_lib.cc:202] Started server with target: grpc://localhost:2201
INFO:tensorflow:Learning rate: 0.050000, momentum: 0.900000
INFO:tensorflow:Sync mode!!!!!!
INFO:tensorflow:Compute groups : 1
INFO:tensorflow:SyncReplicas enabled: replicas_to_aggregate=32; total_num_replicas=32
INFO:tensorflow:Num nodes per compute groups: 32
INFO:tensorflow:Tokens per step: 32
INFO:tensorflow:2016-08-10 15:04:05.381014 Supervisor
INFO:tensorflow:Restored model from /imagenet/snapshot/model.ckpt-7871
INFO:tensorflow:got sessions! 2016-08-10 15:05:04.303825 
INFO:tensorflow:Started 3 queues for processing input data.
INFO:tensorflow:global_step/sec: 0
I tensorflow/core/common_runtime/gpu/pool_allocator.cc:244] PoolAllocator: After 3869 get requests, put_count=2855 evicted_count=1000 eviction_rate=0.350263 and unsatisfied allocation rate=0.546394
I tensorflow/core/common_runtime/gpu/pool_allocator.cc:256] Raising pool_size_limit_ from 100 to 110
INFO:tensorflow:Step: 7871, Loss: 10.029855, time: 22.295 sec/batch
INFO:tensorflow:Step: 7872, Loss: 10.189227, time: 6.048 sec/batch
INFO:tensorflow:Step: 7872, Loss: 9.852920, time: 5.150 sec/batch
INFO:tensorflow:Step: 7873, Loss: 9.763848, time: 5.916 sec/batch
INFO:tensorflow:Step: 7873, Loss: 9.930775, time: 3.121 sec/batch
I tensorflow/core/common_runtime/gpu/pool_allocator.cc:244] PoolAllocator: After 0 get requests, put_count=1016 evicted_count=1000 eviction_rate=0.984252 and unsatisfied allocation rate=0
INFO:tensorflow:Step: 7873, Loss: 10.415225, time: 5.308 sec/batch
INFO:tensorflow:Step: 7874, Loss: 10.041044, time: 4.624 sec/batch
INFO:tensorflow:Step: 7874, Loss: 10.145686, time: 7.168 sec/batch
INFO:tensorflow:Step: 7875, Loss: 11.512474, time: 12.388 sec/batch
INFO:tensorflow:Step: 7876, Loss: 11.095392, time: 11.959 sec/batch
INFO:tensorflow:Step: 7877, Loss: 10.374455, time: 10.460 sec/batch
I tensorflow/core/common_runtime/gpu/pool_allocator.cc:244] PoolAllocator: After 3768 get requests, put_count=4060 evicted_count=2000 eviction_rate=0.492611 and unsatisfied allocation rate=0.459926
I tensorflow/core/common_runtime/gpu/pool_allocator.cc:256] Raising pool_size_limit_ from 281 to 309
INFO:tensorflow:global_step/sec: 0.058884
INFO:tensorflow:Step: 7878, Loss: 11.055232, time: 11.730 sec/batch
INFO:tensorflow:Step: 7879, Loss: 11.151862, time: 13.166 sec/batch
INFO:tensorflow:Step: 7880, Loss: 11.063237, time: 13.062 sec/batch
INFO:tensorflow:Step: 7881, Loss: 10.863994, time: 13.998 sec/batch
INFO:tensorflow:Step: 7882, Loss: 11.003020, time: 11.260 sec/batch
INFO:tensorflow:Step: 7883, Loss: 10.608055, time: 14.572 sec/batch
I tensorflow/core/common_runtime/gpu/pool_allocator.cc:244] PoolAllocator: After 0 get requests, put_count=1049 evicted_count=1000 eviction_rate=0.953289 and unsatisfied allocation rate=0
INFO:tensorflow:Step: 7884, Loss: 10.893151, time: 11.290 sec/batch
INFO:tensorflow:Step: 7885, Loss: 10.473907, time: 12.873 sec/batch
INFO:tensorflow:Step: 7886, Loss: 10.713547, time: 11.252 sec/batch
INFO:tensorflow:Step: 7887, Loss: 10.867744, time: 13.409 sec/batch
INFO:tensorflow:global_step/sec: 0.0820116
INFO:tensorflow:Step: 7888, Loss: 10.778922, time: 11.755 sec/batch
INFO:tensorflow:Step: 7889, Loss: 10.272759, time: 12.486 sec/batch
INFO:tensorflow:Step: 7890, Loss: 10.757479, time: 12.733 sec/batch
INFO:tensorflow:Step: 7891, Loss: 10.332077, time: 12.246 sec/batch
INFO:tensorflow:Step: 7892, Loss: 10.488495, time: 13.090 sec/batch
I tensorflow/core/common_runtime/gpu/pool_allocator.cc:244] PoolAllocator: After 3768 get requests, put_count=4015 evicted_count=1000 eviction_rate=0.249066 and unsatisfied allocation rate=0.227707
I tensorflow/core/common_runtime/gpu/pool_allocator.cc:256] Raising pool_size_limit_ from 1158 to 1273
INFO:tensorflow:Step: 7893, Loss: 10.455395, time: 11.440 sec/batch
INFO:tensorflow:Step: 7894, Loss: 10.370908, time: 13.765 sec/batch
INFO:tensorflow:Step: 7895, Loss: 9.949420, time: 11.191 sec/batch
INFO:tensorflow:Step: 7896, Loss: 10.766536, time: 14.531 sec/batch
INFO:tensorflow:global_step/sec: 0.0762981
INFO:tensorflow:Step: 7897, Loss: 10.393561, time: 11.999 sec/batch
INFO:tensorflow:Step: 7898, Loss: 10.892466, time: 12.494 sec/batch
INFO:tensorflow:Step: 7899, Loss: 9.893805, time: 11.851 sec/batch
INFO:tensorflow:Step: 7900, Loss: 10.167998, time: 12.468 sec/batch
INFO:tensorflow:Step: 7901, Loss: 10.389952, time: 12.355 sec/batch
INFO:tensorflow:Step: 7902, Loss: 10.504535, time: 11.411 sec/batch
INFO:tensorflow:Step: 7903, Loss: 10.746444, time: 14.234 sec/batch
INFO:tensorflow:Step: 7904, Loss: 10.696338, time: 14.095 sec/batch
INFO:tensorflow:Step: 7905, Loss: 10.773046, time: 11.871 sec/batch
INFO:tensorflow:Step: 7906, Loss: 10.648489, time: 13.809 sec/batch
INFO:tensorflow:global_step/sec: 0.0818342
INFO:tensorflow:Step: 7907, Loss: 10.846180, time: 12.131 sec/batch
INFO:tensorflow:Step: 7908, Loss: 9.735970, time: 11.296 sec/batch
INFO:tensorflow:Step: 7909, Loss: 11.104544, time: 10.101 sec/batch
INFO:tensorflow:Step: 7910, Loss: 9.802537, time: 11.504 sec/batch
INFO:tensorflow:Step: 7911, Loss: 10.833896, time: 11.539 sec/batch
INFO:tensorflow:Step: 7912, Loss: 10.287450, time: 12.376 sec/batch
INFO:tensorflow:Step: 7913, Loss: 10.954743, time: 11.923 sec/batch
INFO:tensorflow:Step: 7914, Loss: 10.178577, time: 12.247 sec/batch
INFO:tensorflow:Step: 7915, Loss: 10.267333, time: 10.622 sec/batch
INFO:tensorflow:Step: 7916, Loss: 9.925060, time: 11.340 sec/batch
INFO:tensorflow:global_step/sec: 0.0848879
INFO:tensorflow:Step: 7917, Loss: 9.918772, time: 13.272 sec/batch
INFO:tensorflow:Step: 7918, Loss: 10.304938, time: 10.438 sec/batch
INFO:tensorflow:Step: 7919, Loss: 9.593513, time: 12.362 sec/batch
INFO:tensorflow:Step: 7920, Loss: 10.212008, time: 11.247 sec/batch
INFO:tensorflow:Step: 7921, Loss: 11.083381, time: 12.226 sec/batch
INFO:tensorflow:Step: 7922, Loss: 9.550486, time: 11.325 sec/batch
INFO:tensorflow:Step: 7923, Loss: 10.048817, time: 13.976 sec/batch
INFO:tensorflow:Step: 7924, Loss: 9.737613, time: 11.718 sec/batch
INFO:tensorflow:Step: 7925, Loss: 10.845928, time: 12.096 sec/batch
INFO:tensorflow:Step: 7926, Loss: 10.344231, time: 12.822 sec/batch
INFO:tensorflow:global_step/sec: 0.0833331
INFO:tensorflow:Step: 7927, Loss: 11.002237, time: 13.260 sec/batch
INFO:tensorflow:Step: 7928, Loss: 9.265529, time: 13.074 sec/batch
INFO:tensorflow:Step: 7929, Loss: 10.016328, time: 12.256 sec/batch
INFO:tensorflow:Step: 7930, Loss: 10.924585, time: 13.556 sec/batch
INFO:tensorflow:Step: 7931, Loss: 10.593046, time: 11.694 sec/batch
INFO:tensorflow:Step: 7932, Loss: 10.714251, time: 12.039 sec/batch
INFO:tensorflow:Step: 7933, Loss: 10.387073, time: 11.835 sec/batch
INFO:tensorflow:Step: 7934, Loss: 9.970799, time: 11.427 sec/batch
INFO:tensorflow:Step: 7935, Loss: 10.319799, time: 14.509 sec/batch
INFO:tensorflow:Step: 7936, Loss: 9.808832, time: 11.880 sec/batch
INFO:tensorflow:global_step/sec: 0.0810865
INFO:tensorflow:Step: 7937, Loss: 10.532437, time: 10.798 sec/batch
INFO:tensorflow:Step: 7938, Loss: 10.722431, time: 11.675 sec/batch
INFO:tensorflow:Step: 7939, Loss: 9.954251, time: 11.909 sec/batch
INFO:tensorflow:Step: 7940, Loss: 9.307950, time: 12.064 sec/batch
INFO:tensorflow:Step: 7941, Loss: 10.560660, time: 12.319 sec/batch
INFO:tensorflow:Step: 7942, Loss: 9.986748, time: 12.366 sec/batch
INFO:tensorflow:Step: 7943, Loss: 9.408867, time: 13.170 sec/batch
INFO:tensorflow:Step: 7944, Loss: 9.524831, time: 12.186 sec/batch
INFO:tensorflow:Step: 7945, Loss: 10.266166, time: 11.732 sec/batch
INFO:tensorflow:Step: 7946, Loss: 10.615149, time: 12.348 sec/batch
INFO:tensorflow:global_step/sec: 0.0827892
INFO:tensorflow:Step: 7947, Loss: 10.688602, time: 12.122 sec/batch
INFO:tensorflow:Step: 7948, Loss: 9.958850, time: 10.003 sec/batch
INFO:tensorflow:Step: 7949, Loss: 9.845788, time: 10.696 sec/batch
INFO:tensorflow:Step: 7950, Loss: 9.634014, time: 10.732 sec/batch
INFO:tensorflow:Step: 7951, Loss: 9.882235, time: 11.435 sec/batch
INFO:tensorflow:Step: 7952, Loss: 9.867262, time: 11.462 sec/batch
INFO:tensorflow:Step: 7953, Loss: 10.379972, time: 10.846 sec/batch
INFO:tensorflow:Step: 7954, Loss: 10.085217, time: 12.134 sec/batch
INFO:tensorflow:Step: 7955, Loss: 9.568808, time: 10.926 sec/batch
INFO:tensorflow:Step: 7956, Loss: 9.638989, time: 11.190 sec/batch
INFO:tensorflow:global_step/sec: 0.0862855
INFO:tensorflow:Step: 7957, Loss: 9.403017, time: 11.487 sec/batch
INFO:tensorflow:Step: 7958, Loss: 10.033165, time: 14.474 sec/batch
INFO:tensorflow:Step: 7959, Loss: 9.642951, time: 11.567 sec/batch
run-expr-aws-32node.sh: line 25: 12461 Terminated              CUDA_VISIBLE_DEVICES=$1 bazel-bin/inception/imagenet_distributed_train --batch_size=32 --data_dir=/imagenet/ilsvrc12_train_tfrecord_32_PARTITION/32P_p$2 --job_name='worker' --task_id=$2 --ps_hosts='master:2200' --worker_hosts='master:2201,master:2202,master:2203,master:2204,node001:2205,node001:2206,node001:2207,node001:2208,node002:2209,node002:2210,node002:2211,node002:2212,node003:2213,node003:2214,node003:2215,node003:2216,node004:2217,node004:2218,node004:2219,node004:2220,node005:2221,node005:2222,node005:2223,node005:2224,node006:2225,node006:2226,node006:2227,node006:2228,node007:2229,node007:2230,node007:2231,node007:2232' --initial_learning_rate=$3 --momentum=$4 --sync=True --compute_groups=$5
