I tensorflow/stream_executor/dso_loader.cc:108] successfully opened CUDA library libcublas.so locally
I tensorflow/stream_executor/dso_loader.cc:108] successfully opened CUDA library libcudnn.so locally
I tensorflow/stream_executor/dso_loader.cc:108] successfully opened CUDA library libcufft.so locally
I tensorflow/stream_executor/dso_loader.cc:108] successfully opened CUDA library libcuda.so locally
I tensorflow/stream_executor/dso_loader.cc:108] successfully opened CUDA library libcurand.so locally
INFO:tensorflow:PS hosts are: ['master:2200']
INFO:tensorflow:Worker hosts are: ['master:2201', 'master:2202', 'master:2203', 'master:2204', 'node001:2205', 'node001:2206', 'node001:2207', 'node001:2208', 'node002:2209', 'node002:2210', 'node002:2211', 'node002:2212', 'node003:2213', 'node003:2214', 'node003:2215', 'node003:2216']
I tensorflow/stream_executor/cuda/cuda_gpu_executor.cc:922] successful NUMA node read from SysFS had negative value (-1), but there must be at least one NUMA node, so returning NUMA node zero
I tensorflow/core/common_runtime/gpu/gpu_init.cc:102] Found device 0 with properties: 
name: GRID K520
major: 3 minor: 0 memoryClockRate (GHz) 0.797
pciBusID 0000:00:03.0
Total memory: 4.00GiB
Free memory: 3.95GiB
I tensorflow/core/common_runtime/gpu/gpu_init.cc:126] DMA: 0 
I tensorflow/core/common_runtime/gpu/gpu_init.cc:136] 0:   Y 
I tensorflow/core/common_runtime/gpu/gpu_device.cc:784] Creating TensorFlow device (/gpu:0) -> (device: 0, name: GRID K520, pci bus id: 0000:00:03.0)
I tensorflow/core/distributed_runtime/rpc/grpc_channel.cc:206] Initialize HostPortsGrpcChannelCache for job ps -> {master:2200}
I tensorflow/core/distributed_runtime/rpc/grpc_channel.cc:206] Initialize HostPortsGrpcChannelCache for job worker -> {localhost:2201, master:2202, master:2203, master:2204, node001:2205, node001:2206, node001:2207, node001:2208, node002:2209, node002:2210, node002:2211, node002:2212, node003:2213, node003:2214, node003:2215, node003:2216}
I tensorflow/core/distributed_runtime/rpc/grpc_server_lib.cc:202] Started server with target: grpc://localhost:2201
INFO:tensorflow:Learning rate: 0.005000, momentum: 0.300000
INFO:tensorflow:Sync mode!!!!!!
INFO:tensorflow:Compute groups : 1
INFO:tensorflow:SyncReplicas enabled: replicas_to_aggregate=16; total_num_replicas=16
INFO:tensorflow:Num nodes per compute groups: 16
INFO:tensorflow:Tokens per step: 16
INFO:tensorflow:2016-08-09 04:09:38.187083 Supervisor
INFO:tensorflow:Restored model from /home/snapshot/model.ckpt-399
INFO:tensorflow:got sessions! 2016-08-09 04:10:31.181588 
INFO:tensorflow:Started 3 queues for processing input data.
INFO:tensorflow:global_step/sec: 0
I tensorflow/core/common_runtime/gpu/pool_allocator.cc:244] PoolAllocator: After 3869 get requests, put_count=2853 evicted_count=1000 eviction_rate=0.350508 and unsatisfied allocation rate=0.546911
I tensorflow/core/common_runtime/gpu/pool_allocator.cc:256] Raising pool_size_limit_ from 100 to 110
INFO:tensorflow:Step: 399, Loss: 5.180650, time: 17.085 sec/batch
INFO:tensorflow:Step: 399, Loss: 5.578990, time: 2.620 sec/batch
INFO:tensorflow:Step: 399, Loss: 5.322400, time: 2.514 sec/batch
INFO:tensorflow:Step: 399, Loss: 5.520337, time: 7.220 sec/batch
INFO:tensorflow:Step: 400, Loss: 5.614235, time: 6.211 sec/batch
I tensorflow/core/common_runtime/gpu/pool_allocator.cc:244] PoolAllocator: After 0 get requests, put_count=1016 evicted_count=1000 eviction_rate=0.984252 and unsatisfied allocation rate=0
INFO:tensorflow:Step: 401, Loss: 5.457786, time: 3.786 sec/batch
INFO:tensorflow:Step: 402, Loss: 5.839319, time: 4.531 sec/batch
INFO:tensorflow:Step: 403, Loss: 5.123501, time: 5.702 sec/batch
INFO:tensorflow:Step: 404, Loss: 5.412004, time: 4.723 sec/batch
INFO:tensorflow:Step: 405, Loss: 5.600652, time: 5.564 sec/batch
INFO:tensorflow:Step: 406, Loss: 5.380842, time: 6.847 sec/batch
I tensorflow/core/common_runtime/gpu/pool_allocator.cc:244] PoolAllocator: After 3768 get requests, put_count=4058 evicted_count=2000 eviction_rate=0.492854 and unsatisfied allocation rate=0.460456
I tensorflow/core/common_runtime/gpu/pool_allocator.cc:256] Raising pool_size_limit_ from 281 to 309
INFO:tensorflow:Step: 407, Loss: 5.312195, time: 6.671 sec/batch
INFO:tensorflow:Step: 408, Loss: 5.143982, time: 5.502 sec/batch
INFO:tensorflow:Step: 409, Loss: 4.807806, time: 6.081 sec/batch
INFO:tensorflow:Step: 410, Loss: 5.268539, time: 6.621 sec/batch
INFO:tensorflow:Step: 411, Loss: 5.350464, time: 6.930 sec/batch
INFO:tensorflow:Step: 412, Loss: 5.307305, time: 6.049 sec/batch
I tensorflow/core/common_runtime/gpu/pool_allocator.cc:244] PoolAllocator: After 0 get requests, put_count=1049 evicted_count=1000 eviction_rate=0.953289 and unsatisfied allocation rate=0
INFO:tensorflow:Step: 413, Loss: 5.385509, time: 5.649 sec/batch
INFO:tensorflow:Step: 414, Loss: 5.014761, time: 5.415 sec/batch
INFO:tensorflow:global_step/sec: 0.134366
INFO:tensorflow:Step: 415, Loss: 5.402486, time: 5.947 sec/batch
INFO:tensorflow:Step: 416, Loss: 5.075725, time: 5.512 sec/batch
INFO:tensorflow:Step: 417, Loss: 5.280366, time: 5.318 sec/batch
INFO:tensorflow:Step: 418, Loss: 5.237679, time: 5.309 sec/batch
INFO:tensorflow:Step: 419, Loss: 5.196352, time: 5.480 sec/batch
INFO:tensorflow:Step: 420, Loss: 5.146335, time: 5.076 sec/batch
INFO:tensorflow:Step: 421, Loss: 5.354617, time: 5.050 sec/batch
I tensorflow/core/common_runtime/gpu/pool_allocator.cc:244] PoolAllocator: After 3768 get requests, put_count=4015 evicted_count=1000 eviction_rate=0.249066 and unsatisfied allocation rate=0.227707
I tensorflow/core/common_runtime/gpu/pool_allocator.cc:256] Raising pool_size_limit_ from 1158 to 1273
INFO:tensorflow:Step: 422, Loss: 5.235223, time: 5.028 sec/batch
INFO:tensorflow:Step: 423, Loss: 4.946494, time: 5.336 sec/batch
INFO:tensorflow:Step: 424, Loss: 5.486394, time: 5.524 sec/batch
INFO:tensorflow:Step: 425, Loss: 4.743950, time: 5.929 sec/batch
INFO:tensorflow:Step: 426, Loss: 5.434144, time: 5.026 sec/batch
INFO:tensorflow:Step: 427, Loss: 5.295920, time: 5.065 sec/batch
INFO:tensorflow:Step: 428, Loss: 5.002515, time: 5.162 sec/batch
INFO:tensorflow:Step: 429, Loss: 5.272859, time: 5.328 sec/batch
INFO:tensorflow:Step: 430, Loss: 5.182020, time: 5.772 sec/batch
INFO:tensorflow:Step: 431, Loss: 5.202492, time: 5.605 sec/batch
INFO:tensorflow:Step: 432, Loss: 5.174685, time: 5.255 sec/batch
INFO:tensorflow:Step: 433, Loss: 5.103093, time: 5.483 sec/batch
INFO:tensorflow:Step: 434, Loss: 5.207047, time: 6.097 sec/batch
INFO:tensorflow:Step: 435, Loss: 5.227789, time: 5.532 sec/batch
INFO:tensorflow:Step: 436, Loss: 5.433964, time: 5.311 sec/batch
INFO:tensorflow:global_step/sec: 0.183333
INFO:tensorflow:Step: 437, Loss: 5.007955, time: 5.891 sec/batch
INFO:tensorflow:Step: 438, Loss: 5.252216, time: 5.881 sec/batch
INFO:tensorflow:Step: 439, Loss: 5.307388, time: 5.226 sec/batch
INFO:tensorflow:Step: 440, Loss: 4.964240, time: 5.098 sec/batch
INFO:tensorflow:Step: 441, Loss: 5.081377, time: 5.263 sec/batch
INFO:tensorflow:Step: 442, Loss: 5.318725, time: 4.945 sec/batch
INFO:tensorflow:Step: 443, Loss: 5.250032, time: 5.228 sec/batch
INFO:tensorflow:Step: 444, Loss: 4.968106, time: 5.143 sec/batch
INFO:tensorflow:Step: 445, Loss: 5.259923, time: 5.077 sec/batch
INFO:tensorflow:Step: 446, Loss: 5.373472, time: 5.239 sec/batch
INFO:tensorflow:Step: 447, Loss: 5.119358, time: 5.247 sec/batch
INFO:tensorflow:Step: 448, Loss: 5.368668, time: 5.122 sec/batch
INFO:tensorflow:Step: 449, Loss: 5.107532, time: 5.575 sec/batch
INFO:tensorflow:Step: 450, Loss: 5.084856, time: 4.994 sec/batch
INFO:tensorflow:Step: 451, Loss: 5.137537, time: 4.876 sec/batch
INFO:tensorflow:Step: 452, Loss: 5.279942, time: 5.656 sec/batch
INFO:tensorflow:Step: 453, Loss: 5.148938, time: 6.037 sec/batch
INFO:tensorflow:Step: 454, Loss: 5.374012, time: 5.940 sec/batch
INFO:tensorflow:Step: 455, Loss: 5.111387, time: 6.125 sec/batch
INFO:tensorflow:Step: 456, Loss: 5.126817, time: 6.272 sec/batch
INFO:tensorflow:Step: 457, Loss: 4.864509, time: 5.466 sec/batch
INFO:tensorflow:Step: 458, Loss: 4.760462, time: 5.771 sec/batch
INFO:tensorflow:global_step/sec: 0.183335
INFO:tensorflow:Step: 459, Loss: 5.035247, time: 5.994 sec/batch
INFO:tensorflow:Step: 460, Loss: 5.247520, time: 5.178 sec/batch
INFO:tensorflow:Step: 461, Loss: 5.347122, time: 5.903 sec/batch
INFO:tensorflow:Step: 462, Loss: 5.136692, time: 5.408 sec/batch
INFO:tensorflow:Step: 463, Loss: 5.274920, time: 4.963 sec/batch
INFO:tensorflow:Step: 464, Loss: 5.169017, time: 5.552 sec/batch
INFO:tensorflow:Step: 465, Loss: 5.035741, time: 5.478 sec/batch
INFO:tensorflow:Step: 466, Loss: 5.091939, time: 5.829 sec/batch
INFO:tensorflow:Step: 467, Loss: 5.146120, time: 5.617 sec/batch
INFO:tensorflow:Step: 468, Loss: 4.985621, time: 5.746 sec/batch
INFO:tensorflow:Step: 469, Loss: 5.027494, time: 5.646 sec/batch
INFO:tensorflow:Step: 470, Loss: 5.023489, time: 6.248 sec/batch
INFO:tensorflow:Step: 471, Loss: 4.851773, time: 5.586 sec/batch
INFO:tensorflow:Step: 472, Loss: 5.051592, time: 5.992 sec/batch
INFO:tensorflow:Step: 473, Loss: 4.980967, time: 5.294 sec/batch
INFO:tensorflow:Step: 474, Loss: 5.377252, time: 5.395 sec/batch
INFO:tensorflow:Step: 475, Loss: 4.990021, time: 5.317 sec/batch
INFO:tensorflow:Step: 476, Loss: 5.157388, time: 6.068 sec/batch
INFO:tensorflow:Step: 477, Loss: 4.888027, time: 5.462 sec/batch
INFO:tensorflow:Step: 478, Loss: 4.780055, time: 5.380 sec/batch
INFO:tensorflow:Step: 479, Loss: 5.289767, time: 6.331 sec/batch
INFO:tensorflow:global_step/sec: 0.174987
INFO:tensorflow:Step: 480, Loss: 4.789548, time: 5.583 sec/batch
INFO:tensorflow:Step: 481, Loss: 5.077664, time: 5.283 sec/batch
INFO:tensorflow:Step: 482, Loss: 5.173822, time: 5.305 sec/batch
INFO:tensorflow:Step: 483, Loss: 4.858011, time: 5.809 sec/batch
INFO:tensorflow:Step: 484, Loss: 5.201941, time: 5.276 sec/batch
INFO:tensorflow:Step: 485, Loss: 5.070320, time: 5.782 sec/batch
INFO:tensorflow:Step: 486, Loss: 5.050025, time: 5.009 sec/batch
INFO:tensorflow:Step: 487, Loss: 5.116193, time: 5.227 sec/batch
run-expr-32node.sh: line 25: 83737 Terminated              CUDA_VISIBLE_DEVICES=$1 bazel-bin/inception/imagenet_distributed_train --batch_size=32 --data_dir=/home/data/sample-data-$2 --job_name='worker' --task_id=$2 --ps_hosts='master:2200' --worker_hosts='master:2201,master:2202,master:2203,master:2204,node001:2205,node001:2206,node001:2207,node001:2208,node002:2209,node002:2210,node002:2211,node002:2212,node003:2213,node003:2214,node003:2215,node003:2216' --initial_learning_rate=$3 --momentum=$4 --sync=True --compute_groups=$5
