I tensorflow/stream_executor/dso_loader.cc:108] successfully opened CUDA library libcublas.so locally
I tensorflow/stream_executor/dso_loader.cc:108] successfully opened CUDA library libcudnn.so locally
I tensorflow/stream_executor/dso_loader.cc:108] successfully opened CUDA library libcufft.so locally
I tensorflow/stream_executor/dso_loader.cc:108] successfully opened CUDA library libcuda.so locally
I tensorflow/stream_executor/dso_loader.cc:108] successfully opened CUDA library libcurand.so locally
INFO:tensorflow:PS hosts are: ['raiders1:2228']
INFO:tensorflow:Worker hosts are: ['raiders1:2200', 'raiders1:2201', 'raiders3:2209', 'raiders3:2210']
I tensorflow/core/common_runtime/gpu/gpu_init.cc:102] Found device 0 with properties: 
name: GeForce GTX TITAN X
major: 5 minor: 2 memoryClockRate (GHz) 1.076
pciBusID 0000:03:00.0
Total memory: 11.92GiB
Free memory: 11.81GiB
I tensorflow/core/common_runtime/gpu/gpu_init.cc:126] DMA: 0 
I tensorflow/core/common_runtime/gpu/gpu_init.cc:136] 0:   Y 
I tensorflow/core/common_runtime/gpu/gpu_device.cc:806] Creating TensorFlow device (/gpu:0) -> (device: 0, name: GeForce GTX TITAN X, pci bus id: 0000:03:00.0)
I tensorflow/core/distributed_runtime/rpc/grpc_channel.cc:206] Initialize HostPortsGrpcChannelCache for job ps -> {raiders1:2228}
I tensorflow/core/distributed_runtime/rpc/grpc_channel.cc:206] Initialize HostPortsGrpcChannelCache for job worker -> {localhost:2200, raiders1:2201, raiders3:2209, raiders3:2210}
I tensorflow/core/distributed_runtime/rpc/grpc_server_lib.cc:202] Started server with target: grpc://localhost:2200
INFO:tensorflow:Learning rate: 0.002500, momentum: 0.600000
INFO:tensorflow:Sync mode!!!!!!
INFO:tensorflow:Compute groups : 2
INFO:tensorflow:SyncReplicas enabled: replicas_to_aggregate=4; total_num_replicas=4
INFO:tensorflow:Num nodes per compute groups: 2
INFO:tensorflow:Tokens per step: 2
INFO:tensorflow:2016-07-19 02:49:52.951186 Supervisor
INFO:tensorflow:Restored model from /lfs/local/0/daniter/cg-snapshot/model.ckpt-399
INFO:tensorflow:got sessions!
INFO:tensorflow:Started 3 queues for processing input data.
INFO:tensorflow:global_step/sec: 0.447235
I tensorflow/core/common_runtime/gpu/pool_allocator.cc:244] PoolAllocator: After 3678 get requests, put_count=2565 evicted_count=1000 eviction_rate=0.389864 and unsatisfied allocation rate=0.601686
I tensorflow/core/common_runtime/gpu/pool_allocator.cc:256] Raising pool_size_limit_ from 100 to 110
INFO:tensorflow:Step: 402, Accuracy: 0.562500, Loss: 5.452427, time: 9.168 sec/batch
INFO:tensorflow:Step: 405, Accuracy: 0.500000, Loss: 5.187669, time: 1.744 sec/batch
INFO:tensorflow:Step: 407, Accuracy: 0.625000, Loss: 5.296569, time: 2.198 sec/batch
INFO:tensorflow:Step: 408, Accuracy: 0.531250, Loss: 5.142837, time: 2.258 sec/batch
INFO:tensorflow:Step: 410, Accuracy: 0.593750, Loss: 5.280975, time: 1.904 sec/batch
I tensorflow/core/common_runtime/gpu/pool_allocator.cc:244] PoolAllocator: After 0 get requests, put_count=1016 evicted_count=1000 eviction_rate=0.984252 and unsatisfied allocation rate=0
INFO:tensorflow:Step: 412, Accuracy: 0.593750, Loss: 5.156115, time: 1.555 sec/batch
INFO:tensorflow:Step: 413, Accuracy: 0.531250, Loss: 5.228354, time: 1.618 sec/batch
INFO:tensorflow:Step: 415, Accuracy: 0.531250, Loss: 5.355965, time: 1.521 sec/batch
INFO:tensorflow:Step: 417, Accuracy: 0.640625, Loss: 5.186090, time: 1.883 sec/batch
INFO:tensorflow:Step: 420, Accuracy: 0.625000, Loss: 5.443661, time: 1.805 sec/batch
I tensorflow/core/common_runtime/gpu/pool_allocator.cc:244] PoolAllocator: After 0 get requests, put_count=1025 evicted_count=1000 eviction_rate=0.97561 and unsatisfied allocation rate=0
INFO:tensorflow:Step: 421, Accuracy: 0.546875, Loss: 5.182370, time: 1.630 sec/batch
INFO:tensorflow:Step: 422, Accuracy: 0.609375, Loss: 5.223709, time: 2.018 sec/batch
INFO:tensorflow:Step: 424, Accuracy: 0.609375, Loss: 5.155720, time: 1.935 sec/batch
INFO:tensorflow:Step: 426, Accuracy: 0.578125, Loss: 5.544991, time: 1.646 sec/batch
INFO:tensorflow:Step: 428, Accuracy: 0.531250, Loss: 5.162608, time: 1.630 sec/batch
INFO:tensorflow:Step: 430, Accuracy: 0.578125, Loss: 5.249459, time: 1.513 sec/batch
I tensorflow/core/common_runtime/gpu/pool_allocator.cc:244] PoolAllocator: After 0 get requests, put_count=1044 evicted_count=1000 eviction_rate=0.957854 and unsatisfied allocation rate=0
INFO:tensorflow:Step: 432, Accuracy: 0.625000, Loss: 5.291492, time: 1.300 sec/batch
INFO:tensorflow:Step: 434, Accuracy: 0.531250, Loss: 5.129366, time: 1.351 sec/batch
INFO:tensorflow:Step: 436, Accuracy: 0.593750, Loss: 5.149808, time: 1.336 sec/batch
INFO:tensorflow:Step: 438, Accuracy: 0.609375, Loss: 5.186312, time: 1.776 sec/batch
INFO:tensorflow:Step: 440, Accuracy: 0.625000, Loss: 5.442179, time: 1.680 sec/batch
INFO:tensorflow:Step: 443, Accuracy: 0.515625, Loss: 5.250107, time: 1.306 sec/batch
INFO:tensorflow:Step: 445, Accuracy: 0.609375, Loss: 5.138021, time: 1.553 sec/batch
I tensorflow/core/common_runtime/gpu/pool_allocator.cc:244] PoolAllocator: After 3579 get requests, put_count=4417 evicted_count=2000 eviction_rate=0.452796 and unsatisfied allocation rate=0.346745
I tensorflow/core/common_runtime/gpu/pool_allocator.cc:256] Raising pool_size_limit_ from 871 to 958
INFO:tensorflow:Step: 445, Accuracy: 0.546875, Loss: 5.329669, time: 1.648 sec/batch
INFO:tensorflow:Step: 447, Accuracy: 0.515625, Loss: 5.207575, time: 1.474 sec/batch
INFO:tensorflow:Step: 449, Accuracy: 0.593750, Loss: 5.247584, time: 1.310 sec/batch
INFO:tensorflow:Step: 451, Accuracy: 0.562500, Loss: 5.279309, time: 1.311 sec/batch
INFO:tensorflow:Step: 453, Accuracy: 0.625000, Loss: 5.092077, time: 1.250 sec/batch
INFO:tensorflow:Step: 455, Accuracy: 0.625000, Loss: 5.114426, time: 1.305 sec/batch
INFO:tensorflow:Step: 457, Accuracy: 0.671875, Loss: 5.118245, time: 1.330 sec/batch
INFO:tensorflow:Step: 459, Accuracy: 0.609375, Loss: 5.380432, time: 1.287 sec/batch
INFO:tensorflow:Step: 461, Accuracy: 0.687500, Loss: 5.216861, time: 1.409 sec/batch
INFO:tensorflow:Step: 463, Accuracy: 0.640625, Loss: 4.930167, time: 1.361 sec/batch
INFO:tensorflow:Step: 465, Accuracy: 0.750000, Loss: 5.163930, time: 1.458 sec/batch
INFO:tensorflow:Step: 467, Accuracy: 0.546875, Loss: 5.131094, time: 1.301 sec/batch
INFO:tensorflow:Step: 470, Accuracy: 0.593750, Loss: 5.276238, time: 1.609 sec/batch
INFO:tensorflow:Step: 470, Accuracy: 0.500000, Loss: 5.183388, time: 1.504 sec/batch
INFO:tensorflow:Step: 472, Accuracy: 0.500000, Loss: 5.226079, time: 1.322 sec/batch
INFO:tensorflow:Step: 474, Accuracy: 0.656250, Loss: 5.056552, time: 1.439 sec/batch
INFO:tensorflow:Step: 476, Accuracy: 0.531250, Loss: 5.127619, time: 1.218 sec/batch
INFO:tensorflow:Step: 478, Accuracy: 0.562500, Loss: 5.172368, time: 1.372 sec/batch
INFO:tensorflow:Step: 480, Accuracy: 0.625000, Loss: 5.481364, time: 1.329 sec/batch
INFO:tensorflow:Step: 482, Accuracy: 0.453125, Loss: 5.080202, time: 1.401 sec/batch
INFO:tensorflow:Step: 484, Accuracy: 0.625000, Loss: 5.090696, time: 1.320 sec/batch
INFO:tensorflow:Step: 486, Accuracy: 0.703125, Loss: 5.064387, time: 1.276 sec/batch
INFO:tensorflow:Step: 488, Accuracy: 0.546875, Loss: 4.992057, time: 1.284 sec/batch
INFO:tensorflow:Step: 490, Accuracy: 0.640625, Loss: 5.111855, time: 1.228 sec/batch
INFO:tensorflow:Step: 491, Accuracy: 0.625000, Loss: 5.349506, time: 1.340 sec/batch
INFO:tensorflow:Step: 493, Accuracy: 0.640625, Loss: 5.430795, time: 1.255 sec/batch
INFO:tensorflow:Step: 495, Accuracy: 0.578125, Loss: 5.023586, time: 1.309 sec/batch
INFO:tensorflow:Step: 497, Accuracy: 0.750000, Loss: 4.921368, time: 1.285 sec/batch
INFO:tensorflow:global_step/sec: 0.841949
INFO:tensorflow:Step: 499, Accuracy: 0.562500, Loss: 5.268961, time: 1.265 sec/batch
INFO:tensorflow:Step: 501, Accuracy: 0.500000, Loss: 5.110810, time: 1.324 sec/batch
INFO:tensorflow:Step: 503, Accuracy: 0.734375, Loss: 5.374276, time: 1.263 sec/batch
INFO:tensorflow:Step: 505, Accuracy: 0.625000, Loss: 5.057813, time: 1.391 sec/batch
INFO:tensorflow:Step: 507, Accuracy: 0.546875, Loss: 5.178672, time: 1.318 sec/batch
INFO:tensorflow:Step: 509, Accuracy: 0.625000, Loss: 5.125413, time: 1.262 sec/batch
INFO:tensorflow:Step: 511, Accuracy: 0.734375, Loss: 5.344128, time: 1.256 sec/batch
INFO:tensorflow:Step: 513, Accuracy: 0.625000, Loss: 5.104009, time: 1.309 sec/batch
INFO:tensorflow:Step: 514, Accuracy: 0.718750, Loss: 5.290010, time: 1.341 sec/batch
INFO:tensorflow:Step: 516, Accuracy: 0.640625, Loss: 5.283937, time: 1.340 sec/batch
INFO:tensorflow:Step: 518, Accuracy: 0.609375, Loss: 5.259493, time: 1.355 sec/batch
INFO:tensorflow:Step: 520, Accuracy: 0.687500, Loss: 5.200226, time: 1.387 sec/batch
INFO:tensorflow:Step: 522, Accuracy: 0.625000, Loss: 5.161692, time: 1.426 sec/batch
INFO:tensorflow:Step: 525, Accuracy: 0.703125, Loss: 5.127592, time: 1.317 sec/batch
INFO:tensorflow:Step: 527, Accuracy: 0.625000, Loss: 4.958807, time: 1.228 sec/batch
INFO:tensorflow:Step: 528, Accuracy: 0.703125, Loss: 4.965494, time: 1.343 sec/batch
INFO:tensorflow:Step: 530, Accuracy: 0.609375, Loss: 5.263843, time: 1.363 sec/batch
INFO:tensorflow:Step: 532, Accuracy: 0.640625, Loss: 5.091336, time: 1.249 sec/batch
INFO:tensorflow:Step: 534, Accuracy: 0.640625, Loss: 5.314770, time: 1.355 sec/batch
INFO:tensorflow:Step: 535, Accuracy: 0.656250, Loss: 5.109940, time: 1.331 sec/batch
INFO:tensorflow:Step: 537, Accuracy: 0.593750, Loss: 5.181588, time: 1.307 sec/batch
INFO:tensorflow:Step: 539, Accuracy: 0.500000, Loss: 5.096415, time: 1.226 sec/batch
INFO:tensorflow:Step: 541, Accuracy: 0.609375, Loss: 5.106132, time: 1.291 sec/batch
INFO:tensorflow:Step: 543, Accuracy: 0.656250, Loss: 5.216261, time: 1.264 sec/batch
INFO:tensorflow:Step: 545, Accuracy: 0.656250, Loss: 5.248330, time: 1.321 sec/batch
INFO:tensorflow:Step: 547, Accuracy: 0.656250, Loss: 5.089613, time: 1.274 sec/batch
INFO:tensorflow:Step: 549, Accuracy: 0.703125, Loss: 5.381132, time: 1.270 sec/batch
INFO:tensorflow:Step: 551, Accuracy: 0.562500, Loss: 5.295061, time: 1.218 sec/batch
INFO:tensorflow:Step: 552, Accuracy: 0.546875, Loss: 5.325607, time: 1.416 sec/batch
INFO:tensorflow:Step: 554, Accuracy: 0.562500, Loss: 5.014740, time: 1.245 sec/batch
INFO:tensorflow:Step: 556, Accuracy: 0.609375, Loss: 5.017480, time: 1.313 sec/batch
INFO:tensorflow:Step: 558, Accuracy: 0.625000, Loss: 5.065465, time: 1.347 sec/batch
INFO:tensorflow:Step: 560, Accuracy: 0.562500, Loss: 5.311090, time: 1.253 sec/batch
INFO:tensorflow:Step: 562, Accuracy: 0.656250, Loss: 5.251443, time: 1.390 sec/batch
INFO:tensorflow:Step: 564, Accuracy: 0.546875, Loss: 5.136819, time: 1.405 sec/batch
INFO:tensorflow:Step: 566, Accuracy: 0.703125, Loss: 5.089176, time: 1.385 sec/batch
INFO:tensorflow:Step: 568, Accuracy: 0.718750, Loss: 4.986782, time: 1.403 sec/batch
INFO:tensorflow:Step: 570, Accuracy: 0.578125, Loss: 5.113641, time: 1.291 sec/batch
INFO:tensorflow:Step: 572, Accuracy: 0.656250, Loss: 5.245065, time: 1.638 sec/batch
INFO:tensorflow:Step: 574, Accuracy: 0.578125, Loss: 5.041764, time: 1.339 sec/batch
INFO:tensorflow:Step: 576, Accuracy: 0.578125, Loss: 5.232670, time: 1.335 sec/batch
INFO:tensorflow:Step: 578, Accuracy: 0.687500, Loss: 5.405908, time: 1.289 sec/batch
INFO:tensorflow:Step: 580, Accuracy: 0.671875, Loss: 5.013101, time: 1.281 sec/batch
INFO:tensorflow:Step: 582, Accuracy: 0.734375, Loss: 5.111791, time: 1.294 sec/batch
INFO:tensorflow:Step: 584, Accuracy: 0.671875, Loss: 5.351810, time: 1.329 sec/batch
INFO:tensorflow:Step: 586, Accuracy: 0.515625, Loss: 5.281937, time: 1.224 sec/batch
INFO:tensorflow:Step: 588, Accuracy: 0.640625, Loss: 5.120758, time: 1.350 sec/batch
INFO:tensorflow:Step: 589, Accuracy: 0.656250, Loss: 4.928031, time: 1.339 sec/batch
INFO:tensorflow:Step: 591, Accuracy: 0.609375, Loss: 5.018895, time: 1.264 sec/batch
INFO:tensorflow:Step: 593, Accuracy: 0.593750, Loss: 5.082670, time: 1.366 sec/batch
INFO:tensorflow:Step: 595, Accuracy: 0.687500, Loss: 5.163677, time: 1.459 sec/batch
INFO:tensorflow:Step: 597, Accuracy: 0.468750, Loss: 5.146313, time: 1.370 sec/batch
INFO:tensorflow:Step: 599, Accuracy: 0.703125, Loss: 5.196938, time: 1.333 sec/batch
INFO:tensorflow:Step: 601, Accuracy: 0.671875, Loss: 5.036309, time: 1.330 sec/batch
INFO:tensorflow:Step: 603, Accuracy: 0.703125, Loss: 4.985438, time: 1.410 sec/batch
INFO:tensorflow:Step: 605, Accuracy: 0.593750, Loss: 5.116101, time: 1.284 sec/batch
INFO:tensorflow:Step: 607, Accuracy: 0.640625, Loss: 4.928987, time: 1.308 sec/batch
INFO:tensorflow:Step: 609, Accuracy: 0.625000, Loss: 5.380418, time: 1.318 sec/batch
INFO:tensorflow:Step: 611, Accuracy: 0.562500, Loss: 5.163510, time: 1.393 sec/batch
INFO:tensorflow:Step: 613, Accuracy: 0.609375, Loss: 5.249907, time: 1.461 sec/batch
INFO:tensorflow:Step: 615, Accuracy: 0.671875, Loss: 5.314769, time: 1.363 sec/batch
INFO:tensorflow:Step: 617, Accuracy: 0.578125, Loss: 5.183466, time: 1.458 sec/batch
INFO:tensorflow:global_step/sec: 1.00784
INFO:tensorflow:Step: 619, Accuracy: 0.515625, Loss: 4.924662, time: 1.675 sec/batch
INFO:tensorflow:Step: 621, Accuracy: 0.656250, Loss: 5.212216, time: 1.463 sec/batch
INFO:tensorflow:Step: 623, Accuracy: 0.609375, Loss: 4.933544, time: 1.366 sec/batch
INFO:tensorflow:Step: 625, Accuracy: 0.609375, Loss: 5.083304, time: 1.570 sec/batch
INFO:tensorflow:Step: 627, Accuracy: 0.640625, Loss: 5.221111, time: 1.792 sec/batch
INFO:tensorflow:Step: 629, Accuracy: 0.671875, Loss: 5.262045, time: 1.629 sec/batch
INFO:tensorflow:Step: 631, Accuracy: 0.656250, Loss: 5.264598, time: 1.876 sec/batch
INFO:tensorflow:Step: 633, Accuracy: 0.750000, Loss: 5.156860, time: 1.444 sec/batch
INFO:tensorflow:Step: 635, Accuracy: 0.578125, Loss: 5.095421, time: 1.381 sec/batch
INFO:tensorflow:Step: 637, Accuracy: 0.656250, Loss: 5.307238, time: 1.287 sec/batch
INFO:tensorflow:Step: 639, Accuracy: 0.671875, Loss: 5.228065, time: 1.350 sec/batch
INFO:tensorflow:Step: 641, Accuracy: 0.640625, Loss: 4.978961, time: 1.233 sec/batch
INFO:tensorflow:Step: 643, Accuracy: 0.703125, Loss: 5.018186, time: 1.163 sec/batch
INFO:tensorflow:Step: 644, Accuracy: 0.687500, Loss: 5.097017, time: 1.219 sec/batch
INFO:tensorflow:Step: 645, Accuracy: 0.515625, Loss: 4.977049, time: 1.234 sec/batch
INFO:tensorflow:Step: 647, Accuracy: 0.640625, Loss: 5.122924, time: 1.180 sec/batch
INFO:tensorflow:Step: 649, Accuracy: 0.609375, Loss: 5.166426, time: 1.175 sec/batch
INFO:tensorflow:Step: 651, Accuracy: 0.593750, Loss: 5.101890, time: 1.274 sec/batch
INFO:tensorflow:Step: 653, Accuracy: 0.625000, Loss: 5.080507, time: 1.247 sec/batch
INFO:tensorflow:Step: 655, Accuracy: 0.640625, Loss: 5.095424, time: 1.224 sec/batch
INFO:tensorflow:Step: 657, Accuracy: 0.703125, Loss: 5.099091, time: 1.204 sec/batch
INFO:tensorflow:Step: 658, Accuracy: 0.515625, Loss: 5.143198, time: 1.523 sec/batch
INFO:tensorflow:Step: 660, Accuracy: 0.593750, Loss: 5.100221, time: 1.429 sec/batch
INFO:tensorflow:Step: 663, Accuracy: 0.593750, Loss: 5.240489, time: 1.383 sec/batch
INFO:tensorflow:Step: 665, Accuracy: 0.609375, Loss: 4.978629, time: 1.390 sec/batch
INFO:tensorflow:Step: 667, Accuracy: 0.578125, Loss: 5.160120, time: 1.388 sec/batch
INFO:tensorflow:Step: 669, Accuracy: 0.640625, Loss: 5.181767, time: 1.304 sec/batch
INFO:tensorflow:Step: 671, Accuracy: 0.718750, Loss: 5.343304, time: 1.412 sec/batch
INFO:tensorflow:Step: 672, Accuracy: 0.703125, Loss: 4.935240, time: 1.397 sec/batch
INFO:tensorflow:Step: 674, Accuracy: 0.656250, Loss: 5.095726, time: 1.349 sec/batch
INFO:tensorflow:Step: 676, Accuracy: 0.625000, Loss: 4.964961, time: 1.402 sec/batch
INFO:tensorflow:Step: 678, Accuracy: 0.609375, Loss: 5.270297, time: 1.379 sec/batch
INFO:tensorflow:Step: 680, Accuracy: 0.703125, Loss: 5.234431, time: 1.435 sec/batch
INFO:tensorflow:Step: 682, Accuracy: 0.687500, Loss: 5.065518, time: 1.353 sec/batch
INFO:tensorflow:Step: 684, Accuracy: 0.625000, Loss: 5.249028, time: 1.383 sec/batch
INFO:tensorflow:Step: 686, Accuracy: 0.734375, Loss: 5.170638, time: 1.314 sec/batch
INFO:tensorflow:Step: 688, Accuracy: 0.671875, Loss: 5.145303, time: 1.366 sec/batch
INFO:tensorflow:Step: 690, Accuracy: 0.718750, Loss: 5.135280, time: 1.360 sec/batch
INFO:tensorflow:Step: 692, Accuracy: 0.656250, Loss: 5.291411, time: 1.366 sec/batch
INFO:tensorflow:Step: 694, Accuracy: 0.609375, Loss: 5.089305, time: 1.374 sec/batch
INFO:tensorflow:Step: 696, Accuracy: 0.625000, Loss: 5.373679, time: 1.275 sec/batch
INFO:tensorflow:Step: 698, Accuracy: 0.625000, Loss: 5.153526, time: 1.451 sec/batch
INFO:tensorflow:Step: 700, Accuracy: 0.578125, Loss: 5.192791, time: 1.392 sec/batch
INFO:tensorflow:Step: 702, Accuracy: 0.609375, Loss: 4.965367, time: 1.436 sec/batch
INFO:tensorflow:Step: 704, Accuracy: 0.671875, Loss: 5.172506, time: 1.403 sec/batch
INFO:tensorflow:Step: 706, Accuracy: 0.640625, Loss: 5.163689, time: 1.381 sec/batch
INFO:tensorflow:Step: 708, Accuracy: 0.687500, Loss: 5.058273, time: 1.415 sec/batch
INFO:tensorflow:Step: 710, Accuracy: 0.609375, Loss: 5.061901, time: 1.345 sec/batch
INFO:tensorflow:Step: 712, Accuracy: 0.671875, Loss: 5.040363, time: 1.422 sec/batch
INFO:tensorflow:Step: 714, Accuracy: 0.703125, Loss: 4.874313, time: 1.300 sec/batch
INFO:tensorflow:Step: 716, Accuracy: 0.656250, Loss: 5.235928, time: 1.379 sec/batch
INFO:tensorflow:Step: 718, Accuracy: 0.625000, Loss: 5.265512, time: 1.451 sec/batch
INFO:tensorflow:Step: 720, Accuracy: 0.656250, Loss: 5.125140, time: 1.369 sec/batch
INFO:tensorflow:Step: 722, Accuracy: 0.656250, Loss: 5.024108, time: 1.309 sec/batch
INFO:tensorflow:Step: 724, Accuracy: 0.640625, Loss: 5.396431, time: 1.375 sec/batch
INFO:tensorflow:Step: 726, Accuracy: 0.703125, Loss: 5.141262, time: 1.373 sec/batch
INFO:tensorflow:Step: 728, Accuracy: 0.656250, Loss: 5.084505, time: 1.320 sec/batch
INFO:tensorflow:Step: 730, Accuracy: 0.640625, Loss: 5.040658, time: 1.407 sec/batch
INFO:tensorflow:Step: 732, Accuracy: 0.546875, Loss: 5.114028, time: 1.304 sec/batch
INFO:tensorflow:Step: 734, Accuracy: 0.656250, Loss: 5.103726, time: 1.392 sec/batch
INFO:tensorflow:Step: 736, Accuracy: 0.640625, Loss: 5.219588, time: 1.407 sec/batch
INFO:tensorflow:Step: 738, Accuracy: 0.640625, Loss: 5.020310, time: 1.351 sec/batch
INFO:tensorflow:global_step/sec: 0.992135
INFO:tensorflow:Step: 740, Accuracy: 0.640625, Loss: 5.247011, time: 1.573 sec/batch
INFO:tensorflow:Step: 742, Accuracy: 0.750000, Loss: 5.307964, time: 1.450 sec/batch
INFO:tensorflow:Step: 744, Accuracy: 0.656250, Loss: 5.083184, time: 1.311 sec/batch
INFO:tensorflow:Step: 746, Accuracy: 0.609375, Loss: 5.168315, time: 1.360 sec/batch
INFO:tensorflow:Step: 748, Accuracy: 0.625000, Loss: 4.865149, time: 1.473 sec/batch
INFO:tensorflow:Step: 750, Accuracy: 0.687500, Loss: 5.181215, time: 1.459 sec/batch
INFO:tensorflow:Step: 752, Accuracy: 0.687500, Loss: 5.217710, time: 1.576 sec/batch
INFO:tensorflow:Step: 754, Accuracy: 0.718750, Loss: 5.076679, time: 1.331 sec/batch
INFO:tensorflow:Step: 756, Accuracy: 0.703125, Loss: 5.004656, time: 1.334 sec/batch
INFO:tensorflow:Step: 758, Accuracy: 0.671875, Loss: 5.190955, time: 1.365 sec/batch
INFO:tensorflow:Step: 760, Accuracy: 0.687500, Loss: 5.338303, time: 1.481 sec/batch
INFO:tensorflow:Step: 762, Accuracy: 0.656250, Loss: 5.173583, time: 1.479 sec/batch
INFO:tensorflow:Step: 764, Accuracy: 0.671875, Loss: 5.320116, time: 1.344 sec/batch
INFO:tensorflow:Step: 766, Accuracy: 0.703125, Loss: 5.029646, time: 1.608 sec/batch
INFO:tensorflow:Step: 768, Accuracy: 0.718750, Loss: 5.463628, time: 1.678 sec/batch
INFO:tensorflow:Step: 770, Accuracy: 0.531250, Loss: 5.308311, time: 1.985 sec/batch
INFO:tensorflow:Step: 772, Accuracy: 0.640625, Loss: 5.133042, time: 1.329 sec/batch
INFO:tensorflow:Step: 774, Accuracy: 0.609375, Loss: 4.967992, time: 1.398 sec/batch
INFO:tensorflow:Step: 776, Accuracy: 0.734375, Loss: 5.061978, time: 1.395 sec/batch
INFO:tensorflow:Step: 778, Accuracy: 0.703125, Loss: 5.348558, time: 1.427 sec/batch
INFO:tensorflow:Step: 780, Accuracy: 0.671875, Loss: 5.139238, time: 1.329 sec/batch
INFO:tensorflow:Step: 782, Accuracy: 0.671875, Loss: 5.190162, time: 1.398 sec/batch
INFO:tensorflow:Step: 784, Accuracy: 0.671875, Loss: 5.104599, time: 1.273 sec/batch
INFO:tensorflow:Step: 786, Accuracy: 0.640625, Loss: 5.055706, time: 1.304 sec/batch
INFO:tensorflow:Step: 788, Accuracy: 0.593750, Loss: 5.179996, time: 1.459 sec/batch
INFO:tensorflow:Step: 790, Accuracy: 0.656250, Loss: 5.016891, time: 1.336 sec/batch
INFO:tensorflow:Step: 792, Accuracy: 0.640625, Loss: 5.265500, time: 1.415 sec/batch
INFO:tensorflow:Step: 794, Accuracy: 0.640625, Loss: 5.151081, time: 1.391 sec/batch
INFO:tensorflow:Step: 796, Accuracy: 0.656250, Loss: 5.153274, time: 1.449 sec/batch
INFO:tensorflow:Step: 798, Accuracy: 0.593750, Loss: 5.135258, time: 1.449 sec/batch
INFO:tensorflow:Step: 800, Accuracy: 0.593750, Loss: 5.027182, time: 1.452 sec/batch
INFO:tensorflow:Step: 803, Accuracy: 0.671875, Loss: 5.134661, time: 1.397 sec/batch
INFO:tensorflow:Step: 805, Accuracy: 0.703125, Loss: 5.118048, time: 1.487 sec/batch
INFO:tensorflow:Step: 806, Accuracy: 0.734375, Loss: 5.044266, time: 1.523 sec/batch
INFO:tensorflow:Step: 809, Accuracy: 0.640625, Loss: 5.066911, time: 1.323 sec/batch
INFO:tensorflow:Step: 810, Accuracy: 0.515625, Loss: 4.841274, time: 1.507 sec/batch
INFO:tensorflow:Step: 813, Accuracy: 0.718750, Loss: 4.982453, time: 1.373 sec/batch
INFO:tensorflow:Step: 814, Accuracy: 0.656250, Loss: 5.212827, time: 1.483 sec/batch
INFO:tensorflow:Step: 817, Accuracy: 0.609375, Loss: 5.325930, time: 1.421 sec/batch
INFO:tensorflow:Step: 818, Accuracy: 0.609375, Loss: 5.160147, time: 1.456 sec/batch
INFO:tensorflow:Step: 820, Accuracy: 0.687500, Loss: 5.054566, time: 1.464 sec/batch
INFO:tensorflow:Step: 822, Accuracy: 0.718750, Loss: 5.066493, time: 1.475 sec/batch
INFO:tensorflow:Step: 825, Accuracy: 0.718750, Loss: 5.035544, time: 1.431 sec/batch
INFO:tensorflow:Step: 827, Accuracy: 0.718750, Loss: 5.010016, time: 1.327 sec/batch
INFO:tensorflow:Step: 829, Accuracy: 0.656250, Loss: 5.410538, time: 1.262 sec/batch
INFO:tensorflow:Step: 831, Accuracy: 0.625000, Loss: 4.876937, time: 1.414 sec/batch
INFO:tensorflow:Step: 833, Accuracy: 0.515625, Loss: 4.882283, time: 1.479 sec/batch
INFO:tensorflow:Step: 835, Accuracy: 0.640625, Loss: 5.166769, time: 1.385 sec/batch
INFO:tensorflow:Step: 837, Accuracy: 0.578125, Loss: 5.218390, time: 1.424 sec/batch
INFO:tensorflow:Step: 839, Accuracy: 0.687500, Loss: 5.138220, time: 1.374 sec/batch
INFO:tensorflow:Step: 841, Accuracy: 0.546875, Loss: 5.175087, time: 1.406 sec/batch
INFO:tensorflow:Step: 843, Accuracy: 0.671875, Loss: 5.172892, time: 1.380 sec/batch
INFO:tensorflow:Step: 845, Accuracy: 0.734375, Loss: 5.022445, time: 1.423 sec/batch
INFO:tensorflow:Step: 847, Accuracy: 0.671875, Loss: 4.983163, time: 1.310 sec/batch
INFO:tensorflow:Step: 849, Accuracy: 0.750000, Loss: 5.121303, time: 1.336 sec/batch
INFO:tensorflow:Step: 851, Accuracy: 0.609375, Loss: 4.991131, time: 1.329 sec/batch
INFO:tensorflow:Step: 853, Accuracy: 0.562500, Loss: 4.929817, time: 1.631 sec/batch
INFO:tensorflow:Step: 855, Accuracy: 0.640625, Loss: 5.125771, time: 1.828 sec/batch
INFO:tensorflow:Step: 857, Accuracy: 0.593750, Loss: 5.317811, time: 1.486 sec/batch
INFO:tensorflow:global_step/sec: 1.00002
INFO:tensorflow:Step: 859, Accuracy: 0.734375, Loss: 4.998436, time: 1.432 sec/batch
INFO:tensorflow:Step: 861, Accuracy: 0.609375, Loss: 5.334434, time: 1.364 sec/batch
INFO:tensorflow:Step: 863, Accuracy: 0.671875, Loss: 5.167527, time: 1.370 sec/batch
INFO:tensorflow:Step: 865, Accuracy: 0.640625, Loss: 5.099294, time: 1.281 sec/batch
INFO:tensorflow:Step: 867, Accuracy: 0.625000, Loss: 5.008798, time: 1.318 sec/batch
INFO:tensorflow:Step: 869, Accuracy: 0.656250, Loss: 5.110994, time: 1.333 sec/batch
INFO:tensorflow:Step: 871, Accuracy: 0.687500, Loss: 4.931700, time: 1.271 sec/batch
INFO:tensorflow:Step: 873, Accuracy: 0.687500, Loss: 5.144398, time: 1.431 sec/batch
INFO:tensorflow:Step: 875, Accuracy: 0.656250, Loss: 5.058863, time: 1.451 sec/batch
INFO:tensorflow:Step: 877, Accuracy: 0.687500, Loss: 5.134696, time: 1.397 sec/batch
INFO:tensorflow:Step: 879, Accuracy: 0.609375, Loss: 5.073433, time: 1.396 sec/batch
run-expr-4node.sh: line 23: 96351 Terminated              CUDA_VISIBLE_DEVICES=$1 bazel-bin/inception/imagenet_distributed_train --batch_size=64 --data_dir=/lfs/local/0/daniter/imagenet-8-$2 --job_name='worker' --task_id=$2 --ps_hosts='raiders1:2228' --worker_hosts='raiders1:2200,raiders1:2201,raiders3:2209,raiders3:2210' --initial_learning_rate=$3 --momentum=$4 --sync=True --compute_groups=$5
