DISPLAY "(null)" invalid; disabling X11 forwarding
I tensorflow/stream_executor/dso_loader.cc:105] successfully opened CUDA library libcublas.so locally
I tensorflow/stream_executor/dso_loader.cc:105] successfully opened CUDA library libcudnn.so locally
I tensorflow/stream_executor/dso_loader.cc:105] successfully opened CUDA library libcufft.so locally
I tensorflow/stream_executor/dso_loader.cc:105] successfully opened CUDA library libcuda.so.1 locally
I tensorflow/stream_executor/dso_loader.cc:105] successfully opened CUDA library libcurand.so locally
INFO:tensorflow:PS hosts are: ['raiders1:2228']
INFO:tensorflow:Worker hosts are: ['raiders1:2200', 'raiders1:2201', 'raiders3:2209', 'raiders3:2210']
I tensorflow/core/common_runtime/gpu/gpu_init.cc:102] Found device 0 with properties: 
name: GeForce GTX TITAN X
major: 5 minor: 2 memoryClockRate (GHz) 1.076
pciBusID 0000:43:00.0
Total memory: 11.92GiB
Free memory: 11.81GiB
I tensorflow/core/common_runtime/gpu/gpu_init.cc:126] DMA: 0 
I tensorflow/core/common_runtime/gpu/gpu_init.cc:136] 0:   Y 
I tensorflow/core/common_runtime/gpu/gpu_device.cc:755] Creating TensorFlow device (/gpu:0) -> (device: 0, name: GeForce GTX TITAN X, pci bus id: 0000:43:00.0)
I tensorflow/core/distributed_runtime/rpc/grpc_channel.cc:206] Initialize HostPortsGrpcChannelCache for job ps -> {raiders1:2228}
I tensorflow/core/distributed_runtime/rpc/grpc_channel.cc:206] Initialize HostPortsGrpcChannelCache for job worker -> {raiders1:2200, raiders1:2201, raiders3:2209, localhost:2210}
I tensorflow/core/distributed_runtime/rpc/grpc_server_lib.cc:202] Started server with target: grpc://localhost:2210
INFO:tensorflow:Created variable global_step:0 with shape () and init <function zeros_initializer at 0x7fb5614f7230>
INFO:tensorflow:Learning rate: 0.005000, momentum: 0.150000
INFO:tensorflow:Created variable conv0/weights:0 with shape (3, 3, 3, 32) and init <function _initializer at 0x7fb620887aa0>
INFO:tensorflow:Applied regularizer to conv0/weights:0 and added the result conv0/weights/Regularizer/L2Regularizer/value:0 to REGULARIZATION_LOSSES.
INFO:tensorflow:Created variable conv0/BatchNorm/beta:0 with shape (32,) and init <function zeros_initializer at 0x7fb5614f7230>
INFO:tensorflow:Created variable conv0/BatchNorm/moving_mean:0 with shape (32,) and init <function zeros_initializer at 0x7fb5614f7230>
INFO:tensorflow:Created variable conv0/BatchNorm/moving_variance:0 with shape (32,) and init <function ones_initializer at 0x7fb561235f50>
INFO:tensorflow:Created variable conv1/weights:0 with shape (3, 3, 32, 32) and init <function _initializer at 0x7fb5da9c0d70>
INFO:tensorflow:Applied regularizer to conv1/weights:0 and added the result conv1/weights/Regularizer/L2Regularizer/value:0 to REGULARIZATION_LOSSES.
INFO:tensorflow:Created variable conv1/BatchNorm/beta:0 with shape (32,) and init <function zeros_initializer at 0x7fb5614f7230>
INFO:tensorflow:Created variable conv1/BatchNorm/moving_mean:0 with shape (32,) and init <function zeros_initializer at 0x7fb5614f7230>
INFO:tensorflow:Created variable conv1/BatchNorm/moving_variance:0 with shape (32,) and init <function ones_initializer at 0x7fb561235f50>
INFO:tensorflow:Created variable conv2/weights:0 with shape (3, 3, 32, 64) and init <function _initializer at 0x7fb620887aa0>
INFO:tensorflow:Applied regularizer to conv2/weights:0 and added the result conv2/weights/Regularizer/L2Regularizer/value:0 to REGULARIZATION_LOSSES.
INFO:tensorflow:Created variable conv2/BatchNorm/beta:0 with shape (64,) and init <function zeros_initializer at 0x7fb5614f7230>
INFO:tensorflow:Created variable conv2/BatchNorm/moving_mean:0 with shape (64,) and init <function zeros_initializer at 0x7fb5614f7230>
INFO:tensorflow:Created variable conv2/BatchNorm/moving_variance:0 with shape (64,) and init <function ones_initializer at 0x7fb561235f50>
INFO:tensorflow:Created variable conv3/weights:0 with shape (1, 1, 64, 80) and init <function _initializer at 0x7fb5da9c0d70>
INFO:tensorflow:Applied regularizer to conv3/weights:0 and added the result conv3/weights/Regularizer/L2Regularizer/value:0 to REGULARIZATION_LOSSES.
INFO:tensorflow:Created variable conv3/BatchNorm/beta:0 with shape (80,) and init <function zeros_initializer at 0x7fb5614f7230>
INFO:tensorflow:Created variable conv3/BatchNorm/moving_mean:0 with shape (80,) and init <function zeros_initializer at 0x7fb5614f7230>
INFO:tensorflow:Created variable conv3/BatchNorm/moving_variance:0 with shape (80,) and init <function ones_initializer at 0x7fb561235f50>
INFO:tensorflow:Created variable conv4/weights:0 with shape (3, 3, 80, 192) and init <function _initializer at 0x7fb5da9c0d70>
INFO:tensorflow:Applied regularizer to conv4/weights:0 and added the result conv4/weights/Regularizer/L2Regularizer/value:0 to REGULARIZATION_LOSSES.
INFO:tensorflow:Created variable conv4/BatchNorm/beta:0 with shape (192,) and init <function zeros_initializer at 0x7fb5614f7230>
INFO:tensorflow:Created variable conv4/BatchNorm/moving_mean:0 with shape (192,) and init <function zeros_initializer at 0x7fb5614f7230>
INFO:tensorflow:Created variable conv4/BatchNorm/moving_variance:0 with shape (192,) and init <function ones_initializer at 0x7fb561235f50>
INFO:tensorflow:Created variable mixed_35x35x256a/branch1x1/Conv/weights:0 with shape (1, 1, 192, 64) and init <function _initializer at 0x7fb5df93cf50>
INFO:tensorflow:Applied regularizer to mixed_35x35x256a/branch1x1/Conv/weights:0 and added the result mixed_35x35x256a/branch1x1/Conv/weights/Regularizer/L2Regularizer/value:0 to REGULARIZATION_LOSSES.
INFO:tensorflow:Created variable mixed_35x35x256a/branch1x1/Conv/BatchNorm/beta:0 with shape (64,) and init <function zeros_initializer at 0x7fb5614f7230>
INFO:tensorflow:Created variable mixed_35x35x256a/branch1x1/Conv/BatchNorm/moving_mean:0 with shape (64,) and init <function zeros_initializer at 0x7fb5614f7230>
INFO:tensorflow:Created variable mixed_35x35x256a/branch1x1/Conv/BatchNorm/moving_variance:0 with shape (64,) and init <function ones_initializer at 0x7fb561235f50>
INFO:tensorflow:Created variable mixed_35x35x256a/branch5x5/Conv/weights:0 with shape (1, 1, 192, 48) and init <function _initializer at 0x7fb5da9c0d70>
INFO:tensorflow:Applied regularizer to mixed_35x35x256a/branch5x5/Conv/weights:0 and added the result mixed_35x35x256a/branch5x5/Conv/weights/Regularizer/L2Regularizer/value:0 to REGULARIZATION_LOSSES.
INFO:tensorflow:Created variable mixed_35x35x256a/branch5x5/Conv/BatchNorm/beta:0 with shape (48,) and init <function zeros_initializer at 0x7fb5614f7230>
INFO:tensorflow:Created variable mixed_35x35x256a/branch5x5/Conv/BatchNorm/moving_mean:0 with shape (48,) and init <function zeros_initializer at 0x7fb5614f7230>
INFO:tensorflow:Created variable mixed_35x35x256a/branch5x5/Conv/BatchNorm/moving_variance:0 with shape (48,) and init <function ones_initializer at 0x7fb561235f50>
INFO:tensorflow:Created variable mixed_35x35x256a/branch5x5/Conv_1/weights:0 with shape (5, 5, 48, 64) and init <function _initializer at 0x7fb5df93cf50>
INFO:tensorflow:Applied regularizer to mixed_35x35x256a/branch5x5/Conv_1/weights:0 and added the result mixed_35x35x256a/branch5x5/Conv_1/weights/Regularizer/L2Regularizer/value:0 to REGULARIZATION_LOSSES.
INFO:tensorflow:Created variable mixed_35x35x256a/branch5x5/Conv_1/BatchNorm/beta:0 with shape (64,) and init <function zeros_initializer at 0x7fb5614f7230>
INFO:tensorflow:Created variable mixed_35x35x256a/branch5x5/Conv_1/BatchNorm/moving_mean:0 with shape (64,) and init <function zeros_initializer at 0x7fb5614f7230>
INFO:tensorflow:Created variable mixed_35x35x256a/branch5x5/Conv_1/BatchNorm/moving_variance:0 with shape (64,) and init <function ones_initializer at 0x7fb561235f50>
INFO:tensorflow:Created variable mixed_35x35x256a/branch3x3dbl/Conv/weights:0 with shape (1, 1, 192, 64) and init <function _initializer at 0x7fb5da9c0d70>
INFO:tensorflow:Applied regularizer to mixed_35x35x256a/branch3x3dbl/Conv/weights:0 and added the result mixed_35x35x256a/branch3x3dbl/Conv/weights/Regularizer/L2Regularizer/value:0 to REGULARIZATION_LOSSES.
INFO:tensorflow:Created variable mixed_35x35x256a/branch3x3dbl/Conv/BatchNorm/beta:0 with shape (64,) and init <function zeros_initializer at 0x7fb5614f7230>
INFO:tensorflow:Created variable mixed_35x35x256a/branch3x3dbl/Conv/BatchNorm/moving_mean:0 with shape (64,) and init <function zeros_initializer at 0x7fb5614f7230>
INFO:tensorflow:Created variable mixed_35x35x256a/branch3x3dbl/Conv/BatchNorm/moving_variance:0 with shape (64,) and init <function ones_initializer at 0x7fb561235f50>
INFO:tensorflow:Created variable mixed_35x35x256a/branch3x3dbl/Conv_1/weights:0 with shape (3, 3, 64, 96) and init <function _initializer at 0x7fb5df93cf50>
INFO:tensorflow:Applied regularizer to mixed_35x35x256a/branch3x3dbl/Conv_1/weights:0 and added the result mixed_35x35x256a/branch3x3dbl/Conv_1/weights/Regularizer/L2Regularizer/value:0 to REGULARIZATION_LOSSES.
INFO:tensorflow:Created variable mixed_35x35x256a/branch3x3dbl/Conv_1/BatchNorm/beta:0 with shape (96,) and init <function zeros_initializer at 0x7fb5614f7230>
INFO:tensorflow:Created variable mixed_35x35x256a/branch3x3dbl/Conv_1/BatchNorm/moving_mean:0 with shape (96,) and init <function zeros_initializer at 0x7fb5614f7230>
INFO:tensorflow:Created variable mixed_35x35x256a/branch3x3dbl/Conv_1/BatchNorm/moving_variance:0 with shape (96,) and init <function ones_initializer at 0x7fb561235f50>
INFO:tensorflow:Created variable mixed_35x35x256a/branch3x3dbl/Conv_2/weights:0 with shape (3, 3, 96, 96) and init <function _initializer at 0x7fb5da9c0d70>
INFO:tensorflow:Applied regularizer to mixed_35x35x256a/branch3x3dbl/Conv_2/weights:0 and added the result mixed_35x35x256a/branch3x3dbl/Conv_2/weights/Regularizer/L2Regularizer/value:0 to REGULARIZATION_LOSSES.
INFO:tensorflow:Created variable mixed_35x35x256a/branch3x3dbl/Conv_2/BatchNorm/beta:0 with shape (96,) and init <function zeros_initializer at 0x7fb5614f7230>
INFO:tensorflow:Created variable mixed_35x35x256a/branch3x3dbl/Conv_2/BatchNorm/moving_mean:0 with shape (96,) and init <function zeros_initializer at 0x7fb5614f7230>
INFO:tensorflow:Created variable mixed_35x35x256a/branch3x3dbl/Conv_2/BatchNorm/moving_variance:0 with shape (96,) and init <function ones_initializer at 0x7fb561235f50>
INFO:tensorflow:Created variable mixed_35x35x256a/branch_pool/Conv/weights:0 with shape (1, 1, 192, 32) and init <function _initializer at 0x7fb5df93cf50>
INFO:tensorflow:Applied regularizer to mixed_35x35x256a/branch_pool/Conv/weights:0 and added the result mixed_35x35x256a/branch_pool/Conv/weights/Regularizer/L2Regularizer/value:0 to REGULARIZATION_LOSSES.
INFO:tensorflow:Created variable mixed_35x35x256a/branch_pool/Conv/BatchNorm/beta:0 with shape (32,) and init <function zeros_initializer at 0x7fb5614f7230>
INFO:tensorflow:Created variable mixed_35x35x256a/branch_pool/Conv/BatchNorm/moving_mean:0 with shape (32,) and init <function zeros_initializer at 0x7fb5614f7230>
INFO:tensorflow:Created variable mixed_35x35x256a/branch_pool/Conv/BatchNorm/moving_variance:0 with shape (32,) and init <function ones_initializer at 0x7fb561235f50>
INFO:tensorflow:Created variable mixed_35x35x288a/branch1x1/Conv/weights:0 with shape (1, 1, 256, 64) and init <function _initializer at 0x7fb5da9c0d70>
INFO:tensorflow:Applied regularizer to mixed_35x35x288a/branch1x1/Conv/weights:0 and added the result mixed_35x35x288a/branch1x1/Conv/weights/Regularizer/L2Regularizer/value:0 to REGULARIZATION_LOSSES.
INFO:tensorflow:Created variable mixed_35x35x288a/branch1x1/Conv/BatchNorm/beta:0 with shape (64,) and init <function zeros_initializer at 0x7fb5614f7230>
INFO:tensorflow:Created variable mixed_35x35x288a/branch1x1/Conv/BatchNorm/moving_mean:0 with shape (64,) and init <function zeros_initializer at 0x7fb5614f7230>
INFO:tensorflow:Created variable mixed_35x35x288a/branch1x1/Conv/BatchNorm/moving_variance:0 with shape (64,) and init <function ones_initializer at 0x7fb561235f50>
INFO:tensorflow:Created variable mixed_35x35x288a/branch5x5/Conv/weights:0 with shape (1, 1, 256, 48) and init <function _initializer at 0x7fb5df93cf50>
INFO:tensorflow:Applied regularizer to mixed_35x35x288a/branch5x5/Conv/weights:0 and added the result mixed_35x35x288a/branch5x5/Conv/weights/Regularizer/L2Regularizer/value:0 to REGULARIZATION_LOSSES.
INFO:tensorflow:Created variable mixed_35x35x288a/branch5x5/Conv/BatchNorm/beta:0 with shape (48,) and init <function zeros_initializer at 0x7fb5614f7230>
INFO:tensorflow:Created variable mixed_35x35x288a/branch5x5/Conv/BatchNorm/moving_mean:0 with shape (48,) and init <function zeros_initializer at 0x7fb5614f7230>
INFO:tensorflow:Created variable mixed_35x35x288a/branch5x5/Conv/BatchNorm/moving_variance:0 with shape (48,) and init <function ones_initializer at 0x7fb561235f50>
INFO:tensorflow:Created variable mixed_35x35x288a/branch5x5/Conv_1/weights:0 with shape (5, 5, 48, 64) and init <function _initializer at 0x7fb5da9c0d70>
INFO:tensorflow:Applied regularizer to mixed_35x35x288a/branch5x5/Conv_1/weights:0 and added the result mixed_35x35x288a/branch5x5/Conv_1/weights/Regularizer/L2Regularizer/value:0 to REGULARIZATION_LOSSES.
INFO:tensorflow:Created variable mixed_35x35x288a/branch5x5/Conv_1/BatchNorm/beta:0 with shape (64,) and init <function zeros_initializer at 0x7fb5614f7230>
INFO:tensorflow:Created variable mixed_35x35x288a/branch5x5/Conv_1/BatchNorm/moving_mean:0 with shape (64,) and init <function zeros_initializer at 0x7fb5614f7230>
INFO:tensorflow:Created variable mixed_35x35x288a/branch5x5/Conv_1/BatchNorm/moving_variance:0 with shape (64,) and init <function ones_initializer at 0x7fb561235f50>
INFO:tensorflow:Created variable mixed_35x35x288a/branch3x3dbl/Conv/weights:0 with shape (1, 1, 256, 64) and init <function _initializer at 0x7fb5df93cf50>
INFO:tensorflow:Applied regularizer to mixed_35x35x288a/branch3x3dbl/Conv/weights:0 and added the result mixed_35x35x288a/branch3x3dbl/Conv/weights/Regularizer/L2Regularizer/value:0 to REGULARIZATION_LOSSES.
INFO:tensorflow:Created variable mixed_35x35x288a/branch3x3dbl/Conv/BatchNorm/beta:0 with shape (64,) and init <function zeros_initializer at 0x7fb5614f7230>
INFO:tensorflow:Created variable mixed_35x35x288a/branch3x3dbl/Conv/BatchNorm/moving_mean:0 with shape (64,) and init <function zeros_initializer at 0x7fb5614f7230>
INFO:tensorflow:Created variable mixed_35x35x288a/branch3x3dbl/Conv/BatchNorm/moving_variance:0 with shape (64,) and init <function ones_initializer at 0x7fb561235f50>
INFO:tensorflow:Created variable mixed_35x35x288a/branch3x3dbl/Conv_1/weights:0 with shape (3, 3, 64, 96) and init <function _initializer at 0x7fb5da9c0d70>
INFO:tensorflow:Applied regularizer to mixed_35x35x288a/branch3x3dbl/Conv_1/weights:0 and added the result mixed_35x35x288a/branch3x3dbl/Conv_1/weights/Regularizer/L2Regularizer/value:0 to REGULARIZATION_LOSSES.
INFO:tensorflow:Created variable mixed_35x35x288a/branch3x3dbl/Conv_1/BatchNorm/beta:0 with shape (96,) and init <function zeros_initializer at 0x7fb5614f7230>
INFO:tensorflow:Created variable mixed_35x35x288a/branch3x3dbl/Conv_1/BatchNorm/moving_mean:0 with shape (96,) and init <function zeros_initializer at 0x7fb5614f7230>
INFO:tensorflow:Created variable mixed_35x35x288a/branch3x3dbl/Conv_1/BatchNorm/moving_variance:0 with shape (96,) and init <function ones_initializer at 0x7fb561235f50>
INFO:tensorflow:Created variable mixed_35x35x288a/branch3x3dbl/Conv_2/weights:0 with shape (3, 3, 96, 96) and init <function _initializer at 0x7fb5df93cf50>
INFO:tensorflow:Applied regularizer to mixed_35x35x288a/branch3x3dbl/Conv_2/weights:0 and added the result mixed_35x35x288a/branch3x3dbl/Conv_2/weights/Regularizer/L2Regularizer/value:0 to REGULARIZATION_LOSSES.
INFO:tensorflow:Created variable mixed_35x35x288a/branch3x3dbl/Conv_2/BatchNorm/beta:0 with shape (96,) and init <function zeros_initializer at 0x7fb5614f7230>
INFO:tensorflow:Created variable mixed_35x35x288a/branch3x3dbl/Conv_2/BatchNorm/moving_mean:0 with shape (96,) and init <function zeros_initializer at 0x7fb5614f7230>
INFO:tensorflow:Created variable mixed_35x35x288a/branch3x3dbl/Conv_2/BatchNorm/moving_variance:0 with shape (96,) and init <function ones_initializer at 0x7fb561235f50>
INFO:tensorflow:Created variable mixed_35x35x288a/branch_pool/Conv/weights:0 with shape (1, 1, 256, 64) and init <function _initializer at 0x7fb5da9c0d70>
INFO:tensorflow:Applied regularizer to mixed_35x35x288a/branch_pool/Conv/weights:0 and added the result mixed_35x35x288a/branch_pool/Conv/weights/Regularizer/L2Regularizer/value:0 to REGULARIZATION_LOSSES.
INFO:tensorflow:Created variable mixed_35x35x288a/branch_pool/Conv/BatchNorm/beta:0 with shape (64,) and init <function zeros_initializer at 0x7fb5614f7230>
INFO:tensorflow:Created variable mixed_35x35x288a/branch_pool/Conv/BatchNorm/moving_mean:0 with shape (64,) and init <function zeros_initializer at 0x7fb5614f7230>
INFO:tensorflow:Created variable mixed_35x35x288a/branch_pool/Conv/BatchNorm/moving_variance:0 with shape (64,) and init <function ones_initializer at 0x7fb561235f50>
INFO:tensorflow:Created variable mixed_35x35x288b/branch1x1/Conv/weights:0 with shape (1, 1, 288, 64) and init <function _initializer at 0x7fb5df93cf50>
INFO:tensorflow:Applied regularizer to mixed_35x35x288b/branch1x1/Conv/weights:0 and added the result mixed_35x35x288b/branch1x1/Conv/weights/Regularizer/L2Regularizer/value:0 to REGULARIZATION_LOSSES.
INFO:tensorflow:Created variable mixed_35x35x288b/branch1x1/Conv/BatchNorm/beta:0 with shape (64,) and init <function zeros_initializer at 0x7fb5614f7230>
INFO:tensorflow:Created variable mixed_35x35x288b/branch1x1/Conv/BatchNorm/moving_mean:0 with shape (64,) and init <function zeros_initializer at 0x7fb5614f7230>
INFO:tensorflow:Created variable mixed_35x35x288b/branch1x1/Conv/BatchNorm/moving_variance:0 with shape (64,) and init <function ones_initializer at 0x7fb561235f50>
INFO:tensorflow:Created variable mixed_35x35x288b/branch5x5/Conv/weights:0 with shape (1, 1, 288, 48) and init <function _initializer at 0x7fb5da9c0d70>
INFO:tensorflow:Applied regularizer to mixed_35x35x288b/branch5x5/Conv/weights:0 and added the result mixed_35x35x288b/branch5x5/Conv/weights/Regularizer/L2Regularizer/value:0 to REGULARIZATION_LOSSES.
INFO:tensorflow:Created variable mixed_35x35x288b/branch5x5/Conv/BatchNorm/beta:0 with shape (48,) and init <function zeros_initializer at 0x7fb5614f7230>
INFO:tensorflow:Created variable mixed_35x35x288b/branch5x5/Conv/BatchNorm/moving_mean:0 with shape (48,) and init <function zeros_initializer at 0x7fb5614f7230>
INFO:tensorflow:Created variable mixed_35x35x288b/branch5x5/Conv/BatchNorm/moving_variance:0 with shape (48,) and init <function ones_initializer at 0x7fb561235f50>
INFO:tensorflow:Created variable mixed_35x35x288b/branch5x5/Conv_1/weights:0 with shape (5, 5, 48, 64) and init <function _initializer at 0x7fb5df93cf50>
INFO:tensorflow:Applied regularizer to mixed_35x35x288b/branch5x5/Conv_1/weights:0 and added the result mixed_35x35x288b/branch5x5/Conv_1/weights/Regularizer/L2Regularizer/value:0 to REGULARIZATION_LOSSES.
INFO:tensorflow:Created variable mixed_35x35x288b/branch5x5/Conv_1/BatchNorm/beta:0 with shape (64,) and init <function zeros_initializer at 0x7fb5614f7230>
INFO:tensorflow:Created variable mixed_35x35x288b/branch5x5/Conv_1/BatchNorm/moving_mean:0 with shape (64,) and init <function zeros_initializer at 0x7fb5614f7230>
INFO:tensorflow:Created variable mixed_35x35x288b/branch5x5/Conv_1/BatchNorm/moving_variance:0 with shape (64,) and init <function ones_initializer at 0x7fb561235f50>
INFO:tensorflow:Created variable mixed_35x35x288b/branch3x3dbl/Conv/weights:0 with shape (1, 1, 288, 64) and init <function _initializer at 0x7fb5da9c0d70>
INFO:tensorflow:Applied regularizer to mixed_35x35x288b/branch3x3dbl/Conv/weights:0 and added the result mixed_35x35x288b/branch3x3dbl/Conv/weights/Regularizer/L2Regularizer/value:0 to REGULARIZATION_LOSSES.
INFO:tensorflow:Created variable mixed_35x35x288b/branch3x3dbl/Conv/BatchNorm/beta:0 with shape (64,) and init <function zeros_initializer at 0x7fb5614f7230>
INFO:tensorflow:Created variable mixed_35x35x288b/branch3x3dbl/Conv/BatchNorm/moving_mean:0 with shape (64,) and init <function zeros_initializer at 0x7fb5614f7230>
INFO:tensorflow:Created variable mixed_35x35x288b/branch3x3dbl/Conv/BatchNorm/moving_variance:0 with shape (64,) and init <function ones_initializer at 0x7fb561235f50>
INFO:tensorflow:Created variable mixed_35x35x288b/branch3x3dbl/Conv_1/weights:0 with shape (3, 3, 64, 96) and init <function _initializer at 0x7fb5df93cf50>
INFO:tensorflow:Applied regularizer to mixed_35x35x288b/branch3x3dbl/Conv_1/weights:0 and added the result mixed_35x35x288b/branch3x3dbl/Conv_1/weights/Regularizer/L2Regularizer/value:0 to REGULARIZATION_LOSSES.
INFO:tensorflow:Created variable mixed_35x35x288b/branch3x3dbl/Conv_1/BatchNorm/beta:0 with shape (96,) and init <function zeros_initializer at 0x7fb5614f7230>
INFO:tensorflow:Created variable mixed_35x35x288b/branch3x3dbl/Conv_1/BatchNorm/moving_mean:0 with shape (96,) and init <function zeros_initializer at 0x7fb5614f7230>
INFO:tensorflow:Created variable mixed_35x35x288b/branch3x3dbl/Conv_1/BatchNorm/moving_variance:0 with shape (96,) and init <function ones_initializer at 0x7fb561235f50>
INFO:tensorflow:Created variable mixed_35x35x288b/branch3x3dbl/Conv_2/weights:0 with shape (3, 3, 96, 96) and init <function _initializer at 0x7fb5da9c0d70>
INFO:tensorflow:Applied regularizer to mixed_35x35x288b/branch3x3dbl/Conv_2/weights:0 and added the result mixed_35x35x288b/branch3x3dbl/Conv_2/weights/Regularizer/L2Regularizer/value:0 to REGULARIZATION_LOSSES.
INFO:tensorflow:Created variable mixed_35x35x288b/branch3x3dbl/Conv_2/BatchNorm/beta:0 with shape (96,) and init <function zeros_initializer at 0x7fb5614f7230>
INFO:tensorflow:Created variable mixed_35x35x288b/branch3x3dbl/Conv_2/BatchNorm/moving_mean:0 with shape (96,) and init <function zeros_initializer at 0x7fb5614f7230>
INFO:tensorflow:Created variable mixed_35x35x288b/branch3x3dbl/Conv_2/BatchNorm/moving_variance:0 with shape (96,) and init <function ones_initializer at 0x7fb561235f50>
INFO:tensorflow:Created variable mixed_35x35x288b/branch_pool/Conv/weights:0 with shape (1, 1, 288, 64) and init <function _initializer at 0x7fb5df93cf50>
INFO:tensorflow:Applied regularizer to mixed_35x35x288b/branch_pool/Conv/weights:0 and added the result mixed_35x35x288b/branch_pool/Conv/weights/Regularizer/L2Regularizer/value:0 to REGULARIZATION_LOSSES.
INFO:tensorflow:Created variable mixed_35x35x288b/branch_pool/Conv/BatchNorm/beta:0 with shape (64,) and init <function zeros_initializer at 0x7fb5614f7230>
INFO:tensorflow:Created variable mixed_35x35x288b/branch_pool/Conv/BatchNorm/moving_mean:0 with shape (64,) and init <function zeros_initializer at 0x7fb5614f7230>
INFO:tensorflow:Created variable mixed_35x35x288b/branch_pool/Conv/BatchNorm/moving_variance:0 with shape (64,) and init <function ones_initializer at 0x7fb561235f50>
INFO:tensorflow:Created variable mixed_17x17x768a/branch3x3/Conv/weights:0 with shape (3, 3, 288, 384) and init <function _initializer at 0x7fb5df93cf50>
INFO:tensorflow:Applied regularizer to mixed_17x17x768a/branch3x3/Conv/weights:0 and added the result mixed_17x17x768a/branch3x3/Conv/weights/Regularizer/L2Regularizer/value:0 to REGULARIZATION_LOSSES.
INFO:tensorflow:Created variable mixed_17x17x768a/branch3x3/Conv/BatchNorm/beta:0 with shape (384,) and init <function zeros_initializer at 0x7fb5614f7230>
INFO:tensorflow:Created variable mixed_17x17x768a/branch3x3/Conv/BatchNorm/moving_mean:0 with shape (384,) and init <function zeros_initializer at 0x7fb5614f7230>
INFO:tensorflow:Created variable mixed_17x17x768a/branch3x3/Conv/BatchNorm/moving_variance:0 with shape (384,) and init <function ones_initializer at 0x7fb561235f50>
INFO:tensorflow:Created variable mixed_17x17x768a/branch3x3dbl/Conv/weights:0 with shape (1, 1, 288, 64) and init <function _initializer at 0x7fb5443c9140>
INFO:tensorflow:Applied regularizer to mixed_17x17x768a/branch3x3dbl/Conv/weights:0 and added the result mixed_17x17x768a/branch3x3dbl/Conv/weights/Regularizer/L2Regularizer/value:0 to REGULARIZATION_LOSSES.
INFO:tensorflow:Created variable mixed_17x17x768a/branch3x3dbl/Conv/BatchNorm/beta:0 with shape (64,) and init <function zeros_initializer at 0x7fb5614f7230>
INFO:tensorflow:Created variable mixed_17x17x768a/branch3x3dbl/Conv/BatchNorm/moving_mean:0 with shape (64,) and init <function zeros_initializer at 0x7fb5614f7230>
INFO:tensorflow:Created variable mixed_17x17x768a/branch3x3dbl/Conv/BatchNorm/moving_variance:0 with shape (64,) and init <function ones_initializer at 0x7fb561235f50>
INFO:tensorflow:Created variable mixed_17x17x768a/branch3x3dbl/Conv_1/weights:0 with shape (3, 3, 64, 96) and init <function _initializer at 0x7fb5df93cf50>
INFO:tensorflow:Applied regularizer to mixed_17x17x768a/branch3x3dbl/Conv_1/weights:0 and added the result mixed_17x17x768a/branch3x3dbl/Conv_1/weights/Regularizer/L2Regularizer/value:0 to REGULARIZATION_LOSSES.
INFO:tensorflow:Created variable mixed_17x17x768a/branch3x3dbl/Conv_1/BatchNorm/beta:0 with shape (96,) and init <function zeros_initializer at 0x7fb5614f7230>
INFO:tensorflow:Created variable mixed_17x17x768a/branch3x3dbl/Conv_1/BatchNorm/moving_mean:0 with shape (96,) and init <function zeros_initializer at 0x7fb5614f7230>
INFO:tensorflow:Created variable mixed_17x17x768a/branch3x3dbl/Conv_1/BatchNorm/moving_variance:0 with shape (96,) and init <function ones_initializer at 0x7fb561235f50>
INFO:tensorflow:Created variable mixed_17x17x768a/branch3x3dbl/Conv_2/weights:0 with shape (3, 3, 96, 96) and init <function _initializer at 0x7fb5443c9140>
INFO:tensorflow:Applied regularizer to mixed_17x17x768a/branch3x3dbl/Conv_2/weights:0 and added the result mixed_17x17x768a/branch3x3dbl/Conv_2/weights/Regularizer/L2Regularizer/value:0 to REGULARIZATION_LOSSES.
INFO:tensorflow:Created variable mixed_17x17x768a/branch3x3dbl/Conv_2/BatchNorm/beta:0 with shape (96,) and init <function zeros_initializer at 0x7fb5614f7230>
INFO:tensorflow:Created variable mixed_17x17x768a/branch3x3dbl/Conv_2/BatchNorm/moving_mean:0 with shape (96,) and init <function zeros_initializer at 0x7fb5614f7230>
INFO:tensorflow:Created variable mixed_17x17x768a/branch3x3dbl/Conv_2/BatchNorm/moving_variance:0 with shape (96,) and init <function ones_initializer at 0x7fb561235f50>
INFO:tensorflow:Created variable mixed_17x17x768b/branch1x1/Conv/weights:0 with shape (1, 1, 768, 192) and init <function _initializer at 0x7fb5df93cf50>
INFO:tensorflow:Applied regularizer to mixed_17x17x768b/branch1x1/Conv/weights:0 and added the result mixed_17x17x768b/branch1x1/Conv/weights/Regularizer/L2Regularizer/value:0 to REGULARIZATION_LOSSES.
INFO:tensorflow:Created variable mixed_17x17x768b/branch1x1/Conv/BatchNorm/beta:0 with shape (192,) and init <function zeros_initializer at 0x7fb5614f7230>
INFO:tensorflow:Created variable mixed_17x17x768b/branch1x1/Conv/BatchNorm/moving_mean:0 with shape (192,) and init <function zeros_initializer at 0x7fb5614f7230>
INFO:tensorflow:Created variable mixed_17x17x768b/branch1x1/Conv/BatchNorm/moving_variance:0 with shape (192,) and init <function ones_initializer at 0x7fb561235f50>
INFO:tensorflow:Created variable mixed_17x17x768b/branch7x7/Conv/weights:0 with shape (1, 1, 768, 128) and init <function _initializer at 0x7fb5443c9140>
INFO:tensorflow:Applied regularizer to mixed_17x17x768b/branch7x7/Conv/weights:0 and added the result mixed_17x17x768b/branch7x7/Conv/weights/Regularizer/L2Regularizer/value:0 to REGULARIZATION_LOSSES.
INFO:tensorflow:Created variable mixed_17x17x768b/branch7x7/Conv/BatchNorm/beta:0 with shape (128,) and init <function zeros_initializer at 0x7fb5614f7230>
INFO:tensorflow:Created variable mixed_17x17x768b/branch7x7/Conv/BatchNorm/moving_mean:0 with shape (128,) and init <function zeros_initializer at 0x7fb5614f7230>
INFO:tensorflow:Created variable mixed_17x17x768b/branch7x7/Conv/BatchNorm/moving_variance:0 with shape (128,) and init <function ones_initializer at 0x7fb561235f50>
INFO:tensorflow:Created variable mixed_17x17x768b/branch7x7/Conv_1/weights:0 with shape (1, 7, 128, 128) and init <function _initializer at 0x7fb5df93cf50>
INFO:tensorflow:Applied regularizer to mixed_17x17x768b/branch7x7/Conv_1/weights:0 and added the result mixed_17x17x768b/branch7x7/Conv_1/weights/Regularizer/L2Regularizer/value:0 to REGULARIZATION_LOSSES.
INFO:tensorflow:Created variable mixed_17x17x768b/branch7x7/Conv_1/BatchNorm/beta:0 with shape (128,) and init <function zeros_initializer at 0x7fb5614f7230>
INFO:tensorflow:Created variable mixed_17x17x768b/branch7x7/Conv_1/BatchNorm/moving_mean:0 with shape (128,) and init <function zeros_initializer at 0x7fb5614f7230>
INFO:tensorflow:Created variable mixed_17x17x768b/branch7x7/Conv_1/BatchNorm/moving_variance:0 with shape (128,) and init <function ones_initializer at 0x7fb561235f50>
INFO:tensorflow:Created variable mixed_17x17x768b/branch7x7/Conv_2/weights:0 with shape (7, 1, 128, 192) and init <function _initializer at 0x7fb5443c9140>
INFO:tensorflow:Applied regularizer to mixed_17x17x768b/branch7x7/Conv_2/weights:0 and added the result mixed_17x17x768b/branch7x7/Conv_2/weights/Regularizer/L2Regularizer/value:0 to REGULARIZATION_LOSSES.
INFO:tensorflow:Created variable mixed_17x17x768b/branch7x7/Conv_2/BatchNorm/beta:0 with shape (192,) and init <function zeros_initializer at 0x7fb5614f7230>
INFO:tensorflow:Created variable mixed_17x17x768b/branch7x7/Conv_2/BatchNorm/moving_mean:0 with shape (192,) and init <function zeros_initializer at 0x7fb5614f7230>
INFO:tensorflow:Created variable mixed_17x17x768b/branch7x7/Conv_2/BatchNorm/moving_variance:0 with shape (192,) and init <function ones_initializer at 0x7fb561235f50>
INFO:tensorflow:Created variable mixed_17x17x768b/branch7x7dbl/Conv/weights:0 with shape (1, 1, 768, 128) and init <function _initializer at 0x7fb5df93cf50>
INFO:tensorflow:Applied regularizer to mixed_17x17x768b/branch7x7dbl/Conv/weights:0 and added the result mixed_17x17x768b/branch7x7dbl/Conv/weights/Regularizer/L2Regularizer/value:0 to REGULARIZATION_LOSSES.
INFO:tensorflow:Created variable mixed_17x17x768b/branch7x7dbl/Conv/BatchNorm/beta:0 with shape (128,) and init <function zeros_initializer at 0x7fb5614f7230>
INFO:tensorflow:Created variable mixed_17x17x768b/branch7x7dbl/Conv/BatchNorm/moving_mean:0 with shape (128,) and init <function zeros_initializer at 0x7fb5614f7230>
INFO:tensorflow:Created variable mixed_17x17x768b/branch7x7dbl/Conv/BatchNorm/moving_variance:0 with shape (128,) and init <function ones_initializer at 0x7fb561235f50>
INFO:tensorflow:Created variable mixed_17x17x768b/branch7x7dbl/Conv_1/weights:0 with shape (7, 1, 128, 128) and init <function _initializer at 0x7fb5443c9140>
INFO:tensorflow:Applied regularizer to mixed_17x17x768b/branch7x7dbl/Conv_1/weights:0 and added the result mixed_17x17x768b/branch7x7dbl/Conv_1/weights/Regularizer/L2Regularizer/value:0 to REGULARIZATION_LOSSES.
INFO:tensorflow:Created variable mixed_17x17x768b/branch7x7dbl/Conv_1/BatchNorm/beta:0 with shape (128,) and init <function zeros_initializer at 0x7fb5614f7230>
INFO:tensorflow:Created variable mixed_17x17x768b/branch7x7dbl/Conv_1/BatchNorm/moving_mean:0 with shape (128,) and init <function zeros_initializer at 0x7fb5614f7230>
INFO:tensorflow:Created variable mixed_17x17x768b/branch7x7dbl/Conv_1/BatchNorm/moving_variance:0 with shape (128,) and init <function ones_initializer at 0x7fb561235f50>
INFO:tensorflow:Created variable mixed_17x17x768b/branch7x7dbl/Conv_2/weights:0 with shape (1, 7, 128, 128) and init <function _initializer at 0x7fb5df93cf50>
INFO:tensorflow:Applied regularizer to mixed_17x17x768b/branch7x7dbl/Conv_2/weights:0 and added the result mixed_17x17x768b/branch7x7dbl/Conv_2/weights/Regularizer/L2Regularizer/value:0 to REGULARIZATION_LOSSES.
INFO:tensorflow:Created variable mixed_17x17x768b/branch7x7dbl/Conv_2/BatchNorm/beta:0 with shape (128,) and init <function zeros_initializer at 0x7fb5614f7230>
INFO:tensorflow:Created variable mixed_17x17x768b/branch7x7dbl/Conv_2/BatchNorm/moving_mean:0 with shape (128,) and init <function zeros_initializer at 0x7fb5614f7230>
INFO:tensorflow:Created variable mixed_17x17x768b/branch7x7dbl/Conv_2/BatchNorm/moving_variance:0 with shape (128,) and init <function ones_initializer at 0x7fb561235f50>
INFO:tensorflow:Created variable mixed_17x17x768b/branch7x7dbl/Conv_3/weights:0 with shape (7, 1, 128, 128) and init <function _initializer at 0x7fb5443c9140>
INFO:tensorflow:Applied regularizer to mixed_17x17x768b/branch7x7dbl/Conv_3/weights:0 and added the result mixed_17x17x768b/branch7x7dbl/Conv_3/weights/Regularizer/L2Regularizer/value:0 to REGULARIZATION_LOSSES.
INFO:tensorflow:Created variable mixed_17x17x768b/branch7x7dbl/Conv_3/BatchNorm/beta:0 with shape (128,) and init <function zeros_initializer at 0x7fb5614f7230>
INFO:tensorflow:Created variable mixed_17x17x768b/branch7x7dbl/Conv_3/BatchNorm/moving_mean:0 with shape (128,) and init <function zeros_initializer at 0x7fb5614f7230>
INFO:tensorflow:Created variable mixed_17x17x768b/branch7x7dbl/Conv_3/BatchNorm/moving_variance:0 with shape (128,) and init <function ones_initializer at 0x7fb561235f50>
INFO:tensorflow:Created variable mixed_17x17x768b/branch7x7dbl/Conv_4/weights:0 with shape (1, 7, 128, 192) and init <function _initializer at 0x7fb5df93cf50>
INFO:tensorflow:Applied regularizer to mixed_17x17x768b/branch7x7dbl/Conv_4/weights:0 and added the result mixed_17x17x768b/branch7x7dbl/Conv_4/weights/Regularizer/L2Regularizer/value:0 to REGULARIZATION_LOSSES.
INFO:tensorflow:Created variable mixed_17x17x768b/branch7x7dbl/Conv_4/BatchNorm/beta:0 with shape (192,) and init <function zeros_initializer at 0x7fb5614f7230>
INFO:tensorflow:Created variable mixed_17x17x768b/branch7x7dbl/Conv_4/BatchNorm/moving_mean:0 with shape (192,) and init <function zeros_initializer at 0x7fb5614f7230>
INFO:tensorflow:Created variable mixed_17x17x768b/branch7x7dbl/Conv_4/BatchNorm/moving_variance:0 with shape (192,) and init <function ones_initializer at 0x7fb561235f50>
INFO:tensorflow:Created variable mixed_17x17x768b/branch_pool/Conv/weights:0 with shape (1, 1, 768, 192) and init <function _initializer at 0x7fb5443c9140>
INFO:tensorflow:Applied regularizer to mixed_17x17x768b/branch_pool/Conv/weights:0 and added the result mixed_17x17x768b/branch_pool/Conv/weights/Regularizer/L2Regularizer/value:0 to REGULARIZATION_LOSSES.
INFO:tensorflow:Created variable mixed_17x17x768b/branch_pool/Conv/BatchNorm/beta:0 with shape (192,) and init <function zeros_initializer at 0x7fb5614f7230>
INFO:tensorflow:Created variable mixed_17x17x768b/branch_pool/Conv/BatchNorm/moving_mean:0 with shape (192,) and init <function zeros_initializer at 0x7fb5614f7230>
INFO:tensorflow:Created variable mixed_17x17x768b/branch_pool/Conv/BatchNorm/moving_variance:0 with shape (192,) and init <function ones_initializer at 0x7fb561235f50>
INFO:tensorflow:Created variable mixed_17x17x768c/branch1x1/Conv/weights:0 with shape (1, 1, 768, 192) and init <function _initializer at 0x7fb5df93cf50>
INFO:tensorflow:Applied regularizer to mixed_17x17x768c/branch1x1/Conv/weights:0 and added the result mixed_17x17x768c/branch1x1/Conv/weights/Regularizer/L2Regularizer/value:0 to REGULARIZATION_LOSSES.
INFO:tensorflow:Created variable mixed_17x17x768c/branch1x1/Conv/BatchNorm/beta:0 with shape (192,) and init <function zeros_initializer at 0x7fb5614f7230>
INFO:tensorflow:Created variable mixed_17x17x768c/branch1x1/Conv/BatchNorm/moving_mean:0 with shape (192,) and init <function zeros_initializer at 0x7fb5614f7230>
INFO:tensorflow:Created variable mixed_17x17x768c/branch1x1/Conv/BatchNorm/moving_variance:0 with shape (192,) and init <function ones_initializer at 0x7fb561235f50>
INFO:tensorflow:Created variable mixed_17x17x768c/branch7x7/Conv/weights:0 with shape (1, 1, 768, 160) and init <function _initializer at 0x7fb5443c9140>
INFO:tensorflow:Applied regularizer to mixed_17x17x768c/branch7x7/Conv/weights:0 and added the result mixed_17x17x768c/branch7x7/Conv/weights/Regularizer/L2Regularizer/value:0 to REGULARIZATION_LOSSES.
INFO:tensorflow:Created variable mixed_17x17x768c/branch7x7/Conv/BatchNorm/beta:0 with shape (160,) and init <function zeros_initializer at 0x7fb5614f7230>
INFO:tensorflow:Created variable mixed_17x17x768c/branch7x7/Conv/BatchNorm/moving_mean:0 with shape (160,) and init <function zeros_initializer at 0x7fb5614f7230>
INFO:tensorflow:Created variable mixed_17x17x768c/branch7x7/Conv/BatchNorm/moving_variance:0 with shape (160,) and init <function ones_initializer at 0x7fb561235f50>
INFO:tensorflow:Created variable mixed_17x17x768c/branch7x7/Conv_1/weights:0 with shape (1, 7, 160, 160) and init <function _initializer at 0x7fb5df93cf50>
INFO:tensorflow:Applied regularizer to mixed_17x17x768c/branch7x7/Conv_1/weights:0 and added the result mixed_17x17x768c/branch7x7/Conv_1/weights/Regularizer/L2Regularizer/value:0 to REGULARIZATION_LOSSES.
INFO:tensorflow:Created variable mixed_17x17x768c/branch7x7/Conv_1/BatchNorm/beta:0 with shape (160,) and init <function zeros_initializer at 0x7fb5614f7230>
INFO:tensorflow:Created variable mixed_17x17x768c/branch7x7/Conv_1/BatchNorm/moving_mean:0 with shape (160,) and init <function zeros_initializer at 0x7fb5614f7230>
INFO:tensorflow:Created variable mixed_17x17x768c/branch7x7/Conv_1/BatchNorm/moving_variance:0 with shape (160,) and init <function ones_initializer at 0x7fb561235f50>
INFO:tensorflow:Created variable mixed_17x17x768c/branch7x7/Conv_2/weights:0 with shape (7, 1, 160, 192) and init <function _initializer at 0x7fb5443c9140>
INFO:tensorflow:Applied regularizer to mixed_17x17x768c/branch7x7/Conv_2/weights:0 and added the result mixed_17x17x768c/branch7x7/Conv_2/weights/Regularizer/L2Regularizer/value:0 to REGULARIZATION_LOSSES.
INFO:tensorflow:Created variable mixed_17x17x768c/branch7x7/Conv_2/BatchNorm/beta:0 with shape (192,) and init <function zeros_initializer at 0x7fb5614f7230>
INFO:tensorflow:Created variable mixed_17x17x768c/branch7x7/Conv_2/BatchNorm/moving_mean:0 with shape (192,) and init <function zeros_initializer at 0x7fb5614f7230>
INFO:tensorflow:Created variable mixed_17x17x768c/branch7x7/Conv_2/BatchNorm/moving_variance:0 with shape (192,) and init <function ones_initializer at 0x7fb561235f50>
INFO:tensorflow:Created variable mixed_17x17x768c/branch7x7dbl/Conv/weights:0 with shape (1, 1, 768, 160) and init <function _initializer at 0x7fb5df93cf50>
INFO:tensorflow:Applied regularizer to mixed_17x17x768c/branch7x7dbl/Conv/weights:0 and added the result mixed_17x17x768c/branch7x7dbl/Conv/weights/Regularizer/L2Regularizer/value:0 to REGULARIZATION_LOSSES.
INFO:tensorflow:Created variable mixed_17x17x768c/branch7x7dbl/Conv/BatchNorm/beta:0 with shape (160,) and init <function zeros_initializer at 0x7fb5614f7230>
INFO:tensorflow:Created variable mixed_17x17x768c/branch7x7dbl/Conv/BatchNorm/moving_mean:0 with shape (160,) and init <function zeros_initializer at 0x7fb5614f7230>
INFO:tensorflow:Created variable mixed_17x17x768c/branch7x7dbl/Conv/BatchNorm/moving_variance:0 with shape (160,) and init <function ones_initializer at 0x7fb561235f50>
INFO:tensorflow:Created variable mixed_17x17x768c/branch7x7dbl/Conv_1/weights:0 with shape (7, 1, 160, 160) and init <function _initializer at 0x7fb5443c9140>
INFO:tensorflow:Applied regularizer to mixed_17x17x768c/branch7x7dbl/Conv_1/weights:0 and added the result mixed_17x17x768c/branch7x7dbl/Conv_1/weights/Regularizer/L2Regularizer/value:0 to REGULARIZATION_LOSSES.
INFO:tensorflow:Created variable mixed_17x17x768c/branch7x7dbl/Conv_1/BatchNorm/beta:0 with shape (160,) and init <function zeros_initializer at 0x7fb5614f7230>
INFO:tensorflow:Created variable mixed_17x17x768c/branch7x7dbl/Conv_1/BatchNorm/moving_mean:0 with shape (160,) and init <function zeros_initializer at 0x7fb5614f7230>
INFO:tensorflow:Created variable mixed_17x17x768c/branch7x7dbl/Conv_1/BatchNorm/moving_variance:0 with shape (160,) and init <function ones_initializer at 0x7fb561235f50>
INFO:tensorflow:Created variable mixed_17x17x768c/branch7x7dbl/Conv_2/weights:0 with shape (1, 7, 160, 160) and init <function _initializer at 0x7fb5df93cf50>
INFO:tensorflow:Applied regularizer to mixed_17x17x768c/branch7x7dbl/Conv_2/weights:0 and added the result mixed_17x17x768c/branch7x7dbl/Conv_2/weights/Regularizer/L2Regularizer/value:0 to REGULARIZATION_LOSSES.
INFO:tensorflow:Created variable mixed_17x17x768c/branch7x7dbl/Conv_2/BatchNorm/beta:0 with shape (160,) and init <function zeros_initializer at 0x7fb5614f7230>
INFO:tensorflow:Created variable mixed_17x17x768c/branch7x7dbl/Conv_2/BatchNorm/moving_mean:0 with shape (160,) and init <function zeros_initializer at 0x7fb5614f7230>
INFO:tensorflow:Created variable mixed_17x17x768c/branch7x7dbl/Conv_2/BatchNorm/moving_variance:0 with shape (160,) and init <function ones_initializer at 0x7fb561235f50>
INFO:tensorflow:Created variable mixed_17x17x768c/branch7x7dbl/Conv_3/weights:0 with shape (7, 1, 160, 160) and init <function _initializer at 0x7fb5443c9140>
INFO:tensorflow:Applied regularizer to mixed_17x17x768c/branch7x7dbl/Conv_3/weights:0 and added the result mixed_17x17x768c/branch7x7dbl/Conv_3/weights/Regularizer/L2Regularizer/value:0 to REGULARIZATION_LOSSES.
INFO:tensorflow:Created variable mixed_17x17x768c/branch7x7dbl/Conv_3/BatchNorm/beta:0 with shape (160,) and init <function zeros_initializer at 0x7fb5614f7230>
INFO:tensorflow:Created variable mixed_17x17x768c/branch7x7dbl/Conv_3/BatchNorm/moving_mean:0 with shape (160,) and init <function zeros_initializer at 0x7fb5614f7230>
INFO:tensorflow:Created variable mixed_17x17x768c/branch7x7dbl/Conv_3/BatchNorm/moving_variance:0 with shape (160,) and init <function ones_initializer at 0x7fb561235f50>
INFO:tensorflow:Created variable mixed_17x17x768c/branch7x7dbl/Conv_4/weights:0 with shape (1, 7, 160, 192) and init <function _initializer at 0x7fb5df93cf50>
INFO:tensorflow:Applied regularizer to mixed_17x17x768c/branch7x7dbl/Conv_4/weights:0 and added the result mixed_17x17x768c/branch7x7dbl/Conv_4/weights/Regularizer/L2Regularizer/value:0 to REGULARIZATION_LOSSES.
INFO:tensorflow:Created variable mixed_17x17x768c/branch7x7dbl/Conv_4/BatchNorm/beta:0 with shape (192,) and init <function zeros_initializer at 0x7fb5614f7230>
INFO:tensorflow:Created variable mixed_17x17x768c/branch7x7dbl/Conv_4/BatchNorm/moving_mean:0 with shape (192,) and init <function zeros_initializer at 0x7fb5614f7230>
INFO:tensorflow:Created variable mixed_17x17x768c/branch7x7dbl/Conv_4/BatchNorm/moving_variance:0 with shape (192,) and init <function ones_initializer at 0x7fb561235f50>
INFO:tensorflow:Created variable mixed_17x17x768c/branch_pool/Conv/weights:0 with shape (1, 1, 768, 192) and init <function _initializer at 0x7fb5443c9140>
INFO:tensorflow:Applied regularizer to mixed_17x17x768c/branch_pool/Conv/weights:0 and added the result mixed_17x17x768c/branch_pool/Conv/weights/Regularizer/L2Regularizer/value:0 to REGULARIZATION_LOSSES.
INFO:tensorflow:Created variable mixed_17x17x768c/branch_pool/Conv/BatchNorm/beta:0 with shape (192,) and init <function zeros_initializer at 0x7fb5614f7230>
INFO:tensorflow:Created variable mixed_17x17x768c/branch_pool/Conv/BatchNorm/moving_mean:0 with shape (192,) and init <function zeros_initializer at 0x7fb5614f7230>
INFO:tensorflow:Created variable mixed_17x17x768c/branch_pool/Conv/BatchNorm/moving_variance:0 with shape (192,) and init <function ones_initializer at 0x7fb561235f50>
INFO:tensorflow:Created variable mixed_17x17x768d/branch1x1/Conv/weights:0 with shape (1, 1, 768, 192) and init <function _initializer at 0x7fb5df93cf50>
INFO:tensorflow:Applied regularizer to mixed_17x17x768d/branch1x1/Conv/weights:0 and added the result mixed_17x17x768d/branch1x1/Conv/weights/Regularizer/L2Regularizer/value:0 to REGULARIZATION_LOSSES.
INFO:tensorflow:Created variable mixed_17x17x768d/branch1x1/Conv/BatchNorm/beta:0 with shape (192,) and init <function zeros_initializer at 0x7fb5614f7230>
INFO:tensorflow:Created variable mixed_17x17x768d/branch1x1/Conv/BatchNorm/moving_mean:0 with shape (192,) and init <function zeros_initializer at 0x7fb5614f7230>
INFO:tensorflow:Created variable mixed_17x17x768d/branch1x1/Conv/BatchNorm/moving_variance:0 with shape (192,) and init <function ones_initializer at 0x7fb561235f50>
INFO:tensorflow:Created variable mixed_17x17x768d/branch7x7/Conv/weights:0 with shape (1, 1, 768, 160) and init <function _initializer at 0x7fb5443c9140>
INFO:tensorflow:Applied regularizer to mixed_17x17x768d/branch7x7/Conv/weights:0 and added the result mixed_17x17x768d/branch7x7/Conv/weights/Regularizer/L2Regularizer/value:0 to REGULARIZATION_LOSSES.
INFO:tensorflow:Created variable mixed_17x17x768d/branch7x7/Conv/BatchNorm/beta:0 with shape (160,) and init <function zeros_initializer at 0x7fb5614f7230>
INFO:tensorflow:Created variable mixed_17x17x768d/branch7x7/Conv/BatchNorm/moving_mean:0 with shape (160,) and init <function zeros_initializer at 0x7fb5614f7230>
INFO:tensorflow:Created variable mixed_17x17x768d/branch7x7/Conv/BatchNorm/moving_variance:0 with shape (160,) and init <function ones_initializer at 0x7fb561235f50>
INFO:tensorflow:Created variable mixed_17x17x768d/branch7x7/Conv_1/weights:0 with shape (1, 7, 160, 160) and init <function _initializer at 0x7fb5df93cf50>
INFO:tensorflow:Applied regularizer to mixed_17x17x768d/branch7x7/Conv_1/weights:0 and added the result mixed_17x17x768d/branch7x7/Conv_1/weights/Regularizer/L2Regularizer/value:0 to REGULARIZATION_LOSSES.
INFO:tensorflow:Created variable mixed_17x17x768d/branch7x7/Conv_1/BatchNorm/beta:0 with shape (160,) and init <function zeros_initializer at 0x7fb5614f7230>
INFO:tensorflow:Created variable mixed_17x17x768d/branch7x7/Conv_1/BatchNorm/moving_mean:0 with shape (160,) and init <function zeros_initializer at 0x7fb5614f7230>
INFO:tensorflow:Created variable mixed_17x17x768d/branch7x7/Conv_1/BatchNorm/moving_variance:0 with shape (160,) and init <function ones_initializer at 0x7fb561235f50>
INFO:tensorflow:Created variable mixed_17x17x768d/branch7x7/Conv_2/weights:0 with shape (7, 1, 160, 192) and init <function _initializer at 0x7fb5443c9140>
INFO:tensorflow:Applied regularizer to mixed_17x17x768d/branch7x7/Conv_2/weights:0 and added the result mixed_17x17x768d/branch7x7/Conv_2/weights/Regularizer/L2Regularizer/value:0 to REGULARIZATION_LOSSES.
INFO:tensorflow:Created variable mixed_17x17x768d/branch7x7/Conv_2/BatchNorm/beta:0 with shape (192,) and init <function zeros_initializer at 0x7fb5614f7230>
INFO:tensorflow:Created variable mixed_17x17x768d/branch7x7/Conv_2/BatchNorm/moving_mean:0 with shape (192,) and init <function zeros_initializer at 0x7fb5614f7230>
INFO:tensorflow:Created variable mixed_17x17x768d/branch7x7/Conv_2/BatchNorm/moving_variance:0 with shape (192,) and init <function ones_initializer at 0x7fb561235f50>
INFO:tensorflow:Created variable mixed_17x17x768d/branch7x7dbl/Conv/weights:0 with shape (1, 1, 768, 160) and init <function _initializer at 0x7fb5df93cf50>
INFO:tensorflow:Applied regularizer to mixed_17x17x768d/branch7x7dbl/Conv/weights:0 and added the result mixed_17x17x768d/branch7x7dbl/Conv/weights/Regularizer/L2Regularizer/value:0 to REGULARIZATION_LOSSES.
INFO:tensorflow:Created variable mixed_17x17x768d/branch7x7dbl/Conv/BatchNorm/beta:0 with shape (160,) and init <function zeros_initializer at 0x7fb5614f7230>
INFO:tensorflow:Created variable mixed_17x17x768d/branch7x7dbl/Conv/BatchNorm/moving_mean:0 with shape (160,) and init <function zeros_initializer at 0x7fb5614f7230>
INFO:tensorflow:Created variable mixed_17x17x768d/branch7x7dbl/Conv/BatchNorm/moving_variance:0 with shape (160,) and init <function ones_initializer at 0x7fb561235f50>
INFO:tensorflow:Created variable mixed_17x17x768d/branch7x7dbl/Conv_1/weights:0 with shape (7, 1, 160, 160) and init <function _initializer at 0x7fb5443c9140>
INFO:tensorflow:Applied regularizer to mixed_17x17x768d/branch7x7dbl/Conv_1/weights:0 and added the result mixed_17x17x768d/branch7x7dbl/Conv_1/weights/Regularizer/L2Regularizer/value:0 to REGULARIZATION_LOSSES.
INFO:tensorflow:Created variable mixed_17x17x768d/branch7x7dbl/Conv_1/BatchNorm/beta:0 with shape (160,) and init <function zeros_initializer at 0x7fb5614f7230>
INFO:tensorflow:Created variable mixed_17x17x768d/branch7x7dbl/Conv_1/BatchNorm/moving_mean:0 with shape (160,) and init <function zeros_initializer at 0x7fb5614f7230>
INFO:tensorflow:Created variable mixed_17x17x768d/branch7x7dbl/Conv_1/BatchNorm/moving_variance:0 with shape (160,) and init <function ones_initializer at 0x7fb561235f50>
INFO:tensorflow:Created variable mixed_17x17x768d/branch7x7dbl/Conv_2/weights:0 with shape (1, 7, 160, 160) and init <function _initializer at 0x7fb5df93cf50>
INFO:tensorflow:Applied regularizer to mixed_17x17x768d/branch7x7dbl/Conv_2/weights:0 and added the result mixed_17x17x768d/branch7x7dbl/Conv_2/weights/Regularizer/L2Regularizer/value:0 to REGULARIZATION_LOSSES.
INFO:tensorflow:Created variable mixed_17x17x768d/branch7x7dbl/Conv_2/BatchNorm/beta:0 with shape (160,) and init <function zeros_initializer at 0x7fb5614f7230>
INFO:tensorflow:Created variable mixed_17x17x768d/branch7x7dbl/Conv_2/BatchNorm/moving_mean:0 with shape (160,) and init <function zeros_initializer at 0x7fb5614f7230>
INFO:tensorflow:Created variable mixed_17x17x768d/branch7x7dbl/Conv_2/BatchNorm/moving_variance:0 with shape (160,) and init <function ones_initializer at 0x7fb561235f50>
INFO:tensorflow:Created variable mixed_17x17x768d/branch7x7dbl/Conv_3/weights:0 with shape (7, 1, 160, 160) and init <function _initializer at 0x7fb5443c9140>
INFO:tensorflow:Applied regularizer to mixed_17x17x768d/branch7x7dbl/Conv_3/weights:0 and added the result mixed_17x17x768d/branch7x7dbl/Conv_3/weights/Regularizer/L2Regularizer/value:0 to REGULARIZATION_LOSSES.
INFO:tensorflow:Created variable mixed_17x17x768d/branch7x7dbl/Conv_3/BatchNorm/beta:0 with shape (160,) and init <function zeros_initializer at 0x7fb5614f7230>
INFO:tensorflow:Created variable mixed_17x17x768d/branch7x7dbl/Conv_3/BatchNorm/moving_mean:0 with shape (160,) and init <function zeros_initializer at 0x7fb5614f7230>
INFO:tensorflow:Created variable mixed_17x17x768d/branch7x7dbl/Conv_3/BatchNorm/moving_variance:0 with shape (160,) and init <function ones_initializer at 0x7fb561235f50>
INFO:tensorflow:Created variable mixed_17x17x768d/branch7x7dbl/Conv_4/weights:0 with shape (1, 7, 160, 192) and init <function _initializer at 0x7fb5df93cf50>
INFO:tensorflow:Applied regularizer to mixed_17x17x768d/branch7x7dbl/Conv_4/weights:0 and added the result mixed_17x17x768d/branch7x7dbl/Conv_4/weights/Regularizer/L2Regularizer/value:0 to REGULARIZATION_LOSSES.
INFO:tensorflow:Created variable mixed_17x17x768d/branch7x7dbl/Conv_4/BatchNorm/beta:0 with shape (192,) and init <function zeros_initializer at 0x7fb5614f7230>
INFO:tensorflow:Created variable mixed_17x17x768d/branch7x7dbl/Conv_4/BatchNorm/moving_mean:0 with shape (192,) and init <function zeros_initializer at 0x7fb5614f7230>
INFO:tensorflow:Created variable mixed_17x17x768d/branch7x7dbl/Conv_4/BatchNorm/moving_variance:0 with shape (192,) and init <function ones_initializer at 0x7fb561235f50>
INFO:tensorflow:Created variable mixed_17x17x768d/branch_pool/Conv/weights:0 with shape (1, 1, 768, 192) and init <function _initializer at 0x7fb5443c9140>
INFO:tensorflow:Applied regularizer to mixed_17x17x768d/branch_pool/Conv/weights:0 and added the result mixed_17x17x768d/branch_pool/Conv/weights/Regularizer/L2Regularizer/value:0 to REGULARIZATION_LOSSES.
INFO:tensorflow:Created variable mixed_17x17x768d/branch_pool/Conv/BatchNorm/beta:0 with shape (192,) and init <function zeros_initializer at 0x7fb5614f7230>
INFO:tensorflow:Created variable mixed_17x17x768d/branch_pool/Conv/BatchNorm/moving_mean:0 with shape (192,) and init <function zeros_initializer at 0x7fb5614f7230>
INFO:tensorflow:Created variable mixed_17x17x768d/branch_pool/Conv/BatchNorm/moving_variance:0 with shape (192,) and init <function ones_initializer at 0x7fb561235f50>
INFO:tensorflow:Created variable mixed_17x17x768e/branch1x1/Conv/weights:0 with shape (1, 1, 768, 192) and init <function _initializer at 0x7fb5df93cf50>
INFO:tensorflow:Applied regularizer to mixed_17x17x768e/branch1x1/Conv/weights:0 and added the result mixed_17x17x768e/branch1x1/Conv/weights/Regularizer/L2Regularizer/value:0 to REGULARIZATION_LOSSES.
INFO:tensorflow:Created variable mixed_17x17x768e/branch1x1/Conv/BatchNorm/beta:0 with shape (192,) and init <function zeros_initializer at 0x7fb5614f7230>
INFO:tensorflow:Created variable mixed_17x17x768e/branch1x1/Conv/BatchNorm/moving_mean:0 with shape (192,) and init <function zeros_initializer at 0x7fb5614f7230>
INFO:tensorflow:Created variable mixed_17x17x768e/branch1x1/Conv/BatchNorm/moving_variance:0 with shape (192,) and init <function ones_initializer at 0x7fb561235f50>
INFO:tensorflow:Created variable mixed_17x17x768e/branch7x7/Conv/weights:0 with shape (1, 1, 768, 192) and init <function _initializer at 0x7fb5443c9140>
INFO:tensorflow:Applied regularizer to mixed_17x17x768e/branch7x7/Conv/weights:0 and added the result mixed_17x17x768e/branch7x7/Conv/weights/Regularizer/L2Regularizer/value:0 to REGULARIZATION_LOSSES.
INFO:tensorflow:Created variable mixed_17x17x768e/branch7x7/Conv/BatchNorm/beta:0 with shape (192,) and init <function zeros_initializer at 0x7fb5614f7230>
INFO:tensorflow:Created variable mixed_17x17x768e/branch7x7/Conv/BatchNorm/moving_mean:0 with shape (192,) and init <function zeros_initializer at 0x7fb5614f7230>
INFO:tensorflow:Created variable mixed_17x17x768e/branch7x7/Conv/BatchNorm/moving_variance:0 with shape (192,) and init <function ones_initializer at 0x7fb561235f50>
INFO:tensorflow:Created variable mixed_17x17x768e/branch7x7/Conv_1/weights:0 with shape (1, 7, 192, 192) and init <function _initializer at 0x7fb5df93cf50>
INFO:tensorflow:Applied regularizer to mixed_17x17x768e/branch7x7/Conv_1/weights:0 and added the result mixed_17x17x768e/branch7x7/Conv_1/weights/Regularizer/L2Regularizer/value:0 to REGULARIZATION_LOSSES.
INFO:tensorflow:Created variable mixed_17x17x768e/branch7x7/Conv_1/BatchNorm/beta:0 with shape (192,) and init <function zeros_initializer at 0x7fb5614f7230>
INFO:tensorflow:Created variable mixed_17x17x768e/branch7x7/Conv_1/BatchNorm/moving_mean:0 with shape (192,) and init <function zeros_initializer at 0x7fb5614f7230>
INFO:tensorflow:Created variable mixed_17x17x768e/branch7x7/Conv_1/BatchNorm/moving_variance:0 with shape (192,) and init <function ones_initializer at 0x7fb561235f50>
INFO:tensorflow:Created variable mixed_17x17x768e/branch7x7/Conv_2/weights:0 with shape (7, 1, 192, 192) and init <function _initializer at 0x7fb5443c9140>
INFO:tensorflow:Applied regularizer to mixed_17x17x768e/branch7x7/Conv_2/weights:0 and added the result mixed_17x17x768e/branch7x7/Conv_2/weights/Regularizer/L2Regularizer/value:0 to REGULARIZATION_LOSSES.
INFO:tensorflow:Created variable mixed_17x17x768e/branch7x7/Conv_2/BatchNorm/beta:0 with shape (192,) and init <function zeros_initializer at 0x7fb5614f7230>
INFO:tensorflow:Created variable mixed_17x17x768e/branch7x7/Conv_2/BatchNorm/moving_mean:0 with shape (192,) and init <function zeros_initializer at 0x7fb5614f7230>
INFO:tensorflow:Created variable mixed_17x17x768e/branch7x7/Conv_2/BatchNorm/moving_variance:0 with shape (192,) and init <function ones_initializer at 0x7fb561235f50>
INFO:tensorflow:Created variable mixed_17x17x768e/branch7x7dbl/Conv/weights:0 with shape (1, 1, 768, 192) and init <function _initializer at 0x7fb5df93cf50>
INFO:tensorflow:Applied regularizer to mixed_17x17x768e/branch7x7dbl/Conv/weights:0 and added the result mixed_17x17x768e/branch7x7dbl/Conv/weights/Regularizer/L2Regularizer/value:0 to REGULARIZATION_LOSSES.
INFO:tensorflow:Created variable mixed_17x17x768e/branch7x7dbl/Conv/BatchNorm/beta:0 with shape (192,) and init <function zeros_initializer at 0x7fb5614f7230>
INFO:tensorflow:Created variable mixed_17x17x768e/branch7x7dbl/Conv/BatchNorm/moving_mean:0 with shape (192,) and init <function zeros_initializer at 0x7fb5614f7230>
INFO:tensorflow:Created variable mixed_17x17x768e/branch7x7dbl/Conv/BatchNorm/moving_variance:0 with shape (192,) and init <function ones_initializer at 0x7fb561235f50>
INFO:tensorflow:Created variable mixed_17x17x768e/branch7x7dbl/Conv_1/weights:0 with shape (7, 1, 192, 192) and init <function _initializer at 0x7fb5443c9140>
INFO:tensorflow:Applied regularizer to mixed_17x17x768e/branch7x7dbl/Conv_1/weights:0 and added the result mixed_17x17x768e/branch7x7dbl/Conv_1/weights/Regularizer/L2Regularizer/value:0 to REGULARIZATION_LOSSES.
INFO:tensorflow:Created variable mixed_17x17x768e/branch7x7dbl/Conv_1/BatchNorm/beta:0 with shape (192,) and init <function zeros_initializer at 0x7fb5614f7230>
INFO:tensorflow:Created variable mixed_17x17x768e/branch7x7dbl/Conv_1/BatchNorm/moving_mean:0 with shape (192,) and init <function zeros_initializer at 0x7fb5614f7230>
INFO:tensorflow:Created variable mixed_17x17x768e/branch7x7dbl/Conv_1/BatchNorm/moving_variance:0 with shape (192,) and init <function ones_initializer at 0x7fb561235f50>
INFO:tensorflow:Created variable mixed_17x17x768e/branch7x7dbl/Conv_2/weights:0 with shape (1, 7, 192, 192) and init <function _initializer at 0x7fb5df93cf50>
INFO:tensorflow:Applied regularizer to mixed_17x17x768e/branch7x7dbl/Conv_2/weights:0 and added the result mixed_17x17x768e/branch7x7dbl/Conv_2/weights/Regularizer/L2Regularizer/value:0 to REGULARIZATION_LOSSES.
INFO:tensorflow:Created variable mixed_17x17x768e/branch7x7dbl/Conv_2/BatchNorm/beta:0 with shape (192,) and init <function zeros_initializer at 0x7fb5614f7230>
INFO:tensorflow:Created variable mixed_17x17x768e/branch7x7dbl/Conv_2/BatchNorm/moving_mean:0 with shape (192,) and init <function zeros_initializer at 0x7fb5614f7230>
INFO:tensorflow:Created variable mixed_17x17x768e/branch7x7dbl/Conv_2/BatchNorm/moving_variance:0 with shape (192,) and init <function ones_initializer at 0x7fb561235f50>
INFO:tensorflow:Created variable mixed_17x17x768e/branch7x7dbl/Conv_3/weights:0 with shape (7, 1, 192, 192) and init <function _initializer at 0x7fb5443c9140>
INFO:tensorflow:Applied regularizer to mixed_17x17x768e/branch7x7dbl/Conv_3/weights:0 and added the result mixed_17x17x768e/branch7x7dbl/Conv_3/weights/Regularizer/L2Regularizer/value:0 to REGULARIZATION_LOSSES.
INFO:tensorflow:Created variable mixed_17x17x768e/branch7x7dbl/Conv_3/BatchNorm/beta:0 with shape (192,) and init <function zeros_initializer at 0x7fb5614f7230>
INFO:tensorflow:Created variable mixed_17x17x768e/branch7x7dbl/Conv_3/BatchNorm/moving_mean:0 with shape (192,) and init <function zeros_initializer at 0x7fb5614f7230>
INFO:tensorflow:Created variable mixed_17x17x768e/branch7x7dbl/Conv_3/BatchNorm/moving_variance:0 with shape (192,) and init <function ones_initializer at 0x7fb561235f50>
INFO:tensorflow:Created variable mixed_17x17x768e/branch7x7dbl/Conv_4/weights:0 with shape (1, 7, 192, 192) and init <function _initializer at 0x7fb5df93cf50>
INFO:tensorflow:Applied regularizer to mixed_17x17x768e/branch7x7dbl/Conv_4/weights:0 and added the result mixed_17x17x768e/branch7x7dbl/Conv_4/weights/Regularizer/L2Regularizer/value:0 to REGULARIZATION_LOSSES.
INFO:tensorflow:Created variable mixed_17x17x768e/branch7x7dbl/Conv_4/BatchNorm/beta:0 with shape (192,) and init <function zeros_initializer at 0x7fb5614f7230>
INFO:tensorflow:Created variable mixed_17x17x768e/branch7x7dbl/Conv_4/BatchNorm/moving_mean:0 with shape (192,) and init <function zeros_initializer at 0x7fb5614f7230>
INFO:tensorflow:Created variable mixed_17x17x768e/branch7x7dbl/Conv_4/BatchNorm/moving_variance:0 with shape (192,) and init <function ones_initializer at 0x7fb561235f50>
INFO:tensorflow:Created variable mixed_17x17x768e/branch_pool/Conv/weights:0 with shape (1, 1, 768, 192) and init <function _initializer at 0x7fb5443c9140>
INFO:tensorflow:Applied regularizer to mixed_17x17x768e/branch_pool/Conv/weights:0 and added the result mixed_17x17x768e/branch_pool/Conv/weights/Regularizer/L2Regularizer/value:0 to REGULARIZATION_LOSSES.
INFO:tensorflow:Created variable mixed_17x17x768e/branch_pool/Conv/BatchNorm/beta:0 with shape (192,) and init <function zeros_initializer at 0x7fb5614f7230>
INFO:tensorflow:Created variable mixed_17x17x768e/branch_pool/Conv/BatchNorm/moving_mean:0 with shape (192,) and init <function zeros_initializer at 0x7fb5614f7230>
INFO:tensorflow:Created variable mixed_17x17x768e/branch_pool/Conv/BatchNorm/moving_variance:0 with shape (192,) and init <function ones_initializer at 0x7fb561235f50>
INFO:tensorflow:Created variable aux_logits/proj/weights:0 with shape (1, 1, 768, 128) and init <function _initializer at 0x7fb5df93cf50>
INFO:tensorflow:Applied regularizer to aux_logits/proj/weights:0 and added the result aux_logits/proj/weights/Regularizer/L2Regularizer/value:0 to REGULARIZATION_LOSSES.
INFO:tensorflow:Created variable aux_logits/proj/BatchNorm/beta:0 with shape (128,) and init <function zeros_initializer at 0x7fb5614f7230>
INFO:tensorflow:Created variable aux_logits/proj/BatchNorm/moving_mean:0 with shape (128,) and init <function zeros_initializer at 0x7fb5614f7230>
INFO:tensorflow:Created variable aux_logits/proj/BatchNorm/moving_variance:0 with shape (128,) and init <function ones_initializer at 0x7fb561235f50>
INFO:tensorflow:Created variable aux_logits/Conv/weights:0 with shape (4, 4, 128, 768) and init <function _initializer at 0x7fb5443c9140>
INFO:tensorflow:Applied regularizer to aux_logits/Conv/weights:0 and added the result aux_logits/Conv/weights/Regularizer/L2Regularizer/value:0 to REGULARIZATION_LOSSES.
INFO:tensorflow:Created variable aux_logits/Conv/BatchNorm/beta:0 with shape (768,) and init <function zeros_initializer at 0x7fb5614f7230>
INFO:tensorflow:Created variable aux_logits/Conv/BatchNorm/moving_mean:0 with shape (768,) and init <function zeros_initializer at 0x7fb5614f7230>
INFO:tensorflow:Created variable aux_logits/Conv/BatchNorm/moving_variance:0 with shape (768,) and init <function ones_initializer at 0x7fb561235f50>
INFO:tensorflow:Created variable aux_logits/FC/weights:0 with shape (768, 9) and init <function _initializer at 0x7fb5df93cf50>
INFO:tensorflow:Applied regularizer to aux_logits/FC/weights:0 and added the result aux_logits/FC/weights/Regularizer/L2Regularizer/value:0 to REGULARIZATION_LOSSES.
INFO:tensorflow:Created variable aux_logits/FC/biases:0 with shape (9,) and init <function _initializer at 0x7fb4f87e3488>
INFO:tensorflow:Created variable mixed_17x17x1280a/branch3x3/Conv/weights:0 with shape (1, 1, 768, 192) and init <function _initializer at 0x7fb4f87e3488>
INFO:tensorflow:Applied regularizer to mixed_17x17x1280a/branch3x3/Conv/weights:0 and added the result mixed_17x17x1280a/branch3x3/Conv/weights/Regularizer/L2Regularizer/value:0 to REGULARIZATION_LOSSES.
INFO:tensorflow:Created variable mixed_17x17x1280a/branch3x3/Conv/BatchNorm/beta:0 with shape (192,) and init <function zeros_initializer at 0x7fb5614f7230>
INFO:tensorflow:Created variable mixed_17x17x1280a/branch3x3/Conv/BatchNorm/moving_mean:0 with shape (192,) and init <function zeros_initializer at 0x7fb5614f7230>
INFO:tensorflow:Created variable mixed_17x17x1280a/branch3x3/Conv/BatchNorm/moving_variance:0 with shape (192,) and init <function ones_initializer at 0x7fb561235f50>
INFO:tensorflow:Created variable mixed_17x17x1280a/branch3x3/Conv_1/weights:0 with shape (3, 3, 192, 320) and init <function _initializer at 0x7fb5443c9140>
INFO:tensorflow:Applied regularizer to mixed_17x17x1280a/branch3x3/Conv_1/weights:0 and added the result mixed_17x17x1280a/branch3x3/Conv_1/weights/Regularizer/L2Regularizer/value:0 to REGULARIZATION_LOSSES.
INFO:tensorflow:Created variable mixed_17x17x1280a/branch3x3/Conv_1/BatchNorm/beta:0 with shape (320,) and init <function zeros_initializer at 0x7fb5614f7230>
INFO:tensorflow:Created variable mixed_17x17x1280a/branch3x3/Conv_1/BatchNorm/moving_mean:0 with shape (320,) and init <function zeros_initializer at 0x7fb5614f7230>
INFO:tensorflow:Created variable mixed_17x17x1280a/branch3x3/Conv_1/BatchNorm/moving_variance:0 with shape (320,) and init <function ones_initializer at 0x7fb561235f50>
INFO:tensorflow:Created variable mixed_17x17x1280a/branch7x7x3/Conv/weights:0 with shape (1, 1, 768, 192) and init <function _initializer at 0x7fb4f87e3488>
INFO:tensorflow:Applied regularizer to mixed_17x17x1280a/branch7x7x3/Conv/weights:0 and added the result mixed_17x17x1280a/branch7x7x3/Conv/weights/Regularizer/L2Regularizer/value:0 to REGULARIZATION_LOSSES.
INFO:tensorflow:Created variable mixed_17x17x1280a/branch7x7x3/Conv/BatchNorm/beta:0 with shape (192,) and init <function zeros_initializer at 0x7fb5614f7230>
INFO:tensorflow:Created variable mixed_17x17x1280a/branch7x7x3/Conv/BatchNorm/moving_mean:0 with shape (192,) and init <function zeros_initializer at 0x7fb5614f7230>
INFO:tensorflow:Created variable mixed_17x17x1280a/branch7x7x3/Conv/BatchNorm/moving_variance:0 with shape (192,) and init <function ones_initializer at 0x7fb561235f50>
INFO:tensorflow:Created variable mixed_17x17x1280a/branch7x7x3/Conv_1/weights:0 with shape (1, 7, 192, 192) and init <function _initializer at 0x7fb5443c9140>
INFO:tensorflow:Applied regularizer to mixed_17x17x1280a/branch7x7x3/Conv_1/weights:0 and added the result mixed_17x17x1280a/branch7x7x3/Conv_1/weights/Regularizer/L2Regularizer/value:0 to REGULARIZATION_LOSSES.
INFO:tensorflow:Created variable mixed_17x17x1280a/branch7x7x3/Conv_1/BatchNorm/beta:0 with shape (192,) and init <function zeros_initializer at 0x7fb5614f7230>
INFO:tensorflow:Created variable mixed_17x17x1280a/branch7x7x3/Conv_1/BatchNorm/moving_mean:0 with shape (192,) and init <function zeros_initializer at 0x7fb5614f7230>
INFO:tensorflow:Created variable mixed_17x17x1280a/branch7x7x3/Conv_1/BatchNorm/moving_variance:0 with shape (192,) and init <function ones_initializer at 0x7fb561235f50>
INFO:tensorflow:Created variable mixed_17x17x1280a/branch7x7x3/Conv_2/weights:0 with shape (7, 1, 192, 192) and init <function _initializer at 0x7fb4f87e3488>
INFO:tensorflow:Applied regularizer to mixed_17x17x1280a/branch7x7x3/Conv_2/weights:0 and added the result mixed_17x17x1280a/branch7x7x3/Conv_2/weights/Regularizer/L2Regularizer/value:0 to REGULARIZATION_LOSSES.
INFO:tensorflow:Created variable mixed_17x17x1280a/branch7x7x3/Conv_2/BatchNorm/beta:0 with shape (192,) and init <function zeros_initializer at 0x7fb5614f7230>
INFO:tensorflow:Created variable mixed_17x17x1280a/branch7x7x3/Conv_2/BatchNorm/moving_mean:0 with shape (192,) and init <function zeros_initializer at 0x7fb5614f7230>
INFO:tensorflow:Created variable mixed_17x17x1280a/branch7x7x3/Conv_2/BatchNorm/moving_variance:0 with shape (192,) and init <function ones_initializer at 0x7fb561235f50>
INFO:tensorflow:Created variable mixed_17x17x1280a/branch7x7x3/Conv_3/weights:0 with shape (3, 3, 192, 192) and init <function _initializer at 0x7fb5443c9140>
INFO:tensorflow:Applied regularizer to mixed_17x17x1280a/branch7x7x3/Conv_3/weights:0 and added the result mixed_17x17x1280a/branch7x7x3/Conv_3/weights/Regularizer/L2Regularizer/value:0 to REGULARIZATION_LOSSES.
INFO:tensorflow:Created variable mixed_17x17x1280a/branch7x7x3/Conv_3/BatchNorm/beta:0 with shape (192,) and init <function zeros_initializer at 0x7fb5614f7230>
INFO:tensorflow:Created variable mixed_17x17x1280a/branch7x7x3/Conv_3/BatchNorm/moving_mean:0 with shape (192,) and init <function zeros_initializer at 0x7fb5614f7230>
INFO:tensorflow:Created variable mixed_17x17x1280a/branch7x7x3/Conv_3/BatchNorm/moving_variance:0 with shape (192,) and init <function ones_initializer at 0x7fb561235f50>
INFO:tensorflow:Created variable mixed_8x8x2048a/branch1x1/Conv/weights:0 with shape (1, 1, 1280, 320) and init <function _initializer at 0x7fb4f87e3488>
INFO:tensorflow:Applied regularizer to mixed_8x8x2048a/branch1x1/Conv/weights:0 and added the result mixed_8x8x2048a/branch1x1/Conv/weights/Regularizer/L2Regularizer/value:0 to REGULARIZATION_LOSSES.
INFO:tensorflow:Created variable mixed_8x8x2048a/branch1x1/Conv/BatchNorm/beta:0 with shape (320,) and init <function zeros_initializer at 0x7fb5614f7230>
INFO:tensorflow:Created variable mixed_8x8x2048a/branch1x1/Conv/BatchNorm/moving_mean:0 with shape (320,) and init <function zeros_initializer at 0x7fb5614f7230>
INFO:tensorflow:Created variable mixed_8x8x2048a/branch1x1/Conv/BatchNorm/moving_variance:0 with shape (320,) and init <function ones_initializer at 0x7fb561235f50>
INFO:tensorflow:Created variable mixed_8x8x2048a/branch3x3/Conv/weights:0 with shape (1, 1, 1280, 384) and init <function _initializer at 0x7fb5443c9140>
INFO:tensorflow:Applied regularizer to mixed_8x8x2048a/branch3x3/Conv/weights:0 and added the result mixed_8x8x2048a/branch3x3/Conv/weights/Regularizer/L2Regularizer/value:0 to REGULARIZATION_LOSSES.
INFO:tensorflow:Created variable mixed_8x8x2048a/branch3x3/Conv/BatchNorm/beta:0 with shape (384,) and init <function zeros_initializer at 0x7fb5614f7230>
INFO:tensorflow:Created variable mixed_8x8x2048a/branch3x3/Conv/BatchNorm/moving_mean:0 with shape (384,) and init <function zeros_initializer at 0x7fb5614f7230>
INFO:tensorflow:Created variable mixed_8x8x2048a/branch3x3/Conv/BatchNorm/moving_variance:0 with shape (384,) and init <function ones_initializer at 0x7fb561235f50>
INFO:tensorflow:Created variable mixed_8x8x2048a/branch3x3/Conv_1/weights:0 with shape (1, 3, 384, 384) and init <function _initializer at 0x7fb4f87e3488>
INFO:tensorflow:Applied regularizer to mixed_8x8x2048a/branch3x3/Conv_1/weights:0 and added the result mixed_8x8x2048a/branch3x3/Conv_1/weights/Regularizer/L2Regularizer/value:0 to REGULARIZATION_LOSSES.
INFO:tensorflow:Created variable mixed_8x8x2048a/branch3x3/Conv_1/BatchNorm/beta:0 with shape (384,) and init <function zeros_initializer at 0x7fb5614f7230>
INFO:tensorflow:Created variable mixed_8x8x2048a/branch3x3/Conv_1/BatchNorm/moving_mean:0 with shape (384,) and init <function zeros_initializer at 0x7fb5614f7230>
INFO:tensorflow:Created variable mixed_8x8x2048a/branch3x3/Conv_1/BatchNorm/moving_variance:0 with shape (384,) and init <function ones_initializer at 0x7fb561235f50>
INFO:tensorflow:Created variable mixed_8x8x2048a/branch3x3/Conv_2/weights:0 with shape (3, 1, 384, 384) and init <function _initializer at 0x7fb5443c9140>
INFO:tensorflow:Applied regularizer to mixed_8x8x2048a/branch3x3/Conv_2/weights:0 and added the result mixed_8x8x2048a/branch3x3/Conv_2/weights/Regularizer/L2Regularizer/value:0 to REGULARIZATION_LOSSES.
INFO:tensorflow:Created variable mixed_8x8x2048a/branch3x3/Conv_2/BatchNorm/beta:0 with shape (384,) and init <function zeros_initializer at 0x7fb5614f7230>
INFO:tensorflow:Created variable mixed_8x8x2048a/branch3x3/Conv_2/BatchNorm/moving_mean:0 with shape (384,) and init <function zeros_initializer at 0x7fb5614f7230>
INFO:tensorflow:Created variable mixed_8x8x2048a/branch3x3/Conv_2/BatchNorm/moving_variance:0 with shape (384,) and init <function ones_initializer at 0x7fb561235f50>
INFO:tensorflow:Created variable mixed_8x8x2048a/branch3x3dbl/Conv/weights:0 with shape (1, 1, 1280, 448) and init <function _initializer at 0x7fb4f87e3488>
INFO:tensorflow:Applied regularizer to mixed_8x8x2048a/branch3x3dbl/Conv/weights:0 and added the result mixed_8x8x2048a/branch3x3dbl/Conv/weights/Regularizer/L2Regularizer/value:0 to REGULARIZATION_LOSSES.
INFO:tensorflow:Created variable mixed_8x8x2048a/branch3x3dbl/Conv/BatchNorm/beta:0 with shape (448,) and init <function zeros_initializer at 0x7fb5614f7230>
INFO:tensorflow:Created variable mixed_8x8x2048a/branch3x3dbl/Conv/BatchNorm/moving_mean:0 with shape (448,) and init <function zeros_initializer at 0x7fb5614f7230>
INFO:tensorflow:Created variable mixed_8x8x2048a/branch3x3dbl/Conv/BatchNorm/moving_variance:0 with shape (448,) and init <function ones_initializer at 0x7fb561235f50>
INFO:tensorflow:Created variable mixed_8x8x2048a/branch3x3dbl/Conv_1/weights:0 with shape (3, 3, 448, 384) and init <function _initializer at 0x7fb5443c9140>
INFO:tensorflow:Applied regularizer to mixed_8x8x2048a/branch3x3dbl/Conv_1/weights:0 and added the result mixed_8x8x2048a/branch3x3dbl/Conv_1/weights/Regularizer/L2Regularizer/value:0 to REGULARIZATION_LOSSES.
INFO:tensorflow:Created variable mixed_8x8x2048a/branch3x3dbl/Conv_1/BatchNorm/beta:0 with shape (384,) and init <function zeros_initializer at 0x7fb5614f7230>
INFO:tensorflow:Created variable mixed_8x8x2048a/branch3x3dbl/Conv_1/BatchNorm/moving_mean:0 with shape (384,) and init <function zeros_initializer at 0x7fb5614f7230>
INFO:tensorflow:Created variable mixed_8x8x2048a/branch3x3dbl/Conv_1/BatchNorm/moving_variance:0 with shape (384,) and init <function ones_initializer at 0x7fb561235f50>
INFO:tensorflow:Created variable mixed_8x8x2048a/branch3x3dbl/Conv_2/weights:0 with shape (1, 3, 384, 384) and init <function _initializer at 0x7fb4f87e3488>
INFO:tensorflow:Applied regularizer to mixed_8x8x2048a/branch3x3dbl/Conv_2/weights:0 and added the result mixed_8x8x2048a/branch3x3dbl/Conv_2/weights/Regularizer/L2Regularizer/value:0 to REGULARIZATION_LOSSES.
INFO:tensorflow:Created variable mixed_8x8x2048a/branch3x3dbl/Conv_2/BatchNorm/beta:0 with shape (384,) and init <function zeros_initializer at 0x7fb5614f7230>
INFO:tensorflow:Created variable mixed_8x8x2048a/branch3x3dbl/Conv_2/BatchNorm/moving_mean:0 with shape (384,) and init <function zeros_initializer at 0x7fb5614f7230>
INFO:tensorflow:Created variable mixed_8x8x2048a/branch3x3dbl/Conv_2/BatchNorm/moving_variance:0 with shape (384,) and init <function ones_initializer at 0x7fb561235f50>
INFO:tensorflow:Created variable mixed_8x8x2048a/branch3x3dbl/Conv_3/weights:0 with shape (3, 1, 384, 384) and init <function _initializer at 0x7fb5443c9140>
INFO:tensorflow:Applied regularizer to mixed_8x8x2048a/branch3x3dbl/Conv_3/weights:0 and added the result mixed_8x8x2048a/branch3x3dbl/Conv_3/weights/Regularizer/L2Regularizer/value:0 to REGULARIZATION_LOSSES.
INFO:tensorflow:Created variable mixed_8x8x2048a/branch3x3dbl/Conv_3/BatchNorm/beta:0 with shape (384,) and init <function zeros_initializer at 0x7fb5614f7230>
INFO:tensorflow:Created variable mixed_8x8x2048a/branch3x3dbl/Conv_3/BatchNorm/moving_mean:0 with shape (384,) and init <function zeros_initializer at 0x7fb5614f7230>
INFO:tensorflow:Created variable mixed_8x8x2048a/branch3x3dbl/Conv_3/BatchNorm/moving_variance:0 with shape (384,) and init <function ones_initializer at 0x7fb561235f50>
INFO:tensorflow:Created variable mixed_8x8x2048a/branch_pool/Conv/weights:0 with shape (1, 1, 1280, 192) and init <function _initializer at 0x7fb4f87e3488>
INFO:tensorflow:Applied regularizer to mixed_8x8x2048a/branch_pool/Conv/weights:0 and added the result mixed_8x8x2048a/branch_pool/Conv/weights/Regularizer/L2Regularizer/value:0 to REGULARIZATION_LOSSES.
INFO:tensorflow:Created variable mixed_8x8x2048a/branch_pool/Conv/BatchNorm/beta:0 with shape (192,) and init <function zeros_initializer at 0x7fb5614f7230>
INFO:tensorflow:Created variable mixed_8x8x2048a/branch_pool/Conv/BatchNorm/moving_mean:0 with shape (192,) and init <function zeros_initializer at 0x7fb5614f7230>
INFO:tensorflow:Created variable mixed_8x8x2048a/branch_pool/Conv/BatchNorm/moving_variance:0 with shape (192,) and init <function ones_initializer at 0x7fb561235f50>
INFO:tensorflow:Created variable mixed_8x8x2048b/branch1x1/Conv/weights:0 with shape (1, 1, 2048, 320) and init <function _initializer at 0x7fb5443c9140>
INFO:tensorflow:Applied regularizer to mixed_8x8x2048b/branch1x1/Conv/weights:0 and added the result mixed_8x8x2048b/branch1x1/Conv/weights/Regularizer/L2Regularizer/value:0 to REGULARIZATION_LOSSES.
INFO:tensorflow:Created variable mixed_8x8x2048b/branch1x1/Conv/BatchNorm/beta:0 with shape (320,) and init <function zeros_initializer at 0x7fb5614f7230>
INFO:tensorflow:Created variable mixed_8x8x2048b/branch1x1/Conv/BatchNorm/moving_mean:0 with shape (320,) and init <function zeros_initializer at 0x7fb5614f7230>
INFO:tensorflow:Created variable mixed_8x8x2048b/branch1x1/Conv/BatchNorm/moving_variance:0 with shape (320,) and init <function ones_initializer at 0x7fb561235f50>
INFO:tensorflow:Created variable mixed_8x8x2048b/branch3x3/Conv/weights:0 with shape (1, 1, 2048, 384) and init <function _initializer at 0x7fb4f87e3488>
INFO:tensorflow:Applied regularizer to mixed_8x8x2048b/branch3x3/Conv/weights:0 and added the result mixed_8x8x2048b/branch3x3/Conv/weights/Regularizer/L2Regularizer/value:0 to REGULARIZATION_LOSSES.
INFO:tensorflow:Created variable mixed_8x8x2048b/branch3x3/Conv/BatchNorm/beta:0 with shape (384,) and init <function zeros_initializer at 0x7fb5614f7230>
INFO:tensorflow:Created variable mixed_8x8x2048b/branch3x3/Conv/BatchNorm/moving_mean:0 with shape (384,) and init <function zeros_initializer at 0x7fb5614f7230>
INFO:tensorflow:Created variable mixed_8x8x2048b/branch3x3/Conv/BatchNorm/moving_variance:0 with shape (384,) and init <function ones_initializer at 0x7fb561235f50>
INFO:tensorflow:Created variable mixed_8x8x2048b/branch3x3/Conv_1/weights:0 with shape (1, 3, 384, 384) and init <function _initializer at 0x7fb5443c9140>
INFO:tensorflow:Applied regularizer to mixed_8x8x2048b/branch3x3/Conv_1/weights:0 and added the result mixed_8x8x2048b/branch3x3/Conv_1/weights/Regularizer/L2Regularizer/value:0 to REGULARIZATION_LOSSES.
INFO:tensorflow:Created variable mixed_8x8x2048b/branch3x3/Conv_1/BatchNorm/beta:0 with shape (384,) and init <function zeros_initializer at 0x7fb5614f7230>
INFO:tensorflow:Created variable mixed_8x8x2048b/branch3x3/Conv_1/BatchNorm/moving_mean:0 with shape (384,) and init <function zeros_initializer at 0x7fb5614f7230>
INFO:tensorflow:Created variable mixed_8x8x2048b/branch3x3/Conv_1/BatchNorm/moving_variance:0 with shape (384,) and init <function ones_initializer at 0x7fb561235f50>
INFO:tensorflow:Created variable mixed_8x8x2048b/branch3x3/Conv_2/weights:0 with shape (3, 1, 384, 384) and init <function _initializer at 0x7fb4f87e3488>
INFO:tensorflow:Applied regularizer to mixed_8x8x2048b/branch3x3/Conv_2/weights:0 and added the result mixed_8x8x2048b/branch3x3/Conv_2/weights/Regularizer/L2Regularizer/value:0 to REGULARIZATION_LOSSES.
INFO:tensorflow:Created variable mixed_8x8x2048b/branch3x3/Conv_2/BatchNorm/beta:0 with shape (384,) and init <function zeros_initializer at 0x7fb5614f7230>
INFO:tensorflow:Created variable mixed_8x8x2048b/branch3x3/Conv_2/BatchNorm/moving_mean:0 with shape (384,) and init <function zeros_initializer at 0x7fb5614f7230>
INFO:tensorflow:Created variable mixed_8x8x2048b/branch3x3/Conv_2/BatchNorm/moving_variance:0 with shape (384,) and init <function ones_initializer at 0x7fb561235f50>
INFO:tensorflow:Created variable mixed_8x8x2048b/branch3x3dbl/Conv/weights:0 with shape (1, 1, 2048, 448) and init <function _initializer at 0x7fb5443c9140>
INFO:tensorflow:Applied regularizer to mixed_8x8x2048b/branch3x3dbl/Conv/weights:0 and added the result mixed_8x8x2048b/branch3x3dbl/Conv/weights/Regularizer/L2Regularizer/value:0 to REGULARIZATION_LOSSES.
INFO:tensorflow:Created variable mixed_8x8x2048b/branch3x3dbl/Conv/BatchNorm/beta:0 with shape (448,) and init <function zeros_initializer at 0x7fb5614f7230>
INFO:tensorflow:Created variable mixed_8x8x2048b/branch3x3dbl/Conv/BatchNorm/moving_mean:0 with shape (448,) and init <function zeros_initializer at 0x7fb5614f7230>
INFO:tensorflow:Created variable mixed_8x8x2048b/branch3x3dbl/Conv/BatchNorm/moving_variance:0 with shape (448,) and init <function ones_initializer at 0x7fb561235f50>
INFO:tensorflow:Created variable mixed_8x8x2048b/branch3x3dbl/Conv_1/weights:0 with shape (3, 3, 448, 384) and init <function _initializer at 0x7fb4f87e3488>
INFO:tensorflow:Applied regularizer to mixed_8x8x2048b/branch3x3dbl/Conv_1/weights:0 and added the result mixed_8x8x2048b/branch3x3dbl/Conv_1/weights/Regularizer/L2Regularizer/value:0 to REGULARIZATION_LOSSES.
INFO:tensorflow:Created variable mixed_8x8x2048b/branch3x3dbl/Conv_1/BatchNorm/beta:0 with shape (384,) and init <function zeros_initializer at 0x7fb5614f7230>
INFO:tensorflow:Created variable mixed_8x8x2048b/branch3x3dbl/Conv_1/BatchNorm/moving_mean:0 with shape (384,) and init <function zeros_initializer at 0x7fb5614f7230>
INFO:tensorflow:Created variable mixed_8x8x2048b/branch3x3dbl/Conv_1/BatchNorm/moving_variance:0 with shape (384,) and init <function ones_initializer at 0x7fb561235f50>
INFO:tensorflow:Created variable mixed_8x8x2048b/branch3x3dbl/Conv_2/weights:0 with shape (1, 3, 384, 384) and init <function _initializer at 0x7fb5443c9140>
INFO:tensorflow:Applied regularizer to mixed_8x8x2048b/branch3x3dbl/Conv_2/weights:0 and added the result mixed_8x8x2048b/branch3x3dbl/Conv_2/weights/Regularizer/L2Regularizer/value:0 to REGULARIZATION_LOSSES.
INFO:tensorflow:Created variable mixed_8x8x2048b/branch3x3dbl/Conv_2/BatchNorm/beta:0 with shape (384,) and init <function zeros_initializer at 0x7fb5614f7230>
INFO:tensorflow:Created variable mixed_8x8x2048b/branch3x3dbl/Conv_2/BatchNorm/moving_mean:0 with shape (384,) and init <function zeros_initializer at 0x7fb5614f7230>
INFO:tensorflow:Created variable mixed_8x8x2048b/branch3x3dbl/Conv_2/BatchNorm/moving_variance:0 with shape (384,) and init <function ones_initializer at 0x7fb561235f50>
INFO:tensorflow:Created variable mixed_8x8x2048b/branch3x3dbl/Conv_3/weights:0 with shape (3, 1, 384, 384) and init <function _initializer at 0x7fb4f87e3488>
INFO:tensorflow:Applied regularizer to mixed_8x8x2048b/branch3x3dbl/Conv_3/weights:0 and added the result mixed_8x8x2048b/branch3x3dbl/Conv_3/weights/Regularizer/L2Regularizer/value:0 to REGULARIZATION_LOSSES.
INFO:tensorflow:Created variable mixed_8x8x2048b/branch3x3dbl/Conv_3/BatchNorm/beta:0 with shape (384,) and init <function zeros_initializer at 0x7fb5614f7230>
INFO:tensorflow:Created variable mixed_8x8x2048b/branch3x3dbl/Conv_3/BatchNorm/moving_mean:0 with shape (384,) and init <function zeros_initializer at 0x7fb5614f7230>
INFO:tensorflow:Created variable mixed_8x8x2048b/branch3x3dbl/Conv_3/BatchNorm/moving_variance:0 with shape (384,) and init <function ones_initializer at 0x7fb561235f50>
INFO:tensorflow:Created variable mixed_8x8x2048b/branch_pool/Conv/weights:0 with shape (1, 1, 2048, 192) and init <function _initializer at 0x7fb5443c9140>
INFO:tensorflow:Applied regularizer to mixed_8x8x2048b/branch_pool/Conv/weights:0 and added the result mixed_8x8x2048b/branch_pool/Conv/weights/Regularizer/L2Regularizer/value:0 to REGULARIZATION_LOSSES.
INFO:tensorflow:Created variable mixed_8x8x2048b/branch_pool/Conv/BatchNorm/beta:0 with shape (192,) and init <function zeros_initializer at 0x7fb5614f7230>
INFO:tensorflow:Created variable mixed_8x8x2048b/branch_pool/Conv/BatchNorm/moving_mean:0 with shape (192,) and init <function zeros_initializer at 0x7fb5614f7230>
INFO:tensorflow:Created variable mixed_8x8x2048b/branch_pool/Conv/BatchNorm/moving_variance:0 with shape (192,) and init <function ones_initializer at 0x7fb561235f50>
INFO:tensorflow:Created variable logits/logits/weights:0 with shape (2048, 9) and init <function _initializer at 0x7fb4ec09fc08>
INFO:tensorflow:Applied regularizer to logits/logits/weights:0 and added the result logits/logits/weights/Regularizer/L2Regularizer/value:0 to REGULARIZATION_LOSSES.
INFO:tensorflow:Created variable logits/logits/biases:0 with shape (9,) and init <function _initializer at 0x7fb5443c9140>
INFO:tensorflow:Sync mode!!!!!!
INFO:tensorflow:Compute groups : 4
INFO:tensorflow:SyncReplicas enabled: replicas_to_aggregate=4; total_num_replicas=4
INFO:tensorflow:2016-07-17 20:44:40.528472 Supervisor
INFO:tensorflow:got sessions!
INFO:tensorflow:Started 2 queues for processing input data.
I tensorflow/core/common_runtime/gpu/pool_allocator.cc:244] PoolAllocator: After 3859 get requests, put_count=2172 evicted_count=1000 eviction_rate=0.460405 and unsatisfied allocation rate=0.722208
I tensorflow/core/common_runtime/gpu/pool_allocator.cc:256] Raising pool_size_limit_ from 100 to 110
INFO:tensorflow:Step: 399, Accuracy: 0.359375, Loss: 5.148974
INFO:tensorflow:Worker 3: 2016-07-17 20:45:07.666112: step 399, loss = 5.15(12.1 examples/sec; 5.278  sec/batch)
INFO:tensorflow:Step: 401, Accuracy: 0.640625, Loss: 5.150635
INFO:tensorflow:Step: 403, Accuracy: 0.375000, Loss: 5.052149
INFO:tensorflow:Step: 405, Accuracy: 0.593750, Loss: 5.508105
INFO:tensorflow:Worker 3: 2016-07-17 20:45:18.541749: step 405, loss = 5.51(25.0 examples/sec; 2.555  sec/batch)
I tensorflow/core/common_runtime/gpu/pool_allocator.cc:244] PoolAllocator: After 3956 get requests, put_count=3284 evicted_count=2000 eviction_rate=0.609013 and unsatisfied allocation rate=0.678716
I tensorflow/core/common_runtime/gpu/pool_allocator.cc:256] Raising pool_size_limit_ from 146 to 160
INFO:tensorflow:Step: 406, Accuracy: 0.578125, Loss: 5.280432
INFO:tensorflow:Step: 408, Accuracy: 0.640625, Loss: 5.339925
INFO:tensorflow:Worker 3: 2016-07-17 20:45:24.934009: step 408, loss = 5.34(25.1 examples/sec; 2.552  sec/batch)
INFO:tensorflow:Step: 410, Accuracy: 0.703125, Loss: 5.223347
I tensorflow/core/common_runtime/gpu/pool_allocator.cc:244] PoolAllocator: After 0 get requests, put_count=2019 evicted_count=2000 eviction_rate=0.990589 and unsatisfied allocation rate=0
INFO:tensorflow:Step: 412, Accuracy: 0.703125, Loss: 5.500348
INFO:tensorflow:Step: 414, Accuracy: 0.578125, Loss: 5.514980
INFO:tensorflow:Worker 3: 2016-07-17 20:45:34.542724: step 414, loss = 5.51(25.7 examples/sec; 2.487  sec/batch)
INFO:tensorflow:Step: 416, Accuracy: 0.500000, Loss: 5.360712
INFO:tensorflow:Step: 418, Accuracy: 0.593750, Loss: 5.295969
I tensorflow/core/common_runtime/gpu/pool_allocator.cc:244] PoolAllocator: After 0 get requests, put_count=2028 evicted_count=2000 eviction_rate=0.986193 and unsatisfied allocation rate=0
INFO:tensorflow:Step: 420, Accuracy: 0.546875, Loss: 5.210859
INFO:tensorflow:Worker 3: 2016-07-17 20:45:44.262504: step 420, loss = 5.21(27.6 examples/sec; 2.316  sec/batch)
INFO:tensorflow:Step: 422, Accuracy: 0.546875, Loss: 5.212825
INFO:tensorflow:Step: 425, Accuracy: 0.546875, Loss: 5.416751
INFO:tensorflow:Step: 427, Accuracy: 0.546875, Loss: 5.126450
I tensorflow/core/common_runtime/gpu/pool_allocator.cc:244] PoolAllocator: After 0 get requests, put_count=2040 evicted_count=2000 eviction_rate=0.980392 and unsatisfied allocation rate=0
INFO:tensorflow:Step: 431, Accuracy: 0.578125, Loss: 5.314820
INFO:tensorflow:Step: 436, Accuracy: 0.562500, Loss: 5.159520
INFO:tensorflow:Step: 439, Accuracy: 0.578125, Loss: 5.110542
INFO:tensorflow:Step: 443, Accuracy: 0.640625, Loss: 5.292637
INFO:tensorflow:Step: 447, Accuracy: 0.546875, Loss: 5.256176
INFO:tensorflow:Worker 3: 2016-07-17 20:46:36.597465: step 447, loss = 5.26(11.4 examples/sec; 5.619  sec/batch)
I tensorflow/core/common_runtime/gpu/pool_allocator.cc:244] PoolAllocator: After 0 get requests, put_count=1065 evicted_count=1000 eviction_rate=0.938967 and unsatisfied allocation rate=0
INFO:tensorflow:Step: 452, Accuracy: 0.609375, Loss: 5.509398
INFO:tensorflow:Step: 456, Accuracy: 0.625000, Loss: 5.213993
INFO:tensorflow:Worker 3: 2016-07-17 20:46:53.643512: step 456, loss = 5.21(10.2 examples/sec; 6.298  sec/batch)
INFO:tensorflow:Step: 461, Accuracy: 0.609375, Loss: 5.444218
INFO:tensorflow:Step: 465, Accuracy: 0.703125, Loss: 5.117952
INFO:tensorflow:Worker 3: 2016-07-17 20:47:07.768990: step 465, loss = 5.12(10.3 examples/sec; 6.184  sec/batch)
INFO:tensorflow:Step: 470, Accuracy: 0.578125, Loss: 5.119110
I tensorflow/core/common_runtime/gpu/pool_allocator.cc:244] PoolAllocator: After 0 get requests, put_count=1105 evicted_count=1000 eviction_rate=0.904977 and unsatisfied allocation rate=0
INFO:tensorflow:Step: 474, Accuracy: 0.562500, Loss: 5.145697
INFO:tensorflow:Worker 3: 2016-07-17 20:47:22.036530: step 474, loss = 5.15(14.3 examples/sec; 4.476  sec/batch)
INFO:tensorflow:Step: 479, Accuracy: 0.593750, Loss: 5.456856
INFO:tensorflow:Step: 483, Accuracy: 0.562500, Loss: 5.126872
INFO:tensorflow:Worker 3: 2016-07-17 20:47:41.869597: step 483, loss = 5.13(7.8 examples/sec; 8.233  sec/batch)
INFO:tensorflow:Step: 487, Accuracy: 0.578125, Loss: 5.343439
INFO:tensorflow:Step: 491, Accuracy: 0.546875, Loss: 5.400431
INFO:tensorflow:Step: 495, Accuracy: 0.640625, Loss: 5.344205
INFO:tensorflow:Worker 3: 2016-07-17 20:48:04.511236: step 495, loss = 5.34(9.4 examples/sec; 6.841  sec/batch)
INFO:tensorflow:Step: 501, Accuracy: 0.625000, Loss: 5.223886
INFO:tensorflow:Worker 3: 2016-07-17 20:48:11.947373: step 501, loss = 5.22(10.9 examples/sec; 5.891  sec/batch)
INFO:tensorflow:Step: 505, Accuracy: 0.484375, Loss: 5.269923
INFO:tensorflow:Step: 510, Accuracy: 0.625000, Loss: 5.465946
INFO:tensorflow:Worker 3: 2016-07-17 20:48:27.600380: step 510, loss = 5.47(8.7 examples/sec; 7.392  sec/batch)
INFO:tensorflow:Step: 515, Accuracy: 0.562500, Loss: 5.300297
INFO:tensorflow:Step: 518, Accuracy: 0.515625, Loss: 5.486690
INFO:tensorflow:Step: 522, Accuracy: 0.640625, Loss: 5.193145
INFO:tensorflow:Worker 3: 2016-07-17 20:48:45.971837: step 522, loss = 5.19(15.8 examples/sec; 4.047  sec/batch)
INFO:tensorflow:Step: 526, Accuracy: 0.562500, Loss: 5.347319
I tensorflow/core/common_runtime/gpu/pool_allocator.cc:244] PoolAllocator: After 11868 get requests, put_count=12171 evicted_count=1000 eviction_rate=0.0821625 and unsatisfied allocation rate=0.0776879
I tensorflow/core/common_runtime/gpu/pool_allocator.cc:256] Raising pool_size_limit_ from 2478 to 2725
INFO:tensorflow:Step: 529, Accuracy: 0.500000, Loss: 5.077601
INFO:tensorflow:Step: 532, Accuracy: 0.671875, Loss: 5.188558
INFO:tensorflow:Step: 537, Accuracy: 0.578125, Loss: 5.155981
INFO:tensorflow:Worker 3: 2016-07-17 20:49:12.459293: step 537, loss = 5.16(11.3 examples/sec; 5.681  sec/batch)
INFO:tensorflow:Step: 541, Accuracy: 0.671875, Loss: 5.168118
INFO:tensorflow:Step: 545, Accuracy: 0.640625, Loss: 5.109475
INFO:tensorflow:Step: 548, Accuracy: 0.609375, Loss: 5.149667
INFO:tensorflow:Step: 552, Accuracy: 0.640625, Loss: 5.087103
INFO:tensorflow:Worker 3: 2016-07-17 20:49:38.656633: step 552, loss = 5.09(12.6 examples/sec; 5.093  sec/batch)
INFO:tensorflow:Step: 557, Accuracy: 0.531250, Loss: 4.993190
INFO:tensorflow:Step: 561, Accuracy: 0.640625, Loss: 5.243247
INFO:tensorflow:Worker 3: 2016-07-17 20:49:53.085532: step 561, loss = 5.24(10.9 examples/sec; 5.898  sec/batch)
INFO:tensorflow:Step: 565, Accuracy: 0.656250, Loss: 5.362257
INFO:tensorflow:Step: 570, Accuracy: 0.640625, Loss: 5.058537
INFO:tensorflow:Worker 3: 2016-07-17 20:50:07.353175: step 570, loss = 5.06(11.8 examples/sec; 5.436  sec/batch)
INFO:tensorflow:Step: 574, Accuracy: 0.593750, Loss: 5.246275
INFO:tensorflow:Step: 578, Accuracy: 0.609375, Loss: 5.158714
INFO:tensorflow:Step: 583, Accuracy: 0.656250, Loss: 5.397521
INFO:tensorflow:Step: 587, Accuracy: 0.546875, Loss: 5.179607
INFO:tensorflow:Step: 592, Accuracy: 0.531250, Loss: 5.485532
INFO:tensorflow:Step: 597, Accuracy: 0.546875, Loss: 5.338807
INFO:tensorflow:Worker 3: 2016-07-17 20:50:48.231105: step 597, loss = 5.34(9.7 examples/sec; 6.580  sec/batch)
INFO:tensorflow:Step: 601, Accuracy: 0.671875, Loss: 5.454094
INFO:tensorflow:Step: 606, Accuracy: 0.546875, Loss: 5.025488
INFO:tensorflow:Worker 3: 2016-07-17 20:51:01.993767: step 606, loss = 5.03(12.9 examples/sec; 4.963  sec/batch)
INFO:tensorflow:Step: 611, Accuracy: 0.578125, Loss: 5.408066
INFO:tensorflow:Step: 614, Accuracy: 0.593750, Loss: 5.135457
INFO:tensorflow:Step: 619, Accuracy: 0.593750, Loss: 5.131195
INFO:tensorflow:Step: 622, Accuracy: 0.640625, Loss: 5.297916
INFO:tensorflow:Step: 626, Accuracy: 0.562500, Loss: 5.276930
INFO:tensorflow:Step: 630, Accuracy: 0.640625, Loss: 5.121833
INFO:tensorflow:Worker 3: 2016-07-17 20:51:40.045634: step 630, loss = 5.12(17.9 examples/sec; 3.578  sec/batch)
INFO:tensorflow:Step: 634, Accuracy: 0.578125, Loss: 5.082547
INFO:tensorflow:Step: 639, Accuracy: 0.546875, Loss: 5.237351
INFO:tensorflow:Worker 3: 2016-07-17 20:51:52.245999: step 639, loss = 5.24(14.1 examples/sec; 4.546  sec/batch)
INFO:tensorflow:Step: 643, Accuracy: 0.531250, Loss: 5.029292
INFO:tensorflow:Step: 649, Accuracy: 0.734375, Loss: 5.246883
INFO:tensorflow:Step: 655, Accuracy: 0.625000, Loss: 5.510695
INFO:tensorflow:Step: 659, Accuracy: 0.656250, Loss: 5.255514
INFO:tensorflow:Step: 663, Accuracy: 0.656250, Loss: 5.065157
INFO:tensorflow:Worker 3: 2016-07-17 20:52:33.558058: step 663, loss = 5.07(14.0 examples/sec; 4.569  sec/batch)
INFO:tensorflow:Step: 669, Accuracy: 0.656250, Loss: 5.356587
INFO:tensorflow:Worker 3: 2016-07-17 20:52:38.798379: step 669, loss = 5.36(14.6 examples/sec; 4.374  sec/batch)
INFO:tensorflow:Step: 672, Accuracy: 0.640625, Loss: 5.202539
INFO:tensorflow:Worker 3: 2016-07-17 20:52:45.303762: step 672, loss = 5.20(12.6 examples/sec; 5.096  sec/batch)
INFO:tensorflow:Step: 675, Accuracy: 0.640625, Loss: 5.149382
INFO:tensorflow:Worker 3: 2016-07-17 20:52:51.939492: step 675, loss = 5.15(12.8 examples/sec; 4.999  sec/batch)
INFO:tensorflow:Step: 680, Accuracy: 0.656250, Loss: 5.053762
INFO:tensorflow:Step: 684, Accuracy: 0.640625, Loss: 5.195885
INFO:tensorflow:Worker 3: 2016-07-17 20:53:06.688984: step 684, loss = 5.20(10.4 examples/sec; 6.139  sec/batch)
INFO:tensorflow:Step: 689, Accuracy: 0.656250, Loss: 5.344979
INFO:tensorflow:Step: 693, Accuracy: 0.546875, Loss: 5.311565
INFO:tensorflow:Worker 3: 2016-07-17 20:53:19.542782: step 693, loss = 5.31(11.7 examples/sec; 5.455  sec/batch)
INFO:tensorflow:Step: 697, Accuracy: 0.531250, Loss: 5.299250
INFO:tensorflow:Step: 702, Accuracy: 0.625000, Loss: 5.161284
INFO:tensorflow:Worker 3: 2016-07-17 20:53:30.550170: step 702, loss = 5.16(11.6 examples/sec; 5.541  sec/batch)
INFO:tensorflow:Step: 706, Accuracy: 0.609375, Loss: 5.196452
INFO:tensorflow:Step: 710, Accuracy: 0.625000, Loss: 5.203119
INFO:tensorflow:Step: 716, Accuracy: 0.734375, Loss: 5.011250
INFO:tensorflow:Step: 720, Accuracy: 0.656250, Loss: 5.117575
INFO:tensorflow:Worker 3: 2016-07-17 20:54:00.769945: step 720, loss = 5.12(10.6 examples/sec; 6.021  sec/batch)
INFO:tensorflow:Step: 724, Accuracy: 0.609375, Loss: 5.002929
INFO:tensorflow:Step: 728, Accuracy: 0.500000, Loss: 5.141693
INFO:tensorflow:Step: 733, Accuracy: 0.593750, Loss: 4.796628
INFO:tensorflow:Step: 738, Accuracy: 0.546875, Loss: 5.241564
INFO:tensorflow:Worker 3: 2016-07-17 20:54:26.433126: step 738, loss = 5.24(12.1 examples/sec; 5.307  sec/batch)
INFO:tensorflow:Step: 742, Accuracy: 0.562500, Loss: 5.032572
INFO:tensorflow:Step: 746, Accuracy: 0.562500, Loss: 5.039626
INFO:tensorflow:Step: 751, Accuracy: 0.640625, Loss: 5.017987
INFO:tensorflow:Step: 756, Accuracy: 0.671875, Loss: 5.054575
INFO:tensorflow:Worker 3: 2016-07-17 20:54:52.613192: step 756, loss = 5.05(15.0 examples/sec; 4.267  sec/batch)
INFO:tensorflow:Step: 759, Accuracy: 0.718750, Loss: 5.402018
INFO:tensorflow:Worker 3: 2016-07-17 20:54:58.322310: step 759, loss = 5.40(15.1 examples/sec; 4.244  sec/batch)
INFO:tensorflow:Step: 764, Accuracy: 0.500000, Loss: 5.311760
INFO:tensorflow:Step: 768, Accuracy: 0.640625, Loss: 5.093141
INFO:tensorflow:Worker 3: 2016-07-17 20:55:12.155530: step 768, loss = 5.09(13.1 examples/sec; 4.901  sec/batch)
INFO:tensorflow:Step: 772, Accuracy: 0.578125, Loss: 5.463682
INFO:tensorflow:Step: 777, Accuracy: 0.625000, Loss: 5.421155
INFO:tensorflow:Worker 3: 2016-07-17 20:55:25.180794: step 777, loss = 5.42(10.4 examples/sec; 6.177  sec/batch)
INFO:tensorflow:Step: 782, Accuracy: 0.640625, Loss: 5.079071
INFO:tensorflow:Step: 786, Accuracy: 0.578125, Loss: 5.325527
INFO:tensorflow:Worker 3: 2016-07-17 20:55:39.488835: step 786, loss = 5.33(13.7 examples/sec; 4.667  sec/batch)
INFO:tensorflow:Step: 791, Accuracy: 0.562500, Loss: 5.140354
INFO:tensorflow:Step: 794, Accuracy: 0.640625, Loss: 5.073611
INFO:tensorflow:Step: 800, Accuracy: 0.546875, Loss: 5.130382
INFO:tensorflow:Step: 803, Accuracy: 0.640625, Loss: 5.232704
INFO:tensorflow:Step: 807, Accuracy: 0.609375, Loss: 4.998166
INFO:tensorflow:Worker 3: 2016-07-17 20:56:12.101345: step 807, loss = 5.00(12.4 examples/sec; 5.173  sec/batch)
INFO:tensorflow:Step: 812, Accuracy: 0.578125, Loss: 5.317074
INFO:tensorflow:Step: 816, Accuracy: 0.703125, Loss: 5.431140
INFO:tensorflow:Worker 3: 2016-07-17 20:56:23.295048: step 816, loss = 5.43(13.8 examples/sec; 4.643  sec/batch)
INFO:tensorflow:Step: 820, Accuracy: 0.656250, Loss: 4.978289
INFO:tensorflow:Step: 825, Accuracy: 0.703125, Loss: 5.204245
INFO:tensorflow:Worker 3: 2016-07-17 20:56:35.481819: step 825, loss = 5.20(12.6 examples/sec; 5.072  sec/batch)
INFO:tensorflow:Step: 829, Accuracy: 0.515625, Loss: 5.229763
INFO:tensorflow:Step: 833, Accuracy: 0.562500, Loss: 5.319876
INFO:tensorflow:Step: 837, Accuracy: 0.500000, Loss: 5.282800
INFO:tensorflow:Worker 3: 2016-07-17 20:56:53.833599: step 837, loss = 5.28(11.0 examples/sec; 5.806  sec/batch)
INFO:tensorflow:Step: 842, Accuracy: 0.578125, Loss: 5.099371
INFO:tensorflow:Step: 846, Accuracy: 0.703125, Loss: 5.335264
INFO:tensorflow:Worker 3: 2016-07-17 20:57:05.956406: step 846, loss = 5.34(13.7 examples/sec; 4.660  sec/batch)
INFO:tensorflow:Step: 851, Accuracy: 0.656250, Loss: 5.444045
INFO:tensorflow:Step: 855, Accuracy: 0.578125, Loss: 5.266703
INFO:tensorflow:Worker 3: 2016-07-17 20:57:20.580394: step 855, loss = 5.27(9.0 examples/sec; 7.088  sec/batch)
INFO:tensorflow:Step: 860, Accuracy: 0.687500, Loss: 5.100354
INFO:tensorflow:Step: 864, Accuracy: 0.593750, Loss: 4.973128
INFO:tensorflow:Worker 3: 2016-07-17 20:57:33.280563: step 864, loss = 4.97(12.5 examples/sec; 5.107  sec/batch)
INFO:tensorflow:Step: 868, Accuracy: 0.515625, Loss: 4.925327
INFO:tensorflow:Step: 873, Accuracy: 0.656250, Loss: 5.118785
INFO:tensorflow:Worker 3: 2016-07-17 20:57:44.436365: step 873, loss = 5.12(14.7 examples/sec; 4.362  sec/batch)
INFO:tensorflow:Step: 876, Accuracy: 0.625000, Loss: 5.239655
INFO:tensorflow:Worker 3: 2016-07-17 20:57:49.533145: step 876, loss = 5.24(15.2 examples/sec; 4.216  sec/batch)
INFO:tensorflow:Step: 880, Accuracy: 0.609375, Loss: 5.055020
INFO:tensorflow:Step: 884, Accuracy: 0.703125, Loss: 5.093982
INFO:tensorflow:Step: 888, Accuracy: 0.578125, Loss: 5.356788
INFO:tensorflow:Worker 3: 2016-07-17 20:58:07.340977: step 888, loss = 5.36(12.9 examples/sec; 4.960  sec/batch)
INFO:tensorflow:Step: 893, Accuracy: 0.609375, Loss: 5.239329
INFO:tensorflow:Step: 896, Accuracy: 0.703125, Loss: 5.134003
INFO:tensorflow:Step: 902, Accuracy: 0.734375, Loss: 5.242793
INFO:tensorflow:Step: 906, Accuracy: 0.640625, Loss: 5.172393
INFO:tensorflow:Worker 3: 2016-07-17 20:58:33.385846: step 906, loss = 5.17(13.2 examples/sec; 4.859  sec/batch)
INFO:tensorflow:Step: 910, Accuracy: 0.593750, Loss: 5.197697
INFO:tensorflow:Step: 914, Accuracy: 0.531250, Loss: 5.118656
INFO:tensorflow:Step: 920, Accuracy: 0.609375, Loss: 5.205680
INFO:tensorflow:Step: 924, Accuracy: 0.593750, Loss: 4.966730
INFO:tensorflow:Worker 3: 2016-07-17 20:58:58.400816: step 924, loss = 4.97(13.0 examples/sec; 4.934  sec/batch)
INFO:tensorflow:Step: 928, Accuracy: 0.609375, Loss: 5.189644
run-expr-4node.sh: line 23: 11573 Terminated              CUDA_VISIBLE_DEVICES=$1 bazel-bin/inception/imagenet_distributed_train --batch_size=64 --data_dir=/lfs/local/0/daniter/imagenet-8 --job_name='worker' --task_id=$2 --ps_hosts='raiders1:2228' --worker_hosts='raiders1:2200,raiders1:2201,raiders3:2209,raiders3:2210' --initial_learning_rate=$3 --momentum=$4 --sync=True --compute_groups=$5
