INFO:tensorflow:PS hosts are: ['localhost:2228']
INFO:tensorflow:Worker hosts are: ['localhost:2201', 'localhost:2202', 'localhost:2203', 'localhost:2204', 'localhost:2205', 'localhost:2206', 'localhost:2207', 'localhost:2208', 'localhost:2209', 'localhost:2210', 'localhost:2211', 'localhost:2212', 'localhost:2213', 'localhost:2214', 'localhost:2215', 'localhost:2216']
I tensorflow/core/distributed_runtime/rpc/grpc_channel.cc:206] Initialize HostPortsGrpcChannelCache for job ps -> {localhost:2228}
I tensorflow/core/distributed_runtime/rpc/grpc_channel.cc:206] Initialize HostPortsGrpcChannelCache for job worker -> {localhost:2201, localhost:2202, localhost:2203, localhost:2204, localhost:2205, localhost:2206, localhost:2207, localhost:2208, localhost:2209, localhost:2210, localhost:2211, localhost:2212, localhost:2213, localhost:2214, localhost:2215, localhost:2216}
I tensorflow/core/distributed_runtime/rpc/grpc_server_lib.cc:202] Started server with target: grpc://localhost:2228
I tensorflow/core/kernels/logging_ops.cc:79] Node 0 dequeues token: [399]
I tensorflow/core/kernels/logging_ops.cc:79] Node 0 dequeues token: [399]
I tensorflow/core/kernels/logging_ops.cc:79] Node 0 dequeues token: [399]
E0720 00:23:33.882922752   66902 tcp_client_posix.c:191]     failed to connect to 'ipv6:[::1]:2216': timeout occurred
E0720 00:23:33.914612302   66902 tcp_client_posix.c:191]     failed to connect to 'ipv6:[::1]:2210': timeout occurred
I tensorflow/core/kernels/logging_ops.cc:79] Node 7 dequeues token: [399]
I tensorflow/core/kernels/logging_ops.cc:79] Node 12 dequeues token: [399]
I tensorflow/core/kernels/logging_ops.cc:79] Node 15 dequeues token: [399]
I tensorflow/core/kernels/logging_ops.cc:79] Node 9 dequeues token: [399]
I tensorflow/core/kernels/logging_ops.cc:79] Node 4 dequeues token: [399]
I tensorflow/core/kernels/logging_ops.cc:79] Node 0 dequeues token: [399]
E0720 00:23:36.486364066   66509 tcp_client_posix.c:191]     failed to connect to 'ipv6:[::1]:2216': timeout occurred
E0720 00:23:36.960884657   66509 tcp_client_posix.c:191]     failed to connect to 'ipv6:[::1]:2210': timeout occurred
I tensorflow/core/kernels/logging_ops.cc:79] Node 11 dequeues token: [399]
I tensorflow/core/kernels/logging_ops.cc:79] Node 6 dequeues token: [399]
I tensorflow/core/kernels/logging_ops.cc:79] Node 10 dequeues token: [399]
I tensorflow/core/kernels/logging_ops.cc:79] Node 8 dequeues token: [399]
I tensorflow/core/kernels/logging_ops.cc:79] Node 14 dequeues token: [399]
I tensorflow/core/kernels/logging_ops.cc:79] Node 13 dequeues token: [399]
I tensorflow/core/kernels/logging_ops.cc:79] Node 5 dequeues token: [399]
I tensorflow/core/kernels/logging_ops.cc:79] Node 2 dequeues token: [399]
I tensorflow/core/kernels/logging_ops.cc:79] Node 7 dequeues token: [399]
I tensorflow/core/kernels/logging_ops.cc:79] ~~~~~ daniter~~~ GLobalstep:[399][0.00032428745 -1.2425357e-05...]
I tensorflow/core/kernels/logging_ops.cc:79] Node 0 dequeues token: [399]
I tensorflow/core/kernels/logging_ops.cc:79] Node 0 dequeues token: [399]
I tensorflow/core/kernels/logging_ops.cc:79] Node 10 dequeues token: [399]
I tensorflow/core/kernels/logging_ops.cc:79] Node 6 dequeues token: [399]
I tensorflow/core/kernels/logging_ops.cc:79] Node 14 dequeues token: [399]
I tensorflow/core/kernels/logging_ops.cc:79] Node 1 dequeues token: [399]
I tensorflow/core/kernels/logging_ops.cc:79] Node 8 dequeues token: [400]
I tensorflow/core/kernels/logging_ops.cc:79] Node 1 dequeues token: [399]
I tensorflow/core/kernels/logging_ops.cc:79] Node 13 dequeues token: [399]
I tensorflow/core/kernels/logging_ops.cc:79] ~~~~~ daniter~~~ GLobalstep:[400][3.4031458e-05 0.00013514794...]
I tensorflow/core/kernels/logging_ops.cc:79] Node 3 dequeues token: [399]
I tensorflow/core/kernels/logging_ops.cc:79] Node 15 dequeues token: [399]
I tensorflow/core/kernels/logging_ops.cc:79] Node 3 dequeues token: [399]
I tensorflow/core/kernels/logging_ops.cc:79] Node 12 dequeues token: [400]
I tensorflow/core/kernels/logging_ops.cc:79] Node 5 dequeues token: [399]
I tensorflow/core/kernels/logging_ops.cc:79] Node 9 dequeues token: [399]
I tensorflow/core/kernels/logging_ops.cc:79] Node 9 dequeues token: [399]
I tensorflow/core/kernels/logging_ops.cc:79] Node 4 dequeues token: [400]
I tensorflow/core/kernels/logging_ops.cc:79] Node 4 dequeues token: [400]
I tensorflow/core/kernels/logging_ops.cc:79] Node 7 dequeues token: [401]
I tensorflow/core/kernels/logging_ops.cc:79] Node 10 dequeues token: [400]
I tensorflow/core/kernels/logging_ops.cc:79] Node 2 dequeues token: [400]
I tensorflow/core/kernels/logging_ops.cc:79] Node 11 dequeues token: [401]
I tensorflow/core/kernels/logging_ops.cc:79] Node 0 dequeues token: [400]
I tensorflow/core/kernels/logging_ops.cc:79] ~~~~~ daniter~~~ GLobalstep:[401][0.0083961524 0.0020235046...]
I tensorflow/core/kernels/logging_ops.cc:79] Node 2 dequeues token: [400]
I tensorflow/core/kernels/logging_ops.cc:79] Node 1 dequeues token: [401]
I tensorflow/core/kernels/logging_ops.cc:79] Node 8 dequeues token: [402]
I tensorflow/core/kernels/logging_ops.cc:79] Node 14 dequeues token: [402]
I tensorflow/core/kernels/logging_ops.cc:79] Node 6 dequeues token: [402]
I tensorflow/core/kernels/logging_ops.cc:79] Node 5 dequeues token: [401]
I tensorflow/core/kernels/logging_ops.cc:79] Node 13 dequeues token: [401]
I tensorflow/core/kernels/logging_ops.cc:79] ~~~~~ daniter~~~ GLobalstep:[402][0.0041182274 0.0016647632...]
I tensorflow/core/kernels/logging_ops.cc:79] Node 15 dequeues token: [401]
I tensorflow/core/kernels/logging_ops.cc:79] Node 9 dequeues token: [401]
I tensorflow/core/kernels/logging_ops.cc:79] Node 3 dequeues token: [401]
I tensorflow/core/kernels/logging_ops.cc:79] Node 4 dequeues token: [402]
I tensorflow/core/kernels/logging_ops.cc:79] Node 12 dequeues token: [402]
I tensorflow/core/kernels/logging_ops.cc:79] Node 0 dequeues token: [402]
I tensorflow/core/kernels/logging_ops.cc:79] Node 10 dequeues token: [402]
I tensorflow/core/kernels/logging_ops.cc:79] Node 14 dequeues token: [402]
I tensorflow/core/kernels/logging_ops.cc:79] Node 7 dequeues token: [403]
I tensorflow/core/kernels/logging_ops.cc:79] Node 11 dequeues token: [403]
I tensorflow/core/kernels/logging_ops.cc:79] ~~~~~ daniter~~~ GLobalstep:[403][0.00047674167 -0.0012884218...]
I tensorflow/core/kernels/logging_ops.cc:79] Node 1 dequeues token: [403]
I tensorflow/core/kernels/logging_ops.cc:79] Node 15 dequeues token: [403]
I tensorflow/core/kernels/logging_ops.cc:79] ~~~~~ daniter~~~ GLobalstep:[403][0.0019034503 -0.00030903204...]
I tensorflow/core/kernels/logging_ops.cc:79] Node 13 dequeues token: [403]
I tensorflow/core/kernels/logging_ops.cc:79] Node 5 dequeues token: [403]
I tensorflow/core/kernels/logging_ops.cc:79] Node 8 dequeues token: [404]
I tensorflow/core/kernels/logging_ops.cc:79] Node 2 dequeues token: [404]
I tensorflow/core/kernels/logging_ops.cc:79] Node 6 dequeues token: [404]
I tensorflow/core/kernels/logging_ops.cc:79] Node 9 dequeues token: [403]
I tensorflow/core/kernels/logging_ops.cc:79] Node 4 dequeues token: [404]
I tensorflow/core/kernels/logging_ops.cc:79] Node 3 dequeues token: [403]
I tensorflow/core/kernels/logging_ops.cc:79] Node 10 dequeues token: [404]
I tensorflow/core/kernels/logging_ops.cc:79] Node 0 dequeues token: [404]
I tensorflow/core/kernels/logging_ops.cc:79] Node 6 dequeues token: [404]
I tensorflow/core/kernels/logging_ops.cc:79] Node 14 dequeues token: [404]
I tensorflow/core/kernels/logging_ops.cc:79] Node 7 dequeues token: [405]
I tensorflow/core/kernels/logging_ops.cc:79] Node 11 dequeues token: [405]
I tensorflow/core/kernels/logging_ops.cc:79] ~~~~~ daniter~~~ GLobalstep:[405][1.7238432e-05 -0.00021600566...]
I tensorflow/core/kernels/logging_ops.cc:79] Node 1 dequeues token: [405]
I tensorflow/core/kernels/logging_ops.cc:79] Node 15 dequeues token: [405]
I tensorflow/core/kernels/logging_ops.cc:79] Node 13 dequeues token: [405]
I tensorflow/core/kernels/logging_ops.cc:79] Node 2 dequeues token: [406]
I tensorflow/core/kernels/logging_ops.cc:79] Node 12 dequeues token: [406]
I tensorflow/core/kernels/logging_ops.cc:79] Node 8 dequeues token: [406]
I tensorflow/core/kernels/logging_ops.cc:79] Node 5 dequeues token: [405]
I tensorflow/core/kernels/logging_ops.cc:79] ~~~~~ daniter~~~ GLobalstep:[406][-0.0029145831 0.0017120154...]
I tensorflow/core/kernels/logging_ops.cc:79] Node 9 dequeues token: [405]
I tensorflow/core/kernels/logging_ops.cc:79] Node 10 dequeues token: [406]
I tensorflow/core/kernels/logging_ops.cc:79] Node 4 dequeues token: [406]
I tensorflow/core/kernels/logging_ops.cc:79] Node 3 dequeues token: [405]
I tensorflow/core/kernels/logging_ops.cc:79] Node 0 dequeues token: [406]
I tensorflow/core/kernels/logging_ops.cc:79] Node 6 dequeues token: [406]
I tensorflow/core/kernels/logging_ops.cc:79] Node 7 dequeues token: [407]
I tensorflow/core/kernels/logging_ops.cc:79] Node 14 dequeues token: [406]
I tensorflow/core/kernels/logging_ops.cc:79] Node 11 dequeues token: [407]
I tensorflow/core/kernels/logging_ops.cc:79] ~~~~~ daniter~~~ GLobalstep:[407][-0.0015569034 0.0011275852...]
I tensorflow/core/kernels/logging_ops.cc:79] Node 1 dequeues token: [407]
I tensorflow/core/kernels/logging_ops.cc:79] Node 13 dequeues token: [407]
I tensorflow/core/kernels/logging_ops.cc:79] Node 15 dequeues token: [407]
I tensorflow/core/kernels/logging_ops.cc:79] Node 9 dequeues token: [407]
I tensorflow/core/kernels/logging_ops.cc:79] ~~~~~ daniter~~~ GLobalstep:[407][-0.0026655067 -0.0014640006...]
I tensorflow/core/kernels/logging_ops.cc:79] Node 5 dequeues token: [407]
I tensorflow/core/kernels/logging_ops.cc:79] Node 10 dequeues token: [408]
I tensorflow/core/kernels/logging_ops.cc:79] Node 2 dequeues token: [408]
I tensorflow/core/kernels/logging_ops.cc:79] Node 8 dequeues token: [408]
I tensorflow/core/kernels/logging_ops.cc:79] Node 12 dequeues token: [408]
I tensorflow/core/kernels/logging_ops.cc:79] Node 4 dequeues token: [408]
I tensorflow/core/kernels/logging_ops.cc:79] Node 0 dequeues token: [408]
I tensorflow/core/kernels/logging_ops.cc:79] Node 6 dequeues token: [408]
I tensorflow/core/kernels/logging_ops.cc:79] Node 3 dequeues token: [407]
I tensorflow/core/kernels/logging_ops.cc:79] Node 7 dequeues token: [409]
I tensorflow/core/kernels/logging_ops.cc:79] Node 14 dequeues token: [408]
I tensorflow/core/kernels/logging_ops.cc:79] Node 11 dequeues token: [409]
I tensorflow/core/kernels/logging_ops.cc:79] ~~~~~ daniter~~~ GLobalstep:[409][-0.0021718149 -0.0013649673...]
I tensorflow/core/kernels/logging_ops.cc:79] Node 1 dequeues token: [409]
I tensorflow/core/kernels/logging_ops.cc:79] Node 13 dequeues token: [409]
I tensorflow/core/kernels/logging_ops.cc:79] Node 9 dequeues token: [409]
I tensorflow/core/kernels/logging_ops.cc:79] Node 15 dequeues token: [409]
I tensorflow/core/kernels/logging_ops.cc:79] Node 8 dequeues token: [410]
I tensorflow/core/kernels/logging_ops.cc:79] Node 2 dequeues token: [410]
I tensorflow/core/kernels/logging_ops.cc:79] Node 12 dequeues token: [410]
I tensorflow/core/kernels/logging_ops.cc:79] Node 10 dequeues token: [410]
I tensorflow/core/kernels/logging_ops.cc:79] ~~~~~ daniter~~~ GLobalstep:[410][-0.001388052 8.3518215e-05...]
I tensorflow/core/kernels/logging_ops.cc:79] Node 5 dequeues token: [409]
I tensorflow/core/kernels/logging_ops.cc:79] Node 4 dequeues token: [410]
I tensorflow/core/kernels/logging_ops.cc:79] Node 0 dequeues token: [410]
I tensorflow/core/kernels/logging_ops.cc:79] Node 6 dequeues token: [410]
I tensorflow/core/kernels/logging_ops.cc:79] Node 7 dequeues token: [409]
I tensorflow/core/kernels/logging_ops.cc:79] Node 7 dequeues token: [411]
I tensorflow/core/kernels/logging_ops.cc:79] Node 3 dequeues token: [411]
I tensorflow/core/kernels/logging_ops.cc:79] Node 14 dequeues token: [410]
I tensorflow/core/kernels/logging_ops.cc:79] Node 11 dequeues token: [411]
I tensorflow/core/kernels/logging_ops.cc:79] Node 1 dequeues token: [411]
I tensorflow/core/kernels/logging_ops.cc:79] ~~~~~ daniter~~~ GLobalstep:[411][-0.0025211247 -0.0026037693...]
I tensorflow/core/kernels/logging_ops.cc:79] Node 9 dequeues token: [411]
I tensorflow/core/kernels/logging_ops.cc:79] Node 15 dequeues token: [411]
I tensorflow/core/kernels/logging_ops.cc:79] Node 13 dequeues token: [411]
I tensorflow/core/kernels/logging_ops.cc:79] Node 12 dequeues token: [412]
I tensorflow/core/kernels/logging_ops.cc:79] Node 2 dequeues token: [412]
I tensorflow/core/kernels/logging_ops.cc:79] Node 8 dequeues token: [412]
I tensorflow/core/kernels/logging_ops.cc:79] Node 10 dequeues token: [412]
I tensorflow/core/kernels/logging_ops.cc:79] ~~~~~ daniter~~~ GLobalstep:[412][-0.0039129467 -0.0019439338...]
I tensorflow/core/kernels/logging_ops.cc:79] Node 5 dequeues token: [411]
I tensorflow/core/kernels/logging_ops.cc:79] Node 0 dequeues token: [412]
I tensorflow/core/kernels/logging_ops.cc:79] Node 4 dequeues token: [412]
I tensorflow/core/kernels/logging_ops.cc:79] Node 6 dequeues token: [412]
I tensorflow/core/kernels/logging_ops.cc:79] Node 7 dequeues token: [413]
I tensorflow/core/kernels/logging_ops.cc:79] Node 10 dequeues token: [412]
I tensorflow/core/kernels/logging_ops.cc:79] Node 3 dequeues token: [413]
I tensorflow/core/kernels/logging_ops.cc:79] Node 11 dequeues token: [413]
I tensorflow/core/kernels/logging_ops.cc:79] Node 1 dequeues token: [413]
I tensorflow/core/kernels/logging_ops.cc:79] ~~~~~ daniter~~~ GLobalstep:[413][0.0021554518 0.0042133383...]
I tensorflow/core/kernels/logging_ops.cc:79] Node 9 dequeues token: [413]
I tensorflow/core/kernels/logging_ops.cc:79] Node 15 dequeues token: [413]
I tensorflow/core/kernels/logging_ops.cc:79] Node 13 dequeues token: [413]
I tensorflow/core/kernels/logging_ops.cc:79] Node 14 dequeues token: [414]
I tensorflow/core/kernels/logging_ops.cc:79] Node 8 dequeues token: [414]
I tensorflow/core/kernels/logging_ops.cc:79] Node 12 dequeues token: [414]
I tensorflow/core/kernels/logging_ops.cc:79] Node 2 dequeues token: [414]
I tensorflow/core/kernels/logging_ops.cc:79] Node 0 dequeues token: [414]
I tensorflow/core/kernels/logging_ops.cc:79] ~~~~~ daniter~~~ GLobalstep:[414][-0.00098776352 -0.00068493694...]
I tensorflow/core/kernels/logging_ops.cc:79] Node 5 dequeues token: [413]
I tensorflow/core/kernels/logging_ops.cc:79] Node 4 dequeues token: [414]
I tensorflow/core/kernels/logging_ops.cc:79] Node 6 dequeues token: [414]
I tensorflow/core/kernels/logging_ops.cc:79] Node 10 dequeues token: [414]
I tensorflow/core/kernels/logging_ops.cc:79] Node 7 dequeues token: [415]
I tensorflow/core/kernels/logging_ops.cc:79] Node 3 dequeues token: [415]
I tensorflow/core/kernels/logging_ops.cc:79] Node 1 dequeues token: [415]
I tensorflow/core/kernels/logging_ops.cc:79] Node 11 dequeues token: [415]
I tensorflow/core/kernels/logging_ops.cc:79] Node 9 dequeues token: [415]
I tensorflow/core/kernels/logging_ops.cc:79] ~~~~~ daniter~~~ GLobalstep:[415][-0.0010964343 0.000375113...]
I tensorflow/core/kernels/logging_ops.cc:79] Node 15 dequeues token: [415]
I tensorflow/core/kernels/logging_ops.cc:79] Node 13 dequeues token: [415]
I tensorflow/core/kernels/logging_ops.cc:79] Node 14 dequeues token: [416]
I tensorflow/core/kernels/logging_ops.cc:79] Node 2 dequeues token: [416]
I tensorflow/core/kernels/logging_ops.cc:79] Node 8 dequeues token: [416]
I tensorflow/core/kernels/logging_ops.cc:79] Node 12 dequeues token: [416]
I tensorflow/core/kernels/logging_ops.cc:79] Node 10 dequeues token: [416]
I tensorflow/core/kernels/logging_ops.cc:79] Node 0 dequeues token: [416]
I tensorflow/core/kernels/logging_ops.cc:79] Node 4 dequeues token: [416]
I tensorflow/core/kernels/logging_ops.cc:79] ~~~~~ daniter~~~ GLobalstep:[416][-0.00023477738 0.0016017333...]
I tensorflow/core/kernels/logging_ops.cc:79] Node 5 dequeues token: [415]
I tensorflow/core/kernels/logging_ops.cc:79] Node 6 dequeues token: [416]
I tensorflow/core/kernels/logging_ops.cc:79] Node 7 dequeues token: [417]
I tensorflow/core/kernels/logging_ops.cc:79] Node 3 dequeues token: [417]
I tensorflow/core/kernels/logging_ops.cc:79] Node 1 dequeues token: [417]
I tensorflow/core/kernels/logging_ops.cc:79] Node 11 dequeues token: [417]
I tensorflow/core/kernels/logging_ops.cc:79] Node 9 dequeues token: [417]
I tensorflow/core/kernels/logging_ops.cc:79] Node 15 dequeues token: [417]
I tensorflow/core/kernels/logging_ops.cc:79] Node 13 dequeues token: [417]
I tensorflow/core/kernels/logging_ops.cc:79] ~~~~~ daniter~~~ GLobalstep:[417][-0.0049530384 0.00035367082...]
I tensorflow/core/kernels/logging_ops.cc:79] Node 2 dequeues token: [418]
I tensorflow/core/kernels/logging_ops.cc:79] Node 8 dequeues token: [418]
I tensorflow/core/kernels/logging_ops.cc:79] Node 12 dequeues token: [418]
I tensorflow/core/kernels/logging_ops.cc:79] Node 10 dequeues token: [418]
I tensorflow/core/kernels/logging_ops.cc:79] Node 0 dequeues token: [418]
I tensorflow/core/kernels/logging_ops.cc:79] Node 4 dequeues token: [418]
I tensorflow/core/kernels/logging_ops.cc:79] ~~~~~ daniter~~~ GLobalstep:[418][0.00099647953 -0.00076535868...]
I tensorflow/core/kernels/logging_ops.cc:79] Node 6 dequeues token: [418]
I tensorflow/core/kernels/logging_ops.cc:79] Node 5 dequeues token: [417]
I tensorflow/core/kernels/logging_ops.cc:79] Node 14 dequeues token: [418]
I tensorflow/core/kernels/logging_ops.cc:79] Node 7 dequeues token: [419]
I tensorflow/core/kernels/logging_ops.cc:79] Node 3 dequeues token: [419]
I tensorflow/core/kernels/logging_ops.cc:79] Node 1 dequeues token: [419]
I tensorflow/core/kernels/logging_ops.cc:79] Node 9 dequeues token: [419]
I tensorflow/core/kernels/logging_ops.cc:79] Node 11 dequeues token: [419]
I tensorflow/core/kernels/logging_ops.cc:79] Node 15 dequeues token: [419]
I tensorflow/core/kernels/logging_ops.cc:79] Node 13 dequeues token: [419]
I tensorflow/core/kernels/logging_ops.cc:79] ~~~~~ daniter~~~ GLobalstep:[419][0.00070983765 -0.00035575405...]
I tensorflow/core/kernels/logging_ops.cc:79] Node 8 dequeues token: [420]
I tensorflow/core/kernels/logging_ops.cc:79] Node 2 dequeues token: [420]
I tensorflow/core/kernels/logging_ops.cc:79] Node 12 dequeues token: [420]
I tensorflow/core/kernels/logging_ops.cc:79] Node 10 dequeues token: [420]
I tensorflow/core/kernels/logging_ops.cc:79] Node 0 dequeues token: [420]
I tensorflow/core/kernels/logging_ops.cc:79] Node 4 dequeues token: [420]
I tensorflow/core/kernels/logging_ops.cc:79] Node 6 dequeues token: [420]
I tensorflow/core/kernels/logging_ops.cc:79] Node 5 dequeues token: [419]
I tensorflow/core/kernels/logging_ops.cc:79] Node 14 dequeues token: [420]
I tensorflow/core/kernels/logging_ops.cc:79] ~~~~~ daniter~~~ GLobalstep:[420][-0.00063412572 0.0040013548...]
I tensorflow/core/kernels/logging_ops.cc:79] Node 7 dequeues token: [421]
I tensorflow/core/kernels/logging_ops.cc:79] Node 3 dequeues token: [421]
I tensorflow/core/kernels/logging_ops.cc:79] Node 1 dequeues token: [421]
I tensorflow/core/kernels/logging_ops.cc:79] Node 11 dequeues token: [421]
I tensorflow/core/kernels/logging_ops.cc:79] Node 15 dequeues token: [421]
I tensorflow/core/kernels/logging_ops.cc:79] Node 9 dequeues token: [421]
I tensorflow/core/kernels/logging_ops.cc:79] Node 13 dequeues token: [421]
I tensorflow/core/kernels/logging_ops.cc:79] ~~~~~ daniter~~~ GLobalstep:[421][-0.0017559015 0.0064829211...]
I tensorflow/core/kernels/logging_ops.cc:79] Node 0 dequeues token: [422]
I tensorflow/core/kernels/logging_ops.cc:79] Node 12 dequeues token: [422]
I tensorflow/core/kernels/logging_ops.cc:79] Node 10 dequeues token: [422]
I tensorflow/core/kernels/logging_ops.cc:79] Node 8 dequeues token: [422]
I tensorflow/core/kernels/logging_ops.cc:79] Node 4 dequeues token: [422]
I tensorflow/core/kernels/logging_ops.cc:79] Node 6 dequeues token: [422]
I tensorflow/core/kernels/logging_ops.cc:79] Node 5 dequeues token: [421]
I tensorflow/core/kernels/logging_ops.cc:79] Node 14 dequeues token: [422]
I tensorflow/core/kernels/logging_ops.cc:79] ~~~~~ daniter~~~ GLobalstep:[422][0.00055068906 0.0011216158...]
I tensorflow/core/kernels/logging_ops.cc:79] Node 2 dequeues token: [422]
I tensorflow/core/kernels/logging_ops.cc:79] Node 7 dequeues token: [423]
I tensorflow/core/kernels/logging_ops.cc:79] Node 3 dequeues token: [423]
I tensorflow/core/kernels/logging_ops.cc:79] Node 11 dequeues token: [423]
I tensorflow/core/kernels/logging_ops.cc:79] Node 1 dequeues token: [423]
I tensorflow/core/kernels/logging_ops.cc:79] Node 15 dequeues token: [423]
I tensorflow/core/kernels/logging_ops.cc:79] Node 13 dequeues token: [423]
I tensorflow/core/kernels/logging_ops.cc:79] Node 9 dequeues token: [423]
I tensorflow/core/kernels/logging_ops.cc:79] ~~~~~ daniter~~~ GLobalstep:[423][-0.00075673882 -0.0048722303...]
I tensorflow/core/kernels/logging_ops.cc:79] Node 8 dequeues token: [424]
I tensorflow/core/kernels/logging_ops.cc:79] Node 12 dequeues token: [424]
I tensorflow/core/kernels/logging_ops.cc:79] Node 6 dequeues token: [424]
I tensorflow/core/kernels/logging_ops.cc:79] Node 0 dequeues token: [424]
I tensorflow/core/kernels/logging_ops.cc:79] Node 4 dequeues token: [424]
I tensorflow/core/kernels/logging_ops.cc:79] Node 10 dequeues token: [424]
I tensorflow/core/kernels/logging_ops.cc:79] Node 5 dequeues token: [423]
I tensorflow/core/kernels/logging_ops.cc:79] Node 14 dequeues token: [424]
I tensorflow/core/kernels/logging_ops.cc:79] ~~~~~ daniter~~~ GLobalstep:[424][0.0042185332 -0.0059005804...]
I tensorflow/core/kernels/logging_ops.cc:79] Node 2 dequeues token: [424]
I tensorflow/core/kernels/logging_ops.cc:79] Node 7 dequeues token: [425]
I tensorflow/core/kernels/logging_ops.cc:79] Node 3 dequeues token: [425]
I tensorflow/core/kernels/logging_ops.cc:79] Node 1 dequeues token: [425]
I tensorflow/core/kernels/logging_ops.cc:79] Node 11 dequeues token: [425]
I tensorflow/core/kernels/logging_ops.cc:79] Node 15 dequeues token: [425]
I tensorflow/core/kernels/logging_ops.cc:79] Node 9 dequeues token: [425]
I tensorflow/core/kernels/logging_ops.cc:79] Node 13 dequeues token: [425]
I tensorflow/core/kernels/logging_ops.cc:79] ~~~~~ daniter~~~ GLobalstep:[425][-0.0017744233 -0.006665647...]
I tensorflow/core/kernels/logging_ops.cc:79] Node 10 dequeues token: [426]
I tensorflow/core/kernels/logging_ops.cc:79] Node 6 dequeues token: [426]
I tensorflow/core/kernels/logging_ops.cc:79] Node 0 dequeues token: [426]
I tensorflow/core/kernels/logging_ops.cc:79] Node 12 dequeues token: [426]
I tensorflow/core/kernels/logging_ops.cc:79] Node 8 dequeues token: [426]
I tensorflow/core/kernels/logging_ops.cc:79] Node 5 dequeues token: [425]
I tensorflow/core/kernels/logging_ops.cc:79] Node 4 dequeues token: [426]
I tensorflow/core/kernels/logging_ops.cc:79] Node 14 dequeues token: [426]
I tensorflow/core/kernels/logging_ops.cc:79] Node 2 dequeues token: [426]
I tensorflow/core/kernels/logging_ops.cc:79] ~~~~~ daniter~~~ GLobalstep:[426][-0.0012534123 0.0017308181...]
I tensorflow/core/kernels/logging_ops.cc:79] Node 7 dequeues token: [427]
I tensorflow/core/kernels/logging_ops.cc:79] Node 3 dequeues token: [427]
I tensorflow/core/kernels/logging_ops.cc:79] Node 1 dequeues token: [427]
I tensorflow/core/kernels/logging_ops.cc:79] Node 11 dequeues token: [427]
I tensorflow/core/kernels/logging_ops.cc:79] Node 15 dequeues token: [427]
I tensorflow/core/kernels/logging_ops.cc:79] Node 9 dequeues token: [427]
I tensorflow/core/kernels/logging_ops.cc:79] Node 13 dequeues token: [427]
I tensorflow/core/kernels/logging_ops.cc:79] ~~~~~ daniter~~~ GLobalstep:[427][0.015962213 0.0033999602...]
I tensorflow/core/kernels/logging_ops.cc:79] Node 5 dequeues token: [427]
I tensorflow/core/kernels/logging_ops.cc:79] Node 0 dequeues token: [428]
I tensorflow/core/kernels/logging_ops.cc:79] Node 8 dequeues token: [428]
I tensorflow/core/kernels/logging_ops.cc:79] Node 6 dequeues token: [428]
I tensorflow/core/kernels/logging_ops.cc:79] Node 12 dequeues token: [428]
I tensorflow/core/kernels/logging_ops.cc:79] Node 10 dequeues token: [428]
I tensorflow/core/kernels/logging_ops.cc:79] Node 4 dequeues token: [428]
I tensorflow/core/kernels/logging_ops.cc:79] Node 2 dequeues token: [428]
I tensorflow/core/kernels/logging_ops.cc:79] Node 14 dequeues token: [428]
I tensorflow/core/kernels/logging_ops.cc:79] ~~~~~ daniter~~~ GLobalstep:[428][0.00120108 -0.0038021749...]
I tensorflow/core/kernels/logging_ops.cc:79] Node 11 dequeues token: [429]
I tensorflow/core/kernels/logging_ops.cc:79] Node 7 dequeues token: [429]
I tensorflow/core/kernels/logging_ops.cc:79] Node 3 dequeues token: [429]
I tensorflow/core/kernels/logging_ops.cc:79] Node 1 dequeues token: [429]
I tensorflow/core/kernels/logging_ops.cc:79] Node 9 dequeues token: [429]
I tensorflow/core/kernels/logging_ops.cc:79] Node 13 dequeues token: [429]
I tensorflow/core/kernels/logging_ops.cc:79] Node 15 dequeues token: [429]
I tensorflow/core/kernels/logging_ops.cc:79] ~~~~~ daniter~~~ GLobalstep:[429][0.0049714232 0.0066262539...]
I tensorflow/core/kernels/logging_ops.cc:79] Node 5 dequeues token: [429]
I tensorflow/core/kernels/logging_ops.cc:79] Node 12 dequeues token: [430]
I tensorflow/core/kernels/logging_ops.cc:79] Node 0 dequeues token: [430]
I tensorflow/core/kernels/logging_ops.cc:79] Node 6 dequeues token: [430]
I tensorflow/core/kernels/logging_ops.cc:79] Node 10 dequeues token: [430]
I tensorflow/core/kernels/logging_ops.cc:79] Node 2 dequeues token: [430]
I tensorflow/core/kernels/logging_ops.cc:79] Node 4 dequeues token: [430]
I tensorflow/core/kernels/logging_ops.cc:79] Node 14 dequeues token: [430]
I tensorflow/core/kernels/logging_ops.cc:79] ~~~~~ daniter~~~ GLobalstep:[430][-0.00061798404 -0.0069567235...]
I tensorflow/core/kernels/logging_ops.cc:79] Node 8 dequeues token: [430]
I tensorflow/core/kernels/logging_ops.cc:79] Node 7 dequeues token: [431]
I tensorflow/core/kernels/logging_ops.cc:79] Node 3 dequeues token: [431]
I tensorflow/core/kernels/logging_ops.cc:79] Node 11 dequeues token: [431]
I tensorflow/core/kernels/logging_ops.cc:79] Node 1 dequeues token: [431]
I tensorflow/core/kernels/logging_ops.cc:79] Node 9 dequeues token: [431]
I tensorflow/core/kernels/logging_ops.cc:79] Node 15 dequeues token: [431]
I tensorflow/core/kernels/logging_ops.cc:79] Node 13 dequeues token: [431]
I tensorflow/core/kernels/logging_ops.cc:79] Node 5 dequeues token: [431]
I tensorflow/core/kernels/logging_ops.cc:79] ~~~~~ daniter~~~ GLobalstep:[431][0.0010942826 -0.0027636734...]
I tensorflow/core/kernels/logging_ops.cc:79] Node 4 dequeues token: [432]
I tensorflow/core/kernels/logging_ops.cc:79] Node 2 dequeues token: [432]
I tensorflow/core/kernels/logging_ops.cc:79] Node 10 dequeues token: [432]
I tensorflow/core/kernels/logging_ops.cc:79] Node 12 dequeues token: [432]
I tensorflow/core/kernels/logging_ops.cc:79] Node 6 dequeues token: [432]
I tensorflow/core/kernels/logging_ops.cc:79] Node 0 dequeues token: [432]
I tensorflow/core/kernels/logging_ops.cc:79] Node 14 dequeues token: [432]
I tensorflow/core/kernels/logging_ops.cc:79] Node 8 dequeues token: [432]
I tensorflow/core/kernels/logging_ops.cc:79] ~~~~~ daniter~~~ GLobalstep:[432][0.0036288621 0.0012714681...]
I tensorflow/core/kernels/logging_ops.cc:79] Node 11 dequeues token: [433]
I tensorflow/core/kernels/logging_ops.cc:79] Node 1 dequeues token: [433]
I tensorflow/core/kernels/logging_ops.cc:79] Node 3 dequeues token: [433]
I tensorflow/core/kernels/logging_ops.cc:79] Node 15 dequeues token: [433]
I tensorflow/core/kernels/logging_ops.cc:79] Node 13 dequeues token: [433]
I tensorflow/core/kernels/logging_ops.cc:79] Node 9 dequeues token: [433]
I tensorflow/core/kernels/logging_ops.cc:79] Node 5 dequeues token: [433]
I tensorflow/core/kernels/logging_ops.cc:79] ~~~~~ daniter~~~ GLobalstep:[433][0.005933404 -0.0014203533...]
I tensorflow/core/kernels/logging_ops.cc:79] Node 7 dequeues token: [433]
I tensorflow/core/kernels/logging_ops.cc:79] Node 6 dequeues token: [434]
I tensorflow/core/kernels/logging_ops.cc:79] Node 12 dequeues token: [434]
I tensorflow/core/kernels/logging_ops.cc:79] Node 10 dequeues token: [434]
I tensorflow/core/kernels/logging_ops.cc:79] Node 2 dequeues token: [434]
I tensorflow/core/kernels/logging_ops.cc:79] Node 4 dequeues token: [434]
I tensorflow/core/kernels/logging_ops.cc:79] Node 14 dequeues token: [434]
I tensorflow/core/kernels/logging_ops.cc:79] Node 8 dequeues token: [434]
I tensorflow/core/kernels/logging_ops.cc:79] ~~~~~ daniter~~~ GLobalstep:[434][0.0077462033 0.0093421638...]
I tensorflow/core/kernels/logging_ops.cc:79] Node 11 dequeues token: [435]
I tensorflow/core/kernels/logging_ops.cc:79] Node 1 dequeues token: [435]
I tensorflow/core/kernels/logging_ops.cc:79] Node 13 dequeues token: [435]
I tensorflow/core/kernels/logging_ops.cc:79] Node 9 dequeues token: [435]
I tensorflow/core/kernels/logging_ops.cc:79] Node 15 dequeues token: [435]
I tensorflow/core/kernels/logging_ops.cc:79] Node 0 dequeues token: [434]
I tensorflow/core/kernels/logging_ops.cc:79] Node 5 dequeues token: [435]
I tensorflow/core/kernels/logging_ops.cc:79] Node 7 dequeues token: [435]
I tensorflow/core/kernels/logging_ops.cc:79] Node 3 dequeues token: [435]
I tensorflow/core/kernels/logging_ops.cc:79] ~~~~~ daniter~~~ GLobalstep:[435][0.0011675071 0.0046677319...]
I tensorflow/core/kernels/logging_ops.cc:79] Node 2 dequeues token: [436]
I tensorflow/core/kernels/logging_ops.cc:79] Node 10 dequeues token: [436]
I tensorflow/core/kernels/logging_ops.cc:79] Node 6 dequeues token: [436]
I tensorflow/core/kernels/logging_ops.cc:79] Node 12 dequeues token: [436]
I tensorflow/core/kernels/logging_ops.cc:79] Node 4 dequeues token: [436]
I tensorflow/core/kernels/logging_ops.cc:79] Node 14 dequeues token: [436]
I tensorflow/core/kernels/logging_ops.cc:79] Node 8 dequeues token: [436]
I tensorflow/core/kernels/logging_ops.cc:79] ~~~~~ daniter~~~ GLobalstep:[436][0.00096227776 0.002041277...]
I tensorflow/core/kernels/logging_ops.cc:79] Node 11 dequeues token: [437]
I tensorflow/core/kernels/logging_ops.cc:79] Node 1 dequeues token: [437]
I tensorflow/core/kernels/logging_ops.cc:79] Node 13 dequeues token: [437]
I tensorflow/core/kernels/logging_ops.cc:79] Node 9 dequeues token: [437]
I tensorflow/core/kernels/logging_ops.cc:79] Node 15 dequeues token: [437]
I tensorflow/core/kernels/logging_ops.cc:79] Node 0 dequeues token: [436]
I tensorflow/core/kernels/logging_ops.cc:79] Node 5 dequeues token: [437]
I tensorflow/core/kernels/logging_ops.cc:79] Node 7 dequeues token: [437]
I tensorflow/core/kernels/logging_ops.cc:79] Node 3 dequeues token: [437]
I tensorflow/core/kernels/logging_ops.cc:79] ~~~~~ daniter~~~ GLobalstep:[437][0.0059120236 0.0083363438...]
I tensorflow/core/kernels/logging_ops.cc:79] Node 14 dequeues token: [438]
I tensorflow/core/kernels/logging_ops.cc:79] Node 6 dequeues token: [438]
I tensorflow/core/kernels/logging_ops.cc:79] Node 0 dequeues token: [438]
I tensorflow/core/kernels/logging_ops.cc:79] Node 12 dequeues token: [438]
I tensorflow/core/kernels/logging_ops.cc:79] Node 4 dequeues token: [438]
I tensorflow/core/kernels/logging_ops.cc:79] Node 10 dequeues token: [438]
I tensorflow/core/kernels/logging_ops.cc:79] Node 2 dequeues token: [438]
I tensorflow/core/kernels/logging_ops.cc:79] Node 8 dequeues token: [438]
I tensorflow/core/kernels/logging_ops.cc:79] ~~~~~ daniter~~~ GLobalstep:[438][-0.00047552306 -0.00013228503...]
I tensorflow/core/kernels/logging_ops.cc:79] Node 11 dequeues token: [439]
I tensorflow/core/kernels/logging_ops.cc:79] Node 13 dequeues token: [439]
I tensorflow/core/kernels/logging_ops.cc:79] Node 9 dequeues token: [439]
I tensorflow/core/kernels/logging_ops.cc:79] Node 15 dequeues token: [439]
I tensorflow/core/kernels/logging_ops.cc:79] Node 5 dequeues token: [439]
I tensorflow/core/kernels/logging_ops.cc:79] Node 7 dequeues token: [439]
I tensorflow/core/kernels/logging_ops.cc:79] Node 3 dequeues token: [439]
I tensorflow/core/kernels/logging_ops.cc:79] ~~~~~ daniter~~~ GLobalstep:[439][0.00093017257 -0.0025414925...]
I tensorflow/core/kernels/logging_ops.cc:79] Node 1 dequeues token: [439]
I tensorflow/core/kernels/logging_ops.cc:79] Node 4 dequeues token: [440]
I tensorflow/core/kernels/logging_ops.cc:79] Node 2 dequeues token: [440]
I tensorflow/core/kernels/logging_ops.cc:79] Node 14 dequeues token: [440]
I tensorflow/core/kernels/logging_ops.cc:79] Node 0 dequeues token: [440]
I tensorflow/core/kernels/logging_ops.cc:79] Node 10 dequeues token: [440]
I tensorflow/core/kernels/logging_ops.cc:79] Node 12 dequeues token: [440]
I tensorflow/core/kernels/logging_ops.cc:79] Node 6 dequeues token: [440]
I tensorflow/core/kernels/logging_ops.cc:79] Node 8 dequeues token: [440]
I tensorflow/core/kernels/logging_ops.cc:79] ~~~~~ daniter~~~ GLobalstep:[440][0.0062073879 -0.0066302828...]
I tensorflow/core/kernels/logging_ops.cc:79] Node 11 dequeues token: [441]
I tensorflow/core/kernels/logging_ops.cc:79] Node 13 dequeues token: [441]
I tensorflow/core/kernels/logging_ops.cc:79] Node 9 dequeues token: [441]
I tensorflow/core/kernels/logging_ops.cc:79] Node 15 dequeues token: [441]
I tensorflow/core/kernels/logging_ops.cc:79] Node 5 dequeues token: [441]
I tensorflow/core/kernels/logging_ops.cc:79] Node 7 dequeues token: [441]
I tensorflow/core/kernels/logging_ops.cc:79] Node 3 dequeues token: [441]
I tensorflow/core/kernels/logging_ops.cc:79] Node 1 dequeues token: [441]
I tensorflow/core/kernels/logging_ops.cc:79] ~~~~~ daniter~~~ GLobalstep:[441][0.00324878 0.00062091672...]
I tensorflow/core/kernels/logging_ops.cc:79] Node 8 dequeues token: [442]
I tensorflow/core/kernels/logging_ops.cc:79] Node 2 dequeues token: [442]
I tensorflow/core/kernels/logging_ops.cc:79] Node 12 dequeues token: [442]
I tensorflow/core/kernels/logging_ops.cc:79] Node 10 dequeues token: [442]
I tensorflow/core/kernels/logging_ops.cc:79] Node 4 dequeues token: [442]
I tensorflow/core/kernels/logging_ops.cc:79] Node 14 dequeues token: [442]
I tensorflow/core/kernels/logging_ops.cc:79] ~~~~~ daniter~~~ GLobalstep:[442][-0.0016560156 0.00031694004...]
I tensorflow/core/kernels/logging_ops.cc:79] Node 0 dequeues token: [442]
I tensorflow/core/kernels/logging_ops.cc:79] Node 11 dequeues token: [443]
I tensorflow/core/kernels/logging_ops.cc:79] Node 13 dequeues token: [443]
I tensorflow/core/kernels/logging_ops.cc:79] Node 9 dequeues token: [443]
I tensorflow/core/kernels/logging_ops.cc:79] Node 15 dequeues token: [443]
I tensorflow/core/kernels/logging_ops.cc:79] Node 6 dequeues token: [442]
I tensorflow/core/kernels/logging_ops.cc:79] Node 5 dequeues token: [443]
I tensorflow/core/kernels/logging_ops.cc:79] Node 7 dequeues token: [443]
I tensorflow/core/kernels/logging_ops.cc:79] Node 3 dequeues token: [443]
I tensorflow/core/kernels/logging_ops.cc:79] Node 1 dequeues token: [443]
I tensorflow/core/kernels/logging_ops.cc:79] ~~~~~ daniter~~~ GLobalstep:[443][-0.0044172942 -0.003133181...]
I tensorflow/core/kernels/logging_ops.cc:79] Node 6 dequeues token: [444]
I tensorflow/core/kernels/logging_ops.cc:79] Node 12 dequeues token: [444]
I tensorflow/core/kernels/logging_ops.cc:79] Node 10 dequeues token: [444]
I tensorflow/core/kernels/logging_ops.cc:79] Node 4 dequeues token: [444]
I tensorflow/core/kernels/logging_ops.cc:79] Node 8 dequeues token: [444]
I tensorflow/core/kernels/logging_ops.cc:79] Node 2 dequeues token: [444]
I tensorflow/core/kernels/logging_ops.cc:79] Node 14 dequeues token: [444]
I tensorflow/core/kernels/logging_ops.cc:79] ~~~~~ daniter~~~ GLobalstep:[444][-0.048284855 -0.025712872...]
I tensorflow/core/kernels/logging_ops.cc:79] Node 0 dequeues token: [444]
I tensorflow/core/kernels/logging_ops.cc:79] Node 11 dequeues token: [445]
I tensorflow/core/kernels/logging_ops.cc:79] Node 13 dequeues token: [445]
I tensorflow/core/kernels/logging_ops.cc:79] Node 9 dequeues token: [445]
I tensorflow/core/kernels/logging_ops.cc:79] Node 15 dequeues token: [445]
I tensorflow/core/kernels/logging_ops.cc:79] Node 7 dequeues token: [445]
I tensorflow/core/kernels/logging_ops.cc:79] Node 5 dequeues token: [445]
I tensorflow/core/kernels/logging_ops.cc:79] Node 3 dequeues token: [445]
I tensorflow/core/kernels/logging_ops.cc:79] Node 1 dequeues token: [445]
I tensorflow/core/kernels/logging_ops.cc:79] ~~~~~ daniter~~~ GLobalstep:[445][-0.0069835735 -0.003584581...]
I tensorflow/core/kernels/logging_ops.cc:79] Node 8 dequeues token: [446]
I tensorflow/core/kernels/logging_ops.cc:79] Node 14 dequeues token: [446]
I tensorflow/core/kernels/logging_ops.cc:79] Node 4 dequeues token: [446]
I tensorflow/core/kernels/logging_ops.cc:79] Node 2 dequeues token: [446]
I tensorflow/core/kernels/logging_ops.cc:79] Node 12 dequeues token: [446]
I tensorflow/core/kernels/logging_ops.cc:79] Node 10 dequeues token: [446]
I tensorflow/core/kernels/logging_ops.cc:79] Node 0 dequeues token: [446]
I tensorflow/core/kernels/logging_ops.cc:79] ~~~~~ daniter~~~ GLobalstep:[446][-0.0056377184 -0.0049836962...]
I tensorflow/core/kernels/logging_ops.cc:79] Node 6 dequeues token: [446]
I tensorflow/core/kernels/logging_ops.cc:79] Node 9 dequeues token: [447]
I tensorflow/core/kernels/logging_ops.cc:79] Node 11 dequeues token: [447]
I tensorflow/core/kernels/logging_ops.cc:79] Node 15 dequeues token: [447]
I tensorflow/core/kernels/logging_ops.cc:79] Node 5 dequeues token: [447]
I tensorflow/core/kernels/logging_ops.cc:79] Node 7 dequeues token: [447]
I tensorflow/core/kernels/logging_ops.cc:79] Node 3 dequeues token: [447]
I tensorflow/core/kernels/logging_ops.cc:79] Node 1 dequeues token: [447]
I tensorflow/core/kernels/logging_ops.cc:79] Node 13 dequeues token: [447]
I tensorflow/core/kernels/logging_ops.cc:79] ~~~~~ daniter~~~ GLobalstep:[447][-0.012494573 0.0013961873...]
I tensorflow/core/kernels/logging_ops.cc:79] Node 14 dequeues token: [448]
I tensorflow/core/kernels/logging_ops.cc:79] Node 2 dequeues token: [448]
I tensorflow/core/kernels/logging_ops.cc:79] Node 10 dequeues token: [448]
I tensorflow/core/kernels/logging_ops.cc:79] Node 4 dequeues token: [448]
I tensorflow/core/kernels/logging_ops.cc:79] Node 12 dequeues token: [448]
I tensorflow/core/kernels/logging_ops.cc:79] Node 8 dequeues token: [448]
I tensorflow/core/kernels/logging_ops.cc:79] Node 0 dequeues token: [448]
I tensorflow/core/kernels/logging_ops.cc:79] Node 6 dequeues token: [448]
I tensorflow/core/kernels/logging_ops.cc:79] ~~~~~ daniter~~~ GLobalstep:[448][0.0014581662 -0.0023243087...]
I tensorflow/core/kernels/logging_ops.cc:79] Node 11 dequeues token: [449]
I tensorflow/core/kernels/logging_ops.cc:79] Node 15 dequeues token: [449]
I tensorflow/core/kernels/logging_ops.cc:79] Node 5 dequeues token: [449]
I tensorflow/core/kernels/logging_ops.cc:79] Node 7 dequeues token: [449]
I tensorflow/core/kernels/logging_ops.cc:79] Node 3 dequeues token: [449]
I tensorflow/core/kernels/logging_ops.cc:79] Node 1 dequeues token: [449]
I tensorflow/core/kernels/logging_ops.cc:79] Node 13 dequeues token: [449]
I tensorflow/core/kernels/logging_ops.cc:79] ~~~~~ daniter~~~ GLobalstep:[449][-0.0029532448 -0.030352438...]
I tensorflow/core/kernels/logging_ops.cc:79] Node 8 dequeues token: [450]
I tensorflow/core/kernels/logging_ops.cc:79] Node 2 dequeues token: [450]
I tensorflow/core/kernels/logging_ops.cc:79] Node 14 dequeues token: [450]
I tensorflow/core/kernels/logging_ops.cc:79] Node 4 dequeues token: [450]
I tensorflow/core/kernels/logging_ops.cc:79] Node 10 dequeues token: [450]
I tensorflow/core/kernels/logging_ops.cc:79] Node 0 dequeues token: [450]
I tensorflow/core/kernels/logging_ops.cc:79] Node 6 dequeues token: [450]
I tensorflow/core/kernels/logging_ops.cc:79] Node 9 dequeues token: [449]
I tensorflow/core/kernels/logging_ops.cc:79] ~~~~~ daniter~~~ GLobalstep:[450][-0.0034620329 -0.00018560077...]
I tensorflow/core/kernels/logging_ops.cc:79] Node 11 dequeues token: [451]
I tensorflow/core/kernels/logging_ops.cc:79] Node 9 dequeues token: [451]
I tensorflow/core/kernels/logging_ops.cc:79] Node 12 dequeues token: [450]
I tensorflow/core/kernels/logging_ops.cc:79] Node 15 dequeues token: [451]
I tensorflow/core/kernels/logging_ops.cc:79] Node 5 dequeues token: [451]
I tensorflow/core/kernels/logging_ops.cc:79] Node 7 dequeues token: [451]
I tensorflow/core/kernels/logging_ops.cc:79] Node 3 dequeues token: [451]
I tensorflow/core/kernels/logging_ops.cc:79] Node 1 dequeues token: [451]
I tensorflow/core/kernels/logging_ops.cc:79] Node 13 dequeues token: [451]
I tensorflow/core/kernels/logging_ops.cc:79] ~~~~~ daniter~~~ GLobalstep:[451][0.0016486656 0.0012281425...]
I tensorflow/core/kernels/logging_ops.cc:79] Node 14 dequeues token: [452]
I tensorflow/core/kernels/logging_ops.cc:79] Node 8 dequeues token: [452]
I tensorflow/core/kernels/logging_ops.cc:79] Node 0 dequeues token: [452]
I tensorflow/core/kernels/logging_ops.cc:79] Node 6 dequeues token: [452]
I tensorflow/core/kernels/logging_ops.cc:79] Node 2 dequeues token: [452]
I tensorflow/core/kernels/logging_ops.cc:79] Node 4 dequeues token: [452]
I tensorflow/core/kernels/logging_ops.cc:79] Node 10 dequeues token: [452]
I tensorflow/core/kernels/logging_ops.cc:79] Node 12 dequeues token: [452]
I tensorflow/core/kernels/logging_ops.cc:79] ~~~~~ daniter~~~ GLobalstep:[452][-0.0030305032 0.00029203924...]
I tensorflow/core/kernels/logging_ops.cc:79] Node 11 dequeues token: [453]
I tensorflow/core/kernels/logging_ops.cc:79] Node 15 dequeues token: [453]
I tensorflow/core/kernels/logging_ops.cc:79] Node 5 dequeues token: [453]
I tensorflow/core/kernels/logging_ops.cc:79] Node 3 dequeues token: [453]
I tensorflow/core/kernels/logging_ops.cc:79] Node 7 dequeues token: [453]
I tensorflow/core/kernels/logging_ops.cc:79] Node 1 dequeues token: [453]
I tensorflow/core/kernels/logging_ops.cc:79] Node 13 dequeues token: [453]
I tensorflow/core/kernels/logging_ops.cc:79] ~~~~~ daniter~~~ GLobalstep:[453][-0.0017891403 -0.0011272506...]
I tensorflow/core/kernels/logging_ops.cc:79] Node 0 dequeues token: [454]
I tensorflow/core/kernels/logging_ops.cc:79] Node 6 dequeues token: [454]
I tensorflow/core/kernels/logging_ops.cc:79] Node 8 dequeues token: [454]
I tensorflow/core/kernels/logging_ops.cc:79] Node 2 dequeues token: [454]
I tensorflow/core/kernels/logging_ops.cc:79] Node 4 dequeues token: [454]
I tensorflow/core/kernels/logging_ops.cc:79] Node 12 dequeues token: [454]
I tensorflow/core/kernels/logging_ops.cc:79] Node 10 dequeues token: [454]
I tensorflow/core/kernels/logging_ops.cc:79] Node 14 dequeues token: [454]
I tensorflow/core/kernels/logging_ops.cc:79] Node 9 dequeues token: [453]
I tensorflow/core/kernels/logging_ops.cc:79] ~~~~~ daniter~~~ GLobalstep:[454][0.00024165591 0.00025297437...]
I tensorflow/core/kernels/logging_ops.cc:79] Node 11 dequeues token: [455]
I tensorflow/core/kernels/logging_ops.cc:79] Node 9 dequeues token: [455]
I tensorflow/core/kernels/logging_ops.cc:79] Node 15 dequeues token: [455]
I tensorflow/core/kernels/logging_ops.cc:79] Node 5 dequeues token: [455]
I tensorflow/core/kernels/logging_ops.cc:79] Node 3 dequeues token: [455]
I tensorflow/core/kernels/logging_ops.cc:79] Node 1 dequeues token: [455]
I tensorflow/core/kernels/logging_ops.cc:79] Node 7 dequeues token: [455]
I tensorflow/core/kernels/logging_ops.cc:79] Node 13 dequeues token: [455]
I tensorflow/core/kernels/logging_ops.cc:79] ~~~~~ daniter~~~ GLobalstep:[455][0.0016476694 0.00020951538...]
I tensorflow/core/kernels/logging_ops.cc:79] Node 4 dequeues token: [456]
I tensorflow/core/kernels/logging_ops.cc:79] Node 6 dequeues token: [456]
I tensorflow/core/kernels/logging_ops.cc:79] Node 0 dequeues token: [456]
I tensorflow/core/kernels/logging_ops.cc:79] Node 2 dequeues token: [456]
I tensorflow/core/kernels/logging_ops.cc:79] Node 8 dequeues token: [456]
I tensorflow/core/kernels/logging_ops.cc:79] Node 14 dequeues token: [456]
I tensorflow/core/kernels/logging_ops.cc:79] Node 10 dequeues token: [456]
I tensorflow/core/kernels/logging_ops.cc:79] ~~~~~ daniter~~~ GLobalstep:[456][-0.00047452707 -0.0018249233...]
I tensorflow/core/kernels/logging_ops.cc:79] Node 11 dequeues token: [457]
I tensorflow/core/kernels/logging_ops.cc:79] Node 3 dequeues token: [457]
I tensorflow/core/kernels/logging_ops.cc:79] Node 15 dequeues token: [457]
I tensorflow/core/kernels/logging_ops.cc:79] Node 12 dequeues token: [456]
I tensorflow/core/kernels/logging_ops.cc:79] Node 1 dequeues token: [457]
I tensorflow/core/kernels/logging_ops.cc:79] Node 5 dequeues token: [457]
I tensorflow/core/kernels/logging_ops.cc:79] Node 7 dequeues token: [457]
I tensorflow/core/kernels/logging_ops.cc:79] Node 13 dequeues token: [457]
I tensorflow/core/kernels/logging_ops.cc:79] Node 9 dequeues token: [457]
I tensorflow/core/kernels/logging_ops.cc:79] ~~~~~ daniter~~~ GLobalstep:[457][-0.0034893041 9.0443587e-05...]
I tensorflow/core/kernels/logging_ops.cc:79] Node 0 dequeues token: [458]
I tensorflow/core/kernels/logging_ops.cc:79] Node 8 dequeues token: [458]
I tensorflow/core/kernels/logging_ops.cc:79] Node 6 dequeues token: [458]
I tensorflow/core/kernels/logging_ops.cc:79] Node 2 dequeues token: [458]
I tensorflow/core/kernels/logging_ops.cc:79] Node 4 dequeues token: [458]
I tensorflow/core/kernels/logging_ops.cc:79] Node 12 dequeues token: [458]
I tensorflow/core/kernels/logging_ops.cc:79] Node 10 dequeues token: [458]
I tensorflow/core/kernels/logging_ops.cc:79] Node 14 dequeues token: [458]
I tensorflow/core/kernels/logging_ops.cc:79] ~~~~~ daniter~~~ GLobalstep:[458][-0.0057423562 0.00018891825...]
I tensorflow/core/kernels/logging_ops.cc:79] Node 3 dequeues token: [459]
I tensorflow/core/kernels/logging_ops.cc:79] Node 11 dequeues token: [459]
I tensorflow/core/kernels/logging_ops.cc:79] Node 1 dequeues token: [459]
I tensorflow/core/kernels/logging_ops.cc:79] Node 15 dequeues token: [459]
I tensorflow/core/kernels/logging_ops.cc:79] Node 5 dequeues token: [459]
I tensorflow/core/kernels/logging_ops.cc:79] Node 7 dequeues token: [459]
I tensorflow/core/kernels/logging_ops.cc:79] Node 13 dequeues token: [459]
I tensorflow/core/kernels/logging_ops.cc:79] Node 9 dequeues token: [459]
I tensorflow/core/kernels/logging_ops.cc:79] ~~~~~ daniter~~~ GLobalstep:[459][-2.9561168e-05 -0.00041231239...]
I tensorflow/core/kernels/logging_ops.cc:79] ~~~~~ daniter~~~ GLobalstep:[459][0.0024783195 0.001281433...]
I tensorflow/core/kernels/logging_ops.cc:79] Node 0 dequeues token: [460]
I tensorflow/core/kernels/logging_ops.cc:79] Node 14 dequeues token: [460]
I tensorflow/core/kernels/logging_ops.cc:79] Node 8 dequeues token: [460]
I tensorflow/core/kernels/logging_ops.cc:79] Node 6 dequeues token: [460]
I tensorflow/core/kernels/logging_ops.cc:79] Node 2 dequeues token: [460]
I tensorflow/core/kernels/logging_ops.cc:79] Node 10 dequeues token: [460]
I tensorflow/core/kernels/logging_ops.cc:79] Node 4 dequeues token: [460]
I tensorflow/core/kernels/logging_ops.cc:79] Node 12 dequeues token: [460]
I tensorflow/core/kernels/logging_ops.cc:79] Node 3 dequeues token: [461]
I tensorflow/core/kernels/logging_ops.cc:79] Node 11 dequeues token: [461]
I tensorflow/core/kernels/logging_ops.cc:79] Node 1 dequeues token: [461]
I tensorflow/core/kernels/logging_ops.cc:79] Node 5 dequeues token: [461]
I tensorflow/core/kernels/logging_ops.cc:79] Node 15 dequeues token: [461]
I tensorflow/core/kernels/logging_ops.cc:79] Node 7 dequeues token: [461]
I tensorflow/core/kernels/logging_ops.cc:79] Node 13 dequeues token: [461]
I tensorflow/core/kernels/logging_ops.cc:79] Node 9 dequeues token: [461]
I tensorflow/core/kernels/logging_ops.cc:79] ~~~~~ daniter~~~ GLobalstep:[461][0.00091286772 0.00068058743...]
I tensorflow/core/kernels/logging_ops.cc:79] ~~~~~ daniter~~~ GLobalstep:[461][-0.0018791859 -0.0011040077...]
I tensorflow/core/kernels/logging_ops.cc:79] Node 14 dequeues token: [462]
I tensorflow/core/kernels/logging_ops.cc:79] Node 2 dequeues token: [462]
I tensorflow/core/kernels/logging_ops.cc:79] Node 10 dequeues token: [462]
I tensorflow/core/kernels/logging_ops.cc:79] Node 4 dequeues token: [462]
I tensorflow/core/kernels/logging_ops.cc:79] Node 12 dequeues token: [462]
I tensorflow/core/kernels/logging_ops.cc:79] Node 0 dequeues token: [462]
I tensorflow/core/kernels/logging_ops.cc:79] Node 6 dequeues token: [462]
I tensorflow/core/kernels/logging_ops.cc:79] Node 8 dequeues token: [462]
I tensorflow/core/kernels/logging_ops.cc:79] Node 11 dequeues token: [463]
I tensorflow/core/kernels/logging_ops.cc:79] Node 3 dequeues token: [463]
I tensorflow/core/kernels/logging_ops.cc:79] Node 1 dequeues token: [463]
I tensorflow/core/kernels/logging_ops.cc:79] Node 5 dequeues token: [463]
I tensorflow/core/kernels/logging_ops.cc:79] Node 15 dequeues token: [463]
I tensorflow/core/kernels/logging_ops.cc:79] Node 7 dequeues token: [463]
I tensorflow/core/kernels/logging_ops.cc:79] Node 13 dequeues token: [463]
I tensorflow/core/kernels/logging_ops.cc:79] Node 9 dequeues token: [463]
I tensorflow/core/kernels/logging_ops.cc:79] ~~~~~ daniter~~~ GLobalstep:[463][0.0016587256 0.0031117771...]
I tensorflow/core/kernels/logging_ops.cc:79] Node 1 dequeues token: [464]
I tensorflow/core/kernels/logging_ops.cc:79] Node 11 dequeues token: [464]
I tensorflow/core/kernels/logging_ops.cc:79] ~~~~~ daniter~~~ GLobalstep:[464][-0.0010845102 0.00035928289...]
I tensorflow/core/kernels/logging_ops.cc:79] Node 3 dequeues token: [464]
I tensorflow/core/kernels/logging_ops.cc:79] Node 12 dequeues token: [465]
I tensorflow/core/kernels/logging_ops.cc:79] Node 10 dequeues token: [465]
I tensorflow/core/kernels/logging_ops.cc:79] Node 8 dequeues token: [465]
I tensorflow/core/kernels/logging_ops.cc:79] Node 6 dequeues token: [465]
I tensorflow/core/kernels/logging_ops.cc:79] Node 4 dequeues token: [465]
I tensorflow/core/kernels/logging_ops.cc:79] Node 0 dequeues token: [465]
I tensorflow/core/kernels/logging_ops.cc:79] Node 2 dequeues token: [465]
I tensorflow/core/kernels/logging_ops.cc:79] Node 14 dequeues token: [465]
I tensorflow/core/kernels/logging_ops.cc:79] Node 11 dequeues token: [464]
I tensorflow/core/kernels/logging_ops.cc:79] Node 3 dequeues token: [464]
I tensorflow/core/kernels/logging_ops.cc:79] Node 13 dequeues token: [464]
I tensorflow/core/kernels/logging_ops.cc:79] Node 5 dequeues token: [464]
I tensorflow/core/kernels/logging_ops.cc:79] Node 15 dequeues token: [464]
I tensorflow/core/kernels/logging_ops.cc:79] ~~~~~ daniter~~~ GLobalstep:[465][0.0058581685 0.0020382607...]
I tensorflow/core/kernels/logging_ops.cc:79] ~~~~~ daniter~~~ GLobalstep:[465][0.00082624977 -0.00057848304...]
I tensorflow/core/kernels/logging_ops.cc:79] Node 14 dequeues token: [466]
I tensorflow/core/kernels/logging_ops.cc:79] Node 2 dequeues token: [466]
I tensorflow/core/kernels/logging_ops.cc:79] Node 0 dequeues token: [466]
I tensorflow/core/kernels/logging_ops.cc:79] Node 8 dequeues token: [466]
I tensorflow/core/kernels/logging_ops.cc:79] Node 10 dequeues token: [466]
I tensorflow/core/kernels/logging_ops.cc:79] Node 6 dequeues token: [466]
I tensorflow/core/kernels/logging_ops.cc:79] Node 12 dequeues token: [466]
I tensorflow/core/kernels/logging_ops.cc:79] Node 4 dequeues token: [466]
I tensorflow/core/kernels/logging_ops.cc:79] Node 3 dequeues token: [467]
I tensorflow/core/kernels/logging_ops.cc:79] Node 5 dequeues token: [467]
I tensorflow/core/kernels/logging_ops.cc:79] Node 15 dequeues token: [467]
I tensorflow/core/kernels/logging_ops.cc:79] Node 11 dequeues token: [467]
I tensorflow/core/kernels/logging_ops.cc:79] Node 1 dequeues token: [467]
I tensorflow/core/kernels/logging_ops.cc:79] Node 13 dequeues token: [467]
I tensorflow/core/kernels/logging_ops.cc:79] Node 9 dequeues token: [467]
I tensorflow/core/kernels/logging_ops.cc:79] Node 7 dequeues token: [467]
I tensorflow/core/kernels/logging_ops.cc:79] ~~~~~ daniter~~~ GLobalstep:[467][-0.0014224485 0.00042955414...]
I tensorflow/core/kernels/logging_ops.cc:79] Node 14 dequeues token: [468]
I tensorflow/core/kernels/logging_ops.cc:79] Node 2 dequeues token: [468]
I tensorflow/core/kernels/logging_ops.cc:79] Node 0 dequeues token: [468]
I tensorflow/core/kernels/logging_ops.cc:79] Node 8 dequeues token: [468]
I tensorflow/core/kernels/logging_ops.cc:79] Node 6 dequeues token: [468]
I tensorflow/core/kernels/logging_ops.cc:79] Node 10 dequeues token: [468]
I tensorflow/core/kernels/logging_ops.cc:79] Node 4 dequeues token: [468]
I tensorflow/core/kernels/logging_ops.cc:79] Node 12 dequeues token: [468]
I tensorflow/core/kernels/logging_ops.cc:79] ~~~~~ daniter~~~ GLobalstep:[468][-0.00082100526 -0.00093255227...]
I tensorflow/core/kernels/logging_ops.cc:79] Node 13 dequeues token: [469]
I tensorflow/core/kernels/logging_ops.cc:79] Node 1 dequeues token: [469]
I tensorflow/core/kernels/logging_ops.cc:79] Node 7 dequeues token: [469]
I tensorflow/core/kernels/logging_ops.cc:79] Node 11 dequeues token: [469]
I tensorflow/core/kernels/logging_ops.cc:79] Node 9 dequeues token: [469]
I tensorflow/core/kernels/logging_ops.cc:79] Node 5 dequeues token: [469]
I tensorflow/core/kernels/logging_ops.cc:79] Node 15 dequeues token: [469]
I tensorflow/core/kernels/logging_ops.cc:79] Node 3 dequeues token: [469]
I tensorflow/core/kernels/logging_ops.cc:79] ~~~~~ daniter~~~ GLobalstep:[469][-0.0014160945 -0.00025274768...]
I tensorflow/core/kernels/logging_ops.cc:79] Node 14 dequeues token: [470]
I tensorflow/core/kernels/logging_ops.cc:79] Node 8 dequeues token: [470]
I tensorflow/core/kernels/logging_ops.cc:79] Node 10 dequeues token: [470]
I tensorflow/core/kernels/logging_ops.cc:79] Node 6 dequeues token: [470]
I tensorflow/core/kernels/logging_ops.cc:79] Node 2 dequeues token: [470]
I tensorflow/core/kernels/logging_ops.cc:79] Node 0 dequeues token: [470]
I tensorflow/core/kernels/logging_ops.cc:79] Node 4 dequeues token: [470]
I tensorflow/core/kernels/logging_ops.cc:79] Node 12 dequeues token: [470]
I tensorflow/core/kernels/logging_ops.cc:79] ~~~~~ daniter~~~ GLobalstep:[470][-0.013319483 0.0014277529...]
I tensorflow/core/kernels/logging_ops.cc:79] Node 1 dequeues token: [471]
I tensorflow/core/kernels/logging_ops.cc:79] Node 9 dequeues token: [471]
I tensorflow/core/kernels/logging_ops.cc:79] Node 7 dequeues token: [471]
I tensorflow/core/kernels/logging_ops.cc:79] Node 11 dequeues token: [471]
I tensorflow/core/kernels/logging_ops.cc:79] Node 13 dequeues token: [471]
I tensorflow/core/kernels/logging_ops.cc:79] Node 15 dequeues token: [471]
I tensorflow/core/kernels/logging_ops.cc:79] Node 5 dequeues token: [471]
I tensorflow/core/kernels/logging_ops.cc:79] Node 3 dequeues token: [471]
I tensorflow/core/kernels/logging_ops.cc:79] ~~~~~ daniter~~~ GLobalstep:[471][0.0039018302 0.0036560677...]
I tensorflow/core/kernels/logging_ops.cc:79] Node 8 dequeues token: [472]
I tensorflow/core/kernels/logging_ops.cc:79] Node 0 dequeues token: [472]
I tensorflow/core/kernels/logging_ops.cc:79] Node 14 dequeues token: [472]
I tensorflow/core/kernels/logging_ops.cc:79] Node 2 dequeues token: [472]
I tensorflow/core/kernels/logging_ops.cc:79] Node 6 dequeues token: [472]
I tensorflow/core/kernels/logging_ops.cc:79] Node 10 dequeues token: [472]
I tensorflow/core/kernels/logging_ops.cc:79] Node 4 dequeues token: [472]
I tensorflow/core/kernels/logging_ops.cc:79] Node 12 dequeues token: [472]
I tensorflow/core/kernels/logging_ops.cc:79] ~~~~~ daniter~~~ GLobalstep:[472][0.0016877621 0.0015564826...]
I tensorflow/core/kernels/logging_ops.cc:79] Node 11 dequeues token: [473]
I tensorflow/core/kernels/logging_ops.cc:79] Node 9 dequeues token: [473]
I tensorflow/core/kernels/logging_ops.cc:79] Node 1 dequeues token: [473]
I tensorflow/core/kernels/logging_ops.cc:79] Node 13 dequeues token: [473]
I tensorflow/core/kernels/logging_ops.cc:79] Node 7 dequeues token: [473]
I tensorflow/core/kernels/logging_ops.cc:79] Node 3 dequeues token: [473]
I tensorflow/core/kernels/logging_ops.cc:79] Node 15 dequeues token: [473]
I tensorflow/core/kernels/logging_ops.cc:79] Node 5 dequeues token: [473]
I tensorflow/core/kernels/logging_ops.cc:79] ~~~~~ daniter~~~ GLobalstep:[473][0.000855056 -0.0021208124...]
I tensorflow/core/kernels/logging_ops.cc:79] Node 14 dequeues token: [474]
I tensorflow/core/kernels/logging_ops.cc:79] Node 2 dequeues token: [474]
I tensorflow/core/kernels/logging_ops.cc:79] Node 10 dequeues token: [474]
I tensorflow/core/kernels/logging_ops.cc:79] Node 6 dequeues token: [474]
I tensorflow/core/kernels/logging_ops.cc:79] Node 8 dequeues token: [474]
I tensorflow/core/kernels/logging_ops.cc:79] Node 0 dequeues token: [474]
I tensorflow/core/kernels/logging_ops.cc:79] Node 12 dequeues token: [474]
I tensorflow/core/kernels/logging_ops.cc:79] Node 4 dequeues token: [474]
I tensorflow/core/kernels/logging_ops.cc:79] ~~~~~ daniter~~~ GLobalstep:[474][-0.006635821 -0.0012892601...]
I tensorflow/core/kernels/logging_ops.cc:79] Node 13 dequeues token: [475]
I tensorflow/core/kernels/logging_ops.cc:79] Node 3 dequeues token: [475]
I tensorflow/core/kernels/logging_ops.cc:79] Node 1 dequeues token: [475]
I tensorflow/core/kernels/logging_ops.cc:79] Node 9 dequeues token: [475]
I tensorflow/core/kernels/logging_ops.cc:79] Node 11 dequeues token: [475]
I tensorflow/core/kernels/logging_ops.cc:79] Node 7 dequeues token: [475]
I tensorflow/core/kernels/logging_ops.cc:79] Node 5 dequeues token: [475]
I tensorflow/core/kernels/logging_ops.cc:79] Node 15 dequeues token: [475]
I tensorflow/core/kernels/logging_ops.cc:79] ~~~~~ daniter~~~ GLobalstep:[475][-0.00073226233 -0.00080746645...]
I tensorflow/core/kernels/logging_ops.cc:79] Node 14 dequeues token: [476]
I tensorflow/core/kernels/logging_ops.cc:79] Node 0 dequeues token: [476]
I tensorflow/core/kernels/logging_ops.cc:79] Node 8 dequeues token: [476]
I tensorflow/core/kernels/logging_ops.cc:79] Node 6 dequeues token: [476]
I tensorflow/core/kernels/logging_ops.cc:79] Node 2 dequeues token: [476]
I tensorflow/core/kernels/logging_ops.cc:79] Node 10 dequeues token: [476]
I tensorflow/core/kernels/logging_ops.cc:79] Node 12 dequeues token: [476]
I tensorflow/core/kernels/logging_ops.cc:79] Node 4 dequeues token: [476]
I tensorflow/core/kernels/logging_ops.cc:79] ~~~~~ daniter~~~ GLobalstep:[476][-0.00058612745 -5.8720718e-05...]
I tensorflow/core/kernels/logging_ops.cc:79] Node 1 dequeues token: [477]
I tensorflow/core/kernels/logging_ops.cc:79] Node 3 dequeues token: [477]
I tensorflow/core/kernels/logging_ops.cc:79] Node 9 dequeues token: [477]
I tensorflow/core/kernels/logging_ops.cc:79] Node 13 dequeues token: [477]
I tensorflow/core/kernels/logging_ops.cc:79] Node 11 dequeues token: [477]
I tensorflow/core/kernels/logging_ops.cc:79] Node 5 dequeues token: [477]
I tensorflow/core/kernels/logging_ops.cc:79] Node 7 dequeues token: [477]
I tensorflow/core/kernels/logging_ops.cc:79] Node 15 dequeues token: [477]
I tensorflow/core/kernels/logging_ops.cc:79] ~~~~~ daniter~~~ GLobalstep:[477][0.00022817636 0.00015556974...]
I tensorflow/core/kernels/logging_ops.cc:79] Node 10 dequeues token: [478]
I tensorflow/core/kernels/logging_ops.cc:79] Node 8 dequeues token: [478]
I tensorflow/core/kernels/logging_ops.cc:79] Node 14 dequeues token: [478]
I tensorflow/core/kernels/logging_ops.cc:79] Node 0 dequeues token: [478]
I tensorflow/core/kernels/logging_ops.cc:79] Node 2 dequeues token: [478]
I tensorflow/core/kernels/logging_ops.cc:79] Node 6 dequeues token: [478]
I tensorflow/core/kernels/logging_ops.cc:79] Node 12 dequeues token: [478]
I tensorflow/core/kernels/logging_ops.cc:79] Node 4 dequeues token: [478]
run-ps-16node.sh: line 21: 65538 Terminated              CUDA_VISIBLE_DEVICES='' bazel-bin/inception/imagenet_distributed_train --batch_size=16 --data_dir=/lfs/local/0/daniter/imagenet-8 --job_name='ps' --task_id=0 --ps_hosts='localhost:2228' --worker_hosts='localhost:2201,localhost:2202,localhost:2203,localhost:2204,localhost:2205,localhost:2206,localhost:2207,localhost:2208,localhost:2209,localhost:2210,localhost:2211,localhost:2212,localhost:2213,localhost:2214,localhost:2215,localhost:2216' --initial_learning_rate=$1 --momentum=$2 --sync=True --compute_groups=$3
