INFO:tensorflow:PS hosts are: ['localhost:2228']
INFO:tensorflow:Worker hosts are: ['localhost:2201', 'localhost:2202', 'localhost:2203', 'localhost:2204', 'localhost:2205', 'localhost:2206', 'localhost:2207', 'localhost:2208', 'localhost:2209', 'localhost:2210', 'localhost:2211', 'localhost:2212', 'localhost:2213', 'localhost:2214', 'localhost:2215', 'localhost:2216']
I tensorflow/core/distributed_runtime/rpc/grpc_channel.cc:206] Initialize HostPortsGrpcChannelCache for job ps -> {localhost:2228}
I tensorflow/core/distributed_runtime/rpc/grpc_channel.cc:206] Initialize HostPortsGrpcChannelCache for job worker -> {localhost:2201, localhost:2202, localhost:2203, localhost:2204, localhost:2205, localhost:2206, localhost:2207, localhost:2208, localhost:2209, localhost:2210, localhost:2211, localhost:2212, localhost:2213, localhost:2214, localhost:2215, localhost:2216}
I tensorflow/core/distributed_runtime/rpc/grpc_server_lib.cc:202] Started server with target: grpc://localhost:2201
INFO:tensorflow:Learning rate: 0.005000, momentum: 0.900000
INFO:tensorflow:Sync mode!!!!!!
INFO:tensorflow:Compute groups : 2
INFO:tensorflow:SyncReplicas enabled: replicas_to_aggregate=16; total_num_replicas=16
INFO:tensorflow:Num nodes per compute groups: 8
INFO:tensorflow:Tokens per step: 8
INFO:tensorflow:2016-07-20 00:22:21.427505 Supervisor
INFO:tensorflow:Restored model from /lfs/local/0/daniter/cg-snapshot/model.ckpt-399
INFO:tensorflow:got sessions!
INFO:tensorflow:Started 3 queues for processing input data.
INFO:tensorflow:global_step/sec: 0
INFO:tensorflow:Step: 399, Loss: 6.062698, time: 7.714 sec/batch
INFO:tensorflow:Step: 399, Loss: 6.045074, time: 4.855 sec/batch
INFO:tensorflow:Step: 399, Loss: 5.898357, time: 4.958 sec/batch
INFO:tensorflow:Step: 399, Loss: 4.915359, time: 5.285 sec/batch
INFO:tensorflow:Step: 399, Loss: 6.038409, time: 84.672 sec/batch
INFO:tensorflow:global_step/sec: 0.00843536
INFO:tensorflow:Step: 400, Loss: 6.290658, time: 67.724 sec/batch
INFO:tensorflow:Step: 401, Loss: 5.426150, time: 60.813 sec/batch
INFO:tensorflow:global_step/sec: 0.0250605
INFO:tensorflow:Step: 403, Loss: 5.789701, time: 60.427 sec/batch
INFO:tensorflow:Step: 405, Loss: 6.202786, time: 61.274 sec/batch
INFO:tensorflow:global_step/sec: 0.0332122
INFO:tensorflow:Step: 407, Loss: 5.794911, time: 61.527 sec/batch
INFO:tensorflow:global_step/sec: 0.0334671
INFO:tensorflow:Step: 409, Loss: 6.716351, time: 58.995 sec/batch
INFO:tensorflow:Step: 411, Loss: 6.313852, time: 60.460 sec/batch
INFO:tensorflow:global_step/sec: 0.0166637
INFO:tensorflow:Step: 412, Loss: 6.155688, time: 62.604 sec/batch
INFO:tensorflow:Step: 414, Loss: 7.234341, time: 58.508 sec/batch
INFO:tensorflow:Step: 415, Loss: 5.946320, time: 56.666 sec/batch
INFO:tensorflow:global_step/sec: 0.0332958
INFO:tensorflow:Step: 417, Loss: 8.646422, time: 63.133 sec/batch
INFO:tensorflow:global_step/sec: 0.0333678
INFO:tensorflow:Step: 419, Loss: 5.649619, time: 60.669 sec/batch
INFO:tensorflow:Step: 421, Loss: 5.472832, time: 62.207 sec/batch
INFO:tensorflow:global_step/sec: 0.0333098
INFO:tensorflow:Step: 423, Loss: 6.343185, time: 57.678 sec/batch
INFO:tensorflow:Step: 425, Loss: 6.527267, time: 60.445 sec/batch
INFO:tensorflow:global_step/sec: 0.0333648
INFO:tensorflow:Step: 427, Loss: 7.668032, time: 61.178 sec/batch
INFO:tensorflow:Step: 429, Loss: 6.272521, time: 59.744 sec/batch
INFO:tensorflow:Step: 431, Loss: 6.435324, time: 59.975 sec/batch
INFO:tensorflow:Step: 433, Loss: 6.055614, time: 62.816 sec/batch
INFO:tensorflow:Step: 435, Loss: 7.842608, time: 59.310 sec/batch
INFO:tensorflow:Step: 437, Loss: 7.058702, time: 55.416 sec/batch
INFO:tensorflow:Step: 439, Loss: 6.572181, time: 55.649 sec/batch
INFO:tensorflow:Step: 440, Loss: 8.717257, time: 62.319 sec/batch
INFO:tensorflow:Step: 442, Loss: 6.827752, time: 60.209 sec/batch
INFO:tensorflow:Step: 444, Loss: 7.137441, time: 60.916 sec/batch
INFO:tensorflow:Step: 446, Loss: 6.384083, time: 56.224 sec/batch
INFO:tensorflow:Step: 448, Loss: 7.562106, time: 60.460 sec/batch
INFO:tensorflow:Step: 450, Loss: 8.111516, time: 63.067 sec/batch
INFO:tensorflow:Step: 452, Loss: 7.320171, time: 65.596 sec/batch
INFO:tensorflow:Step: 454, Loss: 6.788847, time: 63.958 sec/batch
INFO:tensorflow:Step: 456, Loss: 6.526357, time: 63.044 sec/batch
INFO:tensorflow:Step: 458, Loss: 6.197353, time: 63.683 sec/batch
INFO:tensorflow:Step: 460, Loss: 6.804509, time: 63.976 sec/batch
INFO:tensorflow:Step: 462, Loss: 7.102554, time: 63.728 sec/batch
INFO:tensorflow:Step: 465, Loss: 6.866467, time: 62.743 sec/batch
INFO:tensorflow:Step: 466, Loss: 6.655857, time: 59.195 sec/batch
INFO:tensorflow:Step: 468, Loss: 6.133650, time: 62.866 sec/batch
INFO:tensorflow:Step: 470, Loss: 7.384405, time: 62.935 sec/batch
INFO:tensorflow:Step: 472, Loss: 6.358229, time: 64.206 sec/batch
INFO:tensorflow:Step: 474, Loss: 6.113281, time: 60.772 sec/batch
INFO:tensorflow:Step: 476, Loss: 6.203259, time: 62.563 sec/batch
run-expr-16node.sh: line 23: 65541 Terminated              CUDA_VISIBLE_DEVICES='' bazel-bin/inception/imagenet_distributed_train --batch_size=16 --data_dir=/lfs/local/0/daniter/imagenet-8-$2 --job_name='worker' --task_id=$2 --ps_hosts='localhost:2228' --worker_hosts='localhost:2201,localhost:2202,localhost:2203,localhost:2204,localhost:2205,localhost:2206,localhost:2207,localhost:2208,localhost:2209,localhost:2210,localhost:2211,localhost:2212,localhost:2213,localhost:2214,localhost:2215,localhost:2216' --initial_learning_rate=$3 --momentum=$4 --sync=True --compute_groups=$5
