DISPLAY "(null)" invalid; disabling X11 forwarding
I tensorflow/stream_executor/dso_loader.cc:108] successfully opened CUDA library libcublas.so locally
I tensorflow/stream_executor/dso_loader.cc:108] successfully opened CUDA library libcudnn.so locally
I tensorflow/stream_executor/dso_loader.cc:108] successfully opened CUDA library libcufft.so locally
I tensorflow/stream_executor/dso_loader.cc:108] successfully opened CUDA library libcuda.so locally
I tensorflow/stream_executor/dso_loader.cc:108] successfully opened CUDA library libcurand.so locally
INFO:tensorflow:PS hosts are: ['raiders1:2228']
INFO:tensorflow:Worker hosts are: ['raiders1:2200', 'raiders1:2201', 'raiders3:2209', 'raiders3:2210']
I tensorflow/core/common_runtime/gpu/gpu_init.cc:102] Found device 0 with properties: 
name: GeForce GTX TITAN X
major: 5 minor: 2 memoryClockRate (GHz) 1.076
pciBusID 0000:43:00.0
Total memory: 11.92GiB
Free memory: 11.81GiB
I tensorflow/core/common_runtime/gpu/gpu_init.cc:126] DMA: 0 
I tensorflow/core/common_runtime/gpu/gpu_init.cc:136] 0:   Y 
I tensorflow/core/common_runtime/gpu/gpu_device.cc:806] Creating TensorFlow device (/gpu:0) -> (device: 0, name: GeForce GTX TITAN X, pci bus id: 0000:43:00.0)
I tensorflow/core/distributed_runtime/rpc/grpc_channel.cc:206] Initialize HostPortsGrpcChannelCache for job ps -> {raiders1:2228}
I tensorflow/core/distributed_runtime/rpc/grpc_channel.cc:206] Initialize HostPortsGrpcChannelCache for job worker -> {raiders1:2200, raiders1:2201, raiders3:2209, localhost:2210}
I tensorflow/core/distributed_runtime/rpc/grpc_server_lib.cc:202] Started server with target: grpc://localhost:2210
INFO:tensorflow:Learning rate: 0.010000, momentum: 0.600000
INFO:tensorflow:Sync mode!!!!!!
INFO:tensorflow:Compute groups : 2
INFO:tensorflow:SyncReplicas enabled: replicas_to_aggregate=4; total_num_replicas=4
INFO:tensorflow:Num nodes per compute groups: 2
INFO:tensorflow:Tokens per step: 2
INFO:tensorflow:2016-07-20 04:01:00.377385 Supervisor
INFO:tensorflow:got sessions!
INFO:tensorflow:Started 3 queues for processing input data.
I tensorflow/core/common_runtime/gpu/pool_allocator.cc:244] PoolAllocator: After 3576 get requests, put_count=2565 evicted_count=1000 eviction_rate=0.389864 and unsatisfied allocation rate=0.590324
I tensorflow/core/common_runtime/gpu/pool_allocator.cc:256] Raising pool_size_limit_ from 100 to 110
INFO:tensorflow:Step: 399, Loss: 5.185947, time: 21.095 sec/batch
INFO:tensorflow:Step: 399, Loss: 5.272142, time: 1.245 sec/batch
INFO:tensorflow:Step: 399, Loss: 5.500451, time: 1.495 sec/batch
INFO:tensorflow:Step: 400, Loss: 5.221082, time: 1.138 sec/batch
INFO:tensorflow:Step: 401, Loss: 5.684585, time: 1.243 sec/batch
I tensorflow/core/common_runtime/gpu/pool_allocator.cc:244] PoolAllocator: After 0 get requests, put_count=1016 evicted_count=1000 eviction_rate=0.984252 and unsatisfied allocation rate=0
INFO:tensorflow:Step: 401, Loss: 5.339318, time: 2.217 sec/batch
INFO:tensorflow:Step: 402, Loss: 5.398812, time: 2.354 sec/batch
INFO:tensorflow:Step: 403, Loss: 5.153477, time: 1.390 sec/batch
INFO:tensorflow:Step: 405, Loss: 5.366934, time: 1.438 sec/batch
INFO:tensorflow:Step: 406, Loss: 5.341753, time: 1.699 sec/batch
I tensorflow/core/common_runtime/gpu/pool_allocator.cc:244] PoolAllocator: After 0 get requests, put_count=1025 evicted_count=1000 eviction_rate=0.97561 and unsatisfied allocation rate=0
INFO:tensorflow:Step: 407, Loss: 5.473164, time: 1.330 sec/batch
INFO:tensorflow:Step: 409, Loss: 5.364354, time: 1.262 sec/batch
INFO:tensorflow:Step: 411, Loss: 5.316978, time: 1.621 sec/batch
INFO:tensorflow:Step: 411, Loss: 5.527056, time: 1.440 sec/batch
INFO:tensorflow:Step: 413, Loss: 5.577929, time: 1.279 sec/batch
INFO:tensorflow:Step: 414, Loss: 5.422602, time: 1.269 sec/batch
I tensorflow/core/common_runtime/gpu/pool_allocator.cc:244] PoolAllocator: After 0 get requests, put_count=1044 evicted_count=1000 eviction_rate=0.957854 and unsatisfied allocation rate=0
INFO:tensorflow:Step: 416, Loss: 5.130185, time: 1.915 sec/batch
INFO:tensorflow:Step: 418, Loss: 5.331963, time: 1.635 sec/batch
INFO:tensorflow:Step: 421, Loss: 5.290844, time: 1.815 sec/batch
INFO:tensorflow:Step: 422, Loss: 5.102677, time: 1.797 sec/batch
INFO:tensorflow:Step: 424, Loss: 5.228411, time: 1.423 sec/batch
INFO:tensorflow:Step: 426, Loss: 5.351019, time: 1.738 sec/batch
INFO:tensorflow:Step: 428, Loss: 5.089554, time: 1.794 sec/batch
I tensorflow/core/common_runtime/gpu/pool_allocator.cc:244] PoolAllocator: After 3575 get requests, put_count=4413 evicted_count=2000 eviction_rate=0.453206 and unsatisfied allocation rate=0.347133
I tensorflow/core/common_runtime/gpu/pool_allocator.cc:256] Raising pool_size_limit_ from 871 to 958
INFO:tensorflow:Step: 430, Loss: 5.083165, time: 1.720 sec/batch
INFO:tensorflow:Step: 432, Loss: 5.319866, time: 1.757 sec/batch
INFO:tensorflow:Step: 434, Loss: 5.145989, time: 1.571 sec/batch
INFO:tensorflow:Step: 436, Loss: 5.195364, time: 1.849 sec/batch
INFO:tensorflow:Step: 438, Loss: 5.055210, time: 1.627 sec/batch
INFO:tensorflow:Step: 440, Loss: 5.306775, time: 1.386 sec/batch
INFO:tensorflow:Step: 442, Loss: 5.062678, time: 1.347 sec/batch
INFO:tensorflow:Step: 444, Loss: 5.537173, time: 1.420 sec/batch
INFO:tensorflow:Step: 446, Loss: 5.167670, time: 1.372 sec/batch
INFO:tensorflow:Step: 448, Loss: 5.173790, time: 1.299 sec/batch
INFO:tensorflow:Step: 450, Loss: 5.241504, time: 1.293 sec/batch
INFO:tensorflow:Step: 452, Loss: 5.332582, time: 1.435 sec/batch
INFO:tensorflow:Step: 454, Loss: 5.059866, time: 1.589 sec/batch
INFO:tensorflow:Step: 456, Loss: 5.225387, time: 1.491 sec/batch
INFO:tensorflow:Step: 458, Loss: 5.194127, time: 1.851 sec/batch
INFO:tensorflow:Step: 460, Loss: 5.145176, time: 1.882 sec/batch
INFO:tensorflow:Step: 461, Loss: 5.223578, time: 1.466 sec/batch
INFO:tensorflow:Step: 463, Loss: 5.341913, time: 1.515 sec/batch
INFO:tensorflow:Step: 465, Loss: 5.230941, time: 1.428 sec/batch
INFO:tensorflow:Step: 467, Loss: 5.158075, time: 1.558 sec/batch
INFO:tensorflow:Step: 470, Loss: 5.176195, time: 1.854 sec/batch
INFO:tensorflow:Step: 472, Loss: 5.295872, time: 1.614 sec/batch
INFO:tensorflow:Step: 474, Loss: 5.096211, time: 1.670 sec/batch
INFO:tensorflow:Step: 475, Loss: 5.287922, time: 1.596 sec/batch
INFO:tensorflow:Step: 477, Loss: 5.235794, time: 1.463 sec/batch
INFO:tensorflow:Step: 479, Loss: 5.101461, time: 1.483 sec/batch
INFO:tensorflow:Step: 481, Loss: 5.332849, time: 1.407 sec/batch
INFO:tensorflow:Step: 483, Loss: 4.967001, time: 1.457 sec/batch
INFO:tensorflow:Step: 485, Loss: 4.952057, time: 1.354 sec/batch
INFO:tensorflow:Step: 487, Loss: 5.234613, time: 1.398 sec/batch
INFO:tensorflow:Step: 489, Loss: 5.018502, time: 1.314 sec/batch
INFO:tensorflow:Step: 491, Loss: 5.200188, time: 1.399 sec/batch
INFO:tensorflow:Step: 493, Loss: 5.162143, time: 1.384 sec/batch
INFO:tensorflow:Step: 495, Loss: 5.100751, time: 1.431 sec/batch
INFO:tensorflow:Step: 497, Loss: 5.299259, time: 1.622 sec/batch
INFO:tensorflow:Step: 499, Loss: 5.203648, time: 1.747 sec/batch
INFO:tensorflow:Step: 502, Loss: 5.095304, time: 1.744 sec/batch
INFO:tensorflow:Step: 504, Loss: 5.012650, time: 1.887 sec/batch
INFO:tensorflow:Step: 506, Loss: 5.152525, time: 1.786 sec/batch
INFO:tensorflow:Step: 508, Loss: 5.333371, time: 1.812 sec/batch
INFO:tensorflow:Step: 510, Loss: 5.169284, time: 1.708 sec/batch
INFO:tensorflow:Step: 512, Loss: 4.953664, time: 1.462 sec/batch
INFO:tensorflow:Step: 514, Loss: 5.281610, time: 1.784 sec/batch
INFO:tensorflow:Step: 516, Loss: 5.146455, time: 1.438 sec/batch
INFO:tensorflow:Step: 518, Loss: 5.296396, time: 1.429 sec/batch
INFO:tensorflow:Step: 520, Loss: 5.218333, time: 1.531 sec/batch
INFO:tensorflow:Step: 522, Loss: 5.142006, time: 1.367 sec/batch
INFO:tensorflow:Step: 524, Loss: 5.160424, time: 1.413 sec/batch
INFO:tensorflow:Step: 526, Loss: 5.126481, time: 1.344 sec/batch
INFO:tensorflow:Step: 528, Loss: 5.134069, time: 1.405 sec/batch
INFO:tensorflow:Step: 530, Loss: 5.278855, time: 1.546 sec/batch
INFO:tensorflow:Step: 532, Loss: 5.401276, time: 1.621 sec/batch
INFO:tensorflow:Step: 534, Loss: 5.037645, time: 1.399 sec/batch
INFO:tensorflow:Step: 536, Loss: 5.029007, time: 1.377 sec/batch
INFO:tensorflow:Step: 538, Loss: 5.052487, time: 1.358 sec/batch
INFO:tensorflow:Step: 540, Loss: 5.104122, time: 1.351 sec/batch
INFO:tensorflow:Step: 542, Loss: 5.220036, time: 1.378 sec/batch
INFO:tensorflow:Step: 543, Loss: 5.213738, time: 1.288 sec/batch
INFO:tensorflow:Step: 545, Loss: 5.141096, time: 1.302 sec/batch
INFO:tensorflow:Step: 547, Loss: 5.073366, time: 1.426 sec/batch
INFO:tensorflow:Step: 549, Loss: 5.064182, time: 1.392 sec/batch
INFO:tensorflow:Step: 551, Loss: 4.973774, time: 1.367 sec/batch
INFO:tensorflow:Step: 553, Loss: 4.977551, time: 1.492 sec/batch
INFO:tensorflow:Step: 555, Loss: 5.108196, time: 1.463 sec/batch
INFO:tensorflow:Step: 557, Loss: 4.997622, time: 1.451 sec/batch
INFO:tensorflow:Step: 559, Loss: 5.147316, time: 1.435 sec/batch
INFO:tensorflow:Step: 561, Loss: 5.155720, time: 1.548 sec/batch
INFO:tensorflow:Step: 563, Loss: 5.058609, time: 1.546 sec/batch
INFO:tensorflow:Step: 566, Loss: 5.166133, time: 1.605 sec/batch
INFO:tensorflow:Step: 568, Loss: 4.981445, time: 1.419 sec/batch
INFO:tensorflow:Step: 570, Loss: 4.814157, time: 1.367 sec/batch
INFO:tensorflow:Step: 572, Loss: 5.253865, time: 1.389 sec/batch
INFO:tensorflow:Step: 574, Loss: 5.051529, time: 1.358 sec/batch
INFO:tensorflow:Step: 576, Loss: 5.278210, time: 1.360 sec/batch
INFO:tensorflow:Step: 578, Loss: 5.080556, time: 1.349 sec/batch
INFO:tensorflow:Step: 580, Loss: 5.457905, time: 1.330 sec/batch
INFO:tensorflow:Step: 582, Loss: 5.057933, time: 1.330 sec/batch
INFO:tensorflow:Step: 584, Loss: 5.126266, time: 1.504 sec/batch
INFO:tensorflow:Step: 586, Loss: 5.017164, time: 1.360 sec/batch
INFO:tensorflow:Step: 588, Loss: 5.071591, time: 1.367 sec/batch
INFO:tensorflow:Step: 590, Loss: 5.047027, time: 1.657 sec/batch
INFO:tensorflow:Step: 592, Loss: 5.195176, time: 1.403 sec/batch
INFO:tensorflow:Step: 594, Loss: 5.187547, time: 1.366 sec/batch
INFO:tensorflow:Step: 596, Loss: 5.108669, time: 1.316 sec/batch
INFO:tensorflow:Step: 598, Loss: 4.941848, time: 1.349 sec/batch
INFO:tensorflow:Step: 600, Loss: 5.118211, time: 1.498 sec/batch
INFO:tensorflow:Step: 602, Loss: 5.262994, time: 1.378 sec/batch
INFO:tensorflow:Step: 603, Loss: 5.183379, time: 1.396 sec/batch
INFO:tensorflow:Step: 605, Loss: 5.177790, time: 1.393 sec/batch
INFO:tensorflow:Step: 607, Loss: 5.146910, time: 1.404 sec/batch
INFO:tensorflow:Step: 609, Loss: 5.197985, time: 1.349 sec/batch
INFO:tensorflow:Step: 611, Loss: 4.838338, time: 1.334 sec/batch
INFO:tensorflow:Step: 613, Loss: 5.099996, time: 1.327 sec/batch
INFO:tensorflow:Step: 615, Loss: 5.241490, time: 1.326 sec/batch
INFO:tensorflow:Step: 617, Loss: 4.850749, time: 1.364 sec/batch
INFO:tensorflow:Step: 619, Loss: 4.986761, time: 1.339 sec/batch
INFO:tensorflow:Step: 621, Loss: 5.185347, time: 1.375 sec/batch
INFO:tensorflow:Step: 623, Loss: 4.863539, time: 1.359 sec/batch
INFO:tensorflow:Step: 625, Loss: 4.724530, time: 1.354 sec/batch
INFO:tensorflow:Step: 627, Loss: 5.165388, time: 1.355 sec/batch
INFO:tensorflow:Step: 629, Loss: 4.801603, time: 1.377 sec/batch
INFO:tensorflow:Step: 631, Loss: 5.174400, time: 1.439 sec/batch
INFO:tensorflow:Step: 633, Loss: 5.105773, time: 1.344 sec/batch
INFO:tensorflow:Step: 635, Loss: 4.836861, time: 1.375 sec/batch
INFO:tensorflow:Step: 637, Loss: 4.963353, time: 1.333 sec/batch
INFO:tensorflow:Step: 639, Loss: 5.016230, time: 1.359 sec/batch
INFO:tensorflow:Step: 641, Loss: 5.127909, time: 1.573 sec/batch
INFO:tensorflow:Step: 643, Loss: 5.125199, time: 1.400 sec/batch
INFO:tensorflow:Step: 645, Loss: 4.904356, time: 1.310 sec/batch
INFO:tensorflow:Step: 647, Loss: 5.137034, time: 1.292 sec/batch
INFO:tensorflow:Step: 649, Loss: 4.993150, time: 1.382 sec/batch
INFO:tensorflow:Step: 651, Loss: 4.777504, time: 1.346 sec/batch
INFO:tensorflow:Step: 653, Loss: 5.019361, time: 1.328 sec/batch
INFO:tensorflow:Step: 655, Loss: 4.953432, time: 1.414 sec/batch
INFO:tensorflow:Step: 657, Loss: 4.928426, time: 1.338 sec/batch
INFO:tensorflow:Step: 659, Loss: 5.063355, time: 1.298 sec/batch
INFO:tensorflow:Step: 661, Loss: 5.002401, time: 1.343 sec/batch
INFO:tensorflow:Step: 663, Loss: 5.023073, time: 1.361 sec/batch
INFO:tensorflow:Step: 665, Loss: 4.917278, time: 1.367 sec/batch
INFO:tensorflow:Step: 667, Loss: 4.828314, time: 1.310 sec/batch
INFO:tensorflow:Step: 669, Loss: 4.954191, time: 1.373 sec/batch
INFO:tensorflow:Step: 671, Loss: 4.932055, time: 1.377 sec/batch
INFO:tensorflow:Step: 673, Loss: 4.922207, time: 1.362 sec/batch
INFO:tensorflow:Step: 675, Loss: 5.025398, time: 1.319 sec/batch
INFO:tensorflow:Step: 677, Loss: 5.073298, time: 1.355 sec/batch
INFO:tensorflow:Step: 679, Loss: 4.924978, time: 1.381 sec/batch
INFO:tensorflow:Step: 681, Loss: 5.171314, time: 1.333 sec/batch
INFO:tensorflow:Step: 683, Loss: 5.138030, time: 1.324 sec/batch
INFO:tensorflow:Step: 685, Loss: 5.118637, time: 1.343 sec/batch
INFO:tensorflow:Step: 687, Loss: 5.043533, time: 1.341 sec/batch
INFO:tensorflow:Step: 689, Loss: 4.791953, time: 1.374 sec/batch
INFO:tensorflow:Step: 691, Loss: 5.129993, time: 1.322 sec/batch
INFO:tensorflow:Step: 693, Loss: 4.959467, time: 1.349 sec/batch
INFO:tensorflow:Step: 695, Loss: 5.336164, time: 1.322 sec/batch
INFO:tensorflow:Step: 697, Loss: 4.867177, time: 1.337 sec/batch
INFO:tensorflow:Step: 699, Loss: 5.095610, time: 1.409 sec/batch
INFO:tensorflow:Step: 701, Loss: 5.073254, time: 1.376 sec/batch
INFO:tensorflow:Step: 703, Loss: 5.100999, time: 1.414 sec/batch
INFO:tensorflow:Step: 705, Loss: 5.107285, time: 1.337 sec/batch
INFO:tensorflow:Step: 707, Loss: 4.957038, time: 1.374 sec/batch
INFO:tensorflow:Step: 709, Loss: 5.092514, time: 1.342 sec/batch
INFO:tensorflow:Step: 711, Loss: 5.167162, time: 1.375 sec/batch
INFO:tensorflow:Step: 713, Loss: 5.012486, time: 1.294 sec/batch
INFO:tensorflow:Step: 715, Loss: 4.906594, time: 1.325 sec/batch
INFO:tensorflow:Step: 717, Loss: 4.992076, time: 1.391 sec/batch
INFO:tensorflow:Step: 719, Loss: 4.884435, time: 1.341 sec/batch
INFO:tensorflow:Step: 721, Loss: 4.969409, time: 1.358 sec/batch
INFO:tensorflow:Step: 723, Loss: 5.022937, time: 1.355 sec/batch
INFO:tensorflow:Step: 725, Loss: 4.807464, time: 1.346 sec/batch
INFO:tensorflow:Step: 727, Loss: 4.829010, time: 1.332 sec/batch
INFO:tensorflow:Step: 729, Loss: 4.839534, time: 1.378 sec/batch
INFO:tensorflow:Step: 731, Loss: 4.846422, time: 1.343 sec/batch
INFO:tensorflow:Step: 733, Loss: 4.851994, time: 1.426 sec/batch
INFO:tensorflow:Step: 735, Loss: 5.034821, time: 1.362 sec/batch
INFO:tensorflow:Step: 737, Loss: 5.048758, time: 1.341 sec/batch
INFO:tensorflow:Step: 739, Loss: 5.035534, time: 1.348 sec/batch
INFO:tensorflow:Step: 741, Loss: 4.878258, time: 1.340 sec/batch
INFO:tensorflow:Step: 743, Loss: 5.086041, time: 1.330 sec/batch
INFO:tensorflow:Step: 745, Loss: 4.843572, time: 1.388 sec/batch
INFO:tensorflow:Step: 747, Loss: 5.005926, time: 1.395 sec/batch
INFO:tensorflow:Step: 749, Loss: 4.925441, time: 1.380 sec/batch
INFO:tensorflow:Step: 751, Loss: 5.056727, time: 1.409 sec/batch
INFO:tensorflow:Step: 753, Loss: 4.952937, time: 1.347 sec/batch
INFO:tensorflow:Step: 755, Loss: 4.917979, time: 1.309 sec/batch
INFO:tensorflow:Step: 757, Loss: 5.141147, time: 1.338 sec/batch
INFO:tensorflow:Step: 759, Loss: 5.154336, time: 1.368 sec/batch
INFO:tensorflow:Step: 761, Loss: 4.892528, time: 1.337 sec/batch
INFO:tensorflow:Step: 763, Loss: 4.886639, time: 1.338 sec/batch
INFO:tensorflow:Step: 765, Loss: 5.000498, time: 1.344 sec/batch
INFO:tensorflow:Step: 767, Loss: 4.756067, time: 1.382 sec/batch
INFO:tensorflow:Step: 769, Loss: 5.077534, time: 1.354 sec/batch
INFO:tensorflow:Step: 771, Loss: 4.750536, time: 1.388 sec/batch
INFO:tensorflow:Step: 773, Loss: 5.035299, time: 1.498 sec/batch
INFO:tensorflow:Step: 775, Loss: 4.601582, time: 1.346 sec/batch
INFO:tensorflow:Step: 777, Loss: 4.862437, time: 1.405 sec/batch
INFO:tensorflow:Step: 779, Loss: 4.870446, time: 1.418 sec/batch
INFO:tensorflow:Step: 781, Loss: 5.173468, time: 1.348 sec/batch
INFO:tensorflow:Step: 783, Loss: 4.998810, time: 1.396 sec/batch
INFO:tensorflow:Step: 785, Loss: 4.959097, time: 1.351 sec/batch
INFO:tensorflow:Step: 787, Loss: 5.202806, time: 1.367 sec/batch
INFO:tensorflow:Step: 789, Loss: 4.663067, time: 1.547 sec/batch
INFO:tensorflow:Step: 791, Loss: 4.983748, time: 1.453 sec/batch
INFO:tensorflow:Step: 793, Loss: 4.876610, time: 1.444 sec/batch
INFO:tensorflow:Step: 795, Loss: 4.777971, time: 1.446 sec/batch
INFO:tensorflow:Step: 797, Loss: 5.004713, time: 1.524 sec/batch
INFO:tensorflow:Step: 800, Loss: 5.032221, time: 1.736 sec/batch
INFO:tensorflow:Step: 802, Loss: 4.886303, time: 1.363 sec/batch
INFO:tensorflow:Step: 804, Loss: 4.885106, time: 1.316 sec/batch
INFO:tensorflow:Step: 806, Loss: 5.138720, time: 1.330 sec/batch
INFO:tensorflow:Step: 808, Loss: 4.945791, time: 1.537 sec/batch
INFO:tensorflow:Step: 810, Loss: 4.785130, time: 1.349 sec/batch
INFO:tensorflow:Step: 812, Loss: 4.995475, time: 1.324 sec/batch
INFO:tensorflow:Step: 814, Loss: 4.879514, time: 1.351 sec/batch
INFO:tensorflow:Step: 816, Loss: 4.769809, time: 1.372 sec/batch
INFO:tensorflow:Step: 818, Loss: 4.962206, time: 1.435 sec/batch
INFO:tensorflow:Step: 820, Loss: 5.212639, time: 1.325 sec/batch
INFO:tensorflow:Step: 822, Loss: 5.035508, time: 1.379 sec/batch
INFO:tensorflow:Step: 824, Loss: 4.890274, time: 1.298 sec/batch
INFO:tensorflow:Step: 826, Loss: 4.860142, time: 1.333 sec/batch
INFO:tensorflow:Step: 828, Loss: 4.873022, time: 1.349 sec/batch
INFO:tensorflow:Step: 830, Loss: 4.872660, time: 1.384 sec/batch
INFO:tensorflow:Step: 832, Loss: 4.846600, time: 1.398 sec/batch
INFO:tensorflow:Step: 834, Loss: 4.836109, time: 1.367 sec/batch
INFO:tensorflow:Step: 836, Loss: 4.866926, time: 1.343 sec/batch
INFO:tensorflow:Step: 838, Loss: 4.799077, time: 1.399 sec/batch
INFO:tensorflow:Step: 840, Loss: 5.012757, time: 1.340 sec/batch
INFO:tensorflow:Step: 842, Loss: 4.913977, time: 1.318 sec/batch
INFO:tensorflow:Step: 844, Loss: 4.870993, time: 1.471 sec/batch
INFO:tensorflow:Step: 846, Loss: 4.650126, time: 1.400 sec/batch
INFO:tensorflow:Step: 848, Loss: 4.937398, time: 1.361 sec/batch
INFO:tensorflow:Step: 850, Loss: 4.747875, time: 1.356 sec/batch
INFO:tensorflow:Step: 852, Loss: 4.804231, time: 1.347 sec/batch
INFO:tensorflow:Step: 854, Loss: 5.184764, time: 1.348 sec/batch
INFO:tensorflow:Step: 856, Loss: 4.961868, time: 1.385 sec/batch
INFO:tensorflow:Step: 858, Loss: 4.834482, time: 1.339 sec/batch
INFO:tensorflow:Step: 860, Loss: 4.975956, time: 1.362 sec/batch
INFO:tensorflow:Step: 862, Loss: 4.835570, time: 1.339 sec/batch
INFO:tensorflow:Step: 864, Loss: 4.914081, time: 1.420 sec/batch
INFO:tensorflow:Step: 866, Loss: 4.922712, time: 1.469 sec/batch
INFO:tensorflow:Step: 868, Loss: 4.904544, time: 1.411 sec/batch
INFO:tensorflow:Step: 870, Loss: 4.796038, time: 1.414 sec/batch
INFO:tensorflow:Step: 872, Loss: 4.833416, time: 1.382 sec/batch
INFO:tensorflow:Step: 874, Loss: 5.082775, time: 1.315 sec/batch
INFO:tensorflow:Step: 876, Loss: 4.891515, time: 1.330 sec/batch
INFO:tensorflow:Step: 878, Loss: 4.847555, time: 1.511 sec/batch
INFO:tensorflow:Step: 880, Loss: 4.732549, time: 1.492 sec/batch
INFO:tensorflow:Step: 882, Loss: 4.976397, time: 1.312 sec/batch
INFO:tensorflow:Step: 884, Loss: 4.713696, time: 1.301 sec/batch
INFO:tensorflow:Step: 886, Loss: 4.721791, time: 1.394 sec/batch
INFO:tensorflow:Step: 888, Loss: 5.084951, time: 1.392 sec/batch
INFO:tensorflow:Step: 890, Loss: 4.752104, time: 1.355 sec/batch
INFO:tensorflow:Step: 892, Loss: 4.914775, time: 1.667 sec/batch
INFO:tensorflow:Step: 894, Loss: 4.799870, time: 1.311 sec/batch
INFO:tensorflow:Step: 896, Loss: 4.755135, time: 1.365 sec/batch
INFO:tensorflow:Step: 898, Loss: 4.766394, time: 1.401 sec/batch
INFO:tensorflow:Step: 900, Loss: 4.855790, time: 1.364 sec/batch
INFO:tensorflow:Step: 902, Loss: 5.064155, time: 1.341 sec/batch
INFO:tensorflow:Step: 903, Loss: 4.728454, time: 1.350 sec/batch
INFO:tensorflow:Step: 905, Loss: 4.835395, time: 1.338 sec/batch
INFO:tensorflow:Step: 907, Loss: 4.931375, time: 1.308 sec/batch
INFO:tensorflow:Step: 909, Loss: 4.737534, time: 1.409 sec/batch
INFO:tensorflow:Step: 911, Loss: 4.892749, time: 1.325 sec/batch
INFO:tensorflow:Step: 913, Loss: 4.914547, time: 1.366 sec/batch
INFO:tensorflow:Step: 915, Loss: 4.689219, time: 1.375 sec/batch
INFO:tensorflow:Step: 917, Loss: 4.851319, time: 1.349 sec/batch
INFO:tensorflow:Step: 919, Loss: 4.879788, time: 1.347 sec/batch
INFO:tensorflow:Step: 921, Loss: 4.703652, time: 1.382 sec/batch
INFO:tensorflow:Step: 923, Loss: 4.693082, time: 1.389 sec/batch
INFO:tensorflow:Step: 925, Loss: 4.906614, time: 1.388 sec/batch
INFO:tensorflow:Step: 927, Loss: 4.812702, time: 1.380 sec/batch
INFO:tensorflow:Step: 929, Loss: 4.765027, time: 1.404 sec/batch
INFO:tensorflow:Step: 931, Loss: 4.921499, time: 1.365 sec/batch
INFO:tensorflow:Step: 933, Loss: 4.748264, time: 1.426 sec/batch
INFO:tensorflow:Step: 935, Loss: 4.948202, time: 1.422 sec/batch
INFO:tensorflow:Step: 937, Loss: 4.908414, time: 1.400 sec/batch
INFO:tensorflow:Step: 939, Loss: 4.852076, time: 1.365 sec/batch
INFO:tensorflow:Step: 941, Loss: 4.772389, time: 1.398 sec/batch
INFO:tensorflow:Step: 943, Loss: 4.875425, time: 1.346 sec/batch
INFO:tensorflow:Step: 945, Loss: 5.040072, time: 1.337 sec/batch
INFO:tensorflow:Step: 947, Loss: 4.843493, time: 1.358 sec/batch
INFO:tensorflow:Step: 949, Loss: 4.798062, time: 1.360 sec/batch
INFO:tensorflow:Step: 951, Loss: 4.680758, time: 1.384 sec/batch
INFO:tensorflow:Step: 953, Loss: 4.752414, time: 1.333 sec/batch
INFO:tensorflow:Step: 955, Loss: 4.768734, time: 1.364 sec/batch
INFO:tensorflow:Step: 957, Loss: 4.910992, time: 1.393 sec/batch
INFO:tensorflow:Step: 959, Loss: 4.645548, time: 1.540 sec/batch
INFO:tensorflow:Step: 962, Loss: 4.825008, time: 1.410 sec/batch
INFO:tensorflow:Step: 963, Loss: 4.803205, time: 1.343 sec/batch
INFO:tensorflow:Step: 965, Loss: 4.570679, time: 1.589 sec/batch
INFO:tensorflow:Step: 968, Loss: 4.585835, time: 1.476 sec/batch
INFO:tensorflow:Step: 970, Loss: 4.773424, time: 1.340 sec/batch
INFO:tensorflow:Step: 972, Loss: 5.064151, time: 1.359 sec/batch
INFO:tensorflow:Step: 974, Loss: 4.689195, time: 1.518 sec/batch
INFO:tensorflow:Step: 976, Loss: 4.842961, time: 1.351 sec/batch
INFO:tensorflow:Step: 978, Loss: 4.723512, time: 1.523 sec/batch
INFO:tensorflow:Step: 980, Loss: 4.926476, time: 1.277 sec/batch
INFO:tensorflow:Step: 982, Loss: 4.920273, time: 1.421 sec/batch
INFO:tensorflow:Step: 984, Loss: 4.776829, time: 1.436 sec/batch
INFO:tensorflow:Step: 986, Loss: 4.764595, time: 1.376 sec/batch
INFO:tensorflow:Step: 988, Loss: 4.619097, time: 1.499 sec/batch
INFO:tensorflow:Step: 990, Loss: 4.741265, time: 1.676 sec/batch
INFO:tensorflow:Step: 992, Loss: 4.721385, time: 1.285 sec/batch
INFO:tensorflow:Step: 993, Loss: 4.602733, time: 1.411 sec/batch
INFO:tensorflow:Step: 995, Loss: 4.877629, time: 1.312 sec/batch
INFO:tensorflow:Step: 997, Loss: 4.787436, time: 1.358 sec/batch
INFO:tensorflow:Step: 999, Loss: 4.699676, time: 1.374 sec/batch
INFO:tensorflow:Step: 1001, Loss: 4.726242, time: 1.363 sec/batch
INFO:tensorflow:Step: 1003, Loss: 4.858987, time: 1.337 sec/batch
INFO:tensorflow:Step: 1005, Loss: 4.760767, time: 1.369 sec/batch
INFO:tensorflow:Step: 1007, Loss: 4.749996, time: 1.375 sec/batch
INFO:tensorflow:Step: 1009, Loss: 4.902742, time: 1.381 sec/batch
INFO:tensorflow:Step: 1011, Loss: 4.684026, time: 1.420 sec/batch
INFO:tensorflow:Step: 1013, Loss: 4.756255, time: 1.413 sec/batch
INFO:tensorflow:Step: 1015, Loss: 5.060839, time: 1.422 sec/batch
INFO:tensorflow:Step: 1017, Loss: 4.705174, time: 1.408 sec/batch
INFO:tensorflow:Step: 1019, Loss: 4.939616, time: 1.377 sec/batch
INFO:tensorflow:Step: 1021, Loss: 4.653313, time: 1.374 sec/batch
INFO:tensorflow:Step: 1023, Loss: 4.757001, time: 1.415 sec/batch
INFO:tensorflow:Step: 1025, Loss: 4.742997, time: 1.421 sec/batch
INFO:tensorflow:Step: 1027, Loss: 4.893913, time: 1.411 sec/batch
INFO:tensorflow:Step: 1029, Loss: 4.746332, time: 1.417 sec/batch
INFO:tensorflow:Step: 1031, Loss: 4.736544, time: 1.384 sec/batch
INFO:tensorflow:Step: 1033, Loss: 4.882989, time: 1.348 sec/batch
INFO:tensorflow:Step: 1035, Loss: 4.575026, time: 1.413 sec/batch
INFO:tensorflow:Step: 1037, Loss: 4.659352, time: 1.409 sec/batch
INFO:tensorflow:Step: 1039, Loss: 4.631911, time: 1.388 sec/batch
INFO:tensorflow:Step: 1041, Loss: 4.626557, time: 1.336 sec/batch
INFO:tensorflow:Step: 1043, Loss: 4.663392, time: 1.406 sec/batch
INFO:tensorflow:Step: 1045, Loss: 4.707416, time: 1.360 sec/batch
INFO:tensorflow:Step: 1047, Loss: 4.649992, time: 1.345 sec/batch
INFO:tensorflow:Step: 1049, Loss: 4.599327, time: 1.399 sec/batch
INFO:tensorflow:Step: 1051, Loss: 4.667370, time: 1.385 sec/batch
INFO:tensorflow:Step: 1053, Loss: 4.709607, time: 1.429 sec/batch
INFO:tensorflow:Step: 1055, Loss: 4.586690, time: 1.456 sec/batch
INFO:tensorflow:Step: 1058, Loss: 4.559384, time: 1.404 sec/batch
INFO:tensorflow:Step: 1059, Loss: 4.703357, time: 1.341 sec/batch
INFO:tensorflow:Step: 1061, Loss: 4.560539, time: 1.389 sec/batch
INFO:tensorflow:Step: 1063, Loss: 4.603715, time: 1.359 sec/batch
INFO:tensorflow:Step: 1065, Loss: 4.708419, time: 1.412 sec/batch
INFO:tensorflow:Step: 1067, Loss: 4.788078, time: 1.351 sec/batch
INFO:tensorflow:Step: 1069, Loss: 4.682995, time: 1.407 sec/batch
INFO:tensorflow:Step: 1071, Loss: 4.628045, time: 1.354 sec/batch
INFO:tensorflow:Step: 1073, Loss: 4.599519, time: 1.328 sec/batch
INFO:tensorflow:Step: 1075, Loss: 4.645837, time: 1.477 sec/batch
INFO:tensorflow:Step: 1077, Loss: 4.636263, time: 1.354 sec/batch
INFO:tensorflow:Step: 1079, Loss: 4.651141, time: 1.455 sec/batch
INFO:tensorflow:Step: 1081, Loss: 4.611277, time: 1.422 sec/batch
INFO:tensorflow:Step: 1084, Loss: 4.588712, time: 1.738 sec/batch
INFO:tensorflow:Step: 1086, Loss: 4.685533, time: 1.572 sec/batch
INFO:tensorflow:Step: 1088, Loss: 4.690106, time: 1.452 sec/batch
INFO:tensorflow:Step: 1090, Loss: 4.711046, time: 1.331 sec/batch
INFO:tensorflow:Step: 1092, Loss: 4.751525, time: 1.351 sec/batch
INFO:tensorflow:Step: 1094, Loss: 4.792208, time: 1.380 sec/batch
INFO:tensorflow:Step: 1096, Loss: 4.535576, time: 1.458 sec/batch
INFO:tensorflow:Step: 1098, Loss: 4.672569, time: 1.411 sec/batch
INFO:tensorflow:Step: 1100, Loss: 4.516440, time: 1.352 sec/batch
INFO:tensorflow:Step: 1102, Loss: 4.722628, time: 1.331 sec/batch
INFO:tensorflow:Step: 1104, Loss: 5.011865, time: 1.370 sec/batch
INFO:tensorflow:Step: 1106, Loss: 4.624346, time: 1.355 sec/batch
INFO:tensorflow:Step: 1108, Loss: 4.900197, time: 1.284 sec/batch
INFO:tensorflow:Step: 1110, Loss: 4.720838, time: 1.467 sec/batch
run-expr-4node.sh: line 23: 86521 Terminated              CUDA_VISIBLE_DEVICES=$1 bazel-bin/inception/imagenet_distributed_train --batch_size=64 --data_dir=/lfs/local/0/daniter/imagenet-8-$2 --job_name='worker' --task_id=$2 --ps_hosts='raiders1:2228' --worker_hosts='raiders1:2200,raiders1:2201,raiders3:2209,raiders3:2210' --initial_learning_rate=$3 --momentum=$4 --sync=True --compute_groups=$5
