INFO:tensorflow:PS hosts are: ['localhost:2228']
INFO:tensorflow:Worker hosts are: ['localhost:2201', 'localhost:2202', 'localhost:2203', 'localhost:2204', 'localhost:2205', 'localhost:2206', 'localhost:2207', 'localhost:2208', 'localhost:2209', 'localhost:2210', 'localhost:2211', 'localhost:2212', 'localhost:2213', 'localhost:2214', 'localhost:2215', 'localhost:2216']
I tensorflow/core/distributed_runtime/rpc/grpc_channel.cc:206] Initialize HostPortsGrpcChannelCache for job ps -> {localhost:2228}
I tensorflow/core/distributed_runtime/rpc/grpc_channel.cc:206] Initialize HostPortsGrpcChannelCache for job worker -> {localhost:2201, localhost:2202, localhost:2203, localhost:2204, localhost:2205, localhost:2206, localhost:2207, localhost:2208, localhost:2209, localhost:2210, localhost:2211, localhost:2212, localhost:2213, localhost:2214, localhost:2215, localhost:2216}
I tensorflow/core/distributed_runtime/rpc/grpc_server_lib.cc:202] Started server with target: grpc://localhost:2202
INFO:tensorflow:Learning rate: 0.005000, momentum: 0.300000
INFO:tensorflow:Sync mode!!!!!!
INFO:tensorflow:Compute groups : 4
INFO:tensorflow:SyncReplicas enabled: replicas_to_aggregate=16; total_num_replicas=16
INFO:tensorflow:Num nodes per compute groups: 4
INFO:tensorflow:Tokens per step: 4
INFO:tensorflow:2016-07-19 02:37:00.709947 Supervisor
INFO:tensorflow:got sessions!
INFO:tensorflow:Started 3 queues for processing input data.
INFO:tensorflow:Step: 399, Accuracy: 0.312500, Loss: 5.654426, time: 7.591 sec/batch
INFO:tensorflow:Step: 399, Accuracy: 0.375000, Loss: 5.279773, time: 5.274 sec/batch
INFO:tensorflow:Step: 399, Accuracy: 0.375000, Loss: 5.104731, time: 6.391 sec/batch
INFO:tensorflow:Step: 399, Accuracy: 0.375000, Loss: 5.513883, time: 6.455 sec/batch
INFO:tensorflow:Step: 400, Accuracy: 0.562500, Loss: 5.435163, time: 7.451 sec/batch
INFO:tensorflow:Step: 401, Accuracy: 0.500000, Loss: 5.845794, time: 10.399 sec/batch
INFO:tensorflow:Step: 401, Accuracy: 0.375000, Loss: 5.493321, time: 65.891 sec/batch
INFO:tensorflow:Step: 404, Accuracy: 0.250000, Loss: 5.108283, time: 56.915 sec/batch
INFO:tensorflow:Step: 405, Accuracy: 0.437500, Loss: 6.121364, time: 63.915 sec/batch
INFO:tensorflow:Step: 409, Accuracy: 0.437500, Loss: 6.213987, time: 59.892 sec/batch
INFO:tensorflow:Step: 413, Accuracy: 0.437500, Loss: 5.341267, time: 63.767 sec/batch
INFO:tensorflow:Step: 417, Accuracy: 0.625000, Loss: 5.168449, time: 61.141 sec/batch
INFO:tensorflow:Step: 421, Accuracy: 0.812500, Loss: 5.367290, time: 59.049 sec/batch
INFO:tensorflow:Step: 425, Accuracy: 0.437500, Loss: 5.629082, time: 56.238 sec/batch
INFO:tensorflow:Step: 429, Accuracy: 0.562500, Loss: 5.658730, time: 57.747 sec/batch
INFO:tensorflow:Step: 433, Accuracy: 0.687500, Loss: 5.647489, time: 53.705 sec/batch
INFO:tensorflow:Step: 436, Accuracy: 0.687500, Loss: 5.346413, time: 58.923 sec/batch
INFO:tensorflow:Step: 438, Accuracy: 0.687500, Loss: 5.594947, time: 60.880 sec/batch
INFO:tensorflow:Step: 442, Accuracy: 0.687500, Loss: 5.930246, time: 57.312 sec/batch
INFO:tensorflow:Step: 445, Accuracy: 0.625000, Loss: 5.613998, time: 56.260 sec/batch
INFO:tensorflow:Step: 449, Accuracy: 0.437500, Loss: 6.370800, time: 55.667 sec/batch
INFO:tensorflow:Step: 453, Accuracy: 0.625000, Loss: 5.502479, time: 58.472 sec/batch
INFO:tensorflow:Step: 457, Accuracy: 0.437500, Loss: 5.417329, time: 60.172 sec/batch
INFO:tensorflow:Step: 461, Accuracy: 0.625000, Loss: 5.611231, time: 61.514 sec/batch
INFO:tensorflow:Step: 465, Accuracy: 0.625000, Loss: 4.749300, time: 58.011 sec/batch
INFO:tensorflow:Step: 469, Accuracy: 0.375000, Loss: 5.919299, time: 55.741 sec/batch
INFO:tensorflow:Step: 472, Accuracy: 0.375000, Loss: 5.671123, time: 61.174 sec/batch
INFO:tensorflow:Step: 476, Accuracy: 0.812500, Loss: 5.059717, time: 56.935 sec/batch
INFO:tensorflow:Step: 480, Accuracy: 0.500000, Loss: 5.291976, time: 62.611 sec/batch
INFO:tensorflow:Step: 484, Accuracy: 0.375000, Loss: 5.613206, time: 57.926 sec/batch
INFO:tensorflow:Step: 486, Accuracy: 0.500000, Loss: 5.298609, time: 52.806 sec/batch
INFO:tensorflow:Step: 489, Accuracy: 0.750000, Loss: 5.320570, time: 55.930 sec/batch
INFO:tensorflow:Step: 493, Accuracy: 0.375000, Loss: 5.491164, time: 58.043 sec/batch
INFO:tensorflow:Step: 497, Accuracy: 0.500000, Loss: 5.287735, time: 55.180 sec/batch
INFO:tensorflow:Step: 501, Accuracy: 0.437500, Loss: 5.621367, time: 60.578 sec/batch
INFO:tensorflow:Step: 505, Accuracy: 0.687500, Loss: 5.372015, time: 59.079 sec/batch
INFO:tensorflow:Step: 509, Accuracy: 0.375000, Loss: 5.749687, time: 58.177 sec/batch
INFO:tensorflow:Step: 513, Accuracy: 0.500000, Loss: 4.843043, time: 54.869 sec/batch
INFO:tensorflow:Step: 517, Accuracy: 0.562500, Loss: 5.867390, time: 59.600 sec/batch
INFO:tensorflow:Step: 520, Accuracy: 0.437500, Loss: 6.060044, time: 60.622 sec/batch
INFO:tensorflow:Step: 524, Accuracy: 0.437500, Loss: 5.472710, time: 57.208 sec/batch
INFO:tensorflow:Step: 528, Accuracy: 0.750000, Loss: 5.103789, time: 56.451 sec/batch
run-expr-16node.sh: line 23: 36967 Terminated              CUDA_VISIBLE_DEVICES='' bazel-bin/inception/imagenet_distributed_train --batch_size=16 --data_dir=/lfs/local/0/daniter/imagenet-8-$2 --job_name='worker' --task_id=$2 --ps_hosts='localhost:2228' --worker_hosts='localhost:2201,localhost:2202,localhost:2203,localhost:2204,localhost:2205,localhost:2206,localhost:2207,localhost:2208,localhost:2209,localhost:2210,localhost:2211,localhost:2212,localhost:2213,localhost:2214,localhost:2215,localhost:2216' --initial_learning_rate=$3 --momentum=$4 --sync=True --compute_groups=$5
