I tensorflow/stream_executor/dso_loader.cc:108] successfully opened CUDA library libcublas.so locally
I tensorflow/stream_executor/dso_loader.cc:108] successfully opened CUDA library libcudnn.so locally
I tensorflow/stream_executor/dso_loader.cc:108] successfully opened CUDA library libcufft.so locally
I tensorflow/stream_executor/dso_loader.cc:108] successfully opened CUDA library libcuda.so locally
I tensorflow/stream_executor/dso_loader.cc:108] successfully opened CUDA library libcurand.so locally
INFO:tensorflow:PS hosts are: ['localhost:2200']
INFO:tensorflow:Worker hosts are: ['raiders1:2201', 'raiders1:2202', 'raiders1:2203', 'raiders1:2204', 'raiders2:2205', 'raiders2:2206', 'raiders2:2207', 'raiders2:2208', 'raiders3:2209', 'raiders3:2210', 'raiders3:2211', 'raiders3:2212', 'raiders8:2213', 'raiders8:2214', 'raiders8:2215', 'raiders8:2216']
E tensorflow/stream_executor/cuda/cuda_driver.cc:491] failed call to cuInit: CUDA_ERROR_NO_DEVICE
I tensorflow/stream_executor/cuda/cuda_diagnostics.cc:153] retrieving CUDA diagnostic information for host: raiders1
I tensorflow/stream_executor/cuda/cuda_diagnostics.cc:160] hostname: raiders1
I tensorflow/stream_executor/cuda/cuda_diagnostics.cc:185] libcuda reported version is: Not found: was unable to find libcuda.so DSO loaded into this program
I tensorflow/stream_executor/cuda/cuda_diagnostics.cc:347] driver version file contents: """NVRM version: NVIDIA UNIX x86_64 Kernel Module  367.27  Thu Jun  9 18:53:27 PDT 2016
GCC version:  gcc version 4.8.4 (Ubuntu 4.8.4-2ubuntu1~14.04.3) 
"""
I tensorflow/stream_executor/cuda/cuda_diagnostics.cc:189] kernel reported version is: 367.27.0
I tensorflow/core/common_runtime/gpu/gpu_init.cc:81] No GPU devices available on machine.
I tensorflow/core/distributed_runtime/rpc/grpc_channel.cc:206] Initialize HostPortsGrpcChannelCache for job ps -> {localhost:2200}
I tensorflow/core/distributed_runtime/rpc/grpc_channel.cc:206] Initialize HostPortsGrpcChannelCache for job worker -> {raiders1:2201, raiders1:2202, raiders1:2203, raiders1:2204, raiders2:2205, raiders2:2206, raiders2:2207, raiders2:2208, raiders3:2209, raiders3:2210, raiders3:2211, raiders3:2212, raiders8:2213, raiders8:2214, raiders8:2215, raiders8:2216}
I tensorflow/core/distributed_runtime/rpc/grpc_server_lib.cc:202] Started server with target: grpc://localhost:2200
I tensorflow/core/kernels/logging_ops.cc:79] enqueue init tokens[399 399 399...]
I tensorflow/core/kernels/logging_ops.cc:79] enqueue init tokens[399 399 399...]
I tensorflow/core/kernels/logging_ops.cc:79] enqueue init tokens[399 399 399...]
I tensorflow/core/kernels/logging_ops.cc:79] enqueue init tokens[399 399 399...]
I tensorflow/core/kernels/logging_ops.cc:79] Node 7 dequeues token: [399]
I tensorflow/core/kernels/logging_ops.cc:79] Node 12 dequeues token: [399]
I tensorflow/core/kernels/logging_ops.cc:79] Node 13 dequeues token: [399]
I tensorflow/core/kernels/logging_ops.cc:79] Node 15 dequeues token: [399]
I tensorflow/core/kernels/logging_ops.cc:79] Node 14 dequeues token: [399]
I tensorflow/core/kernels/logging_ops.cc:79] Node 9 dequeues token: [399]
I tensorflow/core/kernels/logging_ops.cc:79] Node 6 dequeues token: [399]
I tensorflow/core/kernels/logging_ops.cc:79] Node 11 dequeues token: [399]
I tensorflow/core/kernels/logging_ops.cc:79] Node 10 dequeues token: [399]
I tensorflow/core/kernels/logging_ops.cc:79] ~~~~~ daniter~~~ GLobalstep:[399][-0.00070337055 0.0016977722...]
I tensorflow/core/kernels/logging_ops.cc:79] ~~~~~ daniter~~~ GLobalstep:[399][9.9469908e-06 -0.000812388...]
I tensorflow/core/kernels/logging_ops.cc:79] ~~~~~ daniter~~~ GLobalstep:[399][-0.0010283882 2.6640817e-05...]
I tensorflow/core/kernels/logging_ops.cc:79] ~~~~~ daniter~~~ GLobalstep:[399][-0.00037545338 -0.00086972176...]
I tensorflow/core/kernels/logging_ops.cc:79] Node 8 dequeues token: [399]
I tensorflow/core/kernels/logging_ops.cc:79] Node 1 dequeues token: [399]
I tensorflow/core/kernels/logging_ops.cc:79] Node 5 dequeues token: [399]
I tensorflow/core/kernels/logging_ops.cc:79] Node 0 dequeues token: [399]
I tensorflow/core/kernels/logging_ops.cc:79] Node 2 dequeues token: [399]
I tensorflow/core/kernels/logging_ops.cc:79] Node 3 dequeues token: [399]
I tensorflow/core/kernels/logging_ops.cc:79] Node 12 dequeues token: [399]
I tensorflow/core/kernels/logging_ops.cc:79] Node 14 dequeues token: [399]
I tensorflow/core/kernels/logging_ops.cc:79] Node 4 dequeues token: [399]
I tensorflow/core/kernels/logging_ops.cc:79] Node 13 dequeues token: [399]
I tensorflow/core/kernels/logging_ops.cc:79] Node 15 dequeues token: [399]
I tensorflow/core/kernels/logging_ops.cc:79] Node 7 dequeues token: [399]
I tensorflow/core/kernels/logging_ops.cc:79] Node 6 dequeues token: [399]
I tensorflow/core/kernels/logging_ops.cc:79] Node 1 dequeues token: [399]
I tensorflow/core/kernels/logging_ops.cc:79] Node 11 dequeues token: [399]
I tensorflow/core/kernels/logging_ops.cc:79] ~~~~~ daniter~~~ GLobalstep:[403][0.0018941738 -0.00028986536...]
I tensorflow/core/kernels/logging_ops.cc:79] Node 5 dequeues token: [399]
I tensorflow/core/kernels/logging_ops.cc:79] Node 12 dequeues token: [399]
I tensorflow/core/kernels/logging_ops.cc:79] Node 9 dequeues token: [399]
I tensorflow/core/kernels/logging_ops.cc:79] Node 8 dequeues token: [399]
I tensorflow/core/kernels/logging_ops.cc:79] ~~~~~ daniter~~~ GLobalstep:[404][0.0034981968 0.0022840227...]
I tensorflow/core/kernels/logging_ops.cc:79] Node 14 dequeues token: [399]
I tensorflow/core/kernels/logging_ops.cc:79] Node 10 dequeues token: [399]
I tensorflow/core/kernels/logging_ops.cc:79] Node 15 dequeues token: [399]
I tensorflow/core/kernels/logging_ops.cc:79] Node 13 dequeues token: [400]
I tensorflow/core/kernels/logging_ops.cc:79] ~~~~~ daniter~~~ GLobalstep:[405][0.00022841129 0.0013301147...]
I tensorflow/core/kernels/logging_ops.cc:79] ~~~~~ daniter~~~ GLobalstep:[405][0.0022997223 0.00071211549...]
I tensorflow/core/kernels/logging_ops.cc:79] Node 2 dequeues token: [402]
I tensorflow/core/kernels/logging_ops.cc:79] Node 4 dequeues token: [399]
I tensorflow/core/kernels/logging_ops.cc:79] Node 0 dequeues token: [403]
I tensorflow/core/kernels/logging_ops.cc:79] Node 3 dequeues token: [403]
I tensorflow/core/kernels/logging_ops.cc:79] Node 7 dequeues token: [403]
I tensorflow/core/kernels/logging_ops.cc:79] Node 6 dequeues token: [402]
I tensorflow/core/kernels/logging_ops.cc:79] Node 12 dequeues token: [403]
I tensorflow/core/kernels/logging_ops.cc:79] Node 1 dequeues token: [400]
I tensorflow/core/kernels/logging_ops.cc:79] Node 11 dequeues token: [403]
I tensorflow/core/kernels/logging_ops.cc:79] ~~~~~ daniter~~~ GLobalstep:[407][0.00026248753 -0.0017077272...]
I tensorflow/core/kernels/logging_ops.cc:79] Node 15 dequeues token: [403]
I tensorflow/core/kernels/logging_ops.cc:79] Node 14 dequeues token: [402]
I tensorflow/core/kernels/logging_ops.cc:79] Node 8 dequeues token: [403]
I tensorflow/core/kernels/logging_ops.cc:79] ~~~~~ daniter~~~ GLobalstep:[407][0.0029627746 0.0011792534...]
I tensorflow/core/kernels/logging_ops.cc:79] Node 9 dequeues token: [400]
I tensorflow/core/kernels/logging_ops.cc:79] Node 13 dequeues token: [400]
I tensorflow/core/kernels/logging_ops.cc:79] Node 5 dequeues token: [404]
I tensorflow/core/kernels/logging_ops.cc:79] ~~~~~ daniter~~~ GLobalstep:[408][-0.0014578351 0.0011762627...]
I tensorflow/core/kernels/logging_ops.cc:79] Node 10 dequeues token: [402]
I tensorflow/core/kernels/logging_ops.cc:79] Node 12 dequeues token: [403]
I tensorflow/core/kernels/logging_ops.cc:79] ~~~~~ daniter~~~ GLobalstep:[409][-0.00048360269 0.00043154505...]
I tensorflow/core/kernels/logging_ops.cc:79] Node 4 dequeues token: [403]
I tensorflow/core/kernels/logging_ops.cc:79] Node 2 dequeues token: [402]
I tensorflow/core/kernels/logging_ops.cc:79] Node 11 dequeues token: [403]
I tensorflow/core/kernels/logging_ops.cc:79] Node 14 dequeues token: [402]
I tensorflow/core/kernels/logging_ops.cc:79] Node 15 dequeues token: [403]
I tensorflow/core/kernels/logging_ops.cc:79] Node 7 dequeues token: [403]
I tensorflow/core/kernels/logging_ops.cc:79] Node 3 dequeues token: [403]
I tensorflow/core/kernels/logging_ops.cc:79] Node 0 dequeues token: [403]
I tensorflow/core/kernels/logging_ops.cc:79] Node 13 dequeues token: [404]
I tensorflow/core/kernels/logging_ops.cc:79] Node 6 dequeues token: [402]
I tensorflow/core/kernels/logging_ops.cc:79] Node 1 dequeues token: [404]
I tensorflow/core/kernels/logging_ops.cc:79] Node 12 dequeues token: [403]
I tensorflow/core/kernels/logging_ops.cc:79] ~~~~~ daniter~~~ GLobalstep:[411][-0.0017512213 0.00041075447...]
I tensorflow/core/kernels/logging_ops.cc:79] Node 9 dequeues token: [404]
I tensorflow/core/kernels/logging_ops.cc:79] Node 8 dequeues token: [403]
I tensorflow/core/kernels/logging_ops.cc:79] Node 5 dequeues token: [404]
I tensorflow/core/kernels/logging_ops.cc:79] ~~~~~ daniter~~~ GLobalstep:[412][-0.0015726821 0.0015172795...]
I tensorflow/core/kernels/logging_ops.cc:79] Node 14 dequeues token: [402]
I tensorflow/core/kernels/logging_ops.cc:79] ~~~~~ daniter~~~ GLobalstep:[413][-0.0045124693 -0.0021462569...]
I tensorflow/core/kernels/logging_ops.cc:79] Node 10 dequeues token: [405]
I tensorflow/core/kernels/logging_ops.cc:79] ~~~~~ daniter~~~ GLobalstep:[413][0.0076700645 -0.0030631167...]
I tensorflow/core/kernels/logging_ops.cc:79] Node 4 dequeues token: [407]
I tensorflow/core/kernels/logging_ops.cc:79] Node 13 dequeues token: [404]
I tensorflow/core/kernels/logging_ops.cc:79] Node 15 dequeues token: [406]
I tensorflow/core/kernels/logging_ops.cc:79] Node 2 dequeues token: [405]
I tensorflow/core/kernels/logging_ops.cc:79] Node 11 dequeues token: [406]
I tensorflow/core/kernels/logging_ops.cc:79] Node 12 dequeues token: [407]
I tensorflow/core/kernels/logging_ops.cc:79] Node 7 dequeues token: [406]
I tensorflow/core/kernels/logging_ops.cc:79] ~~~~~ daniter~~~ GLobalstep:[415][-0.0030074783 0.0010585967...]
I tensorflow/core/kernels/logging_ops.cc:79] Node 14 dequeues token: [405]
I tensorflow/core/kernels/logging_ops.cc:79] Node 0 dequeues token: [407]
I tensorflow/core/kernels/logging_ops.cc:79] Node 3 dequeues token: [406]
I tensorflow/core/kernels/logging_ops.cc:79] ~~~~~ daniter~~~ GLobalstep:[415][5.6395656e-05 0.00063921988...]
I tensorflow/core/kernels/logging_ops.cc:79] Node 6 dequeues token: [405]
I tensorflow/core/kernels/logging_ops.cc:79] Node 9 dequeues token: [404]
I tensorflow/core/kernels/logging_ops.cc:79] Node 1 dequeues token: [404]
I tensorflow/core/kernels/logging_ops.cc:79] ~~~~~ daniter~~~ GLobalstep:[416][0.00087113987 0.00063082622...]
I tensorflow/core/kernels/logging_ops.cc:79] Node 13 dequeues token: [408]
I tensorflow/core/kernels/logging_ops.cc:79] Node 12 dequeues token: [407]
I tensorflow/core/kernels/logging_ops.cc:79] ~~~~~ daniter~~~ GLobalstep:[418][0.0006501794 -0.00012403325...]
I tensorflow/core/kernels/logging_ops.cc:79] Node 8 dequeues token: [414]
I tensorflow/core/kernels/logging_ops.cc:79] Node 10 dequeues token: [409]
I tensorflow/core/kernels/logging_ops.cc:79] Node 5 dequeues token: [408]
I tensorflow/core/kernels/logging_ops.cc:79] Node 14 dequeues token: [409]
I tensorflow/core/kernels/logging_ops.cc:79] Node 15 dequeues token: [411]
I tensorflow/core/kernels/logging_ops.cc:79] Node 2 dequeues token: [409]
I tensorflow/core/kernels/logging_ops.cc:79] Node 11 dequeues token: [411]
I tensorflow/core/kernels/logging_ops.cc:79] Node 4 dequeues token: [414]
I tensorflow/core/kernels/logging_ops.cc:79] Node 7 dequeues token: [411]
I tensorflow/core/kernels/logging_ops.cc:79] Node 9 dequeues token: [408]
I tensorflow/core/kernels/logging_ops.cc:79] Node 13 dequeues token: [408]
I tensorflow/core/kernels/logging_ops.cc:79] Node 0 dequeues token: [414]
I tensorflow/core/kernels/logging_ops.cc:79] Node 12 dequeues token: [414]
I tensorflow/core/kernels/logging_ops.cc:79] Node 3 dequeues token: [411]
I tensorflow/core/kernels/logging_ops.cc:79] ~~~~~ daniter~~~ GLobalstep:[419][0.0021066654 0.0045943609...]
I tensorflow/core/kernels/logging_ops.cc:79] Node 14 dequeues token: [409]
I tensorflow/core/kernels/logging_ops.cc:79] Node 6 dequeues token: [416]
I tensorflow/core/kernels/logging_ops.cc:79] ~~~~~ daniter~~~ GLobalstep:[420][-0.0088178292 -0.0068153287...]
I tensorflow/core/kernels/logging_ops.cc:79] Node 10 dequeues token: [416]
I tensorflow/core/kernels/logging_ops.cc:79] ~~~~~ daniter~~~ GLobalstep:[420][-0.0017616672 0.00348948...]
I tensorflow/core/kernels/logging_ops.cc:79] Node 8 dequeues token: [418]
I tensorflow/core/kernels/logging_ops.cc:79] ~~~~~ daniter~~~ GLobalstep:[421][0.0063359393 0.014476523...]
I tensorflow/core/kernels/logging_ops.cc:79] Node 15 dequeues token: [415]
I tensorflow/core/kernels/logging_ops.cc:79] Node 11 dequeues token: [415]
I tensorflow/core/kernels/logging_ops.cc:79] Node 1 dequeues token: [412]
I tensorflow/core/kernels/logging_ops.cc:79] Node 2 dequeues token: [416]
I tensorflow/core/kernels/logging_ops.cc:79] Node 5 dequeues token: [412]
I tensorflow/core/kernels/logging_ops.cc:79] Node 13 dequeues token: [412]
I tensorflow/core/kernels/logging_ops.cc:79] Node 12 dequeues token: [418]
I tensorflow/core/kernels/logging_ops.cc:79] Node 4 dequeues token: [418]
I tensorflow/core/kernels/logging_ops.cc:79] Node 14 dequeues token: [416]
I tensorflow/core/kernels/logging_ops.cc:79] Node 7 dequeues token: [415]
I tensorflow/core/kernels/logging_ops.cc:79] Node 9 dequeues token: [412]
I tensorflow/core/kernels/logging_ops.cc:79] Node 15 dequeues token: [415]
I tensorflow/core/kernels/logging_ops.cc:79] Node 0 dequeues token: [418]
I tensorflow/core/kernels/logging_ops.cc:79] ~~~~~ daniter~~~ GLobalstep:[423][-0.00045127474 -0.0054005822...]
I tensorflow/core/kernels/logging_ops.cc:79] ~~~~~ daniter~~~ GLobalstep:[423][0.0040504835 0.0070567438...]
I tensorflow/core/kernels/logging_ops.cc:79] Node 10 dequeues token: [416]
I tensorflow/core/kernels/logging_ops.cc:79] Node 8 dequeues token: [421]
I tensorflow/core/kernels/logging_ops.cc:79] Node 6 dequeues token: [416]
I tensorflow/core/kernels/logging_ops.cc:79] ~~~~~ daniter~~~ GLobalstep:[425][-0.014334508 0.0048530139...]
I tensorflow/core/kernels/logging_ops.cc:79] Node 12 dequeues token: [421]
I tensorflow/core/kernels/logging_ops.cc:79] Node 3 dequeues token: [419]
I tensorflow/core/kernels/logging_ops.cc:79] Node 11 dequeues token: [419]
I tensorflow/core/kernels/logging_ops.cc:79] Node 14 dequeues token: [416]
I tensorflow/core/kernels/logging_ops.cc:79] Node 15 dequeues token: [419]
I tensorflow/core/kernels/logging_ops.cc:79] Node 2 dequeues token: [416]
I tensorflow/core/kernels/logging_ops.cc:79] ~~~~~ daniter~~~ GLobalstep:[426][-0.0060941307 -0.0092957448...]
I tensorflow/core/kernels/logging_ops.cc:79] Node 13 dequeues token: [417]
I tensorflow/core/kernels/logging_ops.cc:79] Node 1 dequeues token: [417]
I tensorflow/core/kernels/logging_ops.cc:79] Node 5 dequeues token: [417]
I tensorflow/core/kernels/logging_ops.cc:79] Node 9 dequeues token: [417]
I tensorflow/core/kernels/logging_ops.cc:79] Node 12 dequeues token: [421]
I tensorflow/core/kernels/logging_ops.cc:79] Node 4 dequeues token: [421]
I tensorflow/core/kernels/logging_ops.cc:79] ~~~~~ daniter~~~ GLobalstep:[427][0.00073465926 0.0013784376...]
I tensorflow/core/kernels/logging_ops.cc:79] ~~~~~ daniter~~~ GLobalstep:[427][0.0067146169 -0.017812448...]
I tensorflow/core/kernels/logging_ops.cc:79] Node 7 dequeues token: [419]
I tensorflow/core/kernels/logging_ops.cc:79] Node 0 dequeues token: [425]
I tensorflow/core/kernels/logging_ops.cc:79] Node 14 dequeues token: [424]
I tensorflow/core/kernels/logging_ops.cc:79] ~~~~~ daniter~~~ GLobalstep:[429][0.00030826346 0.0035423469...]
I tensorflow/core/kernels/logging_ops.cc:79] Node 10 dequeues token: [424]
I tensorflow/core/kernels/logging_ops.cc:79] Node 8 dequeues token: [425]
I tensorflow/core/kernels/logging_ops.cc:79] Node 15 dequeues token: [422]
I tensorflow/core/kernels/logging_ops.cc:79] Node 11 dequeues token: [422]
I tensorflow/core/kernels/logging_ops.cc:79] Node 6 dequeues token: [424]
I tensorflow/core/kernels/logging_ops.cc:79] Node 12 dequeues token: [425]
I tensorflow/core/kernels/logging_ops.cc:79] Node 3 dequeues token: [422]
I tensorflow/core/kernels/logging_ops.cc:79] Node 14 dequeues token: [424]
I tensorflow/core/kernels/logging_ops.cc:79] ~~~~~ daniter~~~ GLobalstep:[430][-0.0011415407 -0.0063582673...]
I tensorflow/core/kernels/logging_ops.cc:79] Node 15 dequeues token: [422]
I tensorflow/core/kernels/logging_ops.cc:79] Node 13 dequeues token: [427]
I tensorflow/core/kernels/logging_ops.cc:79] Node 9 dequeues token: [427]
I tensorflow/core/kernels/logging_ops.cc:79] Node 1 dequeues token: [427]
I tensorflow/core/kernels/logging_ops.cc:79] Node 5 dequeues token: [427]
I tensorflow/core/kernels/logging_ops.cc:79] ~~~~~ daniter~~~ GLobalstep:[431][-0.0056465496 0.0069359322...]
I tensorflow/core/kernels/logging_ops.cc:79] ~~~~~ daniter~~~ GLobalstep:[431][0.0056670993 -0.00478204...]
I tensorflow/core/kernels/logging_ops.cc:79] Node 2 dequeues token: [424]
I tensorflow/core/kernels/logging_ops.cc:79] Node 10 dequeues token: [424]
I tensorflow/core/kernels/logging_ops.cc:79] ~~~~~ daniter~~~ GLobalstep:[432][-0.0032892879 -0.0097780777...]
I tensorflow/core/kernels/logging_ops.cc:79] Node 4 dequeues token: [425]
I tensorflow/core/kernels/logging_ops.cc:79] Node 0 dequeues token: [425]
I tensorflow/core/kernels/logging_ops.cc:79] Node 8 dequeues token: [425]
I tensorflow/core/kernels/logging_ops.cc:79] Node 12 dequeues token: [425]
I tensorflow/core/kernels/logging_ops.cc:79] Node 14 dequeues token: [424]
I tensorflow/core/kernels/logging_ops.cc:79] Node 11 dequeues token: [426]
I tensorflow/core/kernels/logging_ops.cc:79] Node 7 dequeues token: [426]
I tensorflow/core/kernels/logging_ops.cc:79] Node 15 dequeues token: [426]
I tensorflow/core/kernels/logging_ops.cc:79] Node 3 dequeues token: [426]
I tensorflow/core/kernels/logging_ops.cc:79] Node 6 dequeues token: [424]
I tensorflow/core/kernels/logging_ops.cc:79] ~~~~~ daniter~~~ GLobalstep:[434][-0.0084243771 0.0016071945...]
I tensorflow/core/kernels/logging_ops.cc:79] Node 12 dequeues token: [425]
I tensorflow/core/kernels/logging_ops.cc:79] Node 1 dequeues token: [431]
I tensorflow/core/kernels/logging_ops.cc:79] Node 9 dequeues token: [431]
I tensorflow/core/kernels/logging_ops.cc:79] Node 13 dequeues token: [431]
I tensorflow/core/kernels/logging_ops.cc:79] ~~~~~ daniter~~~ GLobalstep:[435][-0.0031166063 -0.013148965...]
I tensorflow/core/kernels/logging_ops.cc:79] Node 5 dequeues token: [431]
I tensorflow/core/kernels/logging_ops.cc:79] Node 14 dequeues token: [429]
I tensorflow/core/kernels/logging_ops.cc:79] Node 10 dequeues token: [429]
I tensorflow/core/kernels/logging_ops.cc:79] Node 2 dequeues token: [429]
I tensorflow/core/kernels/logging_ops.cc:79] ~~~~~ daniter~~~ GLobalstep:[436][-0.011192558 0.013149753...]
I tensorflow/core/kernels/logging_ops.cc:79] Node 0 dequeues token: [433]
I tensorflow/core/kernels/logging_ops.cc:79] Node 8 dequeues token: [433]
I tensorflow/core/kernels/logging_ops.cc:79] Node 4 dequeues token: [433]
I tensorflow/core/kernels/logging_ops.cc:79] ~~~~~ daniter~~~ GLobalstep:[437][-0.045435846 -0.0092758238...]
I tensorflow/core/kernels/logging_ops.cc:79] Node 12 dequeues token: [433]
I tensorflow/core/kernels/logging_ops.cc:79] Node 15 dequeues token: [430]
I tensorflow/core/kernels/logging_ops.cc:79] Node 11 dequeues token: [430]
I tensorflow/core/kernels/logging_ops.cc:79] Node 3 dequeues token: [430]
I tensorflow/core/kernels/logging_ops.cc:79] Node 14 dequeues token: [429]
I tensorflow/core/kernels/logging_ops.cc:79] Node 7 dequeues token: [430]
I tensorflow/core/kernels/logging_ops.cc:79] ~~~~~ daniter~~~ GLobalstep:[438][0.0046253367 0.012531124...]
I tensorflow/core/kernels/logging_ops.cc:79] Node 6 dequeues token: [432]
I tensorflow/core/kernels/logging_ops.cc:79] Node 10 dequeues token: [432]
I tensorflow/core/kernels/logging_ops.cc:79] ~~~~~ daniter~~~ GLobalstep:[439][0.027327795 -0.0046684076...]
I tensorflow/core/kernels/logging_ops.cc:79] Node 14 dequeues token: [432]
I tensorflow/core/kernels/logging_ops.cc:79] Node 13 dequeues token: [435]
I tensorflow/core/kernels/logging_ops.cc:79] Node 1 dequeues token: [435]
I tensorflow/core/kernels/logging_ops.cc:79] Node 9 dequeues token: [435]
I tensorflow/core/kernels/logging_ops.cc:79] Node 5 dequeues token: [435]
I tensorflow/core/kernels/logging_ops.cc:79] Node 2 dequeues token: [432]
I tensorflow/core/kernels/logging_ops.cc:79] ~~~~~ daniter~~~ GLobalstep:[440][0.009514505 -0.0057828212...]
I tensorflow/core/kernels/logging_ops.cc:79] Node 12 dequeues token: [433]
I tensorflow/core/kernels/logging_ops.cc:79] Node 8 dequeues token: [433]
I tensorflow/core/kernels/logging_ops.cc:79] Node 0 dequeues token: [433]
I tensorflow/core/kernels/logging_ops.cc:79] Node 4 dequeues token: [433]
I tensorflow/core/kernels/logging_ops.cc:79] ~~~~~ daniter~~~ GLobalstep:[441][-0.0013285466 -0.00127466...]
I tensorflow/core/kernels/logging_ops.cc:79] ~~~~~ daniter~~~ GLobalstep:[441][0.0092191091 -0.0070513785...]
I tensorflow/core/kernels/logging_ops.cc:79] Node 14 dequeues token: [436]
I tensorflow/core/kernels/logging_ops.cc:79] Node 10 dequeues token: [436]
I tensorflow/core/kernels/logging_ops.cc:79] Node 15 dequeues token: [434]
I tensorflow/core/kernels/logging_ops.cc:79] Node 11 dequeues token: [434]
I tensorflow/core/kernels/logging_ops.cc:79] Node 3 dequeues token: [434]
I tensorflow/core/kernels/logging_ops.cc:79] Node 7 dequeues token: [434]
I tensorflow/core/kernels/logging_ops.cc:79] Node 14 dequeues token: [436]
I tensorflow/core/kernels/logging_ops.cc:79] Node 6 dequeues token: [436]
I tensorflow/core/kernels/logging_ops.cc:79] ~~~~~ daniter~~~ GLobalstep:[443][-0.0010501118 -0.019206064...]
I tensorflow/core/kernels/logging_ops.cc:79] Node 2 dequeues token: [439]
I tensorflow/core/kernels/logging_ops.cc:79] Node 10 dequeues token: [439]
I tensorflow/core/kernels/logging_ops.cc:79] Node 14 dequeues token: [439]
I tensorflow/core/kernels/logging_ops.cc:79] ~~~~~ daniter~~~ GLobalstep:[444][-0.028515838 -0.040127046...]
I tensorflow/core/kernels/logging_ops.cc:79] Node 5 dequeues token: [440]
I tensorflow/core/kernels/logging_ops.cc:79] Node 1 dequeues token: [440]
I tensorflow/core/kernels/logging_ops.cc:79] Node 13 dequeues token: [440]
I tensorflow/core/kernels/logging_ops.cc:79] Node 9 dequeues token: [440]
I tensorflow/core/kernels/logging_ops.cc:79] Node 14 dequeues token: [439]
I tensorflow/core/kernels/logging_ops.cc:79] ~~~~~ daniter~~~ GLobalstep:[445][-0.14456584 -0.01314728...]
I tensorflow/core/kernels/logging_ops.cc:79] Node 10 dequeues token: [442]
I tensorflow/core/kernels/logging_ops.cc:79] Node 2 dequeues token: [442]
I tensorflow/core/kernels/logging_ops.cc:79] Node 14 dequeues token: [442]
I tensorflow/core/kernels/logging_ops.cc:79] ~~~~~ daniter~~~ GLobalstep:[446][0.05767015 0.038463872...]
I tensorflow/core/kernels/logging_ops.cc:79] Node 12 dequeues token: [441]
I tensorflow/core/kernels/logging_ops.cc:79] Node 8 dequeues token: [441]
I tensorflow/core/kernels/logging_ops.cc:79] Node 0 dequeues token: [441]
I tensorflow/core/kernels/logging_ops.cc:79] Node 4 dequeues token: [441]
I tensorflow/core/kernels/logging_ops.cc:79] Node 10 dequeues token: [442]
I tensorflow/core/kernels/logging_ops.cc:79] ~~~~~ daniter~~~ GLobalstep:[447][-0.0053831753 -0.0090231989...]
I tensorflow/core/kernels/logging_ops.cc:79] Node 2 dequeues token: [444]
I tensorflow/core/kernels/logging_ops.cc:79] Node 14 dequeues token: [444]
I tensorflow/core/kernels/logging_ops.cc:79] Node 10 dequeues token: [444]
I tensorflow/core/kernels/logging_ops.cc:79] Node 14 dequeues token: [444]
I tensorflow/core/kernels/logging_ops.cc:79] ~~~~~ daniter~~~ GLobalstep:[448][-0.020454513 -0.015980667...]
I tensorflow/core/kernels/logging_ops.cc:79] Node 3 dequeues token: [443]
I tensorflow/core/kernels/logging_ops.cc:79] Node 11 dequeues token: [443]
I tensorflow/core/kernels/logging_ops.cc:79] Node 15 dequeues token: [443]
I tensorflow/core/kernels/logging_ops.cc:79] Node 7 dequeues token: [443]
I tensorflow/core/kernels/logging_ops.cc:79] ~~~~~ daniter~~~ GLobalstep:[449][0.025032492 0.0044044177...]
I tensorflow/core/kernels/logging_ops.cc:79] Node 2 dequeues token: [448]
I tensorflow/core/kernels/logging_ops.cc:79] Node 10 dequeues token: [448]
I tensorflow/core/kernels/logging_ops.cc:79] Node 14 dequeues token: [448]
I tensorflow/core/kernels/logging_ops.cc:79] Node 6 dequeues token: [448]
I tensorflow/core/kernels/logging_ops.cc:79] ~~~~~ daniter~~~ GLobalstep:[450][-0.013504829 -0.025845118...]
I tensorflow/core/kernels/logging_ops.cc:79] Node 13 dequeues token: [440]
I tensorflow/core/kernels/logging_ops.cc:79] Node 9 dequeues token: [440]
I tensorflow/core/kernels/logging_ops.cc:79] Node 5 dequeues token: [440]
I tensorflow/core/kernels/logging_ops.cc:79] Node 1 dequeues token: [440]
I tensorflow/core/kernels/logging_ops.cc:79] ~~~~~ daniter~~~ GLobalstep:[451][0.013728371 -0.0054151849...]
I tensorflow/core/kernels/logging_ops.cc:79] Node 12 dequeues token: [441]
I tensorflow/core/kernels/logging_ops.cc:79] Node 8 dequeues token: [441]
I tensorflow/core/kernels/logging_ops.cc:79] Node 0 dequeues token: [441]
I tensorflow/core/kernels/logging_ops.cc:79] Node 4 dequeues token: [441]
I tensorflow/core/kernels/logging_ops.cc:79] ~~~~~ daniter~~~ GLobalstep:[452][0.0056961421 0.00030973298...]
I tensorflow/core/kernels/logging_ops.cc:79] Node 3 dequeues token: [449]
I tensorflow/core/kernels/logging_ops.cc:79] Node 11 dequeues token: [449]
I tensorflow/core/kernels/logging_ops.cc:79] Node 15 dequeues token: [449]
I tensorflow/core/kernels/logging_ops.cc:79] Node 7 dequeues token: [449]
I tensorflow/core/kernels/logging_ops.cc:79] ~~~~~ daniter~~~ GLobalstep:[453][0.0015203529 -0.02150779...]
I tensorflow/core/kernels/logging_ops.cc:79] Node 2 dequeues token: [448]
I tensorflow/core/kernels/logging_ops.cc:79] Node 10 dequeues token: [448]
I tensorflow/core/kernels/logging_ops.cc:79] Node 14 dequeues token: [448]
I tensorflow/core/kernels/logging_ops.cc:79] Node 6 dequeues token: [448]
I tensorflow/core/kernels/logging_ops.cc:79] ~~~~~ daniter~~~ GLobalstep:[454][0.0075442893 0.010802504...]
I tensorflow/core/kernels/logging_ops.cc:79] Node 9 dequeues token: [451]
I tensorflow/core/kernels/logging_ops.cc:79] Node 5 dequeues token: [451]
I tensorflow/core/kernels/logging_ops.cc:79] Node 13 dequeues token: [451]
I tensorflow/core/kernels/logging_ops.cc:79] Node 1 dequeues token: [451]
I tensorflow/core/kernels/logging_ops.cc:79] ~~~~~ daniter~~~ GLobalstep:[455][-0.029566875 0.0063749035...]
I tensorflow/core/kernels/logging_ops.cc:79] Node 8 dequeues token: [452]
I tensorflow/core/kernels/logging_ops.cc:79] Node 12 dequeues token: [452]
I tensorflow/core/kernels/logging_ops.cc:79] Node 0 dequeues token: [452]
I tensorflow/core/kernels/logging_ops.cc:79] Node 4 dequeues token: [452]
I tensorflow/core/kernels/logging_ops.cc:79] ~~~~~ daniter~~~ GLobalstep:[456][0.01821778 -0.0079323929...]
I tensorflow/core/kernels/logging_ops.cc:79] Node 15 dequeues token: [453]
I tensorflow/core/kernels/logging_ops.cc:79] Node 11 dequeues token: [453]
I tensorflow/core/kernels/logging_ops.cc:79] Node 3 dequeues token: [453]
I tensorflow/core/kernels/logging_ops.cc:79] Node 7 dequeues token: [453]
I tensorflow/core/kernels/logging_ops.cc:79] ~~~~~ daniter~~~ GLobalstep:[457][-0.0065657082 -0.0043393276...]
I tensorflow/core/kernels/logging_ops.cc:79] Node 14 dequeues token: [454]
I tensorflow/core/kernels/logging_ops.cc:79] Node 10 dequeues token: [454]
I tensorflow/core/kernels/logging_ops.cc:79] Node 2 dequeues token: [454]
I tensorflow/core/kernels/logging_ops.cc:79] Node 6 dequeues token: [454]
I tensorflow/core/kernels/logging_ops.cc:79] ~~~~~ daniter~~~ GLobalstep:[458][-0.014663015 -0.0063772793...]
I tensorflow/core/kernels/logging_ops.cc:79] Node 13 dequeues token: [455]
I tensorflow/core/kernels/logging_ops.cc:79] Node 9 dequeues token: [455]
I tensorflow/core/kernels/logging_ops.cc:79] Node 1 dequeues token: [455]
I tensorflow/core/kernels/logging_ops.cc:79] Node 5 dequeues token: [455]
I tensorflow/core/kernels/logging_ops.cc:79] ~~~~~ daniter~~~ GLobalstep:[459][0.0062437742 -0.0065803914...]
I tensorflow/core/kernels/logging_ops.cc:79] Node 0 dequeues token: [456]
I tensorflow/core/kernels/logging_ops.cc:79] Node 12 dequeues token: [456]
I tensorflow/core/kernels/logging_ops.cc:79] Node 8 dequeues token: [456]
I tensorflow/core/kernels/logging_ops.cc:79] Node 4 dequeues token: [456]
I tensorflow/core/kernels/logging_ops.cc:79] ~~~~~ daniter~~~ GLobalstep:[460][0.0019930298 5.9185681e-05...]
I tensorflow/core/kernels/logging_ops.cc:79] Node 3 dequeues token: [457]
I tensorflow/core/kernels/logging_ops.cc:79] Node 11 dequeues token: [457]
I tensorflow/core/kernels/logging_ops.cc:79] Node 15 dequeues token: [457]
I tensorflow/core/kernels/logging_ops.cc:79] Node 7 dequeues token: [457]
I tensorflow/core/kernels/logging_ops.cc:79] ~~~~~ daniter~~~ GLobalstep:[461][0.00095932896 -0.00023883281...]
I tensorflow/core/kernels/logging_ops.cc:79] Node 2 dequeues token: [458]
I tensorflow/core/kernels/logging_ops.cc:79] Node 10 dequeues token: [458]
I tensorflow/core/kernels/logging_ops.cc:79] Node 14 dequeues token: [458]
I tensorflow/core/kernels/logging_ops.cc:79] Node 6 dequeues token: [458]
I tensorflow/core/kernels/logging_ops.cc:79] ~~~~~ daniter~~~ GLobalstep:[462][-0.00059980189 -1.0650561e-05...]
I tensorflow/core/kernels/logging_ops.cc:79] Node 9 dequeues token: [459]
I tensorflow/core/kernels/logging_ops.cc:79] Node 13 dequeues token: [459]
I tensorflow/core/kernels/logging_ops.cc:79] Node 1 dequeues token: [459]
I tensorflow/core/kernels/logging_ops.cc:79] Node 5 dequeues token: [459]
I tensorflow/core/kernels/logging_ops.cc:79] ~~~~~ daniter~~~ GLobalstep:[463][-0.013366384 0.00030316127...]
I tensorflow/core/kernels/logging_ops.cc:79] Node 0 dequeues token: [460]
I tensorflow/core/kernels/logging_ops.cc:79] Node 12 dequeues token: [460]
I tensorflow/core/kernels/logging_ops.cc:79] Node 8 dequeues token: [460]
I tensorflow/core/kernels/logging_ops.cc:79] Node 4 dequeues token: [460]
I tensorflow/core/kernels/logging_ops.cc:79] ~~~~~ daniter~~~ GLobalstep:[464][0.078674652 0.012872311...]
I tensorflow/core/kernels/logging_ops.cc:79] Node 7 dequeues token: [461]
I tensorflow/core/kernels/logging_ops.cc:79] Node 3 dequeues token: [461]
I tensorflow/core/kernels/logging_ops.cc:79] Node 15 dequeues token: [461]
I tensorflow/core/kernels/logging_ops.cc:79] Node 11 dequeues token: [461]
I tensorflow/core/kernels/logging_ops.cc:79] ~~~~~ daniter~~~ GLobalstep:[465][5.4955017e-05 -0.00010421445...]
I tensorflow/core/kernels/logging_ops.cc:79] Node 14 dequeues token: [462]
I tensorflow/core/kernels/logging_ops.cc:79] Node 10 dequeues token: [462]
I tensorflow/core/kernels/logging_ops.cc:79] Node 2 dequeues token: [462]
I tensorflow/core/kernels/logging_ops.cc:79] Node 6 dequeues token: [462]
I tensorflow/core/kernels/logging_ops.cc:79] ~~~~~ daniter~~~ GLobalstep:[466][0.0078172712 0.00022361754...]
I tensorflow/core/kernels/logging_ops.cc:79] Node 13 dequeues token: [463]
I tensorflow/core/kernels/logging_ops.cc:79] Node 1 dequeues token: [463]
I tensorflow/core/kernels/logging_ops.cc:79] Node 9 dequeues token: [463]
I tensorflow/core/kernels/logging_ops.cc:79] Node 5 dequeues token: [463]
I tensorflow/core/kernels/logging_ops.cc:79] ~~~~~ daniter~~~ GLobalstep:[467][-0.0011903844 0.00013072921...]
I tensorflow/core/kernels/logging_ops.cc:79] Node 12 dequeues token: [464]
I tensorflow/core/kernels/logging_ops.cc:79] Node 8 dequeues token: [464]
I tensorflow/core/kernels/logging_ops.cc:79] Node 0 dequeues token: [464]
I tensorflow/core/kernels/logging_ops.cc:79] Node 4 dequeues token: [464]
I tensorflow/core/kernels/logging_ops.cc:79] ~~~~~ daniter~~~ GLobalstep:[468][0.00052537443 0.00012960609...]
I tensorflow/core/kernels/logging_ops.cc:79] Node 15 dequeues token: [465]
I tensorflow/core/kernels/logging_ops.cc:79] Node 11 dequeues token: [465]
I tensorflow/core/kernels/logging_ops.cc:79] Node 3 dequeues token: [465]
I tensorflow/core/kernels/logging_ops.cc:79] Node 7 dequeues token: [465]
I tensorflow/core/kernels/logging_ops.cc:79] ~~~~~ daniter~~~ GLobalstep:[469][-0.0013144396 0.00022958108...]
I tensorflow/core/kernels/logging_ops.cc:79] Node 6 dequeues token: [466]
I tensorflow/core/kernels/logging_ops.cc:79] Node 2 dequeues token: [466]
I tensorflow/core/kernels/logging_ops.cc:79] Node 14 dequeues token: [466]
I tensorflow/core/kernels/logging_ops.cc:79] Node 10 dequeues token: [466]
I tensorflow/core/kernels/logging_ops.cc:79] ~~~~~ daniter~~~ GLobalstep:[470][-0.00011661567 0.00034661981...]
I tensorflow/core/kernels/logging_ops.cc:79] Node 5 dequeues token: [467]
I tensorflow/core/kernels/logging_ops.cc:79] Node 1 dequeues token: [467]
I tensorflow/core/kernels/logging_ops.cc:79] Node 13 dequeues token: [467]
I tensorflow/core/kernels/logging_ops.cc:79] Node 9 dequeues token: [467]
I tensorflow/core/kernels/logging_ops.cc:79] ~~~~~ daniter~~~ GLobalstep:[471][-0.0020387925 -0.00027420494...]
I tensorflow/core/kernels/logging_ops.cc:79] Node 0 dequeues token: [468]
I tensorflow/core/kernels/logging_ops.cc:79] Node 8 dequeues token: [468]
I tensorflow/core/kernels/logging_ops.cc:79] Node 12 dequeues token: [468]
I tensorflow/core/kernels/logging_ops.cc:79] Node 4 dequeues token: [468]
I tensorflow/core/kernels/logging_ops.cc:79] ~~~~~ daniter~~~ GLobalstep:[472][0.0038701491 -0.00026991114...]
I tensorflow/core/kernels/logging_ops.cc:79] Node 11 dequeues token: [469]
I tensorflow/core/kernels/logging_ops.cc:79] Node 7 dequeues token: [469]
I tensorflow/core/kernels/logging_ops.cc:79] Node 3 dequeues token: [469]
I tensorflow/core/kernels/logging_ops.cc:79] Node 15 dequeues token: [469]
I tensorflow/core/kernels/logging_ops.cc:79] ~~~~~ daniter~~~ GLobalstep:[473][0.0018304096 -0.00012966708...]
I tensorflow/core/kernels/logging_ops.cc:79] Node 2 dequeues token: [470]
I tensorflow/core/kernels/logging_ops.cc:79] Node 14 dequeues token: [470]
I tensorflow/core/kernels/logging_ops.cc:79] Node 10 dequeues token: [470]
I tensorflow/core/kernels/logging_ops.cc:79] Node 6 dequeues token: [470]
I tensorflow/core/kernels/logging_ops.cc:79] ~~~~~ daniter~~~ GLobalstep:[474][-0.00039451072 4.2488195e-05...]
I tensorflow/core/kernels/logging_ops.cc:79] Node 1 dequeues token: [471]
I tensorflow/core/kernels/logging_ops.cc:79] Node 9 dequeues token: [471]
I tensorflow/core/kernels/logging_ops.cc:79] Node 13 dequeues token: [471]
I tensorflow/core/kernels/logging_ops.cc:79] Node 5 dequeues token: [471]
I tensorflow/core/kernels/logging_ops.cc:79] ~~~~~ daniter~~~ GLobalstep:[475][0.04808034 0.0067003029...]
I tensorflow/core/kernels/logging_ops.cc:79] Node 12 dequeues token: [472]
I tensorflow/core/kernels/logging_ops.cc:79] Node 4 dequeues token: [472]
I tensorflow/core/kernels/logging_ops.cc:79] Node 8 dequeues token: [472]
I tensorflow/core/kernels/logging_ops.cc:79] Node 0 dequeues token: [472]
I tensorflow/core/kernels/logging_ops.cc:79] ~~~~~ daniter~~~ GLobalstep:[476][0.00070932019 0.00021577961...]
I tensorflow/core/kernels/logging_ops.cc:79] Node 15 dequeues token: [469]
I tensorflow/core/kernels/logging_ops.cc:79] Node 7 dequeues token: [469]
I tensorflow/core/kernels/logging_ops.cc:79] Node 3 dequeues token: [469]
I tensorflow/core/kernels/logging_ops.cc:79] Node 11 dequeues token: [469]
I tensorflow/core/kernels/logging_ops.cc:79] ~~~~~ daniter~~~ GLobalstep:[477][0.00182444 0.00018076063...]
I tensorflow/core/kernels/logging_ops.cc:79] Node 14 dequeues token: [474]
I tensorflow/core/kernels/logging_ops.cc:79] Node 2 dequeues token: [474]
I tensorflow/core/kernels/logging_ops.cc:79] Node 6 dequeues token: [474]
I tensorflow/core/kernels/logging_ops.cc:79] Node 10 dequeues token: [474]
I tensorflow/core/kernels/logging_ops.cc:79] ~~~~~ daniter~~~ GLobalstep:[478][0.094810784 0.0064085675...]
I tensorflow/core/kernels/logging_ops.cc:79] Node 13 dequeues token: [475]
I tensorflow/core/kernels/logging_ops.cc:79] Node 9 dequeues token: [475]
I tensorflow/core/kernels/logging_ops.cc:79] Node 5 dequeues token: [475]
I tensorflow/core/kernels/logging_ops.cc:79] Node 1 dequeues token: [475]
I tensorflow/core/kernels/logging_ops.cc:79] ~~~~~ daniter~~~ GLobalstep:[479][-0.012997558 -0.00075573486...]
I tensorflow/core/kernels/logging_ops.cc:79] Node 12 dequeues token: [476]
I tensorflow/core/kernels/logging_ops.cc:79] Node 0 dequeues token: [476]
I tensorflow/core/kernels/logging_ops.cc:79] Node 8 dequeues token: [476]
I tensorflow/core/kernels/logging_ops.cc:79] Node 4 dequeues token: [476]
I tensorflow/core/kernels/logging_ops.cc:79] ~~~~~ daniter~~~ GLobalstep:[480][0.034925923 -0.0048426166...]
I tensorflow/core/kernels/logging_ops.cc:79] Node 15 dequeues token: [477]
I tensorflow/core/kernels/logging_ops.cc:79] Node 7 dequeues token: [477]
I tensorflow/core/kernels/logging_ops.cc:79] Node 3 dequeues token: [477]
I tensorflow/core/kernels/logging_ops.cc:79] Node 11 dequeues token: [477]
I tensorflow/core/kernels/logging_ops.cc:79] ~~~~~ daniter~~~ GLobalstep:[481][-0.010242715 0.0050845384...]
I tensorflow/core/kernels/logging_ops.cc:79] Node 14 dequeues token: [478]
I tensorflow/core/kernels/logging_ops.cc:79] Node 10 dequeues token: [478]
I tensorflow/core/kernels/logging_ops.cc:79] Node 2 dequeues token: [478]
I tensorflow/core/kernels/logging_ops.cc:79] Node 6 dequeues token: [478]
I tensorflow/core/kernels/logging_ops.cc:79] ~~~~~ daniter~~~ GLobalstep:[482][0.0021616314 -0.00031343495...]
I tensorflow/core/kernels/logging_ops.cc:79] Node 13 dequeues token: [479]
I tensorflow/core/kernels/logging_ops.cc:79] Node 1 dequeues token: [479]
I tensorflow/core/kernels/logging_ops.cc:79] Node 5 dequeues token: [479]
I tensorflow/core/kernels/logging_ops.cc:79] Node 9 dequeues token: [479]
I tensorflow/core/kernels/logging_ops.cc:79] ~~~~~ daniter~~~ GLobalstep:[483][0.012870398 0.0021658971...]
I tensorflow/core/kernels/logging_ops.cc:79] Node 4 dequeues token: [480]
I tensorflow/core/kernels/logging_ops.cc:79] Node 0 dequeues token: [480]
I tensorflow/core/kernels/logging_ops.cc:79] Node 8 dequeues token: [480]
I tensorflow/core/kernels/logging_ops.cc:79] Node 12 dequeues token: [480]
I tensorflow/core/kernels/logging_ops.cc:79] ~~~~~ daniter~~~ GLobalstep:[484][0.0209592 0.0031248054...]
I tensorflow/core/kernels/logging_ops.cc:79] Node 11 dequeues token: [481]
I tensorflow/core/kernels/logging_ops.cc:79] Node 15 dequeues token: [481]
I tensorflow/core/kernels/logging_ops.cc:79] Node 3 dequeues token: [481]
I tensorflow/core/kernels/logging_ops.cc:79] Node 7 dequeues token: [481]
I tensorflow/core/kernels/logging_ops.cc:79] ~~~~~ daniter~~~ GLobalstep:[485][0.0029577431 0.00054494338...]
I tensorflow/core/kernels/logging_ops.cc:79] Node 14 dequeues token: [482]
I tensorflow/core/kernels/logging_ops.cc:79] Node 10 dequeues token: [482]
I tensorflow/core/kernels/logging_ops.cc:79] Node 2 dequeues token: [482]
I tensorflow/core/kernels/logging_ops.cc:79] Node 6 dequeues token: [482]
I tensorflow/core/kernels/logging_ops.cc:79] ~~~~~ daniter~~~ GLobalstep:[486][-0.00014756748 -0.00019828929...]
I tensorflow/core/kernels/logging_ops.cc:79] Node 13 dequeues token: [483]
I tensorflow/core/kernels/logging_ops.cc:79] Node 9 dequeues token: [483]
I tensorflow/core/kernels/logging_ops.cc:79] Node 1 dequeues token: [483]
I tensorflow/core/kernels/logging_ops.cc:79] Node 5 dequeues token: [483]
I tensorflow/core/kernels/logging_ops.cc:79] ~~~~~ daniter~~~ GLobalstep:[487][0.0049626697 0.0014002395...]
I tensorflow/core/kernels/logging_ops.cc:79] Node 12 dequeues token: [484]
I tensorflow/core/kernels/logging_ops.cc:79] Node 8 dequeues token: [484]
I tensorflow/core/kernels/logging_ops.cc:79] Node 0 dequeues token: [484]
I tensorflow/core/kernels/logging_ops.cc:79] Node 4 dequeues token: [484]
I tensorflow/core/kernels/logging_ops.cc:79] ~~~~~ daniter~~~ GLobalstep:[488][-0.0019756763 -0.0018812248...]
I tensorflow/core/kernels/logging_ops.cc:79] Node 11 dequeues token: [485]
I tensorflow/core/kernels/logging_ops.cc:79] Node 15 dequeues token: [485]
I tensorflow/core/kernels/logging_ops.cc:79] Node 7 dequeues token: [485]
I tensorflow/core/kernels/logging_ops.cc:79] Node 3 dequeues token: [485]
I tensorflow/core/kernels/logging_ops.cc:79] ~~~~~ daniter~~~ GLobalstep:[489][-0.0078316834 -0.0023125208...]
I tensorflow/core/kernels/logging_ops.cc:79] Node 14 dequeues token: [486]
I tensorflow/core/kernels/logging_ops.cc:79] Node 2 dequeues token: [486]
I tensorflow/core/kernels/logging_ops.cc:79] Node 10 dequeues token: [486]
I tensorflow/core/kernels/logging_ops.cc:79] Node 6 dequeues token: [486]
I tensorflow/core/kernels/logging_ops.cc:79] ~~~~~ daniter~~~ GLobalstep:[490][-0.0026035942 -0.0030532067...]
I tensorflow/core/kernels/logging_ops.cc:79] Node 5 dequeues token: [483]
I tensorflow/core/kernels/logging_ops.cc:79] Node 13 dequeues token: [483]
I tensorflow/core/kernels/logging_ops.cc:79] Node 1 dequeues token: [483]
I tensorflow/core/kernels/logging_ops.cc:79] Node 9 dequeues token: [483]
I tensorflow/core/kernels/logging_ops.cc:79] ~~~~~ daniter~~~ GLobalstep:[491][0.0021591845 0.0016115772...]
I tensorflow/core/kernels/logging_ops.cc:79] Node 0 dequeues token: [488]
I tensorflow/core/kernels/logging_ops.cc:79] Node 12 dequeues token: [488]
I tensorflow/core/kernels/logging_ops.cc:79] Node 8 dequeues token: [488]
I tensorflow/core/kernels/logging_ops.cc:79] Node 4 dequeues token: [488]
I tensorflow/core/kernels/logging_ops.cc:79] ~~~~~ daniter~~~ GLobalstep:[492][-0.00018021314 0.00014880451...]
I tensorflow/core/kernels/logging_ops.cc:79] Node 15 dequeues token: [489]
I tensorflow/core/kernels/logging_ops.cc:79] Node 11 dequeues token: [489]
I tensorflow/core/kernels/logging_ops.cc:79] Node 3 dequeues token: [489]
I tensorflow/core/kernels/logging_ops.cc:79] Node 7 dequeues token: [489]
I tensorflow/core/kernels/logging_ops.cc:79] ~~~~~ daniter~~~ GLobalstep:[493][-0.0014043783 0.0014398296...]
I tensorflow/core/kernels/logging_ops.cc:79] Node 14 dequeues token: [486]
I tensorflow/core/kernels/logging_ops.cc:79] Node 6 dequeues token: [486]
I tensorflow/core/kernels/logging_ops.cc:79] Node 10 dequeues token: [486]
I tensorflow/core/kernels/logging_ops.cc:79] Node 2 dequeues token: [486]
I tensorflow/core/kernels/logging_ops.cc:79] ~~~~~ daniter~~~ GLobalstep:[494][-0.0021172578 -0.0012177995...]
I tensorflow/core/kernels/logging_ops.cc:79] Node 5 dequeues token: [491]
I tensorflow/core/kernels/logging_ops.cc:79] Node 1 dequeues token: [491]
I tensorflow/core/kernels/logging_ops.cc:79] Node 9 dequeues token: [491]
I tensorflow/core/kernels/logging_ops.cc:79] Node 13 dequeues token: [491]
I tensorflow/core/kernels/logging_ops.cc:79] ~~~~~ daniter~~~ GLobalstep:[495][0.0033554009 0.0006229186...]
I tensorflow/core/kernels/logging_ops.cc:79] Node 12 dequeues token: [492]
I tensorflow/core/kernels/logging_ops.cc:79] Node 8 dequeues token: [492]
I tensorflow/core/kernels/logging_ops.cc:79] Node 0 dequeues token: [492]
I tensorflow/core/kernels/logging_ops.cc:79] Node 4 dequeues token: [492]
I tensorflow/core/kernels/logging_ops.cc:79] ~~~~~ daniter~~~ GLobalstep:[496][0.0010091729 -0.0013847612...]
I tensorflow/core/kernels/logging_ops.cc:79] Node 11 dequeues token: [493]
I tensorflow/core/kernels/logging_ops.cc:79] Node 15 dequeues token: [493]
I tensorflow/core/kernels/logging_ops.cc:79] Node 3 dequeues token: [493]
I tensorflow/core/kernels/logging_ops.cc:79] Node 7 dequeues token: [493]
I tensorflow/core/kernels/logging_ops.cc:79] ~~~~~ daniter~~~ GLobalstep:[497][-0.0041488288 -0.0035698886...]
I tensorflow/core/kernels/logging_ops.cc:79] Node 14 dequeues token: [494]
I tensorflow/core/kernels/logging_ops.cc:79] Node 10 dequeues token: [494]
I tensorflow/core/kernels/logging_ops.cc:79] Node 2 dequeues token: [494]
I tensorflow/core/kernels/logging_ops.cc:79] Node 6 dequeues token: [494]
I tensorflow/core/kernels/logging_ops.cc:79] ~~~~~ daniter~~~ GLobalstep:[498][-3.2483367e-05 8.2657672e-05...]
I tensorflow/core/kernels/logging_ops.cc:79] Node 13 dequeues token: [495]
I tensorflow/core/kernels/logging_ops.cc:79] Node 9 dequeues token: [495]
I tensorflow/core/kernels/logging_ops.cc:79] Node 5 dequeues token: [495]
I tensorflow/core/kernels/logging_ops.cc:79] Node 1 dequeues token: [495]
I tensorflow/core/kernels/logging_ops.cc:79] ~~~~~ daniter~~~ GLobalstep:[499][-0.00096037932 0.0016161548...]
I tensorflow/core/kernels/logging_ops.cc:79] Node 12 dequeues token: [496]
I tensorflow/core/kernels/logging_ops.cc:79] Node 8 dequeues token: [496]
I tensorflow/core/kernels/logging_ops.cc:79] Node 0 dequeues token: [496]
I tensorflow/core/kernels/logging_ops.cc:79] Node 4 dequeues token: [496]
I tensorflow/core/kernels/logging_ops.cc:79] ~~~~~ daniter~~~ GLobalstep:[500][-8.4244792e-05 -0.00015057882...]
I tensorflow/core/kernels/logging_ops.cc:79] Node 11 dequeues token: [497]
I tensorflow/core/kernels/logging_ops.cc:79] Node 15 dequeues token: [497]
I tensorflow/core/kernels/logging_ops.cc:79] Node 3 dequeues token: [497]
I tensorflow/core/kernels/logging_ops.cc:79] Node 7 dequeues token: [497]
I tensorflow/core/kernels/logging_ops.cc:79] ~~~~~ daniter~~~ GLobalstep:[501][-0.0062904935 -0.008454103...]
I tensorflow/core/kernels/logging_ops.cc:79] Node 6 dequeues token: [498]
I tensorflow/core/kernels/logging_ops.cc:79] Node 2 dequeues token: [498]
I tensorflow/core/kernels/logging_ops.cc:79] Node 10 dequeues token: [498]
I tensorflow/core/kernels/logging_ops.cc:79] Node 14 dequeues token: [498]
I tensorflow/core/kernels/logging_ops.cc:79] ~~~~~ daniter~~~ GLobalstep:[502][0.00025097583 0.00028699689...]
I tensorflow/core/kernels/logging_ops.cc:79] Node 5 dequeues token: [495]
I tensorflow/core/kernels/logging_ops.cc:79] Node 1 dequeues token: [495]
I tensorflow/core/kernels/logging_ops.cc:79] Node 9 dequeues token: [495]
I tensorflow/core/kernels/logging_ops.cc:79] Node 13 dequeues token: [495]
I tensorflow/core/kernels/logging_ops.cc:79] ~~~~~ daniter~~~ GLobalstep:[503][-0.001729928 -0.0011571649...]
I tensorflow/core/kernels/logging_ops.cc:79] Node 4 dequeues token: [500]
I tensorflow/core/kernels/logging_ops.cc:79] Node 12 dequeues token: [500]
I tensorflow/core/kernels/logging_ops.cc:79] Node 0 dequeues token: [500]
I tensorflow/core/kernels/logging_ops.cc:79] Node 8 dequeues token: [500]
I tensorflow/core/kernels/logging_ops.cc:79] ~~~~~ daniter~~~ GLobalstep:[504][-0.0093599809 -0.00063690136...]
I tensorflow/core/kernels/logging_ops.cc:79] ~~~~~ daniter~~~ GLobalstep:[504][-9.3964176e-05 4.9930255e-05...]
I tensorflow/core/kernels/logging_ops.cc:79] Node 6 dequeues token: [498]
I tensorflow/core/kernels/logging_ops.cc:79] Node 2 dequeues token: [498]
I tensorflow/core/kernels/logging_ops.cc:79] Node 10 dequeues token: [498]
I tensorflow/core/kernels/logging_ops.cc:79] Node 14 dequeues token: [498]
I tensorflow/core/kernels/logging_ops.cc:79] Node 7 dequeues token: [501]
I tensorflow/core/kernels/logging_ops.cc:79] Node 3 dequeues token: [501]
I tensorflow/core/kernels/logging_ops.cc:79] Node 11 dequeues token: [501]
I tensorflow/core/kernels/logging_ops.cc:79] Node 15 dequeues token: [501]
I tensorflow/core/kernels/logging_ops.cc:79] ~~~~~ daniter~~~ GLobalstep:[506][-0.0015212343 -0.00037766306...]
I tensorflow/core/kernels/logging_ops.cc:79] Node 5 dequeues token: [503]
I tensorflow/core/kernels/logging_ops.cc:79] Node 13 dequeues token: [503]
I tensorflow/core/kernels/logging_ops.cc:79] Node 9 dequeues token: [503]
I tensorflow/core/kernels/logging_ops.cc:79] Node 1 dequeues token: [503]
I tensorflow/core/kernels/logging_ops.cc:79] ~~~~~ daniter~~~ GLobalstep:[507][0.00091028668 -0.0022987858...]
I tensorflow/core/kernels/logging_ops.cc:79] Node 8 dequeues token: [504]
I tensorflow/core/kernels/logging_ops.cc:79] Node 0 dequeues token: [504]
I tensorflow/core/kernels/logging_ops.cc:79] Node 4 dequeues token: [504]
I tensorflow/core/kernels/logging_ops.cc:79] Node 12 dequeues token: [504]
I tensorflow/core/kernels/logging_ops.cc:79] ~~~~~ daniter~~~ GLobalstep:[508][-0.0014810419 -0.0022964522...]
I tensorflow/core/kernels/logging_ops.cc:79] Node 6 dequeues token: [505]
I tensorflow/core/kernels/logging_ops.cc:79] Node 10 dequeues token: [505]
I tensorflow/core/kernels/logging_ops.cc:79] Node 14 dequeues token: [505]
I tensorflow/core/kernels/logging_ops.cc:79] Node 2 dequeues token: [505]
I tensorflow/core/kernels/logging_ops.cc:79] ~~~~~ daniter~~~ GLobalstep:[509][-0.0064107771 -0.013358516...]
I tensorflow/core/kernels/logging_ops.cc:79] Node 7 dequeues token: [506]
I tensorflow/core/kernels/logging_ops.cc:79] Node 3 dequeues token: [506]
I tensorflow/core/kernels/logging_ops.cc:79] Node 15 dequeues token: [506]
I tensorflow/core/kernels/logging_ops.cc:79] Node 11 dequeues token: [506]
I tensorflow/core/kernels/logging_ops.cc:79] ~~~~~ daniter~~~ GLobalstep:[510][-0.00421014 -0.0042591854...]
I tensorflow/core/kernels/logging_ops.cc:79] Node 13 dequeues token: [507]
I tensorflow/core/kernels/logging_ops.cc:79] Node 9 dequeues token: [507]
I tensorflow/core/kernels/logging_ops.cc:79] Node 1 dequeues token: [507]
I tensorflow/core/kernels/logging_ops.cc:79] Node 5 dequeues token: [507]
I tensorflow/core/kernels/logging_ops.cc:79] ~~~~~ daniter~~~ GLobalstep:[511][0.00056291488 7.2294351e-05...]
I tensorflow/core/kernels/logging_ops.cc:79] Node 4 dequeues token: [508]
I tensorflow/core/kernels/logging_ops.cc:79] Node 0 dequeues token: [508]
I tensorflow/core/kernels/logging_ops.cc:79] Node 12 dequeues token: [508]
I tensorflow/core/kernels/logging_ops.cc:79] Node 8 dequeues token: [508]
I tensorflow/core/kernels/logging_ops.cc:79] ~~~~~ daniter~~~ GLobalstep:[512][0.00051893364 0.0010475742...]
I tensorflow/core/kernels/logging_ops.cc:79] Node 6 dequeues token: [509]
I tensorflow/core/kernels/logging_ops.cc:79] Node 2 dequeues token: [509]
I tensorflow/core/kernels/logging_ops.cc:79] Node 14 dequeues token: [509]
I tensorflow/core/kernels/logging_ops.cc:79] Node 10 dequeues token: [509]
I tensorflow/core/kernels/logging_ops.cc:79] ~~~~~ daniter~~~ GLobalstep:[513][0.0044630128 0.0257848...]
I tensorflow/core/kernels/logging_ops.cc:79] Node 7 dequeues token: [510]
I tensorflow/core/kernels/logging_ops.cc:79] Node 11 dequeues token: [510]
I tensorflow/core/kernels/logging_ops.cc:79] Node 3 dequeues token: [510]
I tensorflow/core/kernels/logging_ops.cc:79] Node 15 dequeues token: [510]
I tensorflow/core/kernels/logging_ops.cc:79] ~~~~~ daniter~~~ GLobalstep:[514][0.0012537458 -0.00081207586...]
I tensorflow/core/kernels/logging_ops.cc:79] Node 13 dequeues token: [511]
I tensorflow/core/kernels/logging_ops.cc:79] Node 9 dequeues token: [511]
I tensorflow/core/kernels/logging_ops.cc:79] Node 1 dequeues token: [511]
I tensorflow/core/kernels/logging_ops.cc:79] Node 5 dequeues token: [511]
I tensorflow/core/kernels/logging_ops.cc:79] ~~~~~ daniter~~~ GLobalstep:[515][-0.00047120551 -0.00031203343...]
I tensorflow/core/kernels/logging_ops.cc:79] Node 12 dequeues token: [512]
I tensorflow/core/kernels/logging_ops.cc:79] Node 8 dequeues token: [512]
I tensorflow/core/kernels/logging_ops.cc:79] Node 0 dequeues token: [512]
I tensorflow/core/kernels/logging_ops.cc:79] Node 4 dequeues token: [512]
I tensorflow/core/kernels/logging_ops.cc:79] ~~~~~ daniter~~~ GLobalstep:[516][-0.0026860475 0.0098998249...]
I tensorflow/core/kernels/logging_ops.cc:79] Node 6 dequeues token: [513]
I tensorflow/core/kernels/logging_ops.cc:79] Node 14 dequeues token: [513]
I tensorflow/core/kernels/logging_ops.cc:79] Node 2 dequeues token: [513]
I tensorflow/core/kernels/logging_ops.cc:79] Node 10 dequeues token: [513]
I tensorflow/core/kernels/logging_ops.cc:79] ~~~~~ daniter~~~ GLobalstep:[517][-0.001086619 -0.0020181669...]
I tensorflow/core/kernels/logging_ops.cc:79] Node 7 dequeues token: [514]
I tensorflow/core/kernels/logging_ops.cc:79] Node 15 dequeues token: [514]
I tensorflow/core/kernels/logging_ops.cc:79] Node 11 dequeues token: [514]
I tensorflow/core/kernels/logging_ops.cc:79] Node 3 dequeues token: [514]
I tensorflow/core/kernels/logging_ops.cc:79] ~~~~~ daniter~~~ GLobalstep:[518][-0.00011866301 0.0002630958...]
I tensorflow/core/kernels/logging_ops.cc:79] Node 5 dequeues token: [515]
I tensorflow/core/kernels/logging_ops.cc:79] Node 1 dequeues token: [515]
I tensorflow/core/kernels/logging_ops.cc:79] Node 9 dequeues token: [515]
I tensorflow/core/kernels/logging_ops.cc:79] Node 13 dequeues token: [515]
I tensorflow/core/kernels/logging_ops.cc:79] ~~~~~ daniter~~~ GLobalstep:[519][-0.001040881 -0.00010760842...]
I tensorflow/core/kernels/logging_ops.cc:79] Node 12 dequeues token: [516]
I tensorflow/core/kernels/logging_ops.cc:79] Node 8 dequeues token: [516]
I tensorflow/core/kernels/logging_ops.cc:79] Node 0 dequeues token: [516]
I tensorflow/core/kernels/logging_ops.cc:79] Node 4 dequeues token: [516]
I tensorflow/core/kernels/logging_ops.cc:79] ~~~~~ daniter~~~ GLobalstep:[520][2.526406e-05 0.00025861891...]
I tensorflow/core/kernels/logging_ops.cc:79] Node 14 dequeues token: [517]
I tensorflow/core/kernels/logging_ops.cc:79] Node 10 dequeues token: [517]
I tensorflow/core/kernels/logging_ops.cc:79] Node 2 dequeues token: [517]
I tensorflow/core/kernels/logging_ops.cc:79] Node 6 dequeues token: [517]
I tensorflow/core/kernels/logging_ops.cc:79] ~~~~~ daniter~~~ GLobalstep:[521][2.046251e-05 0.00025108753...]
I tensorflow/core/kernels/logging_ops.cc:79] Node 15 dequeues token: [518]
I tensorflow/core/kernels/logging_ops.cc:79] Node 3 dequeues token: [518]
I tensorflow/core/kernels/logging_ops.cc:79] Node 11 dequeues token: [518]
I tensorflow/core/kernels/logging_ops.cc:79] Node 7 dequeues token: [518]
I tensorflow/core/kernels/logging_ops.cc:79] ~~~~~ daniter~~~ GLobalstep:[522][-0.00089588214 -0.00034934568...]
I tensorflow/core/kernels/logging_ops.cc:79] Node 13 dequeues token: [519]
I tensorflow/core/kernels/logging_ops.cc:79] Node 9 dequeues token: [519]
I tensorflow/core/kernels/logging_ops.cc:79] Node 1 dequeues token: [519]
I tensorflow/core/kernels/logging_ops.cc:79] Node 5 dequeues token: [519]
I tensorflow/core/kernels/logging_ops.cc:79] ~~~~~ daniter~~~ GLobalstep:[523][-1.0222046e-05 9.7912867e-05...]
run-ps-32node.sh: line 21: 64615 Terminated              CUDA_VISIBLE_DEVICES='' bazel-bin/inception/imagenet_distributed_train --batch_size=16 --data_dir=/lfs/local/0/daniter/16node-data --job_name='ps' --task_id=0 --ps_hosts='localhost:2200' --worker_hosts='raiders1:2201,raiders1:2202,raiders1:2203,raiders1:2204,raiders2:2205,raiders2:2206,raiders2:2207,raiders2:2208,raiders3:2209,raiders3:2210,raiders3:2211,raiders3:2212,raiders8:2213,raiders8:2214,raiders8:2215,raiders8:2216' --initial_learning_rate=$1 --momentum=$2 --sync=True --compute_groups=$3
