DISPLAY "(null)" invalid; disabling X11 forwarding
I tensorflow/stream_executor/dso_loader.cc:108] successfully opened CUDA library libcublas.so locally
I tensorflow/stream_executor/dso_loader.cc:108] successfully opened CUDA library libcudnn.so locally
I tensorflow/stream_executor/dso_loader.cc:108] successfully opened CUDA library libcufft.so locally
I tensorflow/stream_executor/dso_loader.cc:108] successfully opened CUDA library libcuda.so locally
I tensorflow/stream_executor/dso_loader.cc:108] successfully opened CUDA library libcurand.so locally
INFO:tensorflow:PS hosts are: ['raiders1:2228']
INFO:tensorflow:Worker hosts are: ['raiders1:2200', 'raiders1:2201', 'raiders3:2209', 'raiders3:2210']
I tensorflow/core/common_runtime/gpu/gpu_init.cc:102] Found device 0 with properties: 
name: GeForce GTX TITAN X
major: 5 minor: 2 memoryClockRate (GHz) 1.076
pciBusID 0000:03:00.0
Total memory: 11.92GiB
Free memory: 11.81GiB
I tensorflow/core/common_runtime/gpu/gpu_init.cc:126] DMA: 0 
I tensorflow/core/common_runtime/gpu/gpu_init.cc:136] 0:   Y 
I tensorflow/core/common_runtime/gpu/gpu_device.cc:806] Creating TensorFlow device (/gpu:0) -> (device: 0, name: GeForce GTX TITAN X, pci bus id: 0000:03:00.0)
I tensorflow/core/distributed_runtime/rpc/grpc_channel.cc:206] Initialize HostPortsGrpcChannelCache for job ps -> {raiders1:2228}
I tensorflow/core/distributed_runtime/rpc/grpc_channel.cc:206] Initialize HostPortsGrpcChannelCache for job worker -> {raiders1:2200, raiders1:2201, localhost:2209, raiders3:2210}
I tensorflow/core/distributed_runtime/rpc/grpc_server_lib.cc:202] Started server with target: grpc://localhost:2209
INFO:tensorflow:Learning rate: 0.001000, momentum: 0.900000
INFO:tensorflow:Sync mode!!!!!!
INFO:tensorflow:SyncReplicas enabled: replicas_to_aggregate=4; total_num_replicas=4
INFO:tensorflow:2016-07-21 02:43:07.859548 Supervisor
INFO:tensorflow:Started 3 queues for processing input data.
I tensorflow/core/common_runtime/gpu/pool_allocator.cc:244] PoolAllocator: After 3576 get requests, put_count=2564 evicted_count=1000 eviction_rate=0.390016 and unsatisfied allocation rate=0.590604
I tensorflow/core/common_runtime/gpu/pool_allocator.cc:256] Raising pool_size_limit_ from 100 to 110
INFO:tensorflow:Step: 418, Loss: 5.005840, time: 47.781 sec/batch
INFO:tensorflow:Step: 418, Loss: 5.211137, time: 2.330 sec/batch
INFO:tensorflow:Step: 419, Loss: 5.338163, time: 1.866 sec/batch
INFO:tensorflow:Step: 419, Loss: 5.099488, time: 2.006 sec/batch
INFO:tensorflow:Step: 420, Loss: 4.994217, time: 1.967 sec/batch
I tensorflow/core/common_runtime/gpu/pool_allocator.cc:244] PoolAllocator: After 0 get requests, put_count=1016 evicted_count=1000 eviction_rate=0.984252 and unsatisfied allocation rate=0
INFO:tensorflow:Step: 420, Loss: 5.034731, time: 1.762 sec/batch
INFO:tensorflow:Step: 421, Loss: 4.961432, time: 3.479 sec/batch
INFO:tensorflow:Step: 422, Loss: 5.033241, time: 2.512 sec/batch
INFO:tensorflow:Step: 423, Loss: 5.103697, time: 2.827 sec/batch
INFO:tensorflow:Step: 424, Loss: 4.879291, time: 2.927 sec/batch
I tensorflow/core/common_runtime/gpu/pool_allocator.cc:244] PoolAllocator: After 0 get requests, put_count=1025 evicted_count=1000 eviction_rate=0.97561 and unsatisfied allocation rate=0
INFO:tensorflow:Step: 425, Loss: 5.216845, time: 4.268 sec/batch
INFO:tensorflow:Step: 426, Loss: 5.026464, time: 2.559 sec/batch
INFO:tensorflow:Step: 427, Loss: 4.988916, time: 2.639 sec/batch
INFO:tensorflow:Step: 428, Loss: 5.107307, time: 3.290 sec/batch
INFO:tensorflow:Step: 429, Loss: 5.067236, time: 4.075 sec/batch
INFO:tensorflow:Step: 430, Loss: 4.939656, time: 2.973 sec/batch
I tensorflow/core/common_runtime/gpu/pool_allocator.cc:244] PoolAllocator: After 0 get requests, put_count=1044 evicted_count=1000 eviction_rate=0.957854 and unsatisfied allocation rate=0
INFO:tensorflow:Step: 431, Loss: 5.204814, time: 2.658 sec/batch
INFO:tensorflow:Step: 432, Loss: 4.964503, time: 2.086 sec/batch
INFO:tensorflow:Step: 433, Loss: 4.926147, time: 2.808 sec/batch
INFO:tensorflow:Step: 434, Loss: 5.048397, time: 1.790 sec/batch
INFO:tensorflow:Step: 435, Loss: 5.028870, time: 2.120 sec/batch
INFO:tensorflow:Step: 436, Loss: 5.151259, time: 3.377 sec/batch
INFO:tensorflow:Step: 437, Loss: 4.829657, time: 1.894 sec/batch
I tensorflow/core/common_runtime/gpu/pool_allocator.cc:244] PoolAllocator: After 3576 get requests, put_count=4414 evicted_count=2000 eviction_rate=0.453104 and unsatisfied allocation rate=0.347036
I tensorflow/core/common_runtime/gpu/pool_allocator.cc:256] Raising pool_size_limit_ from 871 to 958
INFO:tensorflow:Step: 438, Loss: 4.944876, time: 1.690 sec/batch
INFO:tensorflow:Step: 439, Loss: 4.955003, time: 2.170 sec/batch
INFO:tensorflow:Step: 440, Loss: 5.190795, time: 1.837 sec/batch
INFO:tensorflow:Step: 441, Loss: 5.096136, time: 3.364 sec/batch
INFO:tensorflow:Step: 442, Loss: 4.925728, time: 3.431 sec/batch
INFO:tensorflow:Step: 443, Loss: 5.068311, time: 2.463 sec/batch
INFO:tensorflow:Step: 444, Loss: 4.851270, time: 4.119 sec/batch
INFO:tensorflow:Step: 445, Loss: 4.951731, time: 3.096 sec/batch
INFO:tensorflow:Step: 446, Loss: 4.877641, time: 3.726 sec/batch
INFO:tensorflow:Step: 447, Loss: 4.826397, time: 2.540 sec/batch
INFO:tensorflow:Step: 448, Loss: 5.139869, time: 2.559 sec/batch
INFO:tensorflow:Step: 449, Loss: 4.950333, time: 2.124 sec/batch
INFO:tensorflow:Step: 450, Loss: 5.034507, time: 2.860 sec/batch
INFO:tensorflow:Step: 451, Loss: 4.920197, time: 2.309 sec/batch
INFO:tensorflow:Step: 452, Loss: 4.961992, time: 1.988 sec/batch
INFO:tensorflow:Step: 453, Loss: 4.855188, time: 3.371 sec/batch
INFO:tensorflow:Step: 454, Loss: 5.079444, time: 2.956 sec/batch
INFO:tensorflow:Step: 455, Loss: 5.120481, time: 1.942 sec/batch
INFO:tensorflow:Step: 456, Loss: 4.984306, time: 2.422 sec/batch
INFO:tensorflow:Step: 457, Loss: 4.780766, time: 1.756 sec/batch
INFO:tensorflow:Step: 458, Loss: 4.998290, time: 1.630 sec/batch
INFO:tensorflow:Step: 459, Loss: 5.045070, time: 1.626 sec/batch
INFO:tensorflow:Step: 460, Loss: 5.183397, time: 2.396 sec/batch
INFO:tensorflow:Step: 461, Loss: 5.015578, time: 1.699 sec/batch
INFO:tensorflow:Step: 462, Loss: 4.919003, time: 2.996 sec/batch
INFO:tensorflow:Step: 463, Loss: 4.856969, time: 3.427 sec/batch
INFO:tensorflow:Step: 464, Loss: 4.844557, time: 2.864 sec/batch
INFO:tensorflow:Step: 465, Loss: 5.109729, time: 2.599 sec/batch
INFO:tensorflow:Step: 466, Loss: 5.094666, time: 3.078 sec/batch
INFO:tensorflow:Step: 467, Loss: 4.776841, time: 1.743 sec/batch
INFO:tensorflow:Step: 468, Loss: 4.865015, time: 1.700 sec/batch
INFO:tensorflow:Step: 469, Loss: 4.862004, time: 1.940 sec/batch
INFO:tensorflow:Step: 470, Loss: 5.026079, time: 2.718 sec/batch
INFO:tensorflow:Step: 471, Loss: 5.353421, time: 3.875 sec/batch
INFO:tensorflow:Step: 472, Loss: 4.948267, time: 3.345 sec/batch
INFO:tensorflow:Step: 473, Loss: 4.973835, time: 2.397 sec/batch
INFO:tensorflow:Step: 474, Loss: 4.988622, time: 3.272 sec/batch
INFO:tensorflow:Step: 475, Loss: 4.920205, time: 2.726 sec/batch
INFO:tensorflow:Step: 476, Loss: 4.772829, time: 2.688 sec/batch
INFO:tensorflow:Step: 477, Loss: 4.876425, time: 2.576 sec/batch
INFO:tensorflow:Step: 478, Loss: 4.772916, time: 2.818 sec/batch
INFO:tensorflow:Step: 479, Loss: 4.796816, time: 2.642 sec/batch
INFO:tensorflow:Step: 480, Loss: 4.815113, time: 2.818 sec/batch
INFO:tensorflow:Step: 481, Loss: 4.990405, time: 3.079 sec/batch
INFO:tensorflow:Step: 482, Loss: 5.009481, time: 2.165 sec/batch
INFO:tensorflow:Step: 483, Loss: 4.776006, time: 3.237 sec/batch
INFO:tensorflow:Step: 484, Loss: 5.025764, time: 2.341 sec/batch
INFO:tensorflow:Step: 485, Loss: 5.109002, time: 2.643 sec/batch
INFO:tensorflow:Step: 486, Loss: 4.990442, time: 3.030 sec/batch
INFO:tensorflow:Step: 487, Loss: 4.797889, time: 3.467 sec/batch
INFO:tensorflow:Step: 488, Loss: 4.860111, time: 2.667 sec/batch
INFO:tensorflow:Step: 489, Loss: 4.853693, time: 2.092 sec/batch
INFO:tensorflow:Step: 490, Loss: 5.016633, time: 2.922 sec/batch
INFO:tensorflow:Step: 491, Loss: 4.913269, time: 2.542 sec/batch
INFO:tensorflow:Step: 492, Loss: 5.257748, time: 2.522 sec/batch
INFO:tensorflow:Step: 493, Loss: 5.170663, time: 2.997 sec/batch
INFO:tensorflow:Step: 494, Loss: 4.656039, time: 3.615 sec/batch
INFO:tensorflow:Step: 495, Loss: 4.982821, time: 2.696 sec/batch
INFO:tensorflow:Step: 496, Loss: 4.943115, time: 2.324 sec/batch
INFO:tensorflow:Step: 497, Loss: 4.880121, time: 3.177 sec/batch
INFO:tensorflow:Step: 498, Loss: 4.808735, time: 2.034 sec/batch
INFO:tensorflow:Step: 499, Loss: 5.166409, time: 1.539 sec/batch
INFO:tensorflow:Step: 500, Loss: 4.968415, time: 2.993 sec/batch
INFO:tensorflow:Step: 501, Loss: 4.958160, time: 3.086 sec/batch
INFO:tensorflow:Step: 502, Loss: 5.018033, time: 1.939 sec/batch
INFO:tensorflow:Step: 503, Loss: 4.827773, time: 1.797 sec/batch
INFO:tensorflow:Step: 504, Loss: 4.926041, time: 2.027 sec/batch
INFO:tensorflow:Step: 505, Loss: 4.862679, time: 1.666 sec/batch
INFO:tensorflow:Step: 506, Loss: 4.974961, time: 1.911 sec/batch
INFO:tensorflow:Step: 507, Loss: 4.988568, time: 3.107 sec/batch
INFO:tensorflow:Step: 508, Loss: 4.887586, time: 3.319 sec/batch
INFO:tensorflow:Step: 509, Loss: 4.843154, time: 3.335 sec/batch
INFO:tensorflow:Step: 510, Loss: 5.008731, time: 2.950 sec/batch
INFO:tensorflow:Step: 511, Loss: 4.837073, time: 1.947 sec/batch
INFO:tensorflow:Step: 512, Loss: 5.038900, time: 2.974 sec/batch
INFO:tensorflow:Step: 513, Loss: 4.924089, time: 2.684 sec/batch
INFO:tensorflow:Step: 514, Loss: 4.833117, time: 1.768 sec/batch
INFO:tensorflow:Step: 515, Loss: 4.747280, time: 1.828 sec/batch
INFO:tensorflow:Step: 516, Loss: 4.779544, time: 2.330 sec/batch
INFO:tensorflow:Step: 517, Loss: 4.707561, time: 1.853 sec/batch
INFO:tensorflow:Step: 518, Loss: 4.872176, time: 1.666 sec/batch
INFO:tensorflow:Step: 519, Loss: 5.072341, time: 1.962 sec/batch
INFO:tensorflow:Step: 520, Loss: 5.012627, time: 3.107 sec/batch
INFO:tensorflow:Step: 521, Loss: 4.930812, time: 2.793 sec/batch
INFO:tensorflow:Step: 522, Loss: 4.847010, time: 2.575 sec/batch
INFO:tensorflow:Step: 523, Loss: 4.885551, time: 3.703 sec/batch
INFO:tensorflow:Step: 524, Loss: 4.727164, time: 2.931 sec/batch
INFO:tensorflow:Step: 525, Loss: 4.797703, time: 3.263 sec/batch
INFO:tensorflow:Step: 526, Loss: 5.089473, time: 2.754 sec/batch
INFO:tensorflow:Step: 527, Loss: 4.722330, time: 3.338 sec/batch
INFO:tensorflow:Step: 528, Loss: 4.902706, time: 3.542 sec/batch
INFO:tensorflow:Step: 529, Loss: 4.936049, time: 2.559 sec/batch
INFO:tensorflow:Step: 530, Loss: 5.009777, time: 3.189 sec/batch
INFO:tensorflow:Step: 531, Loss: 4.859021, time: 3.148 sec/batch
INFO:tensorflow:Step: 532, Loss: 4.855257, time: 3.368 sec/batch
INFO:tensorflow:Step: 533, Loss: 4.778394, time: 2.859 sec/batch
INFO:tensorflow:Step: 534, Loss: 4.718785, time: 2.698 sec/batch
INFO:tensorflow:Step: 535, Loss: 4.996227, time: 3.324 sec/batch
INFO:tensorflow:Step: 536, Loss: 4.928529, time: 2.320 sec/batch
INFO:tensorflow:Step: 537, Loss: 4.719902, time: 1.952 sec/batch
INFO:tensorflow:Step: 538, Loss: 4.945156, time: 3.364 sec/batch
INFO:tensorflow:Step: 539, Loss: 4.757525, time: 3.414 sec/batch
INFO:tensorflow:Step: 540, Loss: 4.747865, time: 2.013 sec/batch
INFO:tensorflow:Step: 541, Loss: 4.948388, time: 1.818 sec/batch
INFO:tensorflow:Step: 542, Loss: 4.945993, time: 2.137 sec/batch
INFO:tensorflow:Step: 543, Loss: 4.866946, time: 3.253 sec/batch
INFO:tensorflow:Step: 544, Loss: 4.920207, time: 2.308 sec/batch
INFO:tensorflow:Step: 545, Loss: 4.792417, time: 2.994 sec/batch
INFO:tensorflow:Step: 546, Loss: 4.788608, time: 3.269 sec/batch
INFO:tensorflow:Step: 547, Loss: 4.973648, time: 2.833 sec/batch
INFO:tensorflow:Step: 548, Loss: 4.728603, time: 2.447 sec/batch
INFO:tensorflow:Step: 549, Loss: 4.846091, time: 3.466 sec/batch
INFO:tensorflow:Step: 550, Loss: 5.013420, time: 3.067 sec/batch
INFO:tensorflow:Step: 551, Loss: 4.718573, time: 3.224 sec/batch
INFO:tensorflow:Step: 552, Loss: 5.000393, time: 3.758 sec/batch
INFO:tensorflow:Step: 553, Loss: 4.838550, time: 2.163 sec/batch
INFO:tensorflow:Step: 554, Loss: 4.880424, time: 2.013 sec/batch
INFO:tensorflow:Step: 555, Loss: 4.923655, time: 3.397 sec/batch
INFO:tensorflow:Step: 556, Loss: 4.838671, time: 3.263 sec/batch
INFO:tensorflow:Step: 557, Loss: 4.791853, time: 2.212 sec/batch
INFO:tensorflow:Step: 558, Loss: 4.723680, time: 2.212 sec/batch
INFO:tensorflow:Step: 559, Loss: 4.793756, time: 1.559 sec/batch
INFO:tensorflow:Step: 560, Loss: 4.822976, time: 3.297 sec/batch
INFO:tensorflow:Step: 561, Loss: 4.892130, time: 2.938 sec/batch
INFO:tensorflow:Step: 562, Loss: 4.884200, time: 3.328 sec/batch
INFO:tensorflow:Step: 563, Loss: 4.954566, time: 3.344 sec/batch
INFO:tensorflow:Step: 564, Loss: 4.916616, time: 1.907 sec/batch
INFO:tensorflow:Step: 565, Loss: 4.730327, time: 2.422 sec/batch
INFO:tensorflow:Step: 566, Loss: 4.643106, time: 3.380 sec/batch
INFO:tensorflow:Step: 567, Loss: 4.748321, time: 2.276 sec/batch
INFO:tensorflow:Step: 568, Loss: 4.644960, time: 2.010 sec/batch
INFO:tensorflow:Step: 569, Loss: 4.838092, time: 2.111 sec/batch
INFO:tensorflow:Step: 570, Loss: 4.786192, time: 1.834 sec/batch
INFO:tensorflow:Step: 571, Loss: 4.729168, time: 2.965 sec/batch
INFO:tensorflow:Step: 572, Loss: 4.742738, time: 2.036 sec/batch
INFO:tensorflow:Step: 573, Loss: 5.001498, time: 2.430 sec/batch
INFO:tensorflow:Step: 574, Loss: 4.980678, time: 1.902 sec/batch
INFO:tensorflow:Step: 575, Loss: 4.758264, time: 1.574 sec/batch
INFO:tensorflow:Step: 576, Loss: 4.848849, time: 2.967 sec/batch
INFO:tensorflow:Step: 577, Loss: 4.808224, time: 1.931 sec/batch
INFO:tensorflow:Step: 578, Loss: 4.835330, time: 1.779 sec/batch
INFO:tensorflow:Step: 579, Loss: 4.934920, time: 1.753 sec/batch
INFO:tensorflow:Step: 580, Loss: 4.718051, time: 1.931 sec/batch
INFO:tensorflow:Step: 581, Loss: 4.804059, time: 1.608 sec/batch
INFO:tensorflow:Step: 582, Loss: 4.645632, time: 1.765 sec/batch
INFO:tensorflow:Step: 583, Loss: 4.790162, time: 1.634 sec/batch
INFO:tensorflow:Step: 584, Loss: 4.798819, time: 1.935 sec/batch
INFO:tensorflow:Step: 585, Loss: 4.639336, time: 1.612 sec/batch
INFO:tensorflow:Step: 586, Loss: 4.857354, time: 1.632 sec/batch
INFO:tensorflow:Step: 587, Loss: 4.728594, time: 1.603 sec/batch
INFO:tensorflow:Step: 588, Loss: 4.844178, time: 1.661 sec/batch
INFO:tensorflow:Step: 589, Loss: 4.812405, time: 1.529 sec/batch
INFO:tensorflow:Step: 590, Loss: 4.654275, time: 2.636 sec/batch
INFO:tensorflow:Step: 591, Loss: 4.770667, time: 1.668 sec/batch
INFO:tensorflow:Step: 592, Loss: 4.986157, time: 1.474 sec/batch
INFO:tensorflow:Step: 593, Loss: 4.672729, time: 1.799 sec/batch
INFO:tensorflow:Step: 594, Loss: 4.882817, time: 3.794 sec/batch
INFO:tensorflow:Step: 595, Loss: 4.979461, time: 3.643 sec/batch
INFO:tensorflow:Step: 596, Loss: 4.813929, time: 3.357 sec/batch
INFO:tensorflow:Step: 597, Loss: 4.889053, time: 3.415 sec/batch
INFO:tensorflow:Step: 598, Loss: 4.695792, time: 3.627 sec/batch
INFO:tensorflow:Step: 599, Loss: 4.832420, time: 3.215 sec/batch
INFO:tensorflow:Step: 600, Loss: 4.687189, time: 1.910 sec/batch
INFO:tensorflow:Step: 601, Loss: 4.938089, time: 2.399 sec/batch
INFO:tensorflow:Step: 602, Loss: 4.701340, time: 3.716 sec/batch
INFO:tensorflow:Step: 603, Loss: 4.782624, time: 2.778 sec/batch
INFO:tensorflow:Step: 604, Loss: 5.108095, time: 2.215 sec/batch
INFO:tensorflow:Step: 605, Loss: 4.778499, time: 2.408 sec/batch
INFO:tensorflow:Step: 606, Loss: 4.674675, time: 2.551 sec/batch
INFO:tensorflow:Step: 607, Loss: 4.830101, time: 3.562 sec/batch
INFO:tensorflow:Step: 608, Loss: 4.619061, time: 2.001 sec/batch
INFO:tensorflow:Step: 609, Loss: 4.809882, time: 1.827 sec/batch
INFO:tensorflow:Step: 610, Loss: 4.828433, time: 2.746 sec/batch
INFO:tensorflow:Step: 611, Loss: 4.742438, time: 3.253 sec/batch
INFO:tensorflow:Step: 612, Loss: 4.917071, time: 3.160 sec/batch
INFO:tensorflow:Step: 613, Loss: 4.881175, time: 3.120 sec/batch
INFO:tensorflow:Step: 614, Loss: 4.778026, time: 2.579 sec/batch
INFO:tensorflow:Step: 615, Loss: 4.958268, time: 3.216 sec/batch
INFO:tensorflow:Step: 616, Loss: 4.946475, time: 3.463 sec/batch
INFO:tensorflow:Step: 617, Loss: 4.897669, time: 2.500 sec/batch
INFO:tensorflow:Step: 618, Loss: 5.004639, time: 2.483 sec/batch
INFO:tensorflow:Step: 619, Loss: 4.783173, time: 3.312 sec/batch
INFO:tensorflow:Step: 620, Loss: 4.658457, time: 2.063 sec/batch
INFO:tensorflow:Step: 621, Loss: 4.871280, time: 2.978 sec/batch
INFO:tensorflow:Step: 622, Loss: 4.675840, time: 2.525 sec/batch
INFO:tensorflow:Step: 623, Loss: 4.884595, time: 2.902 sec/batch
INFO:tensorflow:Step: 624, Loss: 4.712451, time: 3.415 sec/batch
INFO:tensorflow:Step: 625, Loss: 4.683382, time: 2.435 sec/batch
INFO:tensorflow:Step: 626, Loss: 4.645584, time: 3.132 sec/batch
INFO:tensorflow:Step: 627, Loss: 4.730824, time: 1.926 sec/batch
INFO:tensorflow:Step: 628, Loss: 4.959770, time: 2.485 sec/batch
INFO:tensorflow:Step: 629, Loss: 4.784595, time: 2.305 sec/batch
INFO:tensorflow:Step: 630, Loss: 4.739916, time: 2.591 sec/batch
INFO:tensorflow:Step: 631, Loss: 4.859451, time: 3.253 sec/batch
INFO:tensorflow:Step: 632, Loss: 4.757221, time: 2.511 sec/batch
INFO:tensorflow:Step: 633, Loss: 4.928692, time: 2.768 sec/batch
INFO:tensorflow:Step: 634, Loss: 4.784309, time: 2.398 sec/batch
INFO:tensorflow:Step: 635, Loss: 4.715416, time: 2.480 sec/batch
INFO:tensorflow:Step: 636, Loss: 4.915842, time: 2.641 sec/batch
INFO:tensorflow:Step: 637, Loss: 4.728017, time: 2.289 sec/batch
INFO:tensorflow:Step: 638, Loss: 4.721702, time: 2.754 sec/batch
INFO:tensorflow:Step: 639, Loss: 4.564020, time: 2.963 sec/batch
INFO:tensorflow:Step: 640, Loss: 4.671230, time: 1.947 sec/batch
INFO:tensorflow:Step: 641, Loss: 4.889679, time: 1.709 sec/batch
INFO:tensorflow:Step: 642, Loss: 4.654009, time: 1.667 sec/batch
INFO:tensorflow:Step: 643, Loss: 4.782836, time: 1.683 sec/batch
INFO:tensorflow:Step: 644, Loss: 4.831862, time: 1.781 sec/batch
INFO:tensorflow:Step: 645, Loss: 4.779904, time: 1.697 sec/batch
INFO:tensorflow:Step: 646, Loss: 4.747226, time: 1.688 sec/batch
INFO:tensorflow:Step: 647, Loss: 4.764081, time: 2.030 sec/batch
INFO:tensorflow:Step: 648, Loss: 4.951156, time: 1.580 sec/batch
INFO:tensorflow:Step: 649, Loss: 4.880580, time: 1.860 sec/batch
INFO:tensorflow:Step: 650, Loss: 4.858582, time: 2.845 sec/batch
INFO:tensorflow:Step: 651, Loss: 4.931749, time: 2.051 sec/batch
INFO:tensorflow:Step: 652, Loss: 4.804155, time: 1.735 sec/batch
INFO:tensorflow:Step: 653, Loss: 4.661450, time: 1.674 sec/batch
INFO:tensorflow:Step: 654, Loss: 4.685618, time: 1.726 sec/batch
INFO:tensorflow:Step: 655, Loss: 4.632963, time: 2.804 sec/batch
INFO:tensorflow:Step: 656, Loss: 5.032234, time: 3.399 sec/batch
INFO:tensorflow:Step: 657, Loss: 4.604835, time: 2.825 sec/batch
INFO:tensorflow:Step: 658, Loss: 4.720716, time: 3.054 sec/batch
run-expr-4node.sh: line 21: 95993 Terminated              CUDA_VISIBLE_DEVICES=$1 bazel-bin/inception/imagenet_distributed_train --batch_size=64 --data_dir=/lfs/local/0/daniter/imagenet-8-$2 --job_name='worker' --task_id=$2 --ps_hosts='raiders1:2228' --worker_hosts='raiders1:2200,raiders1:2201,raiders3:2209,raiders3:2210' --initial_learning_rate=$3 --momentum=$4 --sync=$5
