I tensorflow/stream_executor/dso_loader.cc:108] successfully opened CUDA library libcublas.so locally
I tensorflow/stream_executor/dso_loader.cc:108] successfully opened CUDA library libcudnn.so locally
I tensorflow/stream_executor/dso_loader.cc:108] successfully opened CUDA library libcufft.so locally
I tensorflow/stream_executor/dso_loader.cc:108] successfully opened CUDA library libcuda.so locally
I tensorflow/stream_executor/dso_loader.cc:108] successfully opened CUDA library libcurand.so locally
INFO:tensorflow:PS hosts are: ['raiders1:2228']
INFO:tensorflow:Worker hosts are: ['raiders1:2200', 'raiders1:2201', 'raiders3:2209', 'raiders3:2210']
I tensorflow/core/common_runtime/gpu/gpu_init.cc:102] Found device 0 with properties: 
name: GeForce GTX TITAN X
major: 5 minor: 2 memoryClockRate (GHz) 1.076
pciBusID 0000:03:00.0
Total memory: 11.92GiB
Free memory: 11.81GiB
I tensorflow/core/common_runtime/gpu/gpu_init.cc:126] DMA: 0 
I tensorflow/core/common_runtime/gpu/gpu_init.cc:136] 0:   Y 
I tensorflow/core/common_runtime/gpu/gpu_device.cc:806] Creating TensorFlow device (/gpu:0) -> (device: 0, name: GeForce GTX TITAN X, pci bus id: 0000:03:00.0)
I tensorflow/core/distributed_runtime/rpc/grpc_channel.cc:206] Initialize HostPortsGrpcChannelCache for job ps -> {raiders1:2228}
I tensorflow/core/distributed_runtime/rpc/grpc_channel.cc:206] Initialize HostPortsGrpcChannelCache for job worker -> {localhost:2200, raiders1:2201, raiders3:2209, raiders3:2210}
I tensorflow/core/distributed_runtime/rpc/grpc_server_lib.cc:202] Started server with target: grpc://localhost:2200
INFO:tensorflow:Learning rate: 0.005000, momentum: 0.600000
INFO:tensorflow:Sync mode!!!!!!
INFO:tensorflow:SyncReplicas enabled: replicas_to_aggregate=4; total_num_replicas=4
INFO:tensorflow:2016-07-21 01:21:01.080418 Supervisor
INFO:tensorflow:Restored model from /lfs/local/0/daniter/4-node-snapshot/model.ckpt-418
INFO:tensorflow:Started 3 queues for processing input data.
INFO:tensorflow:global_step/sec: 0
I tensorflow/core/common_runtime/gpu/pool_allocator.cc:244] PoolAllocator: After 3677 get requests, put_count=2564 evicted_count=1000 eviction_rate=0.390016 and unsatisfied allocation rate=0.601849
I tensorflow/core/common_runtime/gpu/pool_allocator.cc:256] Raising pool_size_limit_ from 100 to 110
INFO:tensorflow:Step: 418, Loss: 5.140746, time: 15.019 sec/batch
INFO:tensorflow:Step: 421, Loss: 5.114170, time: 1.394 sec/batch
INFO:tensorflow:Step: 422, Loss: 5.020382, time: 2.609 sec/batch
INFO:tensorflow:Step: 423, Loss: 5.033982, time: 1.843 sec/batch
INFO:tensorflow:Step: 424, Loss: 5.053596, time: 2.441 sec/batch
I tensorflow/core/common_runtime/gpu/pool_allocator.cc:244] PoolAllocator: After 0 get requests, put_count=1016 evicted_count=1000 eviction_rate=0.984252 and unsatisfied allocation rate=0
INFO:tensorflow:Step: 425, Loss: 5.111393, time: 2.592 sec/batch
INFO:tensorflow:Step: 426, Loss: 4.915416, time: 2.832 sec/batch
INFO:tensorflow:Step: 427, Loss: 4.981085, time: 2.980 sec/batch
INFO:tensorflow:Step: 428, Loss: 5.161205, time: 2.634 sec/batch
INFO:tensorflow:Step: 429, Loss: 4.835747, time: 2.696 sec/batch
I tensorflow/core/common_runtime/gpu/pool_allocator.cc:244] PoolAllocator: After 0 get requests, put_count=1025 evicted_count=1000 eviction_rate=0.97561 and unsatisfied allocation rate=0
INFO:tensorflow:Step: 430, Loss: 4.802345, time: 3.173 sec/batch
INFO:tensorflow:Step: 431, Loss: 4.872627, time: 1.858 sec/batch
INFO:tensorflow:Step: 432, Loss: 4.928730, time: 2.605 sec/batch
INFO:tensorflow:Step: 433, Loss: 5.289280, time: 3.179 sec/batch
INFO:tensorflow:Step: 434, Loss: 5.071553, time: 3.002 sec/batch
INFO:tensorflow:Step: 435, Loss: 4.922342, time: 2.969 sec/batch
I tensorflow/core/common_runtime/gpu/pool_allocator.cc:244] PoolAllocator: After 3576 get requests, put_count=3951 evicted_count=2000 eviction_rate=0.506201 and unsatisfied allocation rate=0.465604
I tensorflow/core/common_runtime/gpu/pool_allocator.cc:256] Raising pool_size_limit_ from 449 to 493
INFO:tensorflow:Step: 436, Loss: 4.997659, time: 2.894 sec/batch
INFO:tensorflow:Step: 437, Loss: 4.980328, time: 3.229 sec/batch
INFO:tensorflow:Step: 438, Loss: 5.063221, time: 3.572 sec/batch
INFO:tensorflow:Step: 439, Loss: 4.941747, time: 2.829 sec/batch
INFO:tensorflow:Step: 440, Loss: 4.854620, time: 3.449 sec/batch
INFO:tensorflow:Step: 441, Loss: 4.931169, time: 2.606 sec/batch
INFO:tensorflow:Step: 442, Loss: 5.362102, time: 1.813 sec/batch
I tensorflow/core/common_runtime/gpu/pool_allocator.cc:244] PoolAllocator: After 3576 get requests, put_count=4412 evicted_count=2000 eviction_rate=0.453309 and unsatisfied allocation rate=0.347595
I tensorflow/core/common_runtime/gpu/pool_allocator.cc:256] Raising pool_size_limit_ from 871 to 958
INFO:tensorflow:Step: 443, Loss: 4.970464, time: 2.931 sec/batch
INFO:tensorflow:Step: 444, Loss: 5.049427, time: 2.454 sec/batch
INFO:tensorflow:Step: 445, Loss: 5.074476, time: 3.214 sec/batch
INFO:tensorflow:Step: 446, Loss: 5.031320, time: 2.683 sec/batch
INFO:tensorflow:Step: 447, Loss: 4.765123, time: 2.613 sec/batch
INFO:tensorflow:Step: 448, Loss: 5.019136, time: 2.140 sec/batch
INFO:tensorflow:Step: 449, Loss: 4.895205, time: 1.580 sec/batch
INFO:tensorflow:Step: 450, Loss: 4.924996, time: 2.636 sec/batch
INFO:tensorflow:Step: 451, Loss: 4.925612, time: 2.616 sec/batch
INFO:tensorflow:Step: 452, Loss: 5.078863, time: 1.595 sec/batch
INFO:tensorflow:Step: 453, Loss: 4.903930, time: 1.733 sec/batch
INFO:tensorflow:Step: 454, Loss: 4.990819, time: 2.350 sec/batch
INFO:tensorflow:Step: 455, Loss: 4.817276, time: 1.854 sec/batch
INFO:tensorflow:Step: 456, Loss: 4.836638, time: 1.748 sec/batch
INFO:tensorflow:Step: 457, Loss: 4.944180, time: 1.721 sec/batch
INFO:tensorflow:Step: 458, Loss: 5.037932, time: 3.044 sec/batch
INFO:tensorflow:Step: 459, Loss: 4.964962, time: 2.300 sec/batch
INFO:tensorflow:Step: 460, Loss: 5.068868, time: 2.693 sec/batch
INFO:tensorflow:Step: 461, Loss: 4.841040, time: 2.320 sec/batch
INFO:tensorflow:global_step/sec: 0.367833
INFO:tensorflow:Step: 462, Loss: 4.878750, time: 2.407 sec/batch
INFO:tensorflow:Step: 463, Loss: 4.827607, time: 2.116 sec/batch
INFO:tensorflow:Step: 464, Loss: 4.866016, time: 2.753 sec/batch
INFO:tensorflow:Step: 465, Loss: 4.781360, time: 2.663 sec/batch
INFO:tensorflow:Step: 466, Loss: 4.953308, time: 3.536 sec/batch
INFO:tensorflow:Step: 467, Loss: 4.984245, time: 1.972 sec/batch
INFO:tensorflow:Step: 468, Loss: 5.073430, time: 2.847 sec/batch
INFO:tensorflow:Step: 469, Loss: 4.778246, time: 2.562 sec/batch
INFO:tensorflow:Step: 470, Loss: 5.039835, time: 3.412 sec/batch
INFO:tensorflow:Step: 471, Loss: 5.016970, time: 2.874 sec/batch
INFO:tensorflow:Step: 472, Loss: 5.006765, time: 3.144 sec/batch
INFO:tensorflow:Step: 473, Loss: 4.971259, time: 2.423 sec/batch
INFO:tensorflow:Step: 474, Loss: 5.033001, time: 3.013 sec/batch
INFO:tensorflow:Step: 475, Loss: 4.804654, time: 3.440 sec/batch
INFO:tensorflow:Step: 476, Loss: 4.862273, time: 2.019 sec/batch
INFO:tensorflow:Step: 477, Loss: 4.912482, time: 2.342 sec/batch
INFO:tensorflow:Step: 478, Loss: 4.869357, time: 1.709 sec/batch
INFO:tensorflow:Step: 479, Loss: 4.814488, time: 2.964 sec/batch
INFO:tensorflow:Step: 480, Loss: 4.826722, time: 2.635 sec/batch
INFO:tensorflow:Step: 481, Loss: 4.695772, time: 1.827 sec/batch
INFO:tensorflow:Step: 482, Loss: 4.773167, time: 1.674 sec/batch
INFO:tensorflow:Step: 483, Loss: 4.780952, time: 2.531 sec/batch
INFO:tensorflow:Step: 484, Loss: 4.728249, time: 3.104 sec/batch
INFO:tensorflow:Step: 485, Loss: 4.783438, time: 2.968 sec/batch
INFO:tensorflow:Step: 486, Loss: 4.920448, time: 3.077 sec/batch
INFO:tensorflow:Step: 487, Loss: 4.947874, time: 2.921 sec/batch
INFO:tensorflow:Step: 488, Loss: 4.937230, time: 2.163 sec/batch
INFO:tensorflow:Step: 489, Loss: 4.841356, time: 2.964 sec/batch
INFO:tensorflow:Step: 490, Loss: 5.027803, time: 2.753 sec/batch
INFO:tensorflow:Step: 491, Loss: 4.761163, time: 3.450 sec/batch
INFO:tensorflow:Step: 492, Loss: 4.838677, time: 2.187 sec/batch
INFO:tensorflow:Step: 493, Loss: 5.140767, time: 2.161 sec/batch
INFO:tensorflow:Step: 494, Loss: 5.015822, time: 2.324 sec/batch
INFO:tensorflow:Step: 495, Loss: 4.842167, time: 3.593 sec/batch
INFO:tensorflow:Step: 496, Loss: 4.842980, time: 3.388 sec/batch
INFO:tensorflow:Step: 497, Loss: 4.780177, time: 3.152 sec/batch
INFO:tensorflow:Step: 498, Loss: 4.930779, time: 3.283 sec/batch
INFO:tensorflow:Step: 499, Loss: 4.892065, time: 2.797 sec/batch
INFO:tensorflow:Step: 500, Loss: 4.956515, time: 2.689 sec/batch
INFO:tensorflow:Step: 501, Loss: 4.850698, time: 2.103 sec/batch
INFO:tensorflow:Step: 502, Loss: 4.959442, time: 2.804 sec/batch
INFO:tensorflow:Step: 503, Loss: 4.967649, time: 2.120 sec/batch
INFO:tensorflow:Step: 504, Loss: 4.788049, time: 3.061 sec/batch
INFO:tensorflow:Step: 505, Loss: 4.855480, time: 2.989 sec/batch
INFO:tensorflow:global_step/sec: 0.368808
INFO:tensorflow:Step: 506, Loss: 4.860806, time: 2.400 sec/batch
INFO:tensorflow:Step: 507, Loss: 4.927597, time: 2.323 sec/batch
INFO:tensorflow:Step: 508, Loss: 5.019038, time: 2.642 sec/batch
INFO:tensorflow:Step: 509, Loss: 4.811897, time: 3.399 sec/batch
INFO:tensorflow:Step: 510, Loss: 4.816259, time: 3.037 sec/batch
INFO:tensorflow:Step: 511, Loss: 5.106793, time: 1.921 sec/batch
INFO:tensorflow:Step: 512, Loss: 4.851092, time: 2.386 sec/batch
INFO:tensorflow:Step: 513, Loss: 4.807140, time: 2.714 sec/batch
INFO:tensorflow:Step: 514, Loss: 4.706368, time: 3.117 sec/batch
INFO:tensorflow:Step: 515, Loss: 5.167027, time: 2.841 sec/batch
INFO:tensorflow:Step: 516, Loss: 4.778387, time: 3.607 sec/batch
INFO:tensorflow:Step: 517, Loss: 5.025368, time: 3.202 sec/batch
INFO:tensorflow:Step: 518, Loss: 4.843540, time: 2.267 sec/batch
INFO:tensorflow:Step: 519, Loss: 4.864678, time: 3.010 sec/batch
INFO:tensorflow:Step: 520, Loss: 4.920971, time: 2.829 sec/batch
INFO:tensorflow:Step: 521, Loss: 5.006102, time: 2.466 sec/batch
INFO:tensorflow:Step: 522, Loss: 5.172388, time: 2.979 sec/batch
INFO:tensorflow:Step: 523, Loss: 4.753306, time: 2.916 sec/batch
INFO:tensorflow:Step: 524, Loss: 4.733207, time: 2.388 sec/batch
INFO:tensorflow:Step: 525, Loss: 4.856629, time: 2.738 sec/batch
INFO:tensorflow:Step: 526, Loss: 4.865597, time: 3.273 sec/batch
INFO:tensorflow:Step: 527, Loss: 4.789373, time: 2.885 sec/batch
INFO:tensorflow:Step: 528, Loss: 4.915434, time: 2.752 sec/batch
INFO:tensorflow:Step: 529, Loss: 4.927399, time: 3.089 sec/batch
INFO:tensorflow:Step: 530, Loss: 4.776790, time: 4.090 sec/batch
INFO:tensorflow:Step: 531, Loss: 4.804436, time: 3.348 sec/batch
INFO:tensorflow:Step: 532, Loss: 5.011930, time: 2.589 sec/batch
INFO:tensorflow:Step: 533, Loss: 4.883425, time: 2.571 sec/batch
INFO:tensorflow:Step: 534, Loss: 4.876578, time: 2.042 sec/batch
INFO:tensorflow:Step: 535, Loss: 4.890031, time: 2.730 sec/batch
INFO:tensorflow:Step: 536, Loss: 4.731196, time: 2.010 sec/batch
INFO:tensorflow:Step: 537, Loss: 4.876318, time: 2.260 sec/batch
INFO:tensorflow:Step: 538, Loss: 5.078995, time: 2.620 sec/batch
INFO:tensorflow:Step: 539, Loss: 4.731222, time: 2.622 sec/batch
INFO:tensorflow:Step: 540, Loss: 4.812949, time: 2.212 sec/batch
INFO:tensorflow:Step: 541, Loss: 4.724174, time: 2.668 sec/batch
INFO:tensorflow:Step: 542, Loss: 4.779165, time: 2.338 sec/batch
INFO:tensorflow:Step: 543, Loss: 5.062336, time: 3.007 sec/batch
INFO:tensorflow:Step: 544, Loss: 4.936419, time: 2.934 sec/batch
INFO:tensorflow:Step: 545, Loss: 4.907615, time: 2.184 sec/batch
INFO:tensorflow:Step: 546, Loss: 4.792712, time: 3.079 sec/batch
INFO:tensorflow:Step: 547, Loss: 4.720587, time: 2.342 sec/batch
INFO:tensorflow:Step: 548, Loss: 4.832841, time: 2.685 sec/batch
INFO:tensorflow:Step: 549, Loss: 4.902185, time: 3.115 sec/batch
INFO:tensorflow:global_step/sec: 0.365197
INFO:tensorflow:Step: 550, Loss: 4.748120, time: 2.721 sec/batch
INFO:tensorflow:Step: 551, Loss: 4.889458, time: 3.182 sec/batch
INFO:tensorflow:Step: 552, Loss: 4.894562, time: 2.367 sec/batch
INFO:tensorflow:Step: 553, Loss: 5.096616, time: 2.970 sec/batch
INFO:tensorflow:Step: 554, Loss: 4.868995, time: 3.023 sec/batch
INFO:tensorflow:Step: 555, Loss: 5.190234, time: 2.652 sec/batch
INFO:tensorflow:Step: 556, Loss: 4.628788, time: 2.918 sec/batch
INFO:tensorflow:Step: 557, Loss: 4.694417, time: 2.656 sec/batch
INFO:tensorflow:Step: 558, Loss: 4.846126, time: 3.111 sec/batch
INFO:tensorflow:Step: 559, Loss: 4.770298, time: 2.061 sec/batch
INFO:tensorflow:Step: 560, Loss: 4.741641, time: 1.834 sec/batch
INFO:tensorflow:Step: 561, Loss: 5.004983, time: 1.857 sec/batch
INFO:tensorflow:Step: 562, Loss: 5.075974, time: 2.696 sec/batch
INFO:tensorflow:Step: 563, Loss: 4.750209, time: 1.762 sec/batch
INFO:tensorflow:Step: 564, Loss: 4.837049, time: 1.673 sec/batch
INFO:tensorflow:Step: 565, Loss: 4.993225, time: 1.729 sec/batch
INFO:tensorflow:Step: 566, Loss: 4.860880, time: 1.507 sec/batch
INFO:tensorflow:Step: 567, Loss: 4.583199, time: 1.582 sec/batch
INFO:tensorflow:Step: 568, Loss: 4.820841, time: 1.696 sec/batch
INFO:tensorflow:Step: 569, Loss: 4.764932, time: 1.911 sec/batch
INFO:tensorflow:Step: 570, Loss: 5.019232, time: 1.747 sec/batch
INFO:tensorflow:Step: 571, Loss: 4.640973, time: 1.925 sec/batch
INFO:tensorflow:Step: 572, Loss: 4.812439, time: 2.286 sec/batch
INFO:tensorflow:Step: 573, Loss: 4.994315, time: 1.927 sec/batch
INFO:tensorflow:Step: 574, Loss: 4.804828, time: 1.694 sec/batch
INFO:tensorflow:Step: 575, Loss: 4.990501, time: 3.021 sec/batch
INFO:tensorflow:Step: 576, Loss: 4.779734, time: 1.753 sec/batch
INFO:tensorflow:Step: 577, Loss: 4.769443, time: 1.668 sec/batch
INFO:tensorflow:Step: 578, Loss: 4.680348, time: 1.668 sec/batch
INFO:tensorflow:Step: 579, Loss: 4.748886, time: 1.948 sec/batch
INFO:tensorflow:Step: 580, Loss: 4.594873, time: 2.810 sec/batch
INFO:tensorflow:Step: 581, Loss: 4.815675, time: 3.124 sec/batch
INFO:tensorflow:Step: 582, Loss: 5.003476, time: 3.148 sec/batch
INFO:tensorflow:Step: 583, Loss: 5.055180, time: 2.594 sec/batch
INFO:tensorflow:Step: 584, Loss: 4.927774, time: 2.461 sec/batch
INFO:tensorflow:Step: 585, Loss: 4.626599, time: 3.240 sec/batch
INFO:tensorflow:Step: 586, Loss: 4.653160, time: 1.960 sec/batch
INFO:tensorflow:Step: 587, Loss: 4.772166, time: 1.659 sec/batch
INFO:tensorflow:Step: 588, Loss: 4.735205, time: 1.783 sec/batch
INFO:tensorflow:Step: 589, Loss: 4.743047, time: 3.014 sec/batch
INFO:tensorflow:Step: 590, Loss: 5.118480, time: 1.899 sec/batch
INFO:tensorflow:Step: 591, Loss: 4.677461, time: 1.725 sec/batch
INFO:tensorflow:Step: 592, Loss: 4.946845, time: 2.691 sec/batch
INFO:tensorflow:Step: 593, Loss: 4.656917, time: 2.267 sec/batch
INFO:tensorflow:Step: 594, Loss: 4.685193, time: 2.911 sec/batch
INFO:tensorflow:Step: 595, Loss: 4.617529, time: 3.389 sec/batch
INFO:tensorflow:Step: 596, Loss: 4.651993, time: 2.213 sec/batch
INFO:tensorflow:Step: 597, Loss: 4.699613, time: 2.518 sec/batch
INFO:tensorflow:Step: 598, Loss: 4.983103, time: 2.939 sec/batch
INFO:tensorflow:Step: 599, Loss: 4.733393, time: 3.498 sec/batch
INFO:tensorflow:global_step/sec: 0.419059
INFO:tensorflow:Step: 600, Loss: 4.559405, time: 3.282 sec/batch
INFO:tensorflow:Step: 601, Loss: 4.813827, time: 3.422 sec/batch
INFO:tensorflow:Step: 602, Loss: 4.869226, time: 2.808 sec/batch
INFO:tensorflow:Step: 603, Loss: 4.749179, time: 2.923 sec/batch
INFO:tensorflow:Step: 604, Loss: 4.783514, time: 3.499 sec/batch
INFO:tensorflow:Step: 605, Loss: 4.684745, time: 3.223 sec/batch
INFO:tensorflow:Step: 606, Loss: 4.838061, time: 3.465 sec/batch
INFO:tensorflow:Step: 607, Loss: 4.914954, time: 3.156 sec/batch
INFO:tensorflow:Step: 608, Loss: 4.863120, time: 3.411 sec/batch
INFO:tensorflow:Step: 609, Loss: 4.697218, time: 2.449 sec/batch
INFO:tensorflow:Step: 610, Loss: 4.650950, time: 2.390 sec/batch
INFO:tensorflow:Step: 611, Loss: 4.667035, time: 1.736 sec/batch
INFO:tensorflow:Step: 612, Loss: 4.706982, time: 2.034 sec/batch
INFO:tensorflow:Step: 613, Loss: 4.867733, time: 1.985 sec/batch
INFO:tensorflow:Step: 614, Loss: 4.614352, time: 2.097 sec/batch
INFO:tensorflow:Step: 615, Loss: 4.676989, time: 1.692 sec/batch
INFO:tensorflow:Step: 616, Loss: 4.835413, time: 1.914 sec/batch
INFO:tensorflow:Step: 617, Loss: 4.641039, time: 2.935 sec/batch
INFO:tensorflow:Step: 618, Loss: 4.759449, time: 3.169 sec/batch
INFO:tensorflow:Step: 619, Loss: 4.848347, time: 2.515 sec/batch
INFO:tensorflow:Step: 620, Loss: 4.747214, time: 2.873 sec/batch
INFO:tensorflow:Step: 621, Loss: 4.873593, time: 3.283 sec/batch
INFO:tensorflow:Step: 622, Loss: 4.764770, time: 2.881 sec/batch
INFO:tensorflow:Step: 623, Loss: 4.856034, time: 3.061 sec/batch
INFO:tensorflow:Step: 624, Loss: 4.755571, time: 2.143 sec/batch
INFO:tensorflow:Step: 625, Loss: 4.721783, time: 3.369 sec/batch
INFO:tensorflow:Step: 626, Loss: 4.753937, time: 3.198 sec/batch
INFO:tensorflow:Step: 627, Loss: 4.775613, time: 3.478 sec/batch
INFO:tensorflow:Step: 628, Loss: 5.008024, time: 2.652 sec/batch
INFO:tensorflow:Step: 629, Loss: 4.796425, time: 2.730 sec/batch
INFO:tensorflow:Step: 630, Loss: 4.774009, time: 2.937 sec/batch
INFO:tensorflow:Step: 631, Loss: 4.790993, time: 3.265 sec/batch
INFO:tensorflow:Step: 632, Loss: 4.599586, time: 2.195 sec/batch
INFO:tensorflow:Step: 633, Loss: 4.788753, time: 2.957 sec/batch
INFO:tensorflow:Step: 634, Loss: 4.608279, time: 2.964 sec/batch
INFO:tensorflow:Step: 635, Loss: 4.716674, time: 3.271 sec/batch
INFO:tensorflow:Step: 636, Loss: 4.705409, time: 2.597 sec/batch
INFO:tensorflow:Step: 637, Loss: 4.568353, time: 2.105 sec/batch
INFO:tensorflow:Step: 638, Loss: 4.851539, time: 2.015 sec/batch
INFO:tensorflow:Step: 639, Loss: 4.732632, time: 1.993 sec/batch
INFO:tensorflow:Step: 640, Loss: 4.842764, time: 2.612 sec/batch
INFO:tensorflow:Step: 641, Loss: 4.631788, time: 2.448 sec/batch
INFO:tensorflow:Step: 642, Loss: 4.672655, time: 2.748 sec/batch
INFO:tensorflow:Step: 643, Loss: 4.928464, time: 2.445 sec/batch
INFO:tensorflow:Step: 644, Loss: 4.712412, time: 1.924 sec/batch
INFO:tensorflow:global_step/sec: 0.372587
INFO:tensorflow:Step: 645, Loss: 4.607721, time: 3.038 sec/batch
INFO:tensorflow:Step: 646, Loss: 4.735835, time: 2.624 sec/batch
INFO:tensorflow:Step: 647, Loss: 4.521309, time: 2.904 sec/batch
INFO:tensorflow:Step: 648, Loss: 4.677282, time: 2.290 sec/batch
INFO:tensorflow:Step: 649, Loss: 4.671753, time: 3.248 sec/batch
INFO:tensorflow:Step: 650, Loss: 4.671276, time: 3.691 sec/batch
INFO:tensorflow:Step: 651, Loss: 4.741856, time: 3.054 sec/batch
INFO:tensorflow:Step: 652, Loss: 4.700795, time: 3.051 sec/batch
INFO:tensorflow:Step: 653, Loss: 4.593508, time: 2.946 sec/batch
run-expr-4node.sh: line 21: 40313 Terminated              CUDA_VISIBLE_DEVICES=$1 bazel-bin/inception/imagenet_distributed_train --batch_size=64 --data_dir=/lfs/local/0/daniter/imagenet-8-$2 --job_name='worker' --task_id=$2 --ps_hosts='raiders1:2228' --worker_hosts='raiders1:2200,raiders1:2201,raiders3:2209,raiders3:2210' --initial_learning_rate=$3 --momentum=$4 --sync=$5
