I tensorflow/stream_executor/dso_loader.cc:108] successfully opened CUDA library libcublas.so locally
I tensorflow/stream_executor/dso_loader.cc:108] successfully opened CUDA library libcudnn.so locally
I tensorflow/stream_executor/dso_loader.cc:108] successfully opened CUDA library libcufft.so locally
I tensorflow/stream_executor/dso_loader.cc:108] successfully opened CUDA library libcuda.so locally
I tensorflow/stream_executor/dso_loader.cc:108] successfully opened CUDA library libcurand.so locally
INFO:tensorflow:PS hosts are: ['master:2200']
INFO:tensorflow:Worker hosts are: ['master:2201', 'master:2202', 'master:2203', 'master:2204', 'node001:2205', 'node001:2206', 'node001:2207', 'node001:2208', 'node002:2209', 'node002:2210', 'node002:2211', 'node002:2212', 'node003:2213', 'node003:2214', 'node003:2215', 'node003:2216']
I tensorflow/stream_executor/cuda/cuda_gpu_executor.cc:922] successful NUMA node read from SysFS had negative value (-1), but there must be at least one NUMA node, so returning NUMA node zero
I tensorflow/core/common_runtime/gpu/gpu_init.cc:102] Found device 0 with properties: 
name: GRID K520
major: 3 minor: 0 memoryClockRate (GHz) 0.797
pciBusID 0000:00:03.0
Total memory: 4.00GiB
Free memory: 3.95GiB
I tensorflow/core/common_runtime/gpu/gpu_init.cc:126] DMA: 0 
I tensorflow/core/common_runtime/gpu/gpu_init.cc:136] 0:   Y 
I tensorflow/core/common_runtime/gpu/gpu_device.cc:784] Creating TensorFlow device (/gpu:0) -> (device: 0, name: GRID K520, pci bus id: 0000:00:03.0)
I tensorflow/core/distributed_runtime/rpc/grpc_channel.cc:206] Initialize HostPortsGrpcChannelCache for job ps -> {master:2200}
I tensorflow/core/distributed_runtime/rpc/grpc_channel.cc:206] Initialize HostPortsGrpcChannelCache for job worker -> {master:2201, master:2202, master:2203, master:2204, localhost:2205, node001:2206, node001:2207, node001:2208, node002:2209, node002:2210, node002:2211, node002:2212, node003:2213, node003:2214, node003:2215, node003:2216}
I tensorflow/core/distributed_runtime/rpc/grpc_server_lib.cc:202] Started server with target: grpc://localhost:2205
INFO:tensorflow:Learning rate: 0.005000, momentum: 0.300000
INFO:tensorflow:2016-08-09 04:19:34.772435 Supervisor
INFO:tensorflow:got sessions! 2016-08-09 04:19:46.630032 
INFO:tensorflow:Started 3 queues for processing input data.
I tensorflow/core/common_runtime/gpu/pool_allocator.cc:244] PoolAllocator: After 3768 get requests, put_count=2855 evicted_count=1000 eviction_rate=0.350263 and unsatisfied allocation rate=0.534236
I tensorflow/core/common_runtime/gpu/pool_allocator.cc:256] Raising pool_size_limit_ from 100 to 110
INFO:tensorflow:Step: 399, Loss: 5.587014, time: 15.448 sec/batch
INFO:tensorflow:Step: 401, Loss: 5.247061, time: 3.185 sec/batch
INFO:tensorflow:Step: 403, Loss: 6.002520, time: 2.612 sec/batch
INFO:tensorflow:Step: 405, Loss: 5.381514, time: 2.440 sec/batch
INFO:tensorflow:Step: 407, Loss: 5.406529, time: 2.586 sec/batch
I tensorflow/core/common_runtime/gpu/pool_allocator.cc:244] PoolAllocator: After 0 get requests, put_count=1016 evicted_count=1000 eviction_rate=0.984252 and unsatisfied allocation rate=0
INFO:tensorflow:Step: 409, Loss: 5.319187, time: 2.509 sec/batch
INFO:tensorflow:Step: 411, Loss: 5.394278, time: 2.550 sec/batch
INFO:tensorflow:Step: 413, Loss: 5.249337, time: 2.472 sec/batch
INFO:tensorflow:Step: 415, Loss: 5.508071, time: 2.863 sec/batch
INFO:tensorflow:Step: 417, Loss: 5.113793, time: 6.504 sec/batch
INFO:tensorflow:Step: 420, Loss: 5.157654, time: 6.681 sec/batch
I tensorflow/core/common_runtime/gpu/pool_allocator.cc:244] PoolAllocator: After 3767 get requests, put_count=4060 evicted_count=2000 eviction_rate=0.492611 and unsatisfied allocation rate=0.459782
I tensorflow/core/common_runtime/gpu/pool_allocator.cc:256] Raising pool_size_limit_ from 281 to 309
INFO:tensorflow:Step: 422, Loss: 4.913827, time: 3.072 sec/batch
INFO:tensorflow:Step: 428, Loss: 5.584207, time: 2.945 sec/batch
INFO:tensorflow:Step: 438, Loss: 5.379831, time: 2.979 sec/batch
INFO:tensorflow:Step: 449, Loss: 5.385065, time: 4.822 sec/batch
INFO:tensorflow:Step: 468, Loss: 5.275713, time: 6.269 sec/batch
INFO:tensorflow:Step: 487, Loss: 5.027035, time: 4.660 sec/batch
I tensorflow/core/common_runtime/gpu/pool_allocator.cc:244] PoolAllocator: After 0 get requests, put_count=1049 evicted_count=1000 eviction_rate=0.953289 and unsatisfied allocation rate=0
INFO:tensorflow:Step: 503, Loss: 5.530551, time: 4.587 sec/batch
INFO:tensorflow:Step: 521, Loss: 5.084777, time: 3.869 sec/batch
INFO:tensorflow:Step: 539, Loss: 5.411883, time: 4.428 sec/batch
INFO:tensorflow:Step: 559, Loss: 5.500389, time: 4.445 sec/batch
INFO:tensorflow:Step: 575, Loss: 5.488909, time: 4.103 sec/batch
INFO:tensorflow:Step: 588, Loss: 5.230587, time: 3.406 sec/batch
INFO:tensorflow:Step: 604, Loss: 5.128886, time: 4.557 sec/batch
INFO:tensorflow:Step: 624, Loss: 5.259235, time: 3.896 sec/batch
INFO:tensorflow:Step: 641, Loss: 5.283958, time: 4.045 sec/batch
I tensorflow/core/common_runtime/gpu/pool_allocator.cc:244] PoolAllocator: After 3767 get requests, put_count=4017 evicted_count=1000 eviction_rate=0.248942 and unsatisfied allocation rate=0.226971
I tensorflow/core/common_runtime/gpu/pool_allocator.cc:256] Raising pool_size_limit_ from 1158 to 1273
INFO:tensorflow:Step: 659, Loss: 5.306319, time: 4.569 sec/batch
INFO:tensorflow:Step: 680, Loss: 5.367240, time: 4.512 sec/batch
INFO:tensorflow:Step: 700, Loss: 5.201858, time: 4.638 sec/batch
INFO:tensorflow:Step: 721, Loss: 5.625587, time: 3.800 sec/batch
INFO:tensorflow:Step: 738, Loss: 5.116374, time: 4.017 sec/batch
INFO:tensorflow:Step: 758, Loss: 5.095207, time: 3.659 sec/batch
INFO:tensorflow:Step: 774, Loss: 5.138797, time: 4.260 sec/batch
INFO:tensorflow:Step: 797, Loss: 5.195855, time: 3.447 sec/batch
INFO:tensorflow:Step: 812, Loss: 5.168639, time: 4.289 sec/batch
INFO:tensorflow:Step: 833, Loss: 4.953351, time: 3.275 sec/batch
INFO:tensorflow:Step: 848, Loss: 5.268533, time: 3.696 sec/batch
INFO:tensorflow:Step: 867, Loss: 4.888581, time: 3.606 sec/batch
INFO:tensorflow:Step: 884, Loss: 5.567948, time: 4.276 sec/batch
INFO:tensorflow:Step: 901, Loss: 5.010501, time: 4.497 sec/batch
INFO:tensorflow:Step: 920, Loss: 5.391009, time: 3.985 sec/batch
INFO:tensorflow:Step: 935, Loss: 5.473843, time: 4.850 sec/batch
INFO:tensorflow:Step: 954, Loss: 5.253664, time: 3.967 sec/batch
INFO:tensorflow:Step: 972, Loss: 5.240744, time: 4.122 sec/batch
INFO:tensorflow:Step: 991, Loss: 5.244810, time: 4.499 sec/batch
INFO:tensorflow:Step: 1011, Loss: 5.117476, time: 3.666 sec/batch
INFO:tensorflow:Step: 1027, Loss: 4.966907, time: 4.454 sec/batch
INFO:tensorflow:Step: 1048, Loss: 5.025560, time: 4.875 sec/batch
INFO:tensorflow:Step: 1069, Loss: 5.211430, time: 4.248 sec/batch
INFO:tensorflow:Step: 1089, Loss: 5.194149, time: 3.715 sec/batch
INFO:tensorflow:Step: 1106, Loss: 5.130516, time: 3.925 sec/batch
INFO:tensorflow:Step: 1124, Loss: 4.998781, time: 3.745 sec/batch
INFO:tensorflow:Step: 1141, Loss: 4.987437, time: 3.634 sec/batch
INFO:tensorflow:Step: 1159, Loss: 5.287406, time: 3.791 sec/batch
INFO:tensorflow:Step: 1179, Loss: 5.248662, time: 3.444 sec/batch
INFO:tensorflow:Step: 1195, Loss: 5.279493, time: 3.691 sec/batch
INFO:tensorflow:Step: 1213, Loss: 5.079175, time: 3.695 sec/batch
INFO:tensorflow:Step: 1230, Loss: 5.441738, time: 3.361 sec/batch
INFO:tensorflow:Step: 1247, Loss: 4.934837, time: 4.067 sec/batch
INFO:tensorflow:Step: 1263, Loss: 5.011674, time: 2.964 sec/batch
INFO:tensorflow:Step: 1278, Loss: 5.005592, time: 4.051 sec/batch
INFO:tensorflow:Step: 1296, Loss: 5.341707, time: 3.983 sec/batch
INFO:tensorflow:Step: 1316, Loss: 5.143107, time: 3.437 sec/batch
INFO:tensorflow:Step: 1331, Loss: 4.733431, time: 3.917 sec/batch
INFO:tensorflow:Step: 1351, Loss: 5.103946, time: 3.343 sec/batch
INFO:tensorflow:Step: 1368, Loss: 5.337985, time: 4.182 sec/batch
INFO:tensorflow:Step: 1388, Loss: 4.941163, time: 3.703 sec/batch
INFO:tensorflow:Step: 1406, Loss: 5.269739, time: 4.590 sec/batch
INFO:tensorflow:Step: 1423, Loss: 5.021672, time: 3.791 sec/batch
INFO:tensorflow:Step: 1440, Loss: 5.227810, time: 3.608 sec/batch
INFO:tensorflow:Step: 1458, Loss: 5.187681, time: 3.734 sec/batch
INFO:tensorflow:Step: 1477, Loss: 4.879655, time: 3.631 sec/batch
INFO:tensorflow:Step: 1495, Loss: 5.033548, time: 3.535 sec/batch
INFO:tensorflow:Step: 1512, Loss: 5.016511, time: 3.833 sec/batch
INFO:tensorflow:Step: 1529, Loss: 5.401930, time: 3.117 sec/batch
INFO:tensorflow:Step: 1545, Loss: 5.267974, time: 3.806 sec/batch
INFO:tensorflow:Step: 1564, Loss: 5.231796, time: 3.778 sec/batch
INFO:tensorflow:Step: 1581, Loss: 5.172594, time: 4.065 sec/batch
INFO:tensorflow:Step: 1598, Loss: 5.012698, time: 4.021 sec/batch
INFO:tensorflow:Step: 1617, Loss: 4.952264, time: 3.848 sec/batch
INFO:tensorflow:Step: 1635, Loss: 5.092614, time: 3.799 sec/batch
INFO:tensorflow:Step: 1654, Loss: 5.226945, time: 3.720 sec/batch
INFO:tensorflow:Step: 1673, Loss: 5.133129, time: 3.544 sec/batch
INFO:tensorflow:Step: 1691, Loss: 5.111638, time: 4.051 sec/batch
INFO:tensorflow:Step: 1710, Loss: 4.919013, time: 3.352 sec/batch
INFO:tensorflow:Step: 1727, Loss: 4.930171, time: 3.775 sec/batch
INFO:tensorflow:Step: 1747, Loss: 5.044872, time: 3.293 sec/batch
INFO:tensorflow:Step: 1762, Loss: 4.818474, time: 4.061 sec/batch
INFO:tensorflow:Step: 1781, Loss: 5.186648, time: 3.585 sec/batch
INFO:tensorflow:Step: 1798, Loss: 5.060991, time: 4.023 sec/batch
INFO:tensorflow:Step: 1811, Loss: 5.294732, time: 3.411 sec/batch
INFO:tensorflow:Step: 1828, Loss: 5.177854, time: 3.745 sec/batch
INFO:tensorflow:Step: 1847, Loss: 5.028856, time: 3.770 sec/batch
INFO:tensorflow:Step: 1865, Loss: 5.572124, time: 3.787 sec/batch
INFO:tensorflow:Step: 1883, Loss: 5.187110, time: 3.806 sec/batch
INFO:tensorflow:Step: 1902, Loss: 4.904359, time: 4.373 sec/batch
INFO:tensorflow:Step: 1923, Loss: 4.803806, time: 3.302 sec/batch
INFO:tensorflow:Step: 1939, Loss: 4.815125, time: 3.420 sec/batch
INFO:tensorflow:Step: 1955, Loss: 5.052938, time: 3.873 sec/batch
INFO:tensorflow:Step: 1975, Loss: 5.105236, time: 3.397 sec/batch
INFO:tensorflow:Step: 1992, Loss: 4.820868, time: 3.383 sec/batch
INFO:tensorflow:Step: 2008, Loss: 5.234781, time: 3.467 sec/batch
INFO:tensorflow:Step: 2023, Loss: 5.093916, time: 3.583 sec/batch
INFO:tensorflow:Step: 2042, Loss: 5.108794, time: 3.075 sec/batch
INFO:tensorflow:Step: 2058, Loss: 4.996569, time: 3.618 sec/batch
INFO:tensorflow:Step: 2075, Loss: 4.932148, time: 3.473 sec/batch
INFO:tensorflow:Step: 2093, Loss: 4.833518, time: 3.868 sec/batch
INFO:tensorflow:Step: 2112, Loss: 5.183155, time: 3.875 sec/batch
INFO:tensorflow:Step: 2130, Loss: 5.054117, time: 3.418 sec/batch
INFO:tensorflow:Step: 2148, Loss: 4.645833, time: 3.583 sec/batch
INFO:tensorflow:Step: 2165, Loss: 5.153496, time: 4.056 sec/batch
INFO:tensorflow:Step: 2184, Loss: 4.918053, time: 3.683 sec/batch
INFO:tensorflow:Step: 2202, Loss: 4.905356, time: 4.155 sec/batch
INFO:tensorflow:Step: 2221, Loss: 4.774963, time: 4.249 sec/batch
INFO:tensorflow:Step: 2239, Loss: 4.922944, time: 3.714 sec/batch
INFO:tensorflow:Step: 2257, Loss: 4.790383, time: 3.434 sec/batch
INFO:tensorflow:Step: 2274, Loss: 5.094233, time: 3.794 sec/batch
INFO:tensorflow:Step: 2291, Loss: 4.853308, time: 4.935 sec/batch
INFO:tensorflow:Step: 2314, Loss: 4.992914, time: 3.579 sec/batch
INFO:tensorflow:Step: 2328, Loss: 5.319240, time: 4.164 sec/batch
INFO:tensorflow:Step: 2348, Loss: 4.969296, time: 3.315 sec/batch
INFO:tensorflow:Step: 2364, Loss: 5.023861, time: 4.112 sec/batch
INFO:tensorflow:Step: 2385, Loss: 5.218740, time: 3.965 sec/batch
INFO:tensorflow:Step: 2404, Loss: 4.731241, time: 4.326 sec/batch
INFO:tensorflow:Step: 2423, Loss: 4.906457, time: 4.307 sec/batch
INFO:tensorflow:Step: 2444, Loss: 5.015166, time: 3.496 sec/batch
INFO:tensorflow:Step: 2462, Loss: 5.018960, time: 4.213 sec/batch
INFO:tensorflow:Step: 2483, Loss: 4.739219, time: 3.466 sec/batch
INFO:tensorflow:Step: 2499, Loss: 5.038383, time: 3.630 sec/batch
INFO:tensorflow:Step: 2519, Loss: 4.898960, time: 3.662 sec/batch
INFO:tensorflow:Step: 2537, Loss: 4.905013, time: 3.748 sec/batch
INFO:tensorflow:Step: 2554, Loss: 4.988549, time: 3.856 sec/batch
INFO:tensorflow:Step: 2572, Loss: 4.818959, time: 3.381 sec/batch
INFO:tensorflow:Step: 2588, Loss: 4.700644, time: 4.074 sec/batch
INFO:tensorflow:Step: 2606, Loss: 4.917929, time: 3.661 sec/batch
INFO:tensorflow:Step: 2624, Loss: 4.928068, time: 4.063 sec/batch
INFO:tensorflow:Step: 2645, Loss: 4.838864, time: 3.788 sec/batch
INFO:tensorflow:Step: 2662, Loss: 4.811862, time: 3.325 sec/batch
INFO:tensorflow:Step: 2678, Loss: 5.278583, time: 4.042 sec/batch
INFO:tensorflow:Step: 2698, Loss: 5.082364, time: 4.549 sec/batch
INFO:tensorflow:Step: 2719, Loss: 4.788014, time: 3.927 sec/batch
INFO:tensorflow:Step: 2736, Loss: 4.950337, time: 3.858 sec/batch
INFO:tensorflow:Step: 2755, Loss: 4.715280, time: 2.961 sec/batch
INFO:tensorflow:Step: 2771, Loss: 5.090536, time: 3.759 sec/batch
INFO:tensorflow:Step: 2790, Loss: 4.928796, time: 3.356 sec/batch
Traceback (most recent call last):
  File "/root/models/inception/bazel-bin/inception/imagenet_distributed_train.runfiles/__main__/inception/imagenet_distributed_train.py", line 69, in <module>
    tf.app.run()
  File "/usr/local/lib/python2.7/dist-packages/tensorflow/python/platform/app.py", line 30, in run
    sys.exit(main(sys.argv))
  File "/root/models/inception/bazel-bin/inception/imagenet_distributed_train.runfiles/__main__/inception/imagenet_distributed_train.py", line 65, in main
    inception_distributed_train.train(server.target, dataset, cluster_spec)
  File "/root/models/inception/bazel-bin/inception/imagenet_distributed_train.runfiles/__main__/inception/inception_distributed_train.py", line 330, in train
    loss_value, step = sess.run([train_op, global_step])
  File "/usr/local/lib/python2.7/dist-packages/tensorflow/python/client/session.py", line 333, in run
    run_metadata_ptr)
  File "/usr/local/lib/python2.7/dist-packages/tensorflow/python/client/session.py", line 573, in _run
    feed_dict_string, options, run_metadata)
  File "/usr/local/lib/python2.7/dist-packages/tensorflow/python/client/session.py", line 648, in _do_run
    target_list, options, run_metadata)
  File "/usr/local/lib/python2.7/dist-packages/tensorflow/python/client/session.py", line 668, in _do_call
    raise type(e)(node_def, op, message)
tensorflow.python.framework.errors.UnavailableError
run-expr-32node.sh: line 25:  6165 Terminated              CUDA_VISIBLE_DEVICES=$1 bazel-bin/inception/imagenet_distributed_train --batch_size=32 --data_dir=/home/data/sample-data-$2 --job_name='worker' --task_id=$2 --ps_hosts='master:2200' --worker_hosts='master:2201,master:2202,master:2203,master:2204,node001:2205,node001:2206,node001:2207,node001:2208,node002:2209,node002:2210,node002:2211,node002:2212,node003:2213,node003:2214,node003:2215,node003:2216' --initial_learning_rate=$3 --momentum=$4 --sync=True --compute_groups=$5
