DISPLAY "(null)" invalid; disabling X11 forwarding
I tensorflow/stream_executor/dso_loader.cc:108] successfully opened CUDA library libcublas.so locally
I tensorflow/stream_executor/dso_loader.cc:108] successfully opened CUDA library libcudnn.so locally
I tensorflow/stream_executor/dso_loader.cc:108] successfully opened CUDA library libcufft.so locally
I tensorflow/stream_executor/dso_loader.cc:108] successfully opened CUDA library libcuda.so locally
I tensorflow/stream_executor/dso_loader.cc:108] successfully opened CUDA library libcurand.so locally
INFO:tensorflow:PS hosts are: ['raiders1:2228']
INFO:tensorflow:Worker hosts are: ['raiders1:2200', 'raiders1:2201', 'raiders3:2209', 'raiders3:2210']
I tensorflow/core/common_runtime/gpu/gpu_init.cc:102] Found device 0 with properties: 
name: GeForce GTX TITAN X
major: 5 minor: 2 memoryClockRate (GHz) 1.076
pciBusID 0000:43:00.0
Total memory: 11.92GiB
Free memory: 11.81GiB
I tensorflow/core/common_runtime/gpu/gpu_init.cc:126] DMA: 0 
I tensorflow/core/common_runtime/gpu/gpu_init.cc:136] 0:   Y 
I tensorflow/core/common_runtime/gpu/gpu_device.cc:806] Creating TensorFlow device (/gpu:0) -> (device: 0, name: GeForce GTX TITAN X, pci bus id: 0000:43:00.0)
I tensorflow/core/distributed_runtime/rpc/grpc_channel.cc:206] Initialize HostPortsGrpcChannelCache for job ps -> {raiders1:2228}
I tensorflow/core/distributed_runtime/rpc/grpc_channel.cc:206] Initialize HostPortsGrpcChannelCache for job worker -> {raiders1:2200, raiders1:2201, raiders3:2209, localhost:2210}
I tensorflow/core/distributed_runtime/rpc/grpc_server_lib.cc:202] Started server with target: grpc://localhost:2210
INFO:tensorflow:Learning rate: 0.002500, momentum: 0.600000
INFO:tensorflow:Sync mode!!!!!!
INFO:tensorflow:Compute groups : 1
INFO:tensorflow:SyncReplicas enabled: replicas_to_aggregate=4; total_num_replicas=4
INFO:tensorflow:Num nodes per compute groups: 4
INFO:tensorflow:Tokens per step: 4
INFO:tensorflow:2016-07-19 02:39:53.026663 Supervisor
INFO:tensorflow:got sessions!
INFO:tensorflow:Started 3 queues for processing input data.
I tensorflow/core/common_runtime/gpu/pool_allocator.cc:244] PoolAllocator: After 3576 get requests, put_count=2565 evicted_count=1000 eviction_rate=0.389864 and unsatisfied allocation rate=0.590324
I tensorflow/core/common_runtime/gpu/pool_allocator.cc:256] Raising pool_size_limit_ from 100 to 110
INFO:tensorflow:Step: 399, Accuracy: 0.656250, Loss: 5.159496, time: 47.835 sec/batch
INFO:tensorflow:Step: 399, Accuracy: 0.578125, Loss: 5.499492, time: 2.831 sec/batch
INFO:tensorflow:Step: 400, Accuracy: 0.578125, Loss: 5.564124, time: 2.944 sec/batch
INFO:tensorflow:Step: 401, Accuracy: 0.625000, Loss: 5.436208, time: 1.237 sec/batch
INFO:tensorflow:Step: 401, Accuracy: 0.468750, Loss: 5.315717, time: 3.072 sec/batch
I tensorflow/core/common_runtime/gpu/pool_allocator.cc:244] PoolAllocator: After 0 get requests, put_count=1016 evicted_count=1000 eviction_rate=0.984252 and unsatisfied allocation rate=0
INFO:tensorflow:Step: 402, Accuracy: 0.500000, Loss: 5.399356, time: 1.417 sec/batch
INFO:tensorflow:Step: 403, Accuracy: 0.546875, Loss: 5.405118, time: 2.039 sec/batch
INFO:tensorflow:Step: 404, Accuracy: 0.453125, Loss: 5.757870, time: 2.206 sec/batch
INFO:tensorflow:Step: 405, Accuracy: 0.609375, Loss: 5.213919, time: 1.870 sec/batch
INFO:tensorflow:Step: 406, Accuracy: 0.687500, Loss: 5.361798, time: 2.282 sec/batch
I tensorflow/core/common_runtime/gpu/pool_allocator.cc:244] PoolAllocator: After 0 get requests, put_count=1025 evicted_count=1000 eviction_rate=0.97561 and unsatisfied allocation rate=0
INFO:tensorflow:Step: 407, Accuracy: 0.656250, Loss: 5.250698, time: 2.928 sec/batch
INFO:tensorflow:Step: 408, Accuracy: 0.687500, Loss: 5.142297, time: 3.140 sec/batch
INFO:tensorflow:Step: 409, Accuracy: 0.640625, Loss: 5.324451, time: 2.771 sec/batch
INFO:tensorflow:Step: 410, Accuracy: 0.625000, Loss: 5.266929, time: 3.172 sec/batch
INFO:tensorflow:Step: 411, Accuracy: 0.656250, Loss: 5.328944, time: 2.291 sec/batch
INFO:tensorflow:Step: 412, Accuracy: 0.578125, Loss: 5.517480, time: 1.756 sec/batch
I tensorflow/core/common_runtime/gpu/pool_allocator.cc:244] PoolAllocator: After 0 get requests, put_count=1044 evicted_count=1000 eviction_rate=0.957854 and unsatisfied allocation rate=0
INFO:tensorflow:Step: 413, Accuracy: 0.593750, Loss: 5.275774, time: 2.411 sec/batch
INFO:tensorflow:Step: 414, Accuracy: 0.625000, Loss: 5.359324, time: 1.882 sec/batch
INFO:tensorflow:Step: 415, Accuracy: 0.687500, Loss: 5.345287, time: 2.060 sec/batch
INFO:tensorflow:Step: 416, Accuracy: 0.500000, Loss: 5.116920, time: 2.525 sec/batch
INFO:tensorflow:Step: 417, Accuracy: 0.609375, Loss: 5.426436, time: 1.983 sec/batch
INFO:tensorflow:Step: 418, Accuracy: 0.671875, Loss: 5.249849, time: 1.848 sec/batch
INFO:tensorflow:Step: 419, Accuracy: 0.546875, Loss: 5.308693, time: 1.826 sec/batch
I tensorflow/core/common_runtime/gpu/pool_allocator.cc:244] PoolAllocator: After 3579 get requests, put_count=4417 evicted_count=2000 eviction_rate=0.452796 and unsatisfied allocation rate=0.346745
I tensorflow/core/common_runtime/gpu/pool_allocator.cc:256] Raising pool_size_limit_ from 871 to 958
INFO:tensorflow:Step: 420, Accuracy: 0.562500, Loss: 5.305353, time: 1.884 sec/batch
INFO:tensorflow:Step: 421, Accuracy: 0.546875, Loss: 5.190123, time: 1.631 sec/batch
INFO:tensorflow:Step: 422, Accuracy: 0.609375, Loss: 5.014023, time: 1.635 sec/batch
INFO:tensorflow:Step: 423, Accuracy: 0.593750, Loss: 5.259787, time: 2.571 sec/batch
INFO:tensorflow:Step: 424, Accuracy: 0.625000, Loss: 5.210218, time: 1.966 sec/batch
INFO:tensorflow:Step: 425, Accuracy: 0.500000, Loss: 5.253114, time: 2.170 sec/batch
INFO:tensorflow:Step: 426, Accuracy: 0.593750, Loss: 5.401205, time: 2.456 sec/batch
INFO:tensorflow:Step: 427, Accuracy: 0.578125, Loss: 5.147621, time: 1.942 sec/batch
INFO:tensorflow:Step: 428, Accuracy: 0.625000, Loss: 5.393519, time: 2.220 sec/batch
INFO:tensorflow:Step: 429, Accuracy: 0.546875, Loss: 5.071093, time: 2.536 sec/batch
INFO:tensorflow:Step: 430, Accuracy: 0.531250, Loss: 5.160890, time: 2.432 sec/batch
INFO:tensorflow:Step: 431, Accuracy: 0.625000, Loss: 5.287642, time: 2.508 sec/batch
INFO:tensorflow:Step: 432, Accuracy: 0.687500, Loss: 5.241473, time: 2.402 sec/batch
INFO:tensorflow:Step: 433, Accuracy: 0.515625, Loss: 5.174419, time: 2.610 sec/batch
INFO:tensorflow:Step: 434, Accuracy: 0.578125, Loss: 5.416870, time: 2.809 sec/batch
INFO:tensorflow:Step: 435, Accuracy: 0.703125, Loss: 5.066806, time: 3.064 sec/batch
INFO:tensorflow:Step: 436, Accuracy: 0.609375, Loss: 5.213049, time: 2.214 sec/batch
INFO:tensorflow:Step: 437, Accuracy: 0.578125, Loss: 5.304368, time: 2.150 sec/batch
INFO:tensorflow:Step: 438, Accuracy: 0.671875, Loss: 5.152623, time: 2.761 sec/batch
INFO:tensorflow:Step: 439, Accuracy: 0.656250, Loss: 5.082188, time: 2.698 sec/batch
INFO:tensorflow:Step: 440, Accuracy: 0.703125, Loss: 5.187053, time: 2.575 sec/batch
INFO:tensorflow:Step: 441, Accuracy: 0.625000, Loss: 5.245589, time: 2.308 sec/batch
INFO:tensorflow:Step: 442, Accuracy: 0.500000, Loss: 5.166313, time: 2.343 sec/batch
INFO:tensorflow:Step: 443, Accuracy: 0.734375, Loss: 5.065268, time: 2.654 sec/batch
INFO:tensorflow:Step: 444, Accuracy: 0.656250, Loss: 5.367591, time: 2.314 sec/batch
INFO:tensorflow:Step: 445, Accuracy: 0.625000, Loss: 5.422112, time: 2.167 sec/batch
INFO:tensorflow:Step: 446, Accuracy: 0.609375, Loss: 5.654849, time: 2.813 sec/batch
INFO:tensorflow:Step: 447, Accuracy: 0.625000, Loss: 5.303793, time: 2.710 sec/batch
INFO:tensorflow:Step: 448, Accuracy: 0.531250, Loss: 5.185610, time: 2.742 sec/batch
INFO:tensorflow:Step: 449, Accuracy: 0.671875, Loss: 5.302069, time: 2.589 sec/batch
INFO:tensorflow:Step: 450, Accuracy: 0.578125, Loss: 5.197688, time: 2.353 sec/batch
INFO:tensorflow:Step: 451, Accuracy: 0.593750, Loss: 5.259347, time: 2.950 sec/batch
INFO:tensorflow:Step: 452, Accuracy: 0.609375, Loss: 5.309136, time: 2.305 sec/batch
INFO:tensorflow:Step: 453, Accuracy: 0.546875, Loss: 5.180434, time: 2.313 sec/batch
INFO:tensorflow:Step: 454, Accuracy: 0.578125, Loss: 4.971986, time: 2.500 sec/batch
INFO:tensorflow:Step: 455, Accuracy: 0.625000, Loss: 5.378211, time: 1.654 sec/batch
INFO:tensorflow:Step: 456, Accuracy: 0.562500, Loss: 5.093652, time: 2.200 sec/batch
INFO:tensorflow:Step: 457, Accuracy: 0.781250, Loss: 5.058761, time: 1.602 sec/batch
INFO:tensorflow:Step: 458, Accuracy: 0.687500, Loss: 5.286340, time: 2.111 sec/batch
INFO:tensorflow:Step: 459, Accuracy: 0.593750, Loss: 5.275387, time: 1.669 sec/batch
INFO:tensorflow:Step: 460, Accuracy: 0.671875, Loss: 5.048946, time: 1.896 sec/batch
INFO:tensorflow:Step: 461, Accuracy: 0.562500, Loss: 5.176922, time: 2.578 sec/batch
INFO:tensorflow:Step: 462, Accuracy: 0.609375, Loss: 5.271855, time: 2.438 sec/batch
INFO:tensorflow:Step: 463, Accuracy: 0.609375, Loss: 5.385895, time: 2.714 sec/batch
INFO:tensorflow:Step: 464, Accuracy: 0.625000, Loss: 4.896004, time: 2.519 sec/batch
INFO:tensorflow:Step: 465, Accuracy: 0.656250, Loss: 5.171556, time: 2.689 sec/batch
INFO:tensorflow:Step: 466, Accuracy: 0.562500, Loss: 5.246071, time: 2.744 sec/batch
INFO:tensorflow:Step: 467, Accuracy: 0.687500, Loss: 5.206021, time: 2.467 sec/batch
INFO:tensorflow:Step: 468, Accuracy: 0.625000, Loss: 4.955976, time: 2.348 sec/batch
INFO:tensorflow:Step: 469, Accuracy: 0.609375, Loss: 5.237932, time: 2.893 sec/batch
INFO:tensorflow:Step: 470, Accuracy: 0.578125, Loss: 5.149860, time: 2.036 sec/batch
INFO:tensorflow:Step: 471, Accuracy: 0.562500, Loss: 5.157613, time: 1.726 sec/batch
INFO:tensorflow:Step: 472, Accuracy: 0.687500, Loss: 5.353349, time: 2.294 sec/batch
INFO:tensorflow:Step: 473, Accuracy: 0.718750, Loss: 5.292156, time: 1.862 sec/batch
INFO:tensorflow:Step: 474, Accuracy: 0.640625, Loss: 5.303550, time: 2.173 sec/batch
INFO:tensorflow:Step: 475, Accuracy: 0.625000, Loss: 5.534445, time: 2.679 sec/batch
INFO:tensorflow:Step: 476, Accuracy: 0.531250, Loss: 5.332233, time: 2.491 sec/batch
INFO:tensorflow:Step: 477, Accuracy: 0.578125, Loss: 5.275153, time: 2.445 sec/batch
INFO:tensorflow:Step: 478, Accuracy: 0.640625, Loss: 5.161286, time: 2.851 sec/batch
INFO:tensorflow:Step: 479, Accuracy: 0.656250, Loss: 5.430111, time: 2.403 sec/batch
INFO:tensorflow:Step: 480, Accuracy: 0.625000, Loss: 5.170948, time: 2.552 sec/batch
INFO:tensorflow:Step: 481, Accuracy: 0.609375, Loss: 5.051003, time: 2.013 sec/batch
INFO:tensorflow:Step: 482, Accuracy: 0.671875, Loss: 5.169533, time: 2.850 sec/batch
INFO:tensorflow:Step: 483, Accuracy: 0.656250, Loss: 5.000742, time: 1.972 sec/batch
INFO:tensorflow:Step: 484, Accuracy: 0.640625, Loss: 5.028154, time: 1.815 sec/batch
INFO:tensorflow:Step: 485, Accuracy: 0.593750, Loss: 5.218463, time: 2.397 sec/batch
INFO:tensorflow:Step: 486, Accuracy: 0.734375, Loss: 5.230381, time: 2.345 sec/batch
INFO:tensorflow:Step: 487, Accuracy: 0.703125, Loss: 5.319114, time: 1.967 sec/batch
INFO:tensorflow:Step: 488, Accuracy: 0.593750, Loss: 5.224704, time: 2.305 sec/batch
INFO:tensorflow:Step: 489, Accuracy: 0.671875, Loss: 5.300420, time: 1.707 sec/batch
INFO:tensorflow:Step: 490, Accuracy: 0.515625, Loss: 5.104350, time: 2.238 sec/batch
INFO:tensorflow:Step: 491, Accuracy: 0.578125, Loss: 5.435092, time: 2.335 sec/batch
INFO:tensorflow:Step: 492, Accuracy: 0.531250, Loss: 5.110335, time: 2.223 sec/batch
INFO:tensorflow:Step: 493, Accuracy: 0.546875, Loss: 5.006458, time: 2.458 sec/batch
INFO:tensorflow:Step: 494, Accuracy: 0.625000, Loss: 4.952982, time: 2.269 sec/batch
INFO:tensorflow:Step: 495, Accuracy: 0.578125, Loss: 4.781988, time: 2.628 sec/batch
INFO:tensorflow:Step: 496, Accuracy: 0.625000, Loss: 5.205404, time: 2.183 sec/batch
INFO:tensorflow:Step: 497, Accuracy: 0.640625, Loss: 5.193757, time: 2.653 sec/batch
INFO:tensorflow:Step: 498, Accuracy: 0.703125, Loss: 5.431434, time: 2.184 sec/batch
INFO:tensorflow:Step: 499, Accuracy: 0.625000, Loss: 5.129614, time: 2.377 sec/batch
INFO:tensorflow:Step: 500, Accuracy: 0.531250, Loss: 4.953755, time: 2.360 sec/batch
INFO:tensorflow:Step: 501, Accuracy: 0.625000, Loss: 5.225132, time: 2.006 sec/batch
INFO:tensorflow:Step: 502, Accuracy: 0.593750, Loss: 5.151523, time: 1.937 sec/batch
INFO:tensorflow:Step: 503, Accuracy: 0.703125, Loss: 5.447989, time: 2.096 sec/batch
INFO:tensorflow:Step: 504, Accuracy: 0.625000, Loss: 5.264912, time: 1.720 sec/batch
INFO:tensorflow:Step: 505, Accuracy: 0.625000, Loss: 5.042859, time: 1.950 sec/batch
INFO:tensorflow:Step: 506, Accuracy: 0.531250, Loss: 5.504347, time: 2.193 sec/batch
INFO:tensorflow:Step: 507, Accuracy: 0.671875, Loss: 5.207515, time: 1.826 sec/batch
INFO:tensorflow:Step: 508, Accuracy: 0.625000, Loss: 4.979698, time: 2.240 sec/batch
INFO:tensorflow:Step: 509, Accuracy: 0.640625, Loss: 5.089342, time: 2.283 sec/batch
INFO:tensorflow:Step: 510, Accuracy: 0.687500, Loss: 5.129173, time: 2.344 sec/batch
INFO:tensorflow:Step: 511, Accuracy: 0.609375, Loss: 5.364860, time: 2.374 sec/batch
INFO:tensorflow:Step: 512, Accuracy: 0.656250, Loss: 5.102882, time: 2.091 sec/batch
INFO:tensorflow:Step: 513, Accuracy: 0.671875, Loss: 5.205678, time: 1.793 sec/batch
INFO:tensorflow:Step: 514, Accuracy: 0.531250, Loss: 5.104172, time: 2.459 sec/batch
INFO:tensorflow:Step: 515, Accuracy: 0.718750, Loss: 5.203496, time: 2.533 sec/batch
INFO:tensorflow:Step: 516, Accuracy: 0.687500, Loss: 5.239523, time: 2.375 sec/batch
INFO:tensorflow:Step: 517, Accuracy: 0.625000, Loss: 5.201571, time: 2.386 sec/batch
INFO:tensorflow:Step: 518, Accuracy: 0.687500, Loss: 5.142269, time: 2.207 sec/batch
INFO:tensorflow:Step: 519, Accuracy: 0.500000, Loss: 5.241554, time: 2.094 sec/batch
INFO:tensorflow:Step: 520, Accuracy: 0.625000, Loss: 5.177622, time: 2.060 sec/batch
INFO:tensorflow:Step: 521, Accuracy: 0.593750, Loss: 5.033095, time: 2.246 sec/batch
INFO:tensorflow:Step: 522, Accuracy: 0.625000, Loss: 5.005540, time: 2.120 sec/batch
INFO:tensorflow:Step: 523, Accuracy: 0.625000, Loss: 5.245411, time: 2.181 sec/batch
INFO:tensorflow:Step: 524, Accuracy: 0.671875, Loss: 5.176719, time: 2.262 sec/batch
INFO:tensorflow:Step: 525, Accuracy: 0.609375, Loss: 5.030877, time: 2.497 sec/batch
INFO:tensorflow:Step: 526, Accuracy: 0.656250, Loss: 5.183558, time: 2.242 sec/batch
INFO:tensorflow:Step: 527, Accuracy: 0.578125, Loss: 5.077699, time: 2.057 sec/batch
INFO:tensorflow:Step: 528, Accuracy: 0.734375, Loss: 5.204689, time: 2.031 sec/batch
INFO:tensorflow:Step: 529, Accuracy: 0.609375, Loss: 5.149133, time: 1.754 sec/batch
INFO:tensorflow:Step: 530, Accuracy: 0.703125, Loss: 5.014387, time: 1.967 sec/batch
INFO:tensorflow:Step: 531, Accuracy: 0.703125, Loss: 5.052690, time: 2.323 sec/batch
INFO:tensorflow:Step: 532, Accuracy: 0.625000, Loss: 5.115329, time: 2.308 sec/batch
INFO:tensorflow:Step: 533, Accuracy: 0.578125, Loss: 5.219764, time: 2.239 sec/batch
INFO:tensorflow:Step: 534, Accuracy: 0.546875, Loss: 5.107720, time: 2.068 sec/batch
INFO:tensorflow:Step: 535, Accuracy: 0.578125, Loss: 5.139443, time: 2.395 sec/batch
INFO:tensorflow:Step: 536, Accuracy: 0.671875, Loss: 5.111338, time: 2.447 sec/batch
INFO:tensorflow:Step: 537, Accuracy: 0.640625, Loss: 5.058207, time: 1.926 sec/batch
INFO:tensorflow:Step: 538, Accuracy: 0.656250, Loss: 5.111535, time: 2.279 sec/batch
INFO:tensorflow:Step: 539, Accuracy: 0.734375, Loss: 4.965413, time: 2.361 sec/batch
INFO:tensorflow:Step: 540, Accuracy: 0.484375, Loss: 5.203582, time: 2.140 sec/batch
INFO:tensorflow:Step: 541, Accuracy: 0.671875, Loss: 5.056910, time: 1.852 sec/batch
INFO:tensorflow:Step: 542, Accuracy: 0.734375, Loss: 5.181879, time: 2.130 sec/batch
INFO:tensorflow:Step: 543, Accuracy: 0.656250, Loss: 4.990560, time: 1.922 sec/batch
INFO:tensorflow:Step: 544, Accuracy: 0.484375, Loss: 5.270757, time: 2.151 sec/batch
INFO:tensorflow:Step: 545, Accuracy: 0.609375, Loss: 5.273245, time: 1.969 sec/batch
run-expr-4node.sh: line 23: 16787 Terminated              CUDA_VISIBLE_DEVICES=$1 bazel-bin/inception/imagenet_distributed_train --batch_size=64 --data_dir=/lfs/local/0/daniter/imagenet-8-$2 --job_name='worker' --task_id=$2 --ps_hosts='raiders1:2228' --worker_hosts='raiders1:2200,raiders1:2201,raiders3:2209,raiders3:2210' --initial_learning_rate=$3 --momentum=$4 --sync=True --compute_groups=$5
