INFO:tensorflow:PS hosts are: ['localhost:2228']
INFO:tensorflow:Worker hosts are: ['localhost:2201', 'localhost:2202', 'localhost:2203', 'localhost:2204', 'localhost:2205', 'localhost:2206', 'localhost:2207', 'localhost:2208', 'localhost:2209', 'localhost:2210', 'localhost:2211', 'localhost:2212', 'localhost:2213', 'localhost:2214', 'localhost:2215', 'localhost:2216']
I tensorflow/core/distributed_runtime/rpc/grpc_channel.cc:206] Initialize HostPortsGrpcChannelCache for job ps -> {localhost:2228}
I tensorflow/core/distributed_runtime/rpc/grpc_channel.cc:206] Initialize HostPortsGrpcChannelCache for job worker -> {localhost:2201, localhost:2202, localhost:2203, localhost:2204, localhost:2205, localhost:2206, localhost:2207, localhost:2208, localhost:2209, localhost:2210, localhost:2211, localhost:2212, localhost:2213, localhost:2214, localhost:2215, localhost:2216}
I tensorflow/core/distributed_runtime/rpc/grpc_server_lib.cc:202] Started server with target: grpc://localhost:2201
INFO:tensorflow:Learning rate: 0.002500, momentum: 0.300000
INFO:tensorflow:Sync mode!!!!!!
INFO:tensorflow:Compute groups : 1
INFO:tensorflow:SyncReplicas enabled: replicas_to_aggregate=16; total_num_replicas=16
INFO:tensorflow:Num nodes per compute groups: 16
INFO:tensorflow:Tokens per step: 16
INFO:tensorflow:2016-07-19 04:51:58.864958 Supervisor
INFO:tensorflow:Restored model from /lfs/local/0/daniter/cg-snapshot/model.ckpt-399
INFO:tensorflow:got sessions!
INFO:tensorflow:Started 3 queues for processing input data.
INFO:tensorflow:global_step/sec: 0
INFO:tensorflow:Step: 399, Accuracy: 0.312500, Loss: 6.087037, time: 10.219 sec/batch
INFO:tensorflow:global_step/sec: 0
INFO:tensorflow:Step: 399, Accuracy: 0.625000, Loss: 5.670621, time: 81.876 sec/batch
INFO:tensorflow:Step: 400, Accuracy: 0.312500, Loss: 5.780363, time: 62.504 sec/batch
INFO:tensorflow:global_step/sec: 0.0166551
INFO:tensorflow:Step: 400, Accuracy: 0.250000, Loss: 5.206115, time: 62.235 sec/batch
INFO:tensorflow:global_step/sec: 0.00829713
INFO:tensorflow:Step: 401, Accuracy: 0.625000, Loss: 5.325407, time: 66.191 sec/batch
INFO:tensorflow:Step: 402, Accuracy: 0.562500, Loss: 6.395353, time: 58.471 sec/batch
INFO:tensorflow:global_step/sec: 0.0166071
INFO:tensorflow:Step: 403, Accuracy: 0.500000, Loss: 5.382129, time: 67.349 sec/batch
INFO:tensorflow:Step: 404, Accuracy: 0.125000, Loss: 5.613848, time: 61.654 sec/batch
INFO:tensorflow:global_step/sec: 0.00832541
INFO:tensorflow:Step: 405, Accuracy: 0.562500, Loss: 5.526298, time: 63.705 sec/batch
INFO:tensorflow:global_step/sec: 0.00841521
INFO:tensorflow:Step: 406, Accuracy: 0.625000, Loss: 5.476776, time: 64.416 sec/batch
INFO:tensorflow:Step: 407, Accuracy: 0.625000, Loss: 6.199337, time: 62.078 sec/batch
INFO:tensorflow:global_step/sec: 0.0166663
INFO:tensorflow:Step: 408, Accuracy: 0.625000, Loss: 5.700824, time: 59.640 sec/batch
INFO:tensorflow:global_step/sec: 0.00831648
INFO:tensorflow:Step: 409, Accuracy: 0.500000, Loss: 5.511493, time: 59.058 sec/batch
INFO:tensorflow:Step: 410, Accuracy: 0.750000, Loss: 4.871002, time: 68.997 sec/batch
INFO:tensorflow:global_step/sec: 0.0166866
INFO:tensorflow:Step: 411, Accuracy: 0.500000, Loss: 5.207170, time: 61.998 sec/batch
INFO:tensorflow:Step: 412, Accuracy: 0.437500, Loss: 5.406681, time: 66.192 sec/batch
INFO:tensorflow:Step: 413, Accuracy: 0.500000, Loss: 5.694487, time: 62.908 sec/batch
INFO:tensorflow:Step: 414, Accuracy: 0.687500, Loss: 5.505021, time: 62.253 sec/batch
INFO:tensorflow:Step: 415, Accuracy: 0.562500, Loss: 5.348141, time: 62.816 sec/batch
INFO:tensorflow:Step: 416, Accuracy: 0.625000, Loss: 5.454794, time: 61.722 sec/batch
INFO:tensorflow:Step: 417, Accuracy: 0.375000, Loss: 5.473291, time: 62.687 sec/batch
INFO:tensorflow:Step: 418, Accuracy: 0.437500, Loss: 5.469265, time: 68.218 sec/batch
INFO:tensorflow:Step: 419, Accuracy: 0.500000, Loss: 4.911530, time: 68.890 sec/batch
INFO:tensorflow:Step: 420, Accuracy: 0.437500, Loss: 5.065709, time: 62.653 sec/batch
INFO:tensorflow:Step: 421, Accuracy: 0.437500, Loss: 4.942620, time: 58.566 sec/batch
INFO:tensorflow:Step: 422, Accuracy: 0.500000, Loss: 5.167765, time: 57.930 sec/batch
INFO:tensorflow:Step: 423, Accuracy: 0.625000, Loss: 5.556437, time: 58.308 sec/batch
INFO:tensorflow:Step: 424, Accuracy: 0.500000, Loss: 5.643641, time: 64.044 sec/batch
INFO:tensorflow:Step: 425, Accuracy: 0.375000, Loss: 5.604321, time: 56.929 sec/batch
INFO:tensorflow:Step: 426, Accuracy: 0.312500, Loss: 5.636210, time: 63.138 sec/batch
INFO:tensorflow:Step: 427, Accuracy: 0.625000, Loss: 5.389757, time: 64.178 sec/batch
INFO:tensorflow:Step: 428, Accuracy: 0.375000, Loss: 5.056324, time: 60.359 sec/batch
INFO:tensorflow:Step: 429, Accuracy: 0.500000, Loss: 6.270319, time: 70.161 sec/batch
INFO:tensorflow:Step: 430, Accuracy: 0.750000, Loss: 5.369168, time: 62.557 sec/batch
run-expr-16node.sh: line 23: 81923 Terminated              CUDA_VISIBLE_DEVICES='' bazel-bin/inception/imagenet_distributed_train --batch_size=16 --data_dir=/lfs/local/0/daniter/imagenet-8-$2 --job_name='worker' --task_id=$2 --ps_hosts='localhost:2228' --worker_hosts='localhost:2201,localhost:2202,localhost:2203,localhost:2204,localhost:2205,localhost:2206,localhost:2207,localhost:2208,localhost:2209,localhost:2210,localhost:2211,localhost:2212,localhost:2213,localhost:2214,localhost:2215,localhost:2216' --initial_learning_rate=$3 --momentum=$4 --sync=True --compute_groups=$5
