I tensorflow/stream_executor/dso_loader.cc:108] successfully opened CUDA library libcublas.so locally
I tensorflow/stream_executor/dso_loader.cc:108] successfully opened CUDA library libcudnn.so locally
I tensorflow/stream_executor/dso_loader.cc:108] successfully opened CUDA library libcufft.so locally
I tensorflow/stream_executor/dso_loader.cc:108] successfully opened CUDA library libcuda.so locally
I tensorflow/stream_executor/dso_loader.cc:108] successfully opened CUDA library libcurand.so locally
INFO:tensorflow:PS hosts are: ['master:2200']
INFO:tensorflow:Worker hosts are: ['master:2201', 'master:2202', 'master:2203', 'master:2204', 'node001:2205', 'node001:2206', 'node001:2207', 'node001:2208', 'node002:2209', 'node002:2210', 'node002:2211', 'node002:2212', 'node003:2213', 'node003:2214', 'node003:2215', 'node003:2216', 'node004:2217', 'node004:2218', 'node004:2219', 'node004:2220', 'node005:2221', 'node005:2222', 'node005:2223', 'node005:2224', 'node006:2225', 'node006:2226', 'node006:2227', 'node006:2228', 'node007:2229', 'node007:2230', 'node007:2231', 'node007:2232']
I tensorflow/stream_executor/cuda/cuda_gpu_executor.cc:922] successful NUMA node read from SysFS had negative value (-1), but there must be at least one NUMA node, so returning NUMA node zero
I tensorflow/core/common_runtime/gpu/gpu_init.cc:102] Found device 0 with properties: 
name: GRID K520
major: 3 minor: 0 memoryClockRate (GHz) 0.797
pciBusID 0000:00:03.0
Total memory: 4.00GiB
Free memory: 3.95GiB
I tensorflow/core/common_runtime/gpu/gpu_init.cc:126] DMA: 0 
I tensorflow/core/common_runtime/gpu/gpu_init.cc:136] 0:   Y 
I tensorflow/core/common_runtime/gpu/gpu_device.cc:784] Creating TensorFlow device (/gpu:0) -> (device: 0, name: GRID K520, pci bus id: 0000:00:03.0)
I tensorflow/core/distributed_runtime/rpc/grpc_channel.cc:206] Initialize HostPortsGrpcChannelCache for job ps -> {master:2200}
I tensorflow/core/distributed_runtime/rpc/grpc_channel.cc:206] Initialize HostPortsGrpcChannelCache for job worker -> {localhost:2201, master:2202, master:2203, master:2204, node001:2205, node001:2206, node001:2207, node001:2208, node002:2209, node002:2210, node002:2211, node002:2212, node003:2213, node003:2214, node003:2215, node003:2216, node004:2217, node004:2218, node004:2219, node004:2220, node005:2221, node005:2222, node005:2223, node005:2224, node006:2225, node006:2226, node006:2227, node006:2228, node007:2229, node007:2230, node007:2231, node007:2232}
I tensorflow/core/distributed_runtime/rpc/grpc_server_lib.cc:202] Started server with target: grpc://localhost:2201
INFO:tensorflow:Learning rate: 0.005000, momentum: 0.000000
INFO:tensorflow:2016-08-10 08:02:49.614046 Supervisor
INFO:tensorflow:Restored model from /imagenet/snapshot/model.ckpt-7871
INFO:tensorflow:got sessions! 2016-08-10 08:03:30.420719 
INFO:tensorflow:Started 3 queues for processing input data.
INFO:tensorflow:global_step/sec: 0
I tensorflow/core/common_runtime/gpu/pool_allocator.cc:244] PoolAllocator: After 3869 get requests, put_count=2854 evicted_count=1000 eviction_rate=0.350385 and unsatisfied allocation rate=0.546653
I tensorflow/core/common_runtime/gpu/pool_allocator.cc:256] Raising pool_size_limit_ from 100 to 110
INFO:tensorflow:Step: 7871, Loss: 9.947414, time: 16.345 sec/batch
INFO:tensorflow:Step: 7872, Loss: 10.063317, time: 5.190 sec/batch
INFO:tensorflow:Step: 7874, Loss: 9.610379, time: 9.100 sec/batch
INFO:tensorflow:Step: 7878, Loss: 9.025818, time: 4.913 sec/batch
INFO:tensorflow:Step: 7882, Loss: 9.581412, time: 4.062 sec/batch
I tensorflow/core/common_runtime/gpu/pool_allocator.cc:244] PoolAllocator: After 0 get requests, put_count=1016 evicted_count=1000 eviction_rate=0.984252 and unsatisfied allocation rate=0
INFO:tensorflow:Step: 7893, Loss: 9.579000, time: 11.518 sec/batch
INFO:tensorflow:Step: 7917, Loss: 9.246690, time: 4.047 sec/batch
INFO:tensorflow:Step: 7923, Loss: 8.443283, time: 3.397 sec/batch
INFO:tensorflow:Step: 7935, Loss: 9.417647, time: 3.398 sec/batch
INFO:tensorflow:Step: 7950, Loss: 9.283806, time: 2.607 sec/batch
INFO:tensorflow:Step: 7959, Loss: 8.903014, time: 4.026 sec/batch
I tensorflow/core/common_runtime/gpu/pool_allocator.cc:244] PoolAllocator: After 3767 get requests, put_count=4058 evicted_count=2000 eviction_rate=0.492854 and unsatisfied allocation rate=0.460313
I tensorflow/core/common_runtime/gpu/pool_allocator.cc:256] Raising pool_size_limit_ from 281 to 309
INFO:tensorflow:Step: 7968, Loss: 9.547082, time: 2.899 sec/batch
INFO:tensorflow:Step: 7978, Loss: 9.689403, time: 2.735 sec/batch
INFO:tensorflow:Step: 7988, Loss: 9.508499, time: 3.415 sec/batch
INFO:tensorflow:Step: 7998, Loss: 9.478262, time: 3.439 sec/batch
INFO:tensorflow:Step: 8011, Loss: 9.134637, time: 2.927 sec/batch
INFO:tensorflow:Step: 8019, Loss: 9.501259, time: 3.208 sec/batch
I tensorflow/core/common_runtime/gpu/pool_allocator.cc:244] PoolAllocator: After 0 get requests, put_count=1049 evicted_count=1000 eviction_rate=0.953289 and unsatisfied allocation rate=0
INFO:tensorflow:Step: 8030, Loss: 9.774679, time: 3.117 sec/batch
INFO:tensorflow:Step: 8040, Loss: 9.807453, time: 3.152 sec/batch
INFO:tensorflow:Step: 8049, Loss: 8.302519, time: 3.922 sec/batch
INFO:tensorflow:Step: 8062, Loss: 9.524592, time: 3.939 sec/batch
INFO:tensorflow:Step: 8073, Loss: 9.706739, time: 4.558 sec/batch
INFO:tensorflow:Step: 8087, Loss: 9.011996, time: 3.261 sec/batch
INFO:tensorflow:Step: 8095, Loss: 9.061474, time: 3.519 sec/batch
INFO:tensorflow:Step: 8106, Loss: 9.379193, time: 2.665 sec/batch
INFO:tensorflow:Step: 8116, Loss: 9.259063, time: 2.774 sec/batch
I tensorflow/core/common_runtime/gpu/pool_allocator.cc:244] PoolAllocator: After 3767 get requests, put_count=4017 evicted_count=1000 eviction_rate=0.248942 and unsatisfied allocation rate=0.226971
I tensorflow/core/common_runtime/gpu/pool_allocator.cc:256] Raising pool_size_limit_ from 1158 to 1273
INFO:tensorflow:global_step/sec: 2.19781
INFO:tensorflow:Step: 8125, Loss: 9.151924, time: 2.896 sec/batch
INFO:tensorflow:Step: 8137, Loss: 8.450407, time: 3.756 sec/batch
INFO:tensorflow:Step: 8147, Loss: 9.335332, time: 4.667 sec/batch
INFO:tensorflow:Step: 8160, Loss: 9.758206, time: 3.217 sec/batch
INFO:tensorflow:Step: 8171, Loss: 8.451855, time: 2.941 sec/batch
INFO:tensorflow:Step: 8181, Loss: 10.157486, time: 7.933 sec/batch
INFO:tensorflow:Step: 8211, Loss: 8.327013, time: 2.674 sec/batch
INFO:tensorflow:Step: 8217, Loss: 8.685989, time: 10.614 sec/batch
INFO:tensorflow:Step: 8246, Loss: 9.163342, time: 3.320 sec/batch
INFO:tensorflow:Step: 8253, Loss: 9.118183, time: 7.402 sec/batch
INFO:tensorflow:Step: 8271, Loss: 9.627769, time: 2.888 sec/batch
INFO:tensorflow:Step: 8285, Loss: 10.188073, time: 3.761 sec/batch
INFO:tensorflow:Step: 8294, Loss: 9.547251, time: 2.587 sec/batch
INFO:tensorflow:Step: 8300, Loss: 8.971338, time: 2.849 sec/batch
INFO:tensorflow:Step: 8311, Loss: 9.399336, time: 2.720 sec/batch
INFO:tensorflow:Step: 8324, Loss: 8.789184, time: 2.576 sec/batch
INFO:tensorflow:Step: 8335, Loss: 9.570847, time: 5.225 sec/batch
INFO:tensorflow:Step: 8348, Loss: 8.141203, time: 2.980 sec/batch
INFO:tensorflow:Step: 8358, Loss: 9.925708, time: 2.829 sec/batch
INFO:tensorflow:Step: 8368, Loss: 9.058264, time: 5.256 sec/batch
INFO:tensorflow:Step: 8385, Loss: 10.289886, time: 2.672 sec/batch
INFO:tensorflow:Step: 8394, Loss: 9.104232, time: 8.001 sec/batch
INFO:tensorflow:Step: 8421, Loss: 9.295116, time: 5.894 sec/batch
INFO:tensorflow:Step: 8434, Loss: 8.873547, time: 4.162 sec/batch
INFO:tensorflow:Step: 8445, Loss: 8.670122, time: 2.752 sec/batch
INFO:tensorflow:Step: 8457, Loss: 9.103907, time: 7.399 sec/batch
INFO:tensorflow:Step: 8479, Loss: 9.090588, time: 3.122 sec/batch
INFO:tensorflow:global_step/sec: 3.04221
INFO:tensorflow:Step: 8490, Loss: 9.404099, time: 6.052 sec/batch
INFO:tensorflow:Step: 8501, Loss: 10.250415, time: 3.351 sec/batch
INFO:tensorflow:Step: 8517, Loss: 8.136745, time: 2.554 sec/batch
INFO:tensorflow:Step: 8526, Loss: 8.867973, time: 3.028 sec/batch
INFO:tensorflow:Step: 8534, Loss: 8.356751, time: 3.118 sec/batch
INFO:tensorflow:Step: 8545, Loss: 9.338166, time: 2.744 sec/batch
INFO:tensorflow:Step: 8555, Loss: 8.998563, time: 2.535 sec/batch
INFO:tensorflow:Step: 8566, Loss: 9.954843, time: 3.654 sec/batch
INFO:tensorflow:Step: 8579, Loss: 8.318045, time: 2.592 sec/batch
INFO:tensorflow:Step: 8590, Loss: 8.882557, time: 2.529 sec/batch
INFO:tensorflow:Step: 8600, Loss: 9.972636, time: 2.745 sec/batch
INFO:tensorflow:Step: 8607, Loss: 9.610285, time: 3.398 sec/batch
INFO:tensorflow:Step: 8621, Loss: 9.486109, time: 3.296 sec/batch
INFO:tensorflow:Step: 8631, Loss: 9.144171, time: 2.845 sec/batch
INFO:tensorflow:Step: 8641, Loss: 8.888271, time: 3.556 sec/batch
INFO:tensorflow:Step: 8654, Loss: 9.376017, time: 2.543 sec/batch
INFO:tensorflow:Step: 8666, Loss: 9.481637, time: 4.161 sec/batch
INFO:tensorflow:Step: 8678, Loss: 9.694237, time: 2.670 sec/batch
INFO:tensorflow:Step: 8687, Loss: 10.396773, time: 2.533 sec/batch
INFO:tensorflow:Step: 8696, Loss: 8.721483, time: 3.549 sec/batch
INFO:tensorflow:Step: 8712, Loss: 8.552563, time: 3.876 sec/batch
INFO:tensorflow:Step: 8726, Loss: 9.681795, time: 11.151 sec/batch
INFO:tensorflow:Step: 8766, Loss: 9.531474, time: 3.534 sec/batch
INFO:tensorflow:Step: 8771, Loss: 8.548695, time: 6.897 sec/batch
INFO:tensorflow:Step: 8793, Loss: 8.944979, time: 12.146 sec/batch
INFO:tensorflow:Step: 8825, Loss: 9.499444, time: 8.526 sec/batch
INFO:tensorflow:Step: 8848, Loss: 10.089306, time: 3.395 sec/batch
INFO:tensorflow:Step: 8857, Loss: 9.712218, time: 2.518 sec/batch
INFO:tensorflow:Step: 8863, Loss: 8.921284, time: 2.707 sec/batch
INFO:tensorflow:Step: 8870, Loss: 8.451025, time: 3.026 sec/batch
INFO:tensorflow:Step: 8881, Loss: 9.004313, time: 3.000 sec/batch
INFO:tensorflow:global_step/sec: 3.30938
INFO:tensorflow:Step: 8895, Loss: 8.714226, time: 9.996 sec/batch
INFO:tensorflow:Step: 8923, Loss: 8.798001, time: 2.716 sec/batch
INFO:tensorflow:Step: 8931, Loss: 9.042738, time: 8.711 sec/batch
INFO:tensorflow:Step: 8965, Loss: 9.447520, time: 7.607 sec/batch
INFO:tensorflow:Step: 8981, Loss: 8.780732, time: 9.439 sec/batch
INFO:tensorflow:Step: 9011, Loss: 8.650890, time: 3.244 sec/batch
INFO:tensorflow:Step: 9018, Loss: 8.836754, time: 4.106 sec/batch
INFO:tensorflow:Step: 9027, Loss: 8.945804, time: 3.067 sec/batch
INFO:tensorflow:Step: 9038, Loss: 8.746595, time: 2.871 sec/batch
INFO:tensorflow:Step: 9053, Loss: 9.793752, time: 3.233 sec/batch
INFO:tensorflow:Step: 9061, Loss: 8.828778, time: 8.780 sec/batch
INFO:tensorflow:Step: 9092, Loss: 8.999648, time: 6.855 sec/batch
INFO:tensorflow:Step: 9112, Loss: 9.055521, time: 2.884 sec/batch
INFO:tensorflow:Step: 9117, Loss: 9.327778, time: 2.631 sec/batch
INFO:tensorflow:Step: 9128, Loss: 9.815064, time: 2.703 sec/batch
INFO:tensorflow:Step: 9135, Loss: 9.051555, time: 2.920 sec/batch
INFO:tensorflow:Step: 9148, Loss: 9.358702, time: 2.626 sec/batch
INFO:tensorflow:Step: 9156, Loss: 9.306054, time: 3.346 sec/batch
INFO:tensorflow:Step: 9168, Loss: 8.661076, time: 8.778 sec/batch
INFO:tensorflow:Step: 9196, Loss: 9.075407, time: 6.574 sec/batch
INFO:tensorflow:Step: 9210, Loss: 8.538102, time: 5.599 sec/batch
INFO:tensorflow:Step: 9236, Loss: 9.407331, time: 7.976 sec/batch
INFO:tensorflow:Step: 9258, Loss: 9.799211, time: 3.469 sec/batch
INFO:tensorflow:global_step/sec: 3.03905
INFO:tensorflow:Step: 9260, Loss: 9.502649, time: 3.421 sec/batch
INFO:tensorflow:Step: 9271, Loss: 8.752680, time: 2.694 sec/batch
INFO:tensorflow:Step: 9283, Loss: 9.255777, time: 2.647 sec/batch
INFO:tensorflow:Step: 9294, Loss: 8.154621, time: 2.957 sec/batch
INFO:tensorflow:Step: 9303, Loss: 8.927703, time: 8.218 sec/batch
INFO:tensorflow:Step: 9328, Loss: 8.668858, time: 11.549 sec/batch
INFO:tensorflow:Step: 9357, Loss: 9.068833, time: 3.034 sec/batch
INFO:tensorflow:Step: 9365, Loss: 9.300364, time: 8.264 sec/batch
INFO:tensorflow:Step: 9387, Loss: 9.633100, time: 4.281 sec/batch
INFO:tensorflow:Step: 9402, Loss: 8.857164, time: 4.472 sec/batch
INFO:tensorflow:Step: 9407, Loss: 9.208836, time: 3.534 sec/batch
INFO:tensorflow:Step: 9422, Loss: 9.530135, time: 8.795 sec/batch
INFO:tensorflow:Step: 9455, Loss: 8.883090, time: 3.383 sec/batch
INFO:tensorflow:Step: 9463, Loss: 9.745871, time: 6.984 sec/batch
INFO:tensorflow:Step: 9482, Loss: 8.790159, time: 7.709 sec/batch
INFO:tensorflow:Step: 9507, Loss: 8.449819, time: 2.913 sec/batch
INFO:tensorflow:Step: 9515, Loss: 9.289158, time: 2.858 sec/batch
INFO:tensorflow:Step: 9525, Loss: 9.266041, time: 2.893 sec/batch
INFO:tensorflow:Step: 9534, Loss: 8.943905, time: 2.895 sec/batch
INFO:tensorflow:Step: 9547, Loss: 9.020823, time: 2.576 sec/batch
INFO:tensorflow:Step: 9560, Loss: 9.083020, time: 2.667 sec/batch
INFO:tensorflow:Step: 9569, Loss: 9.465487, time: 2.500 sec/batch
INFO:tensorflow:Step: 9578, Loss: 8.881392, time: 2.464 sec/batch
INFO:tensorflow:Step: 9587, Loss: 9.247288, time: 2.444 sec/batch
INFO:tensorflow:Step: 9599, Loss: 9.306497, time: 3.158 sec/batch
INFO:tensorflow:Step: 9609, Loss: 8.939799, time: 2.876 sec/batch
INFO:tensorflow:Step: 9621, Loss: 8.688337, time: 2.575 sec/batch
INFO:tensorflow:Step: 9631, Loss: 8.576262, time: 2.540 sec/batch
INFO:tensorflow:Step: 9641, Loss: 9.261110, time: 2.573 sec/batch
INFO:tensorflow:global_step/sec: 3.28416
INFO:tensorflow:Step: 9653, Loss: 9.260525, time: 2.436 sec/batch
INFO:tensorflow:Step: 9659, Loss: 8.923643, time: 5.228 sec/batch
INFO:tensorflow:Step: 9677, Loss: 9.616037, time: 2.877 sec/batch
INFO:tensorflow:Step: 9686, Loss: 9.068726, time: 3.466 sec/batch
INFO:tensorflow:Step: 9698, Loss: 8.803020, time: 2.724 sec/batch
INFO:tensorflow:Step: 9706, Loss: 8.137365, time: 8.529 sec/batch
INFO:tensorflow:Step: 9733, Loss: 8.570580, time: 9.530 sec/batch
INFO:tensorflow:Step: 9765, Loss: 9.024052, time: 2.706 sec/batch
INFO:tensorflow:Step: 9772, Loss: 9.233336, time: 3.401 sec/batch
INFO:tensorflow:Step: 9777, Loss: 9.449387, time: 2.559 sec/batch
INFO:tensorflow:Step: 9788, Loss: 9.362362, time: 2.418 sec/batch
INFO:tensorflow:Step: 9802, Loss: 8.748834, time: 2.552 sec/batch
INFO:tensorflow:Step: 9812, Loss: 8.164299, time: 2.547 sec/batch
INFO:tensorflow:Step: 9821, Loss: 9.351926, time: 3.194 sec/batch
INFO:tensorflow:Step: 9830, Loss: 8.983129, time: 5.663 sec/batch
INFO:tensorflow:Step: 9852, Loss: 9.788301, time: 3.219 sec/batch
INFO:tensorflow:Step: 9863, Loss: 8.867867, time: 4.227 sec/batch
INFO:tensorflow:Step: 9873, Loss: 9.365099, time: 7.888 sec/batch
INFO:tensorflow:Step: 9904, Loss: 8.298031, time: 2.601 sec/batch
INFO:tensorflow:Step: 9909, Loss: 8.277449, time: 5.416 sec/batch
INFO:tensorflow:Step: 9924, Loss: 9.880643, time: 2.744 sec/batch
INFO:tensorflow:Step: 9932, Loss: 8.994904, time: 3.799 sec/batch
INFO:tensorflow:Step: 9940, Loss: 9.530390, time: 2.711 sec/batch
INFO:tensorflow:Step: 9953, Loss: 9.209176, time: 3.243 sec/batch
INFO:tensorflow:Step: 9963, Loss: 8.599294, time: 2.795 sec/batch
INFO:tensorflow:Step: 9975, Loss: 9.010480, time: 7.846 sec/batch
INFO:tensorflow:Step: 10001, Loss: 8.959828, time: 3.697 sec/batch
INFO:tensorflow:Step: 10010, Loss: 9.075234, time: 2.792 sec/batch
INFO:tensorflow:Step: 10019, Loss: 9.153494, time: 3.306 sec/batch
INFO:tensorflow:Step: 10030, Loss: 9.623822, time: 2.809 sec/batch
INFO:tensorflow:global_step/sec: 3.27517
INFO:tensorflow:Step: 10044, Loss: 8.967886, time: 2.453 sec/batch
INFO:tensorflow:Step: 10052, Loss: 9.246068, time: 2.549 sec/batch
INFO:tensorflow:Step: 10060, Loss: 8.736570, time: 3.069 sec/batch
INFO:tensorflow:Step: 10073, Loss: 9.137455, time: 2.438 sec/batch
INFO:tensorflow:Step: 10086, Loss: 9.557236, time: 3.361 sec/batch
INFO:tensorflow:Step: 10096, Loss: 9.952208, time: 2.982 sec/batch
INFO:tensorflow:Step: 10109, Loss: 8.712064, time: 2.927 sec/batch
INFO:tensorflow:Step: 10116, Loss: 8.831131, time: 2.634 sec/batch
INFO:tensorflow:Step: 10126, Loss: 9.788432, time: 2.537 sec/batch
INFO:tensorflow:Step: 10136, Loss: 9.558581, time: 3.900 sec/batch
INFO:tensorflow:Step: 10149, Loss: 9.204656, time: 2.796 sec/batch
INFO:tensorflow:Step: 10158, Loss: 8.846436, time: 4.153 sec/batch
INFO:tensorflow:Step: 10174, Loss: 9.482313, time: 2.824 sec/batch
INFO:tensorflow:Step: 10182, Loss: 8.393200, time: 3.672 sec/batch
INFO:tensorflow:Step: 10193, Loss: 9.026793, time: 2.673 sec/batch
INFO:tensorflow:Step: 10203, Loss: 9.550053, time: 6.545 sec/batch
INFO:tensorflow:Step: 10229, Loss: 8.975557, time: 6.046 sec/batch
INFO:tensorflow:Step: 10246, Loss: 8.451794, time: 8.423 sec/batch
INFO:tensorflow:Step: 10275, Loss: 8.983756, time: 3.752 sec/batch
INFO:tensorflow:Step: 10283, Loss: 8.990618, time: 2.581 sec/batch
INFO:tensorflow:Step: 10290, Loss: 9.906427, time: 2.734 sec/batch
INFO:tensorflow:Step: 10301, Loss: 9.750271, time: 2.787 sec/batch
INFO:tensorflow:Step: 10317, Loss: 9.266551, time: 2.850 sec/batch
INFO:tensorflow:Step: 10327, Loss: 9.204681, time: 2.414 sec/batch
INFO:tensorflow:Step: 10334, Loss: 9.782876, time: 2.547 sec/batch
INFO:tensorflow:Step: 10347, Loss: 9.553109, time: 2.573 sec/batch
INFO:tensorflow:Step: 10354, Loss: 9.134261, time: 3.287 sec/batch
INFO:tensorflow:Step: 10367, Loss: 9.543304, time: 2.840 sec/batch
INFO:tensorflow:Step: 10376, Loss: 8.725332, time: 2.651 sec/batch
INFO:tensorflow:Step: 10388, Loss: 8.535460, time: 2.512 sec/batch
INFO:tensorflow:Step: 10398, Loss: 8.950786, time: 5.876 sec/batch
INFO:tensorflow:Step: 10419, Loss: 8.863750, time: 3.153 sec/batch
INFO:tensorflow:Step: 10428, Loss: 8.567091, time: 5.131 sec/batch
INFO:tensorflow:Step: 10442, Loss: 9.767715, time: 3.359 sec/batch
INFO:tensorflow:Step: 10454, Loss: 8.810985, time: 3.463 sec/batch
INFO:tensorflow:global_step/sec: 3.51555
INFO:tensorflow:Step: 10465, Loss: 8.672351, time: 2.558 sec/batch
INFO:tensorflow:Step: 10474, Loss: 9.615048, time: 3.027 sec/batch
INFO:tensorflow:Step: 10485, Loss: 8.493279, time: 2.768 sec/batch
INFO:tensorflow:Step: 10493, Loss: 9.196494, time: 6.796 sec/batch
INFO:tensorflow:Step: 10521, Loss: 8.849494, time: 3.567 sec/batch
INFO:tensorflow:Step: 10529, Loss: 9.155505, time: 2.966 sec/batch
INFO:tensorflow:Step: 10543, Loss: 9.144698, time: 2.893 sec/batch
INFO:tensorflow:Step: 10553, Loss: 9.057108, time: 3.730 sec/batch
INFO:tensorflow:Step: 10567, Loss: 9.371782, time: 6.952 sec/batch
INFO:tensorflow:Step: 10595, Loss: 9.147705, time: 4.197 sec/batch
INFO:tensorflow:Step: 10608, Loss: 9.675817, time: 4.182 sec/batch
INFO:tensorflow:Step: 10621, Loss: 9.281225, time: 2.870 sec/batch
INFO:tensorflow:Step: 10630, Loss: 9.335598, time: 3.117 sec/batch
INFO:tensorflow:Step: 10641, Loss: 9.253896, time: 2.557 sec/batch
INFO:tensorflow:Step: 10652, Loss: 8.758002, time: 2.608 sec/batch
INFO:tensorflow:Step: 10665, Loss: 9.652415, time: 2.476 sec/batch
INFO:tensorflow:Step: 10676, Loss: 9.014925, time: 3.217 sec/batch
INFO:tensorflow:Step: 10686, Loss: 8.950161, time: 3.684 sec/batch
INFO:tensorflow:Step: 10701, Loss: 9.093729, time: 3.219 sec/batch
INFO:tensorflow:Step: 10712, Loss: 8.937526, time: 2.594 sec/batch
INFO:tensorflow:Step: 10722, Loss: 9.812351, time: 2.506 sec/batch
INFO:tensorflow:Step: 10731, Loss: 9.023480, time: 2.688 sec/batch
INFO:tensorflow:Step: 10742, Loss: 8.281329, time: 2.914 sec/batch
INFO:tensorflow:Step: 10756, Loss: 9.257140, time: 2.691 sec/batch
INFO:tensorflow:Step: 10765, Loss: 9.287941, time: 6.837 sec/batch
INFO:tensorflow:Step: 10791, Loss: 8.667209, time: 3.301 sec/batch
INFO:tensorflow:Step: 10800, Loss: 8.585347, time: 7.099 sec/batch
INFO:tensorflow:Step: 10826, Loss: 9.012033, time: 7.229 sec/batch
INFO:tensorflow:Step: 10847, Loss: 9.163319, time: 7.336 sec/batch
INFO:tensorflow:Step: 10867, Loss: 8.553880, time: 6.391 sec/batch
INFO:tensorflow:global_step/sec: 3.52616
INFO:tensorflow:Step: 10891, Loss: 9.366899, time: 3.060 sec/batch
INFO:tensorflow:Step: 10894, Loss: 8.798400, time: 2.702 sec/batch
INFO:tensorflow:Step: 10904, Loss: 8.506655, time: 2.782 sec/batch
INFO:tensorflow:Step: 10913, Loss: 9.146940, time: 2.608 sec/batch
INFO:tensorflow:Step: 10927, Loss: 9.038107, time: 3.042 sec/batch
INFO:tensorflow:Step: 10938, Loss: 8.850413, time: 2.631 sec/batch
INFO:tensorflow:Step: 10947, Loss: 9.187588, time: 2.692 sec/batch
INFO:tensorflow:Step: 10957, Loss: 8.776536, time: 2.976 sec/batch
INFO:tensorflow:Step: 10969, Loss: 8.891968, time: 2.506 sec/batch
INFO:tensorflow:Step: 10979, Loss: 9.731105, time: 7.922 sec/batch
INFO:tensorflow:Step: 11009, Loss: 8.838630, time: 5.525 sec/batch
INFO:tensorflow:Step: 11026, Loss: 8.690348, time: 3.949 sec/batch
INFO:tensorflow:Step: 11034, Loss: 8.819860, time: 6.818 sec/batch
INFO:tensorflow:Step: 11059, Loss: 9.218371, time: 7.877 sec/batch
INFO:tensorflow:Step: 11082, Loss: 8.989453, time: 3.939 sec/batch
INFO:tensorflow:Step: 11087, Loss: 8.982124, time: 6.487 sec/batch
INFO:tensorflow:Step: 11118, Loss: 9.501658, time: 5.825 sec/batch
INFO:tensorflow:Step: 11129, Loss: 9.317437, time: 4.406 sec/batch
INFO:tensorflow:Step: 11143, Loss: 8.952465, time: 2.815 sec/batch
INFO:tensorflow:Step: 11155, Loss: 8.105583, time: 5.424 sec/batch
INFO:tensorflow:Step: 11178, Loss: 8.380353, time: 2.735 sec/batch
INFO:tensorflow:Step: 11184, Loss: 10.392131, time: 2.754 sec/batch
INFO:tensorflow:Step: 11194, Loss: 8.683613, time: 2.880 sec/batch
INFO:tensorflow:Step: 11205, Loss: 8.228025, time: 2.743 sec/batch
INFO:tensorflow:Step: 11218, Loss: 8.973654, time: 4.302 sec/batch
INFO:tensorflow:Step: 11232, Loss: 8.448250, time: 2.653 sec/batch
INFO:tensorflow:Step: 11243, Loss: 8.975306, time: 3.274 sec/batch
INFO:tensorflow:Step: 11255, Loss: 8.886421, time: 2.817 sec/batch
INFO:tensorflow:Step: 11265, Loss: 9.100875, time: 2.870 sec/batch
INFO:tensorflow:Step: 11276, Loss: 8.866584, time: 2.909 sec/batch
INFO:tensorflow:Step: 11284, Loss: 9.055765, time: 3.127 sec/batch
INFO:tensorflow:global_step/sec: 3.45836
INFO:tensorflow:Step: 11298, Loss: 8.527459, time: 3.116 sec/batch
INFO:tensorflow:Step: 11309, Loss: 9.638577, time: 2.585 sec/batch
INFO:tensorflow:Step: 11319, Loss: 8.427315, time: 2.700 sec/batch
INFO:tensorflow:Step: 11329, Loss: 9.139831, time: 7.795 sec/batch
INFO:tensorflow:Step: 11357, Loss: 9.130463, time: 6.697 sec/batch
INFO:tensorflow:Step: 11376, Loss: 9.223283, time: 4.017 sec/batch
INFO:tensorflow:Step: 11383, Loss: 8.955350, time: 8.324 sec/batch
INFO:tensorflow:Step: 11416, Loss: 8.350452, time: 7.887 sec/batch
INFO:tensorflow:Step: 11437, Loss: 9.203063, time: 3.398 sec/batch
INFO:tensorflow:Step: 11446, Loss: 8.527641, time: 3.134 sec/batch
INFO:tensorflow:Step: 11453, Loss: 9.502566, time: 2.561 sec/batch
INFO:tensorflow:Step: 11462, Loss: 8.476219, time: 2.653 sec/batch
INFO:tensorflow:Step: 11475, Loss: 9.585623, time: 2.654 sec/batch
INFO:tensorflow:Step: 11486, Loss: 9.035600, time: 3.330 sec/batch
run-expr-aws-32node.sh: line 25: 107865 Terminated              CUDA_VISIBLE_DEVICES=$1 bazel-bin/inception/imagenet_distributed_train --batch_size=32 --data_dir=/imagenet/ilsvrc12_train_tfrecord_32_PARTITION/32P_p$2 --job_name='worker' --task_id=$2 --ps_hosts='master:2200' --worker_hosts='master:2201,master:2202,master:2203,master:2204,node001:2205,node001:2206,node001:2207,node001:2208,node002:2209,node002:2210,node002:2211,node002:2212,node003:2213,node003:2214,node003:2215,node003:2216,node004:2217,node004:2218,node004:2219,node004:2220,node005:2221,node005:2222,node005:2223,node005:2224,node006:2225,node006:2226,node006:2227,node006:2228,node007:2229,node007:2230,node007:2231,node007:2232' --initial_learning_rate=$3 --momentum=$4 --sync=True --compute_groups=$5
