I tensorflow/stream_executor/dso_loader.cc:108] successfully opened CUDA library libcublas.so locally
I tensorflow/stream_executor/dso_loader.cc:108] successfully opened CUDA library libcudnn.so locally
I tensorflow/stream_executor/dso_loader.cc:108] successfully opened CUDA library libcufft.so locally
I tensorflow/stream_executor/dso_loader.cc:108] successfully opened CUDA library libcuda.so locally
I tensorflow/stream_executor/dso_loader.cc:108] successfully opened CUDA library libcurand.so locally
INFO:tensorflow:PS hosts are: ['master:2200']
INFO:tensorflow:Worker hosts are: ['master:2201', 'master:2202', 'master:2203', 'master:2204', 'node001:2205', 'node001:2206', 'node001:2207', 'node001:2208', 'node002:2209', 'node002:2210', 'node002:2211', 'node002:2212', 'node003:2213', 'node003:2214', 'node003:2215', 'node003:2216']
I tensorflow/stream_executor/cuda/cuda_gpu_executor.cc:922] successful NUMA node read from SysFS had negative value (-1), but there must be at least one NUMA node, so returning NUMA node zero
I tensorflow/core/common_runtime/gpu/gpu_init.cc:102] Found device 0 with properties: 
name: GRID K520
major: 3 minor: 0 memoryClockRate (GHz) 0.797
pciBusID 0000:00:03.0
Total memory: 4.00GiB
Free memory: 3.95GiB
I tensorflow/core/common_runtime/gpu/gpu_init.cc:126] DMA: 0 
I tensorflow/core/common_runtime/gpu/gpu_init.cc:136] 0:   Y 
I tensorflow/core/common_runtime/gpu/gpu_device.cc:784] Creating TensorFlow device (/gpu:0) -> (device: 0, name: GRID K520, pci bus id: 0000:00:03.0)
I tensorflow/core/distributed_runtime/rpc/grpc_channel.cc:206] Initialize HostPortsGrpcChannelCache for job ps -> {master:2200}
I tensorflow/core/distributed_runtime/rpc/grpc_channel.cc:206] Initialize HostPortsGrpcChannelCache for job worker -> {localhost:2201, master:2202, master:2203, master:2204, node001:2205, node001:2206, node001:2207, node001:2208, node002:2209, node002:2210, node002:2211, node002:2212, node003:2213, node003:2214, node003:2215, node003:2216}
I tensorflow/core/distributed_runtime/rpc/grpc_server_lib.cc:202] Started server with target: grpc://localhost:2201
INFO:tensorflow:Learning rate: 0.010000, momentum: 0.600000
INFO:tensorflow:Sync mode!!!!!!
INFO:tensorflow:Compute groups : 8
INFO:tensorflow:SyncReplicas enabled: replicas_to_aggregate=16; total_num_replicas=16
INFO:tensorflow:Num nodes per compute groups: 2
INFO:tensorflow:Tokens per step: 2
INFO:tensorflow:2016-08-09 16:52:51.247445 Supervisor
INFO:tensorflow:Restored model from /home/snapshot/model.ckpt-399
INFO:tensorflow:got sessions! 2016-08-09 16:53:43.700860 
INFO:tensorflow:Started 3 queues for processing input data.
INFO:tensorflow:global_step/sec: 0
I tensorflow/core/common_runtime/gpu/pool_allocator.cc:244] PoolAllocator: After 3869 get requests, put_count=2854 evicted_count=1000 eviction_rate=0.350385 and unsatisfied allocation rate=0.546653
I tensorflow/core/common_runtime/gpu/pool_allocator.cc:256] Raising pool_size_limit_ from 100 to 110
INFO:tensorflow:Step: 399, Loss: 5.234372, time: 16.358 sec/batch
INFO:tensorflow:Step: 399, Loss: 5.645809, time: 3.117 sec/batch
INFO:tensorflow:Step: 401, Loss: 5.152710, time: 4.014 sec/batch
INFO:tensorflow:Step: 405, Loss: 5.599267, time: 2.962 sec/batch
INFO:tensorflow:Step: 408, Loss: 6.048311, time: 3.412 sec/batch
I tensorflow/core/common_runtime/gpu/pool_allocator.cc:244] PoolAllocator: After 0 get requests, put_count=1016 evicted_count=1000 eviction_rate=0.984252 and unsatisfied allocation rate=0
INFO:tensorflow:Step: 413, Loss: 5.484014, time: 2.637 sec/batch
INFO:tensorflow:Step: 419, Loss: 6.420404, time: 2.973 sec/batch
INFO:tensorflow:Step: 422, Loss: 6.687741, time: 6.847 sec/batch
INFO:tensorflow:Step: 430, Loss: 5.650846, time: 4.832 sec/batch
INFO:tensorflow:Step: 436, Loss: 5.611335, time: 5.772 sec/batch
INFO:tensorflow:Step: 444, Loss: 5.695014, time: 4.258 sec/batch
I tensorflow/core/common_runtime/gpu/pool_allocator.cc:244] PoolAllocator: After 3768 get requests, put_count=4058 evicted_count=2000 eviction_rate=0.492854 and unsatisfied allocation rate=0.460456
I tensorflow/core/common_runtime/gpu/pool_allocator.cc:256] Raising pool_size_limit_ from 281 to 309
INFO:tensorflow:Step: 451, Loss: 5.730168, time: 6.265 sec/batch
INFO:tensorflow:Step: 459, Loss: 5.350646, time: 4.522 sec/batch
INFO:tensorflow:Step: 467, Loss: 5.047957, time: 3.358 sec/batch
INFO:tensorflow:Step: 471, Loss: 5.371977, time: 5.702 sec/batch
INFO:tensorflow:Step: 482, Loss: 5.546263, time: 3.965 sec/batch
INFO:tensorflow:Step: 487, Loss: 5.460053, time: 4.485 sec/batch
I tensorflow/core/common_runtime/gpu/pool_allocator.cc:244] PoolAllocator: After 0 get requests, put_count=1049 evicted_count=1000 eviction_rate=0.953289 and unsatisfied allocation rate=0
INFO:tensorflow:Step: 493, Loss: 5.522662, time: 4.887 sec/batch
INFO:tensorflow:Step: 500, Loss: 5.119666, time: 3.684 sec/batch
INFO:tensorflow:Step: 508, Loss: 6.545804, time: 4.358 sec/batch
INFO:tensorflow:Step: 516, Loss: 5.203289, time: 3.980 sec/batch
INFO:tensorflow:Step: 524, Loss: 5.855561, time: 5.334 sec/batch
INFO:tensorflow:Step: 532, Loss: 5.492607, time: 4.195 sec/batch
INFO:tensorflow:Step: 539, Loss: 5.504610, time: 3.883 sec/batch
INFO:tensorflow:global_step/sec: 1.29459
INFO:tensorflow:Step: 547, Loss: 5.309787, time: 3.743 sec/batch
INFO:tensorflow:Step: 555, Loss: 5.351853, time: 3.819 sec/batch
I tensorflow/core/common_runtime/gpu/pool_allocator.cc:244] PoolAllocator: After 3768 get requests, put_count=4016 evicted_count=1000 eviction_rate=0.249004 and unsatisfied allocation rate=0.227442
I tensorflow/core/common_runtime/gpu/pool_allocator.cc:256] Raising pool_size_limit_ from 1158 to 1273
INFO:tensorflow:Step: 562, Loss: 5.619980, time: 3.813 sec/batch
INFO:tensorflow:Step: 570, Loss: 5.259721, time: 3.893 sec/batch
INFO:tensorflow:Step: 578, Loss: 5.818977, time: 4.475 sec/batch
INFO:tensorflow:Step: 587, Loss: 4.955463, time: 3.608 sec/batch
INFO:tensorflow:Step: 594, Loss: 5.632340, time: 5.599 sec/batch
INFO:tensorflow:Step: 601, Loss: 5.783834, time: 4.086 sec/batch
INFO:tensorflow:Step: 609, Loss: 5.685459, time: 4.477 sec/batch
INFO:tensorflow:Step: 616, Loss: 5.653592, time: 4.522 sec/batch
INFO:tensorflow:Step: 624, Loss: 5.230300, time: 4.183 sec/batch
INFO:tensorflow:Step: 632, Loss: 5.776694, time: 3.856 sec/batch
INFO:tensorflow:Step: 640, Loss: 5.304827, time: 4.267 sec/batch
INFO:tensorflow:Step: 648, Loss: 5.055165, time: 4.662 sec/batch
INFO:tensorflow:Step: 656, Loss: 5.263238, time: 3.797 sec/batch
INFO:tensorflow:Step: 664, Loss: 5.271953, time: 4.650 sec/batch
INFO:tensorflow:Step: 671, Loss: 5.535722, time: 3.956 sec/batch
INFO:tensorflow:Step: 678, Loss: 5.022706, time: 3.692 sec/batch
INFO:tensorflow:Step: 686, Loss: 4.992388, time: 4.598 sec/batch
INFO:tensorflow:Step: 694, Loss: 5.808735, time: 4.780 sec/batch
INFO:tensorflow:Step: 702, Loss: 4.853648, time: 3.887 sec/batch
INFO:tensorflow:Step: 711, Loss: 5.355567, time: 4.892 sec/batch
INFO:tensorflow:Step: 719, Loss: 5.624176, time: 5.265 sec/batch
INFO:tensorflow:Step: 729, Loss: 5.391762, time: 3.294 sec/batch
INFO:tensorflow:Step: 735, Loss: 4.923315, time: 4.555 sec/batch
INFO:tensorflow:Step: 742, Loss: 5.263445, time: 5.286 sec/batch
INFO:tensorflow:Step: 752, Loss: 5.451764, time: 3.917 sec/batch
INFO:tensorflow:Step: 757, Loss: 5.209572, time: 3.970 sec/batch
INFO:tensorflow:global_step/sec: 1.8
INFO:tensorflow:Step: 765, Loss: 5.328853, time: 4.264 sec/batch
INFO:tensorflow:Step: 773, Loss: 5.157749, time: 4.335 sec/batch
INFO:tensorflow:Step: 779, Loss: 5.615239, time: 3.844 sec/batch
INFO:tensorflow:Step: 787, Loss: 4.988595, time: 5.020 sec/batch
INFO:tensorflow:Step: 796, Loss: 5.615216, time: 4.891 sec/batch
INFO:tensorflow:Step: 803, Loss: 5.657467, time: 3.866 sec/batch
INFO:tensorflow:Step: 811, Loss: 5.799316, time: 4.172 sec/batch
INFO:tensorflow:Step: 817, Loss: 4.946572, time: 5.394 sec/batch
INFO:tensorflow:Step: 828, Loss: 5.182544, time: 4.214 sec/batch
INFO:tensorflow:Step: 836, Loss: 4.849384, time: 4.021 sec/batch
INFO:tensorflow:Step: 843, Loss: 4.754447, time: 5.162 sec/batch
INFO:tensorflow:Step: 852, Loss: 5.095798, time: 4.024 sec/batch
INFO:tensorflow:Step: 859, Loss: 5.189069, time: 4.634 sec/batch
INFO:tensorflow:Step: 869, Loss: 5.416711, time: 4.159 sec/batch
INFO:tensorflow:Step: 876, Loss: 5.163990, time: 3.816 sec/batch
INFO:tensorflow:Step: 882, Loss: 5.231148, time: 3.610 sec/batch
INFO:tensorflow:Step: 890, Loss: 5.297186, time: 4.490 sec/batch
INFO:tensorflow:Step: 898, Loss: 5.099770, time: 3.615 sec/batch
INFO:tensorflow:Step: 905, Loss: 4.831078, time: 3.923 sec/batch
INFO:tensorflow:Step: 912, Loss: 5.216523, time: 3.213 sec/batch
INFO:tensorflow:Step: 918, Loss: 4.929308, time: 3.871 sec/batch
INFO:tensorflow:Step: 926, Loss: 5.466568, time: 4.967 sec/batch
INFO:tensorflow:Step: 934, Loss: 5.180399, time: 4.459 sec/batch
INFO:tensorflow:Step: 942, Loss: 4.781900, time: 3.707 sec/batch
INFO:tensorflow:Step: 949, Loss: 5.010750, time: 4.559 sec/batch
INFO:tensorflow:Step: 957, Loss: 4.992593, time: 4.371 sec/batch
INFO:tensorflow:Step: 965, Loss: 5.252816, time: 4.891 sec/batch
INFO:tensorflow:Step: 974, Loss: 4.918178, time: 4.314 sec/batch
INFO:tensorflow:global_step/sec: 1.81548
INFO:tensorflow:Step: 982, Loss: 5.109426, time: 5.030 sec/batch
INFO:tensorflow:Step: 991, Loss: 4.814305, time: 4.168 sec/batch
INFO:tensorflow:Step: 999, Loss: 4.624175, time: 4.267 sec/batch
INFO:tensorflow:Step: 1008, Loss: 5.175531, time: 4.120 sec/batch
INFO:tensorflow:Step: 1016, Loss: 5.220020, time: 3.732 sec/batch
INFO:tensorflow:Step: 1021, Loss: 4.941434, time: 4.316 sec/batch
INFO:tensorflow:Step: 1029, Loss: 5.119095, time: 4.520 sec/batch
INFO:tensorflow:Step: 1037, Loss: 5.013497, time: 4.670 sec/batch
INFO:tensorflow:Step: 1046, Loss: 5.547034, time: 4.946 sec/batch
INFO:tensorflow:Step: 1054, Loss: 5.117445, time: 4.591 sec/batch
INFO:tensorflow:Step: 1062, Loss: 4.904743, time: 4.240 sec/batch
INFO:tensorflow:Step: 1070, Loss: 4.814754, time: 4.394 sec/batch
INFO:tensorflow:Step: 1076, Loss: 4.813594, time: 5.295 sec/batch
INFO:tensorflow:Step: 1084, Loss: 5.733959, time: 5.803 sec/batch
INFO:tensorflow:Step: 1095, Loss: 4.908491, time: 4.686 sec/batch
INFO:tensorflow:Step: 1102, Loss: 4.721904, time: 3.999 sec/batch
INFO:tensorflow:Step: 1110, Loss: 4.837179, time: 4.757 sec/batch
INFO:tensorflow:Step: 1119, Loss: 5.258340, time: 3.982 sec/batch
INFO:tensorflow:Step: 1127, Loss: 5.167604, time: 3.955 sec/batch
INFO:tensorflow:Step: 1135, Loss: 5.019761, time: 3.770 sec/batch
INFO:tensorflow:Step: 1142, Loss: 5.183633, time: 3.773 sec/batch
INFO:tensorflow:Step: 1149, Loss: 4.794065, time: 3.945 sec/batch
INFO:tensorflow:Step: 1157, Loss: 5.030201, time: 4.176 sec/batch
INFO:tensorflow:Step: 1163, Loss: 4.924082, time: 3.981 sec/batch
INFO:tensorflow:Step: 1170, Loss: 4.971563, time: 4.506 sec/batch
INFO:tensorflow:Step: 1179, Loss: 4.702512, time: 3.560 sec/batch
INFO:tensorflow:Step: 1186, Loss: 4.826559, time: 4.780 sec/batch
INFO:tensorflow:Step: 1194, Loss: 5.156248, time: 3.099 sec/batch
INFO:tensorflow:global_step/sec: 1.79209
INFO:tensorflow:Step: 1199, Loss: 4.557946, time: 4.449 sec/batch
INFO:tensorflow:Step: 1207, Loss: 4.748571, time: 3.754 sec/batch
INFO:tensorflow:Step: 1212, Loss: 4.906219, time: 4.220 sec/batch
INFO:tensorflow:Step: 1220, Loss: 4.823183, time: 3.926 sec/batch
INFO:tensorflow:Step: 1227, Loss: 4.948298, time: 4.185 sec/batch
INFO:tensorflow:Step: 1235, Loss: 4.962463, time: 5.257 sec/batch
INFO:tensorflow:Step: 1243, Loss: 4.736311, time: 4.314 sec/batch
INFO:tensorflow:Step: 1250, Loss: 4.800660, time: 4.222 sec/batch
INFO:tensorflow:Step: 1259, Loss: 4.638538, time: 3.478 sec/batch
INFO:tensorflow:Step: 1265, Loss: 4.782043, time: 4.159 sec/batch
INFO:tensorflow:Step: 1273, Loss: 5.059936, time: 3.551 sec/batch
run-expr-32node.sh: line 25: 124061 Terminated              CUDA_VISIBLE_DEVICES=$1 bazel-bin/inception/imagenet_distributed_train --batch_size=32 --data_dir=/home/data/sample-data-$2 --job_name='worker' --task_id=$2 --ps_hosts='master:2200' --worker_hosts='master:2201,master:2202,master:2203,master:2204,node001:2205,node001:2206,node001:2207,node001:2208,node002:2209,node002:2210,node002:2211,node002:2212,node003:2213,node003:2214,node003:2215,node003:2216' --initial_learning_rate=$3 --momentum=$4 --sync=True --compute_groups=$5
