I tensorflow/stream_executor/dso_loader.cc:108] successfully opened CUDA library libcublas.so locally
I tensorflow/stream_executor/dso_loader.cc:108] successfully opened CUDA library libcudnn.so locally
I tensorflow/stream_executor/dso_loader.cc:108] successfully opened CUDA library libcufft.so locally
I tensorflow/stream_executor/dso_loader.cc:108] successfully opened CUDA library libcuda.so locally
I tensorflow/stream_executor/dso_loader.cc:108] successfully opened CUDA library libcurand.so locally
INFO:tensorflow:PS hosts are: ['raiders1:2228']
INFO:tensorflow:Worker hosts are: ['raiders1:2200', 'raiders1:2201', 'raiders3:2209', 'raiders3:2210']
I tensorflow/core/common_runtime/gpu/gpu_init.cc:102] Found device 0 with properties: 
name: GeForce GTX TITAN X
major: 5 minor: 2 memoryClockRate (GHz) 1.076
pciBusID 0000:03:00.0
Total memory: 11.92GiB
Free memory: 11.81GiB
I tensorflow/core/common_runtime/gpu/gpu_init.cc:126] DMA: 0 
I tensorflow/core/common_runtime/gpu/gpu_init.cc:136] 0:   Y 
I tensorflow/core/common_runtime/gpu/gpu_device.cc:806] Creating TensorFlow device (/gpu:0) -> (device: 0, name: GeForce GTX TITAN X, pci bus id: 0000:03:00.0)
I tensorflow/core/distributed_runtime/rpc/grpc_channel.cc:206] Initialize HostPortsGrpcChannelCache for job ps -> {raiders1:2228}
I tensorflow/core/distributed_runtime/rpc/grpc_channel.cc:206] Initialize HostPortsGrpcChannelCache for job worker -> {localhost:2200, raiders1:2201, raiders3:2209, raiders3:2210}
I tensorflow/core/distributed_runtime/rpc/grpc_server_lib.cc:202] Started server with target: grpc://localhost:2200
INFO:tensorflow:Learning rate: 0.001000, momentum: 0.300000
INFO:tensorflow:2016-07-20 22:48:10.674528 Supervisor
INFO:tensorflow:Restored model from /lfs/local/0/daniter/4-node-snapshot/model.ckpt-418
INFO:tensorflow:Started 3 queues for processing input data.
INFO:tensorflow:global_step/sec: 0
I tensorflow/core/common_runtime/gpu/pool_allocator.cc:244] PoolAllocator: After 3677 get requests, put_count=2562 evicted_count=1000 eviction_rate=0.39032 and unsatisfied allocation rate=0.602393
I tensorflow/core/common_runtime/gpu/pool_allocator.cc:256] Raising pool_size_limit_ from 100 to 110
INFO:tensorflow:Step: 418, Loss: 5.141245, time: 16.231 sec/batch
INFO:tensorflow:Step: 423, Loss: 5.097912, time: 2.776 sec/batch
INFO:tensorflow:Step: 428, Loss: 5.263672, time: 2.034 sec/batch
INFO:tensorflow:Step: 431, Loss: 5.039392, time: 2.619 sec/batch
INFO:tensorflow:Step: 436, Loss: 4.811786, time: 2.322 sec/batch
I tensorflow/core/common_runtime/gpu/pool_allocator.cc:244] PoolAllocator: After 0 get requests, put_count=1016 evicted_count=1000 eviction_rate=0.984252 and unsatisfied allocation rate=0
INFO:tensorflow:Step: 440, Loss: 5.076204, time: 1.628 sec/batch
INFO:tensorflow:Step: 444, Loss: 4.914556, time: 1.830 sec/batch
INFO:tensorflow:Step: 447, Loss: 4.956213, time: 2.068 sec/batch
INFO:tensorflow:Step: 451, Loss: 5.189920, time: 1.761 sec/batch
INFO:tensorflow:Step: 455, Loss: 5.139730, time: 1.566 sec/batch
I tensorflow/core/common_runtime/gpu/pool_allocator.cc:244] PoolAllocator: After 0 get requests, put_count=1025 evicted_count=1000 eviction_rate=0.97561 and unsatisfied allocation rate=0
INFO:tensorflow:Step: 458, Loss: 5.068152, time: 1.712 sec/batch
INFO:tensorflow:Step: 460, Loss: 4.923103, time: 2.751 sec/batch
INFO:tensorflow:Step: 464, Loss: 5.132527, time: 1.440 sec/batch
INFO:tensorflow:Step: 468, Loss: 5.186811, time: 1.381 sec/batch
INFO:tensorflow:Step: 471, Loss: 5.016321, time: 1.868 sec/batch
INFO:tensorflow:Step: 474, Loss: 4.951479, time: 1.640 sec/batch
I tensorflow/core/common_runtime/gpu/pool_allocator.cc:244] PoolAllocator: After 3575 get requests, put_count=3950 evicted_count=2000 eviction_rate=0.506329 and unsatisfied allocation rate=0.465734
I tensorflow/core/common_runtime/gpu/pool_allocator.cc:256] Raising pool_size_limit_ from 449 to 493
INFO:tensorflow:Step: 478, Loss: 5.063462, time: 2.184 sec/batch
INFO:tensorflow:Step: 480, Loss: 5.032118, time: 1.701 sec/batch
INFO:tensorflow:Step: 484, Loss: 5.240949, time: 1.454 sec/batch
INFO:tensorflow:Step: 488, Loss: 4.852036, time: 1.247 sec/batch
INFO:tensorflow:Step: 492, Loss: 4.894029, time: 1.700 sec/batch
INFO:tensorflow:Step: 496, Loss: 4.887947, time: 3.506 sec/batch
INFO:tensorflow:Step: 498, Loss: 5.254026, time: 2.085 sec/batch
I tensorflow/core/common_runtime/gpu/pool_allocator.cc:244] PoolAllocator: After 3575 get requests, put_count=4413 evicted_count=2000 eviction_rate=0.453206 and unsatisfied allocation rate=0.347133
I tensorflow/core/common_runtime/gpu/pool_allocator.cc:256] Raising pool_size_limit_ from 871 to 958
INFO:tensorflow:Step: 503, Loss: 5.043237, time: 1.571 sec/batch
INFO:tensorflow:Step: 505, Loss: 4.930189, time: 1.373 sec/batch
INFO:tensorflow:Step: 509, Loss: 5.096408, time: 1.377 sec/batch
INFO:tensorflow:Step: 512, Loss: 4.944756, time: 1.302 sec/batch
INFO:tensorflow:Step: 516, Loss: 4.895289, time: 1.332 sec/batch
INFO:tensorflow:Step: 519, Loss: 4.982190, time: 1.180 sec/batch
INFO:tensorflow:Step: 523, Loss: 4.869943, time: 1.859 sec/batch
INFO:tensorflow:Step: 526, Loss: 5.082405, time: 2.253 sec/batch
INFO:tensorflow:Step: 530, Loss: 5.125147, time: 1.420 sec/batch
INFO:tensorflow:Step: 534, Loss: 5.130727, time: 1.358 sec/batch
INFO:tensorflow:Step: 537, Loss: 4.781877, time: 1.672 sec/batch
INFO:tensorflow:Step: 540, Loss: 4.944106, time: 1.865 sec/batch
INFO:tensorflow:Step: 544, Loss: 4.989322, time: 1.241 sec/batch
INFO:tensorflow:Step: 548, Loss: 4.900755, time: 2.380 sec/batch
INFO:tensorflow:Step: 552, Loss: 5.234190, time: 1.321 sec/batch
INFO:tensorflow:Step: 556, Loss: 4.956147, time: 1.475 sec/batch
INFO:tensorflow:Step: 559, Loss: 4.976874, time: 1.355 sec/batch
INFO:tensorflow:Step: 562, Loss: 5.367930, time: 2.284 sec/batch
INFO:tensorflow:Step: 566, Loss: 5.044390, time: 1.320 sec/batch
INFO:tensorflow:Step: 570, Loss: 4.865369, time: 1.750 sec/batch
INFO:tensorflow:Step: 574, Loss: 5.105843, time: 1.349 sec/batch
INFO:tensorflow:Step: 578, Loss: 5.061987, time: 2.264 sec/batch
INFO:tensorflow:Step: 580, Loss: 4.889452, time: 1.607 sec/batch
INFO:tensorflow:Step: 584, Loss: 5.143763, time: 1.569 sec/batch
INFO:tensorflow:Step: 587, Loss: 5.160066, time: 1.391 sec/batch
INFO:tensorflow:Step: 591, Loss: 5.079518, time: 1.580 sec/batch
INFO:tensorflow:Step: 594, Loss: 4.948833, time: 1.706 sec/batch
INFO:tensorflow:Step: 597, Loss: 5.126861, time: 1.376 sec/batch
INFO:tensorflow:Step: 601, Loss: 5.243393, time: 1.376 sec/batch
INFO:tensorflow:Step: 605, Loss: 5.166678, time: 1.361 sec/batch
INFO:tensorflow:Step: 608, Loss: 5.037286, time: 1.377 sec/batch
INFO:tensorflow:Step: 612, Loss: 5.087494, time: 1.652 sec/batch
INFO:tensorflow:Step: 615, Loss: 4.852717, time: 1.248 sec/batch
INFO:tensorflow:Step: 619, Loss: 4.990210, time: 1.292 sec/batch
INFO:tensorflow:Step: 623, Loss: 5.084334, time: 1.266 sec/batch
INFO:tensorflow:Step: 627, Loss: 4.941523, time: 1.308 sec/batch
INFO:tensorflow:Step: 631, Loss: 4.878307, time: 1.463 sec/batch
INFO:tensorflow:Step: 635, Loss: 4.922413, time: 1.345 sec/batch
INFO:tensorflow:Step: 639, Loss: 4.866404, time: 1.307 sec/batch
INFO:tensorflow:global_step/sec: 1.91619
INFO:tensorflow:Step: 643, Loss: 4.921074, time: 1.227 sec/batch
INFO:tensorflow:Step: 647, Loss: 4.865079, time: 1.350 sec/batch
INFO:tensorflow:Step: 650, Loss: 4.951522, time: 1.287 sec/batch
INFO:tensorflow:Step: 654, Loss: 5.045384, time: 1.409 sec/batch
INFO:tensorflow:Step: 658, Loss: 5.020378, time: 1.397 sec/batch
INFO:tensorflow:Step: 662, Loss: 5.056056, time: 1.263 sec/batch
INFO:tensorflow:Step: 666, Loss: 4.935031, time: 1.350 sec/batch
INFO:tensorflow:Step: 670, Loss: 4.959323, time: 1.268 sec/batch
INFO:tensorflow:Step: 674, Loss: 5.052485, time: 1.262 sec/batch
INFO:tensorflow:Step: 678, Loss: 5.046453, time: 1.288 sec/batch
INFO:tensorflow:Step: 682, Loss: 4.912914, time: 1.376 sec/batch
INFO:tensorflow:Step: 686, Loss: 5.128621, time: 1.356 sec/batch
INFO:tensorflow:Step: 690, Loss: 5.089637, time: 1.276 sec/batch
INFO:tensorflow:Step: 693, Loss: 4.939300, time: 1.226 sec/batch
INFO:tensorflow:Step: 697, Loss: 4.977736, time: 1.285 sec/batch
INFO:tensorflow:Step: 701, Loss: 4.839051, time: 1.349 sec/batch
INFO:tensorflow:Step: 705, Loss: 4.978705, time: 1.300 sec/batch
INFO:tensorflow:Step: 709, Loss: 4.872346, time: 1.265 sec/batch
INFO:tensorflow:Step: 713, Loss: 5.029280, time: 1.408 sec/batch
INFO:tensorflow:Step: 717, Loss: 4.830343, time: 1.576 sec/batch
INFO:tensorflow:Step: 721, Loss: 5.135295, time: 1.500 sec/batch
INFO:tensorflow:Step: 725, Loss: 4.984672, time: 1.356 sec/batch
INFO:tensorflow:Step: 729, Loss: 5.036318, time: 1.355 sec/batch
INFO:tensorflow:Step: 733, Loss: 4.798320, time: 1.287 sec/batch
INFO:tensorflow:Step: 737, Loss: 4.888919, time: 1.234 sec/batch
INFO:tensorflow:Step: 741, Loss: 5.112566, time: 1.787 sec/batch
INFO:tensorflow:Step: 745, Loss: 5.066845, time: 1.472 sec/batch
INFO:tensorflow:Step: 748, Loss: 4.904298, time: 1.321 sec/batch
INFO:tensorflow:Step: 752, Loss: 5.053252, time: 1.296 sec/batch
INFO:tensorflow:Step: 756, Loss: 4.917152, time: 1.276 sec/batch
INFO:tensorflow:Step: 759, Loss: 5.063981, time: 1.337 sec/batch
INFO:tensorflow:Step: 763, Loss: 4.891086, time: 1.344 sec/batch
INFO:tensorflow:Step: 767, Loss: 4.915833, time: 1.295 sec/batch
INFO:tensorflow:Step: 771, Loss: 5.074641, time: 1.251 sec/batch
INFO:tensorflow:Step: 775, Loss: 4.671998, time: 1.302 sec/batch
INFO:tensorflow:Step: 779, Loss: 4.911780, time: 1.286 sec/batch
INFO:tensorflow:Step: 782, Loss: 4.947804, time: 1.341 sec/batch
INFO:tensorflow:Step: 786, Loss: 4.859381, time: 1.248 sec/batch
INFO:tensorflow:Step: 790, Loss: 4.992736, time: 1.229 sec/batch
INFO:tensorflow:Step: 794, Loss: 5.052291, time: 1.288 sec/batch
INFO:tensorflow:Step: 798, Loss: 5.014337, time: 1.342 sec/batch
INFO:tensorflow:Step: 802, Loss: 5.017229, time: 1.292 sec/batch
INFO:tensorflow:Step: 806, Loss: 5.305020, time: 1.251 sec/batch
INFO:tensorflow:Step: 810, Loss: 5.376811, time: 1.492 sec/batch
INFO:tensorflow:Step: 814, Loss: 5.038249, time: 1.465 sec/batch
INFO:tensorflow:Step: 818, Loss: 4.992496, time: 1.780 sec/batch
INFO:tensorflow:Step: 821, Loss: 4.979593, time: 1.343 sec/batch
INFO:tensorflow:Step: 825, Loss: 5.006305, time: 1.246 sec/batch
INFO:tensorflow:Step: 829, Loss: 4.819311, time: 1.282 sec/batch
INFO:tensorflow:Step: 833, Loss: 5.010825, time: 1.865 sec/batch
INFO:tensorflow:Step: 836, Loss: 5.136994, time: 1.462 sec/batch
INFO:tensorflow:Step: 840, Loss: 4.848024, time: 1.304 sec/batch
INFO:tensorflow:Step: 844, Loss: 4.948766, time: 1.765 sec/batch
INFO:tensorflow:Step: 848, Loss: 4.862685, time: 1.334 sec/batch
INFO:tensorflow:Step: 852, Loss: 5.059914, time: 1.259 sec/batch
INFO:tensorflow:Step: 855, Loss: 5.056023, time: 1.372 sec/batch
INFO:tensorflow:Step: 858, Loss: 5.009735, time: 1.352 sec/batch
INFO:tensorflow:Step: 862, Loss: 5.130089, time: 1.337 sec/batch
INFO:tensorflow:Step: 866, Loss: 4.927071, time: 1.391 sec/batch
INFO:tensorflow:Step: 870, Loss: 5.032726, time: 1.549 sec/batch
INFO:tensorflow:Step: 874, Loss: 4.975838, time: 1.245 sec/batch
INFO:tensorflow:Step: 878, Loss: 5.010103, time: 1.275 sec/batch
INFO:tensorflow:Step: 882, Loss: 5.007357, time: 1.303 sec/batch
INFO:tensorflow:Step: 886, Loss: 5.000088, time: 1.330 sec/batch
INFO:tensorflow:Step: 890, Loss: 4.862830, time: 1.455 sec/batch
INFO:tensorflow:Step: 893, Loss: 4.961142, time: 1.297 sec/batch
INFO:tensorflow:Step: 896, Loss: 5.112722, time: 1.320 sec/batch
INFO:tensorflow:Step: 899, Loss: 5.123758, time: 1.417 sec/batch
INFO:tensorflow:Step: 903, Loss: 5.019903, time: 1.252 sec/batch
INFO:tensorflow:Step: 907, Loss: 5.126550, time: 1.263 sec/batch
INFO:tensorflow:Step: 911, Loss: 5.131603, time: 1.247 sec/batch
INFO:tensorflow:Step: 915, Loss: 5.022161, time: 1.292 sec/batch
INFO:tensorflow:Step: 919, Loss: 5.047942, time: 1.241 sec/batch
INFO:tensorflow:Step: 923, Loss: 5.123262, time: 1.341 sec/batch
INFO:tensorflow:Step: 926, Loss: 4.848178, time: 1.537 sec/batch
INFO:tensorflow:Step: 929, Loss: 4.910300, time: 1.271 sec/batch
INFO:tensorflow:Step: 933, Loss: 4.850184, time: 1.240 sec/batch
INFO:tensorflow:Step: 937, Loss: 5.095481, time: 1.326 sec/batch
INFO:tensorflow:Step: 941, Loss: 5.026214, time: 1.422 sec/batch
INFO:tensorflow:Step: 945, Loss: 4.977515, time: 1.350 sec/batch
INFO:tensorflow:Step: 948, Loss: 4.977684, time: 1.806 sec/batch
INFO:tensorflow:Step: 954, Loss: 4.859205, time: 1.306 sec/batch
INFO:tensorflow:Step: 956, Loss: 5.214907, time: 1.415 sec/batch
INFO:tensorflow:Step: 961, Loss: 5.066801, time: 1.484 sec/batch
INFO:tensorflow:Step: 965, Loss: 5.139813, time: 1.338 sec/batch
INFO:tensorflow:Step: 969, Loss: 4.823584, time: 1.259 sec/batch
INFO:tensorflow:Step: 973, Loss: 4.734856, time: 1.358 sec/batch
INFO:tensorflow:Step: 977, Loss: 5.037719, time: 1.519 sec/batch
INFO:tensorflow:global_step/sec: 2.79748
INFO:tensorflow:Step: 980, Loss: 5.107764, time: 2.144 sec/batch
INFO:tensorflow:Step: 983, Loss: 4.859756, time: 1.275 sec/batch
INFO:tensorflow:Step: 987, Loss: 5.052629, time: 1.339 sec/batch
INFO:tensorflow:Step: 990, Loss: 5.232693, time: 1.299 sec/batch
INFO:tensorflow:Step: 994, Loss: 4.790502, time: 1.257 sec/batch
INFO:tensorflow:Step: 997, Loss: 4.973347, time: 1.403 sec/batch
INFO:tensorflow:Step: 1001, Loss: 5.107400, time: 1.285 sec/batch
INFO:tensorflow:Step: 1005, Loss: 4.998068, time: 1.258 sec/batch
INFO:tensorflow:Step: 1009, Loss: 4.776287, time: 1.201 sec/batch
INFO:tensorflow:Step: 1013, Loss: 5.068431, time: 1.277 sec/batch
INFO:tensorflow:Step: 1017, Loss: 4.827700, time: 1.362 sec/batch
INFO:tensorflow:Step: 1021, Loss: 5.082835, time: 1.314 sec/batch
INFO:tensorflow:Step: 1025, Loss: 5.061449, time: 1.278 sec/batch
INFO:tensorflow:Step: 1028, Loss: 5.058741, time: 1.355 sec/batch
INFO:tensorflow:Step: 1032, Loss: 5.013024, time: 1.219 sec/batch
INFO:tensorflow:Step: 1036, Loss: 4.813672, time: 1.222 sec/batch
INFO:tensorflow:Step: 1040, Loss: 4.834743, time: 1.296 sec/batch
INFO:tensorflow:Step: 1044, Loss: 4.851951, time: 1.302 sec/batch
INFO:tensorflow:Step: 1048, Loss: 5.026217, time: 1.213 sec/batch
INFO:tensorflow:Step: 1052, Loss: 4.999285, time: 1.361 sec/batch
INFO:tensorflow:Step: 1056, Loss: 5.016515, time: 1.453 sec/batch
INFO:tensorflow:Step: 1060, Loss: 4.887001, time: 1.417 sec/batch
INFO:tensorflow:Step: 1064, Loss: 5.011882, time: 1.282 sec/batch
INFO:tensorflow:Step: 1068, Loss: 4.841872, time: 1.314 sec/batch
INFO:tensorflow:Step: 1072, Loss: 4.922923, time: 1.259 sec/batch
INFO:tensorflow:Step: 1076, Loss: 4.821477, time: 1.254 sec/batch
INFO:tensorflow:Step: 1080, Loss: 4.901250, time: 1.297 sec/batch
INFO:tensorflow:Step: 1084, Loss: 4.954257, time: 1.453 sec/batch
INFO:tensorflow:Step: 1088, Loss: 5.116874, time: 1.298 sec/batch
INFO:tensorflow:Step: 1092, Loss: 4.905730, time: 1.316 sec/batch
INFO:tensorflow:Step: 1096, Loss: 4.834257, time: 1.256 sec/batch
INFO:tensorflow:Step: 1100, Loss: 5.206849, time: 1.307 sec/batch
INFO:tensorflow:Step: 1103, Loss: 5.020387, time: 1.166 sec/batch
INFO:tensorflow:Step: 1107, Loss: 4.918282, time: 1.281 sec/batch
INFO:tensorflow:Step: 1111, Loss: 5.019878, time: 1.296 sec/batch
INFO:tensorflow:Step: 1115, Loss: 4.841522, time: 1.308 sec/batch
INFO:tensorflow:Step: 1119, Loss: 4.998805, time: 1.328 sec/batch
INFO:tensorflow:Step: 1123, Loss: 5.101958, time: 1.209 sec/batch
INFO:tensorflow:Step: 1126, Loss: 4.817467, time: 1.227 sec/batch
INFO:tensorflow:Step: 1130, Loss: 4.903042, time: 1.213 sec/batch
INFO:tensorflow:Step: 1134, Loss: 4.849076, time: 1.304 sec/batch
INFO:tensorflow:Step: 1138, Loss: 4.714849, time: 1.260 sec/batch
INFO:tensorflow:Step: 1142, Loss: 4.849497, time: 1.239 sec/batch
INFO:tensorflow:Step: 1146, Loss: 5.121933, time: 1.155 sec/batch
INFO:tensorflow:Step: 1149, Loss: 4.845098, time: 1.280 sec/batch
INFO:tensorflow:Step: 1153, Loss: 4.935371, time: 1.292 sec/batch
INFO:tensorflow:Step: 1157, Loss: 5.046388, time: 1.270 sec/batch
INFO:tensorflow:Step: 1161, Loss: 4.905056, time: 1.280 sec/batch
INFO:tensorflow:Step: 1165, Loss: 5.067146, time: 1.279 sec/batch
INFO:tensorflow:Step: 1168, Loss: 4.947408, time: 1.311 sec/batch
INFO:tensorflow:Step: 1172, Loss: 5.047538, time: 1.275 sec/batch
INFO:tensorflow:Step: 1176, Loss: 5.079984, time: 1.285 sec/batch
INFO:tensorflow:Step: 1180, Loss: 4.970231, time: 1.188 sec/batch
INFO:tensorflow:Step: 1184, Loss: 5.023291, time: 1.211 sec/batch
INFO:tensorflow:Step: 1188, Loss: 5.071017, time: 1.279 sec/batch
INFO:tensorflow:Step: 1192, Loss: 4.985429, time: 1.379 sec/batch
INFO:tensorflow:Step: 1196, Loss: 5.036013, time: 1.279 sec/batch
INFO:tensorflow:Step: 1200, Loss: 4.877339, time: 1.374 sec/batch
INFO:tensorflow:Step: 1204, Loss: 5.028611, time: 1.280 sec/batch
INFO:tensorflow:Step: 1208, Loss: 5.179001, time: 1.273 sec/batch
INFO:tensorflow:Step: 1212, Loss: 4.860910, time: 1.303 sec/batch
INFO:tensorflow:Step: 1216, Loss: 4.856591, time: 1.272 sec/batch
INFO:tensorflow:Step: 1220, Loss: 4.848986, time: 1.210 sec/batch
INFO:tensorflow:Step: 1223, Loss: 5.081923, time: 1.284 sec/batch
INFO:tensorflow:Step: 1227, Loss: 4.735405, time: 1.313 sec/batch
INFO:tensorflow:Step: 1231, Loss: 4.899061, time: 1.246 sec/batch
INFO:tensorflow:Step: 1235, Loss: 5.136133, time: 1.305 sec/batch
INFO:tensorflow:Step: 1239, Loss: 4.946412, time: 1.261 sec/batch
INFO:tensorflow:Step: 1243, Loss: 5.110554, time: 1.253 sec/batch
INFO:tensorflow:Step: 1247, Loss: 4.931850, time: 1.226 sec/batch
INFO:tensorflow:Step: 1251, Loss: 4.887340, time: 1.286 sec/batch
INFO:tensorflow:Step: 1255, Loss: 4.838680, time: 1.260 sec/batch
INFO:tensorflow:Step: 1258, Loss: 4.983581, time: 1.174 sec/batch
INFO:tensorflow:Step: 1262, Loss: 5.252880, time: 1.279 sec/batch
INFO:tensorflow:Step: 1266, Loss: 4.852942, time: 1.287 sec/batch
INFO:tensorflow:Step: 1270, Loss: 4.905420, time: 1.254 sec/batch
INFO:tensorflow:Step: 1274, Loss: 4.958895, time: 1.463 sec/batch
INFO:tensorflow:Step: 1278, Loss: 4.671092, time: 1.279 sec/batch
INFO:tensorflow:Step: 1282, Loss: 4.863124, time: 1.208 sec/batch
INFO:tensorflow:Step: 1286, Loss: 4.917432, time: 1.255 sec/batch
INFO:tensorflow:Step: 1290, Loss: 4.927732, time: 1.132 sec/batch
INFO:tensorflow:Step: 1294, Loss: 4.826885, time: 1.248 sec/batch
INFO:tensorflow:Step: 1298, Loss: 4.857625, time: 1.270 sec/batch
INFO:tensorflow:Step: 1302, Loss: 4.926513, time: 1.235 sec/batch
INFO:tensorflow:Step: 1306, Loss: 5.019171, time: 1.249 sec/batch
INFO:tensorflow:Step: 1310, Loss: 5.009008, time: 1.351 sec/batch
INFO:tensorflow:Step: 1314, Loss: 4.961482, time: 1.310 sec/batch
INFO:tensorflow:Step: 1318, Loss: 4.956779, time: 1.339 sec/batch
INFO:tensorflow:Step: 1322, Loss: 5.063353, time: 1.368 sec/batch
INFO:tensorflow:Step: 1325, Loss: 5.039229, time: 1.235 sec/batch
INFO:tensorflow:Step: 1328, Loss: 4.896141, time: 1.218 sec/batch
INFO:tensorflow:Step: 1332, Loss: 5.037979, time: 1.227 sec/batch
INFO:tensorflow:Step: 1336, Loss: 5.042187, time: 1.183 sec/batch
INFO:tensorflow:Step: 1340, Loss: 5.033444, time: 1.158 sec/batch
INFO:tensorflow:global_step/sec: 3.02324
INFO:tensorflow:Step: 1344, Loss: 5.159491, time: 1.267 sec/batch
INFO:tensorflow:Step: 1348, Loss: 4.912948, time: 1.129 sec/batch
INFO:tensorflow:Step: 1352, Loss: 5.012046, time: 1.281 sec/batch
INFO:tensorflow:Step: 1356, Loss: 4.842846, time: 1.275 sec/batch
INFO:tensorflow:Step: 1360, Loss: 4.820899, time: 1.250 sec/batch
INFO:tensorflow:Step: 1364, Loss: 5.015160, time: 1.398 sec/batch
INFO:tensorflow:Step: 1368, Loss: 5.055215, time: 1.277 sec/batch
INFO:tensorflow:Step: 1371, Loss: 5.021507, time: 1.251 sec/batch
INFO:tensorflow:Step: 1375, Loss: 4.938043, time: 1.356 sec/batch
INFO:tensorflow:Step: 1379, Loss: 4.912897, time: 1.234 sec/batch
INFO:tensorflow:Step: 1383, Loss: 4.958729, time: 1.361 sec/batch
INFO:tensorflow:Step: 1387, Loss: 5.047538, time: 1.338 sec/batch
INFO:tensorflow:Step: 1391, Loss: 4.937403, time: 1.236 sec/batch
INFO:tensorflow:Step: 1395, Loss: 4.944522, time: 1.193 sec/batch
INFO:tensorflow:Step: 1399, Loss: 4.973083, time: 1.276 sec/batch
INFO:tensorflow:Step: 1403, Loss: 4.964807, time: 1.431 sec/batch
INFO:tensorflow:Step: 1406, Loss: 4.820338, time: 1.319 sec/batch
INFO:tensorflow:Step: 1410, Loss: 4.720154, time: 1.288 sec/batch
INFO:tensorflow:Step: 1414, Loss: 5.078471, time: 1.327 sec/batch
INFO:tensorflow:Step: 1418, Loss: 4.924586, time: 1.309 sec/batch
INFO:tensorflow:Step: 1422, Loss: 4.913923, time: 1.271 sec/batch
INFO:tensorflow:Step: 1425, Loss: 4.811268, time: 1.267 sec/batch
INFO:tensorflow:Step: 1429, Loss: 4.947061, time: 1.298 sec/batch
INFO:tensorflow:Step: 1433, Loss: 4.791114, time: 1.280 sec/batch
INFO:tensorflow:Step: 1437, Loss: 5.012185, time: 1.250 sec/batch
INFO:tensorflow:Step: 1441, Loss: 4.932877, time: 1.258 sec/batch
INFO:tensorflow:Step: 1445, Loss: 4.931232, time: 1.248 sec/batch
INFO:tensorflow:Step: 1449, Loss: 4.989382, time: 1.231 sec/batch
INFO:tensorflow:Step: 1453, Loss: 4.760242, time: 1.211 sec/batch
INFO:tensorflow:Step: 1457, Loss: 4.936145, time: 1.371 sec/batch
INFO:tensorflow:Step: 1460, Loss: 4.835530, time: 1.235 sec/batch
INFO:tensorflow:Step: 1464, Loss: 4.939095, time: 1.212 sec/batch
INFO:tensorflow:Step: 1467, Loss: 4.698969, time: 1.227 sec/batch
INFO:tensorflow:Step: 1471, Loss: 4.994030, time: 1.300 sec/batch
INFO:tensorflow:Step: 1475, Loss: 5.150538, time: 1.220 sec/batch
INFO:tensorflow:Step: 1479, Loss: 4.997060, time: 1.241 sec/batch
INFO:tensorflow:Step: 1483, Loss: 4.837238, time: 1.193 sec/batch
INFO:tensorflow:Step: 1487, Loss: 5.213846, time: 1.186 sec/batch
INFO:tensorflow:Step: 1491, Loss: 4.953150, time: 1.245 sec/batch
INFO:tensorflow:Step: 1495, Loss: 4.974823, time: 1.517 sec/batch
INFO:tensorflow:Step: 1499, Loss: 5.038129, time: 1.290 sec/batch
INFO:tensorflow:Step: 1503, Loss: 5.039194, time: 1.245 sec/batch
INFO:tensorflow:Step: 1507, Loss: 5.110524, time: 1.282 sec/batch
INFO:tensorflow:Step: 1511, Loss: 5.051105, time: 1.377 sec/batch
INFO:tensorflow:Step: 1514, Loss: 4.751003, time: 1.309 sec/batch
INFO:tensorflow:Step: 1518, Loss: 5.004088, time: 1.272 sec/batch
INFO:tensorflow:Step: 1522, Loss: 4.975144, time: 1.320 sec/batch
INFO:tensorflow:Step: 1526, Loss: 4.967047, time: 1.388 sec/batch
INFO:tensorflow:Step: 1529, Loss: 4.888909, time: 1.430 sec/batch
INFO:tensorflow:Step: 1533, Loss: 5.107850, time: 1.464 sec/batch
INFO:tensorflow:Step: 1538, Loss: 4.841601, time: 1.360 sec/batch
INFO:tensorflow:Step: 1542, Loss: 4.971510, time: 1.273 sec/batch
INFO:tensorflow:Step: 1545, Loss: 4.830000, time: 1.274 sec/batch
INFO:tensorflow:Step: 1549, Loss: 4.951664, time: 1.260 sec/batch
INFO:tensorflow:Step: 1553, Loss: 4.865799, time: 1.247 sec/batch
INFO:tensorflow:Step: 1557, Loss: 4.823302, time: 1.279 sec/batch
INFO:tensorflow:Step: 1561, Loss: 4.866119, time: 1.283 sec/batch
INFO:tensorflow:Step: 1565, Loss: 5.105457, time: 1.259 sec/batch
INFO:tensorflow:Step: 1569, Loss: 5.030191, time: 1.313 sec/batch
INFO:tensorflow:Step: 1573, Loss: 5.030608, time: 1.190 sec/batch
INFO:tensorflow:Step: 1577, Loss: 5.036158, time: 1.185 sec/batch
INFO:tensorflow:Step: 1580, Loss: 4.675141, time: 1.275 sec/batch
INFO:tensorflow:Step: 1584, Loss: 4.749713, time: 1.146 sec/batch
INFO:tensorflow:Step: 1588, Loss: 4.906757, time: 1.247 sec/batch
INFO:tensorflow:Step: 1592, Loss: 5.000047, time: 1.290 sec/batch
INFO:tensorflow:Step: 1595, Loss: 5.158190, time: 1.137 sec/batch
INFO:tensorflow:Step: 1599, Loss: 4.872197, time: 1.367 sec/batch
INFO:tensorflow:Step: 1603, Loss: 4.931773, time: 1.513 sec/batch
INFO:tensorflow:Step: 1607, Loss: 5.090360, time: 1.328 sec/batch
INFO:tensorflow:Step: 1611, Loss: 4.900228, time: 1.269 sec/batch
INFO:tensorflow:Step: 1615, Loss: 4.677776, time: 1.224 sec/batch
INFO:tensorflow:Step: 1619, Loss: 4.971353, time: 1.288 sec/batch
INFO:tensorflow:Step: 1622, Loss: 4.719354, time: 1.168 sec/batch
INFO:tensorflow:Step: 1626, Loss: 4.801868, time: 1.272 sec/batch
INFO:tensorflow:Step: 1629, Loss: 4.818307, time: 1.278 sec/batch
INFO:tensorflow:Step: 1633, Loss: 4.948769, time: 1.281 sec/batch
INFO:tensorflow:Step: 1637, Loss: 4.858749, time: 1.148 sec/batch
INFO:tensorflow:Step: 1641, Loss: 4.696258, time: 1.216 sec/batch
INFO:tensorflow:Step: 1645, Loss: 4.891764, time: 1.193 sec/batch
INFO:tensorflow:Step: 1649, Loss: 4.874716, time: 1.254 sec/batch
INFO:tensorflow:Step: 1653, Loss: 4.873044, time: 1.199 sec/batch
INFO:tensorflow:Step: 1656, Loss: 4.774436, time: 1.196 sec/batch
INFO:tensorflow:Step: 1660, Loss: 4.890754, time: 1.218 sec/batch
INFO:tensorflow:Step: 1664, Loss: 5.075047, time: 1.304 sec/batch
INFO:tensorflow:Step: 1668, Loss: 4.911343, time: 1.287 sec/batch
INFO:tensorflow:Step: 1672, Loss: 4.951721, time: 1.290 sec/batch
INFO:tensorflow:Step: 1676, Loss: 4.927446, time: 1.274 sec/batch
INFO:tensorflow:Step: 1680, Loss: 4.777725, time: 1.288 sec/batch
INFO:tensorflow:Step: 1684, Loss: 4.953588, time: 1.282 sec/batch
INFO:tensorflow:Step: 1688, Loss: 4.847318, time: 1.298 sec/batch
INFO:tensorflow:Step: 1692, Loss: 4.794801, time: 1.255 sec/batch
INFO:tensorflow:Step: 1695, Loss: 4.950037, time: 1.297 sec/batch
INFO:tensorflow:Step: 1699, Loss: 4.968053, time: 1.268 sec/batch
INFO:tensorflow:Step: 1703, Loss: 4.851980, time: 1.263 sec/batch
INFO:tensorflow:global_step/sec: 3.0166
INFO:tensorflow:Step: 1707, Loss: 4.952644, time: 1.154 sec/batch
INFO:tensorflow:Step: 1711, Loss: 4.993639, time: 1.273 sec/batch
INFO:tensorflow:Step: 1715, Loss: 5.133512, time: 1.325 sec/batch
INFO:tensorflow:Step: 1719, Loss: 4.852379, time: 1.310 sec/batch
INFO:tensorflow:Step: 1722, Loss: 4.873396, time: 1.324 sec/batch
INFO:tensorflow:Step: 1726, Loss: 5.184057, time: 1.278 sec/batch
INFO:tensorflow:Step: 1730, Loss: 5.330393, time: 1.333 sec/batch
INFO:tensorflow:Step: 1734, Loss: 5.122177, time: 1.254 sec/batch
INFO:tensorflow:Step: 1738, Loss: 4.985701, time: 1.328 sec/batch
INFO:tensorflow:Step: 1742, Loss: 5.060180, time: 1.265 sec/batch
INFO:tensorflow:Step: 1746, Loss: 5.042930, time: 1.338 sec/batch
INFO:tensorflow:Step: 1750, Loss: 4.732048, time: 1.148 sec/batch
INFO:tensorflow:Step: 1754, Loss: 5.124796, time: 1.229 sec/batch
INFO:tensorflow:Step: 1758, Loss: 4.867774, time: 1.323 sec/batch
INFO:tensorflow:Step: 1762, Loss: 4.743621, time: 1.263 sec/batch
INFO:tensorflow:Step: 1766, Loss: 5.092743, time: 1.381 sec/batch
INFO:tensorflow:Step: 1770, Loss: 4.959747, time: 1.354 sec/batch
INFO:tensorflow:Step: 1774, Loss: 4.677170, time: 1.292 sec/batch
INFO:tensorflow:Step: 1778, Loss: 4.830693, time: 1.316 sec/batch
INFO:tensorflow:Step: 1782, Loss: 5.020857, time: 1.216 sec/batch
INFO:tensorflow:Step: 1786, Loss: 5.031368, time: 1.327 sec/batch
INFO:tensorflow:Step: 1790, Loss: 4.965865, time: 1.204 sec/batch
INFO:tensorflow:Step: 1793, Loss: 4.867463, time: 1.243 sec/batch
INFO:tensorflow:Step: 1797, Loss: 4.987400, time: 1.294 sec/batch
INFO:tensorflow:Step: 1800, Loss: 4.718279, time: 1.198 sec/batch
INFO:tensorflow:Step: 1804, Loss: 4.876432, time: 1.212 sec/batch
INFO:tensorflow:Step: 1808, Loss: 4.834282, time: 1.253 sec/batch
INFO:tensorflow:Step: 1812, Loss: 4.834159, time: 1.263 sec/batch
INFO:tensorflow:Step: 1816, Loss: 4.894321, time: 1.226 sec/batch
INFO:tensorflow:Step: 1820, Loss: 4.973501, time: 1.321 sec/batch
INFO:tensorflow:Step: 1824, Loss: 4.788949, time: 1.281 sec/batch
INFO:tensorflow:Step: 1828, Loss: 4.952015, time: 1.303 sec/batch
INFO:tensorflow:Step: 1832, Loss: 4.799446, time: 1.250 sec/batch
INFO:tensorflow:Step: 1836, Loss: 4.892823, time: 1.302 sec/batch
INFO:tensorflow:Step: 1840, Loss: 5.137827, time: 1.266 sec/batch
INFO:tensorflow:Step: 1844, Loss: 5.058483, time: 1.222 sec/batch
INFO:tensorflow:Step: 1847, Loss: 4.918633, time: 1.269 sec/batch
INFO:tensorflow:Step: 1851, Loss: 4.913773, time: 1.310 sec/batch
INFO:tensorflow:Step: 1855, Loss: 4.953836, time: 1.299 sec/batch
INFO:tensorflow:Step: 1859, Loss: 4.964782, time: 1.295 sec/batch
INFO:tensorflow:Step: 1863, Loss: 4.828766, time: 1.299 sec/batch
INFO:tensorflow:Step: 1867, Loss: 5.052711, time: 1.170 sec/batch
INFO:tensorflow:Step: 1871, Loss: 4.971643, time: 1.191 sec/batch
INFO:tensorflow:Step: 1875, Loss: 4.868394, time: 1.271 sec/batch
INFO:tensorflow:Step: 1878, Loss: 4.776975, time: 1.195 sec/batch
INFO:tensorflow:Step: 1882, Loss: 4.968277, time: 1.204 sec/batch
INFO:tensorflow:Step: 1886, Loss: 4.797542, time: 1.204 sec/batch
INFO:tensorflow:Step: 1890, Loss: 4.804171, time: 1.138 sec/batch
INFO:tensorflow:Step: 1894, Loss: 5.053929, time: 1.311 sec/batch
INFO:tensorflow:Step: 1898, Loss: 4.882919, time: 1.420 sec/batch
INFO:tensorflow:Step: 1902, Loss: 4.948959, time: 1.269 sec/batch
INFO:tensorflow:Step: 1906, Loss: 4.779859, time: 1.267 sec/batch
INFO:tensorflow:Step: 1910, Loss: 4.982735, time: 1.314 sec/batch
INFO:tensorflow:Step: 1913, Loss: 4.790543, time: 1.268 sec/batch
INFO:tensorflow:Step: 1917, Loss: 4.834879, time: 1.259 sec/batch
INFO:tensorflow:Step: 1921, Loss: 4.893159, time: 1.257 sec/batch
INFO:tensorflow:Step: 1925, Loss: 4.839415, time: 1.198 sec/batch
INFO:tensorflow:Step: 1929, Loss: 4.829145, time: 1.220 sec/batch
INFO:tensorflow:Step: 1933, Loss: 4.843404, time: 1.367 sec/batch
INFO:tensorflow:Step: 1937, Loss: 4.988199, time: 1.296 sec/batch
INFO:tensorflow:Step: 1941, Loss: 4.896554, time: 1.232 sec/batch
INFO:tensorflow:Step: 1944, Loss: 5.032969, time: 1.292 sec/batch
INFO:tensorflow:Step: 1948, Loss: 4.936423, time: 1.257 sec/batch
INFO:tensorflow:Step: 1952, Loss: 4.817179, time: 1.262 sec/batch
INFO:tensorflow:Step: 1956, Loss: 4.841111, time: 1.272 sec/batch
INFO:tensorflow:Step: 1960, Loss: 5.141120, time: 1.183 sec/batch
INFO:tensorflow:Step: 1964, Loss: 4.855511, time: 1.295 sec/batch
INFO:tensorflow:Step: 1968, Loss: 4.799531, time: 1.358 sec/batch
INFO:tensorflow:Step: 1971, Loss: 4.874858, time: 1.276 sec/batch
INFO:tensorflow:Step: 1975, Loss: 5.051437, time: 1.235 sec/batch
INFO:tensorflow:Step: 1979, Loss: 4.927221, time: 1.173 sec/batch
INFO:tensorflow:Step: 1982, Loss: 4.699257, time: 1.316 sec/batch
INFO:tensorflow:Step: 1986, Loss: 4.797591, time: 1.529 sec/batch
INFO:tensorflow:Step: 1990, Loss: 4.847320, time: 1.242 sec/batch
INFO:tensorflow:Step: 1994, Loss: 4.730831, time: 1.214 sec/batch
INFO:tensorflow:Step: 1998, Loss: 4.965486, time: 1.290 sec/batch
INFO:tensorflow:Step: 2002, Loss: 5.053325, time: 1.237 sec/batch
INFO:tensorflow:Step: 2006, Loss: 4.791169, time: 1.201 sec/batch
INFO:tensorflow:Step: 2010, Loss: 4.918459, time: 1.267 sec/batch
INFO:tensorflow:Step: 2014, Loss: 4.921859, time: 1.198 sec/batch
INFO:tensorflow:Step: 2018, Loss: 4.934710, time: 1.181 sec/batch
INFO:tensorflow:Step: 2022, Loss: 4.844832, time: 1.270 sec/batch
INFO:tensorflow:Step: 2025, Loss: 4.776774, time: 1.225 sec/batch
INFO:tensorflow:Step: 2029, Loss: 4.986037, time: 1.348 sec/batch
INFO:tensorflow:Step: 2033, Loss: 4.924731, time: 1.235 sec/batch
INFO:tensorflow:Step: 2037, Loss: 4.995060, time: 1.241 sec/batch
INFO:tensorflow:Step: 2041, Loss: 4.946791, time: 1.181 sec/batch
INFO:tensorflow:Step: 2044, Loss: 5.115984, time: 1.287 sec/batch
INFO:tensorflow:Step: 2048, Loss: 4.908327, time: 1.235 sec/batch
INFO:tensorflow:Step: 2052, Loss: 4.778626, time: 1.223 sec/batch
INFO:tensorflow:Step: 2056, Loss: 4.738680, time: 1.217 sec/batch
INFO:tensorflow:Step: 2060, Loss: 4.934703, time: 1.214 sec/batch
INFO:tensorflow:Step: 2064, Loss: 4.907072, time: 1.300 sec/batch
INFO:tensorflow:Step: 2068, Loss: 4.981960, time: 1.246 sec/batch
INFO:tensorflow:global_step/sec: 3.0715
INFO:tensorflow:Step: 2072, Loss: 4.852743, time: 1.211 sec/batch
INFO:tensorflow:Step: 2075, Loss: 5.008718, time: 1.230 sec/batch
INFO:tensorflow:Step: 2079, Loss: 4.830022, time: 1.252 sec/batch
INFO:tensorflow:Step: 2083, Loss: 5.086800, time: 1.279 sec/batch
INFO:tensorflow:Step: 2087, Loss: 4.917488, time: 1.201 sec/batch
INFO:tensorflow:Step: 2091, Loss: 4.874424, time: 1.318 sec/batch
INFO:tensorflow:Step: 2095, Loss: 4.741228, time: 1.273 sec/batch
INFO:tensorflow:Step: 2099, Loss: 4.973681, time: 1.446 sec/batch
INFO:tensorflow:Step: 2103, Loss: 4.701073, time: 1.287 sec/batch
INFO:tensorflow:Step: 2107, Loss: 4.782475, time: 1.267 sec/batch
INFO:tensorflow:Step: 2110, Loss: 4.873539, time: 1.346 sec/batch
INFO:tensorflow:Step: 2114, Loss: 4.998455, time: 1.371 sec/batch
INFO:tensorflow:Step: 2118, Loss: 4.818022, time: 1.302 sec/batch
INFO:tensorflow:Step: 2121, Loss: 5.040565, time: 1.694 sec/batch
INFO:tensorflow:Step: 2126, Loss: 5.021703, time: 1.693 sec/batch
INFO:tensorflow:Step: 2129, Loss: 4.823531, time: 1.233 sec/batch
INFO:tensorflow:Step: 2133, Loss: 5.061104, time: 1.247 sec/batch
INFO:tensorflow:Step: 2137, Loss: 5.036548, time: 1.358 sec/batch
INFO:tensorflow:Step: 2141, Loss: 4.871548, time: 1.322 sec/batch
INFO:tensorflow:Step: 2145, Loss: 4.887535, time: 1.251 sec/batch
INFO:tensorflow:Step: 2149, Loss: 4.863163, time: 1.304 sec/batch
INFO:tensorflow:Step: 2153, Loss: 4.760747, time: 1.263 sec/batch
INFO:tensorflow:Step: 2157, Loss: 4.924109, time: 1.147 sec/batch
INFO:tensorflow:Step: 2161, Loss: 4.803471, time: 1.277 sec/batch
INFO:tensorflow:Step: 2165, Loss: 4.975225, time: 1.229 sec/batch
INFO:tensorflow:Step: 2168, Loss: 4.925815, time: 1.250 sec/batch
INFO:tensorflow:Step: 2172, Loss: 4.950783, time: 1.253 sec/batch
INFO:tensorflow:Step: 2176, Loss: 4.883173, time: 1.421 sec/batch
INFO:tensorflow:Step: 2180, Loss: 4.931337, time: 1.552 sec/batch
INFO:tensorflow:Step: 2185, Loss: 4.715932, time: 1.315 sec/batch
INFO:tensorflow:Step: 2189, Loss: 4.638989, time: 1.294 sec/batch
INFO:tensorflow:Step: 2193, Loss: 4.762949, time: 1.277 sec/batch
INFO:tensorflow:Step: 2197, Loss: 4.896262, time: 1.193 sec/batch
INFO:tensorflow:Step: 2200, Loss: 4.934354, time: 1.225 sec/batch
INFO:tensorflow:Step: 2204, Loss: 4.704369, time: 1.367 sec/batch
INFO:tensorflow:Step: 2208, Loss: 4.896140, time: 1.252 sec/batch
INFO:tensorflow:Step: 2211, Loss: 4.753969, time: 1.262 sec/batch
INFO:tensorflow:Step: 2215, Loss: 5.021241, time: 1.217 sec/batch
run-expr-4node.sh: line 21:  7914 Terminated              CUDA_VISIBLE_DEVICES=$1 bazel-bin/inception/imagenet_distributed_train --batch_size=64 --data_dir=/lfs/local/0/daniter/imagenet-8-$2 --job_name='worker' --task_id=$2 --ps_hosts='raiders1:2228' --worker_hosts='raiders1:2200,raiders1:2201,raiders3:2209,raiders3:2210' --initial_learning_rate=$3 --momentum=$4 --sync=$5
