DISPLAY "(null)" invalid; disabling X11 forwarding
INFO:tensorflow:PS hosts are: ['raiders1:2200']
INFO:tensorflow:Worker hosts are: ['raiders1:2201', 'raiders1:2202', 'raiders1:2203', 'raiders1:2204', 'raiders1:2205', 'raiders1:2206', 'raiders1:2207', 'raiders1:2208', 'raiders1:2209', 'raiders1:2210', 'raiders1:2211', 'raiders3:2212', 'raiders3:2213', 'raiders3:2214', 'raiders3:2215', 'raiders3:2216', 'raiders3:2217', 'raiders3:2218', 'raiders3:2219', 'raiders3:2220', 'raiders3:2221', 'raiders3:2222', 'raiders8:2223', 'raiders8:2224', 'raiders8:2225', 'raiders8:2226', 'raiders8:2227', 'raiders8:2228', 'raiders8:2228', 'raiders8:2230', 'raiders8:2231', 'raiders8:2232']
I tensorflow/core/distributed_runtime/rpc/grpc_channel.cc:206] Initialize HostPortsGrpcChannelCache for job ps -> {raiders1:2200}
I tensorflow/core/distributed_runtime/rpc/grpc_channel.cc:206] Initialize HostPortsGrpcChannelCache for job worker -> {raiders1:2201, raiders1:2202, raiders1:2203, raiders1:2204, raiders1:2205, raiders1:2206, raiders1:2207, raiders1:2208, raiders1:2209, raiders1:2210, raiders1:2211, raiders3:2212, raiders3:2213, raiders3:2214, raiders3:2215, raiders3:2216, raiders3:2217, localhost:2218, raiders3:2219, raiders3:2220, raiders3:2221, raiders3:2222, raiders8:2223, raiders8:2224, raiders8:2225, raiders8:2226, raiders8:2227, raiders8:2228, raiders8:2228, raiders8:2230, raiders8:2231, raiders8:2232}
I tensorflow/core/distributed_runtime/rpc/grpc_server_lib.cc:202] Started server with target: grpc://localhost:2218
INFO:tensorflow:Learning rate: 0.010000, momentum: 0.300000
INFO:tensorflow:Sync mode!!!!!!
INFO:tensorflow:Compute groups : 16
INFO:tensorflow:SyncReplicas enabled: replicas_to_aggregate=32; total_num_replicas=32
INFO:tensorflow:Num nodes per compute groups: 2
INFO:tensorflow:Tokens per step: 2
INFO:tensorflow:2016-07-22 19:29:08.875439 Supervisor
INFO:tensorflow:got sessions! 2016-07-22 19:29:24.457915 
INFO:tensorflow:Started 3 queues for processing input data.
INFO:tensorflow:Thank you, we're starting 2016-07-22 19:30:03.084814
INFO:tensorflow:starting round: 2016-07-22 19:30:03.085196
I tensorflow/core/kernels/logging_ops.cc:79] aux_logits:[0]
I tensorflow/core/kernels/logging_ops.cc:79] cross_entropy_loss[0]
I tensorflow/core/kernels/logging_ops.cc:79] logits:[0]
I tensorflow/core/kernels/logging_ops.cc:79] cross_entropy_loss[0]
INFO:tensorflow:Step: 399, Loss: 5.912745, time: 24.966 sec/batch
INFO:tensorflow:starting round: 2016-07-22 19:30:28.051585
I tensorflow/core/kernels/logging_ops.cc:79] aux_logits:[0]
I tensorflow/core/kernels/logging_ops.cc:79] cross_entropy_loss[0]
I tensorflow/core/kernels/logging_ops.cc:79] logits:[0]
I tensorflow/core/kernels/logging_ops.cc:79] cross_entropy_loss[0]
INFO:tensorflow:Step: 399, Loss: 4.842689, time: 45.164 sec/batch
INFO:tensorflow:starting round: 2016-07-22 19:31:13.217123
I tensorflow/core/kernels/logging_ops.cc:79] aux_logits:[0]
I tensorflow/core/kernels/logging_ops.cc:79] cross_entropy_loss[0]
I tensorflow/core/kernels/logging_ops.cc:79] logits:[0]
I tensorflow/core/kernels/logging_ops.cc:79] cross_entropy_loss[0]
INFO:tensorflow:Step: 414, Loss: 5.663562, time: 63.250 sec/batch
INFO:tensorflow:starting round: 2016-07-22 19:32:16.469401
I tensorflow/core/kernels/logging_ops.cc:79] aux_logits:[0]
I tensorflow/core/kernels/logging_ops.cc:79] cross_entropy_loss[0]
I tensorflow/core/kernels/logging_ops.cc:79] logits:[0]
I tensorflow/core/kernels/logging_ops.cc:79] cross_entropy_loss[0]
INFO:tensorflow:Step: 433, Loss: 6.420403, time: 59.199 sec/batch
INFO:tensorflow:starting round: 2016-07-22 19:33:15.670140
I tensorflow/core/kernels/logging_ops.cc:79] aux_logits:[0]
I tensorflow/core/kernels/logging_ops.cc:79] cross_entropy_loss[0]
I tensorflow/core/kernels/logging_ops.cc:79] logits:[0]
I tensorflow/core/kernels/logging_ops.cc:79] cross_entropy_loss[0]
INFO:tensorflow:Step: 454, Loss: 7.805549, time: 50.056 sec/batch
INFO:tensorflow:starting round: 2016-07-22 19:34:05.727141
I tensorflow/core/kernels/logging_ops.cc:79] aux_logits:[0]
I tensorflow/core/kernels/logging_ops.cc:79] cross_entropy_loss[0]
I tensorflow/core/kernels/logging_ops.cc:79] logits:[0]
I tensorflow/core/kernels/logging_ops.cc:79] cross_entropy_loss[0]
INFO:tensorflow:Step: 467, Loss: 6.814098, time: 51.775 sec/batch
INFO:tensorflow:starting round: 2016-07-22 19:34:57.504516
I tensorflow/core/kernels/logging_ops.cc:79] aux_logits:[0]
I tensorflow/core/kernels/logging_ops.cc:79] cross_entropy_loss[0]
I tensorflow/core/kernels/logging_ops.cc:79] logits:[0]
I tensorflow/core/kernels/logging_ops.cc:79] cross_entropy_loss[0]
INFO:tensorflow:Step: 486, Loss: 6.010117, time: 49.572 sec/batch
INFO:tensorflow:starting round: 2016-07-22 19:35:47.078223
I tensorflow/core/kernels/logging_ops.cc:79] aux_logits:[0]
I tensorflow/core/kernels/logging_ops.cc:79] cross_entropy_loss[0]
I tensorflow/core/kernels/logging_ops.cc:79] logits:[0]
I tensorflow/core/kernels/logging_ops.cc:79] cross_entropy_loss[0]
INFO:tensorflow:Step: 505, Loss: 5.612664, time: 46.610 sec/batch
INFO:tensorflow:starting round: 2016-07-22 19:36:33.693824
I tensorflow/core/kernels/logging_ops.cc:79] aux_logits:[0]
I tensorflow/core/kernels/logging_ops.cc:79] cross_entropy_loss[0]
I tensorflow/core/kernels/logging_ops.cc:79] logits:[0]
I tensorflow/core/kernels/logging_ops.cc:79] cross_entropy_loss[0]
INFO:tensorflow:Step: 525, Loss: 4.873765, time: 43.460 sec/batch
INFO:tensorflow:starting round: 2016-07-22 19:37:17.156782
I tensorflow/core/kernels/logging_ops.cc:79] aux_logits:[0]
I tensorflow/core/kernels/logging_ops.cc:79] cross_entropy_loss[0]
I tensorflow/core/kernels/logging_ops.cc:79] logits:[0]
I tensorflow/core/kernels/logging_ops.cc:79] cross_entropy_loss[0]
INFO:tensorflow:Step: 544, Loss: 5.864573, time: 42.961 sec/batch
INFO:tensorflow:starting round: 2016-07-22 19:38:00.118697
I tensorflow/core/kernels/logging_ops.cc:79] aux_logits:[0]
I tensorflow/core/kernels/logging_ops.cc:79] cross_entropy_loss[0]
I tensorflow/core/kernels/logging_ops.cc:79] logits:[0]
I tensorflow/core/kernels/logging_ops.cc:79] cross_entropy_loss[0]
INFO:tensorflow:Step: 563, Loss: 6.257696, time: 44.496 sec/batch
INFO:tensorflow:starting round: 2016-07-22 19:38:44.615615
I tensorflow/core/kernels/logging_ops.cc:79] aux_logits:[0]
I tensorflow/core/kernels/logging_ops.cc:79] cross_entropy_loss[0]
I tensorflow/core/kernels/logging_ops.cc:79] logits:[0]
I tensorflow/core/kernels/logging_ops.cc:79] cross_entropy_loss[0]
INFO:tensorflow:Step: 582, Loss: 5.101377, time: 40.618 sec/batch
INFO:tensorflow:starting round: 2016-07-22 19:39:25.234380
I tensorflow/core/kernels/logging_ops.cc:79] aux_logits:[0]
I tensorflow/core/kernels/logging_ops.cc:79] cross_entropy_loss[0]
I tensorflow/core/kernels/logging_ops.cc:79] logits:[0]
I tensorflow/core/kernels/logging_ops.cc:79] cross_entropy_loss[0]
INFO:tensorflow:Step: 599, Loss: 6.877881, time: 39.380 sec/batch
INFO:tensorflow:starting round: 2016-07-22 19:40:04.615174
I tensorflow/core/kernels/logging_ops.cc:79] aux_logits:[0]
I tensorflow/core/kernels/logging_ops.cc:79] cross_entropy_loss[0]
I tensorflow/core/kernels/logging_ops.cc:79] logits:[0]
I tensorflow/core/kernels/logging_ops.cc:79] cross_entropy_loss[0]
INFO:tensorflow:Step: 617, Loss: 5.408495, time: 37.580 sec/batch
INFO:tensorflow:starting round: 2016-07-22 19:40:42.197693
I tensorflow/core/kernels/logging_ops.cc:79] aux_logits:[0]
I tensorflow/core/kernels/logging_ops.cc:79] cross_entropy_loss[0]
I tensorflow/core/kernels/logging_ops.cc:79] logits:[0]
I tensorflow/core/kernels/logging_ops.cc:79] cross_entropy_loss[0]
INFO:tensorflow:Step: 636, Loss: 6.535505, time: 40.782 sec/batch
INFO:tensorflow:starting round: 2016-07-22 19:41:22.980740
I tensorflow/core/kernels/logging_ops.cc:79] aux_logits:[0]
I tensorflow/core/kernels/logging_ops.cc:79] cross_entropy_loss[0]
I tensorflow/core/kernels/logging_ops.cc:79] logits:[0]
I tensorflow/core/kernels/logging_ops.cc:79] cross_entropy_loss[0]
INFO:tensorflow:Step: 653, Loss: 5.922309, time: 40.421 sec/batch
INFO:tensorflow:starting round: 2016-07-22 19:42:03.407583
I tensorflow/core/kernels/logging_ops.cc:79] aux_logits:[0]
I tensorflow/core/kernels/logging_ops.cc:79] cross_entropy_loss[0]
I tensorflow/core/kernels/logging_ops.cc:79] logits:[0]
I tensorflow/core/kernels/logging_ops.cc:79] cross_entropy_loss[0]
INFO:tensorflow:Step: 670, Loss: 5.614956, time: 44.804 sec/batch
INFO:tensorflow:starting round: 2016-07-22 19:42:48.213055
I tensorflow/core/kernels/logging_ops.cc:79] aux_logits:[0]
I tensorflow/core/kernels/logging_ops.cc:79] cross_entropy_loss[0]
I tensorflow/core/kernels/logging_ops.cc:79] logits:[0]
I tensorflow/core/kernels/logging_ops.cc:79] cross_entropy_loss[0]
INFO:tensorflow:Step: 688, Loss: 6.129288, time: 40.860 sec/batch
INFO:tensorflow:starting round: 2016-07-22 19:43:29.074472
I tensorflow/core/kernels/logging_ops.cc:79] aux_logits:[0]
I tensorflow/core/kernels/logging_ops.cc:79] cross_entropy_loss[0]
I tensorflow/core/kernels/logging_ops.cc:79] logits:[0]
I tensorflow/core/kernels/logging_ops.cc:79] cross_entropy_loss[0]
INFO:tensorflow:Step: 705, Loss: 6.434964, time: 46.753 sec/batch
INFO:tensorflow:starting round: 2016-07-22 19:44:15.827942
I tensorflow/core/kernels/logging_ops.cc:79] aux_logits:[0]
I tensorflow/core/kernels/logging_ops.cc:79] cross_entropy_loss[0]
I tensorflow/core/kernels/logging_ops.cc:79] logits:[0]
I tensorflow/core/kernels/logging_ops.cc:79] cross_entropy_loss[0]
INFO:tensorflow:Step: 726, Loss: 6.189201, time: 44.392 sec/batch
INFO:tensorflow:starting round: 2016-07-22 19:45:00.220564
I tensorflow/core/kernels/logging_ops.cc:79] aux_logits:[0]
I tensorflow/core/kernels/logging_ops.cc:79] cross_entropy_loss[0]
I tensorflow/core/kernels/logging_ops.cc:79] logits:[0]
I tensorflow/core/kernels/logging_ops.cc:79] cross_entropy_loss[0]
INFO:tensorflow:Step: 742, Loss: 5.731253, time: 42.012 sec/batch
INFO:tensorflow:starting round: 2016-07-22 19:45:42.233855
I tensorflow/core/kernels/logging_ops.cc:79] aux_logits:[0]
I tensorflow/core/kernels/logging_ops.cc:79] cross_entropy_loss[0]
I tensorflow/core/kernels/logging_ops.cc:79] logits:[0]
I tensorflow/core/kernels/logging_ops.cc:79] cross_entropy_loss[0]
INFO:tensorflow:Step: 757, Loss: 5.996432, time: 42.718 sec/batch
INFO:tensorflow:starting round: 2016-07-22 19:46:24.952820
I tensorflow/core/kernels/logging_ops.cc:79] aux_logits:[0]
I tensorflow/core/kernels/logging_ops.cc:79] cross_entropy_loss[0]
I tensorflow/core/kernels/logging_ops.cc:79] logits:[0]
I tensorflow/core/kernels/logging_ops.cc:79] cross_entropy_loss[0]
INFO:tensorflow:Step: 775, Loss: 7.358646, time: 43.211 sec/batch
INFO:tensorflow:starting round: 2016-07-22 19:47:08.164484
I tensorflow/core/kernels/logging_ops.cc:79] aux_logits:[0]
I tensorflow/core/kernels/logging_ops.cc:79] cross_entropy_loss[0]
I tensorflow/core/kernels/logging_ops.cc:79] logits:[0]
I tensorflow/core/kernels/logging_ops.cc:79] cross_entropy_loss[0]
INFO:tensorflow:Step: 792, Loss: 5.819949, time: 43.995 sec/batch
INFO:tensorflow:starting round: 2016-07-22 19:47:52.160581
I tensorflow/core/kernels/logging_ops.cc:79] aux_logits:[0]
I tensorflow/core/kernels/logging_ops.cc:79] cross_entropy_loss[0]
I tensorflow/core/kernels/logging_ops.cc:79] logits:[0]
I tensorflow/core/kernels/logging_ops.cc:79] cross_entropy_loss[0]
INFO:tensorflow:Step: 811, Loss: 5.982239, time: 40.732 sec/batch
INFO:tensorflow:starting round: 2016-07-22 19:48:32.893339
I tensorflow/core/kernels/logging_ops.cc:79] aux_logits:[0]
I tensorflow/core/kernels/logging_ops.cc:79] cross_entropy_loss[0]
I tensorflow/core/kernels/logging_ops.cc:79] logits:[0]
I tensorflow/core/kernels/logging_ops.cc:79] cross_entropy_loss[0]
INFO:tensorflow:Step: 828, Loss: 6.164606, time: 37.506 sec/batch
INFO:tensorflow:starting round: 2016-07-22 19:49:10.400929
I tensorflow/core/kernels/logging_ops.cc:79] aux_logits:[0]
I tensorflow/core/kernels/logging_ops.cc:79] cross_entropy_loss[0]
I tensorflow/core/kernels/logging_ops.cc:79] logits:[0]
I tensorflow/core/kernels/logging_ops.cc:79] cross_entropy_loss[0]
INFO:tensorflow:Step: 844, Loss: 6.707429, time: 37.896 sec/batch
INFO:tensorflow:starting round: 2016-07-22 19:49:48.300759
I tensorflow/core/kernels/logging_ops.cc:79] aux_logits:[0]
I tensorflow/core/kernels/logging_ops.cc:79] cross_entropy_loss[0]
I tensorflow/core/kernels/logging_ops.cc:79] logits:[0]
I tensorflow/core/kernels/logging_ops.cc:79] cross_entropy_loss[0]
INFO:tensorflow:Step: 861, Loss: 6.030258, time: 39.428 sec/batch
INFO:tensorflow:starting round: 2016-07-22 19:50:27.729748
I tensorflow/core/kernels/logging_ops.cc:79] aux_logits:[0]
I tensorflow/core/kernels/logging_ops.cc:79] cross_entropy_loss[0]
I tensorflow/core/kernels/logging_ops.cc:79] logits:[0]
I tensorflow/core/kernels/logging_ops.cc:79] cross_entropy_loss[0]
INFO:tensorflow:Step: 879, Loss: 5.829834, time: 39.131 sec/batch
INFO:tensorflow:starting round: 2016-07-22 19:51:06.861986
I tensorflow/core/kernels/logging_ops.cc:79] aux_logits:[0]
I tensorflow/core/kernels/logging_ops.cc:79] cross_entropy_loss[0]
I tensorflow/core/kernels/logging_ops.cc:79] logits:[0]
I tensorflow/core/kernels/logging_ops.cc:79] cross_entropy_loss[0]
INFO:tensorflow:Step: 897, Loss: 5.937804, time: 37.386 sec/batch
INFO:tensorflow:starting round: 2016-07-22 19:51:44.251365
I tensorflow/core/kernels/logging_ops.cc:79] aux_logits:[0]
I tensorflow/core/kernels/logging_ops.cc:79] cross_entropy_loss[0]
I tensorflow/core/kernels/logging_ops.cc:79] logits:[0]
I tensorflow/core/kernels/logging_ops.cc:79] cross_entropy_loss[0]
INFO:tensorflow:Step: 911, Loss: 5.741043, time: 44.502 sec/batch
INFO:tensorflow:starting round: 2016-07-22 19:52:28.754454
I tensorflow/core/kernels/logging_ops.cc:79] aux_logits:[0]
I tensorflow/core/kernels/logging_ops.cc:79] cross_entropy_loss[0]
I tensorflow/core/kernels/logging_ops.cc:79] logits:[0]
I tensorflow/core/kernels/logging_ops.cc:79] cross_entropy_loss[0]
INFO:tensorflow:Step: 931, Loss: 6.609728, time: 39.601 sec/batch
INFO:tensorflow:starting round: 2016-07-22 19:53:08.356166
I tensorflow/core/kernels/logging_ops.cc:79] aux_logits:[0]
I tensorflow/core/kernels/logging_ops.cc:79] cross_entropy_loss[0]
I tensorflow/core/kernels/logging_ops.cc:79] logits:[0]
I tensorflow/core/kernels/logging_ops.cc:79] cross_entropy_loss[0]
INFO:tensorflow:Step: 949, Loss: 6.423194, time: 44.214 sec/batch
INFO:tensorflow:starting round: 2016-07-22 19:53:52.586414
I tensorflow/core/kernels/logging_ops.cc:79] aux_logits:[0]
I tensorflow/core/kernels/logging_ops.cc:79] cross_entropy_loss[0]
I tensorflow/core/kernels/logging_ops.cc:79] logits:[0]
I tensorflow/core/kernels/logging_ops.cc:79] cross_entropy_loss[0]
INFO:tensorflow:Step: 966, Loss: 5.599125, time: 43.213 sec/batch
INFO:tensorflow:starting round: 2016-07-22 19:54:35.800715
I tensorflow/core/kernels/logging_ops.cc:79] aux_logits:[0]
I tensorflow/core/kernels/logging_ops.cc:79] cross_entropy_loss[0]
I tensorflow/core/kernels/logging_ops.cc:79] logits:[0]
I tensorflow/core/kernels/logging_ops.cc:79] cross_entropy_loss[0]
INFO:tensorflow:Step: 983, Loss: 5.486684, time: 45.335 sec/batch
INFO:tensorflow:starting round: 2016-07-22 19:55:21.136506
I tensorflow/core/kernels/logging_ops.cc:79] aux_logits:[0]
I tensorflow/core/kernels/logging_ops.cc:79] cross_entropy_loss[0]
I tensorflow/core/kernels/logging_ops.cc:79] logits:[0]
I tensorflow/core/kernels/logging_ops.cc:79] cross_entropy_loss[0]
INFO:tensorflow:Step: 999, Loss: 5.004553, time: 43.677 sec/batch
INFO:tensorflow:starting round: 2016-07-22 19:56:04.815385
I tensorflow/core/kernels/logging_ops.cc:79] aux_logits:[0]
I tensorflow/core/kernels/logging_ops.cc:79] cross_entropy_loss[0]
I tensorflow/core/kernels/logging_ops.cc:79] logits:[0]
I tensorflow/core/kernels/logging_ops.cc:79] cross_entropy_loss[0]
INFO:tensorflow:Step: 1018, Loss: 5.727127, time: 43.432 sec/batch
INFO:tensorflow:starting round: 2016-07-22 19:56:48.248638
I tensorflow/core/kernels/logging_ops.cc:79] aux_logits:[0]
I tensorflow/core/kernels/logging_ops.cc:79] cross_entropy_loss[0]
I tensorflow/core/kernels/logging_ops.cc:79] logits:[0]
I tensorflow/core/kernels/logging_ops.cc:79] cross_entropy_loss[0]
INFO:tensorflow:Step: 1036, Loss: 5.598380, time: 44.539 sec/batch
INFO:tensorflow:starting round: 2016-07-22 19:57:32.788638
I tensorflow/core/kernels/logging_ops.cc:79] aux_logits:[0]
I tensorflow/core/kernels/logging_ops.cc:79] cross_entropy_loss[0]
I tensorflow/core/kernels/logging_ops.cc:79] logits:[0]
I tensorflow/core/kernels/logging_ops.cc:79] cross_entropy_loss[0]
INFO:tensorflow:Step: 1053, Loss: 5.605198, time: 41.827 sec/batch
INFO:tensorflow:starting round: 2016-07-22 19:58:14.616093
I tensorflow/core/kernels/logging_ops.cc:79] aux_logits:[0]
I tensorflow/core/kernels/logging_ops.cc:79] cross_entropy_loss[0]
I tensorflow/core/kernels/logging_ops.cc:79] logits:[0]
I tensorflow/core/kernels/logging_ops.cc:79] cross_entropy_loss[0]
run-expr-32node.sh: line 23: 41895 Terminated              CUDA_VISIBLE_DEVICES='' bazel-bin/inception/imagenet_distributed_train --batch_size=16 --data_dir=/lfs/local/0/daniter/32node-data-$2 --job_name='worker' --task_id=$2 --ps_hosts='raiders1:2200' --worker_hosts='raiders1:2201,raiders1:2202,raiders1:2203,raiders1:2204,raiders1:2205,raiders1:2206,raiders1:2207,raiders1:2208,raiders1:2209,raiders1:2210,raiders1:2211,raiders3:2212,raiders3:2213,raiders3:2214,raiders3:2215,raiders3:2216,raiders3:2217,raiders3:2218,raiders3:2219,raiders3:2220,raiders3:2221,raiders3:2222,raiders8:2223,raiders8:2224,raiders8:2225,raiders8:2226,raiders8:2227,raiders8:2228,raiders8:2228,raiders8:2230,raiders8:2231,raiders8:2232' --initial_learning_rate=$3 --momentum=$4 --sync=True --compute_groups=$5
