DISPLAY "(null)" invalid; disabling X11 forwarding
INFO:tensorflow:PS hosts are: ['raiders1:2200']
INFO:tensorflow:Worker hosts are: ['raiders1:2201', 'raiders1:2202', 'raiders1:2203', 'raiders1:2204', 'raiders1:2205', 'raiders1:2206', 'raiders1:2207', 'raiders1:2208', 'raiders1:2209', 'raiders1:2210', 'raiders1:2211', 'raiders3:2212', 'raiders3:2213', 'raiders3:2214', 'raiders3:2215', 'raiders3:2216', 'raiders3:2217', 'raiders3:2218', 'raiders3:2219', 'raiders3:2220', 'raiders3:2221', 'raiders3:2222', 'raiders8:2223', 'raiders8:2224', 'raiders8:2225', 'raiders8:2226', 'raiders8:2227', 'raiders8:2228', 'raiders8:2228', 'raiders8:2230', 'raiders8:2231', 'raiders8:2232']
I tensorflow/core/distributed_runtime/rpc/grpc_channel.cc:206] Initialize HostPortsGrpcChannelCache for job ps -> {raiders1:2200}
I tensorflow/core/distributed_runtime/rpc/grpc_channel.cc:206] Initialize HostPortsGrpcChannelCache for job worker -> {raiders1:2201, raiders1:2202, raiders1:2203, raiders1:2204, raiders1:2205, raiders1:2206, raiders1:2207, raiders1:2208, raiders1:2209, raiders1:2210, raiders1:2211, raiders3:2212, raiders3:2213, raiders3:2214, raiders3:2215, raiders3:2216, raiders3:2217, raiders3:2218, localhost:2219, raiders3:2220, raiders3:2221, raiders3:2222, raiders8:2223, raiders8:2224, raiders8:2225, raiders8:2226, raiders8:2227, raiders8:2228, raiders8:2228, raiders8:2230, raiders8:2231, raiders8:2232}
I tensorflow/core/distributed_runtime/rpc/grpc_server_lib.cc:202] Started server with target: grpc://localhost:2219
INFO:tensorflow:Learning rate: 0.010000, momentum: 0.300000
INFO:tensorflow:Sync mode!!!!!!
INFO:tensorflow:Compute groups : 16
INFO:tensorflow:SyncReplicas enabled: replicas_to_aggregate=32; total_num_replicas=32
INFO:tensorflow:Num nodes per compute groups: 2
INFO:tensorflow:Tokens per step: 2
INFO:tensorflow:2016-07-22 19:29:09.633937 Supervisor
INFO:tensorflow:got sessions! 2016-07-22 19:29:25.460591 
INFO:tensorflow:Started 3 queues for processing input data.
INFO:tensorflow:Thank you, we're starting 2016-07-22 19:30:03.085017
INFO:tensorflow:starting round: 2016-07-22 19:30:03.085623
I tensorflow/core/kernels/logging_ops.cc:79] aux_logits:[0]
I tensorflow/core/kernels/logging_ops.cc:79] cross_entropy_loss[0]
I tensorflow/core/kernels/logging_ops.cc:79] logits:[0]
I tensorflow/core/kernels/logging_ops.cc:79] cross_entropy_loss[0]
INFO:tensorflow:Step: 399, Loss: 5.255691, time: 52.300 sec/batch
INFO:tensorflow:starting round: 2016-07-22 19:30:55.386724
I tensorflow/core/kernels/logging_ops.cc:79] aux_logits:[0]
I tensorflow/core/kernels/logging_ops.cc:79] cross_entropy_loss[0]
I tensorflow/core/kernels/logging_ops.cc:79] logits:[0]
I tensorflow/core/kernels/logging_ops.cc:79] cross_entropy_loss[0]
INFO:tensorflow:Step: 401, Loss: 6.227331, time: 30.145 sec/batch
INFO:tensorflow:starting round: 2016-07-22 19:31:25.532471
I tensorflow/core/kernels/logging_ops.cc:79] aux_logits:[0]
I tensorflow/core/kernels/logging_ops.cc:79] cross_entropy_loss[0]
I tensorflow/core/kernels/logging_ops.cc:79] logits:[0]
I tensorflow/core/kernels/logging_ops.cc:79] cross_entropy_loss[0]
INFO:tensorflow:Step: 414, Loss: 6.841922, time: 46.056 sec/batch
INFO:tensorflow:starting round: 2016-07-22 19:32:11.590652
I tensorflow/core/kernels/logging_ops.cc:79] aux_logits:[0]
I tensorflow/core/kernels/logging_ops.cc:79] cross_entropy_loss[0]
I tensorflow/core/kernels/logging_ops.cc:79] logits:[0]
I tensorflow/core/kernels/logging_ops.cc:79] cross_entropy_loss[0]
INFO:tensorflow:Step: 427, Loss: 6.722969, time: 25.023 sec/batch
INFO:tensorflow:starting round: 2016-07-22 19:32:36.614763
I tensorflow/core/kernels/logging_ops.cc:79] aux_logits:[0]
I tensorflow/core/kernels/logging_ops.cc:79] cross_entropy_loss[0]
I tensorflow/core/kernels/logging_ops.cc:79] logits:[0]
I tensorflow/core/kernels/logging_ops.cc:79] cross_entropy_loss[0]
INFO:tensorflow:Step: 440, Loss: 7.548711, time: 39.061 sec/batch
INFO:tensorflow:starting round: 2016-07-22 19:33:15.677236
I tensorflow/core/kernels/logging_ops.cc:79] aux_logits:[0]
I tensorflow/core/kernels/logging_ops.cc:79] cross_entropy_loss[0]
I tensorflow/core/kernels/logging_ops.cc:79] logits:[0]
I tensorflow/core/kernels/logging_ops.cc:79] cross_entropy_loss[0]
INFO:tensorflow:Step: 454, Loss: 6.543433, time: 55.153 sec/batch
INFO:tensorflow:starting round: 2016-07-22 19:34:10.831763
I tensorflow/core/kernels/logging_ops.cc:79] aux_logits:[0]
I tensorflow/core/kernels/logging_ops.cc:79] cross_entropy_loss[0]
I tensorflow/core/kernels/logging_ops.cc:79] logits:[0]
I tensorflow/core/kernels/logging_ops.cc:79] cross_entropy_loss[0]
INFO:tensorflow:Step: 476, Loss: 7.291523, time: 48.020 sec/batch
INFO:tensorflow:starting round: 2016-07-22 19:34:58.852383
I tensorflow/core/kernels/logging_ops.cc:79] aux_logits:[0]
I tensorflow/core/kernels/logging_ops.cc:79] cross_entropy_loss[0]
I tensorflow/core/kernels/logging_ops.cc:79] logits:[0]
I tensorflow/core/kernels/logging_ops.cc:79] cross_entropy_loss[0]
INFO:tensorflow:Step: 490, Loss: 6.401737, time: 51.868 sec/batch
INFO:tensorflow:starting round: 2016-07-22 19:35:50.721691
I tensorflow/core/kernels/logging_ops.cc:79] aux_logits:[0]
I tensorflow/core/kernels/logging_ops.cc:79] cross_entropy_loss[0]
I tensorflow/core/kernels/logging_ops.cc:79] logits:[0]
I tensorflow/core/kernels/logging_ops.cc:79] cross_entropy_loss[0]
INFO:tensorflow:Step: 513, Loss: 5.262427, time: 49.010 sec/batch
INFO:tensorflow:starting round: 2016-07-22 19:36:39.732584
I tensorflow/core/kernels/logging_ops.cc:79] aux_logits:[0]
I tensorflow/core/kernels/logging_ops.cc:79] cross_entropy_loss[0]
I tensorflow/core/kernels/logging_ops.cc:79] logits:[0]
I tensorflow/core/kernels/logging_ops.cc:79] cross_entropy_loss[0]
INFO:tensorflow:Step: 532, Loss: 6.716401, time: 48.002 sec/batch
INFO:tensorflow:starting round: 2016-07-22 19:37:27.735130
I tensorflow/core/kernels/logging_ops.cc:79] aux_logits:[0]
I tensorflow/core/kernels/logging_ops.cc:79] cross_entropy_loss[0]
I tensorflow/core/kernels/logging_ops.cc:79] logits:[0]
I tensorflow/core/kernels/logging_ops.cc:79] cross_entropy_loss[0]
INFO:tensorflow:Step: 552, Loss: 6.150571, time: 44.553 sec/batch
INFO:tensorflow:starting round: 2016-07-22 19:38:12.289417
I tensorflow/core/kernels/logging_ops.cc:79] aux_logits:[0]
I tensorflow/core/kernels/logging_ops.cc:79] cross_entropy_loss[0]
I tensorflow/core/kernels/logging_ops.cc:79] logits:[0]
I tensorflow/core/kernels/logging_ops.cc:79] cross_entropy_loss[0]
INFO:tensorflow:Step: 571, Loss: 6.436229, time: 48.375 sec/batch
INFO:tensorflow:starting round: 2016-07-22 19:39:00.665021
I tensorflow/core/kernels/logging_ops.cc:79] aux_logits:[0]
I tensorflow/core/kernels/logging_ops.cc:79] cross_entropy_loss[0]
I tensorflow/core/kernels/logging_ops.cc:79] logits:[0]
I tensorflow/core/kernels/logging_ops.cc:79] cross_entropy_loss[0]
INFO:tensorflow:Step: 593, Loss: 5.700792, time: 45.445 sec/batch
INFO:tensorflow:starting round: 2016-07-22 19:39:46.110881
I tensorflow/core/kernels/logging_ops.cc:79] aux_logits:[0]
I tensorflow/core/kernels/logging_ops.cc:79] cross_entropy_loss[0]
I tensorflow/core/kernels/logging_ops.cc:79] logits:[0]
I tensorflow/core/kernels/logging_ops.cc:79] cross_entropy_loss[0]
INFO:tensorflow:Step: 611, Loss: 5.695983, time: 44.537 sec/batch
INFO:tensorflow:starting round: 2016-07-22 19:40:30.649055
I tensorflow/core/kernels/logging_ops.cc:79] aux_logits:[0]
I tensorflow/core/kernels/logging_ops.cc:79] cross_entropy_loss[0]
I tensorflow/core/kernels/logging_ops.cc:79] logits:[0]
I tensorflow/core/kernels/logging_ops.cc:79] cross_entropy_loss[0]
INFO:tensorflow:Step: 628, Loss: 6.388316, time: 47.406 sec/batch
INFO:tensorflow:starting round: 2016-07-22 19:41:18.056721
I tensorflow/core/kernels/logging_ops.cc:79] aux_logits:[0]
I tensorflow/core/kernels/logging_ops.cc:79] cross_entropy_loss[0]
I tensorflow/core/kernels/logging_ops.cc:79] logits:[0]
I tensorflow/core/kernels/logging_ops.cc:79] cross_entropy_loss[0]
INFO:tensorflow:Step: 650, Loss: 5.946113, time: 47.265 sec/batch
INFO:tensorflow:starting round: 2016-07-22 19:42:05.323164
I tensorflow/core/kernels/logging_ops.cc:79] aux_logits:[0]
I tensorflow/core/kernels/logging_ops.cc:79] cross_entropy_loss[0]
I tensorflow/core/kernels/logging_ops.cc:79] logits:[0]
I tensorflow/core/kernels/logging_ops.cc:79] cross_entropy_loss[0]
INFO:tensorflow:Step: 672, Loss: 6.556666, time: 45.483 sec/batch
INFO:tensorflow:starting round: 2016-07-22 19:42:50.806921
I tensorflow/core/kernels/logging_ops.cc:79] aux_logits:[0]
I tensorflow/core/kernels/logging_ops.cc:79] cross_entropy_loss[0]
I tensorflow/core/kernels/logging_ops.cc:79] logits:[0]
I tensorflow/core/kernels/logging_ops.cc:79] cross_entropy_loss[0]
INFO:tensorflow:Step: 691, Loss: 6.523228, time: 44.361 sec/batch
INFO:tensorflow:starting round: 2016-07-22 19:43:35.169044
I tensorflow/core/kernels/logging_ops.cc:79] aux_logits:[0]
I tensorflow/core/kernels/logging_ops.cc:79] cross_entropy_loss[0]
I tensorflow/core/kernels/logging_ops.cc:79] logits:[0]
I tensorflow/core/kernels/logging_ops.cc:79] cross_entropy_loss[0]
INFO:tensorflow:Step: 710, Loss: 5.488629, time: 43.901 sec/batch
INFO:tensorflow:starting round: 2016-07-22 19:44:19.070761
I tensorflow/core/kernels/logging_ops.cc:79] aux_logits:[0]
I tensorflow/core/kernels/logging_ops.cc:79] cross_entropy_loss[0]
I tensorflow/core/kernels/logging_ops.cc:79] logits:[0]
I tensorflow/core/kernels/logging_ops.cc:79] cross_entropy_loss[0]
INFO:tensorflow:Step: 727, Loss: 5.674520, time: 45.031 sec/batch
INFO:tensorflow:starting round: 2016-07-22 19:45:04.102891
I tensorflow/core/kernels/logging_ops.cc:79] aux_logits:[0]
I tensorflow/core/kernels/logging_ops.cc:79] cross_entropy_loss[0]
I tensorflow/core/kernels/logging_ops.cc:79] logits:[0]
I tensorflow/core/kernels/logging_ops.cc:79] cross_entropy_loss[0]
INFO:tensorflow:Step: 745, Loss: 6.187074, time: 44.318 sec/batch
INFO:tensorflow:starting round: 2016-07-22 19:45:48.422093
I tensorflow/core/kernels/logging_ops.cc:79] aux_logits:[0]
I tensorflow/core/kernels/logging_ops.cc:79] cross_entropy_loss[0]
I tensorflow/core/kernels/logging_ops.cc:79] logits:[0]
I tensorflow/core/kernels/logging_ops.cc:79] cross_entropy_loss[0]
INFO:tensorflow:Step: 763, Loss: 5.348961, time: 43.199 sec/batch
INFO:tensorflow:starting round: 2016-07-22 19:46:31.622380
I tensorflow/core/kernels/logging_ops.cc:79] aux_logits:[0]
I tensorflow/core/kernels/logging_ops.cc:79] cross_entropy_loss[0]
I tensorflow/core/kernels/logging_ops.cc:79] logits:[0]
I tensorflow/core/kernels/logging_ops.cc:79] cross_entropy_loss[0]
INFO:tensorflow:Step: 781, Loss: 5.890964, time: 42.172 sec/batch
INFO:tensorflow:starting round: 2016-07-22 19:47:13.798556
I tensorflow/core/kernels/logging_ops.cc:79] aux_logits:[0]
I tensorflow/core/kernels/logging_ops.cc:79] cross_entropy_loss[0]
I tensorflow/core/kernels/logging_ops.cc:79] logits:[0]
I tensorflow/core/kernels/logging_ops.cc:79] cross_entropy_loss[0]
INFO:tensorflow:Step: 796, Loss: 7.189107, time: 43.415 sec/batch
INFO:tensorflow:starting round: 2016-07-22 19:47:57.222146
I tensorflow/core/kernels/logging_ops.cc:79] aux_logits:[0]
I tensorflow/core/kernels/logging_ops.cc:79] cross_entropy_loss[0]
I tensorflow/core/kernels/logging_ops.cc:79] logits:[0]
I tensorflow/core/kernels/logging_ops.cc:79] cross_entropy_loss[0]
INFO:tensorflow:Step: 816, Loss: 6.654085, time: 41.500 sec/batch
INFO:tensorflow:starting round: 2016-07-22 19:48:38.723115
I tensorflow/core/kernels/logging_ops.cc:79] aux_logits:[0]
I tensorflow/core/kernels/logging_ops.cc:79] cross_entropy_loss[0]
I tensorflow/core/kernels/logging_ops.cc:79] logits:[0]
I tensorflow/core/kernels/logging_ops.cc:79] cross_entropy_loss[0]
INFO:tensorflow:Step: 831, Loss: 5.533485, time: 44.391 sec/batch
INFO:tensorflow:starting round: 2016-07-22 19:49:23.114634
I tensorflow/core/kernels/logging_ops.cc:79] aux_logits:[0]
I tensorflow/core/kernels/logging_ops.cc:79] cross_entropy_loss[0]
I tensorflow/core/kernels/logging_ops.cc:79] logits:[0]
I tensorflow/core/kernels/logging_ops.cc:79] cross_entropy_loss[0]
INFO:tensorflow:Step: 850, Loss: 5.009868, time: 44.286 sec/batch
INFO:tensorflow:starting round: 2016-07-22 19:50:07.401757
I tensorflow/core/kernels/logging_ops.cc:79] aux_logits:[0]
I tensorflow/core/kernels/logging_ops.cc:79] cross_entropy_loss[0]
I tensorflow/core/kernels/logging_ops.cc:79] logits:[0]
I tensorflow/core/kernels/logging_ops.cc:79] cross_entropy_loss[0]
INFO:tensorflow:Step: 868, Loss: 6.054073, time: 40.688 sec/batch
INFO:tensorflow:starting round: 2016-07-22 19:50:48.091099
I tensorflow/core/kernels/logging_ops.cc:79] aux_logits:[0]
I tensorflow/core/kernels/logging_ops.cc:79] cross_entropy_loss[0]
I tensorflow/core/kernels/logging_ops.cc:79] logits:[0]
I tensorflow/core/kernels/logging_ops.cc:79] cross_entropy_loss[0]
INFO:tensorflow:Step: 885, Loss: 5.481835, time: 43.091 sec/batch
INFO:tensorflow:starting round: 2016-07-22 19:51:31.187463
I tensorflow/core/kernels/logging_ops.cc:79] aux_logits:[0]
I tensorflow/core/kernels/logging_ops.cc:79] cross_entropy_loss[0]
I tensorflow/core/kernels/logging_ops.cc:79] logits:[0]
I tensorflow/core/kernels/logging_ops.cc:79] cross_entropy_loss[0]
INFO:tensorflow:Step: 904, Loss: 6.117218, time: 43.837 sec/batch
INFO:tensorflow:starting round: 2016-07-22 19:52:15.025478
I tensorflow/core/kernels/logging_ops.cc:79] aux_logits:[0]
I tensorflow/core/kernels/logging_ops.cc:79] cross_entropy_loss[0]
I tensorflow/core/kernels/logging_ops.cc:79] logits:[0]
I tensorflow/core/kernels/logging_ops.cc:79] cross_entropy_loss[0]
INFO:tensorflow:Step: 922, Loss: 5.707414, time: 45.334 sec/batch
INFO:tensorflow:starting round: 2016-07-22 19:53:00.362535
I tensorflow/core/kernels/logging_ops.cc:79] aux_logits:[0]
I tensorflow/core/kernels/logging_ops.cc:79] cross_entropy_loss[0]
I tensorflow/core/kernels/logging_ops.cc:79] logits:[0]
I tensorflow/core/kernels/logging_ops.cc:79] cross_entropy_loss[0]
INFO:tensorflow:Step: 941, Loss: 5.843853, time: 42.576 sec/batch
INFO:tensorflow:starting round: 2016-07-22 19:53:42.939763
I tensorflow/core/kernels/logging_ops.cc:79] aux_logits:[0]
I tensorflow/core/kernels/logging_ops.cc:79] cross_entropy_loss[0]
I tensorflow/core/kernels/logging_ops.cc:79] logits:[0]
I tensorflow/core/kernels/logging_ops.cc:79] cross_entropy_loss[0]
INFO:tensorflow:Step: 957, Loss: 6.301974, time: 42.730 sec/batch
INFO:tensorflow:starting round: 2016-07-22 19:54:25.671077
I tensorflow/core/kernels/logging_ops.cc:79] aux_logits:[0]
I tensorflow/core/kernels/logging_ops.cc:79] cross_entropy_loss[0]
I tensorflow/core/kernels/logging_ops.cc:79] logits:[0]
I tensorflow/core/kernels/logging_ops.cc:79] cross_entropy_loss[0]
INFO:tensorflow:Step: 975, Loss: 5.393818, time: 42.120 sec/batch
INFO:tensorflow:starting round: 2016-07-22 19:55:07.792264
I tensorflow/core/kernels/logging_ops.cc:79] aux_logits:[0]
I tensorflow/core/kernels/logging_ops.cc:79] cross_entropy_loss[0]
I tensorflow/core/kernels/logging_ops.cc:79] logits:[0]
I tensorflow/core/kernels/logging_ops.cc:79] cross_entropy_loss[0]
INFO:tensorflow:Step: 993, Loss: 6.451079, time: 42.170 sec/batch
INFO:tensorflow:starting round: 2016-07-22 19:55:49.963978
I tensorflow/core/kernels/logging_ops.cc:79] aux_logits:[0]
I tensorflow/core/kernels/logging_ops.cc:79] cross_entropy_loss[0]
I tensorflow/core/kernels/logging_ops.cc:79] logits:[0]
I tensorflow/core/kernels/logging_ops.cc:79] cross_entropy_loss[0]
INFO:tensorflow:Step: 1011, Loss: 5.575881, time: 37.357 sec/batch
INFO:tensorflow:starting round: 2016-07-22 19:56:27.325184
I tensorflow/core/kernels/logging_ops.cc:79] aux_logits:[0]
I tensorflow/core/kernels/logging_ops.cc:79] cross_entropy_loss[0]
I tensorflow/core/kernels/logging_ops.cc:79] logits:[0]
I tensorflow/core/kernels/logging_ops.cc:79] cross_entropy_loss[0]
INFO:tensorflow:Step: 1028, Loss: 5.510247, time: 35.679 sec/batch
INFO:tensorflow:starting round: 2016-07-22 19:57:03.005071
I tensorflow/core/kernels/logging_ops.cc:79] aux_logits:[0]
I tensorflow/core/kernels/logging_ops.cc:79] cross_entropy_loss[0]
I tensorflow/core/kernels/logging_ops.cc:79] logits:[0]
I tensorflow/core/kernels/logging_ops.cc:79] cross_entropy_loss[0]
INFO:tensorflow:Step: 1045, Loss: 5.184784, time: 36.270 sec/batch
INFO:tensorflow:starting round: 2016-07-22 19:57:39.281152
I tensorflow/core/kernels/logging_ops.cc:79] aux_logits:[0]
I tensorflow/core/kernels/logging_ops.cc:79] cross_entropy_loss[0]
I tensorflow/core/kernels/logging_ops.cc:79] logits:[0]
I tensorflow/core/kernels/logging_ops.cc:79] cross_entropy_loss[0]
INFO:tensorflow:Step: 1061, Loss: 6.340092, time: 42.284 sec/batch
INFO:tensorflow:starting round: 2016-07-22 19:58:21.566019
I tensorflow/core/kernels/logging_ops.cc:79] aux_logits:[0]
I tensorflow/core/kernels/logging_ops.cc:79] cross_entropy_loss[0]
I tensorflow/core/kernels/logging_ops.cc:79] logits:[0]
I tensorflow/core/kernels/logging_ops.cc:79] cross_entropy_loss[0]
run-expr-32node.sh: line 23: 41673 Terminated              CUDA_VISIBLE_DEVICES='' bazel-bin/inception/imagenet_distributed_train --batch_size=16 --data_dir=/lfs/local/0/daniter/32node-data-$2 --job_name='worker' --task_id=$2 --ps_hosts='raiders1:2200' --worker_hosts='raiders1:2201,raiders1:2202,raiders1:2203,raiders1:2204,raiders1:2205,raiders1:2206,raiders1:2207,raiders1:2208,raiders1:2209,raiders1:2210,raiders1:2211,raiders3:2212,raiders3:2213,raiders3:2214,raiders3:2215,raiders3:2216,raiders3:2217,raiders3:2218,raiders3:2219,raiders3:2220,raiders3:2221,raiders3:2222,raiders8:2223,raiders8:2224,raiders8:2225,raiders8:2226,raiders8:2227,raiders8:2228,raiders8:2228,raiders8:2230,raiders8:2231,raiders8:2232' --initial_learning_rate=$3 --momentum=$4 --sync=True --compute_groups=$5
