I tensorflow/stream_executor/dso_loader.cc:105] successfully opened CUDA library libcublas.so locally
I tensorflow/stream_executor/dso_loader.cc:105] successfully opened CUDA library libcudnn.so locally
I tensorflow/stream_executor/dso_loader.cc:105] successfully opened CUDA library libcufft.so locally
I tensorflow/stream_executor/dso_loader.cc:105] successfully opened CUDA library libcuda.so.1 locally
I tensorflow/stream_executor/dso_loader.cc:105] successfully opened CUDA library libcurand.so locally
INFO:tensorflow:PS hosts are: ['localhost:2228']
INFO:tensorflow:Worker hosts are: ['raiders1:2200', 'raiders1:2201', 'raiders3:2209', 'raiders3:2210']
E tensorflow/stream_executor/cuda/cuda_driver.cc:481] failed call to cuInit: CUDA_ERROR_NO_DEVICE
I tensorflow/stream_executor/cuda/cuda_diagnostics.cc:114] retrieving CUDA diagnostic information for host: raiders1
I tensorflow/stream_executor/cuda/cuda_diagnostics.cc:121] hostname: raiders1
I tensorflow/stream_executor/cuda/cuda_diagnostics.cc:146] libcuda reported version is: 367.27
I tensorflow/stream_executor/cuda/cuda_diagnostics.cc:257] driver version file contents: """NVRM version: NVIDIA UNIX x86_64 Kernel Module  367.27  Thu Jun  9 18:53:27 PDT 2016
GCC version:  gcc version 4.8.4 (Ubuntu 4.8.4-2ubuntu1~14.04.3) 
"""
I tensorflow/stream_executor/cuda/cuda_diagnostics.cc:150] kernel reported version is: 367.27
I tensorflow/stream_executor/cuda/cuda_diagnostics.cc:226] kernel version seems to match DSO: 367.27
I tensorflow/core/common_runtime/gpu/gpu_init.cc:81] No GPU devices available on machine.
I tensorflow/core/distributed_runtime/rpc/grpc_channel.cc:206] Initialize HostPortsGrpcChannelCache for job ps -> {localhost:2228}
I tensorflow/core/distributed_runtime/rpc/grpc_channel.cc:206] Initialize HostPortsGrpcChannelCache for job worker -> {raiders1:2200, raiders1:2201, raiders3:2209, raiders3:2210}
I tensorflow/core/distributed_runtime/rpc/grpc_server_lib.cc:202] Started server with target: grpc://localhost:2228
I tensorflow/core/kernels/logging_ops.cc:79] ~~~~~ daniter~~~ GLobalstep:[399][-0.00017223747 3.1695174e-05...]
I tensorflow/core/kernels/logging_ops.cc:79] ~~~~~ daniter~~~ GLobalstep:[400][-0.00030472304 7.1348477e-05...]
I tensorflow/core/kernels/logging_ops.cc:79] ~~~~~ daniter~~~ GLobalstep:[401][5.1673429e-05 7.6542361e-05...]
I tensorflow/core/kernels/logging_ops.cc:79] ~~~~~ daniter~~~ GLobalstep:[402][2.9934688e-05 -0.00010713992...]
I tensorflow/core/kernels/logging_ops.cc:79] ~~~~~ daniter~~~ GLobalstep:[403][3.024764e-05 0.00015176617...]
I tensorflow/core/kernels/logging_ops.cc:79] ~~~~~ daniter~~~ GLobalstep:[404][-0.00019510623 -0.00028014311...]
I tensorflow/core/kernels/logging_ops.cc:79] ~~~~~ daniter~~~ GLobalstep:[405][0.00011313415 0.00016133438...]
I tensorflow/core/kernels/logging_ops.cc:79] ~~~~~ daniter~~~ GLobalstep:[406][-8.7639455e-05 0.00012630198...]
I tensorflow/core/kernels/logging_ops.cc:79] ~~~~~ daniter~~~ GLobalstep:[407][-0.00037189666 -5.9080274e-05...]
I tensorflow/core/kernels/logging_ops.cc:79] ~~~~~ daniter~~~ GLobalstep:[408][0.000266389 7.5853139e-05...]
I tensorflow/core/kernels/logging_ops.cc:79] ~~~~~ daniter~~~ GLobalstep:[409][9.7852688e-05 0.00014793685...]
I tensorflow/core/kernels/logging_ops.cc:79] ~~~~~ daniter~~~ GLobalstep:[410][0.00052671123 -0.00019631203...]
I tensorflow/core/kernels/logging_ops.cc:79] ~~~~~ daniter~~~ GLobalstep:[411][-0.000339592 -0.00013155767...]
I tensorflow/core/kernels/logging_ops.cc:79] ~~~~~ daniter~~~ GLobalstep:[412][-0.00060416909 -0.00033635134...]
I tensorflow/core/kernels/logging_ops.cc:79] ~~~~~ daniter~~~ GLobalstep:[412][-0.00037270927 -2.641862e-06...]
I tensorflow/core/kernels/logging_ops.cc:79] ~~~~~ daniter~~~ GLobalstep:[414][-0.00091394561 5.5890523e-05...]
I tensorflow/core/kernels/logging_ops.cc:79] ~~~~~ daniter~~~ GLobalstep:[415][-0.0001418988 0.00019418394...]
I tensorflow/core/kernels/logging_ops.cc:79] ~~~~~ daniter~~~ GLobalstep:[416][-5.6463898e-05 6.2687417e-05...]
I tensorflow/core/kernels/logging_ops.cc:79] ~~~~~ daniter~~~ GLobalstep:[417][-0.00022645839 4.3248678e-05...]
I tensorflow/core/kernels/logging_ops.cc:79] ~~~~~ daniter~~~ GLobalstep:[417][8.6283922e-05 -5.5442484e-05...]
I tensorflow/core/kernels/logging_ops.cc:79] ~~~~~ daniter~~~ GLobalstep:[419][-0.00031316315 -5.67783e-06...]
I tensorflow/core/kernels/logging_ops.cc:79] ~~~~~ daniter~~~ GLobalstep:[420][-0.00026925839 9.0358932e-05...]
I tensorflow/core/kernels/logging_ops.cc:79] ~~~~~ daniter~~~ GLobalstep:[420][9.1959555e-05 4.7629343e-05...]
I tensorflow/core/kernels/logging_ops.cc:79] ~~~~~ daniter~~~ GLobalstep:[421][-0.00075016788 -0.00020930666...]
I tensorflow/core/kernels/logging_ops.cc:79] ~~~~~ daniter~~~ GLobalstep:[423][-0.00023676886 0.00013348868...]
I tensorflow/core/kernels/logging_ops.cc:79] ~~~~~ daniter~~~ GLobalstep:[424][3.4136541e-05 -0.00039162676...]
I tensorflow/core/kernels/logging_ops.cc:79] ~~~~~ daniter~~~ GLobalstep:[425][0.00015345437 0.00014959401...]
I tensorflow/core/kernels/logging_ops.cc:79] ~~~~~ daniter~~~ GLobalstep:[425][0.00059279526 0.0003268884...]
I tensorflow/core/kernels/logging_ops.cc:79] ~~~~~ daniter~~~ GLobalstep:[426][-0.00017081038 5.9542836e-05...]
I tensorflow/core/kernels/logging_ops.cc:79] ~~~~~ daniter~~~ GLobalstep:[428][-0.00017059619 9.7711687e-05...]
I tensorflow/core/kernels/logging_ops.cc:79] ~~~~~ daniter~~~ GLobalstep:[429][-3.0410925e-05 -0.00013785927...]
I tensorflow/core/kernels/logging_ops.cc:79] ~~~~~ daniter~~~ GLobalstep:[430][-0.00031194469 1.4746068e-05...]
I tensorflow/core/kernels/logging_ops.cc:79] ~~~~~ daniter~~~ GLobalstep:[430][-0.00014278748 6.7082743e-05...]
I tensorflow/core/kernels/logging_ops.cc:79] ~~~~~ daniter~~~ GLobalstep:[432][-0.00017340481 0.00025591187...]
I tensorflow/core/kernels/logging_ops.cc:79] ~~~~~ daniter~~~ GLobalstep:[433][0.00033244732 0.00015668469...]
I tensorflow/core/kernels/logging_ops.cc:79] ~~~~~ daniter~~~ GLobalstep:[434][-8.11717e-05 -6.3001382e-05...]
I tensorflow/core/kernels/logging_ops.cc:79] ~~~~~ daniter~~~ GLobalstep:[434][-1.3538323e-05 -0.00032855861...]
I tensorflow/core/kernels/logging_ops.cc:79] ~~~~~ daniter~~~ GLobalstep:[436][-0.00034018076 -0.00039321274...]
I tensorflow/core/kernels/logging_ops.cc:79] ~~~~~ daniter~~~ GLobalstep:[437][-0.00016170346 -0.00023133199...]
I tensorflow/core/kernels/logging_ops.cc:79] ~~~~~ daniter~~~ GLobalstep:[437][-0.00023639269 -1.0035472e-05...]
I tensorflow/core/kernels/logging_ops.cc:79] ~~~~~ daniter~~~ GLobalstep:[439][3.3227545e-05 7.89731e-05...]
I tensorflow/core/kernels/logging_ops.cc:79] ~~~~~ daniter~~~ GLobalstep:[439][-0.0002162071 -0.00028551641...]
I tensorflow/core/kernels/logging_ops.cc:79] ~~~~~ daniter~~~ GLobalstep:[441][-0.00017621169 0.00030366832...]
I tensorflow/core/kernels/logging_ops.cc:79] ~~~~~ daniter~~~ GLobalstep:[441][0.00013890091 0.00014695931...]
I tensorflow/core/kernels/logging_ops.cc:79] ~~~~~ daniter~~~ GLobalstep:[443][0.00036315178 0.00022069647...]
I tensorflow/core/kernels/logging_ops.cc:79] ~~~~~ daniter~~~ GLobalstep:[443][-3.3490138e-05 -0.00020389447...]
I tensorflow/core/kernels/logging_ops.cc:79] ~~~~~ daniter~~~ GLobalstep:[445][-0.00017702086 -0.00030700554...]
I tensorflow/core/kernels/logging_ops.cc:79] ~~~~~ daniter~~~ GLobalstep:[445][0.00021356308 0.00015557125...]
I tensorflow/core/kernels/logging_ops.cc:79] ~~~~~ daniter~~~ GLobalstep:[447][1.1174821e-05 1.1621079e-05...]
I tensorflow/core/kernels/logging_ops.cc:79] ~~~~~ daniter~~~ GLobalstep:[448][-0.00073985965 2.6580934e-05...]
I tensorflow/core/kernels/logging_ops.cc:79] ~~~~~ daniter~~~ GLobalstep:[449][-0.00033531318 -0.0002912663...]
I tensorflow/core/kernels/logging_ops.cc:79] ~~~~~ daniter~~~ GLobalstep:[449][-0.00039601882 -0.00011306136...]
I tensorflow/core/kernels/logging_ops.cc:79] ~~~~~ daniter~~~ GLobalstep:[450][-0.00010009677 -0.00022431526...]
I tensorflow/core/kernels/logging_ops.cc:79] ~~~~~ daniter~~~ GLobalstep:[452][-0.00026783909 0.00011025302...]
I tensorflow/core/kernels/logging_ops.cc:79] ~~~~~ daniter~~~ GLobalstep:[453][0.00034071534 0.00020209349...]
I tensorflow/core/kernels/logging_ops.cc:79] ~~~~~ daniter~~~ GLobalstep:[454][0.00011259861 0.00020330443...]
I tensorflow/core/kernels/logging_ops.cc:79] ~~~~~ daniter~~~ GLobalstep:[454][0.00037189593 0.00019661001...]
I tensorflow/core/kernels/logging_ops.cc:79] ~~~~~ daniter~~~ GLobalstep:[456][0.00017503861 7.1507224e-05...]
I tensorflow/core/kernels/logging_ops.cc:79] ~~~~~ daniter~~~ GLobalstep:[456][3.6320132e-05 -6.9148591e-05...]
I tensorflow/core/kernels/logging_ops.cc:79] ~~~~~ daniter~~~ GLobalstep:[458][-0.000159729 0.00013442012...]
I tensorflow/core/kernels/logging_ops.cc:79] ~~~~~ daniter~~~ GLobalstep:[459][6.7649285e-05 9.0481131e-05...]
I tensorflow/core/kernels/logging_ops.cc:79] ~~~~~ daniter~~~ GLobalstep:[460][2.825816e-06 -0.00018211025...]
I tensorflow/core/kernels/logging_ops.cc:79] ~~~~~ daniter~~~ GLobalstep:[460][0.00065119937 -9.0658126e-05...]
I tensorflow/core/kernels/logging_ops.cc:79] ~~~~~ daniter~~~ GLobalstep:[461][-1.1683826e-05 8.3304119e-05...]
I tensorflow/core/kernels/logging_ops.cc:79] ~~~~~ daniter~~~ GLobalstep:[463][0.00023989157 -7.8458e-05...]
I tensorflow/core/kernels/logging_ops.cc:79] ~~~~~ daniter~~~ GLobalstep:[464][0.00010758999 0.00019300947...]
I tensorflow/core/kernels/logging_ops.cc:79] ~~~~~ daniter~~~ GLobalstep:[465][0.00023756578 1.5675669e-06...]
I tensorflow/core/kernels/logging_ops.cc:79] ~~~~~ daniter~~~ GLobalstep:[465][0.00014406753 -1.2663755e-05...]
I tensorflow/core/kernels/logging_ops.cc:79] ~~~~~ daniter~~~ GLobalstep:[467][-0.00047764918 -0.00014805725...]
I tensorflow/core/kernels/logging_ops.cc:79] ~~~~~ daniter~~~ GLobalstep:[468][-6.4376836e-05 0.00016929834...]
I tensorflow/core/kernels/logging_ops.cc:79] ~~~~~ daniter~~~ GLobalstep:[469][-0.00011855256 -4.1358246e-05...]
I tensorflow/core/kernels/logging_ops.cc:79] ~~~~~ daniter~~~ GLobalstep:[470][-1.9935218e-05 -0.00019541866...]
I tensorflow/core/kernels/logging_ops.cc:79] ~~~~~ daniter~~~ GLobalstep:[470][-0.00058567838 -0.00019234922...]
I tensorflow/core/kernels/logging_ops.cc:79] ~~~~~ daniter~~~ GLobalstep:[472][-5.2783063e-05 0.00010071858...]
I tensorflow/core/kernels/logging_ops.cc:79] ~~~~~ daniter~~~ GLobalstep:[473][-0.00011474189 -0.00014884109...]
I tensorflow/core/kernels/logging_ops.cc:79] ~~~~~ daniter~~~ GLobalstep:[474][-0.00056472054 0.00011425464...]
I tensorflow/core/kernels/logging_ops.cc:79] ~~~~~ daniter~~~ GLobalstep:[474][-0.00030054251 -0.00017545879...]
I tensorflow/core/kernels/logging_ops.cc:79] ~~~~~ daniter~~~ GLobalstep:[476][0.00064639252 -5.6108496e-05...]
I tensorflow/core/kernels/logging_ops.cc:79] ~~~~~ daniter~~~ GLobalstep:[476][-0.00014847415 -0.00016461971...]
I tensorflow/core/kernels/logging_ops.cc:79] ~~~~~ daniter~~~ GLobalstep:[478][0.00030586187 -6.5963693e-05...]
I tensorflow/core/kernels/logging_ops.cc:79] ~~~~~ daniter~~~ GLobalstep:[478][0.00056731625 -0.00012989159...]
I tensorflow/core/kernels/logging_ops.cc:79] ~~~~~ daniter~~~ GLobalstep:[479][-0.00042853053 -0.00030459533...]
I tensorflow/core/kernels/logging_ops.cc:79] ~~~~~ daniter~~~ GLobalstep:[481][-7.5353484e-05 -4.3664953e-05...]
I tensorflow/core/kernels/logging_ops.cc:79] ~~~~~ daniter~~~ GLobalstep:[482][-0.00087485631 0.00019751737...]
I tensorflow/core/kernels/logging_ops.cc:79] ~~~~~ daniter~~~ GLobalstep:[483][-0.00011020475 -0.00016013626...]
I tensorflow/core/kernels/logging_ops.cc:79] ~~~~~ daniter~~~ GLobalstep:[483][-0.00013222522 -1.3546505e-05...]
I tensorflow/core/kernels/logging_ops.cc:79] ~~~~~ daniter~~~ GLobalstep:[484][-0.00029500551 7.0733542e-05...]
I tensorflow/core/kernels/logging_ops.cc:79] ~~~~~ daniter~~~ GLobalstep:[485][0.00079395581 0.00029598357...]
I tensorflow/core/kernels/logging_ops.cc:79] ~~~~~ daniter~~~ GLobalstep:[487][-0.00023615216 -9.9792342e-06...]
I tensorflow/core/kernels/logging_ops.cc:79] ~~~~~ daniter~~~ GLobalstep:[487][0.000166913 -0.00029805274...]
I tensorflow/core/kernels/logging_ops.cc:79] ~~~~~ daniter~~~ GLobalstep:[489][0.00054353662 0.00023301857...]
I tensorflow/core/kernels/logging_ops.cc:79] ~~~~~ daniter~~~ GLobalstep:[489][-0.00015894639 9.6293785e-05...]
I tensorflow/core/kernels/logging_ops.cc:79] ~~~~~ daniter~~~ GLobalstep:[491][-0.00021866006 0.00019276564...]
I tensorflow/core/kernels/logging_ops.cc:79] ~~~~~ daniter~~~ GLobalstep:[491][-0.00022991703 -0.00024384051...]
I tensorflow/core/kernels/logging_ops.cc:79] ~~~~~ daniter~~~ GLobalstep:[493][-0.000670135 -0.00028744608...]
I tensorflow/core/kernels/logging_ops.cc:79] ~~~~~ daniter~~~ GLobalstep:[494][9.0328933e-05 -4.226853e-05...]
I tensorflow/core/kernels/logging_ops.cc:79] ~~~~~ daniter~~~ GLobalstep:[495][-3.7586571e-05 -0.00015118094...]
I tensorflow/core/kernels/logging_ops.cc:79] ~~~~~ daniter~~~ GLobalstep:[495][3.4131248e-05 -0.00016748814...]
I tensorflow/core/kernels/logging_ops.cc:79] ~~~~~ daniter~~~ GLobalstep:[497][3.5607191e-06 0.0002239373...]
I tensorflow/core/kernels/logging_ops.cc:79] ~~~~~ daniter~~~ GLobalstep:[498][0.00013761407 0.00019739014...]
I tensorflow/core/kernels/logging_ops.cc:79] ~~~~~ daniter~~~ GLobalstep:[499][0.00042053129 0.00023575907...]
I tensorflow/core/kernels/logging_ops.cc:79] ~~~~~ daniter~~~ GLobalstep:[499][0.00018231651 -0.0003414141...]
I tensorflow/core/kernels/logging_ops.cc:79] ~~~~~ daniter~~~ GLobalstep:[501][2.7623375e-05 -0.00024331795...]
I tensorflow/core/kernels/logging_ops.cc:79] ~~~~~ daniter~~~ GLobalstep:[502][-0.00024698017 -7.4834061e-05...]
I tensorflow/core/kernels/logging_ops.cc:79] ~~~~~ daniter~~~ GLobalstep:[503][0.00038148457 -0.00010158168...]
I tensorflow/core/kernels/logging_ops.cc:79] ~~~~~ daniter~~~ GLobalstep:[504][-0.00016122096 0.00022994319...]
I tensorflow/core/kernels/logging_ops.cc:79] ~~~~~ daniter~~~ GLobalstep:[504][-0.00013913574 -0.00016346826...]
I tensorflow/core/kernels/logging_ops.cc:79] ~~~~~ daniter~~~ GLobalstep:[505][-0.00060079084 2.0079369e-05...]
I tensorflow/core/kernels/logging_ops.cc:79] ~~~~~ daniter~~~ GLobalstep:[507][8.740581e-05 -3.773014e-05...]
I tensorflow/core/kernels/logging_ops.cc:79] ~~~~~ daniter~~~ GLobalstep:[508][3.9703551e-05 -0.00012108845...]
I tensorflow/core/kernels/logging_ops.cc:79] ~~~~~ daniter~~~ GLobalstep:[509][-0.00035519683 2.2312903e-05...]
I tensorflow/core/kernels/logging_ops.cc:79] ~~~~~ daniter~~~ GLobalstep:[509][0.00014395051 0.00013951826...]
I tensorflow/core/kernels/logging_ops.cc:79] ~~~~~ daniter~~~ GLobalstep:[509][7.73316e-05 -4.4261571e-05...]
I tensorflow/core/kernels/logging_ops.cc:79] ~~~~~ daniter~~~ GLobalstep:[512][0.0004507546 0.00016759741...]
I tensorflow/core/kernels/logging_ops.cc:79] ~~~~~ daniter~~~ GLobalstep:[513][-0.0002582373 0.00014883811...]
I tensorflow/core/kernels/logging_ops.cc:79] ~~~~~ daniter~~~ GLobalstep:[513][0.00023870693 0.00015198987...]
I tensorflow/core/kernels/logging_ops.cc:79] ~~~~~ daniter~~~ GLobalstep:[514][2.1848568e-06 1.7604398e-06...]
I tensorflow/core/kernels/logging_ops.cc:79] ~~~~~ daniter~~~ GLobalstep:[516][0.000438585 -6.591047e-05...]
I tensorflow/core/kernels/logging_ops.cc:79] ~~~~~ daniter~~~ GLobalstep:[517][2.3306291e-05 -5.9360566e-05...]
I tensorflow/core/kernels/logging_ops.cc:79] ~~~~~ daniter~~~ GLobalstep:[518][0.00032596965 0.00013998414...]
I tensorflow/core/kernels/logging_ops.cc:79] ~~~~~ daniter~~~ GLobalstep:[518][1.7917993e-05 0.00035548405...]
I tensorflow/core/kernels/logging_ops.cc:79] ~~~~~ daniter~~~ GLobalstep:[520][1.9879777e-05 6.7625137e-05...]
I tensorflow/core/kernels/logging_ops.cc:79] ~~~~~ daniter~~~ GLobalstep:[521][0.00028543573 7.437999e-05...]
I tensorflow/core/kernels/logging_ops.cc:79] ~~~~~ daniter~~~ GLobalstep:[522][0.00023605618 -7.3440766e-05...]
I tensorflow/core/kernels/logging_ops.cc:79] ~~~~~ daniter~~~ GLobalstep:[522][-0.00019621169 0.00017948786...]
I tensorflow/core/kernels/logging_ops.cc:79] ~~~~~ daniter~~~ GLobalstep:[523][-0.00018322506 -0.00013216783...]
I tensorflow/core/kernels/logging_ops.cc:79] ~~~~~ daniter~~~ GLobalstep:[525][-0.00016906562 0.00029320744...]
I tensorflow/core/kernels/logging_ops.cc:79] ~~~~~ daniter~~~ GLobalstep:[526][0.00012604463 -0.00010993279...]
I tensorflow/core/kernels/logging_ops.cc:79] ~~~~~ daniter~~~ GLobalstep:[527][-0.00021246285 0.00015697262...]
I tensorflow/core/kernels/logging_ops.cc:79] ~~~~~ daniter~~~ GLobalstep:[527][0.00040800756 0.0002585788...]
I tensorflow/core/kernels/logging_ops.cc:79] ~~~~~ daniter~~~ GLobalstep:[529][0.00030159691 -9.0142144e-05...]
I tensorflow/core/kernels/logging_ops.cc:79] ~~~~~ daniter~~~ GLobalstep:[530][-0.0002215867 -0.00018631744...]
I tensorflow/core/kernels/logging_ops.cc:79] ~~~~~ daniter~~~ GLobalstep:[530][-8.2446662e-05 -5.3257761e-05...]
I tensorflow/core/kernels/logging_ops.cc:79] ~~~~~ daniter~~~ GLobalstep:[532][-0.00024632103 -5.1949886e-05...]
I tensorflow/core/kernels/logging_ops.cc:79] ~~~~~ daniter~~~ GLobalstep:[532][8.4222534e-05 4.645103e-05...]
I tensorflow/core/kernels/logging_ops.cc:79] ~~~~~ daniter~~~ GLobalstep:[534][0.00015239493 0.00011020483...]
I tensorflow/core/kernels/logging_ops.cc:79] ~~~~~ daniter~~~ GLobalstep:[534][0.00060939242 -0.00018343501...]
I tensorflow/core/kernels/logging_ops.cc:79] ~~~~~ daniter~~~ GLobalstep:[536][1.6291757e-05 0.00021368242...]
I tensorflow/core/kernels/logging_ops.cc:79] ~~~~~ daniter~~~ GLobalstep:[536][-9.9057506e-05 -8.71797e-05...]
I tensorflow/core/kernels/logging_ops.cc:79] ~~~~~ daniter~~~ GLobalstep:[538][-0.0002411983 0.00032231529...]
I tensorflow/core/kernels/logging_ops.cc:79] ~~~~~ daniter~~~ GLobalstep:[539][-0.00053837633 6.4026077e-05...]
I tensorflow/core/kernels/logging_ops.cc:79] ~~~~~ daniter~~~ GLobalstep:[540][-0.00033608946 -0.00019466339...]
I tensorflow/core/kernels/logging_ops.cc:79] ~~~~~ daniter~~~ GLobalstep:[540][-1.3700686e-05 -9.8200158e-05...]
I tensorflow/core/kernels/logging_ops.cc:79] ~~~~~ daniter~~~ GLobalstep:[542][1.6647544e-05 5.7313686e-05...]
I tensorflow/core/kernels/logging_ops.cc:79] ~~~~~ daniter~~~ GLobalstep:[542][0.00040653866 0.0002091519...]
I tensorflow/core/kernels/logging_ops.cc:79] ~~~~~ daniter~~~ GLobalstep:[544][0.00013530113 -0.00013804375...]
I tensorflow/core/kernels/logging_ops.cc:79] ~~~~~ daniter~~~ GLobalstep:[544][0.00018155992 -0.00025942925...]
I tensorflow/core/kernels/logging_ops.cc:79] ~~~~~ daniter~~~ GLobalstep:[546][0.00020874906 3.9029623e-05...]
I tensorflow/core/kernels/logging_ops.cc:79] ~~~~~ daniter~~~ GLobalstep:[546][-0.00078649732 -0.0003370769...]
I tensorflow/core/kernels/logging_ops.cc:79] ~~~~~ daniter~~~ GLobalstep:[547][-0.00039958279 -6.609031e-05...]
I tensorflow/core/kernels/logging_ops.cc:79] ~~~~~ daniter~~~ GLobalstep:[549][-0.00033130695 0.00010826722...]
I tensorflow/core/kernels/logging_ops.cc:79] ~~~~~ daniter~~~ GLobalstep:[549][-8.3620434e-05 -0.00014001197...]
I tensorflow/core/kernels/logging_ops.cc:79] ~~~~~ daniter~~~ GLobalstep:[551][5.6831388e-05 8.8286441e-05...]
I tensorflow/core/kernels/logging_ops.cc:79] ~~~~~ daniter~~~ GLobalstep:[552][-0.00027396102 -0.00013958951...]
I tensorflow/core/kernels/logging_ops.cc:79] ~~~~~ daniter~~~ GLobalstep:[552][4.2303778e-05 0.00011914868...]
I tensorflow/core/kernels/logging_ops.cc:79] ~~~~~ daniter~~~ GLobalstep:[552][-0.00032978583 -0.00015519166...]
I tensorflow/core/kernels/logging_ops.cc:79] ~~~~~ daniter~~~ GLobalstep:[555][7.8375022e-05 1.7577893e-05...]
I tensorflow/core/kernels/logging_ops.cc:79] ~~~~~ daniter~~~ GLobalstep:[556][0.00013364934 -0.00011181334...]
I tensorflow/core/kernels/logging_ops.cc:79] ~~~~~ daniter~~~ GLobalstep:[557][0.00020832178 -0.00012935996...]
I tensorflow/core/kernels/logging_ops.cc:79] ~~~~~ daniter~~~ GLobalstep:[557][-0.00024915492 -0.00098577468...]
I tensorflow/core/kernels/logging_ops.cc:79] ~~~~~ daniter~~~ GLobalstep:[558][-9.5504e-05 -1.5940046e-05...]
I tensorflow/core/kernels/logging_ops.cc:79] ~~~~~ daniter~~~ GLobalstep:[560][-0.00041108622 -0.00010083509...]
I tensorflow/core/kernels/logging_ops.cc:79] ~~~~~ daniter~~~ GLobalstep:[561][-0.00014263079 -8.4730775e-05...]
I tensorflow/core/kernels/logging_ops.cc:79] ~~~~~ daniter~~~ GLobalstep:[561][-4.0350493e-05 -0.00011601623...]
I tensorflow/core/kernels/logging_ops.cc:79] ~~~~~ daniter~~~ GLobalstep:[562][-0.00021477074 -0.00013597831...]
I tensorflow/core/kernels/logging_ops.cc:79] ~~~~~ daniter~~~ GLobalstep:[564][0.00020313446 0.00017702389...]
I tensorflow/core/kernels/logging_ops.cc:79] ~~~~~ daniter~~~ GLobalstep:[564][0.00010815744 2.834786e-05...]
I tensorflow/core/kernels/logging_ops.cc:79] ~~~~~ daniter~~~ GLobalstep:[566][-0.00041221449 0.0004196458...]
I tensorflow/core/kernels/logging_ops.cc:79] ~~~~~ daniter~~~ GLobalstep:[567][9.6860989e-05 0.00027234442...]
I tensorflow/core/kernels/logging_ops.cc:79] ~~~~~ daniter~~~ GLobalstep:[568][4.9738996e-05 0.00012486057...]
I tensorflow/core/kernels/logging_ops.cc:79] ~~~~~ daniter~~~ GLobalstep:[569][0.00010863745 -0.00015387606...]
I tensorflow/core/kernels/logging_ops.cc:79] ~~~~~ daniter~~~ GLobalstep:[569][3.5229772e-05 -8.1242524e-06...]
I tensorflow/core/kernels/logging_ops.cc:79] ~~~~~ daniter~~~ GLobalstep:[571][-0.00021646936 -0.00023297007...]
I tensorflow/core/kernels/logging_ops.cc:79] ~~~~~ daniter~~~ GLobalstep:[572][0.00018612535 0.00033152022...]
I tensorflow/core/kernels/logging_ops.cc:79] ~~~~~ daniter~~~ GLobalstep:[573][-0.00013992257 -0.00012978834...]
I tensorflow/core/kernels/logging_ops.cc:79] ~~~~~ daniter~~~ GLobalstep:[573][-0.000286778 0.00024339871...]
I tensorflow/core/kernels/logging_ops.cc:79] ~~~~~ daniter~~~ GLobalstep:[575][-0.00013418686 0.00028177456...]
I tensorflow/core/kernels/logging_ops.cc:79] ~~~~~ daniter~~~ GLobalstep:[576][-0.00014439861 0.00017432387...]
I tensorflow/core/kernels/logging_ops.cc:79] ~~~~~ daniter~~~ GLobalstep:[577][-0.00022490576 -4.7276517e-05...]
I tensorflow/core/kernels/logging_ops.cc:79] ~~~~~ daniter~~~ GLobalstep:[578][-6.236622e-05 -0.0001684422...]
I tensorflow/core/kernels/logging_ops.cc:79] ~~~~~ daniter~~~ GLobalstep:[579][0.00014905883 -0.00025606103...]
I tensorflow/core/kernels/logging_ops.cc:79] ~~~~~ daniter~~~ GLobalstep:[579][0.00032640924 0.0003226655...]
I tensorflow/core/kernels/logging_ops.cc:79] ~~~~~ daniter~~~ GLobalstep:[581][-0.00047318911 0.00026372843...]
I tensorflow/core/kernels/logging_ops.cc:79] ~~~~~ daniter~~~ GLobalstep:[581][-9.9517223e-05 -3.8287311e-05...]
I tensorflow/core/kernels/logging_ops.cc:79] ~~~~~ daniter~~~ GLobalstep:[583][-0.00027654745 -1.9861751e-05...]
I tensorflow/core/kernels/logging_ops.cc:79] ~~~~~ daniter~~~ GLobalstep:[583][0.00011996094 6.1398714e-06...]
I tensorflow/core/kernels/logging_ops.cc:79] ~~~~~ daniter~~~ GLobalstep:[584][0.0002469774 0.00016717571...]
I tensorflow/core/kernels/logging_ops.cc:79] ~~~~~ daniter~~~ GLobalstep:[584][2.8913419e-05 -0.00025143547...]
I tensorflow/core/kernels/logging_ops.cc:79] ~~~~~ daniter~~~ GLobalstep:[587][5.6078403e-05 0.00011011739...]
I tensorflow/core/kernels/logging_ops.cc:79] ~~~~~ daniter~~~ GLobalstep:[588][0.00015809236 0.00014469086...]
I tensorflow/core/kernels/logging_ops.cc:79] ~~~~~ daniter~~~ GLobalstep:[588][-0.00029164055 8.8052017e-05...]
I tensorflow/core/kernels/logging_ops.cc:79] ~~~~~ daniter~~~ GLobalstep:[588][0.000297833 0.00045082733...]
I tensorflow/core/kernels/logging_ops.cc:79] ~~~~~ daniter~~~ GLobalstep:[591][0.00019120303 -9.1859911e-05...]
I tensorflow/core/kernels/logging_ops.cc:79] ~~~~~ daniter~~~ GLobalstep:[592][0.00027786507 5.227478e-05...]
I tensorflow/core/kernels/logging_ops.cc:79] ~~~~~ daniter~~~ GLobalstep:[592][-0.00019468054 -3.5024248e-05...]
I tensorflow/core/kernels/logging_ops.cc:79] ~~~~~ daniter~~~ GLobalstep:[594][0.00043706491 2.7854227e-05...]
I tensorflow/core/kernels/logging_ops.cc:79] ~~~~~ daniter~~~ GLobalstep:[594][-2.4847146e-05 -0.00029606791...]
I tensorflow/core/kernels/logging_ops.cc:79] ~~~~~ daniter~~~ GLobalstep:[596][-7.1751536e-05 -8.1747785e-05...]
I tensorflow/core/kernels/logging_ops.cc:79] ~~~~~ daniter~~~ GLobalstep:[597][-0.00018469481 -7.1192007e-05...]
I tensorflow/core/kernels/logging_ops.cc:79] ~~~~~ daniter~~~ GLobalstep:[598][-0.00023504038 0.00020011811...]
I tensorflow/core/kernels/logging_ops.cc:79] ~~~~~ daniter~~~ GLobalstep:[598][-0.00037918121 -0.0001658887...]
I tensorflow/core/kernels/logging_ops.cc:79] ~~~~~ daniter~~~ GLobalstep:[600][0.00031791048 0.00011752748...]
I tensorflow/core/kernels/logging_ops.cc:79] ~~~~~ daniter~~~ GLobalstep:[600][1.7588533e-05 0.00011933182...]
I tensorflow/core/kernels/logging_ops.cc:79] ~~~~~ daniter~~~ GLobalstep:[602][-0.00018535236 -9.1104957e-05...]
I tensorflow/core/kernels/logging_ops.cc:79] ~~~~~ daniter~~~ GLobalstep:[603][-0.00023112194 -5.8324258e-05...]
I tensorflow/core/kernels/logging_ops.cc:79] ~~~~~ daniter~~~ GLobalstep:[604][0.00022145896 0.0001867712...]
I tensorflow/core/kernels/logging_ops.cc:79] ~~~~~ daniter~~~ GLobalstep:[604][0.00012760363 9.5189593e-05...]
I tensorflow/core/kernels/logging_ops.cc:79] ~~~~~ daniter~~~ GLobalstep:[606][-6.5795844e-05 -0.00043170631...]
I tensorflow/core/kernels/logging_ops.cc:79] ~~~~~ daniter~~~ GLobalstep:[607][-5.7049507e-05 8.302238e-05...]
I tensorflow/core/kernels/logging_ops.cc:79] ~~~~~ daniter~~~ GLobalstep:[608][0.00012739551 8.5570864e-05...]
I tensorflow/core/kernels/logging_ops.cc:79] ~~~~~ daniter~~~ GLobalstep:[608][0.00033147974 0.00012213537...]
I tensorflow/core/kernels/logging_ops.cc:79] ~~~~~ daniter~~~ GLobalstep:[610][-0.00016577993 -2.3961094e-05...]
I tensorflow/core/kernels/logging_ops.cc:79] ~~~~~ daniter~~~ GLobalstep:[610][-0.00047880856 -0.00014274663...]
I tensorflow/core/kernels/logging_ops.cc:79] ~~~~~ daniter~~~ GLobalstep:[612][0.00044145944 0.00029979617...]
I tensorflow/core/kernels/logging_ops.cc:79] ~~~~~ daniter~~~ GLobalstep:[613][4.2295498e-05 -8.0380538e-05...]
I tensorflow/core/kernels/logging_ops.cc:79] ~~~~~ daniter~~~ GLobalstep:[614][-0.00037634443 5.6045086e-05...]
I tensorflow/core/kernels/logging_ops.cc:79] ~~~~~ daniter~~~ GLobalstep:[614][2.6619364e-05 0.00025227145...]
I tensorflow/core/kernels/logging_ops.cc:79] ~~~~~ daniter~~~ GLobalstep:[616][-8.7111068e-05 -0.00013512709...]
I tensorflow/core/kernels/logging_ops.cc:79] ~~~~~ daniter~~~ GLobalstep:[616][-7.3109753e-05 0.00013013688...]
I tensorflow/core/kernels/logging_ops.cc:79] ~~~~~ daniter~~~ GLobalstep:[618][-0.00010608584 -0.00019609998...]
I tensorflow/core/kernels/logging_ops.cc:79] ~~~~~ daniter~~~ GLobalstep:[618][0.00022037912 -0.00030883111...]
I tensorflow/core/kernels/logging_ops.cc:79] ~~~~~ daniter~~~ GLobalstep:[620][-0.00025672582 0.00010678692...]
I tensorflow/core/kernels/logging_ops.cc:79] ~~~~~ daniter~~~ GLobalstep:[620][3.09136e-05 5.9536964e-05...]
I tensorflow/core/kernels/logging_ops.cc:79] ~~~~~ daniter~~~ GLobalstep:[622][-9.9322933e-05 0.0002744568...]
I tensorflow/core/kernels/logging_ops.cc:79] ~~~~~ daniter~~~ GLobalstep:[623][0.00019636628 0.0001546155...]
I tensorflow/core/kernels/logging_ops.cc:79] ~~~~~ daniter~~~ GLobalstep:[624][5.9225764e-05 8.2878527e-05...]
I tensorflow/core/kernels/logging_ops.cc:79] ~~~~~ daniter~~~ GLobalstep:[624][0.00037624675 0.00052682281...]
I tensorflow/core/kernels/logging_ops.cc:79] ~~~~~ daniter~~~ GLobalstep:[626][6.32484e-05 -0.0003026982...]
I tensorflow/core/kernels/logging_ops.cc:79] ~~~~~ daniter~~~ GLobalstep:[626][-0.00026090411 -0.00026146031...]
I tensorflow/core/kernels/logging_ops.cc:79] ~~~~~ daniter~~~ GLobalstep:[628][0.0001106946 -0.00043253289...]
I tensorflow/core/kernels/logging_ops.cc:79] ~~~~~ daniter~~~ GLobalstep:[628][0.00030019713 0.00010661837...]
I tensorflow/core/kernels/logging_ops.cc:79] ~~~~~ daniter~~~ GLobalstep:[630][0.00014649352 5.7540034e-05...]
I tensorflow/core/kernels/logging_ops.cc:79] ~~~~~ daniter~~~ GLobalstep:[630][-4.5500419e-05 -2.5559521e-05...]
I tensorflow/core/kernels/logging_ops.cc:79] ~~~~~ daniter~~~ GLobalstep:[632][0.00021708476 2.1191689e-05...]
I tensorflow/core/kernels/logging_ops.cc:79] ~~~~~ daniter~~~ GLobalstep:[632][-0.00015850733 -0.00012066441...]
I tensorflow/core/kernels/logging_ops.cc:79] ~~~~~ daniter~~~ GLobalstep:[634][-0.00058133248 2.0675641e-05...]
I tensorflow/core/kernels/logging_ops.cc:79] ~~~~~ daniter~~~ GLobalstep:[634][-0.00068571593 8.2962215e-05...]
I tensorflow/core/kernels/logging_ops.cc:79] ~~~~~ daniter~~~ GLobalstep:[635][-0.00028846407 0.00013999228...]
I tensorflow/core/kernels/logging_ops.cc:79] ~~~~~ daniter~~~ GLobalstep:[635][0.00021996572 0.00019886474...]
I tensorflow/core/kernels/logging_ops.cc:79] ~~~~~ daniter~~~ GLobalstep:[638][0.0002559851 9.7319544e-06...]
I tensorflow/core/kernels/logging_ops.cc:79] ~~~~~ daniter~~~ GLobalstep:[639][0.00024261085 0.0004802566...]
I tensorflow/core/kernels/logging_ops.cc:79] ~~~~~ daniter~~~ GLobalstep:[639][0.00012685811 0.00019662712...]
I tensorflow/core/kernels/logging_ops.cc:79] ~~~~~ daniter~~~ GLobalstep:[641][0.00068687287 0.00033440362...]
I tensorflow/core/kernels/logging_ops.cc:79] ~~~~~ daniter~~~ GLobalstep:[642][-0.00011353406 -3.7894537e-05...]
I tensorflow/core/kernels/logging_ops.cc:79] ~~~~~ daniter~~~ GLobalstep:[642][6.4388252e-05 -0.00045128184...]
I tensorflow/core/kernels/logging_ops.cc:79] ~~~~~ daniter~~~ GLobalstep:[644][-0.00047887533 9.3835719e-05...]
I tensorflow/core/kernels/logging_ops.cc:79] ~~~~~ daniter~~~ GLobalstep:[644][-0.00038069635 -0.00018110688...]
I tensorflow/core/kernels/logging_ops.cc:79] ~~~~~ daniter~~~ GLobalstep:[646][0.00019082775 9.9021367e-05...]
I tensorflow/core/kernels/logging_ops.cc:79] ~~~~~ daniter~~~ GLobalstep:[646][-0.00036748717 -6.9159527e-05...]
I tensorflow/core/kernels/logging_ops.cc:79] ~~~~~ daniter~~~ GLobalstep:[648][0.00014091472 1.0576579e-05...]
I tensorflow/core/kernels/logging_ops.cc:79] ~~~~~ daniter~~~ GLobalstep:[648][-0.00017710088 -0.00044950677...]
I tensorflow/core/kernels/logging_ops.cc:79] ~~~~~ daniter~~~ GLobalstep:[650][0.00029636957 0.0001724348...]
I tensorflow/core/kernels/logging_ops.cc:79] ~~~~~ daniter~~~ GLobalstep:[650][-9.2692368e-05 -5.8746369e-05...]
I tensorflow/core/kernels/logging_ops.cc:79] ~~~~~ daniter~~~ GLobalstep:[652][0.00041462752 -8.82298e-05...]
I tensorflow/core/kernels/logging_ops.cc:79] ~~~~~ daniter~~~ GLobalstep:[653][0.00038761323 2.4646366e-05...]
I tensorflow/core/kernels/logging_ops.cc:79] ~~~~~ daniter~~~ GLobalstep:[653][0.00065396685 0.00038159313...]
I tensorflow/core/kernels/logging_ops.cc:79] ~~~~~ daniter~~~ GLobalstep:[655][-0.00060243544 -0.00014220522...]
I tensorflow/core/kernels/logging_ops.cc:79] ~~~~~ daniter~~~ GLobalstep:[655][-0.00045128979 -0.00010806843...]
I tensorflow/core/kernels/logging_ops.cc:79] ~~~~~ daniter~~~ GLobalstep:[657][-0.00022952221 -0.00023208419...]
I tensorflow/core/kernels/logging_ops.cc:79] ~~~~~ daniter~~~ GLobalstep:[657][-0.00033624115 -0.000101096...]
I tensorflow/core/kernels/logging_ops.cc:79] ~~~~~ daniter~~~ GLobalstep:[659][0.00013313512 -0.00010832822...]
I tensorflow/core/kernels/logging_ops.cc:79] ~~~~~ daniter~~~ GLobalstep:[660][-0.00029405352 2.5251347e-05...]
I tensorflow/core/kernels/logging_ops.cc:79] ~~~~~ daniter~~~ GLobalstep:[661][0.00024131726 0.00039520647...]
I tensorflow/core/kernels/logging_ops.cc:79] ~~~~~ daniter~~~ GLobalstep:[661][3.6819852e-06 7.5296353e-05...]
I tensorflow/core/kernels/logging_ops.cc:79] ~~~~~ daniter~~~ GLobalstep:[663][-0.00047985298 -9.8931989e-05...]
I tensorflow/core/kernels/logging_ops.cc:79] ~~~~~ daniter~~~ GLobalstep:[664][0.00042861194 -0.00028344762...]
I tensorflow/core/kernels/logging_ops.cc:79] ~~~~~ daniter~~~ GLobalstep:[665][0.00034202062 -0.00012150989...]
I tensorflow/core/kernels/logging_ops.cc:79] ~~~~~ daniter~~~ GLobalstep:[665][-0.00076473819 -0.00011950741...]
I tensorflow/core/kernels/logging_ops.cc:79] ~~~~~ daniter~~~ GLobalstep:[666][-0.00025392813 -0.00042258736...]
I tensorflow/core/kernels/logging_ops.cc:79] ~~~~~ daniter~~~ GLobalstep:[668][-6.6168366e-05 0.00012718668...]
I tensorflow/core/kernels/logging_ops.cc:79] ~~~~~ daniter~~~ GLobalstep:[669][6.7568151e-05 0.00014026152...]
I tensorflow/core/kernels/logging_ops.cc:79] ~~~~~ daniter~~~ GLobalstep:[670][-0.00042526989 0.00011508187...]
I tensorflow/core/kernels/logging_ops.cc:79] ~~~~~ daniter~~~ GLobalstep:[670][-4.3578038e-05 7.6632306e-05...]
I tensorflow/core/kernels/logging_ops.cc:79] ~~~~~ daniter~~~ GLobalstep:[672][-0.00014581512 4.0676452e-05...]
I tensorflow/core/kernels/logging_ops.cc:79] ~~~~~ daniter~~~ GLobalstep:[672][0.00012647442 -8.3932158e-05...]
I tensorflow/core/kernels/logging_ops.cc:79] ~~~~~ daniter~~~ GLobalstep:[674][2.5759411e-05 -9.2592963e-05...]
I tensorflow/core/kernels/logging_ops.cc:79] ~~~~~ daniter~~~ GLobalstep:[674][-0.00067694054 3.7819176e-05...]
I tensorflow/core/kernels/logging_ops.cc:79] ~~~~~ daniter~~~ GLobalstep:[676][0.00010209616 -0.00018632149...]
I tensorflow/core/kernels/logging_ops.cc:79] ~~~~~ daniter~~~ GLobalstep:[677][-0.00039208709 -2.1237338e-05...]
I tensorflow/core/kernels/logging_ops.cc:79] ~~~~~ daniter~~~ GLobalstep:[677][-0.00013281911 0.00012039252...]
I tensorflow/core/kernels/logging_ops.cc:79] ~~~~~ daniter~~~ GLobalstep:[679][-0.00012034197 -0.00033010534...]
I tensorflow/core/kernels/logging_ops.cc:79] ~~~~~ daniter~~~ GLobalstep:[679][-0.00031039337 0.00011307778...]
I tensorflow/core/kernels/logging_ops.cc:79] ~~~~~ daniter~~~ GLobalstep:[681][-0.00010215469 -0.00036914181...]
I tensorflow/core/kernels/logging_ops.cc:79] ~~~~~ daniter~~~ GLobalstep:[682][-0.0001939941 6.8076224e-05...]
I tensorflow/core/kernels/logging_ops.cc:79] ~~~~~ daniter~~~ GLobalstep:[683][0.00043017659 -0.00019074068...]
I tensorflow/core/kernels/logging_ops.cc:79] ~~~~~ daniter~~~ GLobalstep:[683][0.00027353116 0.00019425071...]
I tensorflow/core/kernels/logging_ops.cc:79] ~~~~~ daniter~~~ GLobalstep:[685][-0.00044262144 7.4631564e-05...]
I tensorflow/core/kernels/logging_ops.cc:79] ~~~~~ daniter~~~ GLobalstep:[686][0.0001427979 0.00022848304...]
I tensorflow/core/kernels/logging_ops.cc:79] ~~~~~ daniter~~~ GLobalstep:[687][0.00039825734 0.00019193217...]
I tensorflow/core/kernels/logging_ops.cc:79] ~~~~~ daniter~~~ GLobalstep:[688][-0.00013582212 0.00014100403...]
I tensorflow/core/kernels/logging_ops.cc:79] ~~~~~ daniter~~~ GLobalstep:[689][-0.00013982919 -0.00029124241...]
I tensorflow/core/kernels/logging_ops.cc:79] ~~~~~ daniter~~~ GLobalstep:[689][1.0556346e-05 -5.5230266e-05...]
I tensorflow/core/kernels/logging_ops.cc:79] ~~~~~ daniter~~~ GLobalstep:[691][-0.0003572744 -0.00041876067...]
I tensorflow/core/kernels/logging_ops.cc:79] ~~~~~ daniter~~~ GLobalstep:[691][-5.1566127e-05 -0.00010491314...]
I tensorflow/core/kernels/logging_ops.cc:79] ~~~~~ daniter~~~ GLobalstep:[693][8.2758248e-05 -0.00020379185...]
I tensorflow/core/kernels/logging_ops.cc:79] ~~~~~ daniter~~~ GLobalstep:[694][-0.0001945916 0.0001203889...]
I tensorflow/core/kernels/logging_ops.cc:79] ~~~~~ daniter~~~ GLobalstep:[694][0.00024719423 0.0001921435...]
I tensorflow/core/kernels/logging_ops.cc:79] ~~~~~ daniter~~~ GLobalstep:[695][0.00033081957 9.5490752e-05...]
I tensorflow/core/kernels/logging_ops.cc:79] ~~~~~ daniter~~~ GLobalstep:[697][-0.00037630484 -0.00023928277...]
I tensorflow/core/kernels/logging_ops.cc:79] ~~~~~ daniter~~~ GLobalstep:[698][-3.8569047e-05 0.00011934387...]
I tensorflow/core/kernels/logging_ops.cc:79] ~~~~~ daniter~~~ GLobalstep:[699][6.694995e-05 -4.5205452e-05...]
I tensorflow/core/kernels/logging_ops.cc:79] ~~~~~ daniter~~~ GLobalstep:[699][0.00032745782 -4.4630564e-05...]
I tensorflow/core/kernels/logging_ops.cc:79] ~~~~~ daniter~~~ GLobalstep:[700][-0.00039957016 0.00011625812...]
I tensorflow/core/kernels/logging_ops.cc:79] ~~~~~ daniter~~~ GLobalstep:[702][0.00012468101 0.00027422272...]
I tensorflow/core/kernels/logging_ops.cc:79] ~~~~~ daniter~~~ GLobalstep:[703][0.00015862923 -0.00024942623...]
I tensorflow/core/kernels/logging_ops.cc:79] ~~~~~ daniter~~~ GLobalstep:[704][0.00036367154 0.00039710753...]
I tensorflow/core/kernels/logging_ops.cc:79] ~~~~~ daniter~~~ GLobalstep:[704][-0.00047160045 -0.00043220277...]
I tensorflow/core/kernels/logging_ops.cc:79] ~~~~~ daniter~~~ GLobalstep:[706][-4.9156093e-05 -0.00031569196...]
I tensorflow/core/kernels/logging_ops.cc:79] ~~~~~ daniter~~~ GLobalstep:[707][-0.00010566077 0.00010050672...]
I tensorflow/core/kernels/logging_ops.cc:79] ~~~~~ daniter~~~ GLobalstep:[708][-0.00076529849 -0.0002590206...]
I tensorflow/core/kernels/logging_ops.cc:79] ~~~~~ daniter~~~ GLobalstep:[708][3.1842072e-05 0.00039377797...]
I tensorflow/core/kernels/logging_ops.cc:79] ~~~~~ daniter~~~ GLobalstep:[710][0.00016837985 -0.00028814469...]
I tensorflow/core/kernels/logging_ops.cc:79] ~~~~~ daniter~~~ GLobalstep:[710][0.00050242658 -0.00024693878...]
I tensorflow/core/kernels/logging_ops.cc:79] ~~~~~ daniter~~~ GLobalstep:[712][4.3881846e-07 0.00011713096...]
I tensorflow/core/kernels/logging_ops.cc:79] ~~~~~ daniter~~~ GLobalstep:[712][4.4671433e-05 -0.00027562605...]
I tensorflow/core/kernels/logging_ops.cc:79] ~~~~~ daniter~~~ GLobalstep:[714][-0.00037807255 -0.00029653733...]
I tensorflow/core/kernels/logging_ops.cc:79] ~~~~~ daniter~~~ GLobalstep:[715][-7.8289035e-05 7.4742184e-06...]
I tensorflow/core/kernels/logging_ops.cc:79] ~~~~~ daniter~~~ GLobalstep:[716][-0.0001156864 4.9233502e-05...]
I tensorflow/core/kernels/logging_ops.cc:79] ~~~~~ daniter~~~ GLobalstep:[716][-0.00064781931 3.881094e-05...]
I tensorflow/core/kernels/logging_ops.cc:79] ~~~~~ daniter~~~ GLobalstep:[717][-0.00025190326 0.00013647994...]
I tensorflow/core/kernels/logging_ops.cc:79] ~~~~~ daniter~~~ GLobalstep:[719][-0.00023973463 0.00026590863...]
I tensorflow/core/kernels/logging_ops.cc:79] ~~~~~ daniter~~~ GLobalstep:[720][-0.00014886606 6.097951e-05...]
I tensorflow/core/kernels/logging_ops.cc:79] ~~~~~ daniter~~~ GLobalstep:[721][-0.00018253671 -0.000142727...]
I tensorflow/core/kernels/logging_ops.cc:79] ~~~~~ daniter~~~ GLobalstep:[721][-0.00047845618 -0.00050521252...]
I tensorflow/core/kernels/logging_ops.cc:79] ~~~~~ daniter~~~ GLobalstep:[722][0.00011749657 -4.8646296e-05...]
I tensorflow/core/kernels/logging_ops.cc:79] ~~~~~ daniter~~~ GLobalstep:[723][0.00012319673 0.00038175919...]
I tensorflow/core/kernels/logging_ops.cc:79] ~~~~~ daniter~~~ GLobalstep:[725][0.000781946 -0.000104282...]
I tensorflow/core/kernels/logging_ops.cc:79] ~~~~~ daniter~~~ GLobalstep:[726][6.7518064e-05 -7.7059842e-05...]
I tensorflow/core/kernels/logging_ops.cc:79] ~~~~~ daniter~~~ GLobalstep:[726][0.00017596144 -9.552914e-05...]
I tensorflow/core/kernels/logging_ops.cc:79] ~~~~~ daniter~~~ GLobalstep:[727][-3.4834891e-05 -4.4030116e-05...]
I tensorflow/core/kernels/logging_ops.cc:79] ~~~~~ daniter~~~ GLobalstep:[729][0.00027516225 0.00010698289...]
I tensorflow/core/kernels/logging_ops.cc:79] ~~~~~ daniter~~~ GLobalstep:[730][-0.0002398574 0.00013153083...]
I tensorflow/core/kernels/logging_ops.cc:79] ~~~~~ daniter~~~ GLobalstep:[730][0.00039901136 -2.1050537e-05...]
I tensorflow/core/kernels/logging_ops.cc:79] ~~~~~ daniter~~~ GLobalstep:[730][7.3522271e-05 -0.00024939218...]
I tensorflow/core/kernels/logging_ops.cc:79] ~~~~~ daniter~~~ GLobalstep:[733][-2.1919966e-05 -0.00024467788...]
I tensorflow/core/kernels/logging_ops.cc:79] ~~~~~ daniter~~~ GLobalstep:[734][-4.2877902e-05 -9.5846393e-05...]
I tensorflow/core/kernels/logging_ops.cc:79] ~~~~~ daniter~~~ GLobalstep:[735][-0.00046193282 -0.0001978925...]
I tensorflow/core/kernels/logging_ops.cc:79] ~~~~~ daniter~~~ GLobalstep:[736][-0.00012735352 4.1404644e-05...]
I tensorflow/core/kernels/logging_ops.cc:79] ~~~~~ daniter~~~ GLobalstep:[736][0.00016494581 0.00010309258...]
I tensorflow/core/kernels/logging_ops.cc:79] ~~~~~ daniter~~~ GLobalstep:[738][0.00024020032 0.00015003841...]
I tensorflow/core/kernels/logging_ops.cc:79] ~~~~~ daniter~~~ GLobalstep:[738][8.9485693e-05 8.50515e-05...]
I tensorflow/core/kernels/logging_ops.cc:79] ~~~~~ daniter~~~ GLobalstep:[740][-0.00015619164 3.1457323e-05...]
I tensorflow/core/kernels/logging_ops.cc:79] ~~~~~ daniter~~~ GLobalstep:[740][0.00018287658 1.6629449e-05...]
I tensorflow/core/kernels/logging_ops.cc:79] ~~~~~ daniter~~~ GLobalstep:[742][-4.063324e-05 -0.00010746624...]
I tensorflow/core/kernels/logging_ops.cc:79] ~~~~~ daniter~~~ GLobalstep:[742][-1.2576053e-05 0.00014253195...]
I tensorflow/core/kernels/logging_ops.cc:79] ~~~~~ daniter~~~ GLobalstep:[744][8.4991574e-05 0.00044060231...]
I tensorflow/core/kernels/logging_ops.cc:79] ~~~~~ daniter~~~ GLobalstep:[744][0.000291745 -0.0001314541...]
I tensorflow/core/kernels/logging_ops.cc:79] ~~~~~ daniter~~~ GLobalstep:[745][0.00035404359 -2.4423651e-05...]
I tensorflow/core/kernels/logging_ops.cc:79] ~~~~~ daniter~~~ GLobalstep:[746][-3.0659034e-05 0.00023400124...]
I tensorflow/core/kernels/logging_ops.cc:79] ~~~~~ daniter~~~ GLobalstep:[748][0.00020566882 -8.01912e-05...]
I tensorflow/core/kernels/logging_ops.cc:79] ~~~~~ daniter~~~ GLobalstep:[749][-0.0003463985 3.58125e-05...]
I tensorflow/core/kernels/logging_ops.cc:79] ~~~~~ daniter~~~ GLobalstep:[749][-0.00017614172 6.22028e-05...]
I tensorflow/core/kernels/logging_ops.cc:79] ~~~~~ daniter~~~ GLobalstep:[751][3.796383e-05 4.505059e-05...]
I tensorflow/core/kernels/logging_ops.cc:79] ~~~~~ daniter~~~ GLobalstep:[752][-0.0002306129 7.3047318e-05...]
I tensorflow/core/kernels/logging_ops.cc:79] ~~~~~ daniter~~~ GLobalstep:[753][-0.00019686832 -0.00032217189...]
I tensorflow/core/kernels/logging_ops.cc:79] ~~~~~ daniter~~~ GLobalstep:[754][0.00042111092 -0.00015829338...]
I tensorflow/core/kernels/logging_ops.cc:79] ~~~~~ daniter~~~ GLobalstep:[754][2.0347448e-05 3.876592e-05...]
I tensorflow/core/kernels/logging_ops.cc:79] ~~~~~ daniter~~~ GLobalstep:[756][-0.00052329228 -0.00018343638...]
I tensorflow/core/kernels/logging_ops.cc:79] ~~~~~ daniter~~~ GLobalstep:[757][-0.00027823553 3.9030743e-05...]
I tensorflow/core/kernels/logging_ops.cc:79] ~~~~~ daniter~~~ GLobalstep:[758][-0.00011114062 2.0058013e-05...]
I tensorflow/core/kernels/logging_ops.cc:79] ~~~~~ daniter~~~ GLobalstep:[758][0.00018058947 -0.00020273271...]
I tensorflow/core/kernels/logging_ops.cc:79] ~~~~~ daniter~~~ GLobalstep:[760][0.00020882383 0.00014043586...]
I tensorflow/core/kernels/logging_ops.cc:79] ~~~~~ daniter~~~ GLobalstep:[760][6.154985e-05 0.00023390581...]
I tensorflow/core/kernels/logging_ops.cc:79] ~~~~~ daniter~~~ GLobalstep:[762][-0.00024378207 0.00023293609...]
I tensorflow/core/kernels/logging_ops.cc:79] ~~~~~ daniter~~~ GLobalstep:[763][-2.9768751e-05 -0.00010697775...]
I tensorflow/core/kernels/logging_ops.cc:79] ~~~~~ daniter~~~ GLobalstep:[764][-0.00020066512 -4.1136769e-05...]
I tensorflow/core/kernels/logging_ops.cc:79] ~~~~~ daniter~~~ GLobalstep:[765][-3.658803e-05 0.00016227469...]
I tensorflow/core/kernels/logging_ops.cc:79] ~~~~~ daniter~~~ GLobalstep:[765][0.00014102779 -1.4160845e-05...]
I tensorflow/core/kernels/logging_ops.cc:79] ~~~~~ daniter~~~ GLobalstep:[767][-0.00015680681 0.00026690698...]
I tensorflow/core/kernels/logging_ops.cc:79] ~~~~~ daniter~~~ GLobalstep:[768][-2.3952123e-05 -0.00043177733...]
I tensorflow/core/kernels/logging_ops.cc:79] ~~~~~ daniter~~~ GLobalstep:[769][-0.000304354 -0.00017007989...]
I tensorflow/core/kernels/logging_ops.cc:79] ~~~~~ daniter~~~ GLobalstep:[770][-0.00022341369 0.00038279552...]
I tensorflow/core/kernels/logging_ops.cc:79] ~~~~~ daniter~~~ GLobalstep:[770][0.00032429205 1.0470761e-05...]
I tensorflow/core/kernels/logging_ops.cc:79] ~~~~~ daniter~~~ GLobalstep:[770][0.00014717675 -0.00023851676...]
I tensorflow/core/kernels/logging_ops.cc:79] ~~~~~ daniter~~~ GLobalstep:[773][0.00036470909 -5.0570234e-06...]
I tensorflow/core/kernels/logging_ops.cc:79] ~~~~~ daniter~~~ GLobalstep:[774][-0.00042295648 4.0458104e-05...]
I tensorflow/core/kernels/logging_ops.cc:79] ~~~~~ daniter~~~ GLobalstep:[775][-0.0002018934 0.0001139299...]
I tensorflow/core/kernels/logging_ops.cc:79] ~~~~~ daniter~~~ GLobalstep:[775][-4.5637069e-05 1.1916392e-05...]
I tensorflow/core/kernels/logging_ops.cc:79] ~~~~~ daniter~~~ GLobalstep:[777][-0.00014569201 -7.3394476e-05...]
I tensorflow/core/kernels/logging_ops.cc:79] ~~~~~ daniter~~~ GLobalstep:[778][0.00034855455 4.7804961e-06...]
I tensorflow/core/kernels/logging_ops.cc:79] ~~~~~ daniter~~~ GLobalstep:[779][0.00040020462 0.00012704707...]
I tensorflow/core/kernels/logging_ops.cc:79] ~~~~~ daniter~~~ GLobalstep:[780][0.00018210232 8.0704616e-05...]
I tensorflow/core/kernels/logging_ops.cc:79] ~~~~~ daniter~~~ GLobalstep:[780][-2.0029225e-05 -0.00028308338...]
I tensorflow/core/kernels/logging_ops.cc:79] ~~~~~ daniter~~~ GLobalstep:[782][-0.00023352136 0.00019972841...]
I tensorflow/core/kernels/logging_ops.cc:79] ~~~~~ daniter~~~ GLobalstep:[783][-0.00013876772 -0.00025605416...]
I tensorflow/core/kernels/logging_ops.cc:79] ~~~~~ daniter~~~ GLobalstep:[784][-0.00018235655 -3.9638926e-06...]
I tensorflow/core/kernels/logging_ops.cc:79] ~~~~~ daniter~~~ GLobalstep:[784][-4.7813952e-05 -4.4642577e-05...]
I tensorflow/core/kernels/logging_ops.cc:79] ~~~~~ daniter~~~ GLobalstep:[786][-0.00096240523 -4.1558473e-05...]
I tensorflow/core/kernels/logging_ops.cc:79] ~~~~~ daniter~~~ GLobalstep:[787][0.00015962585 -0.0002501008...]
I tensorflow/core/kernels/logging_ops.cc:79] ~~~~~ daniter~~~ GLobalstep:[788][9.0250847e-05 0.00023359979...]
I tensorflow/core/kernels/logging_ops.cc:79] ~~~~~ daniter~~~ GLobalstep:[788][-6.6615445e-05 1.9407091e-05...]
I tensorflow/core/kernels/logging_ops.cc:79] ~~~~~ daniter~~~ GLobalstep:[790][0.00061206653 -0.00012271872...]
I tensorflow/core/kernels/logging_ops.cc:79] ~~~~~ daniter~~~ GLobalstep:[791][8.6882523e-05 0.00014786316...]
I tensorflow/core/kernels/logging_ops.cc:79] ~~~~~ daniter~~~ GLobalstep:[792][-0.00026451712 1.8024619e-05...]
I tensorflow/core/kernels/logging_ops.cc:79] ~~~~~ daniter~~~ GLobalstep:[792][-7.5010954e-05 8.8185145e-05...]
I tensorflow/core/kernels/logging_ops.cc:79] ~~~~~ daniter~~~ GLobalstep:[794][-0.00029081368 -0.00010953456...]
I tensorflow/core/kernels/logging_ops.cc:79] ~~~~~ daniter~~~ GLobalstep:[795][-0.00065724534 0.00025619814...]
I tensorflow/core/kernels/logging_ops.cc:79] ~~~~~ daniter~~~ GLobalstep:[796][-6.0595372e-05 -0.00048423148...]
I tensorflow/core/kernels/logging_ops.cc:79] ~~~~~ daniter~~~ GLobalstep:[797][4.735012e-05 5.4531989e-05...]
I tensorflow/core/kernels/logging_ops.cc:79] ~~~~~ daniter~~~ GLobalstep:[797][-0.0002407336 0.00036834186...]
I tensorflow/core/kernels/logging_ops.cc:79] ~~~~~ daniter~~~ GLobalstep:[799][-0.00013973983 0.00017730962...]
I tensorflow/core/kernels/logging_ops.cc:79] ~~~~~ daniter~~~ GLobalstep:[800][0.00019097507 -0.00030561851...]
I tensorflow/core/kernels/logging_ops.cc:79] ~~~~~ daniter~~~ GLobalstep:[800][-3.2145606e-05 -0.0002336519...]
I tensorflow/core/kernels/logging_ops.cc:79] ~~~~~ daniter~~~ GLobalstep:[800][4.6080269e-05 -0.00018581141...]
I tensorflow/core/kernels/logging_ops.cc:79] ~~~~~ daniter~~~ GLobalstep:[803][0.00035324533 0.00016674497...]
I tensorflow/core/kernels/logging_ops.cc:79] ~~~~~ daniter~~~ GLobalstep:[804][-0.00025764227 -0.00012269456...]
I tensorflow/core/kernels/logging_ops.cc:79] ~~~~~ daniter~~~ GLobalstep:[804][8.9894944e-05 0.00022851126...]
I tensorflow/core/kernels/logging_ops.cc:79] ~~~~~ daniter~~~ GLobalstep:[806][1.2664555e-06 -0.00011516128...]
I tensorflow/core/kernels/logging_ops.cc:79] ~~~~~ daniter~~~ GLobalstep:[807][-0.00029842847 -0.00022006755...]
I tensorflow/core/kernels/logging_ops.cc:79] ~~~~~ daniter~~~ GLobalstep:[808][-0.000161704 2.7255159e-05...]
I tensorflow/core/kernels/logging_ops.cc:79] ~~~~~ daniter~~~ GLobalstep:[809][-0.00026187845 0.0002813889...]
I tensorflow/core/kernels/logging_ops.cc:79] ~~~~~ daniter~~~ GLobalstep:[809][0.00039634595 6.966175e-05...]
I tensorflow/core/kernels/logging_ops.cc:79] ~~~~~ daniter~~~ GLobalstep:[811][-0.00020431071 -8.9292589e-05...]
I tensorflow/core/kernels/logging_ops.cc:79] ~~~~~ daniter~~~ GLobalstep:[812][-3.4968e-05 1.3196876e-05...]
I tensorflow/core/kernels/logging_ops.cc:79] ~~~~~ daniter~~~ GLobalstep:[813][-0.00015162784 0.00038664584...]
I tensorflow/core/kernels/logging_ops.cc:79] ~~~~~ daniter~~~ GLobalstep:[813][-0.00015875325 0.00021700906...]
I tensorflow/core/kernels/logging_ops.cc:79] ~~~~~ daniter~~~ GLobalstep:[815][0.00029508653 -0.00011690777...]
I tensorflow/core/kernels/logging_ops.cc:79] ~~~~~ daniter~~~ GLobalstep:[815][-1.2238413e-05 6.6059445e-05...]
I tensorflow/core/kernels/logging_ops.cc:79] ~~~~~ daniter~~~ GLobalstep:[817][-1.600631e-05 -3.8862308e-06...]
I tensorflow/core/kernels/logging_ops.cc:79] ~~~~~ daniter~~~ GLobalstep:[818][-0.00093772623 9.6826028e-05...]
I tensorflow/core/kernels/logging_ops.cc:79] ~~~~~ daniter~~~ GLobalstep:[818][-0.00031117219 0.00011063534...]
I tensorflow/core/kernels/logging_ops.cc:79] ~~~~~ daniter~~~ GLobalstep:[820][1.0371426e-05 -0.00043424556...]
I tensorflow/core/kernels/logging_ops.cc:79] ~~~~~ daniter~~~ GLobalstep:[820][0.00040513169 0.00019616568...]
I tensorflow/core/kernels/logging_ops.cc:79] ~~~~~ daniter~~~ GLobalstep:[822][3.700341e-05 -0.0001556561...]
I tensorflow/core/kernels/logging_ops.cc:79] ~~~~~ daniter~~~ GLobalstep:[822][0.00037916491 -0.00012921104...]
I tensorflow/core/kernels/logging_ops.cc:79] ~~~~~ daniter~~~ GLobalstep:[824][-8.1899816e-05 -0.0001643741...]
I tensorflow/core/kernels/logging_ops.cc:79] ~~~~~ daniter~~~ GLobalstep:[824][-0.00015085709 -1.1283308e-05...]
I tensorflow/core/kernels/logging_ops.cc:79] ~~~~~ daniter~~~ GLobalstep:[826][0.00044435865 -0.00014350736...]
I tensorflow/core/kernels/logging_ops.cc:79] ~~~~~ daniter~~~ GLobalstep:[827][-8.0305981e-06 -2.6573378e-05...]
I tensorflow/core/kernels/logging_ops.cc:79] ~~~~~ daniter~~~ GLobalstep:[828][5.4545606e-05 -0.00029043469...]
I tensorflow/core/kernels/logging_ops.cc:79] ~~~~~ daniter~~~ GLobalstep:[828][8.3063125e-05 -0.00017512133...]
I tensorflow/core/kernels/logging_ops.cc:79] ~~~~~ daniter~~~ GLobalstep:[830][-0.00033133352 -3.7606678e-05...]
I tensorflow/core/kernels/logging_ops.cc:79] ~~~~~ daniter~~~ GLobalstep:[831][-7.0777984e-05 0.000337316...]
I tensorflow/core/kernels/logging_ops.cc:79] ~~~~~ daniter~~~ GLobalstep:[831][-0.00014545376 0.00037002642...]
I tensorflow/core/kernels/logging_ops.cc:79] ~~~~~ daniter~~~ GLobalstep:[832][0.00021612042 0.00018271609...]
I tensorflow/core/kernels/logging_ops.cc:79] ~~~~~ daniter~~~ GLobalstep:[834][0.00055121462 -5.2041723e-05...]
I tensorflow/core/kernels/logging_ops.cc:79] ~~~~~ daniter~~~ GLobalstep:[835][-2.1158662e-06 -0.00010790133...]
I tensorflow/core/kernels/logging_ops.cc:79] ~~~~~ daniter~~~ GLobalstep:[836][9.5189745e-05 -0.0001146681...]
I tensorflow/core/kernels/logging_ops.cc:79] ~~~~~ daniter~~~ GLobalstep:[836][-0.00053289451 0.00027925218...]
I tensorflow/core/kernels/logging_ops.cc:79] ~~~~~ daniter~~~ GLobalstep:[836][-0.00037908592 0.00011686822...]
I tensorflow/core/kernels/logging_ops.cc:79] ~~~~~ daniter~~~ GLobalstep:[839][-0.00031290663 0.00019027959...]
I tensorflow/core/kernels/logging_ops.cc:79] ~~~~~ daniter~~~ GLobalstep:[839][-0.00031307153 -0.000182583...]
I tensorflow/core/kernels/logging_ops.cc:79] ~~~~~ daniter~~~ GLobalstep:[841][-0.00019865372 0.00011978282...]
I tensorflow/core/kernels/logging_ops.cc:79] ~~~~~ daniter~~~ GLobalstep:[841][-0.0011801999 -0.00039877457...]
I tensorflow/core/kernels/logging_ops.cc:79] ~~~~~ daniter~~~ GLobalstep:[843][0.00051910628 0.00029507707...]
I tensorflow/core/kernels/logging_ops.cc:79] ~~~~~ daniter~~~ GLobalstep:[844][-0.0001731595 -3.383671e-05...]
I tensorflow/core/kernels/logging_ops.cc:79] ~~~~~ daniter~~~ GLobalstep:[844][-0.00010009697 3.689207e-06...]
I tensorflow/core/kernels/logging_ops.cc:79] ~~~~~ daniter~~~ GLobalstep:[845][-0.00029195647 -0.00019475649...]
I tensorflow/core/kernels/logging_ops.cc:79] ~~~~~ daniter~~~ GLobalstep:[847][-0.00012769036 5.8093628e-06...]
I tensorflow/core/kernels/logging_ops.cc:79] ~~~~~ daniter~~~ GLobalstep:[848][0.00016969341 0.00022830642...]
I tensorflow/core/kernels/logging_ops.cc:79] ~~~~~ daniter~~~ GLobalstep:[848][-2.9247687e-05 0.00010811847...]
I tensorflow/core/kernels/logging_ops.cc:79] ~~~~~ daniter~~~ GLobalstep:[850][-0.00019339388 0.00014710649...]
I tensorflow/core/kernels/logging_ops.cc:79] ~~~~~ daniter~~~ GLobalstep:[851][-0.00016890722 3.15157e-05...]
I tensorflow/core/kernels/logging_ops.cc:79] ~~~~~ daniter~~~ GLobalstep:[852][0.00036322256 -0.00012175537...]
I tensorflow/core/kernels/logging_ops.cc:79] ~~~~~ daniter~~~ GLobalstep:[853][-0.00010982726 0.00023777488...]
I tensorflow/core/kernels/logging_ops.cc:79] ~~~~~ daniter~~~ GLobalstep:[853][0.00021261099 0.0002245088...]
I tensorflow/core/kernels/logging_ops.cc:79] ~~~~~ daniter~~~ GLobalstep:[855][0.00031606076 -8.7828266e-06...]
I tensorflow/core/kernels/logging_ops.cc:79] ~~~~~ daniter~~~ GLobalstep:[856][-1.3484198e-05 0.00010494569...]
I tensorflow/core/kernels/logging_ops.cc:79] ~~~~~ daniter~~~ GLobalstep:[857][-0.000277925 -7.2731273e-05...]
I tensorflow/core/kernels/logging_ops.cc:79] ~~~~~ daniter~~~ GLobalstep:[858][-5.758465e-05 -0.00043503498...]
I tensorflow/core/kernels/logging_ops.cc:79] ~~~~~ daniter~~~ GLobalstep:[858][0.00049455423 0.00081516063...]
I tensorflow/core/kernels/logging_ops.cc:79] ~~~~~ daniter~~~ GLobalstep:[860][-0.00015990344 -4.8653019e-06...]
I tensorflow/core/kernels/logging_ops.cc:79] ~~~~~ daniter~~~ GLobalstep:[861][2.7241327e-05 -0.00018359345...]
I tensorflow/core/kernels/logging_ops.cc:79] ~~~~~ daniter~~~ GLobalstep:[862][0.00010805051 0.00010279023...]
I tensorflow/core/kernels/logging_ops.cc:79] ~~~~~ daniter~~~ GLobalstep:[862][-0.00025146789 6.3059517e-05...]
I tensorflow/core/kernels/logging_ops.cc:79] ~~~~~ daniter~~~ GLobalstep:[864][-0.0002221989 -0.00014763689...]
I tensorflow/core/kernels/logging_ops.cc:79] ~~~~~ daniter~~~ GLobalstep:[864][-1.5752914e-05 -0.00014086571...]
I tensorflow/core/kernels/logging_ops.cc:79] ~~~~~ daniter~~~ GLobalstep:[866][0.00027626942 0.00044441977...]
I tensorflow/core/kernels/logging_ops.cc:79] ~~~~~ daniter~~~ GLobalstep:[867][0.0001814749 -0.00017940733...]
I tensorflow/core/kernels/logging_ops.cc:79] ~~~~~ daniter~~~ GLobalstep:[868][-0.00071972952 7.7938777e-05...]
I tensorflow/core/kernels/logging_ops.cc:79] ~~~~~ daniter~~~ GLobalstep:[869][4.3181222e-05 5.6439712e-05...]
I tensorflow/core/kernels/logging_ops.cc:79] ~~~~~ daniter~~~ GLobalstep:[870][0.0004634278 -0.00018173225...]
I tensorflow/core/kernels/logging_ops.cc:79] ~~~~~ daniter~~~ GLobalstep:[870][-2.5761569e-06 0.0002151106...]
I tensorflow/core/kernels/logging_ops.cc:79] ~~~~~ daniter~~~ GLobalstep:[872][0.00022694425 0.00023033304...]
I tensorflow/core/kernels/logging_ops.cc:79] ~~~~~ daniter~~~ GLobalstep:[873][0.00044095312 0.00022390827...]
I tensorflow/core/kernels/logging_ops.cc:79] ~~~~~ daniter~~~ GLobalstep:[874][0.00017791221 -0.00015417198...]
I tensorflow/core/kernels/logging_ops.cc:79] ~~~~~ daniter~~~ GLobalstep:[874][-0.00026918217 -0.00017895219...]
I tensorflow/core/kernels/logging_ops.cc:79] ~~~~~ daniter~~~ GLobalstep:[875][-0.00021648806 7.7001976e-05...]
I tensorflow/core/kernels/logging_ops.cc:79] ~~~~~ daniter~~~ GLobalstep:[877][3.6405203e-05 0.00022318987...]
I tensorflow/core/kernels/logging_ops.cc:79] ~~~~~ daniter~~~ GLobalstep:[878][-4.2472253e-05 0.00014394388...]
I tensorflow/core/kernels/logging_ops.cc:79] ~~~~~ daniter~~~ GLobalstep:[879][-7.6332493e-05 -0.00011105227...]
I tensorflow/core/kernels/logging_ops.cc:79] ~~~~~ daniter~~~ GLobalstep:[879][0.00064962986 5.80645e-05...]
I tensorflow/core/kernels/logging_ops.cc:79] ~~~~~ daniter~~~ GLobalstep:[879][0.00013117588 -7.4454838e-06...]
I tensorflow/core/kernels/logging_ops.cc:79] ~~~~~ daniter~~~ GLobalstep:[882][-9.72175e-05 -0.00024837523...]
I tensorflow/core/kernels/logging_ops.cc:79] ~~~~~ daniter~~~ GLobalstep:[883][-0.00085775345 -0.00033319171...]
I tensorflow/core/kernels/logging_ops.cc:79] ~~~~~ daniter~~~ GLobalstep:[883][-0.00016771811 -2.1788943e-05...]
I tensorflow/core/kernels/logging_ops.cc:79] ~~~~~ daniter~~~ GLobalstep:[885][-0.0001678541 0.00020642483...]
I tensorflow/core/kernels/logging_ops.cc:79] ~~~~~ daniter~~~ GLobalstep:[886][-0.00036423345 7.3216113e-05...]
I tensorflow/core/kernels/logging_ops.cc:79] ~~~~~ daniter~~~ GLobalstep:[887][8.7134751e-05 -3.8230683e-06...]
I tensorflow/core/kernels/logging_ops.cc:79] ~~~~~ daniter~~~ GLobalstep:[887][0.00084981375 0.00028416392...]
I tensorflow/core/kernels/logging_ops.cc:79] ~~~~~ daniter~~~ GLobalstep:[889][-0.00078135659 -0.00021862597...]
I tensorflow/core/kernels/logging_ops.cc:79] ~~~~~ daniter~~~ GLobalstep:[889][-7.0974638e-05 0.00029343454...]
I tensorflow/core/kernels/logging_ops.cc:79] ~~~~~ daniter~~~ GLobalstep:[891][0.0007143431 -5.5796114e-05...]
I tensorflow/core/kernels/logging_ops.cc:79] ~~~~~ daniter~~~ GLobalstep:[892][7.0653659e-05 -2.9958897e-05...]
I tensorflow/core/kernels/logging_ops.cc:79] ~~~~~ daniter~~~ GLobalstep:[893][-0.00031388641 -1.9400484e-05...]
I tensorflow/core/kernels/logging_ops.cc:79] ~~~~~ daniter~~~ GLobalstep:[894][-0.00010897306 8.4170068e-05...]
I tensorflow/core/kernels/logging_ops.cc:79] ~~~~~ daniter~~~ GLobalstep:[894][6.55031e-05 0.00017480357...]
I tensorflow/core/kernels/logging_ops.cc:79] ~~~~~ daniter~~~ GLobalstep:[896][-6.1958264e-05 -1.8797176e-05...]
I tensorflow/core/kernels/logging_ops.cc:79] ~~~~~ daniter~~~ GLobalstep:[897][-0.00026725416 -7.604601e-05...]
I tensorflow/core/kernels/logging_ops.cc:79] ~~~~~ daniter~~~ GLobalstep:[898][-0.00037438021 -0.00021531059...]
I tensorflow/core/kernels/logging_ops.cc:79] ~~~~~ daniter~~~ GLobalstep:[899][-0.00013675612 0.00025322949...]
I tensorflow/core/kernels/logging_ops.cc:79] ~~~~~ daniter~~~ GLobalstep:[899][0.00011720521 0.00013474148...]
I tensorflow/core/kernels/logging_ops.cc:79] ~~~~~ daniter~~~ GLobalstep:[901][-0.00014759088 -0.00012098561...]
I tensorflow/core/kernels/logging_ops.cc:79] ~~~~~ daniter~~~ GLobalstep:[901][0.00049515394 0.00020935714...]
I tensorflow/core/kernels/logging_ops.cc:79] ~~~~~ daniter~~~ GLobalstep:[903][0.00013456358 6.6321692e-05...]
I tensorflow/core/kernels/logging_ops.cc:79] ~~~~~ daniter~~~ GLobalstep:[904][0.00033943888 2.3860393e-06...]
I tensorflow/core/kernels/logging_ops.cc:79] ~~~~~ daniter~~~ GLobalstep:[905][-0.00070216187 0.00012583454...]
I tensorflow/core/kernels/logging_ops.cc:79] ~~~~~ daniter~~~ GLobalstep:[905][0.00018669957 0.000168678...]
I tensorflow/core/kernels/logging_ops.cc:79] ~~~~~ daniter~~~ GLobalstep:[907][-0.00027480483 -0.00017130999...]
I tensorflow/core/kernels/logging_ops.cc:79] ~~~~~ daniter~~~ GLobalstep:[908][4.3550281e-05 7.5888696e-05...]
I tensorflow/core/kernels/logging_ops.cc:79] ~~~~~ daniter~~~ GLobalstep:[909][0.00047694522 0.00030943906...]
I tensorflow/core/kernels/logging_ops.cc:79] ~~~~~ daniter~~~ GLobalstep:[909][0.00032915277 0.00011443764...]
I tensorflow/core/kernels/logging_ops.cc:79] ~~~~~ daniter~~~ GLobalstep:[909][-8.3443563e-05 -5.495915e-05...]
I tensorflow/core/kernels/logging_ops.cc:79] ~~~~~ daniter~~~ GLobalstep:[912][1.8175226e-05 -4.5317e-05...]
I tensorflow/core/kernels/logging_ops.cc:79] ~~~~~ daniter~~~ GLobalstep:[912][0.00075116975 0.00073828449...]
I tensorflow/core/kernels/logging_ops.cc:79] ~~~~~ daniter~~~ GLobalstep:[914][-0.00013317759 0.0001505113...]
I tensorflow/core/kernels/logging_ops.cc:79] ~~~~~ daniter~~~ GLobalstep:[914][9.8097325e-07 -5.0095725e-05...]
I tensorflow/core/kernels/logging_ops.cc:79] ~~~~~ daniter~~~ GLobalstep:[916][0.00012840457 0.00014351669...]
I tensorflow/core/kernels/logging_ops.cc:79] ~~~~~ daniter~~~ GLobalstep:[916][0.00040588682 0.0002623274...]
I tensorflow/core/kernels/logging_ops.cc:79] ~~~~~ daniter~~~ GLobalstep:[918][3.093568e-05 -0.00022985306...]
I tensorflow/core/kernels/logging_ops.cc:79] ~~~~~ daniter~~~ GLobalstep:[919][0.00030497156 -0.00010876047...]
I tensorflow/core/kernels/logging_ops.cc:79] ~~~~~ daniter~~~ GLobalstep:[920][0.000425044 -0.00012115134...]
I tensorflow/core/kernels/logging_ops.cc:79] ~~~~~ daniter~~~ GLobalstep:[921][0.0005315945 0.00053047057...]
I tensorflow/core/kernels/logging_ops.cc:79] ~~~~~ daniter~~~ GLobalstep:[922][-0.00083301682 -0.00027265053...]
I tensorflow/core/kernels/logging_ops.cc:79] ~~~~~ daniter~~~ GLobalstep:[922][-0.00041230919 -0.00012972078...]
I tensorflow/core/kernels/logging_ops.cc:79] ~~~~~ daniter~~~ GLobalstep:[923][0.0004055782 0.00024726283...]
I tensorflow/core/kernels/logging_ops.cc:79] ~~~~~ daniter~~~ GLobalstep:[925][-2.2909597e-05 0.00012493614...]
I tensorflow/core/kernels/logging_ops.cc:79] ~~~~~ daniter~~~ GLobalstep:[926][0.00060301519 6.9861671e-05...]
I tensorflow/core/kernels/logging_ops.cc:79] ~~~~~ daniter~~~ GLobalstep:[927][-0.00014765668 0.0002741316...]
I tensorflow/core/kernels/logging_ops.cc:79] ~~~~~ daniter~~~ GLobalstep:[927][0.00022257891 -8.2201652e-05...]
I tensorflow/core/kernels/logging_ops.cc:79] ~~~~~ daniter~~~ GLobalstep:[929][0.00010534943 -6.24291e-05...]
I tensorflow/core/kernels/logging_ops.cc:79] ~~~~~ daniter~~~ GLobalstep:[930][0.00013535282 0.0002602863...]
I tensorflow/core/kernels/logging_ops.cc:79] ~~~~~ daniter~~~ GLobalstep:[931][0.0004506488 8.7838533e-05...]
I tensorflow/core/kernels/logging_ops.cc:79] ~~~~~ daniter~~~ GLobalstep:[931][-0.00034326868 -0.00013290267...]
I tensorflow/core/kernels/logging_ops.cc:79] ~~~~~ daniter~~~ GLobalstep:[933][0.0001353509 0.00016376909...]
I tensorflow/core/kernels/logging_ops.cc:79] ~~~~~ daniter~~~ GLobalstep:[934][-0.00027528853 -0.00052950456...]
I tensorflow/core/kernels/logging_ops.cc:79] ~~~~~ daniter~~~ GLobalstep:[934][0.00046637663 -2.7885839e-05...]
I tensorflow/core/kernels/logging_ops.cc:79] ~~~~~ daniter~~~ GLobalstep:[934][5.8119822e-06 0.00021260354...]
I tensorflow/core/kernels/logging_ops.cc:79] ~~~~~ daniter~~~ GLobalstep:[937][0.00010435169 0.0002913698...]
I tensorflow/core/kernels/logging_ops.cc:79] ~~~~~ daniter~~~ GLobalstep:[938][0.00021866089 -0.00020733927...]
I tensorflow/core/kernels/logging_ops.cc:79] ~~~~~ daniter~~~ GLobalstep:[939][-2.6949929e-05 -1.276838e-05...]
I tensorflow/core/kernels/logging_ops.cc:79] ~~~~~ daniter~~~ GLobalstep:[939][-0.00044458415 -0.00018040312...]
I tensorflow/core/kernels/logging_ops.cc:79] ~~~~~ daniter~~~ GLobalstep:[941][0.00026550179 0.00010193077...]
I tensorflow/core/kernels/logging_ops.cc:79] ~~~~~ daniter~~~ GLobalstep:[942][-6.1265389e-05 1.2716191e-06...]
I tensorflow/core/kernels/logging_ops.cc:79] ~~~~~ daniter~~~ GLobalstep:[943][-0.0002975426 -0.00010501182...]
I tensorflow/core/kernels/logging_ops.cc:79] ~~~~~ daniter~~~ GLobalstep:[944][-9.45199e-05 -0.0002056123...]
I tensorflow/core/kernels/logging_ops.cc:79] ~~~~~ daniter~~~ GLobalstep:[944][8.8764835e-05 0.0002457774...]
I tensorflow/core/kernels/logging_ops.cc:79] ~~~~~ daniter~~~ GLobalstep:[946][-6.2935855e-05 -1.7324941e-05...]
I tensorflow/core/kernels/logging_ops.cc:79] ~~~~~ daniter~~~ GLobalstep:[947][0.00076252886 0.00067459769...]
I tensorflow/core/kernels/logging_ops.cc:79] ~~~~~ daniter~~~ GLobalstep:[947][-7.5324846e-05 4.7331854e-05...]
I tensorflow/core/kernels/logging_ops.cc:79] ~~~~~ daniter~~~ GLobalstep:[948][-6.8300993e-05 -6.3130952e-05...]
I tensorflow/core/kernels/logging_ops.cc:79] ~~~~~ daniter~~~ GLobalstep:[949][0.000442206 0.0001140597...]
I tensorflow/core/kernels/logging_ops.cc:79] ~~~~~ daniter~~~ GLobalstep:[951][-0.00045523889 0.00011270276...]
I tensorflow/core/kernels/logging_ops.cc:79] ~~~~~ daniter~~~ GLobalstep:[952][-0.00026646178 0.00022430136...]
I tensorflow/core/kernels/logging_ops.cc:79] ~~~~~ daniter~~~ GLobalstep:[952][0.00066228374 2.7364847e-05...]
I tensorflow/core/kernels/logging_ops.cc:79] ~~~~~ daniter~~~ GLobalstep:[952][9.5242736e-05 -3.3986016e-05...]
I tensorflow/core/kernels/logging_ops.cc:79] ~~~~~ daniter~~~ GLobalstep:[955][-0.00013494887 7.1453025e-05...]
I tensorflow/core/kernels/logging_ops.cc:79] ~~~~~ daniter~~~ GLobalstep:[956][0.00017767977 2.6186208e-06...]
I tensorflow/core/kernels/logging_ops.cc:79] ~~~~~ daniter~~~ GLobalstep:[956][-8.1454222e-05 0.00040077011...]
I tensorflow/core/kernels/logging_ops.cc:79] ~~~~~ daniter~~~ GLobalstep:[956][6.9602494e-05 -0.00010362895...]
I tensorflow/core/kernels/logging_ops.cc:79] ~~~~~ daniter~~~ GLobalstep:[959][-1.8248747e-05 3.3593613e-05...]
I tensorflow/core/kernels/logging_ops.cc:79] ~~~~~ daniter~~~ GLobalstep:[960][9.85874e-05 -2.4382651e-05...]
I tensorflow/core/kernels/logging_ops.cc:79] ~~~~~ daniter~~~ GLobalstep:[961][-0.00023993428 -4.9794093e-05...]
I tensorflow/core/kernels/logging_ops.cc:79] ~~~~~ daniter~~~ GLobalstep:[961][-0.00032623811 -0.00012700676...]
I tensorflow/core/kernels/logging_ops.cc:79] ~~~~~ daniter~~~ GLobalstep:[963][0.00027206875 -0.00019349072...]
I tensorflow/core/kernels/logging_ops.cc:79] ~~~~~ daniter~~~ GLobalstep:[964][-0.00037507829 -0.00012012357...]
I tensorflow/core/kernels/logging_ops.cc:79] ~~~~~ daniter~~~ GLobalstep:[965][0.00038087627 -0.00014976773...]
I tensorflow/core/kernels/logging_ops.cc:79] ~~~~~ daniter~~~ GLobalstep:[966][-0.00033033657 0.00017772858...]
I tensorflow/core/kernels/logging_ops.cc:79] ~~~~~ daniter~~~ GLobalstep:[966][0.00054552825 0.00013363923...]
I tensorflow/core/kernels/logging_ops.cc:79] ~~~~~ daniter~~~ GLobalstep:[966][-0.00032635531 -0.00010411222...]
I tensorflow/core/kernels/logging_ops.cc:79] ~~~~~ daniter~~~ GLobalstep:[969][-0.00037292819 -4.0543011e-05...]
I tensorflow/core/kernels/logging_ops.cc:79] ~~~~~ daniter~~~ GLobalstep:[970][0.00026193462 6.7170709e-05...]
I tensorflow/core/kernels/logging_ops.cc:79] ~~~~~ daniter~~~ GLobalstep:[970][0.00031519739 -0.00018876232...]
I tensorflow/core/kernels/logging_ops.cc:79] ~~~~~ daniter~~~ GLobalstep:[970][-0.00044024998 0.00020237021...]
run-ps-4node.sh: line 21: 45369 Terminated              CUDA_VISIBLE_DEVICES='' bazel-bin/inception/imagenet_distributed_train --batch_size=64 --data_dir=/lfs/local/0/daniter/imagenet-8 --job_name='ps' --task_id=0 --ps_hosts='localhost:2228' --worker_hosts='raiders1:2200,raiders1:2201,raiders3:2209,raiders3:2210' --initial_learning_rate=$1 --momentum=$2 --sync=True --compute_groups=$3
