I tensorflow/stream_executor/dso_loader.cc:108] successfully opened CUDA library libcublas.so locally
I tensorflow/stream_executor/dso_loader.cc:108] successfully opened CUDA library libcudnn.so locally
I tensorflow/stream_executor/dso_loader.cc:108] successfully opened CUDA library libcufft.so locally
I tensorflow/stream_executor/dso_loader.cc:108] successfully opened CUDA library libcuda.so locally
I tensorflow/stream_executor/dso_loader.cc:108] successfully opened CUDA library libcurand.so locally
INFO:tensorflow:PS hosts are: ['master:2200']
INFO:tensorflow:Worker hosts are: ['master:2201', 'master:2202', 'master:2203', 'master:2204', 'node001:2205', 'node001:2206', 'node001:2207', 'node001:2208', 'node002:2209', 'node002:2210', 'node002:2211', 'node002:2212', 'node003:2213', 'node003:2214', 'node003:2215', 'node003:2216']
I tensorflow/stream_executor/cuda/cuda_gpu_executor.cc:922] successful NUMA node read from SysFS had negative value (-1), but there must be at least one NUMA node, so returning NUMA node zero
I tensorflow/core/common_runtime/gpu/gpu_init.cc:102] Found device 0 with properties: 
name: GRID K520
major: 3 minor: 0 memoryClockRate (GHz) 0.797
pciBusID 0000:00:03.0
Total memory: 4.00GiB
Free memory: 3.95GiB
I tensorflow/core/common_runtime/gpu/gpu_init.cc:126] DMA: 0 
I tensorflow/core/common_runtime/gpu/gpu_init.cc:136] 0:   Y 
I tensorflow/core/common_runtime/gpu/gpu_device.cc:784] Creating TensorFlow device (/gpu:0) -> (device: 0, name: GRID K520, pci bus id: 0000:00:03.0)
I tensorflow/core/distributed_runtime/rpc/grpc_channel.cc:206] Initialize HostPortsGrpcChannelCache for job ps -> {master:2200}
I tensorflow/core/distributed_runtime/rpc/grpc_channel.cc:206] Initialize HostPortsGrpcChannelCache for job worker -> {localhost:2201, master:2202, master:2203, master:2204, node001:2205, node001:2206, node001:2207, node001:2208, node002:2209, node002:2210, node002:2211, node002:2212, node003:2213, node003:2214, node003:2215, node003:2216}
I tensorflow/core/distributed_runtime/rpc/grpc_server_lib.cc:202] Started server with target: grpc://localhost:2201
INFO:tensorflow:Learning rate: 0.001000, momentum: 0.000000
INFO:tensorflow:Sync mode!!!!!!
INFO:tensorflow:Compute groups : 1
INFO:tensorflow:SyncReplicas enabled: replicas_to_aggregate=16; total_num_replicas=16
INFO:tensorflow:Num nodes per compute groups: 16
INFO:tensorflow:Tokens per step: 16
INFO:tensorflow:2016-08-09 03:29:32.107063 Supervisor
INFO:tensorflow:Restored model from /home/snapshot/model.ckpt-399
INFO:tensorflow:got sessions! 2016-08-09 03:30:26.015050 
INFO:tensorflow:Started 3 queues for processing input data.
INFO:tensorflow:global_step/sec: 0
I tensorflow/core/common_runtime/gpu/pool_allocator.cc:244] PoolAllocator: After 3869 get requests, put_count=2854 evicted_count=1000 eviction_rate=0.350385 and unsatisfied allocation rate=0.546653
I tensorflow/core/common_runtime/gpu/pool_allocator.cc:256] Raising pool_size_limit_ from 100 to 110
INFO:tensorflow:Step: 399, Loss: 5.288677, time: 20.616 sec/batch
INFO:tensorflow:Step: 399, Loss: 5.503146, time: 3.746 sec/batch
INFO:tensorflow:Step: 400, Loss: 5.357035, time: 2.717 sec/batch
INFO:tensorflow:Step: 401, Loss: 5.525008, time: 2.485 sec/batch
INFO:tensorflow:Step: 401, Loss: 5.840838, time: 2.666 sec/batch
I tensorflow/core/common_runtime/gpu/pool_allocator.cc:244] PoolAllocator: After 0 get requests, put_count=1016 evicted_count=1000 eviction_rate=0.984252 and unsatisfied allocation rate=0
INFO:tensorflow:Step: 402, Loss: 5.361103, time: 3.226 sec/batch
INFO:tensorflow:Step: 403, Loss: 6.089884, time: 3.302 sec/batch
INFO:tensorflow:Step: 403, Loss: 5.170270, time: 3.354 sec/batch
INFO:tensorflow:Step: 404, Loss: 5.556337, time: 3.012 sec/batch
INFO:tensorflow:Step: 405, Loss: 5.742508, time: 4.614 sec/batch
INFO:tensorflow:Step: 406, Loss: 5.516308, time: 4.905 sec/batch
I tensorflow/core/common_runtime/gpu/pool_allocator.cc:244] PoolAllocator: After 3768 get requests, put_count=4058 evicted_count=2000 eviction_rate=0.492854 and unsatisfied allocation rate=0.460456
I tensorflow/core/common_runtime/gpu/pool_allocator.cc:256] Raising pool_size_limit_ from 281 to 309
INFO:tensorflow:Step: 407, Loss: 5.346858, time: 5.087 sec/batch
INFO:tensorflow:Step: 408, Loss: 5.133946, time: 5.070 sec/batch
INFO:tensorflow:Step: 409, Loss: 4.854566, time: 5.715 sec/batch
INFO:tensorflow:Step: 410, Loss: 5.341124, time: 5.530 sec/batch
INFO:tensorflow:Step: 411, Loss: 5.384598, time: 5.490 sec/batch
INFO:tensorflow:Step: 412, Loss: 5.439729, time: 5.316 sec/batch
I tensorflow/core/common_runtime/gpu/pool_allocator.cc:244] PoolAllocator: After 0 get requests, put_count=1049 evicted_count=1000 eviction_rate=0.953289 and unsatisfied allocation rate=0
INFO:tensorflow:Step: 413, Loss: 5.450681, time: 5.396 sec/batch
INFO:tensorflow:Step: 414, Loss: 5.051624, time: 5.853 sec/batch
INFO:tensorflow:Step: 415, Loss: 5.654366, time: 5.047 sec/batch
INFO:tensorflow:Step: 416, Loss: 5.285120, time: 5.916 sec/batch
INFO:tensorflow:Step: 417, Loss: 5.501314, time: 5.108 sec/batch
INFO:tensorflow:global_step/sec: 0.159793
INFO:tensorflow:Step: 418, Loss: 5.302873, time: 5.126 sec/batch
INFO:tensorflow:Step: 419, Loss: 5.277122, time: 5.360 sec/batch
INFO:tensorflow:Step: 420, Loss: 5.284420, time: 5.067 sec/batch
INFO:tensorflow:Step: 421, Loss: 5.555922, time: 5.478 sec/batch
I tensorflow/core/common_runtime/gpu/pool_allocator.cc:244] PoolAllocator: After 3768 get requests, put_count=4015 evicted_count=1000 eviction_rate=0.249066 and unsatisfied allocation rate=0.227707
I tensorflow/core/common_runtime/gpu/pool_allocator.cc:256] Raising pool_size_limit_ from 1158 to 1273
INFO:tensorflow:Step: 422, Loss: 5.292533, time: 5.375 sec/batch
INFO:tensorflow:Step: 423, Loss: 5.127334, time: 5.889 sec/batch
INFO:tensorflow:Step: 424, Loss: 5.483320, time: 6.162 sec/batch
INFO:tensorflow:Step: 425, Loss: 4.926243, time: 5.359 sec/batch
INFO:tensorflow:Step: 426, Loss: 5.533952, time: 5.066 sec/batch
INFO:tensorflow:Step: 427, Loss: 5.353909, time: 5.559 sec/batch
INFO:tensorflow:Step: 428, Loss: 5.166202, time: 4.847 sec/batch
INFO:tensorflow:Step: 429, Loss: 5.452372, time: 5.646 sec/batch
INFO:tensorflow:Step: 430, Loss: 5.290651, time: 5.427 sec/batch
INFO:tensorflow:Step: 431, Loss: 5.151604, time: 5.786 sec/batch
INFO:tensorflow:Step: 432, Loss: 5.431375, time: 5.279 sec/batch
INFO:tensorflow:Step: 433, Loss: 5.170059, time: 5.263 sec/batch
INFO:tensorflow:Step: 434, Loss: 5.470095, time: 5.123 sec/batch
INFO:tensorflow:Step: 435, Loss: 5.577332, time: 5.245 sec/batch
INFO:tensorflow:Step: 436, Loss: 5.446466, time: 5.335 sec/batch
INFO:tensorflow:Step: 437, Loss: 5.433922, time: 5.730 sec/batch
INFO:tensorflow:Step: 438, Loss: 5.513700, time: 5.418 sec/batch
INFO:tensorflow:Step: 439, Loss: 5.403764, time: 5.873 sec/batch
INFO:tensorflow:global_step/sec: 0.183332
INFO:tensorflow:Step: 440, Loss: 5.058482, time: 5.169 sec/batch
INFO:tensorflow:Step: 441, Loss: 5.149885, time: 5.089 sec/batch
INFO:tensorflow:Step: 442, Loss: 5.366145, time: 5.258 sec/batch
INFO:tensorflow:Step: 443, Loss: 5.364913, time: 5.037 sec/batch
INFO:tensorflow:Step: 444, Loss: 5.184701, time: 4.942 sec/batch
INFO:tensorflow:Step: 445, Loss: 5.566004, time: 5.091 sec/batch
INFO:tensorflow:Step: 446, Loss: 5.508547, time: 4.892 sec/batch
INFO:tensorflow:Step: 447, Loss: 5.315277, time: 5.188 sec/batch
INFO:tensorflow:Step: 448, Loss: 5.390111, time: 5.034 sec/batch
INFO:tensorflow:Step: 449, Loss: 5.185624, time: 5.753 sec/batch
INFO:tensorflow:Step: 450, Loss: 5.224479, time: 5.672 sec/batch
INFO:tensorflow:Step: 451, Loss: 5.316418, time: 5.384 sec/batch
INFO:tensorflow:Step: 452, Loss: 5.473022, time: 5.239 sec/batch
INFO:tensorflow:Step: 453, Loss: 5.360856, time: 6.092 sec/batch
INFO:tensorflow:Step: 454, Loss: 5.494634, time: 6.009 sec/batch
INFO:tensorflow:Step: 455, Loss: 5.155653, time: 5.359 sec/batch
INFO:tensorflow:Step: 456, Loss: 5.296119, time: 5.272 sec/batch
INFO:tensorflow:Step: 457, Loss: 4.987780, time: 5.351 sec/batch
INFO:tensorflow:Step: 458, Loss: 4.974236, time: 5.501 sec/batch
INFO:tensorflow:Step: 459, Loss: 5.261725, time: 4.871 sec/batch
INFO:tensorflow:Step: 460, Loss: 5.381193, time: 5.335 sec/batch
INFO:tensorflow:Step: 461, Loss: 5.367484, time: 5.411 sec/batch
INFO:tensorflow:Step: 462, Loss: 5.247006, time: 5.460 sec/batch
INFO:tensorflow:global_step/sec: 0.191668
INFO:tensorflow:Step: 463, Loss: 5.438846, time: 5.597 sec/batch
INFO:tensorflow:Step: 464, Loss: 5.487683, time: 5.991 sec/batch
INFO:tensorflow:Step: 465, Loss: 5.367472, time: 5.285 sec/batch
INFO:tensorflow:Step: 466, Loss: 5.229662, time: 5.840 sec/batch
INFO:tensorflow:Step: 467, Loss: 5.388268, time: 5.667 sec/batch
INFO:tensorflow:Step: 468, Loss: 5.139749, time: 5.474 sec/batch
INFO:tensorflow:Step: 469, Loss: 5.172273, time: 4.866 sec/batch
INFO:tensorflow:Step: 470, Loss: 5.244894, time: 5.254 sec/batch
INFO:tensorflow:Step: 471, Loss: 4.958404, time: 5.330 sec/batch
INFO:tensorflow:Step: 472, Loss: 5.354404, time: 5.169 sec/batch
INFO:tensorflow:Step: 473, Loss: 5.217927, time: 5.499 sec/batch
INFO:tensorflow:Step: 474, Loss: 5.493270, time: 5.920 sec/batch
INFO:tensorflow:Step: 475, Loss: 5.149421, time: 5.888 sec/batch
INFO:tensorflow:Step: 476, Loss: 5.355669, time: 5.202 sec/batch
INFO:tensorflow:Step: 477, Loss: 5.142668, time: 6.076 sec/batch
INFO:tensorflow:Step: 478, Loss: 5.120142, time: 5.815 sec/batch
INFO:tensorflow:Step: 479, Loss: 5.334133, time: 6.405 sec/batch
INFO:tensorflow:Step: 480, Loss: 5.138382, time: 5.168 sec/batch
INFO:tensorflow:Step: 481, Loss: 5.230006, time: 5.727 sec/batch
INFO:tensorflow:Step: 482, Loss: 5.295949, time: 5.412 sec/batch
INFO:tensorflow:Step: 483, Loss: 5.156361, time: 5.775 sec/batch
INFO:tensorflow:global_step/sec: 0.174999
INFO:tensorflow:Step: 484, Loss: 5.357332, time: 5.736 sec/batch
INFO:tensorflow:Step: 485, Loss: 5.462807, time: 5.599 sec/batch
INFO:tensorflow:Step: 486, Loss: 5.219160, time: 5.481 sec/batch
INFO:tensorflow:Step: 487, Loss: 5.352876, time: 5.411 sec/batch
INFO:tensorflow:Step: 488, Loss: 5.191650, time: 5.244 sec/batch
INFO:tensorflow:Step: 489, Loss: 5.374577, time: 5.580 sec/batch
INFO:tensorflow:Step: 490, Loss: 5.326373, time: 5.454 sec/batch
INFO:tensorflow:Step: 491, Loss: 5.108155, time: 5.940 sec/batch
run-expr-32node.sh: line 25: 117618 Terminated              CUDA_VISIBLE_DEVICES=$1 bazel-bin/inception/imagenet_distributed_train --batch_size=32 --data_dir=/home/data/sample-data-$2 --job_name='worker' --task_id=$2 --ps_hosts='master:2200' --worker_hosts='master:2201,master:2202,master:2203,master:2204,node001:2205,node001:2206,node001:2207,node001:2208,node002:2209,node002:2210,node002:2211,node002:2212,node003:2213,node003:2214,node003:2215,node003:2216' --initial_learning_rate=$3 --momentum=$4 --sync=True --compute_groups=$5
