DISPLAY "(null)" invalid; disabling X11 forwarding
I tensorflow/stream_executor/dso_loader.cc:108] successfully opened CUDA library libcublas.so locally
I tensorflow/stream_executor/dso_loader.cc:108] successfully opened CUDA library libcudnn.so locally
I tensorflow/stream_executor/dso_loader.cc:108] successfully opened CUDA library libcufft.so locally
I tensorflow/stream_executor/dso_loader.cc:108] successfully opened CUDA library libcuda.so locally
I tensorflow/stream_executor/dso_loader.cc:108] successfully opened CUDA library libcurand.so locally
INFO:tensorflow:PS hosts are: ['raiders1:2228']
INFO:tensorflow:Worker hosts are: ['raiders1:2200', 'raiders1:2201', 'raiders3:2209', 'raiders3:2210']
I tensorflow/core/common_runtime/gpu/gpu_init.cc:102] Found device 0 with properties: 
name: GeForce GTX TITAN X
major: 5 minor: 2 memoryClockRate (GHz) 1.076
pciBusID 0000:03:00.0
Total memory: 11.92GiB
Free memory: 11.81GiB
I tensorflow/core/common_runtime/gpu/gpu_init.cc:126] DMA: 0 
I tensorflow/core/common_runtime/gpu/gpu_init.cc:136] 0:   Y 
I tensorflow/core/common_runtime/gpu/gpu_device.cc:806] Creating TensorFlow device (/gpu:0) -> (device: 0, name: GeForce GTX TITAN X, pci bus id: 0000:03:00.0)
I tensorflow/core/distributed_runtime/rpc/grpc_channel.cc:206] Initialize HostPortsGrpcChannelCache for job ps -> {raiders1:2228}
I tensorflow/core/distributed_runtime/rpc/grpc_channel.cc:206] Initialize HostPortsGrpcChannelCache for job worker -> {raiders1:2200, raiders1:2201, localhost:2209, raiders3:2210}
I tensorflow/core/distributed_runtime/rpc/grpc_server_lib.cc:202] Started server with target: grpc://localhost:2209
INFO:tensorflow:Learning rate: 0.010000, momentum: 0.600000
INFO:tensorflow:Sync mode!!!!!!
INFO:tensorflow:Compute groups : 2
INFO:tensorflow:SyncReplicas enabled: replicas_to_aggregate=4; total_num_replicas=4
INFO:tensorflow:Num nodes per compute groups: 2
INFO:tensorflow:Tokens per step: 2
INFO:tensorflow:2016-07-19 01:49:50.703323 Supervisor
INFO:tensorflow:got sessions!
INFO:tensorflow:Started 3 queues for processing input data.
I tensorflow/core/common_runtime/gpu/pool_allocator.cc:244] PoolAllocator: After 3576 get requests, put_count=2565 evicted_count=1000 eviction_rate=0.389864 and unsatisfied allocation rate=0.590324
I tensorflow/core/common_runtime/gpu/pool_allocator.cc:256] Raising pool_size_limit_ from 100 to 110
INFO:tensorflow:Step: 399, Accuracy: 0.421875, Loss: 5.446207, time: 50.581 sec/batch
INFO:tensorflow:Step: 416, Accuracy: 0.625000, Loss: 5.380253, time: 1.288 sec/batch
INFO:tensorflow:Step: 418, Accuracy: 0.453125, Loss: 5.144470, time: 2.235 sec/batch
INFO:tensorflow:Step: 419, Accuracy: 0.562500, Loss: 5.572514, time: 1.550 sec/batch
INFO:tensorflow:Step: 421, Accuracy: 0.609375, Loss: 5.240361, time: 2.185 sec/batch
I tensorflow/core/common_runtime/gpu/pool_allocator.cc:244] PoolAllocator: After 0 get requests, put_count=1016 evicted_count=1000 eviction_rate=0.984252 and unsatisfied allocation rate=0
INFO:tensorflow:Step: 423, Accuracy: 0.609375, Loss: 5.444831, time: 2.620 sec/batch
INFO:tensorflow:Step: 425, Accuracy: 0.671875, Loss: 5.206273, time: 2.554 sec/batch
INFO:tensorflow:Step: 427, Accuracy: 0.671875, Loss: 5.263002, time: 1.872 sec/batch
INFO:tensorflow:Step: 429, Accuracy: 0.593750, Loss: 5.231038, time: 1.485 sec/batch
INFO:tensorflow:Step: 431, Accuracy: 0.546875, Loss: 5.548367, time: 1.272 sec/batch
I tensorflow/core/common_runtime/gpu/pool_allocator.cc:244] PoolAllocator: After 0 get requests, put_count=1025 evicted_count=1000 eviction_rate=0.97561 and unsatisfied allocation rate=0
INFO:tensorflow:Step: 433, Accuracy: 0.718750, Loss: 5.105008, time: 1.407 sec/batch
INFO:tensorflow:Step: 435, Accuracy: 0.500000, Loss: 5.271421, time: 1.402 sec/batch
INFO:tensorflow:Step: 437, Accuracy: 0.531250, Loss: 5.279218, time: 2.061 sec/batch
INFO:tensorflow:Step: 439, Accuracy: 0.640625, Loss: 5.152826, time: 1.862 sec/batch
INFO:tensorflow:Step: 441, Accuracy: 0.593750, Loss: 5.192936, time: 2.314 sec/batch
INFO:tensorflow:Step: 443, Accuracy: 0.593750, Loss: 5.147433, time: 1.370 sec/batch
I tensorflow/core/common_runtime/gpu/pool_allocator.cc:244] PoolAllocator: After 0 get requests, put_count=1044 evicted_count=1000 eviction_rate=0.957854 and unsatisfied allocation rate=0
INFO:tensorflow:Step: 445, Accuracy: 0.625000, Loss: 5.161716, time: 2.049 sec/batch
INFO:tensorflow:Step: 447, Accuracy: 0.687500, Loss: 5.123463, time: 1.640 sec/batch
INFO:tensorflow:Step: 449, Accuracy: 0.562500, Loss: 4.995854, time: 1.834 sec/batch
INFO:tensorflow:Step: 451, Accuracy: 0.578125, Loss: 5.290405, time: 2.251 sec/batch
INFO:tensorflow:Step: 453, Accuracy: 0.546875, Loss: 5.103310, time: 1.405 sec/batch
INFO:tensorflow:Step: 455, Accuracy: 0.578125, Loss: 5.011336, time: 1.824 sec/batch
INFO:tensorflow:Step: 457, Accuracy: 0.640625, Loss: 5.101013, time: 1.366 sec/batch
I tensorflow/core/common_runtime/gpu/pool_allocator.cc:244] PoolAllocator: After 3579 get requests, put_count=4415 evicted_count=2000 eviction_rate=0.453001 and unsatisfied allocation rate=0.347304
I tensorflow/core/common_runtime/gpu/pool_allocator.cc:256] Raising pool_size_limit_ from 871 to 958
INFO:tensorflow:Step: 459, Accuracy: 0.593750, Loss: 5.230405, time: 1.795 sec/batch
INFO:tensorflow:Step: 461, Accuracy: 0.656250, Loss: 5.097608, time: 1.406 sec/batch
INFO:tensorflow:Step: 462, Accuracy: 0.656250, Loss: 5.144135, time: 1.445 sec/batch
INFO:tensorflow:Step: 464, Accuracy: 0.640625, Loss: 5.141003, time: 1.364 sec/batch
INFO:tensorflow:Step: 466, Accuracy: 0.625000, Loss: 5.223018, time: 1.258 sec/batch
INFO:tensorflow:Step: 468, Accuracy: 0.656250, Loss: 5.162929, time: 1.283 sec/batch
INFO:tensorflow:Step: 470, Accuracy: 0.625000, Loss: 5.277295, time: 1.360 sec/batch
INFO:tensorflow:Step: 472, Accuracy: 0.531250, Loss: 5.112037, time: 1.394 sec/batch
INFO:tensorflow:Step: 474, Accuracy: 0.593750, Loss: 5.120239, time: 1.411 sec/batch
INFO:tensorflow:Step: 476, Accuracy: 0.656250, Loss: 5.076660, time: 1.414 sec/batch
INFO:tensorflow:Step: 478, Accuracy: 0.734375, Loss: 5.054693, time: 1.274 sec/batch
INFO:tensorflow:Step: 480, Accuracy: 0.562500, Loss: 5.361179, time: 1.505 sec/batch
INFO:tensorflow:Step: 482, Accuracy: 0.468750, Loss: 5.194051, time: 1.651 sec/batch
INFO:tensorflow:Step: 484, Accuracy: 0.578125, Loss: 5.018583, time: 1.801 sec/batch
INFO:tensorflow:Step: 486, Accuracy: 0.500000, Loss: 4.998271, time: 1.608 sec/batch
INFO:tensorflow:Step: 488, Accuracy: 0.625000, Loss: 5.147237, time: 1.726 sec/batch
INFO:tensorflow:Step: 490, Accuracy: 0.625000, Loss: 5.192792, time: 1.602 sec/batch
INFO:tensorflow:Step: 492, Accuracy: 0.593750, Loss: 5.223903, time: 1.400 sec/batch
INFO:tensorflow:Step: 494, Accuracy: 0.656250, Loss: 5.322375, time: 1.365 sec/batch
INFO:tensorflow:Step: 496, Accuracy: 0.718750, Loss: 5.061705, time: 1.447 sec/batch
INFO:tensorflow:Step: 498, Accuracy: 0.578125, Loss: 4.987384, time: 1.331 sec/batch
INFO:tensorflow:Step: 500, Accuracy: 0.593750, Loss: 5.163148, time: 1.338 sec/batch
INFO:tensorflow:Step: 502, Accuracy: 0.687500, Loss: 5.266845, time: 1.493 sec/batch
INFO:tensorflow:Step: 504, Accuracy: 0.609375, Loss: 5.109025, time: 1.526 sec/batch
INFO:tensorflow:Step: 506, Accuracy: 0.578125, Loss: 5.159966, time: 1.406 sec/batch
INFO:tensorflow:Step: 508, Accuracy: 0.671875, Loss: 5.103797, time: 1.757 sec/batch
INFO:tensorflow:Step: 510, Accuracy: 0.656250, Loss: 5.173080, time: 1.407 sec/batch
INFO:tensorflow:Step: 511, Accuracy: 0.640625, Loss: 5.222096, time: 1.409 sec/batch
INFO:tensorflow:Step: 513, Accuracy: 0.718750, Loss: 5.225968, time: 1.556 sec/batch
INFO:tensorflow:Step: 515, Accuracy: 0.656250, Loss: 5.383139, time: 1.444 sec/batch
INFO:tensorflow:Step: 517, Accuracy: 0.578125, Loss: 5.085110, time: 1.328 sec/batch
INFO:tensorflow:Step: 519, Accuracy: 0.703125, Loss: 5.169244, time: 1.412 sec/batch
INFO:tensorflow:Step: 521, Accuracy: 0.546875, Loss: 5.217094, time: 1.447 sec/batch
INFO:tensorflow:Step: 523, Accuracy: 0.609375, Loss: 5.187906, time: 1.329 sec/batch
INFO:tensorflow:Step: 525, Accuracy: 0.437500, Loss: 5.006285, time: 1.380 sec/batch
INFO:tensorflow:Step: 527, Accuracy: 0.687500, Loss: 5.097822, time: 1.455 sec/batch
INFO:tensorflow:Step: 529, Accuracy: 0.593750, Loss: 5.100842, time: 1.356 sec/batch
INFO:tensorflow:Step: 531, Accuracy: 0.515625, Loss: 5.134152, time: 1.414 sec/batch
INFO:tensorflow:Step: 533, Accuracy: 0.625000, Loss: 5.218547, time: 1.345 sec/batch
INFO:tensorflow:Step: 535, Accuracy: 0.671875, Loss: 5.301426, time: 1.325 sec/batch
INFO:tensorflow:Step: 537, Accuracy: 0.625000, Loss: 5.133712, time: 1.394 sec/batch
INFO:tensorflow:Step: 539, Accuracy: 0.609375, Loss: 5.088075, time: 1.361 sec/batch
INFO:tensorflow:Step: 541, Accuracy: 0.656250, Loss: 5.189533, time: 1.400 sec/batch
INFO:tensorflow:Step: 543, Accuracy: 0.703125, Loss: 4.997372, time: 1.292 sec/batch
INFO:tensorflow:Step: 545, Accuracy: 0.578125, Loss: 5.098759, time: 1.443 sec/batch
INFO:tensorflow:Step: 548, Accuracy: 0.609375, Loss: 5.037971, time: 1.315 sec/batch
INFO:tensorflow:Step: 549, Accuracy: 0.750000, Loss: 5.051236, time: 1.382 sec/batch
INFO:tensorflow:Step: 551, Accuracy: 0.593750, Loss: 5.057219, time: 1.304 sec/batch
INFO:tensorflow:Step: 553, Accuracy: 0.656250, Loss: 5.105635, time: 1.264 sec/batch
INFO:tensorflow:Step: 555, Accuracy: 0.671875, Loss: 5.053373, time: 1.406 sec/batch
INFO:tensorflow:Step: 557, Accuracy: 0.750000, Loss: 4.995263, time: 1.341 sec/batch
INFO:tensorflow:Step: 559, Accuracy: 0.640625, Loss: 5.263206, time: 1.354 sec/batch
INFO:tensorflow:Step: 561, Accuracy: 0.562500, Loss: 5.061922, time: 1.419 sec/batch
INFO:tensorflow:Step: 563, Accuracy: 0.593750, Loss: 4.853655, time: 1.351 sec/batch
INFO:tensorflow:Step: 565, Accuracy: 0.671875, Loss: 5.031691, time: 1.362 sec/batch
INFO:tensorflow:Step: 567, Accuracy: 0.656250, Loss: 5.404164, time: 1.336 sec/batch
INFO:tensorflow:Step: 569, Accuracy: 0.656250, Loss: 5.088457, time: 1.341 sec/batch
INFO:tensorflow:Step: 571, Accuracy: 0.593750, Loss: 5.249382, time: 1.344 sec/batch
INFO:tensorflow:Step: 573, Accuracy: 0.703125, Loss: 4.994051, time: 1.384 sec/batch
INFO:tensorflow:Step: 575, Accuracy: 0.750000, Loss: 5.067855, time: 1.341 sec/batch
INFO:tensorflow:Step: 577, Accuracy: 0.640625, Loss: 5.176150, time: 1.325 sec/batch
INFO:tensorflow:Step: 579, Accuracy: 0.640625, Loss: 5.208940, time: 1.385 sec/batch
INFO:tensorflow:Step: 581, Accuracy: 0.671875, Loss: 5.022895, time: 1.364 sec/batch
INFO:tensorflow:Step: 583, Accuracy: 0.578125, Loss: 5.101872, time: 1.376 sec/batch
INFO:tensorflow:Step: 585, Accuracy: 0.703125, Loss: 5.107459, time: 1.313 sec/batch
INFO:tensorflow:Step: 587, Accuracy: 0.703125, Loss: 4.855786, time: 1.416 sec/batch
INFO:tensorflow:Step: 589, Accuracy: 0.609375, Loss: 5.033065, time: 1.364 sec/batch
INFO:tensorflow:Step: 591, Accuracy: 0.656250, Loss: 5.028768, time: 1.339 sec/batch
INFO:tensorflow:Step: 593, Accuracy: 0.546875, Loss: 5.095869, time: 1.381 sec/batch
INFO:tensorflow:Step: 595, Accuracy: 0.640625, Loss: 5.110131, time: 1.357 sec/batch
INFO:tensorflow:Step: 597, Accuracy: 0.609375, Loss: 4.967115, time: 1.376 sec/batch
INFO:tensorflow:Step: 599, Accuracy: 0.656250, Loss: 5.109507, time: 1.401 sec/batch
INFO:tensorflow:Step: 601, Accuracy: 0.687500, Loss: 4.958498, time: 1.335 sec/batch
INFO:tensorflow:Step: 603, Accuracy: 0.750000, Loss: 5.218586, time: 1.325 sec/batch
INFO:tensorflow:Step: 605, Accuracy: 0.703125, Loss: 4.976025, time: 1.269 sec/batch
INFO:tensorflow:Step: 607, Accuracy: 0.593750, Loss: 5.120517, time: 1.334 sec/batch
INFO:tensorflow:Step: 609, Accuracy: 0.656250, Loss: 5.071200, time: 1.510 sec/batch
INFO:tensorflow:Step: 611, Accuracy: 0.718750, Loss: 5.122014, time: 1.351 sec/batch
INFO:tensorflow:Step: 613, Accuracy: 0.703125, Loss: 5.125012, time: 1.373 sec/batch
INFO:tensorflow:Step: 615, Accuracy: 0.687500, Loss: 4.889879, time: 1.373 sec/batch
INFO:tensorflow:Step: 617, Accuracy: 0.734375, Loss: 4.861338, time: 1.348 sec/batch
INFO:tensorflow:Step: 619, Accuracy: 0.609375, Loss: 5.345689, time: 1.308 sec/batch
INFO:tensorflow:Step: 621, Accuracy: 0.640625, Loss: 4.925217, time: 1.296 sec/batch
INFO:tensorflow:Step: 623, Accuracy: 0.687500, Loss: 5.269374, time: 1.322 sec/batch
INFO:tensorflow:Step: 625, Accuracy: 0.625000, Loss: 4.950130, time: 1.303 sec/batch
INFO:tensorflow:Step: 627, Accuracy: 0.640625, Loss: 5.228372, time: 1.288 sec/batch
INFO:tensorflow:Step: 629, Accuracy: 0.703125, Loss: 5.245257, time: 1.291 sec/batch
INFO:tensorflow:Step: 631, Accuracy: 0.578125, Loss: 5.070391, time: 1.313 sec/batch
INFO:tensorflow:Step: 633, Accuracy: 0.734375, Loss: 5.212800, time: 1.351 sec/batch
INFO:tensorflow:Step: 635, Accuracy: 0.734375, Loss: 5.077865, time: 1.329 sec/batch
INFO:tensorflow:Step: 637, Accuracy: 0.750000, Loss: 5.064200, time: 1.348 sec/batch
INFO:tensorflow:Step: 639, Accuracy: 0.703125, Loss: 4.953842, time: 1.279 sec/batch
INFO:tensorflow:Step: 641, Accuracy: 0.671875, Loss: 5.055967, time: 1.342 sec/batch
INFO:tensorflow:Step: 643, Accuracy: 0.703125, Loss: 5.069297, time: 1.267 sec/batch
INFO:tensorflow:Step: 645, Accuracy: 0.703125, Loss: 5.213895, time: 1.332 sec/batch
INFO:tensorflow:Step: 647, Accuracy: 0.609375, Loss: 5.128047, time: 1.359 sec/batch
INFO:tensorflow:Step: 649, Accuracy: 0.562500, Loss: 5.176943, time: 1.362 sec/batch
INFO:tensorflow:Step: 651, Accuracy: 0.703125, Loss: 5.190962, time: 1.290 sec/batch
INFO:tensorflow:Step: 653, Accuracy: 0.656250, Loss: 5.070334, time: 1.303 sec/batch
INFO:tensorflow:Step: 655, Accuracy: 0.734375, Loss: 4.923347, time: 1.342 sec/batch
INFO:tensorflow:Step: 657, Accuracy: 0.671875, Loss: 4.965254, time: 1.337 sec/batch
INFO:tensorflow:Step: 659, Accuracy: 0.750000, Loss: 4.899640, time: 1.373 sec/batch
INFO:tensorflow:Step: 661, Accuracy: 0.703125, Loss: 4.853401, time: 1.314 sec/batch
INFO:tensorflow:Step: 663, Accuracy: 0.656250, Loss: 5.033553, time: 1.386 sec/batch
INFO:tensorflow:Step: 665, Accuracy: 0.593750, Loss: 4.831517, time: 1.327 sec/batch
INFO:tensorflow:Step: 667, Accuracy: 0.656250, Loss: 4.983140, time: 1.366 sec/batch
INFO:tensorflow:Step: 669, Accuracy: 0.625000, Loss: 5.196081, time: 1.326 sec/batch
INFO:tensorflow:Step: 670, Accuracy: 0.703125, Loss: 4.915819, time: 1.275 sec/batch
INFO:tensorflow:Step: 672, Accuracy: 0.609375, Loss: 5.069801, time: 1.403 sec/batch
INFO:tensorflow:Step: 674, Accuracy: 0.656250, Loss: 5.104767, time: 1.334 sec/batch
INFO:tensorflow:Step: 676, Accuracy: 0.593750, Loss: 4.899274, time: 1.301 sec/batch
INFO:tensorflow:Step: 678, Accuracy: 0.687500, Loss: 5.129518, time: 1.405 sec/batch
INFO:tensorflow:Step: 680, Accuracy: 0.687500, Loss: 4.945757, time: 1.382 sec/batch
INFO:tensorflow:Step: 682, Accuracy: 0.671875, Loss: 5.119476, time: 1.302 sec/batch
INFO:tensorflow:Step: 684, Accuracy: 0.609375, Loss: 5.394973, time: 1.336 sec/batch
INFO:tensorflow:Step: 686, Accuracy: 0.625000, Loss: 4.956147, time: 1.304 sec/batch
INFO:tensorflow:Step: 688, Accuracy: 0.671875, Loss: 5.161142, time: 1.349 sec/batch
INFO:tensorflow:Step: 690, Accuracy: 0.781250, Loss: 5.033565, time: 1.448 sec/batch
INFO:tensorflow:Step: 692, Accuracy: 0.671875, Loss: 4.908791, time: 1.378 sec/batch
INFO:tensorflow:Step: 694, Accuracy: 0.671875, Loss: 5.222937, time: 1.383 sec/batch
INFO:tensorflow:Step: 696, Accuracy: 0.734375, Loss: 5.001358, time: 1.320 sec/batch
INFO:tensorflow:Step: 698, Accuracy: 0.625000, Loss: 4.998872, time: 1.379 sec/batch
INFO:tensorflow:Step: 700, Accuracy: 0.718750, Loss: 4.990233, time: 1.261 sec/batch
INFO:tensorflow:Step: 702, Accuracy: 0.750000, Loss: 5.098755, time: 1.435 sec/batch
INFO:tensorflow:Step: 704, Accuracy: 0.546875, Loss: 5.043545, time: 1.392 sec/batch
INFO:tensorflow:Step: 706, Accuracy: 0.656250, Loss: 5.140514, time: 1.371 sec/batch
INFO:tensorflow:Step: 708, Accuracy: 0.625000, Loss: 5.251780, time: 1.368 sec/batch
INFO:tensorflow:Step: 710, Accuracy: 0.828125, Loss: 4.890732, time: 1.347 sec/batch
INFO:tensorflow:Step: 713, Accuracy: 0.750000, Loss: 5.063729, time: 1.776 sec/batch
INFO:tensorflow:Step: 715, Accuracy: 0.765625, Loss: 4.816899, time: 1.513 sec/batch
INFO:tensorflow:Step: 717, Accuracy: 0.687500, Loss: 5.049815, time: 1.543 sec/batch
INFO:tensorflow:Step: 719, Accuracy: 0.703125, Loss: 4.860044, time: 1.314 sec/batch
INFO:tensorflow:Step: 721, Accuracy: 0.500000, Loss: 5.058899, time: 1.257 sec/batch
INFO:tensorflow:Step: 723, Accuracy: 0.640625, Loss: 4.866327, time: 1.280 sec/batch
INFO:tensorflow:Step: 725, Accuracy: 0.687500, Loss: 5.011090, time: 1.280 sec/batch
INFO:tensorflow:Step: 727, Accuracy: 0.625000, Loss: 4.785082, time: 1.356 sec/batch
INFO:tensorflow:Step: 729, Accuracy: 0.750000, Loss: 4.957437, time: 1.343 sec/batch
INFO:tensorflow:Step: 731, Accuracy: 0.687500, Loss: 4.905790, time: 1.308 sec/batch
INFO:tensorflow:Step: 733, Accuracy: 0.656250, Loss: 4.909396, time: 1.316 sec/batch
INFO:tensorflow:Step: 735, Accuracy: 0.718750, Loss: 4.862769, time: 1.368 sec/batch
INFO:tensorflow:Step: 737, Accuracy: 0.750000, Loss: 4.883956, time: 1.351 sec/batch
INFO:tensorflow:Step: 739, Accuracy: 0.718750, Loss: 4.850873, time: 1.288 sec/batch
INFO:tensorflow:Step: 741, Accuracy: 0.671875, Loss: 5.040802, time: 1.338 sec/batch
INFO:tensorflow:Step: 743, Accuracy: 0.718750, Loss: 4.879338, time: 1.315 sec/batch
INFO:tensorflow:Step: 745, Accuracy: 0.796875, Loss: 5.040735, time: 1.321 sec/batch
INFO:tensorflow:Step: 747, Accuracy: 0.718750, Loss: 4.963528, time: 1.302 sec/batch
INFO:tensorflow:Step: 749, Accuracy: 0.750000, Loss: 4.902206, time: 1.326 sec/batch
INFO:tensorflow:Step: 751, Accuracy: 0.734375, Loss: 5.033323, time: 1.334 sec/batch
INFO:tensorflow:Step: 753, Accuracy: 0.656250, Loss: 4.881618, time: 1.329 sec/batch
INFO:tensorflow:Step: 755, Accuracy: 0.671875, Loss: 4.941641, time: 1.355 sec/batch
INFO:tensorflow:Step: 757, Accuracy: 0.656250, Loss: 4.839188, time: 1.312 sec/batch
INFO:tensorflow:Step: 759, Accuracy: 0.734375, Loss: 5.012884, time: 1.288 sec/batch
INFO:tensorflow:Step: 761, Accuracy: 0.718750, Loss: 4.941755, time: 1.287 sec/batch
INFO:tensorflow:Step: 763, Accuracy: 0.718750, Loss: 4.972207, time: 1.354 sec/batch
INFO:tensorflow:Step: 765, Accuracy: 0.578125, Loss: 5.112679, time: 1.343 sec/batch
INFO:tensorflow:Step: 767, Accuracy: 0.671875, Loss: 5.034613, time: 1.280 sec/batch
INFO:tensorflow:Step: 769, Accuracy: 0.625000, Loss: 5.028695, time: 1.328 sec/batch
INFO:tensorflow:Step: 771, Accuracy: 0.734375, Loss: 5.014556, time: 1.354 sec/batch
INFO:tensorflow:Step: 773, Accuracy: 0.703125, Loss: 5.041262, time: 1.365 sec/batch
INFO:tensorflow:Step: 775, Accuracy: 0.734375, Loss: 5.049190, time: 1.302 sec/batch
INFO:tensorflow:Step: 777, Accuracy: 0.671875, Loss: 5.101531, time: 1.409 sec/batch
INFO:tensorflow:Step: 779, Accuracy: 0.703125, Loss: 5.002809, time: 1.378 sec/batch
INFO:tensorflow:Step: 781, Accuracy: 0.765625, Loss: 5.008939, time: 1.353 sec/batch
INFO:tensorflow:Step: 783, Accuracy: 0.781250, Loss: 4.792020, time: 1.354 sec/batch
INFO:tensorflow:Step: 785, Accuracy: 0.671875, Loss: 4.885160, time: 1.460 sec/batch
INFO:tensorflow:Step: 787, Accuracy: 0.718750, Loss: 4.921620, time: 1.303 sec/batch
INFO:tensorflow:Step: 789, Accuracy: 0.609375, Loss: 4.947216, time: 1.422 sec/batch
INFO:tensorflow:Step: 791, Accuracy: 0.734375, Loss: 4.693437, time: 1.348 sec/batch
INFO:tensorflow:Step: 793, Accuracy: 0.609375, Loss: 5.101615, time: 1.341 sec/batch
INFO:tensorflow:Step: 795, Accuracy: 0.718750, Loss: 4.924092, time: 1.325 sec/batch
INFO:tensorflow:Step: 797, Accuracy: 0.718750, Loss: 4.997550, time: 1.420 sec/batch
INFO:tensorflow:Step: 799, Accuracy: 0.750000, Loss: 5.129242, time: 1.288 sec/batch
INFO:tensorflow:Step: 801, Accuracy: 0.625000, Loss: 4.947940, time: 1.290 sec/batch
INFO:tensorflow:Step: 803, Accuracy: 0.718750, Loss: 4.840789, time: 1.391 sec/batch
INFO:tensorflow:Step: 805, Accuracy: 0.734375, Loss: 4.894923, time: 1.429 sec/batch
INFO:tensorflow:Step: 807, Accuracy: 0.656250, Loss: 4.928688, time: 1.368 sec/batch
INFO:tensorflow:Step: 809, Accuracy: 0.765625, Loss: 4.959636, time: 1.321 sec/batch
INFO:tensorflow:Step: 811, Accuracy: 0.687500, Loss: 4.982839, time: 1.322 sec/batch
INFO:tensorflow:Step: 813, Accuracy: 0.781250, Loss: 4.921378, time: 1.349 sec/batch
INFO:tensorflow:Step: 815, Accuracy: 0.671875, Loss: 5.084516, time: 1.287 sec/batch
INFO:tensorflow:Step: 817, Accuracy: 0.640625, Loss: 4.853943, time: 1.329 sec/batch
INFO:tensorflow:Step: 819, Accuracy: 0.750000, Loss: 5.003004, time: 1.341 sec/batch
INFO:tensorflow:Step: 821, Accuracy: 0.687500, Loss: 4.914621, time: 1.335 sec/batch
INFO:tensorflow:Step: 823, Accuracy: 0.703125, Loss: 4.707479, time: 1.287 sec/batch
INFO:tensorflow:Step: 825, Accuracy: 0.796875, Loss: 5.106150, time: 1.311 sec/batch
INFO:tensorflow:Step: 826, Accuracy: 0.703125, Loss: 4.815464, time: 1.348 sec/batch
INFO:tensorflow:Step: 828, Accuracy: 0.687500, Loss: 4.847716, time: 1.346 sec/batch
INFO:tensorflow:Step: 830, Accuracy: 0.640625, Loss: 4.987284, time: 1.347 sec/batch
INFO:tensorflow:Step: 832, Accuracy: 0.750000, Loss: 4.854330, time: 1.337 sec/batch
INFO:tensorflow:Step: 834, Accuracy: 0.734375, Loss: 5.073139, time: 1.354 sec/batch
INFO:tensorflow:Step: 836, Accuracy: 0.781250, Loss: 4.974475, time: 1.384 sec/batch
INFO:tensorflow:Step: 838, Accuracy: 0.671875, Loss: 4.874381, time: 1.366 sec/batch
INFO:tensorflow:Step: 841, Accuracy: 0.703125, Loss: 4.916849, time: 1.355 sec/batch
INFO:tensorflow:Step: 842, Accuracy: 0.703125, Loss: 4.948828, time: 1.295 sec/batch
INFO:tensorflow:Step: 844, Accuracy: 0.640625, Loss: 4.946332, time: 1.322 sec/batch
INFO:tensorflow:Step: 846, Accuracy: 0.640625, Loss: 4.794976, time: 1.370 sec/batch
INFO:tensorflow:Step: 848, Accuracy: 0.671875, Loss: 4.878710, time: 1.347 sec/batch
INFO:tensorflow:Step: 850, Accuracy: 0.812500, Loss: 4.927328, time: 1.421 sec/batch
INFO:tensorflow:Step: 852, Accuracy: 0.796875, Loss: 4.947834, time: 1.327 sec/batch
INFO:tensorflow:Step: 855, Accuracy: 0.750000, Loss: 4.905009, time: 1.289 sec/batch
INFO:tensorflow:Step: 856, Accuracy: 0.796875, Loss: 4.911087, time: 1.303 sec/batch
INFO:tensorflow:Step: 858, Accuracy: 0.718750, Loss: 5.000370, time: 1.285 sec/batch
INFO:tensorflow:Step: 860, Accuracy: 0.671875, Loss: 4.996287, time: 1.307 sec/batch
INFO:tensorflow:Step: 862, Accuracy: 0.640625, Loss: 5.131958, time: 1.405 sec/batch
INFO:tensorflow:Step: 864, Accuracy: 0.718750, Loss: 4.797140, time: 1.352 sec/batch
INFO:tensorflow:Step: 866, Accuracy: 0.812500, Loss: 4.734460, time: 1.299 sec/batch
INFO:tensorflow:Step: 868, Accuracy: 0.750000, Loss: 4.948375, time: 1.366 sec/batch
INFO:tensorflow:Step: 870, Accuracy: 0.687500, Loss: 4.843493, time: 1.365 sec/batch
INFO:tensorflow:Step: 872, Accuracy: 0.671875, Loss: 4.944826, time: 1.311 sec/batch
INFO:tensorflow:Step: 874, Accuracy: 0.750000, Loss: 4.939305, time: 1.362 sec/batch
INFO:tensorflow:Step: 876, Accuracy: 0.765625, Loss: 4.886495, time: 1.288 sec/batch
INFO:tensorflow:Step: 878, Accuracy: 0.687500, Loss: 5.024967, time: 1.332 sec/batch
INFO:tensorflow:Step: 880, Accuracy: 0.781250, Loss: 4.837951, time: 1.332 sec/batch
INFO:tensorflow:Step: 882, Accuracy: 0.796875, Loss: 4.923888, time: 1.319 sec/batch
INFO:tensorflow:Step: 884, Accuracy: 0.671875, Loss: 4.932567, time: 1.360 sec/batch
INFO:tensorflow:Step: 886, Accuracy: 0.671875, Loss: 4.566335, time: 1.374 sec/batch
INFO:tensorflow:Step: 888, Accuracy: 0.656250, Loss: 4.824985, time: 1.285 sec/batch
run-expr-4node.sh: line 23:  8105 Terminated              CUDA_VISIBLE_DEVICES=$1 bazel-bin/inception/imagenet_distributed_train --batch_size=64 --data_dir=/lfs/local/0/daniter/imagenet-8-$2 --job_name='worker' --task_id=$2 --ps_hosts='raiders1:2228' --worker_hosts='raiders1:2200,raiders1:2201,raiders3:2209,raiders3:2210' --initial_learning_rate=$3 --momentum=$4 --sync=True --compute_groups=$5
