DISPLAY "(null)" invalid; disabling X11 forwarding
I tensorflow/stream_executor/dso_loader.cc:108] successfully opened CUDA library libcublas.so locally
I tensorflow/stream_executor/dso_loader.cc:108] successfully opened CUDA library libcudnn.so locally
I tensorflow/stream_executor/dso_loader.cc:108] successfully opened CUDA library libcufft.so locally
I tensorflow/stream_executor/dso_loader.cc:108] successfully opened CUDA library libcuda.so locally
I tensorflow/stream_executor/dso_loader.cc:108] successfully opened CUDA library libcurand.so locally
INFO:tensorflow:PS hosts are: ['raiders1:2228']
INFO:tensorflow:Worker hosts are: ['raiders1:2200', 'raiders1:2201', 'raiders3:2209', 'raiders3:2210']
I tensorflow/core/common_runtime/gpu/gpu_init.cc:102] Found device 0 with properties: 
name: GeForce GTX TITAN X
major: 5 minor: 2 memoryClockRate (GHz) 1.076
pciBusID 0000:43:00.0
Total memory: 11.92GiB
Free memory: 11.81GiB
I tensorflow/core/common_runtime/gpu/gpu_init.cc:126] DMA: 0 
I tensorflow/core/common_runtime/gpu/gpu_init.cc:136] 0:   Y 
I tensorflow/core/common_runtime/gpu/gpu_device.cc:806] Creating TensorFlow device (/gpu:0) -> (device: 0, name: GeForce GTX TITAN X, pci bus id: 0000:43:00.0)
I tensorflow/core/distributed_runtime/rpc/grpc_channel.cc:206] Initialize HostPortsGrpcChannelCache for job ps -> {raiders1:2228}
I tensorflow/core/distributed_runtime/rpc/grpc_channel.cc:206] Initialize HostPortsGrpcChannelCache for job worker -> {raiders1:2200, raiders1:2201, raiders3:2209, localhost:2210}
I tensorflow/core/distributed_runtime/rpc/grpc_server_lib.cc:202] Started server with target: grpc://localhost:2210
INFO:tensorflow:Learning rate: 0.010000, momentum: 0.600000
INFO:tensorflow:Sync mode!!!!!!
INFO:tensorflow:Compute groups : 2
INFO:tensorflow:SyncReplicas enabled: replicas_to_aggregate=4; total_num_replicas=4
INFO:tensorflow:Num nodes per compute groups: 2
INFO:tensorflow:Tokens per step: 2
INFO:tensorflow:2016-07-19 01:49:51.606410 Supervisor
INFO:tensorflow:got sessions!
INFO:tensorflow:Started 3 queues for processing input data.
I tensorflow/core/common_runtime/gpu/pool_allocator.cc:244] PoolAllocator: After 3576 get requests, put_count=2565 evicted_count=1000 eviction_rate=0.389864 and unsatisfied allocation rate=0.590324
I tensorflow/core/common_runtime/gpu/pool_allocator.cc:256] Raising pool_size_limit_ from 100 to 110
INFO:tensorflow:Step: 399, Accuracy: 0.593750, Loss: 5.144474, time: 7.797 sec/batch
INFO:tensorflow:Step: 400, Accuracy: 0.625000, Loss: 5.595034, time: 1.385 sec/batch
INFO:tensorflow:Step: 401, Accuracy: 0.546875, Loss: 5.648235, time: 1.873 sec/batch
INFO:tensorflow:Step: 402, Accuracy: 0.640625, Loss: 5.470001, time: 1.555 sec/batch
INFO:tensorflow:Step: 403, Accuracy: 0.484375, Loss: 5.369476, time: 1.676 sec/batch
I tensorflow/core/common_runtime/gpu/pool_allocator.cc:244] PoolAllocator: After 0 get requests, put_count=1016 evicted_count=1000 eviction_rate=0.984252 and unsatisfied allocation rate=0
INFO:tensorflow:Step: 404, Accuracy: 0.515625, Loss: 5.445771, time: 1.529 sec/batch
INFO:tensorflow:Step: 405, Accuracy: 0.546875, Loss: 5.340491, time: 1.444 sec/batch
INFO:tensorflow:Step: 406, Accuracy: 0.484375, Loss: 5.752332, time: 1.440 sec/batch
INFO:tensorflow:Step: 407, Accuracy: 0.687500, Loss: 5.216049, time: 1.666 sec/batch
INFO:tensorflow:Step: 408, Accuracy: 0.671875, Loss: 5.310768, time: 1.670 sec/batch
I tensorflow/core/common_runtime/gpu/pool_allocator.cc:244] PoolAllocator: After 0 get requests, put_count=1025 evicted_count=1000 eviction_rate=0.97561 and unsatisfied allocation rate=0
INFO:tensorflow:Step: 409, Accuracy: 0.578125, Loss: 5.191691, time: 1.319 sec/batch
INFO:tensorflow:Step: 410, Accuracy: 0.609375, Loss: 5.109557, time: 1.504 sec/batch
INFO:tensorflow:Step: 411, Accuracy: 0.625000, Loss: 5.339762, time: 1.361 sec/batch
INFO:tensorflow:Step: 412, Accuracy: 0.687500, Loss: 5.218684, time: 1.317 sec/batch
INFO:tensorflow:Step: 413, Accuracy: 0.625000, Loss: 5.370224, time: 1.267 sec/batch
INFO:tensorflow:Step: 414, Accuracy: 0.625000, Loss: 5.488121, time: 1.290 sec/batch
I tensorflow/core/common_runtime/gpu/pool_allocator.cc:244] PoolAllocator: After 0 get requests, put_count=1044 evicted_count=1000 eviction_rate=0.957854 and unsatisfied allocation rate=0
INFO:tensorflow:Step: 415, Accuracy: 0.593750, Loss: 5.221828, time: 1.318 sec/batch
INFO:tensorflow:Step: 416, Accuracy: 0.640625, Loss: 5.360611, time: 1.612 sec/batch
INFO:tensorflow:Step: 418, Accuracy: 0.671875, Loss: 5.302992, time: 2.124 sec/batch
INFO:tensorflow:Step: 419, Accuracy: 0.593750, Loss: 5.130551, time: 1.453 sec/batch
INFO:tensorflow:Step: 421, Accuracy: 0.609375, Loss: 5.306479, time: 2.775 sec/batch
INFO:tensorflow:Step: 423, Accuracy: 0.671875, Loss: 5.231642, time: 2.625 sec/batch
INFO:tensorflow:Step: 425, Accuracy: 0.640625, Loss: 5.276186, time: 3.050 sec/batch
I tensorflow/core/common_runtime/gpu/pool_allocator.cc:244] PoolAllocator: After 3578 get requests, put_count=4416 evicted_count=2000 eviction_rate=0.452899 and unsatisfied allocation rate=0.346842
I tensorflow/core/common_runtime/gpu/pool_allocator.cc:256] Raising pool_size_limit_ from 871 to 958
INFO:tensorflow:Step: 427, Accuracy: 0.640625, Loss: 5.344584, time: 2.004 sec/batch
INFO:tensorflow:Step: 429, Accuracy: 0.531250, Loss: 5.149365, time: 1.803 sec/batch
INFO:tensorflow:Step: 431, Accuracy: 0.640625, Loss: 4.968999, time: 1.497 sec/batch
INFO:tensorflow:Step: 433, Accuracy: 0.656250, Loss: 5.221714, time: 1.465 sec/batch
INFO:tensorflow:Step: 435, Accuracy: 0.609375, Loss: 5.264881, time: 1.588 sec/batch
INFO:tensorflow:Step: 437, Accuracy: 0.484375, Loss: 5.136722, time: 1.904 sec/batch
INFO:tensorflow:Step: 439, Accuracy: 0.578125, Loss: 5.410656, time: 1.764 sec/batch
INFO:tensorflow:Step: 441, Accuracy: 0.625000, Loss: 5.043978, time: 1.864 sec/batch
INFO:tensorflow:Step: 443, Accuracy: 0.640625, Loss: 5.386504, time: 1.404 sec/batch
INFO:tensorflow:Step: 445, Accuracy: 0.578125, Loss: 4.987300, time: 2.537 sec/batch
INFO:tensorflow:Step: 447, Accuracy: 0.531250, Loss: 5.206087, time: 1.698 sec/batch
INFO:tensorflow:Step: 449, Accuracy: 0.656250, Loss: 5.222785, time: 2.324 sec/batch
INFO:tensorflow:Step: 451, Accuracy: 0.656250, Loss: 5.245338, time: 1.542 sec/batch
INFO:tensorflow:Step: 453, Accuracy: 0.515625, Loss: 5.145986, time: 1.433 sec/batch
INFO:tensorflow:Step: 455, Accuracy: 0.593750, Loss: 5.435717, time: 2.078 sec/batch
INFO:tensorflow:Step: 457, Accuracy: 0.718750, Loss: 5.048264, time: 1.506 sec/batch
INFO:tensorflow:Step: 459, Accuracy: 0.546875, Loss: 5.115418, time: 1.405 sec/batch
INFO:tensorflow:Step: 461, Accuracy: 0.562500, Loss: 5.256120, time: 1.478 sec/batch
INFO:tensorflow:Step: 463, Accuracy: 0.609375, Loss: 5.069757, time: 1.775 sec/batch
INFO:tensorflow:Step: 465, Accuracy: 0.734375, Loss: 5.006870, time: 1.411 sec/batch
INFO:tensorflow:Step: 468, Accuracy: 0.718750, Loss: 5.137249, time: 1.596 sec/batch
INFO:tensorflow:Step: 470, Accuracy: 0.656250, Loss: 5.150701, time: 1.290 sec/batch
INFO:tensorflow:Step: 472, Accuracy: 0.546875, Loss: 5.154145, time: 1.311 sec/batch
INFO:tensorflow:Step: 474, Accuracy: 0.812500, Loss: 5.010206, time: 1.405 sec/batch
INFO:tensorflow:Step: 476, Accuracy: 0.640625, Loss: 5.376839, time: 1.426 sec/batch
INFO:tensorflow:Step: 478, Accuracy: 0.671875, Loss: 5.380172, time: 1.434 sec/batch
INFO:tensorflow:Step: 480, Accuracy: 0.640625, Loss: 5.612990, time: 1.787 sec/batch
INFO:tensorflow:Step: 482, Accuracy: 0.640625, Loss: 5.230678, time: 1.427 sec/batch
INFO:tensorflow:Step: 484, Accuracy: 0.593750, Loss: 5.144966, time: 1.938 sec/batch
INFO:tensorflow:Step: 486, Accuracy: 0.671875, Loss: 5.139404, time: 1.514 sec/batch
INFO:tensorflow:Step: 488, Accuracy: 0.671875, Loss: 5.148230, time: 1.695 sec/batch
INFO:tensorflow:Step: 490, Accuracy: 0.562500, Loss: 5.152958, time: 1.786 sec/batch
INFO:tensorflow:Step: 492, Accuracy: 0.593750, Loss: 5.165610, time: 1.719 sec/batch
INFO:tensorflow:Step: 494, Accuracy: 0.562500, Loss: 5.128413, time: 1.351 sec/batch
INFO:tensorflow:Step: 496, Accuracy: 0.578125, Loss: 4.955711, time: 1.440 sec/batch
INFO:tensorflow:Step: 498, Accuracy: 0.718750, Loss: 5.242161, time: 1.323 sec/batch
INFO:tensorflow:Step: 500, Accuracy: 0.656250, Loss: 5.028630, time: 1.367 sec/batch
INFO:tensorflow:Step: 502, Accuracy: 0.734375, Loss: 4.986546, time: 1.444 sec/batch
INFO:tensorflow:Step: 504, Accuracy: 0.734375, Loss: 5.301713, time: 1.805 sec/batch
INFO:tensorflow:Step: 506, Accuracy: 0.578125, Loss: 5.225692, time: 1.559 sec/batch
INFO:tensorflow:Step: 508, Accuracy: 0.703125, Loss: 5.003160, time: 1.580 sec/batch
INFO:tensorflow:Step: 510, Accuracy: 0.578125, Loss: 5.055592, time: 1.372 sec/batch
INFO:tensorflow:Step: 512, Accuracy: 0.640625, Loss: 5.216545, time: 1.437 sec/batch
INFO:tensorflow:Step: 514, Accuracy: 0.609375, Loss: 5.300467, time: 1.391 sec/batch
INFO:tensorflow:Step: 516, Accuracy: 0.703125, Loss: 4.823318, time: 1.446 sec/batch
INFO:tensorflow:Step: 518, Accuracy: 0.687500, Loss: 5.102058, time: 1.379 sec/batch
INFO:tensorflow:Step: 520, Accuracy: 0.609375, Loss: 5.152602, time: 1.409 sec/batch
INFO:tensorflow:Step: 522, Accuracy: 0.718750, Loss: 5.118104, time: 1.404 sec/batch
INFO:tensorflow:Step: 524, Accuracy: 0.671875, Loss: 4.852363, time: 1.421 sec/batch
INFO:tensorflow:Step: 526, Accuracy: 0.625000, Loss: 5.002422, time: 1.382 sec/batch
INFO:tensorflow:Step: 528, Accuracy: 0.656250, Loss: 5.034406, time: 1.373 sec/batch
INFO:tensorflow:Step: 530, Accuracy: 0.562500, Loss: 5.047956, time: 1.289 sec/batch
INFO:tensorflow:Step: 532, Accuracy: 0.671875, Loss: 5.201427, time: 1.379 sec/batch
INFO:tensorflow:Step: 534, Accuracy: 0.734375, Loss: 5.112121, time: 1.352 sec/batch
INFO:tensorflow:Step: 536, Accuracy: 0.671875, Loss: 5.210550, time: 1.340 sec/batch
INFO:tensorflow:Step: 538, Accuracy: 0.671875, Loss: 5.419452, time: 1.343 sec/batch
INFO:tensorflow:Step: 540, Accuracy: 0.578125, Loss: 5.221122, time: 1.354 sec/batch
INFO:tensorflow:Step: 542, Accuracy: 0.625000, Loss: 5.222724, time: 1.297 sec/batch
INFO:tensorflow:Step: 544, Accuracy: 0.687500, Loss: 5.078880, time: 1.263 sec/batch
INFO:tensorflow:Step: 546, Accuracy: 0.578125, Loss: 5.321346, time: 1.357 sec/batch
INFO:tensorflow:Step: 548, Accuracy: 0.625000, Loss: 5.033285, time: 1.400 sec/batch
INFO:tensorflow:Step: 550, Accuracy: 0.609375, Loss: 4.948445, time: 1.337 sec/batch
INFO:tensorflow:Step: 552, Accuracy: 0.718750, Loss: 5.083976, time: 1.372 sec/batch
INFO:tensorflow:Step: 554, Accuracy: 0.625000, Loss: 4.939178, time: 1.361 sec/batch
INFO:tensorflow:Step: 556, Accuracy: 0.671875, Loss: 4.948295, time: 1.416 sec/batch
INFO:tensorflow:Step: 558, Accuracy: 0.609375, Loss: 5.061896, time: 1.366 sec/batch
INFO:tensorflow:Step: 560, Accuracy: 0.734375, Loss: 5.168069, time: 1.271 sec/batch
INFO:tensorflow:Step: 562, Accuracy: 0.734375, Loss: 5.160738, time: 1.264 sec/batch
INFO:tensorflow:Step: 564, Accuracy: 0.609375, Loss: 5.165716, time: 1.310 sec/batch
INFO:tensorflow:Step: 566, Accuracy: 0.640625, Loss: 5.272594, time: 1.357 sec/batch
INFO:tensorflow:Step: 568, Accuracy: 0.578125, Loss: 5.046967, time: 1.328 sec/batch
INFO:tensorflow:Step: 570, Accuracy: 0.640625, Loss: 5.270433, time: 1.373 sec/batch
INFO:tensorflow:Step: 572, Accuracy: 0.656250, Loss: 5.049671, time: 1.329 sec/batch
INFO:tensorflow:Step: 574, Accuracy: 0.593750, Loss: 4.931365, time: 1.324 sec/batch
INFO:tensorflow:Step: 576, Accuracy: 0.609375, Loss: 4.881541, time: 1.332 sec/batch
INFO:tensorflow:Step: 578, Accuracy: 0.687500, Loss: 4.691002, time: 1.343 sec/batch
INFO:tensorflow:Step: 580, Accuracy: 0.562500, Loss: 4.970520, time: 1.345 sec/batch
INFO:tensorflow:Step: 582, Accuracy: 0.656250, Loss: 5.113035, time: 1.300 sec/batch
INFO:tensorflow:Step: 584, Accuracy: 0.687500, Loss: 5.244663, time: 1.323 sec/batch
INFO:tensorflow:Step: 586, Accuracy: 0.656250, Loss: 5.134604, time: 1.432 sec/batch
INFO:tensorflow:Step: 588, Accuracy: 0.593750, Loss: 4.859222, time: 1.306 sec/batch
INFO:tensorflow:Step: 590, Accuracy: 0.703125, Loss: 5.195055, time: 1.317 sec/batch
INFO:tensorflow:Step: 592, Accuracy: 0.609375, Loss: 5.019365, time: 1.289 sec/batch
INFO:tensorflow:Step: 594, Accuracy: 0.640625, Loss: 5.211883, time: 1.330 sec/batch
INFO:tensorflow:Step: 596, Accuracy: 0.625000, Loss: 5.202617, time: 1.317 sec/batch
INFO:tensorflow:Step: 598, Accuracy: 0.640625, Loss: 4.886635, time: 1.361 sec/batch
INFO:tensorflow:Step: 600, Accuracy: 0.593750, Loss: 5.324799, time: 1.445 sec/batch
INFO:tensorflow:Step: 602, Accuracy: 0.718750, Loss: 5.114885, time: 1.383 sec/batch
INFO:tensorflow:Step: 604, Accuracy: 0.656250, Loss: 4.932758, time: 1.583 sec/batch
INFO:tensorflow:Step: 607, Accuracy: 0.640625, Loss: 5.037387, time: 1.487 sec/batch
INFO:tensorflow:Step: 609, Accuracy: 0.703125, Loss: 5.074704, time: 1.595 sec/batch
INFO:tensorflow:Step: 611, Accuracy: 0.640625, Loss: 5.248716, time: 1.842 sec/batch
INFO:tensorflow:Step: 613, Accuracy: 0.750000, Loss: 5.031335, time: 1.342 sec/batch
INFO:tensorflow:Step: 615, Accuracy: 0.687500, Loss: 5.068964, time: 1.327 sec/batch
INFO:tensorflow:Step: 617, Accuracy: 0.593750, Loss: 4.993045, time: 1.292 sec/batch
INFO:tensorflow:Step: 619, Accuracy: 0.734375, Loss: 5.142557, time: 1.349 sec/batch
INFO:tensorflow:Step: 621, Accuracy: 0.718750, Loss: 5.146593, time: 1.332 sec/batch
INFO:tensorflow:Step: 623, Accuracy: 0.671875, Loss: 5.027257, time: 1.262 sec/batch
INFO:tensorflow:Step: 625, Accuracy: 0.703125, Loss: 4.946811, time: 1.344 sec/batch
INFO:tensorflow:Step: 627, Accuracy: 0.578125, Loss: 5.111405, time: 1.315 sec/batch
INFO:tensorflow:Step: 629, Accuracy: 0.671875, Loss: 5.043952, time: 1.381 sec/batch
INFO:tensorflow:Step: 631, Accuracy: 0.656250, Loss: 4.902191, time: 1.272 sec/batch
INFO:tensorflow:Step: 633, Accuracy: 0.703125, Loss: 4.952850, time: 1.371 sec/batch
INFO:tensorflow:Step: 635, Accuracy: 0.703125, Loss: 5.134926, time: 1.367 sec/batch
INFO:tensorflow:Step: 637, Accuracy: 0.750000, Loss: 5.020024, time: 1.371 sec/batch
INFO:tensorflow:Step: 639, Accuracy: 0.703125, Loss: 4.977108, time: 1.303 sec/batch
INFO:tensorflow:Step: 641, Accuracy: 0.609375, Loss: 5.011186, time: 1.356 sec/batch
INFO:tensorflow:Step: 643, Accuracy: 0.656250, Loss: 4.877229, time: 1.351 sec/batch
INFO:tensorflow:Step: 645, Accuracy: 0.718750, Loss: 5.069521, time: 1.321 sec/batch
INFO:tensorflow:Step: 647, Accuracy: 0.734375, Loss: 4.985417, time: 1.314 sec/batch
INFO:tensorflow:Step: 649, Accuracy: 0.734375, Loss: 4.861372, time: 1.310 sec/batch
INFO:tensorflow:Step: 651, Accuracy: 0.796875, Loss: 4.992146, time: 1.305 sec/batch
INFO:tensorflow:Step: 653, Accuracy: 0.687500, Loss: 4.981554, time: 1.443 sec/batch
INFO:tensorflow:Step: 655, Accuracy: 0.656250, Loss: 5.045910, time: 1.342 sec/batch
INFO:tensorflow:Step: 657, Accuracy: 0.656250, Loss: 4.992537, time: 1.356 sec/batch
INFO:tensorflow:Step: 659, Accuracy: 0.609375, Loss: 4.961841, time: 1.376 sec/batch
INFO:tensorflow:Step: 661, Accuracy: 0.718750, Loss: 5.031895, time: 1.329 sec/batch
INFO:tensorflow:Step: 663, Accuracy: 0.687500, Loss: 5.052470, time: 1.318 sec/batch
INFO:tensorflow:Step: 665, Accuracy: 0.671875, Loss: 4.921896, time: 1.344 sec/batch
INFO:tensorflow:Step: 667, Accuracy: 0.718750, Loss: 4.846430, time: 1.307 sec/batch
INFO:tensorflow:Step: 669, Accuracy: 0.609375, Loss: 5.142668, time: 1.306 sec/batch
INFO:tensorflow:Step: 671, Accuracy: 0.593750, Loss: 4.966676, time: 1.381 sec/batch
INFO:tensorflow:Step: 673, Accuracy: 0.750000, Loss: 5.018763, time: 1.360 sec/batch
INFO:tensorflow:Step: 675, Accuracy: 0.734375, Loss: 4.804033, time: 1.381 sec/batch
INFO:tensorflow:Step: 677, Accuracy: 0.609375, Loss: 5.133518, time: 1.324 sec/batch
INFO:tensorflow:Step: 679, Accuracy: 0.593750, Loss: 5.054778, time: 1.352 sec/batch
INFO:tensorflow:Step: 681, Accuracy: 0.656250, Loss: 5.168914, time: 1.314 sec/batch
INFO:tensorflow:Step: 683, Accuracy: 0.671875, Loss: 4.972086, time: 1.295 sec/batch
INFO:tensorflow:Step: 685, Accuracy: 0.656250, Loss: 4.842668, time: 1.372 sec/batch
INFO:tensorflow:Step: 687, Accuracy: 0.625000, Loss: 4.872691, time: 1.353 sec/batch
INFO:tensorflow:Step: 689, Accuracy: 0.671875, Loss: 4.994109, time: 1.418 sec/batch
INFO:tensorflow:Step: 691, Accuracy: 0.734375, Loss: 4.877069, time: 1.324 sec/batch
INFO:tensorflow:Step: 693, Accuracy: 0.703125, Loss: 4.945055, time: 1.337 sec/batch
INFO:tensorflow:Step: 695, Accuracy: 0.671875, Loss: 5.011218, time: 1.350 sec/batch
INFO:tensorflow:Step: 697, Accuracy: 0.656250, Loss: 4.850066, time: 1.321 sec/batch
INFO:tensorflow:Step: 699, Accuracy: 0.687500, Loss: 5.320341, time: 1.330 sec/batch
INFO:tensorflow:Step: 701, Accuracy: 0.781250, Loss: 5.247935, time: 1.332 sec/batch
INFO:tensorflow:Step: 703, Accuracy: 0.671875, Loss: 5.013935, time: 1.365 sec/batch
INFO:tensorflow:Step: 705, Accuracy: 0.703125, Loss: 5.287945, time: 1.380 sec/batch
INFO:tensorflow:Step: 707, Accuracy: 0.593750, Loss: 5.001898, time: 1.381 sec/batch
INFO:tensorflow:Step: 709, Accuracy: 0.671875, Loss: 4.881928, time: 1.312 sec/batch
INFO:tensorflow:Step: 711, Accuracy: 0.750000, Loss: 4.987786, time: 1.293 sec/batch
INFO:tensorflow:Step: 713, Accuracy: 0.671875, Loss: 4.915362, time: 1.278 sec/batch
INFO:tensorflow:Step: 715, Accuracy: 0.734375, Loss: 4.939640, time: 1.369 sec/batch
INFO:tensorflow:Step: 717, Accuracy: 0.609375, Loss: 4.989083, time: 1.662 sec/batch
INFO:tensorflow:Step: 719, Accuracy: 0.781250, Loss: 4.779636, time: 1.534 sec/batch
INFO:tensorflow:Step: 721, Accuracy: 0.703125, Loss: 4.989139, time: 1.425 sec/batch
INFO:tensorflow:Step: 723, Accuracy: 0.718750, Loss: 4.834888, time: 1.298 sec/batch
INFO:tensorflow:Step: 725, Accuracy: 0.796875, Loss: 5.111159, time: 1.373 sec/batch
INFO:tensorflow:Step: 727, Accuracy: 0.781250, Loss: 4.903956, time: 1.324 sec/batch
INFO:tensorflow:Step: 729, Accuracy: 0.734375, Loss: 4.940054, time: 1.332 sec/batch
INFO:tensorflow:Step: 731, Accuracy: 0.828125, Loss: 4.852053, time: 1.335 sec/batch
INFO:tensorflow:Step: 733, Accuracy: 0.718750, Loss: 4.940740, time: 1.315 sec/batch
INFO:tensorflow:Step: 735, Accuracy: 0.656250, Loss: 4.850819, time: 1.325 sec/batch
INFO:tensorflow:Step: 737, Accuracy: 0.656250, Loss: 4.913960, time: 1.278 sec/batch
INFO:tensorflow:Step: 739, Accuracy: 0.640625, Loss: 4.782973, time: 1.344 sec/batch
INFO:tensorflow:Step: 741, Accuracy: 0.671875, Loss: 4.833747, time: 1.338 sec/batch
INFO:tensorflow:Step: 743, Accuracy: 0.625000, Loss: 5.313498, time: 1.295 sec/batch
INFO:tensorflow:Step: 745, Accuracy: 0.656250, Loss: 5.153824, time: 1.300 sec/batch
INFO:tensorflow:Step: 747, Accuracy: 0.625000, Loss: 4.814262, time: 1.311 sec/batch
INFO:tensorflow:Step: 749, Accuracy: 0.656250, Loss: 4.973369, time: 1.475 sec/batch
INFO:tensorflow:Step: 751, Accuracy: 0.687500, Loss: 5.062258, time: 1.316 sec/batch
INFO:tensorflow:Step: 753, Accuracy: 0.656250, Loss: 4.873359, time: 1.326 sec/batch
INFO:tensorflow:Step: 755, Accuracy: 0.656250, Loss: 4.882801, time: 1.302 sec/batch
INFO:tensorflow:Step: 757, Accuracy: 0.781250, Loss: 4.791887, time: 1.285 sec/batch
INFO:tensorflow:Step: 759, Accuracy: 0.703125, Loss: 4.780000, time: 1.313 sec/batch
INFO:tensorflow:Step: 761, Accuracy: 0.671875, Loss: 5.225451, time: 1.301 sec/batch
INFO:tensorflow:Step: 763, Accuracy: 0.812500, Loss: 5.388463, time: 1.366 sec/batch
INFO:tensorflow:Step: 765, Accuracy: 0.750000, Loss: 5.101630, time: 1.319 sec/batch
INFO:tensorflow:Step: 767, Accuracy: 0.750000, Loss: 4.872451, time: 1.326 sec/batch
INFO:tensorflow:Step: 769, Accuracy: 0.750000, Loss: 4.809695, time: 1.281 sec/batch
INFO:tensorflow:Step: 771, Accuracy: 0.656250, Loss: 4.779593, time: 1.339 sec/batch
INFO:tensorflow:Step: 773, Accuracy: 0.687500, Loss: 4.849333, time: 1.363 sec/batch
INFO:tensorflow:Step: 775, Accuracy: 0.734375, Loss: 5.052992, time: 1.381 sec/batch
INFO:tensorflow:Step: 777, Accuracy: 0.781250, Loss: 4.917778, time: 1.374 sec/batch
INFO:tensorflow:Step: 779, Accuracy: 0.671875, Loss: 4.923273, time: 1.474 sec/batch
INFO:tensorflow:Step: 781, Accuracy: 0.609375, Loss: 4.971223, time: 1.375 sec/batch
INFO:tensorflow:Step: 783, Accuracy: 0.765625, Loss: 5.105078, time: 1.360 sec/batch
INFO:tensorflow:Step: 785, Accuracy: 0.687500, Loss: 4.808901, time: 1.366 sec/batch
INFO:tensorflow:Step: 787, Accuracy: 0.734375, Loss: 4.781600, time: 1.345 sec/batch
INFO:tensorflow:Step: 789, Accuracy: 0.687500, Loss: 4.867333, time: 1.385 sec/batch
INFO:tensorflow:Step: 791, Accuracy: 0.593750, Loss: 4.756304, time: 1.368 sec/batch
INFO:tensorflow:Step: 793, Accuracy: 0.765625, Loss: 5.025409, time: 1.313 sec/batch
INFO:tensorflow:Step: 795, Accuracy: 0.796875, Loss: 5.097711, time: 1.415 sec/batch
INFO:tensorflow:Step: 797, Accuracy: 0.734375, Loss: 4.741508, time: 1.326 sec/batch
INFO:tensorflow:Step: 799, Accuracy: 0.625000, Loss: 4.968250, time: 1.309 sec/batch
INFO:tensorflow:Step: 801, Accuracy: 0.750000, Loss: 4.899265, time: 1.357 sec/batch
INFO:tensorflow:Step: 803, Accuracy: 0.703125, Loss: 5.045390, time: 1.314 sec/batch
INFO:tensorflow:Step: 805, Accuracy: 0.718750, Loss: 4.798097, time: 1.287 sec/batch
INFO:tensorflow:Step: 807, Accuracy: 0.687500, Loss: 4.784874, time: 1.560 sec/batch
INFO:tensorflow:Step: 809, Accuracy: 0.703125, Loss: 4.708615, time: 1.314 sec/batch
INFO:tensorflow:Step: 811, Accuracy: 0.703125, Loss: 4.904607, time: 1.351 sec/batch
INFO:tensorflow:Step: 813, Accuracy: 0.687500, Loss: 4.975832, time: 1.293 sec/batch
INFO:tensorflow:Step: 815, Accuracy: 0.781250, Loss: 5.064003, time: 1.302 sec/batch
INFO:tensorflow:Step: 817, Accuracy: 0.703125, Loss: 4.863629, time: 1.356 sec/batch
INFO:tensorflow:Step: 819, Accuracy: 0.703125, Loss: 4.889579, time: 1.320 sec/batch
INFO:tensorflow:Step: 821, Accuracy: 0.703125, Loss: 4.781343, time: 1.320 sec/batch
INFO:tensorflow:Step: 823, Accuracy: 0.562500, Loss: 5.065073, time: 1.382 sec/batch
INFO:tensorflow:Step: 825, Accuracy: 0.781250, Loss: 4.892887, time: 1.310 sec/batch
INFO:tensorflow:Step: 827, Accuracy: 0.703125, Loss: 4.880207, time: 1.346 sec/batch
INFO:tensorflow:Step: 829, Accuracy: 0.687500, Loss: 4.717025, time: 1.355 sec/batch
INFO:tensorflow:Step: 831, Accuracy: 0.750000, Loss: 4.967222, time: 1.291 sec/batch
INFO:tensorflow:Step: 833, Accuracy: 0.687500, Loss: 4.704403, time: 1.323 sec/batch
INFO:tensorflow:Step: 835, Accuracy: 0.765625, Loss: 5.036971, time: 1.308 sec/batch
INFO:tensorflow:Step: 837, Accuracy: 0.734375, Loss: 4.937523, time: 1.340 sec/batch
INFO:tensorflow:Step: 839, Accuracy: 0.781250, Loss: 4.770245, time: 1.337 sec/batch
INFO:tensorflow:Step: 841, Accuracy: 0.687500, Loss: 4.788748, time: 1.365 sec/batch
INFO:tensorflow:Step: 843, Accuracy: 0.859375, Loss: 4.813730, time: 1.296 sec/batch
INFO:tensorflow:Step: 845, Accuracy: 0.750000, Loss: 4.736050, time: 1.332 sec/batch
INFO:tensorflow:Step: 847, Accuracy: 0.625000, Loss: 4.960233, time: 1.384 sec/batch
INFO:tensorflow:Step: 849, Accuracy: 0.687500, Loss: 5.032573, time: 1.306 sec/batch
INFO:tensorflow:Step: 851, Accuracy: 0.625000, Loss: 4.820427, time: 1.309 sec/batch
INFO:tensorflow:Step: 853, Accuracy: 0.796875, Loss: 4.952084, time: 1.283 sec/batch
INFO:tensorflow:Step: 855, Accuracy: 0.625000, Loss: 4.878029, time: 1.311 sec/batch
INFO:tensorflow:Step: 857, Accuracy: 0.796875, Loss: 4.960202, time: 1.396 sec/batch
INFO:tensorflow:Step: 859, Accuracy: 0.718750, Loss: 4.774324, time: 1.419 sec/batch
INFO:tensorflow:Step: 861, Accuracy: 0.750000, Loss: 4.871894, time: 1.341 sec/batch
INFO:tensorflow:Step: 863, Accuracy: 0.781250, Loss: 4.823208, time: 1.337 sec/batch
INFO:tensorflow:Step: 865, Accuracy: 0.656250, Loss: 4.792692, time: 1.376 sec/batch
INFO:tensorflow:Step: 867, Accuracy: 0.734375, Loss: 5.041791, time: 1.347 sec/batch
INFO:tensorflow:Step: 869, Accuracy: 0.765625, Loss: 4.830718, time: 1.353 sec/batch
INFO:tensorflow:Step: 871, Accuracy: 0.609375, Loss: 4.896229, time: 1.297 sec/batch
INFO:tensorflow:Step: 873, Accuracy: 0.703125, Loss: 4.708970, time: 1.316 sec/batch
INFO:tensorflow:Step: 875, Accuracy: 0.734375, Loss: 4.727269, time: 1.358 sec/batch
INFO:tensorflow:Step: 877, Accuracy: 0.671875, Loss: 4.808071, time: 1.322 sec/batch
INFO:tensorflow:Step: 879, Accuracy: 0.796875, Loss: 4.641606, time: 1.289 sec/batch
INFO:tensorflow:Step: 881, Accuracy: 0.718750, Loss: 4.800224, time: 1.303 sec/batch
INFO:tensorflow:Step: 883, Accuracy: 0.734375, Loss: 5.054474, time: 1.361 sec/batch
INFO:tensorflow:Step: 885, Accuracy: 0.656250, Loss: 4.918791, time: 1.316 sec/batch
INFO:tensorflow:Step: 887, Accuracy: 0.703125, Loss: 4.737340, time: 1.347 sec/batch
run-expr-4node.sh: line 23:  8099 Terminated              CUDA_VISIBLE_DEVICES=$1 bazel-bin/inception/imagenet_distributed_train --batch_size=64 --data_dir=/lfs/local/0/daniter/imagenet-8-$2 --job_name='worker' --task_id=$2 --ps_hosts='raiders1:2228' --worker_hosts='raiders1:2200,raiders1:2201,raiders3:2209,raiders3:2210' --initial_learning_rate=$3 --momentum=$4 --sync=True --compute_groups=$5
