DISPLAY "(null)" invalid; disabling X11 forwarding
I tensorflow/stream_executor/dso_loader.cc:108] successfully opened CUDA library libcublas.so locally
I tensorflow/stream_executor/dso_loader.cc:108] successfully opened CUDA library libcudnn.so locally
I tensorflow/stream_executor/dso_loader.cc:108] successfully opened CUDA library libcufft.so locally
I tensorflow/stream_executor/dso_loader.cc:108] successfully opened CUDA library libcuda.so locally
I tensorflow/stream_executor/dso_loader.cc:108] successfully opened CUDA library libcurand.so locally
INFO:tensorflow:PS hosts are: ['raiders1:2200']
INFO:tensorflow:Worker hosts are: ['raiders1:2201', 'raiders1:2202', 'raiders1:2203', 'raiders1:2204', 'raiders2:2205', 'raiders2:2206', 'raiders2:2207', 'raiders2:2208', 'raiders3:2209', 'raiders3:2210', 'raiders3:2211', 'raiders3:2212', 'raiders8:2213', 'raiders8:2214', 'raiders8:2215', 'raiders8:2216']
E tensorflow/stream_executor/cuda/cuda_driver.cc:491] failed call to cuInit: CUDA_ERROR_NO_DEVICE
I tensorflow/stream_executor/cuda/cuda_diagnostics.cc:153] retrieving CUDA diagnostic information for host: raiders3
I tensorflow/stream_executor/cuda/cuda_diagnostics.cc:160] hostname: raiders3
I tensorflow/stream_executor/cuda/cuda_diagnostics.cc:185] libcuda reported version is: Not found: was unable to find libcuda.so DSO loaded into this program
I tensorflow/stream_executor/cuda/cuda_diagnostics.cc:347] driver version file contents: """NVRM version: NVIDIA UNIX x86_64 Kernel Module  367.27  Thu Jun  9 18:53:27 PDT 2016
GCC version:  gcc version 4.8.4 (Ubuntu 4.8.4-2ubuntu1~14.04.3) 
"""
I tensorflow/stream_executor/cuda/cuda_diagnostics.cc:189] kernel reported version is: 367.27.0
I tensorflow/core/common_runtime/gpu/gpu_init.cc:81] No GPU devices available on machine.
I tensorflow/core/distributed_runtime/rpc/grpc_channel.cc:206] Initialize HostPortsGrpcChannelCache for job ps -> {raiders1:2200}
I tensorflow/core/distributed_runtime/rpc/grpc_channel.cc:206] Initialize HostPortsGrpcChannelCache for job worker -> {raiders1:2201, raiders1:2202, raiders1:2203, raiders1:2204, raiders2:2205, raiders2:2206, raiders2:2207, raiders2:2208, localhost:2209, raiders3:2210, raiders3:2211, raiders3:2212, raiders8:2213, raiders8:2214, raiders8:2215, raiders8:2216}
I tensorflow/core/distributed_runtime/rpc/grpc_server_lib.cc:202] Started server with target: grpc://localhost:2209
INFO:tensorflow:Learning rate: 0.005000, momentum: 0.300000
INFO:tensorflow:Sync mode!!!!!!
INFO:tensorflow:Compute groups : 4
INFO:tensorflow:SyncReplicas enabled: replicas_to_aggregate=16; total_num_replicas=16
INFO:tensorflow:Num nodes per compute groups: 4
INFO:tensorflow:Tokens per step: 4
INFO:tensorflow:2016-07-26 06:06:05.942303 Supervisor
INFO:tensorflow:got sessions! 2016-07-26 06:06:21.633328 
INFO:tensorflow:Started 3 queues for processing input data.
INFO:tensorflow:Step: 399, Loss: 5.127569, time: 33.330 sec/batch
INFO:tensorflow:Step: 399, Loss: 5.657896, time: 13.659 sec/batch
INFO:tensorflow:Step: 403, Loss: 5.334418, time: 13.871 sec/batch
INFO:tensorflow:Step: 407, Loss: 5.424004, time: 13.239 sec/batch
INFO:tensorflow:Step: 411, Loss: 5.640360, time: 16.960 sec/batch
INFO:tensorflow:Step: 414, Loss: 5.542908, time: 12.233 sec/batch
INFO:tensorflow:Step: 417, Loss: 5.555804, time: 12.745 sec/batch
INFO:tensorflow:Step: 422, Loss: 4.929250, time: 11.710 sec/batch
INFO:tensorflow:Step: 424, Loss: 5.393928, time: 14.304 sec/batch
INFO:tensorflow:Step: 428, Loss: 5.317463, time: 13.141 sec/batch
INFO:tensorflow:Step: 432, Loss: 5.466045, time: 15.463 sec/batch
INFO:tensorflow:Step: 437, Loss: 5.621555, time: 14.806 sec/batch
INFO:tensorflow:Step: 441, Loss: 5.260901, time: 16.416 sec/batch
INFO:tensorflow:Step: 446, Loss: 5.244624, time: 18.164 sec/batch
INFO:tensorflow:Step: 450, Loss: 5.472914, time: 17.085 sec/batch
INFO:tensorflow:Step: 455, Loss: 5.498744, time: 22.670 sec/batch
INFO:tensorflow:Step: 461, Loss: 5.721238, time: 23.542 sec/batch
INFO:tensorflow:Step: 467, Loss: 5.328994, time: 18.048 sec/batch
INFO:tensorflow:Step: 473, Loss: 5.680150, time: 20.288 sec/batch
INFO:tensorflow:Step: 479, Loss: 5.049248, time: 16.517 sec/batch
INFO:tensorflow:Step: 484, Loss: 5.637504, time: 23.145 sec/batch
INFO:tensorflow:Step: 489, Loss: 4.988557, time: 31.792 sec/batch
INFO:tensorflow:Step: 496, Loss: 5.589471, time: 32.177 sec/batch
INFO:tensorflow:Step: 503, Loss: 5.681667, time: 35.590 sec/batch
INFO:tensorflow:Step: 510, Loss: 4.957281, time: 39.398 sec/batch
INFO:tensorflow:Step: 518, Loss: 5.327734, time: 34.226 sec/batch
INFO:tensorflow:Step: 522, Loss: 5.179274, time: 39.722 sec/batch
INFO:tensorflow:Step: 526, Loss: 5.374851, time: 36.534 sec/batch
INFO:tensorflow:Step: 530, Loss: 5.075422, time: 30.519 sec/batch
INFO:tensorflow:Step: 534, Loss: 5.184030, time: 20.291 sec/batch
INFO:tensorflow:Step: 538, Loss: 5.026262, time: 22.509 sec/batch
INFO:tensorflow:Step: 542, Loss: 5.475136, time: 23.205 sec/batch
INFO:tensorflow:Step: 547, Loss: 5.509855, time: 27.906 sec/batch
INFO:tensorflow:Step: 550, Loss: 5.138975, time: 33.185 sec/batch
INFO:tensorflow:Step: 555, Loss: 5.062519, time: 27.418 sec/batch
INFO:tensorflow:Step: 559, Loss: 5.817193, time: 32.760 sec/batch
INFO:tensorflow:Step: 564, Loss: 5.270871, time: 38.888 sec/batch
INFO:tensorflow:Step: 568, Loss: 5.110477, time: 26.207 sec/batch
INFO:tensorflow:Step: 572, Loss: 5.866780, time: 24.166 sec/batch
INFO:tensorflow:Step: 576, Loss: 5.040293, time: 32.271 sec/batch
INFO:tensorflow:Step: 579, Loss: 5.297930, time: 29.172 sec/batch
INFO:tensorflow:Step: 583, Loss: 5.345471, time: 26.909 sec/batch
INFO:tensorflow:Step: 587, Loss: 5.356829, time: 26.389 sec/batch
Timeout, server raiders3 not responding.
