INFO:tensorflow:PS hosts are: ['localhost:2228']
INFO:tensorflow:Worker hosts are: ['localhost:2201', 'localhost:2202', 'localhost:2203', 'localhost:2204', 'localhost:2205', 'localhost:2206', 'localhost:2207', 'localhost:2208', 'localhost:2209', 'localhost:2210', 'localhost:2211', 'localhost:2212', 'localhost:2213', 'localhost:2214', 'localhost:2215', 'localhost:2216']
I tensorflow/core/distributed_runtime/rpc/grpc_channel.cc:206] Initialize HostPortsGrpcChannelCache for job ps -> {localhost:2228}
I tensorflow/core/distributed_runtime/rpc/grpc_channel.cc:206] Initialize HostPortsGrpcChannelCache for job worker -> {localhost:2201, localhost:2202, localhost:2203, localhost:2204, localhost:2205, localhost:2206, localhost:2207, localhost:2208, localhost:2209, localhost:2210, localhost:2211, localhost:2212, localhost:2213, localhost:2214, localhost:2215, localhost:2216}
I tensorflow/core/distributed_runtime/rpc/grpc_server_lib.cc:202] Started server with target: grpc://localhost:2201
INFO:tensorflow:Learning rate: 0.001000, momentum: 0.600000
INFO:tensorflow:Sync mode!!!!!!
INFO:tensorflow:Compute groups : 2
INFO:tensorflow:SyncReplicas enabled: replicas_to_aggregate=16; total_num_replicas=16
INFO:tensorflow:Num nodes per compute groups: 8
INFO:tensorflow:Tokens per step: 8
INFO:tensorflow:2016-07-19 20:37:17.733757 Supervisor
INFO:tensorflow:Restored model from /lfs/local/0/daniter/cg-snapshot/model.ckpt-399
INFO:tensorflow:got sessions!
INFO:tensorflow:Started 3 queues for processing input data.
INFO:tensorflow:global_step/sec: 0
INFO:tensorflow:Step: 399, Loss: 6.050385, time: 6.937 sec/batch
INFO:tensorflow:Step: 399, Loss: 6.809865, time: 5.164 sec/batch
INFO:tensorflow:Step: 399, Loss: 5.674389, time: 15.271 sec/batch
INFO:tensorflow:Step: 399, Loss: 5.077289, time: 81.942 sec/batch
INFO:tensorflow:global_step/sec: 0.00842415
INFO:tensorflow:Step: 400, Loss: 5.909204, time: 60.106 sec/batch
INFO:tensorflow:Step: 401, Loss: 5.925036, time: 56.355 sec/batch
INFO:tensorflow:global_step/sec: 0.0251677
INFO:tensorflow:Step: 403, Loss: 5.216656, time: 54.681 sec/batch
INFO:tensorflow:Step: 405, Loss: 5.911091, time: 50.850 sec/batch
INFO:tensorflow:global_step/sec: 0.0333184
INFO:tensorflow:Step: 406, Loss: 5.281859, time: 48.387 sec/batch
INFO:tensorflow:Step: 407, Loss: 5.287945, time: 47.926 sec/batch
INFO:tensorflow:Step: 409, Loss: 6.207843, time: 49.460 sec/batch
INFO:tensorflow:global_step/sec: 0.0332539
INFO:tensorflow:Step: 411, Loss: 5.595876, time: 51.135 sec/batch
INFO:tensorflow:Step: 412, Loss: 5.369843, time: 59.701 sec/batch
INFO:tensorflow:global_step/sec: 0.0250846
INFO:tensorflow:Step: 414, Loss: 5.644783, time: 62.262 sec/batch
INFO:tensorflow:global_step/sec: 0.0250077
INFO:tensorflow:Step: 416, Loss: 5.576492, time: 69.777 sec/batch
INFO:tensorflow:Step: 418, Loss: 6.540587, time: 66.560 sec/batch
INFO:tensorflow:global_step/sec: 0.0333346
INFO:tensorflow:Step: 420, Loss: 5.309152, time: 62.982 sec/batch
INFO:tensorflow:Step: 422, Loss: 5.218630, time: 63.404 sec/batch
INFO:tensorflow:global_step/sec: 0.0333284
INFO:tensorflow:Step: 424, Loss: 5.569833, time: 62.407 sec/batch
INFO:tensorflow:Step: 426, Loss: 5.416901, time: 63.457 sec/batch
INFO:tensorflow:global_step/sec: 0.0332435
INFO:tensorflow:Step: 428, Loss: 5.956304, time: 64.963 sec/batch
INFO:tensorflow:Step: 430, Loss: 5.685617, time: 65.166 sec/batch
INFO:tensorflow:Step: 432, Loss: 5.482813, time: 61.807 sec/batch
INFO:tensorflow:Step: 434, Loss: 5.110036, time: 66.403 sec/batch
INFO:tensorflow:Step: 436, Loss: 5.551673, time: 64.313 sec/batch
INFO:tensorflow:Step: 438, Loss: 5.441741, time: 90.129 sec/batch
INFO:tensorflow:Step: 441, Loss: 4.946907, time: 63.523 sec/batch
INFO:tensorflow:Step: 443, Loss: 4.835192, time: 62.856 sec/batch
INFO:tensorflow:Step: 445, Loss: 5.048187, time: 65.442 sec/batch
INFO:tensorflow:Step: 447, Loss: 5.284729, time: 63.701 sec/batch
INFO:tensorflow:Step: 449, Loss: 5.486890, time: 64.440 sec/batch
INFO:tensorflow:Step: 451, Loss: 5.259480, time: 62.121 sec/batch
INFO:tensorflow:Step: 453, Loss: 5.785809, time: 63.025 sec/batch
INFO:tensorflow:Step: 455, Loss: 5.708674, time: 63.698 sec/batch
INFO:tensorflow:Step: 457, Loss: 5.557244, time: 62.518 sec/batch
INFO:tensorflow:Step: 459, Loss: 5.400359, time: 63.997 sec/batch
INFO:tensorflow:Step: 461, Loss: 5.185976, time: 62.809 sec/batch
INFO:tensorflow:Step: 463, Loss: 5.328040, time: 61.894 sec/batch
INFO:tensorflow:Step: 465, Loss: 5.381647, time: 61.663 sec/batch
INFO:tensorflow:Step: 467, Loss: 5.184971, time: 56.688 sec/batch
INFO:tensorflow:Step: 468, Loss: 5.120000, time: 60.855 sec/batch
INFO:tensorflow:Step: 470, Loss: 5.955467, time: 61.956 sec/batch
INFO:tensorflow:Step: 472, Loss: 5.415098, time: 64.801 sec/batch
INFO:tensorflow:Step: 474, Loss: 5.369411, time: 62.778 sec/batch
run-expr-16node.sh: line 23: 50743 Terminated              CUDA_VISIBLE_DEVICES='' bazel-bin/inception/imagenet_distributed_train --batch_size=16 --data_dir=/lfs/local/0/daniter/imagenet-8-$2 --job_name='worker' --task_id=$2 --ps_hosts='localhost:2228' --worker_hosts='localhost:2201,localhost:2202,localhost:2203,localhost:2204,localhost:2205,localhost:2206,localhost:2207,localhost:2208,localhost:2209,localhost:2210,localhost:2211,localhost:2212,localhost:2213,localhost:2214,localhost:2215,localhost:2216' --initial_learning_rate=$3 --momentum=$4 --sync=True --compute_groups=$5
