I tensorflow/stream_executor/dso_loader.cc:108] successfully opened CUDA library libcublas.so locally
I tensorflow/stream_executor/dso_loader.cc:108] successfully opened CUDA library libcudnn.so locally
I tensorflow/stream_executor/dso_loader.cc:108] successfully opened CUDA library libcufft.so locally
I tensorflow/stream_executor/dso_loader.cc:108] successfully opened CUDA library libcuda.so locally
I tensorflow/stream_executor/dso_loader.cc:108] successfully opened CUDA library libcurand.so locally
INFO:tensorflow:PS hosts are: ['raiders1:2228']
INFO:tensorflow:Worker hosts are: ['raiders1:2200', 'raiders1:2201', 'raiders3:2209', 'raiders3:2210']
I tensorflow/core/common_runtime/gpu/gpu_init.cc:102] Found device 0 with properties: 
name: GeForce GTX TITAN X
major: 5 minor: 2 memoryClockRate (GHz) 1.076
pciBusID 0000:43:00.0
Total memory: 11.92GiB
Free memory: 11.81GiB
I tensorflow/core/common_runtime/gpu/gpu_init.cc:126] DMA: 0 
I tensorflow/core/common_runtime/gpu/gpu_init.cc:136] 0:   Y 
I tensorflow/core/common_runtime/gpu/gpu_device.cc:806] Creating TensorFlow device (/gpu:0) -> (device: 0, name: GeForce GTX TITAN X, pci bus id: 0000:43:00.0)
I tensorflow/core/distributed_runtime/rpc/grpc_channel.cc:206] Initialize HostPortsGrpcChannelCache for job ps -> {raiders1:2228}
I tensorflow/core/distributed_runtime/rpc/grpc_channel.cc:206] Initialize HostPortsGrpcChannelCache for job worker -> {raiders1:2200, localhost:2201, raiders3:2209, raiders3:2210}
I tensorflow/core/distributed_runtime/rpc/grpc_server_lib.cc:202] Started server with target: grpc://localhost:2201
INFO:tensorflow:Learning rate: 0.000500, momentum: 0.300000
INFO:tensorflow:Sync mode!!!!!!
INFO:tensorflow:SyncReplicas enabled: replicas_to_aggregate=4; total_num_replicas=4
INFO:tensorflow:2016-07-21 00:03:00.629034 Supervisor
INFO:tensorflow:Started 3 queues for processing input data.
I tensorflow/core/common_runtime/gpu/pool_allocator.cc:244] PoolAllocator: After 3576 get requests, put_count=2565 evicted_count=1000 eviction_rate=0.389864 and unsatisfied allocation rate=0.590324
I tensorflow/core/common_runtime/gpu/pool_allocator.cc:256] Raising pool_size_limit_ from 100 to 110
INFO:tensorflow:Step: 418, Loss: 5.318476, time: 42.003 sec/batch
INFO:tensorflow:Step: 418, Loss: 5.163456, time: 2.976 sec/batch
INFO:tensorflow:Step: 419, Loss: 4.913009, time: 3.041 sec/batch
INFO:tensorflow:Step: 420, Loss: 5.052241, time: 2.992 sec/batch
INFO:tensorflow:Step: 421, Loss: 5.199144, time: 3.949 sec/batch
I tensorflow/core/common_runtime/gpu/pool_allocator.cc:244] PoolAllocator: After 0 get requests, put_count=1016 evicted_count=1000 eviction_rate=0.984252 and unsatisfied allocation rate=0
INFO:tensorflow:Step: 422, Loss: 5.108974, time: 2.060 sec/batch
INFO:tensorflow:Step: 422, Loss: 5.068439, time: 1.351 sec/batch
INFO:tensorflow:Step: 423, Loss: 5.104565, time: 1.261 sec/batch
INFO:tensorflow:Step: 424, Loss: 5.265642, time: 2.484 sec/batch
INFO:tensorflow:Step: 425, Loss: 4.921659, time: 3.031 sec/batch
I tensorflow/core/common_runtime/gpu/pool_allocator.cc:244] PoolAllocator: After 0 get requests, put_count=1025 evicted_count=1000 eviction_rate=0.97561 and unsatisfied allocation rate=0
INFO:tensorflow:Step: 426, Loss: 4.956410, time: 2.216 sec/batch
INFO:tensorflow:Step: 427, Loss: 5.248223, time: 3.136 sec/batch
INFO:tensorflow:Step: 428, Loss: 4.976672, time: 3.169 sec/batch
INFO:tensorflow:Step: 429, Loss: 5.029440, time: 2.900 sec/batch
INFO:tensorflow:Step: 430, Loss: 4.999351, time: 3.457 sec/batch
INFO:tensorflow:Step: 431, Loss: 5.165741, time: 2.865 sec/batch
I tensorflow/core/common_runtime/gpu/pool_allocator.cc:244] PoolAllocator: After 0 get requests, put_count=1044 evicted_count=1000 eviction_rate=0.957854 and unsatisfied allocation rate=0
INFO:tensorflow:Step: 432, Loss: 5.276656, time: 3.312 sec/batch
INFO:tensorflow:Step: 433, Loss: 4.954314, time: 2.494 sec/batch
INFO:tensorflow:Step: 434, Loss: 5.124147, time: 2.591 sec/batch
INFO:tensorflow:Step: 435, Loss: 5.165283, time: 3.226 sec/batch
INFO:tensorflow:Step: 436, Loss: 5.295063, time: 2.866 sec/batch
INFO:tensorflow:Step: 437, Loss: 5.066619, time: 3.125 sec/batch
INFO:tensorflow:Step: 438, Loss: 5.223561, time: 2.658 sec/batch
I tensorflow/core/common_runtime/gpu/pool_allocator.cc:244] PoolAllocator: After 3576 get requests, put_count=4414 evicted_count=2000 eviction_rate=0.453104 and unsatisfied allocation rate=0.347036
I tensorflow/core/common_runtime/gpu/pool_allocator.cc:256] Raising pool_size_limit_ from 871 to 958
INFO:tensorflow:Step: 439, Loss: 4.839574, time: 2.568 sec/batch
INFO:tensorflow:Step: 440, Loss: 5.101369, time: 2.687 sec/batch
INFO:tensorflow:Step: 441, Loss: 4.973115, time: 2.470 sec/batch
INFO:tensorflow:Step: 442, Loss: 5.205682, time: 3.013 sec/batch
INFO:tensorflow:Step: 443, Loss: 4.976873, time: 3.289 sec/batch
INFO:tensorflow:Step: 444, Loss: 5.081466, time: 1.961 sec/batch
INFO:tensorflow:Step: 445, Loss: 5.207138, time: 2.307 sec/batch
INFO:tensorflow:Step: 446, Loss: 5.313508, time: 1.762 sec/batch
INFO:tensorflow:Step: 447, Loss: 5.039301, time: 3.031 sec/batch
INFO:tensorflow:Step: 448, Loss: 4.861794, time: 3.067 sec/batch
INFO:tensorflow:Step: 449, Loss: 5.130578, time: 3.221 sec/batch
INFO:tensorflow:Step: 450, Loss: 4.773012, time: 1.970 sec/batch
INFO:tensorflow:Step: 451, Loss: 5.078353, time: 2.679 sec/batch
INFO:tensorflow:Step: 452, Loss: 4.924363, time: 2.766 sec/batch
INFO:tensorflow:Step: 453, Loss: 4.995740, time: 3.067 sec/batch
INFO:tensorflow:Step: 454, Loss: 4.910927, time: 2.937 sec/batch
INFO:tensorflow:Step: 455, Loss: 4.972158, time: 2.862 sec/batch
INFO:tensorflow:Step: 456, Loss: 4.951351, time: 2.579 sec/batch
INFO:tensorflow:Step: 457, Loss: 5.160597, time: 1.998 sec/batch
INFO:tensorflow:Step: 458, Loss: 5.104667, time: 3.272 sec/batch
INFO:tensorflow:Step: 459, Loss: 5.037052, time: 2.730 sec/batch
INFO:tensorflow:Step: 460, Loss: 5.038037, time: 1.881 sec/batch
INFO:tensorflow:Step: 461, Loss: 5.020576, time: 2.524 sec/batch
INFO:tensorflow:Step: 462, Loss: 5.059120, time: 1.786 sec/batch
INFO:tensorflow:Step: 463, Loss: 5.084678, time: 3.077 sec/batch
INFO:tensorflow:Step: 464, Loss: 5.045513, time: 1.611 sec/batch
INFO:tensorflow:Step: 465, Loss: 4.857930, time: 1.458 sec/batch
INFO:tensorflow:Step: 466, Loss: 4.900617, time: 1.525 sec/batch
INFO:tensorflow:Step: 467, Loss: 4.993357, time: 2.633 sec/batch
INFO:tensorflow:Step: 468, Loss: 5.174462, time: 1.685 sec/batch
INFO:tensorflow:Step: 469, Loss: 4.962715, time: 2.676 sec/batch
INFO:tensorflow:Step: 470, Loss: 4.961388, time: 2.876 sec/batch
INFO:tensorflow:Step: 471, Loss: 5.086860, time: 2.466 sec/batch
INFO:tensorflow:Step: 472, Loss: 4.914479, time: 2.486 sec/batch
INFO:tensorflow:Step: 473, Loss: 4.932265, time: 2.273 sec/batch
INFO:tensorflow:Step: 474, Loss: 5.012502, time: 2.805 sec/batch
INFO:tensorflow:Step: 475, Loss: 4.916062, time: 1.646 sec/batch
INFO:tensorflow:Step: 476, Loss: 5.309674, time: 1.612 sec/batch
INFO:tensorflow:Step: 477, Loss: 5.069466, time: 1.536 sec/batch
INFO:tensorflow:Step: 478, Loss: 4.977978, time: 1.454 sec/batch
INFO:tensorflow:Step: 479, Loss: 5.098714, time: 1.597 sec/batch
INFO:tensorflow:Step: 480, Loss: 5.008561, time: 1.744 sec/batch
INFO:tensorflow:Step: 481, Loss: 5.070252, time: 1.993 sec/batch
INFO:tensorflow:Step: 482, Loss: 5.031398, time: 1.380 sec/batch
INFO:tensorflow:Step: 483, Loss: 4.930805, time: 1.441 sec/batch
INFO:tensorflow:Step: 484, Loss: 5.026983, time: 1.483 sec/batch
INFO:tensorflow:Step: 485, Loss: 4.956642, time: 1.521 sec/batch
INFO:tensorflow:Step: 486, Loss: 5.086087, time: 2.268 sec/batch
INFO:tensorflow:Step: 487, Loss: 5.081938, time: 2.712 sec/batch
INFO:tensorflow:Step: 488, Loss: 5.056672, time: 3.034 sec/batch
INFO:tensorflow:Step: 489, Loss: 4.967096, time: 3.248 sec/batch
INFO:tensorflow:Step: 490, Loss: 4.853754, time: 2.970 sec/batch
INFO:tensorflow:Step: 491, Loss: 4.878919, time: 1.943 sec/batch
INFO:tensorflow:Step: 492, Loss: 4.965886, time: 2.513 sec/batch
INFO:tensorflow:Step: 493, Loss: 4.953314, time: 2.122 sec/batch
INFO:tensorflow:Step: 494, Loss: 5.336195, time: 2.783 sec/batch
INFO:tensorflow:Step: 495, Loss: 5.194577, time: 2.389 sec/batch
INFO:tensorflow:Step: 496, Loss: 4.830823, time: 1.866 sec/batch
INFO:tensorflow:Step: 497, Loss: 5.035808, time: 2.577 sec/batch
INFO:tensorflow:Step: 498, Loss: 5.297450, time: 3.265 sec/batch
INFO:tensorflow:Step: 499, Loss: 4.914929, time: 1.640 sec/batch
INFO:tensorflow:Step: 500, Loss: 4.876453, time: 2.660 sec/batch
INFO:tensorflow:Step: 501, Loss: 5.030129, time: 1.622 sec/batch
INFO:tensorflow:Step: 502, Loss: 4.635343, time: 1.686 sec/batch
INFO:tensorflow:Step: 503, Loss: 4.994676, time: 2.169 sec/batch
INFO:tensorflow:Step: 504, Loss: 5.168621, time: 1.538 sec/batch
INFO:tensorflow:Step: 505, Loss: 5.081708, time: 1.793 sec/batch
INFO:tensorflow:Step: 506, Loss: 4.884847, time: 1.698 sec/batch
INFO:tensorflow:Step: 507, Loss: 4.940456, time: 3.150 sec/batch
INFO:tensorflow:Step: 508, Loss: 5.030808, time: 2.020 sec/batch
INFO:tensorflow:Step: 509, Loss: 5.078592, time: 2.925 sec/batch
INFO:tensorflow:Step: 510, Loss: 4.853404, time: 2.473 sec/batch
INFO:tensorflow:Step: 511, Loss: 5.191198, time: 3.377 sec/batch
INFO:tensorflow:Step: 512, Loss: 5.097571, time: 2.452 sec/batch
INFO:tensorflow:Step: 513, Loss: 4.963291, time: 2.686 sec/batch
INFO:tensorflow:Step: 514, Loss: 4.882322, time: 2.854 sec/batch
INFO:tensorflow:Step: 515, Loss: 4.902442, time: 2.633 sec/batch
INFO:tensorflow:Step: 516, Loss: 5.029427, time: 3.135 sec/batch
INFO:tensorflow:Step: 517, Loss: 5.037008, time: 2.804 sec/batch
INFO:tensorflow:Step: 518, Loss: 5.046310, time: 1.816 sec/batch
INFO:tensorflow:Step: 519, Loss: 5.114893, time: 2.861 sec/batch
INFO:tensorflow:Step: 520, Loss: 4.844530, time: 3.047 sec/batch
INFO:tensorflow:Step: 521, Loss: 4.883668, time: 3.158 sec/batch
INFO:tensorflow:Step: 522, Loss: 4.917870, time: 2.573 sec/batch
INFO:tensorflow:Step: 523, Loss: 5.082558, time: 3.306 sec/batch
INFO:tensorflow:Step: 524, Loss: 4.962841, time: 2.891 sec/batch
INFO:tensorflow:Step: 525, Loss: 5.081136, time: 2.925 sec/batch
INFO:tensorflow:Step: 526, Loss: 5.025548, time: 3.209 sec/batch
INFO:tensorflow:Step: 527, Loss: 4.943213, time: 1.818 sec/batch
INFO:tensorflow:Step: 528, Loss: 4.767006, time: 1.808 sec/batch
INFO:tensorflow:Step: 529, Loss: 5.147573, time: 1.503 sec/batch
INFO:tensorflow:Step: 530, Loss: 4.950072, time: 2.893 sec/batch
INFO:tensorflow:Step: 531, Loss: 5.061048, time: 2.020 sec/batch
INFO:tensorflow:Step: 532, Loss: 5.087027, time: 1.802 sec/batch
INFO:tensorflow:Step: 533, Loss: 4.945198, time: 1.643 sec/batch
INFO:tensorflow:Step: 534, Loss: 5.134571, time: 1.623 sec/batch
INFO:tensorflow:Step: 535, Loss: 4.995432, time: 1.509 sec/batch
INFO:tensorflow:Step: 536, Loss: 5.145307, time: 1.585 sec/batch
INFO:tensorflow:Step: 537, Loss: 5.036964, time: 1.873 sec/batch
INFO:tensorflow:Step: 538, Loss: 5.001334, time: 1.519 sec/batch
INFO:tensorflow:Step: 539, Loss: 5.248794, time: 1.597 sec/batch
INFO:tensorflow:Step: 540, Loss: 5.385426, time: 1.542 sec/batch
INFO:tensorflow:Step: 541, Loss: 5.006178, time: 1.416 sec/batch
INFO:tensorflow:Step: 542, Loss: 4.925420, time: 1.589 sec/batch
INFO:tensorflow:Step: 543, Loss: 5.092234, time: 2.264 sec/batch
INFO:tensorflow:Step: 544, Loss: 4.916527, time: 3.309 sec/batch
INFO:tensorflow:Step: 545, Loss: 4.932134, time: 2.854 sec/batch
INFO:tensorflow:Step: 546, Loss: 5.383100, time: 2.811 sec/batch
INFO:tensorflow:Step: 547, Loss: 4.966678, time: 2.714 sec/batch
INFO:tensorflow:Step: 548, Loss: 4.892187, time: 3.270 sec/batch
INFO:tensorflow:Step: 549, Loss: 5.116471, time: 2.059 sec/batch
INFO:tensorflow:Step: 550, Loss: 5.110928, time: 2.465 sec/batch
INFO:tensorflow:Step: 551, Loss: 4.929451, time: 2.454 sec/batch
INFO:tensorflow:Step: 552, Loss: 4.925983, time: 2.726 sec/batch
INFO:tensorflow:Step: 553, Loss: 5.240219, time: 2.226 sec/batch
INFO:tensorflow:Step: 554, Loss: 5.011786, time: 2.703 sec/batch
INFO:tensorflow:Step: 555, Loss: 4.824431, time: 2.497 sec/batch
INFO:tensorflow:Step: 556, Loss: 4.971558, time: 1.993 sec/batch
INFO:tensorflow:Step: 557, Loss: 4.936459, time: 3.287 sec/batch
INFO:tensorflow:Step: 558, Loss: 4.975424, time: 3.585 sec/batch
INFO:tensorflow:Step: 559, Loss: 5.166475, time: 2.596 sec/batch
INFO:tensorflow:Step: 560, Loss: 5.198546, time: 2.006 sec/batch
INFO:tensorflow:Step: 561, Loss: 5.061819, time: 3.188 sec/batch
INFO:tensorflow:Step: 562, Loss: 5.452246, time: 3.132 sec/batch
INFO:tensorflow:Step: 563, Loss: 4.969935, time: 2.838 sec/batch
INFO:tensorflow:Step: 564, Loss: 4.937635, time: 1.908 sec/batch
INFO:tensorflow:Step: 565, Loss: 5.034429, time: 1.683 sec/batch
INFO:tensorflow:Step: 566, Loss: 4.830477, time: 1.586 sec/batch
INFO:tensorflow:Step: 567, Loss: 4.854752, time: 1.923 sec/batch
INFO:tensorflow:Step: 568, Loss: 4.894613, time: 2.584 sec/batch
INFO:tensorflow:Step: 569, Loss: 5.044672, time: 3.004 sec/batch
INFO:tensorflow:Step: 570, Loss: 5.056596, time: 2.557 sec/batch
INFO:tensorflow:Step: 571, Loss: 4.796750, time: 2.849 sec/batch
INFO:tensorflow:Step: 572, Loss: 4.864048, time: 1.922 sec/batch
INFO:tensorflow:Step: 573, Loss: 4.913787, time: 1.863 sec/batch
INFO:tensorflow:Step: 574, Loss: 5.048338, time: 2.926 sec/batch
INFO:tensorflow:Step: 575, Loss: 4.966114, time: 1.910 sec/batch
INFO:tensorflow:Step: 576, Loss: 4.947488, time: 1.542 sec/batch
INFO:tensorflow:Step: 577, Loss: 4.838441, time: 1.395 sec/batch
INFO:tensorflow:Step: 578, Loss: 5.008726, time: 1.482 sec/batch
INFO:tensorflow:Step: 579, Loss: 4.944130, time: 1.581 sec/batch
INFO:tensorflow:Step: 580, Loss: 4.869243, time: 2.271 sec/batch
INFO:tensorflow:Step: 581, Loss: 4.824761, time: 1.631 sec/batch
INFO:tensorflow:Step: 582, Loss: 5.136219, time: 1.545 sec/batch
INFO:tensorflow:Step: 583, Loss: 4.807874, time: 2.998 sec/batch
INFO:tensorflow:Step: 584, Loss: 5.150305, time: 2.376 sec/batch
INFO:tensorflow:Step: 585, Loss: 4.874435, time: 2.760 sec/batch
INFO:tensorflow:Step: 586, Loss: 5.175559, time: 2.482 sec/batch
INFO:tensorflow:Step: 587, Loss: 5.056220, time: 3.237 sec/batch
INFO:tensorflow:Step: 588, Loss: 5.119864, time: 1.657 sec/batch
INFO:tensorflow:Step: 589, Loss: 4.805704, time: 1.636 sec/batch
INFO:tensorflow:Step: 590, Loss: 4.947431, time: 3.409 sec/batch
INFO:tensorflow:Step: 591, Loss: 5.017272, time: 3.298 sec/batch
INFO:tensorflow:Step: 592, Loss: 4.924981, time: 1.833 sec/batch
INFO:tensorflow:Step: 593, Loss: 4.934446, time: 1.645 sec/batch
INFO:tensorflow:Step: 594, Loss: 5.035717, time: 1.637 sec/batch
INFO:tensorflow:Step: 595, Loss: 4.999137, time: 1.926 sec/batch
INFO:tensorflow:Step: 596, Loss: 5.090085, time: 1.593 sec/batch
INFO:tensorflow:Step: 597, Loss: 4.991014, time: 1.505 sec/batch
INFO:tensorflow:Step: 598, Loss: 4.983673, time: 2.617 sec/batch
INFO:tensorflow:Step: 599, Loss: 4.828650, time: 3.516 sec/batch
INFO:tensorflow:Step: 600, Loss: 4.968462, time: 1.839 sec/batch
INFO:tensorflow:Step: 601, Loss: 4.928867, time: 3.108 sec/batch
INFO:tensorflow:Step: 602, Loss: 5.114450, time: 4.001 sec/batch
INFO:tensorflow:Step: 603, Loss: 5.005117, time: 3.538 sec/batch
INFO:tensorflow:Step: 604, Loss: 4.986154, time: 2.934 sec/batch
INFO:tensorflow:Step: 605, Loss: 5.206281, time: 3.048 sec/batch
INFO:tensorflow:Step: 606, Loss: 4.822958, time: 2.886 sec/batch
INFO:tensorflow:Step: 607, Loss: 4.903190, time: 1.873 sec/batch
INFO:tensorflow:Step: 608, Loss: 4.936212, time: 2.594 sec/batch
INFO:tensorflow:Step: 609, Loss: 4.966838, time: 1.949 sec/batch
INFO:tensorflow:Step: 610, Loss: 4.888472, time: 1.737 sec/batch
INFO:tensorflow:Step: 611, Loss: 4.921670, time: 1.546 sec/batch
INFO:tensorflow:Step: 612, Loss: 4.959976, time: 2.621 sec/batch
INFO:tensorflow:Step: 613, Loss: 5.043797, time: 1.687 sec/batch
INFO:tensorflow:Step: 614, Loss: 4.922812, time: 1.510 sec/batch
INFO:tensorflow:Step: 615, Loss: 5.051466, time: 1.550 sec/batch
INFO:tensorflow:Step: 616, Loss: 5.223945, time: 1.443 sec/batch
INFO:tensorflow:Step: 617, Loss: 5.117829, time: 2.975 sec/batch
INFO:tensorflow:Step: 618, Loss: 4.840191, time: 1.531 sec/batch
INFO:tensorflow:Step: 619, Loss: 5.008709, time: 1.522 sec/batch
INFO:tensorflow:Step: 620, Loss: 4.774351, time: 1.400 sec/batch
INFO:tensorflow:Step: 621, Loss: 5.051887, time: 1.440 sec/batch
INFO:tensorflow:Step: 622, Loss: 4.915086, time: 1.392 sec/batch
INFO:tensorflow:Step: 623, Loss: 4.952003, time: 1.607 sec/batch
INFO:tensorflow:Step: 624, Loss: 5.121986, time: 1.780 sec/batch
INFO:tensorflow:Step: 625, Loss: 5.102284, time: 1.828 sec/batch
INFO:tensorflow:Step: 626, Loss: 4.990543, time: 1.513 sec/batch
INFO:tensorflow:Step: 627, Loss: 5.047480, time: 1.791 sec/batch
INFO:tensorflow:Step: 628, Loss: 5.008467, time: 1.448 sec/batch
INFO:tensorflow:Step: 629, Loss: 5.027623, time: 1.431 sec/batch
INFO:tensorflow:Step: 630, Loss: 4.772402, time: 2.348 sec/batch
INFO:tensorflow:Step: 631, Loss: 5.072050, time: 3.904 sec/batch
INFO:tensorflow:Step: 632, Loss: 4.863118, time: 3.356 sec/batch
INFO:tensorflow:Step: 633, Loss: 4.983710, time: 2.802 sec/batch
INFO:tensorflow:Step: 634, Loss: 5.029758, time: 3.015 sec/batch
INFO:tensorflow:Step: 635, Loss: 5.144699, time: 3.034 sec/batch
INFO:tensorflow:Step: 636, Loss: 5.001432, time: 3.395 sec/batch
INFO:tensorflow:Step: 637, Loss: 5.002506, time: 2.654 sec/batch
INFO:tensorflow:Step: 638, Loss: 5.114937, time: 2.696 sec/batch
INFO:tensorflow:Step: 639, Loss: 4.960142, time: 3.065 sec/batch
INFO:tensorflow:Step: 640, Loss: 4.777830, time: 2.130 sec/batch
INFO:tensorflow:Step: 641, Loss: 5.127254, time: 3.291 sec/batch
INFO:tensorflow:Step: 642, Loss: 5.037680, time: 2.810 sec/batch
INFO:tensorflow:Step: 643, Loss: 4.976846, time: 3.166 sec/batch
INFO:tensorflow:Step: 644, Loss: 4.986856, time: 3.364 sec/batch
INFO:tensorflow:Step: 645, Loss: 5.267567, time: 2.890 sec/batch
INFO:tensorflow:Step: 646, Loss: 4.923395, time: 3.041 sec/batch
INFO:tensorflow:Step: 647, Loss: 5.123018, time: 2.842 sec/batch
INFO:tensorflow:Step: 648, Loss: 4.945245, time: 3.484 sec/batch
INFO:tensorflow:Step: 649, Loss: 5.281940, time: 2.874 sec/batch
INFO:tensorflow:Step: 650, Loss: 5.121081, time: 3.023 sec/batch
INFO:tensorflow:Step: 651, Loss: 5.023586, time: 3.292 sec/batch
INFO:tensorflow:Step: 652, Loss: 4.974771, time: 2.013 sec/batch
INFO:tensorflow:Step: 653, Loss: 4.995592, time: 3.505 sec/batch
INFO:tensorflow:Step: 654, Loss: 5.004000, time: 2.886 sec/batch
INFO:tensorflow:Step: 655, Loss: 4.994524, time: 2.192 sec/batch
INFO:tensorflow:Step: 656, Loss: 4.930082, time: 3.074 sec/batch
INFO:tensorflow:Step: 657, Loss: 4.940308, time: 1.703 sec/batch
INFO:tensorflow:Step: 658, Loss: 4.938452, time: 1.720 sec/batch
INFO:tensorflow:Step: 659, Loss: 4.996773, time: 1.837 sec/batch
INFO:tensorflow:Step: 660, Loss: 4.834770, time: 1.488 sec/batch
INFO:tensorflow:Step: 661, Loss: 5.050265, time: 2.482 sec/batch
INFO:tensorflow:Step: 662, Loss: 5.003009, time: 1.857 sec/batch
INFO:tensorflow:Step: 663, Loss: 4.989524, time: 2.524 sec/batch
INFO:tensorflow:Step: 664, Loss: 5.134400, time: 1.857 sec/batch
INFO:tensorflow:Step: 665, Loss: 5.133618, time: 1.758 sec/batch
INFO:tensorflow:Step: 666, Loss: 5.136345, time: 1.604 sec/batch
INFO:tensorflow:Step: 667, Loss: 5.149015, time: 1.564 sec/batch
INFO:tensorflow:Step: 668, Loss: 4.960946, time: 1.766 sec/batch
INFO:tensorflow:Step: 669, Loss: 4.775592, time: 1.668 sec/batch
INFO:tensorflow:Step: 670, Loss: 4.912694, time: 1.503 sec/batch
INFO:tensorflow:Step: 671, Loss: 4.935472, time: 1.584 sec/batch
INFO:tensorflow:Step: 672, Loss: 5.102949, time: 1.565 sec/batch
INFO:tensorflow:Step: 673, Loss: 4.986983, time: 1.586 sec/batch
INFO:tensorflow:Step: 674, Loss: 4.836897, time: 1.760 sec/batch
INFO:tensorflow:Step: 675, Loss: 5.108584, time: 1.447 sec/batch
INFO:tensorflow:Step: 676, Loss: 4.917502, time: 2.896 sec/batch
INFO:tensorflow:Step: 677, Loss: 5.053181, time: 3.214 sec/batch
INFO:tensorflow:Step: 678, Loss: 5.051043, time: 2.395 sec/batch
INFO:tensorflow:Step: 679, Loss: 5.041678, time: 2.764 sec/batch
INFO:tensorflow:Step: 680, Loss: 4.810090, time: 2.707 sec/batch
INFO:tensorflow:Step: 681, Loss: 4.830928, time: 2.593 sec/batch
INFO:tensorflow:Step: 682, Loss: 5.142872, time: 2.906 sec/batch
run-expr-4node.sh: line 21: 63884 Terminated              CUDA_VISIBLE_DEVICES=$1 bazel-bin/inception/imagenet_distributed_train --batch_size=64 --data_dir=/lfs/local/0/daniter/imagenet-8-$2 --job_name='worker' --task_id=$2 --ps_hosts='raiders1:2228' --worker_hosts='raiders1:2200,raiders1:2201,raiders3:2209,raiders3:2210' --initial_learning_rate=$3 --momentum=$4 --sync=$5
