DISPLAY "(null)" invalid; disabling X11 forwarding
I tensorflow/stream_executor/dso_loader.cc:108] successfully opened CUDA library libcublas.so locally
I tensorflow/stream_executor/dso_loader.cc:108] successfully opened CUDA library libcudnn.so locally
I tensorflow/stream_executor/dso_loader.cc:108] successfully opened CUDA library libcufft.so locally
I tensorflow/stream_executor/dso_loader.cc:108] successfully opened CUDA library libcuda.so locally
I tensorflow/stream_executor/dso_loader.cc:108] successfully opened CUDA library libcurand.so locally
INFO:tensorflow:PS hosts are: ['raiders1:2228']
INFO:tensorflow:Worker hosts are: ['raiders1:2200', 'raiders1:2201', 'raiders3:2209', 'raiders3:2210']
I tensorflow/core/common_runtime/gpu/gpu_init.cc:102] Found device 0 with properties: 
name: GeForce GTX TITAN X
major: 5 minor: 2 memoryClockRate (GHz) 1.076
pciBusID 0000:03:00.0
Total memory: 11.92GiB
Free memory: 11.81GiB
I tensorflow/core/common_runtime/gpu/gpu_init.cc:126] DMA: 0 
I tensorflow/core/common_runtime/gpu/gpu_init.cc:136] 0:   Y 
I tensorflow/core/common_runtime/gpu/gpu_device.cc:806] Creating TensorFlow device (/gpu:0) -> (device: 0, name: GeForce GTX TITAN X, pci bus id: 0000:03:00.0)
I tensorflow/core/distributed_runtime/rpc/grpc_channel.cc:206] Initialize HostPortsGrpcChannelCache for job ps -> {raiders1:2228}
I tensorflow/core/distributed_runtime/rpc/grpc_channel.cc:206] Initialize HostPortsGrpcChannelCache for job worker -> {raiders1:2200, raiders1:2201, localhost:2209, raiders3:2210}
I tensorflow/core/distributed_runtime/rpc/grpc_server_lib.cc:202] Started server with target: grpc://localhost:2209
INFO:tensorflow:Learning rate: 0.000500, momentum: 0.300000
INFO:tensorflow:Sync mode!!!!!!
INFO:tensorflow:SyncReplicas enabled: replicas_to_aggregate=4; total_num_replicas=4
INFO:tensorflow:2016-07-21 00:03:01.110005 Supervisor
INFO:tensorflow:Started 3 queues for processing input data.
I tensorflow/core/common_runtime/gpu/pool_allocator.cc:244] PoolAllocator: After 3576 get requests, put_count=2565 evicted_count=1000 eviction_rate=0.389864 and unsatisfied allocation rate=0.590324
I tensorflow/core/common_runtime/gpu/pool_allocator.cc:256] Raising pool_size_limit_ from 100 to 110
INFO:tensorflow:Step: 418, Loss: 4.838749, time: 38.683 sec/batch
INFO:tensorflow:Step: 418, Loss: 4.962520, time: 2.706 sec/batch
INFO:tensorflow:Step: 419, Loss: 5.173084, time: 2.271 sec/batch
INFO:tensorflow:Step: 419, Loss: 5.268603, time: 1.310 sec/batch
INFO:tensorflow:Step: 420, Loss: 5.121484, time: 2.727 sec/batch
I tensorflow/core/common_runtime/gpu/pool_allocator.cc:244] PoolAllocator: After 0 get requests, put_count=1016 evicted_count=1000 eviction_rate=0.984252 and unsatisfied allocation rate=0
INFO:tensorflow:Step: 421, Loss: 5.072237, time: 2.849 sec/batch
INFO:tensorflow:Step: 421, Loss: 5.008235, time: 1.390 sec/batch
INFO:tensorflow:Step: 422, Loss: 5.093348, time: 2.206 sec/batch
INFO:tensorflow:Step: 423, Loss: 5.157633, time: 1.986 sec/batch
INFO:tensorflow:Step: 424, Loss: 4.956524, time: 2.665 sec/batch
I tensorflow/core/common_runtime/gpu/pool_allocator.cc:244] PoolAllocator: After 0 get requests, put_count=1025 evicted_count=1000 eviction_rate=0.97561 and unsatisfied allocation rate=0
INFO:tensorflow:Step: 425, Loss: 5.237889, time: 3.045 sec/batch
INFO:tensorflow:Step: 426, Loss: 5.002486, time: 2.198 sec/batch
INFO:tensorflow:Step: 427, Loss: 5.013928, time: 4.485 sec/batch
INFO:tensorflow:Step: 428, Loss: 5.115247, time: 1.920 sec/batch
INFO:tensorflow:Step: 429, Loss: 5.126071, time: 4.459 sec/batch
INFO:tensorflow:Step: 430, Loss: 4.954383, time: 3.114 sec/batch
I tensorflow/core/common_runtime/gpu/pool_allocator.cc:244] PoolAllocator: After 0 get requests, put_count=1044 evicted_count=1000 eviction_rate=0.957854 and unsatisfied allocation rate=0
INFO:tensorflow:Step: 431, Loss: 5.180376, time: 1.645 sec/batch
INFO:tensorflow:Step: 432, Loss: 4.998349, time: 3.242 sec/batch
INFO:tensorflow:Step: 433, Loss: 5.050925, time: 2.483 sec/batch
INFO:tensorflow:Step: 434, Loss: 5.124362, time: 2.579 sec/batch
INFO:tensorflow:Step: 435, Loss: 5.007970, time: 3.239 sec/batch
INFO:tensorflow:Step: 436, Loss: 5.145789, time: 2.875 sec/batch
INFO:tensorflow:Step: 437, Loss: 4.831711, time: 3.108 sec/batch
I tensorflow/core/common_runtime/gpu/pool_allocator.cc:244] PoolAllocator: After 3576 get requests, put_count=4414 evicted_count=2000 eviction_rate=0.453104 and unsatisfied allocation rate=0.347036
I tensorflow/core/common_runtime/gpu/pool_allocator.cc:256] Raising pool_size_limit_ from 871 to 958
INFO:tensorflow:Step: 438, Loss: 5.097771, time: 2.665 sec/batch
INFO:tensorflow:Step: 439, Loss: 5.062150, time: 2.549 sec/batch
INFO:tensorflow:Step: 440, Loss: 5.194114, time: 2.684 sec/batch
INFO:tensorflow:Step: 441, Loss: 5.087908, time: 2.505 sec/batch
INFO:tensorflow:Step: 442, Loss: 5.164352, time: 3.006 sec/batch
INFO:tensorflow:Step: 443, Loss: 5.200379, time: 3.284 sec/batch
INFO:tensorflow:Step: 444, Loss: 4.841628, time: 1.969 sec/batch
INFO:tensorflow:Step: 445, Loss: 4.995522, time: 2.299 sec/batch
INFO:tensorflow:Step: 446, Loss: 4.990323, time: 1.769 sec/batch
INFO:tensorflow:Step: 447, Loss: 4.856074, time: 3.029 sec/batch
INFO:tensorflow:Step: 448, Loss: 5.226954, time: 3.069 sec/batch
INFO:tensorflow:Step: 449, Loss: 4.990837, time: 3.217 sec/batch
INFO:tensorflow:Step: 450, Loss: 5.189800, time: 1.972 sec/batch
INFO:tensorflow:Step: 451, Loss: 4.977382, time: 2.684 sec/batch
INFO:tensorflow:Step: 452, Loss: 4.982493, time: 2.773 sec/batch
INFO:tensorflow:Step: 453, Loss: 4.986215, time: 3.046 sec/batch
INFO:tensorflow:Step: 454, Loss: 5.223428, time: 2.956 sec/batch
INFO:tensorflow:Step: 455, Loss: 5.216318, time: 2.828 sec/batch
INFO:tensorflow:Step: 456, Loss: 4.996441, time: 2.607 sec/batch
INFO:tensorflow:Step: 457, Loss: 4.909276, time: 2.000 sec/batch
INFO:tensorflow:Step: 458, Loss: 5.109276, time: 3.265 sec/batch
INFO:tensorflow:Step: 459, Loss: 5.114302, time: 2.740 sec/batch
INFO:tensorflow:Step: 460, Loss: 5.224849, time: 1.882 sec/batch
INFO:tensorflow:Step: 461, Loss: 5.143428, time: 2.520 sec/batch
INFO:tensorflow:Step: 462, Loss: 5.047065, time: 1.796 sec/batch
INFO:tensorflow:Step: 463, Loss: 4.924096, time: 3.056 sec/batch
INFO:tensorflow:Step: 464, Loss: 4.824763, time: 1.625 sec/batch
INFO:tensorflow:Step: 465, Loss: 5.196754, time: 1.454 sec/batch
INFO:tensorflow:Step: 466, Loss: 5.261258, time: 1.529 sec/batch
INFO:tensorflow:Step: 467, Loss: 4.901962, time: 2.643 sec/batch
INFO:tensorflow:Step: 468, Loss: 4.855765, time: 1.676 sec/batch
INFO:tensorflow:Step: 469, Loss: 4.991436, time: 2.675 sec/batch
INFO:tensorflow:Step: 470, Loss: 5.115227, time: 2.887 sec/batch
INFO:tensorflow:Step: 471, Loss: 5.358571, time: 2.484 sec/batch
INFO:tensorflow:Step: 472, Loss: 5.078137, time: 2.464 sec/batch
INFO:tensorflow:Step: 473, Loss: 5.031718, time: 2.277 sec/batch
INFO:tensorflow:Step: 474, Loss: 5.086905, time: 2.804 sec/batch
INFO:tensorflow:Step: 475, Loss: 5.024264, time: 1.647 sec/batch
INFO:tensorflow:Step: 476, Loss: 4.838757, time: 1.607 sec/batch
INFO:tensorflow:Step: 477, Loss: 4.961130, time: 1.538 sec/batch
INFO:tensorflow:Step: 478, Loss: 5.079601, time: 1.449 sec/batch
INFO:tensorflow:Step: 479, Loss: 5.007804, time: 1.602 sec/batch
INFO:tensorflow:Step: 480, Loss: 4.969243, time: 1.747 sec/batch
INFO:tensorflow:Step: 481, Loss: 5.146004, time: 1.993 sec/batch
INFO:tensorflow:Step: 482, Loss: 5.072584, time: 1.377 sec/batch
INFO:tensorflow:Step: 483, Loss: 4.903516, time: 1.445 sec/batch
INFO:tensorflow:Step: 484, Loss: 5.067389, time: 1.485 sec/batch
INFO:tensorflow:Step: 485, Loss: 5.160933, time: 1.509 sec/batch
INFO:tensorflow:Step: 486, Loss: 5.052480, time: 2.316 sec/batch
INFO:tensorflow:Step: 487, Loss: 4.986691, time: 2.665 sec/batch
INFO:tensorflow:Step: 488, Loss: 5.012547, time: 3.035 sec/batch
INFO:tensorflow:Step: 489, Loss: 4.876056, time: 3.254 sec/batch
INFO:tensorflow:Step: 490, Loss: 4.931393, time: 2.969 sec/batch
INFO:tensorflow:Step: 491, Loss: 4.855338, time: 1.956 sec/batch
INFO:tensorflow:Step: 492, Loss: 5.268639, time: 2.506 sec/batch
INFO:tensorflow:Step: 493, Loss: 5.267853, time: 2.170 sec/batch
INFO:tensorflow:Step: 494, Loss: 4.745009, time: 2.745 sec/batch
INFO:tensorflow:Step: 495, Loss: 5.139293, time: 2.357 sec/batch
INFO:tensorflow:Step: 496, Loss: 5.129783, time: 1.889 sec/batch
INFO:tensorflow:Step: 497, Loss: 5.051328, time: 2.585 sec/batch
INFO:tensorflow:Step: 498, Loss: 5.010495, time: 3.264 sec/batch
INFO:tensorflow:Step: 499, Loss: 5.190392, time: 1.703 sec/batch
INFO:tensorflow:Step: 500, Loss: 5.042683, time: 2.580 sec/batch
INFO:tensorflow:Step: 501, Loss: 5.097832, time: 1.640 sec/batch
INFO:tensorflow:Step: 502, Loss: 5.170789, time: 1.684 sec/batch
INFO:tensorflow:Step: 503, Loss: 5.015772, time: 2.172 sec/batch
INFO:tensorflow:Step: 504, Loss: 4.929407, time: 1.540 sec/batch
INFO:tensorflow:Step: 505, Loss: 4.943718, time: 1.792 sec/batch
INFO:tensorflow:Step: 506, Loss: 5.123348, time: 1.697 sec/batch
INFO:tensorflow:Step: 507, Loss: 5.006628, time: 3.150 sec/batch
INFO:tensorflow:Step: 508, Loss: 4.981343, time: 2.021 sec/batch
INFO:tensorflow:Step: 509, Loss: 4.884446, time: 2.928 sec/batch
INFO:tensorflow:Step: 510, Loss: 5.104600, time: 2.472 sec/batch
INFO:tensorflow:Step: 511, Loss: 5.019452, time: 3.392 sec/batch
INFO:tensorflow:Step: 512, Loss: 5.135580, time: 2.433 sec/batch
INFO:tensorflow:Step: 513, Loss: 5.066943, time: 2.714 sec/batch
INFO:tensorflow:Step: 514, Loss: 5.055067, time: 2.831 sec/batch
INFO:tensorflow:Step: 515, Loss: 4.886830, time: 2.632 sec/batch
INFO:tensorflow:Step: 516, Loss: 4.975634, time: 3.150 sec/batch
INFO:tensorflow:Step: 517, Loss: 4.904811, time: 2.790 sec/batch
INFO:tensorflow:Step: 518, Loss: 5.095203, time: 1.805 sec/batch
INFO:tensorflow:Step: 519, Loss: 5.034598, time: 2.866 sec/batch
INFO:tensorflow:Step: 520, Loss: 5.239295, time: 3.045 sec/batch
INFO:tensorflow:Step: 521, Loss: 4.935836, time: 3.161 sec/batch
INFO:tensorflow:Step: 522, Loss: 4.942966, time: 2.576 sec/batch
INFO:tensorflow:Step: 523, Loss: 5.093119, time: 3.296 sec/batch
INFO:tensorflow:Step: 524, Loss: 4.888378, time: 2.900 sec/batch
INFO:tensorflow:Step: 525, Loss: 5.052928, time: 2.945 sec/batch
INFO:tensorflow:Step: 526, Loss: 5.175247, time: 3.175 sec/batch
INFO:tensorflow:Step: 527, Loss: 4.837781, time: 1.826 sec/batch
INFO:tensorflow:Step: 528, Loss: 4.999272, time: 1.837 sec/batch
INFO:tensorflow:Step: 529, Loss: 5.097168, time: 1.471 sec/batch
INFO:tensorflow:Step: 530, Loss: 5.248061, time: 2.898 sec/batch
INFO:tensorflow:Step: 531, Loss: 4.866087, time: 2.021 sec/batch
INFO:tensorflow:Step: 532, Loss: 4.908234, time: 1.799 sec/batch
INFO:tensorflow:Step: 533, Loss: 4.948564, time: 1.648 sec/batch
INFO:tensorflow:Step: 534, Loss: 4.872231, time: 1.619 sec/batch
INFO:tensorflow:Step: 535, Loss: 4.978930, time: 1.514 sec/batch
INFO:tensorflow:Step: 536, Loss: 5.154378, time: 1.585 sec/batch
INFO:tensorflow:Step: 537, Loss: 4.864691, time: 1.881 sec/batch
INFO:tensorflow:Step: 538, Loss: 4.939901, time: 1.511 sec/batch
INFO:tensorflow:Step: 539, Loss: 5.042151, time: 1.598 sec/batch
INFO:tensorflow:Step: 540, Loss: 5.032018, time: 1.543 sec/batch
INFO:tensorflow:Step: 541, Loss: 5.127157, time: 1.417 sec/batch
INFO:tensorflow:Step: 542, Loss: 5.224428, time: 1.587 sec/batch
INFO:tensorflow:Step: 543, Loss: 4.923453, time: 2.257 sec/batch
INFO:tensorflow:Step: 544, Loss: 5.053810, time: 3.289 sec/batch
INFO:tensorflow:Step: 545, Loss: 5.018232, time: 2.907 sec/batch
INFO:tensorflow:Step: 546, Loss: 4.882948, time: 2.785 sec/batch
INFO:tensorflow:Step: 547, Loss: 5.089624, time: 2.704 sec/batch
INFO:tensorflow:Step: 548, Loss: 4.943789, time: 3.251 sec/batch
INFO:tensorflow:Step: 549, Loss: 4.979125, time: 2.091 sec/batch
INFO:tensorflow:Step: 550, Loss: 5.115048, time: 2.465 sec/batch
INFO:tensorflow:Step: 551, Loss: 4.806643, time: 2.453 sec/batch
INFO:tensorflow:Step: 552, Loss: 5.190565, time: 2.762 sec/batch
INFO:tensorflow:Step: 553, Loss: 4.933803, time: 2.193 sec/batch
INFO:tensorflow:Step: 554, Loss: 5.108354, time: 2.698 sec/batch
INFO:tensorflow:Step: 555, Loss: 5.231853, time: 2.505 sec/batch
INFO:tensorflow:Step: 556, Loss: 4.961487, time: 1.998 sec/batch
INFO:tensorflow:Step: 557, Loss: 5.047782, time: 3.277 sec/batch
INFO:tensorflow:Step: 558, Loss: 4.934668, time: 3.582 sec/batch
INFO:tensorflow:Step: 559, Loss: 5.046500, time: 2.608 sec/batch
INFO:tensorflow:Step: 560, Loss: 4.940678, time: 1.968 sec/batch
INFO:tensorflow:Step: 561, Loss: 4.979520, time: 3.215 sec/batch
INFO:tensorflow:Step: 562, Loss: 5.028172, time: 3.134 sec/batch
INFO:tensorflow:Step: 563, Loss: 5.050413, time: 2.830 sec/batch
INFO:tensorflow:Step: 564, Loss: 4.986800, time: 1.919 sec/batch
INFO:tensorflow:Step: 565, Loss: 5.000880, time: 1.684 sec/batch
INFO:tensorflow:Step: 566, Loss: 4.923079, time: 1.585 sec/batch
INFO:tensorflow:Step: 567, Loss: 4.944372, time: 1.928 sec/batch
INFO:tensorflow:Step: 568, Loss: 4.950380, time: 2.598 sec/batch
INFO:tensorflow:Step: 569, Loss: 5.111356, time: 2.990 sec/batch
INFO:tensorflow:Step: 570, Loss: 4.944818, time: 2.550 sec/batch
INFO:tensorflow:Step: 571, Loss: 4.826119, time: 2.851 sec/batch
INFO:tensorflow:Step: 572, Loss: 4.963223, time: 1.926 sec/batch
INFO:tensorflow:Step: 573, Loss: 5.263144, time: 1.843 sec/batch
INFO:tensorflow:Step: 574, Loss: 4.974467, time: 2.946 sec/batch
INFO:tensorflow:Step: 575, Loss: 4.995790, time: 1.909 sec/batch
INFO:tensorflow:Step: 576, Loss: 4.939673, time: 1.540 sec/batch
INFO:tensorflow:Step: 577, Loss: 4.993238, time: 1.399 sec/batch
INFO:tensorflow:Step: 578, Loss: 4.919084, time: 1.482 sec/batch
INFO:tensorflow:Step: 579, Loss: 5.245296, time: 1.579 sec/batch
INFO:tensorflow:Step: 580, Loss: 4.954540, time: 2.284 sec/batch
INFO:tensorflow:Step: 581, Loss: 4.980331, time: 1.625 sec/batch
INFO:tensorflow:Step: 582, Loss: 4.849016, time: 1.551 sec/batch
INFO:tensorflow:Step: 583, Loss: 4.767328, time: 2.978 sec/batch
INFO:tensorflow:Step: 584, Loss: 4.936647, time: 2.377 sec/batch
INFO:tensorflow:Step: 585, Loss: 4.909036, time: 2.766 sec/batch
INFO:tensorflow:Step: 586, Loss: 5.081683, time: 2.465 sec/batch
INFO:tensorflow:Step: 587, Loss: 4.928741, time: 3.255 sec/batch
INFO:tensorflow:Step: 588, Loss: 4.999615, time: 1.665 sec/batch
INFO:tensorflow:Step: 589, Loss: 5.051923, time: 1.629 sec/batch
INFO:tensorflow:Step: 590, Loss: 4.922365, time: 3.404 sec/batch
INFO:tensorflow:Step: 591, Loss: 4.869022, time: 3.299 sec/batch
INFO:tensorflow:Step: 592, Loss: 5.058546, time: 1.844 sec/batch
INFO:tensorflow:Step: 593, Loss: 4.889131, time: 1.641 sec/batch
INFO:tensorflow:Step: 594, Loss: 5.029884, time: 1.644 sec/batch
INFO:tensorflow:Step: 595, Loss: 5.194860, time: 1.924 sec/batch
INFO:tensorflow:Step: 596, Loss: 4.957489, time: 1.593 sec/batch
INFO:tensorflow:Step: 597, Loss: 5.057653, time: 1.500 sec/batch
INFO:tensorflow:Step: 598, Loss: 4.987634, time: 2.613 sec/batch
INFO:tensorflow:Step: 599, Loss: 5.057673, time: 3.493 sec/batch
INFO:tensorflow:Step: 600, Loss: 4.987382, time: 1.874 sec/batch
INFO:tensorflow:Step: 601, Loss: 4.981185, time: 3.108 sec/batch
INFO:tensorflow:Step: 602, Loss: 4.876350, time: 3.994 sec/batch
INFO:tensorflow:Step: 603, Loss: 4.893193, time: 3.539 sec/batch
INFO:tensorflow:Step: 604, Loss: 5.044459, time: 2.959 sec/batch
INFO:tensorflow:Step: 605, Loss: 5.081867, time: 3.020 sec/batch
INFO:tensorflow:Step: 606, Loss: 4.847314, time: 2.889 sec/batch
INFO:tensorflow:Step: 607, Loss: 4.975930, time: 1.882 sec/batch
INFO:tensorflow:Step: 608, Loss: 4.837317, time: 2.596 sec/batch
INFO:tensorflow:Step: 609, Loss: 5.113464, time: 1.949 sec/batch
INFO:tensorflow:Step: 610, Loss: 4.941640, time: 1.735 sec/batch
INFO:tensorflow:Step: 611, Loss: 4.946936, time: 1.544 sec/batch
INFO:tensorflow:Step: 612, Loss: 5.174976, time: 2.610 sec/batch
INFO:tensorflow:Step: 613, Loss: 5.009331, time: 1.695 sec/batch
INFO:tensorflow:Step: 614, Loss: 5.168807, time: 1.520 sec/batch
INFO:tensorflow:Step: 615, Loss: 5.135251, time: 1.543 sec/batch
INFO:tensorflow:Step: 616, Loss: 5.198367, time: 1.444 sec/batch
INFO:tensorflow:Step: 617, Loss: 4.992311, time: 2.975 sec/batch
INFO:tensorflow:Step: 618, Loss: 5.155718, time: 1.531 sec/batch
INFO:tensorflow:Step: 619, Loss: 4.888444, time: 1.524 sec/batch
INFO:tensorflow:Step: 620, Loss: 4.876822, time: 1.398 sec/batch
INFO:tensorflow:Step: 621, Loss: 5.166777, time: 1.441 sec/batch
INFO:tensorflow:Step: 622, Loss: 4.902821, time: 1.395 sec/batch
INFO:tensorflow:Step: 623, Loss: 4.993390, time: 1.602 sec/batch
INFO:tensorflow:Step: 624, Loss: 5.000605, time: 1.782 sec/batch
INFO:tensorflow:Step: 625, Loss: 5.020179, time: 1.831 sec/batch
INFO:tensorflow:Step: 626, Loss: 4.886029, time: 1.512 sec/batch
INFO:tensorflow:Step: 627, Loss: 4.892266, time: 1.791 sec/batch
INFO:tensorflow:Step: 628, Loss: 5.002038, time: 1.439 sec/batch
INFO:tensorflow:Step: 629, Loss: 4.957878, time: 1.437 sec/batch
INFO:tensorflow:Step: 630, Loss: 5.016861, time: 2.399 sec/batch
INFO:tensorflow:Step: 631, Loss: 5.053919, time: 3.849 sec/batch
INFO:tensorflow:Step: 632, Loss: 5.005845, time: 3.361 sec/batch
INFO:tensorflow:Step: 633, Loss: 5.015821, time: 2.805 sec/batch
INFO:tensorflow:Step: 634, Loss: 4.867102, time: 2.977 sec/batch
INFO:tensorflow:Step: 635, Loss: 4.921750, time: 3.055 sec/batch
INFO:tensorflow:Step: 636, Loss: 5.232980, time: 3.416 sec/batch
INFO:tensorflow:Step: 637, Loss: 4.931480, time: 2.653 sec/batch
INFO:tensorflow:Step: 638, Loss: 5.018895, time: 2.678 sec/batch
INFO:tensorflow:Step: 639, Loss: 4.965589, time: 3.113 sec/batch
INFO:tensorflow:Step: 640, Loss: 5.024914, time: 2.092 sec/batch
INFO:tensorflow:Step: 641, Loss: 5.171920, time: 3.309 sec/batch
INFO:tensorflow:Step: 642, Loss: 5.015932, time: 2.809 sec/batch
INFO:tensorflow:Step: 643, Loss: 5.035327, time: 3.147 sec/batch
INFO:tensorflow:Step: 644, Loss: 5.049596, time: 3.382 sec/batch
INFO:tensorflow:Step: 645, Loss: 5.145689, time: 2.903 sec/batch
INFO:tensorflow:Step: 646, Loss: 4.980781, time: 3.022 sec/batch
INFO:tensorflow:Step: 647, Loss: 5.072448, time: 2.847 sec/batch
INFO:tensorflow:Step: 648, Loss: 5.118636, time: 3.484 sec/batch
INFO:tensorflow:Step: 649, Loss: 5.065884, time: 2.879 sec/batch
INFO:tensorflow:Step: 650, Loss: 4.986959, time: 3.032 sec/batch
INFO:tensorflow:Step: 651, Loss: 5.033157, time: 3.280 sec/batch
INFO:tensorflow:Step: 652, Loss: 5.002275, time: 2.021 sec/batch
INFO:tensorflow:Step: 653, Loss: 4.952306, time: 3.532 sec/batch
INFO:tensorflow:Step: 654, Loss: 4.958368, time: 2.859 sec/batch
INFO:tensorflow:Step: 655, Loss: 5.062073, time: 2.197 sec/batch
INFO:tensorflow:Step: 656, Loss: 5.305630, time: 3.052 sec/batch
INFO:tensorflow:Step: 657, Loss: 4.868268, time: 1.719 sec/batch
INFO:tensorflow:Step: 658, Loss: 4.926466, time: 1.723 sec/batch
INFO:tensorflow:Step: 659, Loss: 4.914622, time: 1.835 sec/batch
INFO:tensorflow:Step: 660, Loss: 5.247271, time: 1.489 sec/batch
INFO:tensorflow:Step: 661, Loss: 5.240234, time: 2.488 sec/batch
INFO:tensorflow:Step: 662, Loss: 4.855720, time: 1.854 sec/batch
INFO:tensorflow:Step: 663, Loss: 5.134019, time: 2.519 sec/batch
INFO:tensorflow:Step: 664, Loss: 4.916322, time: 1.862 sec/batch
INFO:tensorflow:Step: 665, Loss: 4.914956, time: 1.755 sec/batch
INFO:tensorflow:Step: 666, Loss: 4.900135, time: 1.608 sec/batch
INFO:tensorflow:Step: 667, Loss: 4.844903, time: 1.567 sec/batch
INFO:tensorflow:Step: 668, Loss: 5.340711, time: 1.765 sec/batch
INFO:tensorflow:Step: 669, Loss: 5.197887, time: 1.635 sec/batch
INFO:tensorflow:Step: 670, Loss: 5.046346, time: 1.537 sec/batch
INFO:tensorflow:Step: 671, Loss: 4.993079, time: 1.579 sec/batch
INFO:tensorflow:Step: 672, Loss: 4.906637, time: 1.572 sec/batch
INFO:tensorflow:Step: 673, Loss: 5.134843, time: 1.584 sec/batch
INFO:tensorflow:Step: 674, Loss: 4.978534, time: 1.750 sec/batch
INFO:tensorflow:Step: 675, Loss: 5.108119, time: 1.456 sec/batch
INFO:tensorflow:Step: 676, Loss: 5.103543, time: 2.899 sec/batch
INFO:tensorflow:Step: 677, Loss: 4.984714, time: 3.189 sec/batch
INFO:tensorflow:Step: 678, Loss: 5.044432, time: 2.452 sec/batch
INFO:tensorflow:Step: 679, Loss: 4.851452, time: 2.735 sec/batch
INFO:tensorflow:Step: 680, Loss: 4.946649, time: 2.734 sec/batch
INFO:tensorflow:Step: 681, Loss: 5.021964, time: 2.562 sec/batch
INFO:tensorflow:Step: 682, Loss: 4.886668, time: 2.913 sec/batch
run-expr-4node.sh: line 21: 71315 Terminated              CUDA_VISIBLE_DEVICES=$1 bazel-bin/inception/imagenet_distributed_train --batch_size=64 --data_dir=/lfs/local/0/daniter/imagenet-8-$2 --job_name='worker' --task_id=$2 --ps_hosts='raiders1:2228' --worker_hosts='raiders1:2200,raiders1:2201,raiders3:2209,raiders3:2210' --initial_learning_rate=$3 --momentum=$4 --sync=$5
