I tensorflow/stream_executor/dso_loader.cc:108] successfully opened CUDA library libcublas.so locally
I tensorflow/stream_executor/dso_loader.cc:108] successfully opened CUDA library libcudnn.so locally
I tensorflow/stream_executor/dso_loader.cc:108] successfully opened CUDA library libcufft.so locally
I tensorflow/stream_executor/dso_loader.cc:108] successfully opened CUDA library libcuda.so locally
I tensorflow/stream_executor/dso_loader.cc:108] successfully opened CUDA library libcurand.so locally
INFO:tensorflow:PS hosts are: ['raiders1:2228']
INFO:tensorflow:Worker hosts are: ['raiders1:2200', 'raiders1:2201', 'raiders3:2209', 'raiders3:2210']
I tensorflow/core/common_runtime/gpu/gpu_init.cc:102] Found device 0 with properties: 
name: GeForce GTX TITAN X
major: 5 minor: 2 memoryClockRate (GHz) 1.076
pciBusID 0000:03:00.0
Total memory: 11.92GiB
Free memory: 11.81GiB
I tensorflow/core/common_runtime/gpu/gpu_init.cc:126] DMA: 0 
I tensorflow/core/common_runtime/gpu/gpu_init.cc:136] 0:   Y 
I tensorflow/core/common_runtime/gpu/gpu_device.cc:806] Creating TensorFlow device (/gpu:0) -> (device: 0, name: GeForce GTX TITAN X, pci bus id: 0000:03:00.0)
I tensorflow/core/distributed_runtime/rpc/grpc_channel.cc:206] Initialize HostPortsGrpcChannelCache for job ps -> {raiders1:2228}
I tensorflow/core/distributed_runtime/rpc/grpc_channel.cc:206] Initialize HostPortsGrpcChannelCache for job worker -> {localhost:2200, raiders1:2201, raiders3:2209, raiders3:2210}
I tensorflow/core/distributed_runtime/rpc/grpc_server_lib.cc:202] Started server with target: grpc://localhost:2200
INFO:tensorflow:Learning rate: 0.005000, momentum: 0.900000
INFO:tensorflow:2016-07-21 02:55:02.225817 Supervisor
INFO:tensorflow:Restored model from /lfs/local/0/daniter/4-node-snapshot/model.ckpt-418
INFO:tensorflow:Started 3 queues for processing input data.
INFO:tensorflow:global_step/sec: 0.722419
I tensorflow/core/common_runtime/gpu/pool_allocator.cc:244] PoolAllocator: After 3677 get requests, put_count=2564 evicted_count=1000 eviction_rate=0.390016 and unsatisfied allocation rate=0.601849
I tensorflow/core/common_runtime/gpu/pool_allocator.cc:256] Raising pool_size_limit_ from 100 to 110
INFO:tensorflow:Step: 443, Loss: 5.068406, time: 16.461 sec/batch
INFO:tensorflow:About to execute sync_clean_up_op!
not cropping. Imagesize: 256
not cropping. Imagesize: 256
not cropping. Imagesize: 256
not cropping. Imagesize: 256
Traceback (most recent call last):
  File "/afs/cs.stanford.edu/u/daniter/tf/models/inception/bazel-bin/inception/imagenet_distributed_train.runfiles/__main__/inception/imagenet_distributed_train.py", line 69, in <module>
    tf.app.run()
  File "/usr/local/lib/python2.7/dist-packages/tensorflow/python/platform/app.py", line 30, in run
    sys.exit(main(sys.argv))
  File "/afs/cs.stanford.edu/u/daniter/tf/models/inception/bazel-bin/inception/imagenet_distributed_train.runfiles/__main__/inception/imagenet_distributed_train.py", line 65, in main
    inception_distributed_train.train(server.target, dataset, cluster_spec)
  File "/afs/cs.stanford.edu/u/daniter/tf/models/inception/bazel-bin/inception/imagenet_distributed_train.runfiles/__main__/inception/inception_distributed_train.py", line 328, in train
    sess.run(clean_up_op)
UnboundLocalError: local variable 'clean_up_op' referenced before assignment
