I tensorflow/stream_executor/dso_loader.cc:108] successfully opened CUDA library libcublas.so locally
I tensorflow/stream_executor/dso_loader.cc:108] successfully opened CUDA library libcudnn.so locally
I tensorflow/stream_executor/dso_loader.cc:108] successfully opened CUDA library libcufft.so locally
I tensorflow/stream_executor/dso_loader.cc:108] successfully opened CUDA library libcuda.so locally
I tensorflow/stream_executor/dso_loader.cc:108] successfully opened CUDA library libcurand.so locally
INFO:tensorflow:PS hosts are: ['raiders1:2228']
INFO:tensorflow:Worker hosts are: ['raiders1:2200', 'raiders1:2201', 'raiders3:2209', 'raiders3:2210']
I tensorflow/core/common_runtime/gpu/gpu_init.cc:102] Found device 0 with properties: 
name: GeForce GTX TITAN X
major: 5 minor: 2 memoryClockRate (GHz) 1.076
pciBusID 0000:03:00.0
Total memory: 11.92GiB
Free memory: 11.81GiB
I tensorflow/core/common_runtime/gpu/gpu_init.cc:126] DMA: 0 
I tensorflow/core/common_runtime/gpu/gpu_init.cc:136] 0:   Y 
I tensorflow/core/common_runtime/gpu/gpu_device.cc:806] Creating TensorFlow device (/gpu:0) -> (device: 0, name: GeForce GTX TITAN X, pci bus id: 0000:03:00.0)
I tensorflow/core/distributed_runtime/rpc/grpc_channel.cc:206] Initialize HostPortsGrpcChannelCache for job ps -> {raiders1:2228}
I tensorflow/core/distributed_runtime/rpc/grpc_channel.cc:206] Initialize HostPortsGrpcChannelCache for job worker -> {localhost:2200, raiders1:2201, raiders3:2209, raiders3:2210}
I tensorflow/core/distributed_runtime/rpc/grpc_server_lib.cc:202] Started server with target: grpc://localhost:2200
INFO:tensorflow:Learning rate: 0.005000, momentum: 0.300000
INFO:tensorflow:2016-07-20 23:22:50.664107 Supervisor
INFO:tensorflow:Restored model from /lfs/local/0/daniter/4-node-snapshot/model.ckpt-418
INFO:tensorflow:Started 3 queues for processing input data.
INFO:tensorflow:global_step/sec: 1.37647
I tensorflow/core/common_runtime/gpu/pool_allocator.cc:244] PoolAllocator: After 3677 get requests, put_count=2563 evicted_count=1000 eviction_rate=0.390168 and unsatisfied allocation rate=0.602121
I tensorflow/core/common_runtime/gpu/pool_allocator.cc:256] Raising pool_size_limit_ from 100 to 110
INFO:tensorflow:Step: 460, Loss: 5.054301, time: 15.354 sec/batch
INFO:tensorflow:Step: 478, Loss: 4.860952, time: 1.725 sec/batch
INFO:tensorflow:Step: 481, Loss: 5.225523, time: 1.488 sec/batch
INFO:tensorflow:Step: 484, Loss: 4.970379, time: 1.778 sec/batch
INFO:tensorflow:Step: 488, Loss: 5.004716, time: 1.828 sec/batch
I tensorflow/core/common_runtime/gpu/pool_allocator.cc:244] PoolAllocator: After 0 get requests, put_count=1016 evicted_count=1000 eviction_rate=0.984252 and unsatisfied allocation rate=0
INFO:tensorflow:Step: 491, Loss: 5.130718, time: 1.392 sec/batch
INFO:tensorflow:Step: 494, Loss: 4.957057, time: 2.051 sec/batch
INFO:tensorflow:Step: 499, Loss: 4.845332, time: 1.391 sec/batch
INFO:tensorflow:Step: 502, Loss: 5.076005, time: 1.231 sec/batch
INFO:tensorflow:Step: 506, Loss: 4.885226, time: 1.336 sec/batch
I tensorflow/core/common_runtime/gpu/pool_allocator.cc:244] PoolAllocator: After 0 get requests, put_count=1025 evicted_count=1000 eviction_rate=0.97561 and unsatisfied allocation rate=0
INFO:tensorflow:Step: 510, Loss: 4.946200, time: 1.216 sec/batch
INFO:tensorflow:Step: 514, Loss: 4.918094, time: 1.163 sec/batch
INFO:tensorflow:Step: 518, Loss: 4.889982, time: 1.386 sec/batch
INFO:tensorflow:Step: 521, Loss: 5.141289, time: 1.286 sec/batch
INFO:tensorflow:Step: 525, Loss: 5.027351, time: 1.251 sec/batch
INFO:tensorflow:Step: 529, Loss: 4.994765, time: 1.405 sec/batch
I tensorflow/core/common_runtime/gpu/pool_allocator.cc:244] PoolAllocator: After 3575 get requests, put_count=3952 evicted_count=2000 eviction_rate=0.506073 and unsatisfied allocation rate=0.465175
I tensorflow/core/common_runtime/gpu/pool_allocator.cc:256] Raising pool_size_limit_ from 449 to 493
INFO:tensorflow:Step: 533, Loss: 5.056214, time: 1.615 sec/batch
INFO:tensorflow:Step: 537, Loss: 4.934501, time: 1.596 sec/batch
INFO:tensorflow:Step: 538, Loss: 5.286706, time: 2.062 sec/batch
INFO:tensorflow:Step: 543, Loss: 4.826411, time: 1.317 sec/batch
INFO:tensorflow:Step: 546, Loss: 4.894729, time: 1.202 sec/batch
INFO:tensorflow:Step: 550, Loss: 4.956919, time: 1.265 sec/batch
INFO:tensorflow:Step: 554, Loss: 5.235957, time: 1.250 sec/batch
I tensorflow/core/common_runtime/gpu/pool_allocator.cc:244] PoolAllocator: After 3575 get requests, put_count=4412 evicted_count=2000 eviction_rate=0.453309 and unsatisfied allocation rate=0.347413
I tensorflow/core/common_runtime/gpu/pool_allocator.cc:256] Raising pool_size_limit_ from 871 to 958
INFO:tensorflow:Step: 558, Loss: 5.010717, time: 1.519 sec/batch
INFO:tensorflow:Step: 562, Loss: 5.021259, time: 1.840 sec/batch
INFO:tensorflow:Step: 564, Loss: 4.885383, time: 1.689 sec/batch
INFO:tensorflow:Step: 568, Loss: 5.239788, time: 1.246 sec/batch
INFO:tensorflow:Step: 572, Loss: 4.837971, time: 1.392 sec/batch
INFO:tensorflow:Step: 576, Loss: 5.047224, time: 1.345 sec/batch
INFO:tensorflow:Step: 579, Loss: 4.897287, time: 1.335 sec/batch
INFO:tensorflow:Step: 583, Loss: 4.915616, time: 1.233 sec/batch
INFO:tensorflow:Step: 587, Loss: 4.874098, time: 1.244 sec/batch
INFO:tensorflow:Step: 591, Loss: 4.956826, time: 1.688 sec/batch
INFO:tensorflow:Step: 594, Loss: 4.911324, time: 1.236 sec/batch
INFO:tensorflow:Step: 597, Loss: 4.856950, time: 1.324 sec/batch
INFO:tensorflow:Step: 601, Loss: 5.106107, time: 1.367 sec/batch
INFO:tensorflow:Step: 604, Loss: 4.903527, time: 1.553 sec/batch
INFO:tensorflow:Step: 607, Loss: 5.011044, time: 1.434 sec/batch
INFO:tensorflow:Step: 611, Loss: 4.978614, time: 1.487 sec/batch
INFO:tensorflow:Step: 615, Loss: 5.114861, time: 1.501 sec/batch
INFO:tensorflow:Step: 620, Loss: 5.018803, time: 1.983 sec/batch
INFO:tensorflow:Step: 623, Loss: 4.946073, time: 1.237 sec/batch
INFO:tensorflow:Step: 626, Loss: 4.884592, time: 1.306 sec/batch
INFO:tensorflow:Step: 630, Loss: 4.809284, time: 1.317 sec/batch
INFO:tensorflow:Step: 634, Loss: 5.011385, time: 1.266 sec/batch
INFO:tensorflow:Step: 638, Loss: 4.827515, time: 1.272 sec/batch
INFO:tensorflow:Step: 642, Loss: 4.814659, time: 1.255 sec/batch
INFO:tensorflow:Step: 646, Loss: 4.989086, time: 1.183 sec/batch
INFO:tensorflow:Step: 650, Loss: 4.901196, time: 1.235 sec/batch
INFO:tensorflow:Step: 654, Loss: 4.927150, time: 1.282 sec/batch
INFO:tensorflow:Step: 658, Loss: 5.035666, time: 1.193 sec/batch
INFO:tensorflow:Step: 662, Loss: 5.009761, time: 1.223 sec/batch
INFO:tensorflow:Step: 666, Loss: 4.921140, time: 1.247 sec/batch
INFO:tensorflow:Step: 670, Loss: 5.194494, time: 1.321 sec/batch
INFO:tensorflow:Step: 673, Loss: 5.021117, time: 1.412 sec/batch
INFO:tensorflow:Step: 678, Loss: 4.806356, time: 1.227 sec/batch
INFO:tensorflow:Step: 681, Loss: 4.798192, time: 1.327 sec/batch
INFO:tensorflow:Step: 685, Loss: 5.056652, time: 1.284 sec/batch
INFO:tensorflow:Step: 690, Loss: 5.041371, time: 1.280 sec/batch
INFO:tensorflow:Step: 694, Loss: 4.772188, time: 1.212 sec/batch
INFO:tensorflow:Step: 697, Loss: 4.840834, time: 1.212 sec/batch
INFO:tensorflow:Step: 701, Loss: 5.058957, time: 1.281 sec/batch
INFO:tensorflow:Step: 705, Loss: 4.940063, time: 1.454 sec/batch
INFO:tensorflow:Step: 709, Loss: 4.905863, time: 1.274 sec/batch
INFO:tensorflow:Step: 711, Loss: 4.867316, time: 1.225 sec/batch
INFO:tensorflow:Step: 715, Loss: 5.111183, time: 1.182 sec/batch
INFO:tensorflow:Step: 719, Loss: 5.041882, time: 1.276 sec/batch
INFO:tensorflow:Step: 723, Loss: 4.947129, time: 1.249 sec/batch
INFO:tensorflow:Step: 727, Loss: 4.924890, time: 1.263 sec/batch
INFO:tensorflow:Step: 731, Loss: 4.876669, time: 1.318 sec/batch
INFO:tensorflow:Step: 735, Loss: 4.858996, time: 1.299 sec/batch
INFO:tensorflow:Step: 739, Loss: 4.911050, time: 1.244 sec/batch
INFO:tensorflow:Step: 743, Loss: 4.808784, time: 1.213 sec/batch
INFO:tensorflow:Step: 747, Loss: 5.066468, time: 1.467 sec/batch
INFO:tensorflow:Step: 751, Loss: 5.053418, time: 1.333 sec/batch
INFO:tensorflow:Step: 755, Loss: 4.854301, time: 1.239 sec/batch
INFO:tensorflow:Step: 759, Loss: 4.820431, time: 1.340 sec/batch
INFO:tensorflow:global_step/sec: 2.59273
INFO:tensorflow:Step: 763, Loss: 4.743299, time: 1.288 sec/batch
INFO:tensorflow:Step: 767, Loss: 4.853836, time: 1.244 sec/batch
INFO:tensorflow:Step: 771, Loss: 4.876906, time: 1.240 sec/batch
INFO:tensorflow:Step: 775, Loss: 5.025721, time: 1.259 sec/batch
INFO:tensorflow:Step: 779, Loss: 4.943316, time: 1.249 sec/batch
INFO:tensorflow:Step: 783, Loss: 4.914094, time: 1.199 sec/batch
INFO:tensorflow:Step: 787, Loss: 4.984883, time: 1.215 sec/batch
INFO:tensorflow:Step: 791, Loss: 4.986348, time: 1.505 sec/batch
INFO:tensorflow:Step: 794, Loss: 4.854910, time: 1.865 sec/batch
INFO:tensorflow:Step: 797, Loss: 4.871914, time: 1.210 sec/batch
INFO:tensorflow:Step: 800, Loss: 5.107250, time: 1.168 sec/batch
INFO:tensorflow:Step: 804, Loss: 5.138363, time: 1.224 sec/batch
INFO:tensorflow:Step: 808, Loss: 4.961624, time: 1.424 sec/batch
INFO:tensorflow:Step: 812, Loss: 5.023585, time: 1.183 sec/batch
INFO:tensorflow:Step: 816, Loss: 4.994951, time: 1.406 sec/batch
INFO:tensorflow:Step: 820, Loss: 4.864073, time: 1.274 sec/batch
INFO:tensorflow:Step: 824, Loss: 4.871269, time: 1.426 sec/batch
INFO:tensorflow:Step: 828, Loss: 4.845236, time: 1.248 sec/batch
INFO:tensorflow:Step: 832, Loss: 5.058634, time: 1.228 sec/batch
INFO:tensorflow:Step: 836, Loss: 4.770803, time: 1.232 sec/batch
INFO:tensorflow:Step: 840, Loss: 4.934551, time: 1.158 sec/batch
INFO:tensorflow:Step: 844, Loss: 4.900596, time: 1.365 sec/batch
INFO:tensorflow:Step: 848, Loss: 4.926478, time: 1.348 sec/batch
INFO:tensorflow:Step: 852, Loss: 4.942708, time: 1.489 sec/batch
INFO:tensorflow:Step: 856, Loss: 5.039541, time: 1.385 sec/batch
INFO:tensorflow:Step: 860, Loss: 5.004187, time: 1.197 sec/batch
INFO:tensorflow:Step: 864, Loss: 4.774863, time: 1.289 sec/batch
INFO:tensorflow:Step: 868, Loss: 5.087726, time: 1.170 sec/batch
INFO:tensorflow:Step: 872, Loss: 4.939948, time: 1.210 sec/batch
INFO:tensorflow:Step: 876, Loss: 5.031891, time: 1.199 sec/batch
INFO:tensorflow:Step: 880, Loss: 4.823452, time: 1.185 sec/batch
INFO:tensorflow:Step: 883, Loss: 4.756228, time: 1.278 sec/batch
INFO:tensorflow:Step: 887, Loss: 4.982242, time: 1.251 sec/batch
INFO:tensorflow:Step: 891, Loss: 4.820725, time: 1.287 sec/batch
INFO:tensorflow:Step: 895, Loss: 4.939585, time: 1.334 sec/batch
INFO:tensorflow:Step: 899, Loss: 4.907401, time: 1.191 sec/batch
INFO:tensorflow:Step: 903, Loss: 4.909074, time: 1.295 sec/batch
INFO:tensorflow:Step: 907, Loss: 4.905442, time: 1.276 sec/batch
INFO:tensorflow:Step: 911, Loss: 4.670855, time: 1.268 sec/batch
INFO:tensorflow:Step: 915, Loss: 4.973874, time: 1.350 sec/batch
INFO:tensorflow:Step: 919, Loss: 4.918417, time: 1.267 sec/batch
INFO:tensorflow:Step: 923, Loss: 5.115667, time: 1.268 sec/batch
INFO:tensorflow:Step: 927, Loss: 4.781197, time: 1.270 sec/batch
INFO:tensorflow:Step: 931, Loss: 4.853883, time: 1.289 sec/batch
INFO:tensorflow:Step: 935, Loss: 4.806896, time: 1.263 sec/batch
INFO:tensorflow:Step: 939, Loss: 4.902396, time: 1.636 sec/batch
INFO:tensorflow:Step: 942, Loss: 4.879364, time: 1.263 sec/batch
INFO:tensorflow:Step: 946, Loss: 4.965308, time: 1.240 sec/batch
INFO:tensorflow:Step: 949, Loss: 4.972604, time: 1.188 sec/batch
INFO:tensorflow:Step: 953, Loss: 4.871340, time: 1.240 sec/batch
INFO:tensorflow:Step: 957, Loss: 4.790532, time: 1.257 sec/batch
INFO:tensorflow:Step: 961, Loss: 4.984442, time: 1.303 sec/batch
INFO:tensorflow:Step: 965, Loss: 4.985322, time: 1.182 sec/batch
INFO:tensorflow:Step: 969, Loss: 4.896779, time: 1.195 sec/batch
INFO:tensorflow:Step: 973, Loss: 5.116303, time: 1.263 sec/batch
INFO:tensorflow:Step: 977, Loss: 4.905917, time: 1.277 sec/batch
INFO:tensorflow:Step: 981, Loss: 4.999181, time: 1.988 sec/batch
INFO:tensorflow:Step: 984, Loss: 4.926428, time: 1.472 sec/batch
INFO:tensorflow:Step: 986, Loss: 5.108099, time: 2.235 sec/batch
INFO:tensorflow:Step: 993, Loss: 4.755653, time: 2.057 sec/batch
INFO:tensorflow:Step: 994, Loss: 4.702773, time: 1.224 sec/batch
INFO:tensorflow:Step: 998, Loss: 4.873388, time: 1.242 sec/batch
INFO:tensorflow:Step: 1002, Loss: 4.998316, time: 1.200 sec/batch
INFO:tensorflow:Step: 1006, Loss: 4.873597, time: 1.268 sec/batch
INFO:tensorflow:Step: 1010, Loss: 4.936858, time: 1.245 sec/batch
INFO:tensorflow:Step: 1014, Loss: 4.929259, time: 1.268 sec/batch
INFO:tensorflow:Step: 1018, Loss: 4.773190, time: 1.470 sec/batch
INFO:tensorflow:Step: 1022, Loss: 4.918789, time: 1.234 sec/batch
INFO:tensorflow:Step: 1026, Loss: 4.986121, time: 1.244 sec/batch
INFO:tensorflow:Step: 1030, Loss: 4.886036, time: 1.231 sec/batch
INFO:tensorflow:Step: 1034, Loss: 4.700518, time: 1.317 sec/batch
INFO:tensorflow:Step: 1038, Loss: 4.719681, time: 1.291 sec/batch
INFO:tensorflow:Step: 1042, Loss: 4.783028, time: 1.252 sec/batch
INFO:tensorflow:Step: 1046, Loss: 4.982195, time: 1.238 sec/batch
INFO:tensorflow:Step: 1050, Loss: 4.712335, time: 1.284 sec/batch
INFO:tensorflow:Step: 1054, Loss: 4.762244, time: 1.212 sec/batch
INFO:tensorflow:Step: 1058, Loss: 5.016966, time: 1.295 sec/batch
INFO:tensorflow:Step: 1061, Loss: 4.610726, time: 1.191 sec/batch
INFO:tensorflow:Step: 1065, Loss: 4.843535, time: 1.305 sec/batch
INFO:tensorflow:Step: 1069, Loss: 4.890153, time: 1.198 sec/batch
INFO:tensorflow:Step: 1073, Loss: 4.807279, time: 1.512 sec/batch
INFO:tensorflow:Step: 1075, Loss: 4.711483, time: 1.233 sec/batch
INFO:tensorflow:Step: 1079, Loss: 4.919522, time: 1.223 sec/batch
INFO:tensorflow:Step: 1083, Loss: 4.702187, time: 1.282 sec/batch
INFO:tensorflow:Step: 1087, Loss: 4.933024, time: 1.262 sec/batch
INFO:tensorflow:Step: 1091, Loss: 5.046505, time: 1.208 sec/batch
INFO:tensorflow:Step: 1095, Loss: 4.940490, time: 1.256 sec/batch
INFO:tensorflow:Step: 1099, Loss: 4.815585, time: 1.219 sec/batch
INFO:tensorflow:Step: 1103, Loss: 4.592043, time: 1.328 sec/batch
INFO:tensorflow:Step: 1107, Loss: 4.781806, time: 1.270 sec/batch
INFO:tensorflow:Step: 1111, Loss: 4.852641, time: 1.246 sec/batch
INFO:tensorflow:global_step/sec: 2.96105
INFO:tensorflow:Step: 1115, Loss: 4.757580, time: 1.329 sec/batch
INFO:tensorflow:Step: 1119, Loss: 4.830536, time: 1.288 sec/batch
INFO:tensorflow:Step: 1123, Loss: 5.148604, time: 1.259 sec/batch
INFO:tensorflow:Step: 1127, Loss: 4.888142, time: 1.262 sec/batch
INFO:tensorflow:Step: 1131, Loss: 4.868471, time: 1.315 sec/batch
INFO:tensorflow:Step: 1135, Loss: 4.730413, time: 1.270 sec/batch
INFO:tensorflow:Step: 1139, Loss: 4.720245, time: 1.248 sec/batch
INFO:tensorflow:Step: 1143, Loss: 4.616014, time: 1.252 sec/batch
INFO:tensorflow:Step: 1147, Loss: 4.811818, time: 1.310 sec/batch
INFO:tensorflow:Step: 1151, Loss: 4.791748, time: 1.213 sec/batch
INFO:tensorflow:Step: 1155, Loss: 4.857838, time: 1.314 sec/batch
INFO:tensorflow:Step: 1158, Loss: 4.779463, time: 1.387 sec/batch
INFO:tensorflow:Step: 1161, Loss: 4.670334, time: 1.245 sec/batch
INFO:tensorflow:Step: 1165, Loss: 5.031491, time: 1.193 sec/batch
INFO:tensorflow:Step: 1169, Loss: 5.027569, time: 1.248 sec/batch
INFO:tensorflow:Step: 1173, Loss: 4.969927, time: 1.254 sec/batch
INFO:tensorflow:Step: 1177, Loss: 4.813873, time: 1.283 sec/batch
INFO:tensorflow:Step: 1181, Loss: 4.752213, time: 1.270 sec/batch
INFO:tensorflow:Step: 1185, Loss: 4.703008, time: 1.233 sec/batch
INFO:tensorflow:Step: 1189, Loss: 5.100765, time: 1.239 sec/batch
INFO:tensorflow:Step: 1193, Loss: 4.700243, time: 1.188 sec/batch
INFO:tensorflow:Step: 1197, Loss: 4.863020, time: 1.268 sec/batch
INFO:tensorflow:Step: 1201, Loss: 4.636553, time: 1.212 sec/batch
INFO:tensorflow:Step: 1205, Loss: 4.798038, time: 1.263 sec/batch
INFO:tensorflow:Step: 1209, Loss: 4.837059, time: 1.209 sec/batch
INFO:tensorflow:Step: 1212, Loss: 4.882896, time: 1.266 sec/batch
INFO:tensorflow:Step: 1216, Loss: 4.995190, time: 1.241 sec/batch
INFO:tensorflow:Step: 1220, Loss: 4.734509, time: 1.213 sec/batch
INFO:tensorflow:Step: 1223, Loss: 4.834763, time: 1.274 sec/batch
INFO:tensorflow:Step: 1227, Loss: 4.731359, time: 1.268 sec/batch
INFO:tensorflow:Step: 1231, Loss: 4.911630, time: 1.270 sec/batch
INFO:tensorflow:Step: 1235, Loss: 4.822007, time: 1.286 sec/batch
INFO:tensorflow:Step: 1239, Loss: 4.965654, time: 1.259 sec/batch
INFO:tensorflow:Step: 1243, Loss: 4.884827, time: 1.272 sec/batch
INFO:tensorflow:Step: 1247, Loss: 4.713828, time: 1.219 sec/batch
INFO:tensorflow:Step: 1251, Loss: 5.019470, time: 1.211 sec/batch
INFO:tensorflow:Step: 1255, Loss: 4.914567, time: 1.388 sec/batch
INFO:tensorflow:Step: 1259, Loss: 4.596399, time: 1.590 sec/batch
INFO:tensorflow:Step: 1263, Loss: 4.700508, time: 1.169 sec/batch
INFO:tensorflow:Step: 1267, Loss: 4.743634, time: 1.281 sec/batch
INFO:tensorflow:Step: 1271, Loss: 5.078064, time: 1.237 sec/batch
INFO:tensorflow:Step: 1275, Loss: 4.912608, time: 1.432 sec/batch
INFO:tensorflow:Step: 1279, Loss: 4.875758, time: 1.251 sec/batch
INFO:tensorflow:Step: 1283, Loss: 4.725912, time: 1.210 sec/batch
INFO:tensorflow:Step: 1286, Loss: 4.703898, time: 1.270 sec/batch
INFO:tensorflow:Step: 1290, Loss: 4.850616, time: 1.345 sec/batch
INFO:tensorflow:Step: 1292, Loss: 4.815976, time: 1.242 sec/batch
INFO:tensorflow:Step: 1296, Loss: 4.737984, time: 1.381 sec/batch
INFO:tensorflow:Step: 1300, Loss: 4.884075, time: 1.395 sec/batch
INFO:tensorflow:Step: 1304, Loss: 4.631705, time: 1.235 sec/batch
INFO:tensorflow:Step: 1308, Loss: 4.931803, time: 1.382 sec/batch
INFO:tensorflow:Step: 1312, Loss: 4.773676, time: 1.507 sec/batch
INFO:tensorflow:Step: 1316, Loss: 4.756436, time: 1.201 sec/batch
INFO:tensorflow:Step: 1320, Loss: 4.720059, time: 1.265 sec/batch
INFO:tensorflow:Step: 1324, Loss: 4.847695, time: 1.192 sec/batch
INFO:tensorflow:Step: 1328, Loss: 5.069012, time: 1.201 sec/batch
INFO:tensorflow:Step: 1332, Loss: 4.691266, time: 1.254 sec/batch
INFO:tensorflow:Step: 1336, Loss: 4.576605, time: 1.237 sec/batch
INFO:tensorflow:Step: 1340, Loss: 4.721539, time: 1.600 sec/batch
INFO:tensorflow:Step: 1344, Loss: 4.557099, time: 1.330 sec/batch
INFO:tensorflow:Step: 1348, Loss: 4.818573, time: 1.185 sec/batch
INFO:tensorflow:Step: 1352, Loss: 4.711422, time: 1.202 sec/batch
INFO:tensorflow:Step: 1356, Loss: 4.822010, time: 1.210 sec/batch
INFO:tensorflow:Step: 1360, Loss: 4.719721, time: 1.261 sec/batch
INFO:tensorflow:Step: 1364, Loss: 4.787247, time: 1.431 sec/batch
INFO:tensorflow:Step: 1368, Loss: 4.603655, time: 1.222 sec/batch
INFO:tensorflow:Step: 1372, Loss: 4.850970, time: 1.272 sec/batch
INFO:tensorflow:Step: 1376, Loss: 4.874561, time: 1.228 sec/batch
INFO:tensorflow:Step: 1380, Loss: 4.813802, time: 1.146 sec/batch
INFO:tensorflow:Step: 1384, Loss: 4.789754, time: 1.244 sec/batch
INFO:tensorflow:Step: 1388, Loss: 4.771241, time: 1.203 sec/batch
INFO:tensorflow:Step: 1392, Loss: 4.833211, time: 1.250 sec/batch
INFO:tensorflow:Step: 1396, Loss: 4.732493, time: 1.275 sec/batch
INFO:tensorflow:Step: 1400, Loss: 4.913454, time: 1.196 sec/batch
INFO:tensorflow:Step: 1404, Loss: 4.804230, time: 1.237 sec/batch
INFO:tensorflow:Step: 1408, Loss: 4.754908, time: 1.284 sec/batch
INFO:tensorflow:Step: 1411, Loss: 5.144030, time: 1.277 sec/batch
INFO:tensorflow:Step: 1414, Loss: 4.732164, time: 1.192 sec/batch
INFO:tensorflow:Step: 1417, Loss: 4.618721, time: 1.252 sec/batch
INFO:tensorflow:Step: 1421, Loss: 4.783954, time: 1.180 sec/batch
INFO:tensorflow:Step: 1425, Loss: 4.707223, time: 1.235 sec/batch
INFO:tensorflow:Step: 1429, Loss: 4.696239, time: 1.274 sec/batch
INFO:tensorflow:Step: 1433, Loss: 4.726441, time: 1.248 sec/batch
INFO:tensorflow:Step: 1437, Loss: 4.721781, time: 1.251 sec/batch
INFO:tensorflow:Step: 1441, Loss: 4.778389, time: 1.238 sec/batch
INFO:tensorflow:Step: 1445, Loss: 4.810596, time: 1.255 sec/batch
INFO:tensorflow:Step: 1449, Loss: 4.766217, time: 1.182 sec/batch
INFO:tensorflow:Step: 1453, Loss: 4.898377, time: 1.196 sec/batch
INFO:tensorflow:Step: 1457, Loss: 4.869006, time: 1.323 sec/batch
INFO:tensorflow:Step: 1461, Loss: 4.941643, time: 1.255 sec/batch
INFO:tensorflow:Step: 1465, Loss: 4.770327, time: 1.268 sec/batch
INFO:tensorflow:Step: 1469, Loss: 4.838392, time: 1.231 sec/batch
INFO:tensorflow:Step: 1472, Loss: 4.742565, time: 1.184 sec/batch
INFO:tensorflow:Step: 1475, Loss: 4.652096, time: 1.255 sec/batch
INFO:tensorflow:Step: 1479, Loss: 4.808050, time: 1.245 sec/batch
INFO:tensorflow:global_step/sec: 3.05835
INFO:tensorflow:Step: 1483, Loss: 4.934287, time: 1.216 sec/batch
INFO:tensorflow:Step: 1487, Loss: 4.935281, time: 1.224 sec/batch
INFO:tensorflow:Step: 1491, Loss: 4.754355, time: 1.210 sec/batch
INFO:tensorflow:Step: 1495, Loss: 4.771732, time: 1.268 sec/batch
INFO:tensorflow:Step: 1499, Loss: 4.787570, time: 1.284 sec/batch
INFO:tensorflow:Step: 1503, Loss: 4.633262, time: 1.351 sec/batch
INFO:tensorflow:Step: 1507, Loss: 4.835714, time: 1.526 sec/batch
INFO:tensorflow:Step: 1510, Loss: 4.699586, time: 1.252 sec/batch
INFO:tensorflow:Step: 1514, Loss: 4.910484, time: 1.273 sec/batch
INFO:tensorflow:Step: 1518, Loss: 4.528107, time: 1.358 sec/batch
INFO:tensorflow:Step: 1522, Loss: 4.854314, time: 1.191 sec/batch
INFO:tensorflow:Step: 1525, Loss: 4.717872, time: 1.246 sec/batch
INFO:tensorflow:Step: 1529, Loss: 4.774492, time: 1.235 sec/batch
INFO:tensorflow:Step: 1533, Loss: 4.644269, time: 1.185 sec/batch
INFO:tensorflow:Step: 1537, Loss: 4.743610, time: 1.203 sec/batch
INFO:tensorflow:Step: 1541, Loss: 4.725303, time: 1.235 sec/batch
INFO:tensorflow:Step: 1545, Loss: 4.786083, time: 1.274 sec/batch
INFO:tensorflow:Step: 1549, Loss: 4.684500, time: 1.294 sec/batch
INFO:tensorflow:Step: 1553, Loss: 4.718805, time: 1.300 sec/batch
INFO:tensorflow:Step: 1557, Loss: 4.680166, time: 1.253 sec/batch
INFO:tensorflow:Step: 1561, Loss: 4.932951, time: 1.251 sec/batch
INFO:tensorflow:Step: 1565, Loss: 4.831812, time: 1.241 sec/batch
INFO:tensorflow:Step: 1569, Loss: 4.812189, time: 1.202 sec/batch
INFO:tensorflow:Step: 1573, Loss: 4.725844, time: 1.245 sec/batch
INFO:tensorflow:Step: 1577, Loss: 5.007180, time: 1.497 sec/batch
INFO:tensorflow:Step: 1581, Loss: 4.639691, time: 1.249 sec/batch
INFO:tensorflow:Step: 1585, Loss: 4.857100, time: 1.265 sec/batch
INFO:tensorflow:Step: 1589, Loss: 4.760921, time: 1.281 sec/batch
INFO:tensorflow:Step: 1593, Loss: 4.766846, time: 1.258 sec/batch
INFO:tensorflow:Step: 1597, Loss: 4.742621, time: 1.422 sec/batch
INFO:tensorflow:Step: 1601, Loss: 4.872600, time: 1.227 sec/batch
INFO:tensorflow:Step: 1605, Loss: 4.657452, time: 1.348 sec/batch
INFO:tensorflow:Step: 1608, Loss: 4.730709, time: 1.253 sec/batch
INFO:tensorflow:Step: 1611, Loss: 4.621638, time: 1.239 sec/batch
INFO:tensorflow:Step: 1614, Loss: 4.770011, time: 1.242 sec/batch
INFO:tensorflow:Step: 1618, Loss: 4.609046, time: 1.240 sec/batch
INFO:tensorflow:Step: 1622, Loss: 4.831697, time: 1.540 sec/batch
INFO:tensorflow:Step: 1626, Loss: 4.840390, time: 1.264 sec/batch
INFO:tensorflow:Step: 1630, Loss: 4.928922, time: 1.236 sec/batch
INFO:tensorflow:Step: 1634, Loss: 4.845374, time: 1.296 sec/batch
INFO:tensorflow:Step: 1638, Loss: 4.582728, time: 1.253 sec/batch
INFO:tensorflow:Step: 1642, Loss: 4.763295, time: 1.242 sec/batch
INFO:tensorflow:Step: 1646, Loss: 4.668805, time: 1.274 sec/batch
INFO:tensorflow:Step: 1650, Loss: 4.691064, time: 1.223 sec/batch
INFO:tensorflow:Step: 1654, Loss: 4.783947, time: 1.180 sec/batch
INFO:tensorflow:Step: 1658, Loss: 4.746049, time: 1.290 sec/batch
INFO:tensorflow:Step: 1660, Loss: 4.738353, time: 1.278 sec/batch
INFO:tensorflow:Step: 1663, Loss: 4.663866, time: 1.261 sec/batch
INFO:tensorflow:Step: 1667, Loss: 4.879603, time: 1.163 sec/batch
INFO:tensorflow:Step: 1671, Loss: 4.722010, time: 1.493 sec/batch
INFO:tensorflow:Step: 1675, Loss: 4.613859, time: 1.317 sec/batch
INFO:tensorflow:Step: 1679, Loss: 4.645102, time: 1.346 sec/batch
INFO:tensorflow:Step: 1683, Loss: 4.799638, time: 1.162 sec/batch
INFO:tensorflow:Step: 1687, Loss: 4.767875, time: 1.176 sec/batch
INFO:tensorflow:Step: 1691, Loss: 4.569656, time: 1.238 sec/batch
INFO:tensorflow:Step: 1695, Loss: 4.870578, time: 1.240 sec/batch
INFO:tensorflow:Step: 1699, Loss: 4.887151, time: 1.203 sec/batch
INFO:tensorflow:Step: 1703, Loss: 4.834341, time: 1.586 sec/batch
INFO:tensorflow:Step: 1707, Loss: 4.538103, time: 1.993 sec/batch
INFO:tensorflow:Step: 1711, Loss: 4.649399, time: 1.800 sec/batch
INFO:tensorflow:Step: 1712, Loss: 4.851679, time: 1.318 sec/batch
INFO:tensorflow:Step: 1716, Loss: 4.684137, time: 1.260 sec/batch
INFO:tensorflow:Step: 1720, Loss: 4.659936, time: 1.460 sec/batch
INFO:tensorflow:Step: 1725, Loss: 4.576716, time: 1.468 sec/batch
INFO:tensorflow:Step: 1728, Loss: 4.772146, time: 1.330 sec/batch
INFO:tensorflow:Step: 1732, Loss: 4.862631, time: 1.344 sec/batch
INFO:tensorflow:Step: 1735, Loss: 4.758052, time: 1.219 sec/batch
INFO:tensorflow:Step: 1739, Loss: 4.688869, time: 1.254 sec/batch
INFO:tensorflow:Step: 1743, Loss: 4.531066, time: 1.161 sec/batch
INFO:tensorflow:Step: 1747, Loss: 4.741987, time: 1.236 sec/batch
INFO:tensorflow:Step: 1751, Loss: 4.768213, time: 1.196 sec/batch
INFO:tensorflow:Step: 1755, Loss: 4.723153, time: 1.221 sec/batch
INFO:tensorflow:Step: 1759, Loss: 4.769442, time: 1.239 sec/batch
INFO:tensorflow:Step: 1762, Loss: 4.710282, time: 1.301 sec/batch
INFO:tensorflow:Step: 1766, Loss: 4.827963, time: 1.309 sec/batch
INFO:tensorflow:Step: 1770, Loss: 4.804491, time: 1.286 sec/batch
INFO:tensorflow:Step: 1773, Loss: 4.667486, time: 1.206 sec/batch
INFO:tensorflow:Step: 1777, Loss: 4.858240, time: 1.233 sec/batch
INFO:tensorflow:Step: 1781, Loss: 4.607085, time: 1.216 sec/batch
INFO:tensorflow:Step: 1785, Loss: 4.796968, time: 1.254 sec/batch
INFO:tensorflow:Step: 1789, Loss: 4.875006, time: 1.248 sec/batch
INFO:tensorflow:Step: 1793, Loss: 4.774061, time: 1.337 sec/batch
INFO:tensorflow:Step: 1797, Loss: 4.753975, time: 1.249 sec/batch
INFO:tensorflow:Step: 1801, Loss: 4.743501, time: 1.599 sec/batch
INFO:tensorflow:Step: 1805, Loss: 4.699843, time: 2.120 sec/batch
INFO:tensorflow:Step: 1806, Loss: 4.815284, time: 1.298 sec/batch
INFO:tensorflow:Step: 1810, Loss: 4.467494, time: 1.395 sec/batch
INFO:tensorflow:Step: 1814, Loss: 4.708964, time: 1.210 sec/batch
INFO:tensorflow:Step: 1818, Loss: 4.623046, time: 1.284 sec/batch
INFO:tensorflow:Step: 1822, Loss: 4.575507, time: 1.236 sec/batch
INFO:tensorflow:Step: 1826, Loss: 4.704863, time: 1.233 sec/batch
INFO:tensorflow:Step: 1830, Loss: 4.840654, time: 1.248 sec/batch
INFO:tensorflow:global_step/sec: 2.92497
INFO:tensorflow:Step: 1834, Loss: 4.612465, time: 1.230 sec/batch
INFO:tensorflow:Step: 1838, Loss: 4.658243, time: 1.196 sec/batch
INFO:tensorflow:Step: 1841, Loss: 4.643767, time: 1.289 sec/batch
INFO:tensorflow:Step: 1845, Loss: 4.671534, time: 1.226 sec/batch
INFO:tensorflow:Step: 1849, Loss: 4.899495, time: 1.216 sec/batch
INFO:tensorflow:Step: 1853, Loss: 4.626936, time: 1.264 sec/batch
INFO:tensorflow:Step: 1857, Loss: 4.640777, time: 1.225 sec/batch
INFO:tensorflow:Step: 1861, Loss: 4.463945, time: 1.262 sec/batch
INFO:tensorflow:Step: 1865, Loss: 4.792550, time: 1.311 sec/batch
INFO:tensorflow:Step: 1869, Loss: 4.706590, time: 1.260 sec/batch
INFO:tensorflow:Step: 1873, Loss: 4.641282, time: 1.204 sec/batch
INFO:tensorflow:Step: 1877, Loss: 4.811718, time: 1.191 sec/batch
INFO:tensorflow:Step: 1880, Loss: 4.602988, time: 1.228 sec/batch
INFO:tensorflow:Step: 1883, Loss: 4.559978, time: 1.158 sec/batch
INFO:tensorflow:Step: 1887, Loss: 4.536395, time: 1.259 sec/batch
INFO:tensorflow:Step: 1891, Loss: 4.775293, time: 1.252 sec/batch
INFO:tensorflow:Step: 1895, Loss: 4.655911, time: 1.287 sec/batch
INFO:tensorflow:Step: 1899, Loss: 4.742026, time: 1.189 sec/batch
INFO:tensorflow:Step: 1903, Loss: 4.887671, time: 1.234 sec/batch
INFO:tensorflow:Step: 1907, Loss: 4.917463, time: 1.198 sec/batch
INFO:tensorflow:Step: 1911, Loss: 4.604468, time: 1.277 sec/batch
INFO:tensorflow:Step: 1915, Loss: 4.433412, time: 1.255 sec/batch
INFO:tensorflow:Step: 1919, Loss: 4.928156, time: 1.310 sec/batch
INFO:tensorflow:Step: 1923, Loss: 4.725000, time: 1.265 sec/batch
INFO:tensorflow:Step: 1927, Loss: 4.727992, time: 1.283 sec/batch
INFO:tensorflow:Step: 1931, Loss: 4.722965, time: 1.300 sec/batch
INFO:tensorflow:Step: 1935, Loss: 4.480758, time: 1.415 sec/batch
INFO:tensorflow:Step: 1939, Loss: 4.802478, time: 1.256 sec/batch
INFO:tensorflow:Step: 1943, Loss: 4.955343, time: 1.238 sec/batch
INFO:tensorflow:Step: 1947, Loss: 4.631473, time: 1.257 sec/batch
INFO:tensorflow:Step: 1951, Loss: 4.720821, time: 1.202 sec/batch
INFO:tensorflow:Step: 1954, Loss: 4.900866, time: 1.182 sec/batch
INFO:tensorflow:Step: 1957, Loss: 4.604381, time: 1.274 sec/batch
INFO:tensorflow:Step: 1961, Loss: 4.608252, time: 1.269 sec/batch
INFO:tensorflow:Step: 1965, Loss: 4.561992, time: 1.229 sec/batch
INFO:tensorflow:Step: 1969, Loss: 4.695282, time: 1.539 sec/batch
INFO:tensorflow:Step: 1973, Loss: 4.573785, time: 1.569 sec/batch
INFO:tensorflow:Step: 1977, Loss: 4.617629, time: 1.229 sec/batch
INFO:tensorflow:Step: 1981, Loss: 4.752128, time: 1.370 sec/batch
INFO:tensorflow:Step: 1985, Loss: 4.688162, time: 1.207 sec/batch
INFO:tensorflow:Step: 1989, Loss: 4.579401, time: 1.333 sec/batch
INFO:tensorflow:Step: 1993, Loss: 4.691245, time: 1.254 sec/batch
INFO:tensorflow:Step: 1997, Loss: 4.823866, time: 1.347 sec/batch
INFO:tensorflow:Step: 2001, Loss: 4.532643, time: 1.324 sec/batch
INFO:tensorflow:Step: 2005, Loss: 4.635487, time: 1.293 sec/batch
INFO:tensorflow:Step: 2009, Loss: 4.665198, time: 1.328 sec/batch
INFO:tensorflow:Step: 2013, Loss: 4.632928, time: 1.287 sec/batch
INFO:tensorflow:Step: 2017, Loss: 4.575993, time: 1.313 sec/batch
INFO:tensorflow:Step: 2021, Loss: 4.775152, time: 1.350 sec/batch
INFO:tensorflow:Step: 2025, Loss: 4.651229, time: 1.297 sec/batch
INFO:tensorflow:Step: 2029, Loss: 4.583452, time: 1.301 sec/batch
INFO:tensorflow:Step: 2033, Loss: 4.811140, time: 1.275 sec/batch
INFO:tensorflow:Step: 2037, Loss: 4.726766, time: 1.277 sec/batch
INFO:tensorflow:Step: 2041, Loss: 4.606633, time: 1.376 sec/batch
INFO:tensorflow:Step: 2045, Loss: 4.793976, time: 1.460 sec/batch
INFO:tensorflow:Step: 2049, Loss: 4.663260, time: 1.297 sec/batch
INFO:tensorflow:Step: 2053, Loss: 4.614102, time: 1.258 sec/batch
INFO:tensorflow:Step: 2057, Loss: 4.588028, time: 1.386 sec/batch
INFO:tensorflow:Step: 2061, Loss: 4.680263, time: 1.357 sec/batch
INFO:tensorflow:Step: 2065, Loss: 4.652514, time: 1.288 sec/batch
INFO:tensorflow:Step: 2069, Loss: 4.744116, time: 1.318 sec/batch
INFO:tensorflow:Step: 2073, Loss: 4.675674, time: 1.312 sec/batch
INFO:tensorflow:Step: 2077, Loss: 4.610804, time: 1.360 sec/batch
INFO:tensorflow:Step: 2080, Loss: 4.584912, time: 1.356 sec/batch
INFO:tensorflow:Step: 2084, Loss: 4.560064, time: 1.280 sec/batch
INFO:tensorflow:Step: 2088, Loss: 4.564844, time: 1.523 sec/batch
INFO:tensorflow:Step: 2092, Loss: 4.874013, time: 1.345 sec/batch
INFO:tensorflow:Step: 2096, Loss: 4.680721, time: 1.278 sec/batch
INFO:tensorflow:Step: 2100, Loss: 4.857592, time: 1.238 sec/batch
INFO:tensorflow:Step: 2104, Loss: 4.706192, time: 1.281 sec/batch
INFO:tensorflow:Step: 2108, Loss: 4.650469, time: 1.242 sec/batch
INFO:tensorflow:Step: 2112, Loss: 4.711197, time: 1.317 sec/batch
INFO:tensorflow:Step: 2116, Loss: 4.608461, time: 1.284 sec/batch
INFO:tensorflow:Step: 2120, Loss: 4.560853, time: 1.194 sec/batch
INFO:tensorflow:Step: 2124, Loss: 4.797766, time: 1.195 sec/batch
INFO:tensorflow:Step: 2128, Loss: 4.863182, time: 1.283 sec/batch
INFO:tensorflow:Step: 2132, Loss: 4.775531, time: 1.271 sec/batch
INFO:tensorflow:Step: 2136, Loss: 4.772576, time: 1.322 sec/batch
INFO:tensorflow:Step: 2140, Loss: 4.495506, time: 1.274 sec/batch
INFO:tensorflow:Step: 2144, Loss: 4.561289, time: 1.301 sec/batch
INFO:tensorflow:Step: 2148, Loss: 4.587753, time: 1.404 sec/batch
INFO:tensorflow:Step: 2152, Loss: 4.762965, time: 1.283 sec/batch
INFO:tensorflow:Step: 2156, Loss: 4.441306, time: 1.648 sec/batch
INFO:tensorflow:Step: 2160, Loss: 4.672641, time: 1.376 sec/batch
INFO:tensorflow:Step: 2163, Loss: 4.735048, time: 1.376 sec/batch
INFO:tensorflow:Step: 2167, Loss: 4.816976, time: 1.521 sec/batch
INFO:tensorflow:Step: 2171, Loss: 4.657257, time: 1.292 sec/batch
INFO:tensorflow:Step: 2175, Loss: 4.724778, time: 1.249 sec/batch
INFO:tensorflow:Step: 2179, Loss: 4.683395, time: 1.308 sec/batch
INFO:tensorflow:Step: 2182, Loss: 4.718767, time: 1.329 sec/batch
INFO:tensorflow:Step: 2186, Loss: 4.669194, time: 1.227 sec/batch
INFO:tensorflow:Step: 2190, Loss: 4.621393, time: 1.139 sec/batch
INFO:tensorflow:Step: 2194, Loss: 4.575233, time: 1.206 sec/batch
INFO:tensorflow:global_step/sec: 3.00988
INFO:tensorflow:Step: 2198, Loss: 4.918463, time: 1.250 sec/batch
INFO:tensorflow:Step: 2202, Loss: 4.752789, time: 1.298 sec/batch
INFO:tensorflow:Step: 2206, Loss: 4.760556, time: 1.226 sec/batch
INFO:tensorflow:Step: 2210, Loss: 4.698797, time: 1.315 sec/batch
INFO:tensorflow:Step: 2214, Loss: 4.632321, time: 1.291 sec/batch
INFO:tensorflow:Step: 2218, Loss: 4.780055, time: 1.336 sec/batch
INFO:tensorflow:Step: 2222, Loss: 4.751948, time: 1.300 sec/batch
INFO:tensorflow:Step: 2226, Loss: 4.604984, time: 1.326 sec/batch
INFO:tensorflow:Step: 2230, Loss: 4.595521, time: 1.230 sec/batch
INFO:tensorflow:Step: 2234, Loss: 4.572656, time: 1.267 sec/batch
INFO:tensorflow:Step: 2238, Loss: 4.715353, time: 1.390 sec/batch
INFO:tensorflow:Step: 2242, Loss: 4.635406, time: 1.300 sec/batch
INFO:tensorflow:Step: 2246, Loss: 4.614910, time: 1.280 sec/batch
INFO:tensorflow:Step: 2250, Loss: 4.730721, time: 1.237 sec/batch
INFO:tensorflow:Step: 2254, Loss: 4.584530, time: 1.244 sec/batch
INFO:tensorflow:Step: 2258, Loss: 4.653970, time: 1.372 sec/batch
INFO:tensorflow:Step: 2262, Loss: 4.594525, time: 1.311 sec/batch
INFO:tensorflow:Step: 2266, Loss: 4.668427, time: 1.287 sec/batch
INFO:tensorflow:Step: 2269, Loss: 4.464685, time: 1.334 sec/batch
INFO:tensorflow:Step: 2273, Loss: 4.623566, time: 1.570 sec/batch
INFO:tensorflow:Step: 2278, Loss: 4.688392, time: 1.622 sec/batch
INFO:tensorflow:Step: 2280, Loss: 4.665406, time: 1.265 sec/batch
INFO:tensorflow:Step: 2284, Loss: 4.493958, time: 1.223 sec/batch
INFO:tensorflow:Step: 2288, Loss: 4.609494, time: 1.253 sec/batch
INFO:tensorflow:Step: 2292, Loss: 4.626191, time: 1.262 sec/batch
INFO:tensorflow:Step: 2296, Loss: 4.600714, time: 1.261 sec/batch
INFO:tensorflow:Step: 2299, Loss: 4.843726, time: 1.408 sec/batch
INFO:tensorflow:Step: 2304, Loss: 4.753909, time: 1.381 sec/batch
INFO:tensorflow:Step: 2308, Loss: 4.627323, time: 1.341 sec/batch
INFO:tensorflow:Step: 2312, Loss: 4.630992, time: 1.288 sec/batch
INFO:tensorflow:Step: 2315, Loss: 4.559923, time: 1.226 sec/batch
INFO:tensorflow:Step: 2319, Loss: 4.591139, time: 1.313 sec/batch
INFO:tensorflow:Step: 2323, Loss: 4.695745, time: 1.264 sec/batch
INFO:tensorflow:Step: 2327, Loss: 4.535692, time: 1.314 sec/batch
INFO:tensorflow:Step: 2331, Loss: 4.703269, time: 1.332 sec/batch
INFO:tensorflow:Step: 2335, Loss: 4.705165, time: 1.405 sec/batch
INFO:tensorflow:Step: 2339, Loss: 4.767041, time: 1.292 sec/batch
INFO:tensorflow:Step: 2343, Loss: 4.371691, time: 1.321 sec/batch
INFO:tensorflow:Step: 2347, Loss: 4.656740, time: 1.244 sec/batch
run-expr-4node.sh: line 21: 86324 Terminated              CUDA_VISIBLE_DEVICES=$1 bazel-bin/inception/imagenet_distributed_train --batch_size=64 --data_dir=/lfs/local/0/daniter/imagenet-8-$2 --job_name='worker' --task_id=$2 --ps_hosts='raiders1:2228' --worker_hosts='raiders1:2200,raiders1:2201,raiders3:2209,raiders3:2210' --initial_learning_rate=$3 --momentum=$4 --sync=$5
