DISPLAY "(null)" invalid; disabling X11 forwarding
I tensorflow/stream_executor/dso_loader.cc:108] successfully opened CUDA library libcublas.so locally
I tensorflow/stream_executor/dso_loader.cc:108] successfully opened CUDA library libcudnn.so locally
I tensorflow/stream_executor/dso_loader.cc:108] successfully opened CUDA library libcufft.so locally
I tensorflow/stream_executor/dso_loader.cc:108] successfully opened CUDA library libcuda.so locally
I tensorflow/stream_executor/dso_loader.cc:108] successfully opened CUDA library libcurand.so locally
INFO:tensorflow:PS hosts are: ['raiders1:2228']
INFO:tensorflow:Worker hosts are: ['raiders1:2200', 'raiders1:2201', 'raiders3:2209', 'raiders3:2210']
I tensorflow/core/common_runtime/gpu/gpu_init.cc:102] Found device 0 with properties: 
name: GeForce GTX TITAN X
major: 5 minor: 2 memoryClockRate (GHz) 1.076
pciBusID 0000:43:00.0
Total memory: 11.92GiB
Free memory: 11.81GiB
I tensorflow/core/common_runtime/gpu/gpu_init.cc:126] DMA: 0 
I tensorflow/core/common_runtime/gpu/gpu_init.cc:136] 0:   Y 
I tensorflow/core/common_runtime/gpu/gpu_device.cc:806] Creating TensorFlow device (/gpu:0) -> (device: 0, name: GeForce GTX TITAN X, pci bus id: 0000:43:00.0)
I tensorflow/core/distributed_runtime/rpc/grpc_channel.cc:206] Initialize HostPortsGrpcChannelCache for job ps -> {raiders1:2228}
I tensorflow/core/distributed_runtime/rpc/grpc_channel.cc:206] Initialize HostPortsGrpcChannelCache for job worker -> {raiders1:2200, raiders1:2201, raiders3:2209, localhost:2210}
I tensorflow/core/distributed_runtime/rpc/grpc_server_lib.cc:202] Started server with target: grpc://localhost:2210
INFO:tensorflow:Learning rate: 0.005000, momentum: 0.300000
INFO:tensorflow:2016-07-20 23:22:53.155722 Supervisor
INFO:tensorflow:Started 3 queues for processing input data.
I tensorflow/core/common_runtime/gpu/pool_allocator.cc:244] PoolAllocator: After 3576 get requests, put_count=2565 evicted_count=1000 eviction_rate=0.389864 and unsatisfied allocation rate=0.590324
I tensorflow/core/common_runtime/gpu/pool_allocator.cc:256] Raising pool_size_limit_ from 100 to 110
INFO:tensorflow:Step: 418, Loss: 5.114020, time: 11.092 sec/batch
INFO:tensorflow:Step: 420, Loss: 5.022849, time: 1.434 sec/batch
INFO:tensorflow:Step: 422, Loss: 5.077718, time: 1.589 sec/batch
INFO:tensorflow:Step: 424, Loss: 5.074000, time: 1.296 sec/batch
INFO:tensorflow:Step: 426, Loss: 5.051928, time: 1.256 sec/batch
I tensorflow/core/common_runtime/gpu/pool_allocator.cc:244] PoolAllocator: After 0 get requests, put_count=1016 evicted_count=1000 eviction_rate=0.984252 and unsatisfied allocation rate=0
INFO:tensorflow:Step: 428, Loss: 5.009072, time: 1.253 sec/batch
INFO:tensorflow:Step: 430, Loss: 5.107428, time: 1.289 sec/batch
INFO:tensorflow:Step: 432, Loss: 4.977082, time: 1.266 sec/batch
INFO:tensorflow:Step: 434, Loss: 4.988768, time: 1.291 sec/batch
INFO:tensorflow:Step: 436, Loss: 5.172519, time: 1.244 sec/batch
I tensorflow/core/common_runtime/gpu/pool_allocator.cc:244] PoolAllocator: After 0 get requests, put_count=1025 evicted_count=1000 eviction_rate=0.97561 and unsatisfied allocation rate=0
INFO:tensorflow:Step: 438, Loss: 4.975223, time: 1.273 sec/batch
INFO:tensorflow:Step: 440, Loss: 4.997655, time: 1.268 sec/batch
INFO:tensorflow:Step: 442, Loss: 4.976552, time: 1.304 sec/batch
INFO:tensorflow:Step: 444, Loss: 4.943335, time: 1.312 sec/batch
INFO:tensorflow:Step: 446, Loss: 4.977235, time: 1.325 sec/batch
INFO:tensorflow:Step: 448, Loss: 4.966077, time: 1.287 sec/batch
I tensorflow/core/common_runtime/gpu/pool_allocator.cc:244] PoolAllocator: After 0 get requests, put_count=1044 evicted_count=1000 eviction_rate=0.957854 and unsatisfied allocation rate=0
INFO:tensorflow:Step: 450, Loss: 5.044047, time: 1.470 sec/batch
INFO:tensorflow:Step: 452, Loss: 4.871654, time: 1.347 sec/batch
INFO:tensorflow:Step: 454, Loss: 4.998904, time: 1.234 sec/batch
INFO:tensorflow:Step: 456, Loss: 5.044189, time: 1.441 sec/batch
INFO:tensorflow:Step: 458, Loss: 5.043103, time: 1.246 sec/batch
INFO:tensorflow:Step: 460, Loss: 5.026795, time: 1.409 sec/batch
INFO:tensorflow:Step: 462, Loss: 4.926844, time: 1.439 sec/batch
I tensorflow/core/common_runtime/gpu/pool_allocator.cc:244] PoolAllocator: After 3575 get requests, put_count=4413 evicted_count=2000 eviction_rate=0.453206 and unsatisfied allocation rate=0.347133
I tensorflow/core/common_runtime/gpu/pool_allocator.cc:256] Raising pool_size_limit_ from 871 to 958
INFO:tensorflow:Step: 464, Loss: 5.093916, time: 1.249 sec/batch
INFO:tensorflow:Step: 466, Loss: 4.986858, time: 1.513 sec/batch
INFO:tensorflow:Step: 468, Loss: 4.947680, time: 1.221 sec/batch
INFO:tensorflow:Step: 470, Loss: 4.887723, time: 1.451 sec/batch
INFO:tensorflow:Step: 472, Loss: 5.239335, time: 1.340 sec/batch
INFO:tensorflow:Step: 474, Loss: 5.181777, time: 1.247 sec/batch
INFO:tensorflow:Step: 476, Loss: 5.067745, time: 1.789 sec/batch
INFO:tensorflow:Step: 480, Loss: 5.124156, time: 1.646 sec/batch
INFO:tensorflow:Step: 484, Loss: 5.040377, time: 1.780 sec/batch
INFO:tensorflow:Step: 488, Loss: 5.158617, time: 2.056 sec/batch
INFO:tensorflow:Step: 492, Loss: 5.214732, time: 1.338 sec/batch
INFO:tensorflow:Step: 496, Loss: 5.175412, time: 1.880 sec/batch
INFO:tensorflow:Step: 499, Loss: 4.946152, time: 1.620 sec/batch
INFO:tensorflow:Step: 503, Loss: 4.994714, time: 1.249 sec/batch
INFO:tensorflow:Step: 507, Loss: 4.833175, time: 1.502 sec/batch
INFO:tensorflow:Step: 511, Loss: 4.987488, time: 1.300 sec/batch
INFO:tensorflow:Step: 515, Loss: 4.889184, time: 1.255 sec/batch
INFO:tensorflow:Step: 519, Loss: 4.962049, time: 1.318 sec/batch
INFO:tensorflow:Step: 523, Loss: 5.090513, time: 1.351 sec/batch
INFO:tensorflow:Step: 527, Loss: 5.041862, time: 1.335 sec/batch
INFO:tensorflow:Step: 531, Loss: 4.986985, time: 1.625 sec/batch
INFO:tensorflow:Step: 536, Loss: 5.056359, time: 2.533 sec/batch
INFO:tensorflow:Step: 540, Loss: 4.885213, time: 2.346 sec/batch
INFO:tensorflow:Step: 544, Loss: 4.936234, time: 1.413 sec/batch
INFO:tensorflow:Step: 548, Loss: 4.858524, time: 1.345 sec/batch
INFO:tensorflow:Step: 552, Loss: 5.053294, time: 1.457 sec/batch
INFO:tensorflow:Step: 556, Loss: 4.822532, time: 1.634 sec/batch
INFO:tensorflow:Step: 561, Loss: 4.957622, time: 2.105 sec/batch
INFO:tensorflow:Step: 565, Loss: 4.908215, time: 1.803 sec/batch
INFO:tensorflow:Step: 569, Loss: 4.956088, time: 1.471 sec/batch
INFO:tensorflow:Step: 574, Loss: 4.797911, time: 1.888 sec/batch
INFO:tensorflow:Step: 578, Loss: 5.104341, time: 1.585 sec/batch
INFO:tensorflow:Step: 582, Loss: 5.015796, time: 1.296 sec/batch
INFO:tensorflow:Step: 586, Loss: 4.814618, time: 1.370 sec/batch
INFO:tensorflow:Step: 589, Loss: 4.853542, time: 2.210 sec/batch
INFO:tensorflow:Step: 595, Loss: 5.208424, time: 1.581 sec/batch
INFO:tensorflow:Step: 599, Loss: 5.041395, time: 1.709 sec/batch
INFO:tensorflow:Step: 603, Loss: 4.858003, time: 1.823 sec/batch
INFO:tensorflow:Step: 608, Loss: 5.008456, time: 1.405 sec/batch
INFO:tensorflow:Step: 612, Loss: 4.883191, time: 1.399 sec/batch
INFO:tensorflow:Step: 617, Loss: 5.163438, time: 1.485 sec/batch
INFO:tensorflow:Step: 620, Loss: 4.935644, time: 1.974 sec/batch
INFO:tensorflow:Step: 623, Loss: 4.940323, time: 1.371 sec/batch
INFO:tensorflow:Step: 627, Loss: 5.309585, time: 1.328 sec/batch
INFO:tensorflow:Step: 631, Loss: 4.942838, time: 1.284 sec/batch
INFO:tensorflow:Step: 635, Loss: 5.050649, time: 1.288 sec/batch
INFO:tensorflow:Step: 639, Loss: 4.949432, time: 1.286 sec/batch
INFO:tensorflow:Step: 643, Loss: 4.891768, time: 1.304 sec/batch
INFO:tensorflow:Step: 647, Loss: 4.983225, time: 1.302 sec/batch
INFO:tensorflow:Step: 651, Loss: 5.078430, time: 1.271 sec/batch
INFO:tensorflow:Step: 655, Loss: 4.872696, time: 1.509 sec/batch
INFO:tensorflow:Step: 659, Loss: 4.835300, time: 1.322 sec/batch
INFO:tensorflow:Step: 663, Loss: 4.953619, time: 1.320 sec/batch
INFO:tensorflow:Step: 667, Loss: 4.989586, time: 1.378 sec/batch
INFO:tensorflow:Step: 672, Loss: 4.871472, time: 1.321 sec/batch
INFO:tensorflow:Step: 675, Loss: 4.963640, time: 1.294 sec/batch
INFO:tensorflow:Step: 679, Loss: 5.093375, time: 1.283 sec/batch
INFO:tensorflow:Step: 683, Loss: 5.006013, time: 1.312 sec/batch
INFO:tensorflow:Step: 687, Loss: 4.854469, time: 1.435 sec/batch
INFO:tensorflow:Step: 692, Loss: 4.918781, time: 1.299 sec/batch
INFO:tensorflow:Step: 696, Loss: 4.940851, time: 1.293 sec/batch
INFO:tensorflow:Step: 700, Loss: 4.784330, time: 1.320 sec/batch
INFO:tensorflow:Step: 703, Loss: 5.032110, time: 1.526 sec/batch
INFO:tensorflow:Step: 709, Loss: 4.889262, time: 1.370 sec/batch
INFO:tensorflow:Step: 712, Loss: 4.884912, time: 1.254 sec/batch
INFO:tensorflow:Step: 716, Loss: 5.038668, time: 1.257 sec/batch
INFO:tensorflow:Step: 720, Loss: 4.923962, time: 1.265 sec/batch
INFO:tensorflow:Step: 724, Loss: 5.031428, time: 1.273 sec/batch
INFO:tensorflow:Step: 728, Loss: 4.931873, time: 1.311 sec/batch
INFO:tensorflow:Step: 732, Loss: 4.897877, time: 1.257 sec/batch
INFO:tensorflow:Step: 736, Loss: 4.876976, time: 1.276 sec/batch
INFO:tensorflow:Step: 740, Loss: 5.218973, time: 1.258 sec/batch
INFO:tensorflow:Step: 744, Loss: 4.870213, time: 1.304 sec/batch
INFO:tensorflow:Step: 748, Loss: 4.785968, time: 1.307 sec/batch
INFO:tensorflow:Step: 752, Loss: 4.792404, time: 1.342 sec/batch
INFO:tensorflow:Step: 756, Loss: 4.804265, time: 1.345 sec/batch
INFO:tensorflow:Step: 760, Loss: 4.857576, time: 1.388 sec/batch
INFO:tensorflow:Step: 764, Loss: 5.003619, time: 1.318 sec/batch
INFO:tensorflow:Step: 768, Loss: 4.923581, time: 1.379 sec/batch
INFO:tensorflow:Step: 772, Loss: 5.104990, time: 1.304 sec/batch
INFO:tensorflow:Step: 776, Loss: 4.800428, time: 1.390 sec/batch
INFO:tensorflow:Step: 780, Loss: 4.789423, time: 1.361 sec/batch
INFO:tensorflow:Step: 784, Loss: 5.143851, time: 1.318 sec/batch
INFO:tensorflow:Step: 788, Loss: 4.648412, time: 1.816 sec/batch
INFO:tensorflow:Step: 792, Loss: 4.675689, time: 1.903 sec/batch
INFO:tensorflow:Step: 797, Loss: 5.028448, time: 1.303 sec/batch
INFO:tensorflow:Step: 801, Loss: 4.710636, time: 1.265 sec/batch
INFO:tensorflow:Step: 805, Loss: 5.128945, time: 1.260 sec/batch
INFO:tensorflow:Step: 809, Loss: 4.897995, time: 1.317 sec/batch
INFO:tensorflow:Step: 813, Loss: 4.814241, time: 1.341 sec/batch
INFO:tensorflow:Step: 817, Loss: 4.909242, time: 1.359 sec/batch
INFO:tensorflow:Step: 821, Loss: 4.989602, time: 1.319 sec/batch
INFO:tensorflow:Step: 825, Loss: 5.054320, time: 1.314 sec/batch
INFO:tensorflow:Step: 829, Loss: 4.928760, time: 1.283 sec/batch
INFO:tensorflow:Step: 833, Loss: 4.854127, time: 1.277 sec/batch
INFO:tensorflow:Step: 837, Loss: 5.034834, time: 1.260 sec/batch
INFO:tensorflow:Step: 841, Loss: 4.904244, time: 1.298 sec/batch
INFO:tensorflow:Step: 845, Loss: 4.681105, time: 1.285 sec/batch
INFO:tensorflow:Step: 849, Loss: 4.691031, time: 1.359 sec/batch
INFO:tensorflow:Step: 853, Loss: 4.908752, time: 1.325 sec/batch
INFO:tensorflow:Step: 857, Loss: 4.904175, time: 1.333 sec/batch
INFO:tensorflow:Step: 861, Loss: 4.866876, time: 1.287 sec/batch
INFO:tensorflow:Step: 865, Loss: 4.813238, time: 1.363 sec/batch
INFO:tensorflow:Step: 869, Loss: 4.968629, time: 1.426 sec/batch
INFO:tensorflow:Step: 873, Loss: 4.901765, time: 1.323 sec/batch
INFO:tensorflow:Step: 877, Loss: 5.019964, time: 1.250 sec/batch
INFO:tensorflow:Step: 881, Loss: 4.701270, time: 1.240 sec/batch
INFO:tensorflow:Step: 885, Loss: 4.714802, time: 1.301 sec/batch
INFO:tensorflow:Step: 889, Loss: 4.781911, time: 1.307 sec/batch
INFO:tensorflow:Step: 893, Loss: 4.765810, time: 1.297 sec/batch
INFO:tensorflow:Step: 897, Loss: 4.890678, time: 1.289 sec/batch
INFO:tensorflow:Step: 901, Loss: 4.693501, time: 1.261 sec/batch
INFO:tensorflow:Step: 905, Loss: 5.018878, time: 1.259 sec/batch
INFO:tensorflow:Step: 909, Loss: 4.983463, time: 1.304 sec/batch
INFO:tensorflow:Step: 913, Loss: 4.957594, time: 1.300 sec/batch
INFO:tensorflow:Step: 917, Loss: 4.891891, time: 1.294 sec/batch
INFO:tensorflow:Step: 921, Loss: 4.914139, time: 1.288 sec/batch
INFO:tensorflow:Step: 925, Loss: 4.687813, time: 1.384 sec/batch
INFO:tensorflow:Step: 930, Loss: 4.767639, time: 1.386 sec/batch
INFO:tensorflow:Step: 934, Loss: 4.850327, time: 1.379 sec/batch
INFO:tensorflow:Step: 937, Loss: 4.842192, time: 1.792 sec/batch
INFO:tensorflow:Step: 943, Loss: 4.927250, time: 1.443 sec/batch
INFO:tensorflow:Step: 947, Loss: 5.134579, time: 1.319 sec/batch
INFO:tensorflow:Step: 951, Loss: 5.095128, time: 1.296 sec/batch
INFO:tensorflow:Step: 955, Loss: 4.976296, time: 1.325 sec/batch
INFO:tensorflow:Step: 959, Loss: 4.850014, time: 1.315 sec/batch
INFO:tensorflow:Step: 963, Loss: 5.041017, time: 1.448 sec/batch
INFO:tensorflow:Step: 967, Loss: 4.817464, time: 1.274 sec/batch
INFO:tensorflow:Step: 971, Loss: 4.841516, time: 1.447 sec/batch
INFO:tensorflow:Step: 975, Loss: 5.077111, time: 1.497 sec/batch
INFO:tensorflow:Step: 981, Loss: 4.804830, time: 2.382 sec/batch
INFO:tensorflow:Step: 985, Loss: 4.888306, time: 1.637 sec/batch
INFO:tensorflow:Step: 989, Loss: 4.839180, time: 1.640 sec/batch
INFO:tensorflow:Step: 993, Loss: 4.695938, time: 2.143 sec/batch
INFO:tensorflow:Step: 996, Loss: 4.987465, time: 1.315 sec/batch
INFO:tensorflow:Step: 999, Loss: 4.889145, time: 1.326 sec/batch
INFO:tensorflow:Step: 1003, Loss: 4.782205, time: 1.247 sec/batch
INFO:tensorflow:Step: 1007, Loss: 4.903903, time: 1.221 sec/batch
INFO:tensorflow:Step: 1011, Loss: 4.781475, time: 1.295 sec/batch
INFO:tensorflow:Step: 1015, Loss: 5.215080, time: 1.314 sec/batch
INFO:tensorflow:Step: 1019, Loss: 5.023229, time: 1.352 sec/batch
INFO:tensorflow:Step: 1023, Loss: 4.883814, time: 1.311 sec/batch
INFO:tensorflow:Step: 1027, Loss: 4.881792, time: 1.292 sec/batch
INFO:tensorflow:Step: 1031, Loss: 4.900700, time: 1.278 sec/batch
INFO:tensorflow:Step: 1035, Loss: 4.848020, time: 1.322 sec/batch
INFO:tensorflow:Step: 1039, Loss: 4.726103, time: 1.307 sec/batch
INFO:tensorflow:Step: 1043, Loss: 4.843893, time: 1.339 sec/batch
INFO:tensorflow:Step: 1047, Loss: 5.028811, time: 1.330 sec/batch
INFO:tensorflow:Step: 1051, Loss: 5.084392, time: 1.314 sec/batch
INFO:tensorflow:Step: 1055, Loss: 4.976576, time: 1.275 sec/batch
INFO:tensorflow:Step: 1059, Loss: 4.994036, time: 1.338 sec/batch
INFO:tensorflow:Step: 1063, Loss: 4.758362, time: 1.344 sec/batch
INFO:tensorflow:Step: 1067, Loss: 4.864971, time: 1.464 sec/batch
INFO:tensorflow:Step: 1071, Loss: 4.732287, time: 1.744 sec/batch
INFO:tensorflow:Step: 1077, Loss: 4.841613, time: 1.305 sec/batch
INFO:tensorflow:Step: 1080, Loss: 4.888064, time: 1.293 sec/batch
INFO:tensorflow:Step: 1084, Loss: 5.159840, time: 1.311 sec/batch
INFO:tensorflow:Step: 1088, Loss: 4.731250, time: 1.253 sec/batch
INFO:tensorflow:Step: 1092, Loss: 5.098884, time: 1.387 sec/batch
INFO:tensorflow:Step: 1096, Loss: 4.727028, time: 1.301 sec/batch
INFO:tensorflow:Step: 1100, Loss: 4.883926, time: 1.277 sec/batch
INFO:tensorflow:Step: 1104, Loss: 4.892560, time: 1.277 sec/batch
INFO:tensorflow:Step: 1108, Loss: 4.973994, time: 1.303 sec/batch
INFO:tensorflow:Step: 1112, Loss: 4.742250, time: 1.245 sec/batch
INFO:tensorflow:Step: 1116, Loss: 4.796976, time: 1.272 sec/batch
INFO:tensorflow:Step: 1120, Loss: 4.761851, time: 1.287 sec/batch
INFO:tensorflow:Step: 1124, Loss: 5.016886, time: 1.307 sec/batch
INFO:tensorflow:Step: 1128, Loss: 4.839800, time: 1.298 sec/batch
INFO:tensorflow:Step: 1132, Loss: 4.855482, time: 1.302 sec/batch
INFO:tensorflow:Step: 1136, Loss: 4.918157, time: 1.304 sec/batch
INFO:tensorflow:Step: 1140, Loss: 4.863634, time: 1.302 sec/batch
INFO:tensorflow:Step: 1144, Loss: 4.991737, time: 1.300 sec/batch
INFO:tensorflow:Step: 1148, Loss: 4.753226, time: 1.286 sec/batch
INFO:tensorflow:Step: 1152, Loss: 4.846156, time: 1.311 sec/batch
INFO:tensorflow:Step: 1156, Loss: 4.653666, time: 1.290 sec/batch
INFO:tensorflow:Step: 1160, Loss: 4.801871, time: 1.306 sec/batch
INFO:tensorflow:Step: 1164, Loss: 4.753229, time: 1.291 sec/batch
INFO:tensorflow:Step: 1168, Loss: 4.822133, time: 1.285 sec/batch
INFO:tensorflow:Step: 1172, Loss: 4.887975, time: 1.286 sec/batch
INFO:tensorflow:Step: 1176, Loss: 4.839216, time: 1.310 sec/batch
INFO:tensorflow:Step: 1180, Loss: 4.955481, time: 1.279 sec/batch
INFO:tensorflow:Step: 1184, Loss: 4.820147, time: 1.294 sec/batch
INFO:tensorflow:Step: 1188, Loss: 4.784917, time: 1.321 sec/batch
INFO:tensorflow:Step: 1192, Loss: 4.981552, time: 1.260 sec/batch
INFO:tensorflow:Step: 1196, Loss: 4.720970, time: 1.281 sec/batch
INFO:tensorflow:Step: 1200, Loss: 4.924664, time: 1.334 sec/batch
INFO:tensorflow:Step: 1204, Loss: 5.225492, time: 1.304 sec/batch
INFO:tensorflow:Step: 1208, Loss: 4.760026, time: 1.321 sec/batch
INFO:tensorflow:Step: 1213, Loss: 4.775805, time: 1.328 sec/batch
INFO:tensorflow:Step: 1217, Loss: 4.834066, time: 1.303 sec/batch
INFO:tensorflow:Step: 1221, Loss: 4.904386, time: 1.300 sec/batch
INFO:tensorflow:Step: 1225, Loss: 4.718099, time: 1.301 sec/batch
INFO:tensorflow:Step: 1229, Loss: 4.723128, time: 1.337 sec/batch
INFO:tensorflow:Step: 1232, Loss: 4.769819, time: 1.317 sec/batch
INFO:tensorflow:Step: 1236, Loss: 4.798059, time: 1.326 sec/batch
INFO:tensorflow:Step: 1240, Loss: 5.201199, time: 1.326 sec/batch
INFO:tensorflow:Step: 1244, Loss: 4.706203, time: 1.266 sec/batch
INFO:tensorflow:Step: 1248, Loss: 4.632153, time: 1.278 sec/batch
INFO:tensorflow:Step: 1252, Loss: 4.799692, time: 1.417 sec/batch
INFO:tensorflow:Step: 1257, Loss: 4.792568, time: 1.590 sec/batch
INFO:tensorflow:Step: 1262, Loss: 4.897520, time: 1.333 sec/batch
INFO:tensorflow:Step: 1265, Loss: 4.849371, time: 1.294 sec/batch
INFO:tensorflow:Step: 1269, Loss: 4.989214, time: 1.294 sec/batch
INFO:tensorflow:Step: 1273, Loss: 4.568091, time: 1.338 sec/batch
INFO:tensorflow:Step: 1278, Loss: 4.644036, time: 1.358 sec/batch
INFO:tensorflow:Step: 1281, Loss: 4.822557, time: 1.349 sec/batch
INFO:tensorflow:Step: 1285, Loss: 4.947864, time: 1.483 sec/batch
INFO:tensorflow:Step: 1290, Loss: 5.020393, time: 1.501 sec/batch
INFO:tensorflow:Step: 1294, Loss: 4.937926, time: 1.336 sec/batch
INFO:tensorflow:Step: 1298, Loss: 4.782668, time: 1.386 sec/batch
INFO:tensorflow:Step: 1302, Loss: 4.666513, time: 1.364 sec/batch
INFO:tensorflow:Step: 1306, Loss: 4.773717, time: 1.333 sec/batch
INFO:tensorflow:Step: 1310, Loss: 5.017677, time: 1.307 sec/batch
INFO:tensorflow:Step: 1313, Loss: 4.680745, time: 1.344 sec/batch
INFO:tensorflow:Step: 1317, Loss: 4.811960, time: 1.332 sec/batch
INFO:tensorflow:Step: 1321, Loss: 4.783463, time: 1.258 sec/batch
INFO:tensorflow:Step: 1325, Loss: 4.761470, time: 1.282 sec/batch
INFO:tensorflow:Step: 1329, Loss: 4.672429, time: 1.283 sec/batch
INFO:tensorflow:Step: 1333, Loss: 4.991765, time: 1.304 sec/batch
INFO:tensorflow:Step: 1337, Loss: 4.690615, time: 1.302 sec/batch
INFO:tensorflow:Step: 1341, Loss: 4.750917, time: 1.304 sec/batch
INFO:tensorflow:Step: 1345, Loss: 4.712112, time: 1.306 sec/batch
INFO:tensorflow:Step: 1349, Loss: 4.644798, time: 1.237 sec/batch
INFO:tensorflow:Step: 1353, Loss: 4.947170, time: 1.265 sec/batch
INFO:tensorflow:Step: 1357, Loss: 4.838519, time: 1.281 sec/batch
INFO:tensorflow:Step: 1361, Loss: 4.840323, time: 1.314 sec/batch
INFO:tensorflow:Step: 1365, Loss: 4.709060, time: 1.265 sec/batch
INFO:tensorflow:Step: 1369, Loss: 4.762074, time: 1.284 sec/batch
INFO:tensorflow:Step: 1373, Loss: 4.706141, time: 1.297 sec/batch
INFO:tensorflow:Step: 1377, Loss: 4.716512, time: 1.277 sec/batch
INFO:tensorflow:Step: 1381, Loss: 4.773811, time: 1.279 sec/batch
INFO:tensorflow:Step: 1385, Loss: 4.865715, time: 1.285 sec/batch
INFO:tensorflow:Step: 1389, Loss: 4.920643, time: 1.262 sec/batch
INFO:tensorflow:Step: 1393, Loss: 4.717309, time: 1.269 sec/batch
INFO:tensorflow:Step: 1397, Loss: 4.682733, time: 1.350 sec/batch
INFO:tensorflow:Step: 1401, Loss: 5.041545, time: 1.599 sec/batch
INFO:tensorflow:Step: 1406, Loss: 4.883780, time: 1.804 sec/batch
INFO:tensorflow:Step: 1412, Loss: 4.921920, time: 1.416 sec/batch
INFO:tensorflow:Step: 1416, Loss: 4.772779, time: 1.334 sec/batch
INFO:tensorflow:Step: 1420, Loss: 4.863290, time: 1.275 sec/batch
INFO:tensorflow:Step: 1424, Loss: 4.773187, time: 1.281 sec/batch
INFO:tensorflow:Step: 1428, Loss: 4.737416, time: 1.301 sec/batch
INFO:tensorflow:Step: 1432, Loss: 4.634563, time: 1.291 sec/batch
INFO:tensorflow:Step: 1436, Loss: 4.848197, time: 1.317 sec/batch
INFO:tensorflow:Step: 1440, Loss: 4.880266, time: 1.299 sec/batch
INFO:tensorflow:Step: 1444, Loss: 4.636644, time: 1.299 sec/batch
INFO:tensorflow:Step: 1448, Loss: 4.909493, time: 1.307 sec/batch
INFO:tensorflow:Step: 1452, Loss: 4.867348, time: 1.284 sec/batch
INFO:tensorflow:Step: 1457, Loss: 4.859134, time: 1.333 sec/batch
INFO:tensorflow:Step: 1461, Loss: 4.828935, time: 1.264 sec/batch
INFO:tensorflow:Step: 1465, Loss: 4.894124, time: 1.304 sec/batch
INFO:tensorflow:Step: 1469, Loss: 4.826341, time: 1.406 sec/batch
INFO:tensorflow:Step: 1473, Loss: 4.800043, time: 1.315 sec/batch
INFO:tensorflow:Step: 1477, Loss: 4.878674, time: 1.309 sec/batch
INFO:tensorflow:Step: 1481, Loss: 4.747068, time: 1.318 sec/batch
INFO:tensorflow:Step: 1485, Loss: 5.070586, time: 1.325 sec/batch
INFO:tensorflow:Step: 1489, Loss: 4.755865, time: 1.389 sec/batch
INFO:tensorflow:Step: 1493, Loss: 4.775460, time: 1.356 sec/batch
INFO:tensorflow:Step: 1497, Loss: 4.724498, time: 1.303 sec/batch
INFO:tensorflow:Step: 1501, Loss: 4.846918, time: 1.568 sec/batch
INFO:tensorflow:Step: 1505, Loss: 4.863309, time: 1.478 sec/batch
INFO:tensorflow:Step: 1509, Loss: 4.896120, time: 1.329 sec/batch
INFO:tensorflow:Step: 1513, Loss: 4.679449, time: 1.365 sec/batch
INFO:tensorflow:Step: 1518, Loss: 4.713494, time: 1.363 sec/batch
INFO:tensorflow:Step: 1522, Loss: 4.828229, time: 1.320 sec/batch
INFO:tensorflow:Step: 1526, Loss: 4.823560, time: 1.305 sec/batch
INFO:tensorflow:Step: 1530, Loss: 4.643677, time: 1.313 sec/batch
INFO:tensorflow:Step: 1534, Loss: 4.586782, time: 1.283 sec/batch
INFO:tensorflow:Step: 1538, Loss: 4.595059, time: 1.331 sec/batch
INFO:tensorflow:Step: 1542, Loss: 4.741462, time: 1.278 sec/batch
INFO:tensorflow:Step: 1546, Loss: 4.832519, time: 1.315 sec/batch
INFO:tensorflow:Step: 1550, Loss: 4.925566, time: 1.279 sec/batch
INFO:tensorflow:Step: 1554, Loss: 4.746725, time: 1.259 sec/batch
INFO:tensorflow:Step: 1558, Loss: 4.605069, time: 1.273 sec/batch
INFO:tensorflow:Step: 1562, Loss: 4.671896, time: 1.328 sec/batch
INFO:tensorflow:Step: 1566, Loss: 4.859234, time: 1.304 sec/batch
INFO:tensorflow:Step: 1570, Loss: 4.730197, time: 1.458 sec/batch
INFO:tensorflow:Step: 1575, Loss: 4.649826, time: 1.427 sec/batch
INFO:tensorflow:Step: 1579, Loss: 4.820641, time: 1.309 sec/batch
INFO:tensorflow:Step: 1583, Loss: 4.722072, time: 1.259 sec/batch
INFO:tensorflow:Step: 1587, Loss: 4.853137, time: 1.289 sec/batch
INFO:tensorflow:Step: 1591, Loss: 4.792707, time: 1.264 sec/batch
INFO:tensorflow:Step: 1595, Loss: 4.626841, time: 1.359 sec/batch
INFO:tensorflow:Step: 1599, Loss: 4.721407, time: 1.362 sec/batch
INFO:tensorflow:Step: 1603, Loss: 4.816312, time: 1.561 sec/batch
INFO:tensorflow:Step: 1607, Loss: 5.004230, time: 1.266 sec/batch
INFO:tensorflow:Step: 1611, Loss: 4.694321, time: 1.333 sec/batch
INFO:tensorflow:Step: 1615, Loss: 4.699042, time: 1.318 sec/batch
INFO:tensorflow:Step: 1620, Loss: 4.594100, time: 1.358 sec/batch
INFO:tensorflow:Step: 1624, Loss: 4.695086, time: 1.632 sec/batch
INFO:tensorflow:Step: 1628, Loss: 4.738126, time: 1.292 sec/batch
INFO:tensorflow:Step: 1632, Loss: 4.807319, time: 1.339 sec/batch
INFO:tensorflow:Step: 1636, Loss: 4.623584, time: 1.274 sec/batch
INFO:tensorflow:Step: 1640, Loss: 4.781631, time: 1.317 sec/batch
INFO:tensorflow:Step: 1644, Loss: 4.459575, time: 1.470 sec/batch
INFO:tensorflow:Step: 1649, Loss: 4.765510, time: 1.463 sec/batch
INFO:tensorflow:Step: 1652, Loss: 4.746246, time: 1.292 sec/batch
INFO:tensorflow:Step: 1656, Loss: 4.766448, time: 1.475 sec/batch
INFO:tensorflow:Step: 1661, Loss: 4.848978, time: 1.411 sec/batch
INFO:tensorflow:Step: 1665, Loss: 4.982141, time: 1.353 sec/batch
INFO:tensorflow:Step: 1669, Loss: 4.689788, time: 1.267 sec/batch
INFO:tensorflow:Step: 1673, Loss: 4.933536, time: 1.379 sec/batch
INFO:tensorflow:Step: 1677, Loss: 4.615759, time: 1.450 sec/batch
INFO:tensorflow:Step: 1681, Loss: 4.625741, time: 1.370 sec/batch
INFO:tensorflow:Step: 1685, Loss: 4.620926, time: 1.284 sec/batch
INFO:tensorflow:Step: 1689, Loss: 4.681495, time: 1.419 sec/batch
INFO:tensorflow:Step: 1693, Loss: 4.739715, time: 1.372 sec/batch
INFO:tensorflow:Step: 1698, Loss: 4.657333, time: 1.414 sec/batch
INFO:tensorflow:Step: 1702, Loss: 4.883781, time: 1.586 sec/batch
INFO:tensorflow:Step: 1705, Loss: 4.588223, time: 2.125 sec/batch
INFO:tensorflow:Step: 1710, Loss: 4.803587, time: 1.956 sec/batch
INFO:tensorflow:Step: 1714, Loss: 4.817643, time: 1.315 sec/batch
INFO:tensorflow:Step: 1718, Loss: 4.749388, time: 1.340 sec/batch
INFO:tensorflow:Step: 1721, Loss: 4.605868, time: 1.238 sec/batch
INFO:tensorflow:Step: 1725, Loss: 4.775495, time: 1.901 sec/batch
INFO:tensorflow:Step: 1730, Loss: 4.949644, time: 1.240 sec/batch
INFO:tensorflow:Step: 1734, Loss: 4.751220, time: 1.483 sec/batch
INFO:tensorflow:Step: 1738, Loss: 4.710723, time: 1.374 sec/batch
INFO:tensorflow:Step: 1742, Loss: 4.657269, time: 1.360 sec/batch
INFO:tensorflow:Step: 1746, Loss: 4.897859, time: 1.323 sec/batch
INFO:tensorflow:Step: 1749, Loss: 4.786357, time: 1.298 sec/batch
INFO:tensorflow:Step: 1753, Loss: 4.784887, time: 1.232 sec/batch
INFO:tensorflow:Step: 1757, Loss: 4.644317, time: 1.509 sec/batch
INFO:tensorflow:Step: 1763, Loss: 4.608866, time: 1.424 sec/batch
INFO:tensorflow:Step: 1767, Loss: 4.607767, time: 1.352 sec/batch
INFO:tensorflow:Step: 1771, Loss: 4.643035, time: 1.325 sec/batch
INFO:tensorflow:Step: 1775, Loss: 4.667755, time: 1.281 sec/batch
INFO:tensorflow:Step: 1779, Loss: 4.669488, time: 1.321 sec/batch
INFO:tensorflow:Step: 1783, Loss: 4.827861, time: 1.317 sec/batch
INFO:tensorflow:Step: 1787, Loss: 4.780164, time: 1.420 sec/batch
INFO:tensorflow:Step: 1791, Loss: 5.117218, time: 1.460 sec/batch
INFO:tensorflow:Step: 1795, Loss: 4.752687, time: 1.330 sec/batch
INFO:tensorflow:Step: 1799, Loss: 4.736133, time: 1.963 sec/batch
INFO:tensorflow:Step: 1805, Loss: 4.618894, time: 2.233 sec/batch
INFO:tensorflow:Step: 1807, Loss: 4.622034, time: 1.353 sec/batch
INFO:tensorflow:Step: 1811, Loss: 4.684229, time: 1.366 sec/batch
INFO:tensorflow:Step: 1815, Loss: 4.661102, time: 1.311 sec/batch
INFO:tensorflow:Step: 1819, Loss: 4.582938, time: 1.331 sec/batch
INFO:tensorflow:Step: 1823, Loss: 4.583852, time: 1.315 sec/batch
INFO:tensorflow:Step: 1827, Loss: 4.600891, time: 1.352 sec/batch
INFO:tensorflow:Step: 1831, Loss: 4.840738, time: 1.265 sec/batch
INFO:tensorflow:Step: 1835, Loss: 4.660737, time: 1.289 sec/batch
INFO:tensorflow:Step: 1839, Loss: 4.716649, time: 1.271 sec/batch
INFO:tensorflow:Step: 1843, Loss: 4.671617, time: 1.266 sec/batch
INFO:tensorflow:Step: 1847, Loss: 4.737365, time: 1.329 sec/batch
INFO:tensorflow:Step: 1851, Loss: 4.708093, time: 1.281 sec/batch
INFO:tensorflow:Step: 1855, Loss: 4.721601, time: 1.322 sec/batch
INFO:tensorflow:Step: 1860, Loss: 4.733643, time: 1.326 sec/batch
INFO:tensorflow:Step: 1864, Loss: 4.680577, time: 1.384 sec/batch
INFO:tensorflow:Step: 1868, Loss: 4.664818, time: 1.376 sec/batch
INFO:tensorflow:Step: 1872, Loss: 4.605991, time: 1.266 sec/batch
INFO:tensorflow:Step: 1876, Loss: 4.813311, time: 1.406 sec/batch
INFO:tensorflow:Step: 1881, Loss: 4.741497, time: 1.298 sec/batch
INFO:tensorflow:Step: 1885, Loss: 4.720398, time: 1.328 sec/batch
INFO:tensorflow:Step: 1889, Loss: 4.905983, time: 1.312 sec/batch
INFO:tensorflow:Step: 1893, Loss: 4.646804, time: 1.311 sec/batch
INFO:tensorflow:Step: 1897, Loss: 4.671236, time: 1.317 sec/batch
INFO:tensorflow:Step: 1901, Loss: 4.689218, time: 1.291 sec/batch
INFO:tensorflow:Step: 1905, Loss: 4.726053, time: 1.484 sec/batch
INFO:tensorflow:Step: 1909, Loss: 4.704898, time: 1.348 sec/batch
INFO:tensorflow:Step: 1913, Loss: 4.813998, time: 1.241 sec/batch
INFO:tensorflow:Step: 1917, Loss: 4.778282, time: 1.267 sec/batch
INFO:tensorflow:Step: 1921, Loss: 4.816533, time: 1.306 sec/batch
INFO:tensorflow:Step: 1925, Loss: 4.864603, time: 1.300 sec/batch
INFO:tensorflow:Step: 1929, Loss: 4.663610, time: 1.291 sec/batch
INFO:tensorflow:Step: 1933, Loss: 4.704630, time: 1.286 sec/batch
INFO:tensorflow:Step: 1937, Loss: 4.560795, time: 1.328 sec/batch
INFO:tensorflow:Step: 1942, Loss: 4.757613, time: 1.311 sec/batch
INFO:tensorflow:Step: 1946, Loss: 4.637664, time: 1.347 sec/batch
INFO:tensorflow:Step: 1950, Loss: 4.650107, time: 1.374 sec/batch
INFO:tensorflow:Step: 1954, Loss: 4.941147, time: 1.276 sec/batch
INFO:tensorflow:Step: 1958, Loss: 4.614765, time: 1.322 sec/batch
INFO:tensorflow:Step: 1962, Loss: 4.629869, time: 1.315 sec/batch
INFO:tensorflow:Step: 1966, Loss: 4.521079, time: 1.328 sec/batch
INFO:tensorflow:Step: 1970, Loss: 4.991177, time: 1.537 sec/batch
INFO:tensorflow:Step: 1974, Loss: 4.659113, time: 1.463 sec/batch
INFO:tensorflow:Step: 1979, Loss: 4.633388, time: 1.360 sec/batch
INFO:tensorflow:Step: 1983, Loss: 4.578008, time: 1.272 sec/batch
INFO:tensorflow:Step: 1986, Loss: 4.703446, time: 1.403 sec/batch
INFO:tensorflow:Step: 1990, Loss: 4.485131, time: 1.351 sec/batch
INFO:tensorflow:Step: 1994, Loss: 4.485768, time: 1.356 sec/batch
INFO:tensorflow:Step: 1998, Loss: 4.630013, time: 1.422 sec/batch
INFO:tensorflow:Step: 2002, Loss: 4.628902, time: 1.325 sec/batch
INFO:tensorflow:Step: 2006, Loss: 4.606673, time: 1.302 sec/batch
INFO:tensorflow:Step: 2010, Loss: 4.576717, time: 1.346 sec/batch
INFO:tensorflow:Step: 2014, Loss: 4.617495, time: 1.340 sec/batch
INFO:tensorflow:Step: 2018, Loss: 4.631432, time: 1.296 sec/batch
INFO:tensorflow:Step: 2022, Loss: 4.677026, time: 1.305 sec/batch
INFO:tensorflow:Step: 2026, Loss: 4.774169, time: 1.299 sec/batch
INFO:tensorflow:Step: 2030, Loss: 4.716245, time: 1.301 sec/batch
INFO:tensorflow:Step: 2034, Loss: 4.555106, time: 1.307 sec/batch
INFO:tensorflow:Step: 2038, Loss: 4.617446, time: 1.372 sec/batch
INFO:tensorflow:Step: 2042, Loss: 4.586346, time: 1.280 sec/batch
INFO:tensorflow:Step: 2046, Loss: 4.761697, time: 1.285 sec/batch
INFO:tensorflow:Step: 2050, Loss: 4.699419, time: 1.283 sec/batch
INFO:tensorflow:Step: 2054, Loss: 4.709676, time: 1.309 sec/batch
INFO:tensorflow:Step: 2058, Loss: 4.575699, time: 1.312 sec/batch
INFO:tensorflow:Step: 2062, Loss: 4.535353, time: 1.273 sec/batch
INFO:tensorflow:Step: 2066, Loss: 4.803220, time: 1.324 sec/batch
INFO:tensorflow:Step: 2070, Loss: 4.698436, time: 1.305 sec/batch
INFO:tensorflow:Step: 2074, Loss: 4.649671, time: 1.291 sec/batch
INFO:tensorflow:Step: 2078, Loss: 4.683398, time: 1.420 sec/batch
INFO:tensorflow:Step: 2081, Loss: 4.898976, time: 1.320 sec/batch
INFO:tensorflow:Step: 2085, Loss: 4.703926, time: 1.295 sec/batch
INFO:tensorflow:Step: 2089, Loss: 4.759878, time: 1.312 sec/batch
INFO:tensorflow:Step: 2093, Loss: 4.776318, time: 1.310 sec/batch
INFO:tensorflow:Step: 2097, Loss: 4.580508, time: 1.257 sec/batch
INFO:tensorflow:Step: 2101, Loss: 4.845449, time: 1.255 sec/batch
INFO:tensorflow:Step: 2105, Loss: 4.704411, time: 1.299 sec/batch
INFO:tensorflow:Step: 2109, Loss: 4.693181, time: 1.320 sec/batch
INFO:tensorflow:Step: 2113, Loss: 5.015050, time: 1.303 sec/batch
INFO:tensorflow:Step: 2117, Loss: 4.617314, time: 1.300 sec/batch
INFO:tensorflow:Step: 2121, Loss: 4.608035, time: 1.322 sec/batch
INFO:tensorflow:Step: 2125, Loss: 4.633966, time: 1.290 sec/batch
INFO:tensorflow:Step: 2129, Loss: 4.700615, time: 1.267 sec/batch
INFO:tensorflow:Step: 2133, Loss: 4.494631, time: 1.269 sec/batch
INFO:tensorflow:Step: 2137, Loss: 4.912071, time: 1.309 sec/batch
INFO:tensorflow:Step: 2141, Loss: 4.570434, time: 1.297 sec/batch
INFO:tensorflow:Step: 2145, Loss: 4.509376, time: 1.354 sec/batch
INFO:tensorflow:Step: 2149, Loss: 4.557358, time: 1.355 sec/batch
INFO:tensorflow:Step: 2153, Loss: 4.796474, time: 1.339 sec/batch
INFO:tensorflow:Step: 2157, Loss: 4.674413, time: 1.419 sec/batch
INFO:tensorflow:Step: 2161, Loss: 4.710370, time: 1.317 sec/batch
INFO:tensorflow:Step: 2165, Loss: 4.613435, time: 1.280 sec/batch
INFO:tensorflow:Step: 2169, Loss: 4.553512, time: 1.434 sec/batch
INFO:tensorflow:Step: 2172, Loss: 4.670956, time: 1.301 sec/batch
INFO:tensorflow:Step: 2176, Loss: 4.784497, time: 1.275 sec/batch
INFO:tensorflow:Step: 2180, Loss: 4.776505, time: 1.342 sec/batch
INFO:tensorflow:Step: 2184, Loss: 4.454321, time: 1.323 sec/batch
INFO:tensorflow:Step: 2188, Loss: 4.662460, time: 1.289 sec/batch
INFO:tensorflow:Step: 2192, Loss: 4.631115, time: 1.342 sec/batch
INFO:tensorflow:Step: 2196, Loss: 4.635064, time: 1.310 sec/batch
INFO:tensorflow:Step: 2200, Loss: 4.791818, time: 1.319 sec/batch
INFO:tensorflow:Step: 2204, Loss: 4.742545, time: 1.327 sec/batch
INFO:tensorflow:Step: 2208, Loss: 4.664819, time: 1.310 sec/batch
INFO:tensorflow:Step: 2212, Loss: 4.571665, time: 1.265 sec/batch
INFO:tensorflow:Step: 2216, Loss: 4.823976, time: 1.294 sec/batch
INFO:tensorflow:Step: 2220, Loss: 4.649513, time: 1.292 sec/batch
INFO:tensorflow:Step: 2224, Loss: 4.622165, time: 1.343 sec/batch
INFO:tensorflow:Step: 2228, Loss: 4.703842, time: 1.425 sec/batch
INFO:tensorflow:Step: 2232, Loss: 4.470034, time: 1.441 sec/batch
INFO:tensorflow:Step: 2236, Loss: 4.706462, time: 1.315 sec/batch
INFO:tensorflow:Step: 2240, Loss: 4.733846, time: 1.346 sec/batch
INFO:tensorflow:Step: 2244, Loss: 4.565143, time: 1.287 sec/batch
INFO:tensorflow:Step: 2248, Loss: 4.663062, time: 1.250 sec/batch
INFO:tensorflow:Step: 2252, Loss: 4.725440, time: 1.353 sec/batch
INFO:tensorflow:Step: 2256, Loss: 4.594230, time: 1.308 sec/batch
INFO:tensorflow:Step: 2260, Loss: 4.566656, time: 1.435 sec/batch
INFO:tensorflow:Step: 2265, Loss: 4.774311, time: 1.654 sec/batch
INFO:tensorflow:Step: 2270, Loss: 4.473687, time: 1.311 sec/batch
INFO:tensorflow:Step: 2274, Loss: 4.587871, time: 1.416 sec/batch
INFO:tensorflow:Step: 2278, Loss: 4.490891, time: 2.087 sec/batch
INFO:tensorflow:Step: 2283, Loss: 4.634721, time: 1.386 sec/batch
INFO:tensorflow:Step: 2286, Loss: 4.630932, time: 1.323 sec/batch
INFO:tensorflow:Step: 2290, Loss: 4.713500, time: 1.336 sec/batch
INFO:tensorflow:Step: 2294, Loss: 4.720665, time: 1.343 sec/batch
INFO:tensorflow:Step: 2298, Loss: 4.814688, time: 1.427 sec/batch
INFO:tensorflow:Step: 2302, Loss: 4.571379, time: 1.445 sec/batch
INFO:tensorflow:Step: 2306, Loss: 4.509947, time: 1.327 sec/batch
INFO:tensorflow:Step: 2310, Loss: 4.793664, time: 1.368 sec/batch
INFO:tensorflow:Step: 2314, Loss: 4.793962, time: 1.354 sec/batch
INFO:tensorflow:Step: 2318, Loss: 4.795310, time: 1.448 sec/batch
INFO:tensorflow:Step: 2323, Loss: 4.592785, time: 1.278 sec/batch
INFO:tensorflow:Step: 2327, Loss: 4.962118, time: 1.310 sec/batch
INFO:tensorflow:Step: 2331, Loss: 4.648927, time: 1.349 sec/batch
INFO:tensorflow:Step: 2335, Loss: 4.561901, time: 1.348 sec/batch
INFO:tensorflow:Step: 2338, Loss: 4.594171, time: 1.322 sec/batch
INFO:tensorflow:Step: 2343, Loss: 4.875756, time: 1.253 sec/batch
INFO:tensorflow:Step: 2346, Loss: 4.856159, time: 1.321 sec/batch
run-expr-4node.sh: line 21: 21891 Terminated              CUDA_VISIBLE_DEVICES=$1 bazel-bin/inception/imagenet_distributed_train --batch_size=64 --data_dir=/lfs/local/0/daniter/imagenet-8-$2 --job_name='worker' --task_id=$2 --ps_hosts='raiders1:2228' --worker_hosts='raiders1:2200,raiders1:2201,raiders3:2209,raiders3:2210' --initial_learning_rate=$3 --momentum=$4 --sync=$5
