INFO:tensorflow:PS hosts are: ['localhost:2200']
INFO:tensorflow:Worker hosts are: ['raiders1:2201', 'raiders1:2202', 'raiders1:2203', 'raiders1:2204', 'raiders1:2205', 'raiders1:2206', 'raiders1:2207', 'raiders1:2208', 'raiders1:2209', 'raiders1:2210', 'raiders1:2211', 'raiders3:2212', 'raiders3:2213', 'raiders3:2214', 'raiders3:2215', 'raiders3:2216', 'raiders3:2217', 'raiders3:2218', 'raiders3:2219', 'raiders3:2220', 'raiders3:2221', 'raiders3:2222', 'raiders8:2223', 'raiders8:2224', 'raiders8:2225', 'raiders8:2226', 'raiders8:2227', 'raiders8:2228', 'raiders8:2228', 'raiders8:2230', 'raiders8:2231', 'raiders8:2232']
I tensorflow/core/distributed_runtime/rpc/grpc_channel.cc:206] Initialize HostPortsGrpcChannelCache for job ps -> {localhost:2200}
I tensorflow/core/distributed_runtime/rpc/grpc_channel.cc:206] Initialize HostPortsGrpcChannelCache for job worker -> {raiders1:2201, raiders1:2202, raiders1:2203, raiders1:2204, raiders1:2205, raiders1:2206, raiders1:2207, raiders1:2208, raiders1:2209, raiders1:2210, raiders1:2211, raiders3:2212, raiders3:2213, raiders3:2214, raiders3:2215, raiders3:2216, raiders3:2217, raiders3:2218, raiders3:2219, raiders3:2220, raiders3:2221, raiders3:2222, raiders8:2223, raiders8:2224, raiders8:2225, raiders8:2226, raiders8:2227, raiders8:2228, raiders8:2228, raiders8:2230, raiders8:2231, raiders8:2232}
I tensorflow/core/distributed_runtime/rpc/grpc_server_lib.cc:202] Started server with target: grpc://localhost:2200
I tensorflow/core/kernels/logging_ops.cc:79] enqueue init tokens[399 399 399...]
I tensorflow/core/kernels/logging_ops.cc:79] Node 17 dequeues token: [399]
I tensorflow/core/kernels/logging_ops.cc:79] Node 26 dequeues token: [399]
I tensorflow/core/kernels/logging_ops.cc:79] Node 17 dequeues token: [399]
I tensorflow/core/kernels/logging_ops.cc:79] Node 25 dequeues token: [399]
I tensorflow/core/kernels/logging_ops.cc:79] Node 22 dequeues token: [399]
I tensorflow/core/kernels/logging_ops.cc:79] Node 24 dequeues token: [399]
I tensorflow/core/kernels/logging_ops.cc:79] Node 20 dequeues token: [399]
I tensorflow/core/kernels/logging_ops.cc:79] Node 8 dequeues token: [399]
I tensorflow/core/kernels/logging_ops.cc:79] Node 27 dequeues token: [399]
I tensorflow/core/kernels/logging_ops.cc:79] Node 23 dequeues token: [399]
I tensorflow/core/kernels/logging_ops.cc:79] Node 31 dequeues token: [399]
I tensorflow/core/kernels/logging_ops.cc:79] Node 30 dequeues token: [399]
I tensorflow/core/kernels/logging_ops.cc:79] Node 29 dequeues token: [399]
I tensorflow/core/kernels/logging_ops.cc:79] Node 11 dequeues token: [399]
I tensorflow/core/kernels/logging_ops.cc:79] Node 19 dequeues token: [399]
I tensorflow/core/kernels/logging_ops.cc:79] Node 13 dequeues token: [399]
I tensorflow/core/kernels/logging_ops.cc:79] Node 16 dequeues token: [399]
I tensorflow/core/kernels/logging_ops.cc:79] Node 14 dequeues token: [399]
I tensorflow/core/kernels/logging_ops.cc:79] Node 12 dequeues token: [399]
I tensorflow/core/kernels/logging_ops.cc:79] Node 21 dequeues token: [399]
I tensorflow/core/kernels/logging_ops.cc:79] Node 17 dequeues token: [399]
I tensorflow/core/kernels/logging_ops.cc:79] Node 1 dequeues token: [399]
I tensorflow/core/kernels/logging_ops.cc:79] Node 25 dequeues token: [399]
I tensorflow/core/kernels/logging_ops.cc:79] Node 24 dequeues token: [399]
I tensorflow/core/kernels/logging_ops.cc:79] Node 4 dequeues token: [399]
I tensorflow/core/kernels/logging_ops.cc:79] Node 18 dequeues token: [399]
I tensorflow/core/kernels/logging_ops.cc:79] Node 15 dequeues token: [399]
I tensorflow/core/kernels/logging_ops.cc:79] Node 26 dequeues token: [399]
I tensorflow/core/kernels/logging_ops.cc:79] Node 22 dequeues token: [399]
I tensorflow/core/kernels/logging_ops.cc:79] ~~~~~ daniter~~~ GLobalstep:[399][0.006213842 -0.00069585152...]
I tensorflow/core/kernels/logging_ops.cc:79] Node 5 dequeues token: [399]
I tensorflow/core/kernels/logging_ops.cc:79] Node 6 dequeues token: [399]
I tensorflow/core/kernels/logging_ops.cc:79] Node 9 dequeues token: [399]
I tensorflow/core/kernels/logging_ops.cc:79] Node 7 dequeues token: [399]
I tensorflow/core/kernels/logging_ops.cc:79] Node 0 dequeues token: [399]
I tensorflow/core/kernels/logging_ops.cc:79] Node 10 dequeues token: [399]
I tensorflow/core/kernels/logging_ops.cc:79] Node 3 dequeues token: [399]
I tensorflow/core/kernels/logging_ops.cc:79] Node 2 dequeues token: [399]
I tensorflow/core/kernels/logging_ops.cc:79] Node 8 dequeues token: [399]
I tensorflow/core/kernels/logging_ops.cc:79] Node 27 dequeues token: [399]
I tensorflow/core/kernels/logging_ops.cc:79] Node 20 dequeues token: [399]
I tensorflow/core/kernels/logging_ops.cc:79] Node 11 dequeues token: [399]
I tensorflow/core/kernels/logging_ops.cc:79] Node 30 dequeues token: [399]
I tensorflow/core/kernels/logging_ops.cc:79] Node 31 dequeues token: [399]
I tensorflow/core/kernels/logging_ops.cc:79] Node 29 dequeues token: [399]
I tensorflow/core/kernels/logging_ops.cc:79] Node 23 dequeues token: [399]
I tensorflow/core/kernels/logging_ops.cc:79] Node 25 dequeues token: [399]
I tensorflow/core/kernels/logging_ops.cc:79] Node 24 dequeues token: [399]
I tensorflow/core/kernels/logging_ops.cc:79] Node 22 dequeues token: [399]
I tensorflow/core/kernels/logging_ops.cc:79] Node 26 dequeues token: [399]
I tensorflow/core/kernels/logging_ops.cc:79] Node 21 dequeues token: [399]
I tensorflow/core/kernels/logging_ops.cc:79] Node 17 dequeues token: [399]
I tensorflow/core/kernels/logging_ops.cc:79] Node 11 dequeues token: [399]
I tensorflow/core/kernels/logging_ops.cc:79] Node 20 dequeues token: [399]
I tensorflow/core/kernels/logging_ops.cc:79] Node 4 dequeues token: [399]
I tensorflow/core/kernels/logging_ops.cc:79] Node 15 dequeues token: [399]
I tensorflow/core/kernels/logging_ops.cc:79] Node 13 dequeues token: [399]
I tensorflow/core/kernels/logging_ops.cc:79] Node 14 dequeues token: [399]
I tensorflow/core/kernels/logging_ops.cc:79] Node 16 dequeues token: [399]
I tensorflow/core/kernels/logging_ops.cc:79] Node 18 dequeues token: [399]
I tensorflow/core/kernels/logging_ops.cc:79] Node 12 dequeues token: [399]
I tensorflow/core/kernels/logging_ops.cc:79] Node 23 dequeues token: [399]
I tensorflow/core/kernels/logging_ops.cc:79] Node 27 dequeues token: [399]
I tensorflow/core/kernels/logging_ops.cc:79] Node 19 dequeues token: [399]
I tensorflow/core/kernels/logging_ops.cc:79] Node 1 dequeues token: [399]
I tensorflow/core/kernels/logging_ops.cc:79] ~~~~~ daniter~~~ GLobalstep:[400][0.0029290714 -0.0035170289...]
I tensorflow/core/kernels/logging_ops.cc:79] Node 30 dequeues token: [400]
I tensorflow/core/kernels/logging_ops.cc:79] Node 31 dequeues token: [400]
I tensorflow/core/kernels/logging_ops.cc:79] Node 24 dequeues token: [400]
I tensorflow/core/kernels/logging_ops.cc:79] Node 22 dequeues token: [400]
I tensorflow/core/kernels/logging_ops.cc:79] Node 29 dequeues token: [400]
I tensorflow/core/kernels/logging_ops.cc:79] Node 7 dequeues token: [400]
I tensorflow/core/kernels/logging_ops.cc:79] Node 5 dequeues token: [400]
I tensorflow/core/kernels/logging_ops.cc:79] Node 2 dequeues token: [400]
I tensorflow/core/kernels/logging_ops.cc:79] Node 25 dequeues token: [400]
I tensorflow/core/kernels/logging_ops.cc:79] Node 10 dequeues token: [400]
I tensorflow/core/kernels/logging_ops.cc:79] Node 0 dequeues token: [400]
I tensorflow/core/kernels/logging_ops.cc:79] Node 3 dequeues token: [400]
I tensorflow/core/kernels/logging_ops.cc:79] Node 8 dequeues token: [400]
I tensorflow/core/kernels/logging_ops.cc:79] Node 6 dequeues token: [400]
I tensorflow/core/kernels/logging_ops.cc:79] Node 9 dequeues token: [400]
I tensorflow/core/kernels/logging_ops.cc:79] Node 26 dequeues token: [400]
I tensorflow/core/kernels/logging_ops.cc:79] Node 17 dequeues token: [400]
I tensorflow/core/kernels/logging_ops.cc:79] Node 21 dequeues token: [400]
I tensorflow/core/kernels/logging_ops.cc:79] Node 23 dequeues token: [400]
I tensorflow/core/kernels/logging_ops.cc:79] Node 27 dequeues token: [400]
I tensorflow/core/kernels/logging_ops.cc:79] Node 24 dequeues token: [400]
I tensorflow/core/kernels/logging_ops.cc:79] Node 31 dequeues token: [400]
I tensorflow/core/kernels/logging_ops.cc:79] Node 4 dequeues token: [400]
I tensorflow/core/kernels/logging_ops.cc:79] Node 25 dequeues token: [400]
I tensorflow/core/kernels/logging_ops.cc:79] Node 30 dequeues token: [400]
I tensorflow/core/kernels/logging_ops.cc:79] Node 1 dequeues token: [400]
I tensorflow/core/kernels/logging_ops.cc:79] Node 22 dequeues token: [400]
I tensorflow/core/kernels/logging_ops.cc:79] Node 11 dequeues token: [400]
I tensorflow/core/kernels/logging_ops.cc:79] Node 29 dequeues token: [400]
I tensorflow/core/kernels/logging_ops.cc:79] Node 20 dequeues token: [400]
I tensorflow/core/kernels/logging_ops.cc:79] Node 18 dequeues token: [400]
I tensorflow/core/kernels/logging_ops.cc:79] Node 13 dequeues token: [400]
I tensorflow/core/kernels/logging_ops.cc:79] ~~~~~ daniter~~~ GLobalstep:[401][-0.0088172061 -0.0029315329...]
I tensorflow/core/kernels/logging_ops.cc:79] Node 16 dequeues token: [400]
I tensorflow/core/kernels/logging_ops.cc:79] Node 14 dequeues token: [400]
I tensorflow/core/kernels/logging_ops.cc:79] Node 26 dequeues token: [400]
I tensorflow/core/kernels/logging_ops.cc:79] Node 15 dequeues token: [400]
I tensorflow/core/kernels/logging_ops.cc:79] Node 12 dequeues token: [400]
I tensorflow/core/kernels/logging_ops.cc:79] Node 17 dequeues token: [400]
I tensorflow/core/kernels/logging_ops.cc:79] Node 7 dequeues token: [400]
I tensorflow/core/kernels/logging_ops.cc:79] Node 19 dequeues token: [400]
I tensorflow/core/kernels/logging_ops.cc:79] Node 10 dequeues token: [400]
I tensorflow/core/kernels/logging_ops.cc:79] Node 21 dequeues token: [400]
I tensorflow/core/kernels/logging_ops.cc:79] Node 24 dequeues token: [400]
I tensorflow/core/kernels/logging_ops.cc:79] Node 27 dequeues token: [400]
I tensorflow/core/kernels/logging_ops.cc:79] Node 8 dequeues token: [400]
I tensorflow/core/kernels/logging_ops.cc:79] Node 23 dequeues token: [400]
I tensorflow/core/kernels/logging_ops.cc:79] Node 9 dequeues token: [400]
I tensorflow/core/kernels/logging_ops.cc:79] Node 31 dequeues token: [400]
I tensorflow/core/kernels/logging_ops.cc:79] Node 5 dequeues token: [400]
I tensorflow/core/kernels/logging_ops.cc:79] Node 3 dequeues token: [400]
I tensorflow/core/kernels/logging_ops.cc:79] Node 29 dequeues token: [400]
I tensorflow/core/kernels/logging_ops.cc:79] Node 2 dequeues token: [400]
I tensorflow/core/kernels/logging_ops.cc:79] Node 25 dequeues token: [400]
I tensorflow/core/kernels/logging_ops.cc:79] Node 30 dequeues token: [400]
I tensorflow/core/kernels/logging_ops.cc:79] Node 6 dequeues token: [400]
I tensorflow/core/kernels/logging_ops.cc:79] Node 22 dequeues token: [400]
I tensorflow/core/kernels/logging_ops.cc:79] Node 0 dequeues token: [400]
I tensorflow/core/kernels/logging_ops.cc:79] Node 4 dequeues token: [400]
I tensorflow/core/kernels/logging_ops.cc:79] Node 1 dequeues token: [400]
I tensorflow/core/kernels/logging_ops.cc:79] Node 20 dequeues token: [400]
I tensorflow/core/kernels/logging_ops.cc:79] Node 26 dequeues token: [400]
I tensorflow/core/kernels/logging_ops.cc:79] Node 11 dequeues token: [400]
I tensorflow/core/kernels/logging_ops.cc:79] Node 18 dequeues token: [400]
I tensorflow/core/kernels/logging_ops.cc:79] Node 13 dequeues token: [400]
I tensorflow/core/kernels/logging_ops.cc:79] ~~~~~ daniter~~~ GLobalstep:[402][0.000936976 -0.00084633578...]
I tensorflow/core/kernels/logging_ops.cc:79] Node 24 dequeues token: [402]
I tensorflow/core/kernels/logging_ops.cc:79] Node 17 dequeues token: [402]
I tensorflow/core/kernels/logging_ops.cc:79] Node 31 dequeues token: [402]
I tensorflow/core/kernels/logging_ops.cc:79] Node 23 dequeues token: [402]
I tensorflow/core/kernels/logging_ops.cc:79] Node 30 dequeues token: [402]
I tensorflow/core/kernels/logging_ops.cc:79] Node 10 dequeues token: [402]
I tensorflow/core/kernels/logging_ops.cc:79] Node 27 dequeues token: [402]
I tensorflow/core/kernels/logging_ops.cc:79] Node 22 dequeues token: [402]
I tensorflow/core/kernels/logging_ops.cc:79] Node 29 dequeues token: [402]
I tensorflow/core/kernels/logging_ops.cc:79] Node 19 dequeues token: [402]
I tensorflow/core/kernels/logging_ops.cc:79] Node 16 dequeues token: [402]
I tensorflow/core/kernels/logging_ops.cc:79] Node 25 dequeues token: [402]
I tensorflow/core/kernels/logging_ops.cc:79] Node 26 dequeues token: [402]
I tensorflow/core/kernels/logging_ops.cc:79] Node 8 dequeues token: [402]
I tensorflow/core/kernels/logging_ops.cc:79] Node 14 dequeues token: [402]
I tensorflow/core/kernels/logging_ops.cc:79] Node 12 dequeues token: [402]
I tensorflow/core/kernels/logging_ops.cc:79] Node 15 dequeues token: [402]
I tensorflow/core/kernels/logging_ops.cc:79] Node 21 dequeues token: [402]
I tensorflow/core/kernels/logging_ops.cc:79] Node 20 dequeues token: [402]
I tensorflow/core/kernels/logging_ops.cc:79] Node 1 dequeues token: [402]
I tensorflow/core/kernels/logging_ops.cc:79] Node 13 dequeues token: [402]
I tensorflow/core/kernels/logging_ops.cc:79] Node 9 dequeues token: [402]
I tensorflow/core/kernels/logging_ops.cc:79] Node 2 dequeues token: [402]
I tensorflow/core/kernels/logging_ops.cc:79] Node 11 dequeues token: [402]
I tensorflow/core/kernels/logging_ops.cc:79] Node 0 dequeues token: [402]
I tensorflow/core/kernels/logging_ops.cc:79] Node 6 dequeues token: [402]
I tensorflow/core/kernels/logging_ops.cc:79] Node 18 dequeues token: [402]
I tensorflow/core/kernels/logging_ops.cc:79] Node 7 dequeues token: [402]
I tensorflow/core/kernels/logging_ops.cc:79] Node 3 dequeues token: [402]
I tensorflow/core/kernels/logging_ops.cc:79] Node 5 dequeues token: [402]
I tensorflow/core/kernels/logging_ops.cc:79] Node 4 dequeues token: [402]
I tensorflow/core/kernels/logging_ops.cc:79] Node 24 dequeues token: [402]
I tensorflow/core/kernels/logging_ops.cc:79] ~~~~~ daniter~~~ GLobalstep:[403][-0.0067616361 0.0024613084...]
I tensorflow/core/kernels/logging_ops.cc:79] Node 21 dequeues token: [403]
I tensorflow/core/kernels/logging_ops.cc:79] Node 24 dequeues token: [403]
I tensorflow/core/kernels/logging_ops.cc:79] Node 14 dequeues token: [403]
I tensorflow/core/kernels/logging_ops.cc:79] Node 15 dequeues token: [403]
I tensorflow/core/kernels/logging_ops.cc:79] Node 8 dequeues token: [403]
I tensorflow/core/kernels/logging_ops.cc:79] Node 12 dequeues token: [403]
I tensorflow/core/kernels/logging_ops.cc:79] Node 10 dequeues token: [403]
I tensorflow/core/kernels/logging_ops.cc:79] Node 31 dequeues token: [403]
I tensorflow/core/kernels/logging_ops.cc:79] Node 17 dequeues token: [403]
I tensorflow/core/kernels/logging_ops.cc:79] Node 25 dequeues token: [403]
I tensorflow/core/kernels/logging_ops.cc:79] Node 23 dequeues token: [403]
I tensorflow/core/kernels/logging_ops.cc:79] Node 22 dequeues token: [403]
I tensorflow/core/kernels/logging_ops.cc:79] Node 30 dequeues token: [403]
I tensorflow/core/kernels/logging_ops.cc:79] Node 26 dequeues token: [403]
I tensorflow/core/kernels/logging_ops.cc:79] Node 27 dequeues token: [403]
I tensorflow/core/kernels/logging_ops.cc:79] Node 16 dequeues token: [403]
I tensorflow/core/kernels/logging_ops.cc:79] Node 29 dequeues token: [403]
I tensorflow/core/kernels/logging_ops.cc:79] Node 19 dequeues token: [403]
I tensorflow/core/kernels/logging_ops.cc:79] Node 20 dequeues token: [403]
I tensorflow/core/kernels/logging_ops.cc:79] Node 13 dequeues token: [403]
I tensorflow/core/kernels/logging_ops.cc:79] Node 18 dequeues token: [403]
I tensorflow/core/kernels/logging_ops.cc:79] Node 11 dequeues token: [403]
I tensorflow/core/kernels/logging_ops.cc:79] Node 1 dequeues token: [403]
I tensorflow/core/kernels/logging_ops.cc:79] Node 4 dequeues token: [403]
I tensorflow/core/kernels/logging_ops.cc:79] Node 2 dequeues token: [403]
I tensorflow/core/kernels/logging_ops.cc:79] Node 5 dequeues token: [403]
I tensorflow/core/kernels/logging_ops.cc:79] Node 9 dequeues token: [403]
I tensorflow/core/kernels/logging_ops.cc:79] Node 0 dequeues token: [403]
I tensorflow/core/kernels/logging_ops.cc:79] Node 6 dequeues token: [403]
I tensorflow/core/kernels/logging_ops.cc:79] Node 7 dequeues token: [403]
I tensorflow/core/kernels/logging_ops.cc:79] Node 3 dequeues token: [403]
I tensorflow/core/kernels/logging_ops.cc:79] Node 24 dequeues token: [403]
I tensorflow/core/kernels/logging_ops.cc:79] ~~~~~ daniter~~~ GLobalstep:[404][0.004784903 0.0036442229...]
I tensorflow/core/kernels/logging_ops.cc:79] Node 21 dequeues token: [404]
I tensorflow/core/kernels/logging_ops.cc:79] Node 23 dequeues token: [404]
I tensorflow/core/kernels/logging_ops.cc:79] Node 26 dequeues token: [404]
I tensorflow/core/kernels/logging_ops.cc:79] Node 25 dequeues token: [404]
I tensorflow/core/kernels/logging_ops.cc:79] Node 30 dequeues token: [404]
I tensorflow/core/kernels/logging_ops.cc:79] Node 31 dequeues token: [404]
I tensorflow/core/kernels/logging_ops.cc:79] Node 22 dequeues token: [404]
I tensorflow/core/kernels/logging_ops.cc:79] Node 27 dequeues token: [404]
I tensorflow/core/kernels/logging_ops.cc:79] Node 29 dequeues token: [404]
I tensorflow/core/kernels/logging_ops.cc:79] Node 15 dequeues token: [404]
I tensorflow/core/kernels/logging_ops.cc:79] Node 24 dequeues token: [404]
I tensorflow/core/kernels/logging_ops.cc:79] Node 12 dequeues token: [404]
I tensorflow/core/kernels/logging_ops.cc:79] Node 16 dequeues token: [404]
I tensorflow/core/kernels/logging_ops.cc:79] Node 17 dequeues token: [404]
I tensorflow/core/kernels/logging_ops.cc:79] Node 8 dequeues token: [404]
I tensorflow/core/kernels/logging_ops.cc:79] Node 19 dequeues token: [404]
I tensorflow/core/kernels/logging_ops.cc:79] Node 18 dequeues token: [404]
I tensorflow/core/kernels/logging_ops.cc:79] Node 14 dequeues token: [404]
I tensorflow/core/kernels/logging_ops.cc:79] Node 10 dequeues token: [404]
I tensorflow/core/kernels/logging_ops.cc:79] Node 11 dequeues token: [404]
I tensorflow/core/kernels/logging_ops.cc:79] Node 20 dequeues token: [404]
I tensorflow/core/kernels/logging_ops.cc:79] Node 13 dequeues token: [404]
I tensorflow/core/kernels/logging_ops.cc:79] Node 5 dequeues token: [404]
I tensorflow/core/kernels/logging_ops.cc:79] Node 2 dequeues token: [404]
I tensorflow/core/kernels/logging_ops.cc:79] Node 4 dequeues token: [404]
I tensorflow/core/kernels/logging_ops.cc:79] Node 1 dequeues token: [404]
I tensorflow/core/kernels/logging_ops.cc:79] Node 6 dequeues token: [404]
I tensorflow/core/kernels/logging_ops.cc:79] Node 7 dequeues token: [404]
I tensorflow/core/kernels/logging_ops.cc:79] Node 0 dequeues token: [404]
I tensorflow/core/kernels/logging_ops.cc:79] Node 9 dequeues token: [404]
I tensorflow/core/kernels/logging_ops.cc:79] Node 3 dequeues token: [404]
I tensorflow/core/kernels/logging_ops.cc:79] Node 30 dequeues token: [404]
I tensorflow/core/kernels/logging_ops.cc:79] ~~~~~ daniter~~~ GLobalstep:[405][-0.0074058995 -0.00078720669...]
I tensorflow/core/kernels/logging_ops.cc:79] Node 26 dequeues token: [405]
I tensorflow/core/kernels/logging_ops.cc:79] Node 24 dequeues token: [405]
I tensorflow/core/kernels/logging_ops.cc:79] Node 25 dequeues token: [405]
I tensorflow/core/kernels/logging_ops.cc:79] Node 27 dequeues token: [405]
I tensorflow/core/kernels/logging_ops.cc:79] Node 31 dequeues token: [405]
I tensorflow/core/kernels/logging_ops.cc:79] Node 30 dequeues token: [405]
I tensorflow/core/kernels/logging_ops.cc:79] Node 17 dequeues token: [405]
I tensorflow/core/kernels/logging_ops.cc:79] Node 23 dequeues token: [405]
I tensorflow/core/kernels/logging_ops.cc:79] Node 29 dequeues token: [405]
I tensorflow/core/kernels/logging_ops.cc:79] Node 12 dequeues token: [405]
I tensorflow/core/kernels/logging_ops.cc:79] Node 22 dequeues token: [405]
I tensorflow/core/kernels/logging_ops.cc:79] Node 15 dequeues token: [405]
I tensorflow/core/kernels/logging_ops.cc:79] Node 21 dequeues token: [405]
I tensorflow/core/kernels/logging_ops.cc:79] Node 18 dequeues token: [405]
I tensorflow/core/kernels/logging_ops.cc:79] Node 16 dequeues token: [405]
I tensorflow/core/kernels/logging_ops.cc:79] Node 19 dequeues token: [405]
I tensorflow/core/kernels/logging_ops.cc:79] Node 11 dequeues token: [405]
I tensorflow/core/kernels/logging_ops.cc:79] Node 13 dequeues token: [405]
I tensorflow/core/kernels/logging_ops.cc:79] Node 20 dequeues token: [405]
I tensorflow/core/kernels/logging_ops.cc:79] Node 14 dequeues token: [405]
I tensorflow/core/kernels/logging_ops.cc:79] Node 4 dequeues token: [405]
I tensorflow/core/kernels/logging_ops.cc:79] Node 5 dequeues token: [405]
I tensorflow/core/kernels/logging_ops.cc:79] Node 8 dequeues token: [405]
I tensorflow/core/kernels/logging_ops.cc:79] Node 2 dequeues token: [405]
I tensorflow/core/kernels/logging_ops.cc:79] Node 0 dequeues token: [405]
I tensorflow/core/kernels/logging_ops.cc:79] Node 1 dequeues token: [405]
I tensorflow/core/kernels/logging_ops.cc:79] Node 7 dequeues token: [405]
I tensorflow/core/kernels/logging_ops.cc:79] Node 6 dequeues token: [405]
I tensorflow/core/kernels/logging_ops.cc:79] Node 10 dequeues token: [405]
I tensorflow/core/kernels/logging_ops.cc:79] Node 3 dequeues token: [405]
I tensorflow/core/kernels/logging_ops.cc:79] Node 9 dequeues token: [405]
I tensorflow/core/kernels/logging_ops.cc:79] Node 24 dequeues token: [405]
I tensorflow/core/kernels/logging_ops.cc:79] ~~~~~ daniter~~~ GLobalstep:[406][0.0005642341 0.001442177...]
I tensorflow/core/kernels/logging_ops.cc:79] Node 23 dequeues token: [406]
I tensorflow/core/kernels/logging_ops.cc:79] Node 25 dequeues token: [406]
I tensorflow/core/kernels/logging_ops.cc:79] Node 30 dequeues token: [406]
I tensorflow/core/kernels/logging_ops.cc:79] Node 22 dequeues token: [406]
I tensorflow/core/kernels/logging_ops.cc:79] Node 31 dequeues token: [406]
I tensorflow/core/kernels/logging_ops.cc:79] Node 29 dequeues token: [406]
I tensorflow/core/kernels/logging_ops.cc:79] Node 26 dequeues token: [406]
I tensorflow/core/kernels/logging_ops.cc:79] Node 14 dequeues token: [406]
I tensorflow/core/kernels/logging_ops.cc:79] Node 27 dequeues token: [406]
I tensorflow/core/kernels/logging_ops.cc:79] Node 11 dequeues token: [406]
I tensorflow/core/kernels/logging_ops.cc:79] Node 16 dequeues token: [406]
I tensorflow/core/kernels/logging_ops.cc:79] Node 17 dequeues token: [406]
I tensorflow/core/kernels/logging_ops.cc:79] Node 20 dequeues token: [406]
I tensorflow/core/kernels/logging_ops.cc:79] Node 24 dequeues token: [406]
I tensorflow/core/kernels/logging_ops.cc:79] Node 21 dequeues token: [406]
I tensorflow/core/kernels/logging_ops.cc:79] Node 13 dequeues token: [406]
I tensorflow/core/kernels/logging_ops.cc:79] Node 18 dequeues token: [406]
I tensorflow/core/kernels/logging_ops.cc:79] Node 2 dequeues token: [406]
I tensorflow/core/kernels/logging_ops.cc:79] Node 15 dequeues token: [406]
I tensorflow/core/kernels/logging_ops.cc:79] Node 0 dequeues token: [406]
I tensorflow/core/kernels/logging_ops.cc:79] Node 12 dequeues token: [406]
I tensorflow/core/kernels/logging_ops.cc:79] Node 19 dequeues token: [406]
I tensorflow/core/kernels/logging_ops.cc:79] Node 4 dequeues token: [406]
I tensorflow/core/kernels/logging_ops.cc:79] Node 1 dequeues token: [406]
I tensorflow/core/kernels/logging_ops.cc:79] Node 10 dequeues token: [406]
I tensorflow/core/kernels/logging_ops.cc:79] Node 5 dequeues token: [406]
I tensorflow/core/kernels/logging_ops.cc:79] Node 3 dequeues token: [406]
I tensorflow/core/kernels/logging_ops.cc:79] Node 9 dequeues token: [406]
I tensorflow/core/kernels/logging_ops.cc:79] Node 7 dequeues token: [406]
I tensorflow/core/kernels/logging_ops.cc:79] Node 8 dequeues token: [406]
I tensorflow/core/kernels/logging_ops.cc:79] Node 6 dequeues token: [406]
I tensorflow/core/kernels/logging_ops.cc:79] Node 23 dequeues token: [406]
I tensorflow/core/kernels/logging_ops.cc:79] ~~~~~ daniter~~~ GLobalstep:[407][0.0013354102 -0.0025330603...]
I tensorflow/core/kernels/logging_ops.cc:79] Node 24 dequeues token: [407]
I tensorflow/core/kernels/logging_ops.cc:79] Node 27 dequeues token: [407]
I tensorflow/core/kernels/logging_ops.cc:79] Node 25 dequeues token: [407]
I tensorflow/core/kernels/logging_ops.cc:79] Node 29 dequeues token: [407]
I tensorflow/core/kernels/logging_ops.cc:79] Node 30 dequeues token: [407]
I tensorflow/core/kernels/logging_ops.cc:79] Node 13 dequeues token: [407]
I tensorflow/core/kernels/logging_ops.cc:79] Node 22 dequeues token: [407]
I tensorflow/core/kernels/logging_ops.cc:79] Node 31 dequeues token: [407]
I tensorflow/core/kernels/logging_ops.cc:79] Node 26 dequeues token: [407]
I tensorflow/core/kernels/logging_ops.cc:79] Node 12 dequeues token: [407]
I tensorflow/core/kernels/logging_ops.cc:79] Node 17 dequeues token: [407]
I tensorflow/core/kernels/logging_ops.cc:79] Node 21 dequeues token: [407]
I tensorflow/core/kernels/logging_ops.cc:79] Node 23 dequeues token: [407]
I tensorflow/core/kernels/logging_ops.cc:79] Node 19 dequeues token: [407]
I tensorflow/core/kernels/logging_ops.cc:79] Node 2 dequeues token: [407]
I tensorflow/core/kernels/logging_ops.cc:79] Node 18 dequeues token: [407]
I tensorflow/core/kernels/logging_ops.cc:79] Node 14 dequeues token: [407]
I tensorflow/core/kernels/logging_ops.cc:79] Node 16 dequeues token: [407]
I tensorflow/core/kernels/logging_ops.cc:79] Node 15 dequeues token: [407]
I tensorflow/core/kernels/logging_ops.cc:79] Node 11 dequeues token: [407]
I tensorflow/core/kernels/logging_ops.cc:79] Node 20 dequeues token: [407]
I tensorflow/core/kernels/logging_ops.cc:79] Node 0 dequeues token: [407]
I tensorflow/core/kernels/logging_ops.cc:79] Node 8 dequeues token: [407]
I tensorflow/core/kernels/logging_ops.cc:79] Node 1 dequeues token: [407]
I tensorflow/core/kernels/logging_ops.cc:79] Node 4 dequeues token: [407]
I tensorflow/core/kernels/logging_ops.cc:79] Node 6 dequeues token: [407]
I tensorflow/core/kernels/logging_ops.cc:79] Node 9 dequeues token: [407]
I tensorflow/core/kernels/logging_ops.cc:79] Node 10 dequeues token: [407]
I tensorflow/core/kernels/logging_ops.cc:79] Node 5 dequeues token: [407]
I tensorflow/core/kernels/logging_ops.cc:79] Node 7 dequeues token: [407]
I tensorflow/core/kernels/logging_ops.cc:79] Node 3 dequeues token: [407]
I tensorflow/core/kernels/logging_ops.cc:79] Node 30 dequeues token: [407]
I tensorflow/core/kernels/logging_ops.cc:79] ~~~~~ daniter~~~ GLobalstep:[408][0.0060881297 -0.0023595565...]
I tensorflow/core/kernels/logging_ops.cc:79] Node 2 dequeues token: [408]
I tensorflow/core/kernels/logging_ops.cc:79] Node 27 dequeues token: [408]
I tensorflow/core/kernels/logging_ops.cc:79] Node 24 dequeues token: [408]
I tensorflow/core/kernels/logging_ops.cc:79] Node 22 dequeues token: [408]
I tensorflow/core/kernels/logging_ops.cc:79] Node 31 dequeues token: [408]
I tensorflow/core/kernels/logging_ops.cc:79] Node 29 dequeues token: [408]
I tensorflow/core/kernels/logging_ops.cc:79] Node 4 dequeues token: [408]
I tensorflow/core/kernels/logging_ops.cc:79] Node 23 dequeues token: [408]
I tensorflow/core/kernels/logging_ops.cc:79] Node 25 dequeues token: [408]
I tensorflow/core/kernels/logging_ops.cc:79] Node 17 dequeues token: [408]
I tensorflow/core/kernels/logging_ops.cc:79] Node 21 dequeues token: [408]
I tensorflow/core/kernels/logging_ops.cc:79] Node 26 dequeues token: [408]
I tensorflow/core/kernels/logging_ops.cc:79] Node 12 dequeues token: [408]
I tensorflow/core/kernels/logging_ops.cc:79] Node 19 dequeues token: [408]
I tensorflow/core/kernels/logging_ops.cc:79] Node 13 dequeues token: [408]
I tensorflow/core/kernels/logging_ops.cc:79] Node 30 dequeues token: [408]
I tensorflow/core/kernels/logging_ops.cc:79] Node 16 dequeues token: [408]
I tensorflow/core/kernels/logging_ops.cc:79] Node 18 dequeues token: [408]
I tensorflow/core/kernels/logging_ops.cc:79] Node 14 dequeues token: [408]
I tensorflow/core/kernels/logging_ops.cc:79] Node 10 dequeues token: [408]
I tensorflow/core/kernels/logging_ops.cc:79] Node 3 dequeues token: [408]
I tensorflow/core/kernels/logging_ops.cc:79] Node 11 dequeues token: [408]
I tensorflow/core/kernels/logging_ops.cc:79] Node 15 dequeues token: [408]
I tensorflow/core/kernels/logging_ops.cc:79] Node 9 dequeues token: [408]
I tensorflow/core/kernels/logging_ops.cc:79] Node 7 dequeues token: [408]
I tensorflow/core/kernels/logging_ops.cc:79] Node 5 dequeues token: [408]
I tensorflow/core/kernels/logging_ops.cc:79] Node 1 dequeues token: [408]
I tensorflow/core/kernels/logging_ops.cc:79] Node 6 dequeues token: [408]
I tensorflow/core/kernels/logging_ops.cc:79] Node 0 dequeues token: [408]
I tensorflow/core/kernels/logging_ops.cc:79] Node 8 dequeues token: [408]
I tensorflow/core/kernels/logging_ops.cc:79] Node 20 dequeues token: [408]
I tensorflow/core/kernels/logging_ops.cc:79] Node 23 dequeues token: [408]
I tensorflow/core/kernels/logging_ops.cc:79] ~~~~~ daniter~~~ GLobalstep:[409][0.00034500231 0.000512272...]
I tensorflow/core/kernels/logging_ops.cc:79] Node 31 dequeues token: [409]
I tensorflow/core/kernels/logging_ops.cc:79] Node 29 dequeues token: [409]
I tensorflow/core/kernels/logging_ops.cc:79] Node 30 dequeues token: [409]
I tensorflow/core/kernels/logging_ops.cc:79] Node 24 dequeues token: [409]
I tensorflow/core/kernels/logging_ops.cc:79] Node 22 dequeues token: [409]
I tensorflow/core/kernels/logging_ops.cc:79] Node 15 dequeues token: [409]
I tensorflow/core/kernels/logging_ops.cc:79] Node 26 dequeues token: [409]
I tensorflow/core/kernels/logging_ops.cc:79] Node 25 dequeues token: [409]
I tensorflow/core/kernels/logging_ops.cc:79] Node 4 dequeues token: [409]
I tensorflow/core/kernels/logging_ops.cc:79] Node 17 dequeues token: [409]
I tensorflow/core/kernels/logging_ops.cc:79] Node 21 dequeues token: [409]
I tensorflow/core/kernels/logging_ops.cc:79] Node 13 dequeues token: [409]
I tensorflow/core/kernels/logging_ops.cc:79] Node 12 dequeues token: [409]
I tensorflow/core/kernels/logging_ops.cc:79] Node 1 dequeues token: [409]
I tensorflow/core/kernels/logging_ops.cc:79] Node 14 dequeues token: [409]
I tensorflow/core/kernels/logging_ops.cc:79] Node 5 dequeues token: [409]
I tensorflow/core/kernels/logging_ops.cc:79] Node 2 dequeues token: [409]
I tensorflow/core/kernels/logging_ops.cc:79] Node 9 dequeues token: [409]
I tensorflow/core/kernels/logging_ops.cc:79] Node 11 dequeues token: [409]
I tensorflow/core/kernels/logging_ops.cc:79] Node 7 dequeues token: [409]
I tensorflow/core/kernels/logging_ops.cc:79] Node 19 dequeues token: [409]
I tensorflow/core/kernels/logging_ops.cc:79] Node 0 dequeues token: [409]
I tensorflow/core/kernels/logging_ops.cc:79] Node 20 dequeues token: [409]
I tensorflow/core/kernels/logging_ops.cc:79] Node 3 dequeues token: [409]
I tensorflow/core/kernels/logging_ops.cc:79] Node 23 dequeues token: [409]
I tensorflow/core/kernels/logging_ops.cc:79] Node 16 dequeues token: [409]
I tensorflow/core/kernels/logging_ops.cc:79] Node 6 dequeues token: [409]
I tensorflow/core/kernels/logging_ops.cc:79] Node 10 dequeues token: [409]
I tensorflow/core/kernels/logging_ops.cc:79] Node 8 dequeues token: [409]
I tensorflow/core/kernels/logging_ops.cc:79] Node 18 dequeues token: [409]
I tensorflow/core/kernels/logging_ops.cc:79] Node 27 dequeues token: [409]
I tensorflow/core/kernels/logging_ops.cc:79] Node 17 dequeues token: [409]
I tensorflow/core/kernels/logging_ops.cc:79] ~~~~~ daniter~~~ GLobalstep:[410][0.0022720364 0.0073188338...]
I tensorflow/core/kernels/logging_ops.cc:79] Node 31 dequeues token: [410]
I tensorflow/core/kernels/logging_ops.cc:79] Node 30 dequeues token: [410]
I tensorflow/core/kernels/logging_ops.cc:79] Node 26 dequeues token: [410]
I tensorflow/core/kernels/logging_ops.cc:79] Node 25 dequeues token: [410]
I tensorflow/core/kernels/logging_ops.cc:79] Node 29 dequeues token: [410]
I tensorflow/core/kernels/logging_ops.cc:79] Node 24 dequeues token: [410]
I tensorflow/core/kernels/logging_ops.cc:79] Node 15 dequeues token: [410]
I tensorflow/core/kernels/logging_ops.cc:79] Node 22 dequeues token: [410]
I tensorflow/core/kernels/logging_ops.cc:79] Node 23 dequeues token: [410]
I tensorflow/core/kernels/logging_ops.cc:79] Node 8 dequeues token: [410]
I tensorflow/core/kernels/logging_ops.cc:79] Node 27 dequeues token: [410]
I tensorflow/core/kernels/logging_ops.cc:79] Node 21 dequeues token: [410]
I tensorflow/core/kernels/logging_ops.cc:79] Node 13 dequeues token: [410]
I tensorflow/core/kernels/logging_ops.cc:79] Node 14 dequeues token: [410]
I tensorflow/core/kernels/logging_ops.cc:79] Node 18 dequeues token: [410]
I tensorflow/core/kernels/logging_ops.cc:79] Node 19 dequeues token: [410]
I tensorflow/core/kernels/logging_ops.cc:79] Node 12 dequeues token: [410]
I tensorflow/core/kernels/logging_ops.cc:79] Node 10 dequeues token: [410]
I tensorflow/core/kernels/logging_ops.cc:79] Node 16 dequeues token: [410]
I tensorflow/core/kernels/logging_ops.cc:79] Node 11 dequeues token: [410]
I tensorflow/core/kernels/logging_ops.cc:79] Node 5 dequeues token: [410]
I tensorflow/core/kernels/logging_ops.cc:79] Node 20 dequeues token: [410]
I tensorflow/core/kernels/logging_ops.cc:79] Node 4 dequeues token: [410]
I tensorflow/core/kernels/logging_ops.cc:79] Node 2 dequeues token: [410]
I tensorflow/core/kernels/logging_ops.cc:79] Node 1 dequeues token: [410]
I tensorflow/core/kernels/logging_ops.cc:79] Node 6 dequeues token: [410]
I tensorflow/core/kernels/logging_ops.cc:79] Node 3 dequeues token: [410]
I tensorflow/core/kernels/logging_ops.cc:79] Node 0 dequeues token: [410]
I tensorflow/core/kernels/logging_ops.cc:79] Node 9 dequeues token: [410]
I tensorflow/core/kernels/logging_ops.cc:79] Node 17 dequeues token: [410]
I tensorflow/core/kernels/logging_ops.cc:79] Node 7 dequeues token: [410]
I tensorflow/core/kernels/logging_ops.cc:79] Node 26 dequeues token: [410]
I tensorflow/core/kernels/logging_ops.cc:79] ~~~~~ daniter~~~ GLobalstep:[411][-0.0040440382 0.00032224826...]
I tensorflow/core/kernels/logging_ops.cc:79] Node 25 dequeues token: [411]
I tensorflow/core/kernels/logging_ops.cc:79] Node 31 dequeues token: [411]
I tensorflow/core/kernels/logging_ops.cc:79] Node 12 dequeues token: [411]
I tensorflow/core/kernels/logging_ops.cc:79] Node 29 dequeues token: [411]
I tensorflow/core/kernels/logging_ops.cc:79] Node 30 dequeues token: [411]
I tensorflow/core/kernels/logging_ops.cc:79] Node 15 dequeues token: [411]
I tensorflow/core/kernels/logging_ops.cc:79] Node 27 dequeues token: [411]
I tensorflow/core/kernels/logging_ops.cc:79] Node 21 dequeues token: [411]
I tensorflow/core/kernels/logging_ops.cc:79] Node 24 dequeues token: [411]
I tensorflow/core/kernels/logging_ops.cc:79] Node 13 dequeues token: [411]
I tensorflow/core/kernels/logging_ops.cc:79] Node 16 dequeues token: [411]
I tensorflow/core/kernels/logging_ops.cc:79] Node 5 dequeues token: [411]
I tensorflow/core/kernels/logging_ops.cc:79] Node 26 dequeues token: [411]
I tensorflow/core/kernels/logging_ops.cc:79] Node 14 dequeues token: [411]
I tensorflow/core/kernels/logging_ops.cc:79] Node 22 dequeues token: [411]
I tensorflow/core/kernels/logging_ops.cc:79] Node 18 dequeues token: [411]
I tensorflow/core/kernels/logging_ops.cc:79] Node 19 dequeues token: [411]
I tensorflow/core/kernels/logging_ops.cc:79] Node 20 dequeues token: [411]
I tensorflow/core/kernels/logging_ops.cc:79] Node 1 dequeues token: [411]
I tensorflow/core/kernels/logging_ops.cc:79] Node 11 dequeues token: [411]
I tensorflow/core/kernels/logging_ops.cc:79] Node 17 dequeues token: [411]
I tensorflow/core/kernels/logging_ops.cc:79] Node 23 dequeues token: [411]
I tensorflow/core/kernels/logging_ops.cc:79] Node 4 dequeues token: [411]
I tensorflow/core/kernels/logging_ops.cc:79] Node 8 dequeues token: [411]
I tensorflow/core/kernels/logging_ops.cc:79] Node 7 dequeues token: [411]
I tensorflow/core/kernels/logging_ops.cc:79] Node 3 dequeues token: [411]
I tensorflow/core/kernels/logging_ops.cc:79] Node 6 dequeues token: [411]
I tensorflow/core/kernels/logging_ops.cc:79] Node 10 dequeues token: [411]
I tensorflow/core/kernels/logging_ops.cc:79] Node 0 dequeues token: [411]
I tensorflow/core/kernels/logging_ops.cc:79] Node 9 dequeues token: [411]
I tensorflow/core/kernels/logging_ops.cc:79] Node 2 dequeues token: [411]
I tensorflow/core/kernels/logging_ops.cc:79] Node 26 dequeues token: [411]
I tensorflow/core/kernels/logging_ops.cc:79] ~~~~~ daniter~~~ GLobalstep:[412][0.0052265092 -0.001446267...]
I tensorflow/core/kernels/logging_ops.cc:79] Node 11 dequeues token: [412]
I tensorflow/core/kernels/logging_ops.cc:79] Node 19 dequeues token: [412]
I tensorflow/core/kernels/logging_ops.cc:79] Node 24 dequeues token: [412]
I tensorflow/core/kernels/logging_ops.cc:79] Node 22 dequeues token: [412]
I tensorflow/core/kernels/logging_ops.cc:79] Node 23 dequeues token: [412]
I tensorflow/core/kernels/logging_ops.cc:79] Node 27 dequeues token: [412]
I tensorflow/core/kernels/logging_ops.cc:79] Node 25 dequeues token: [412]
I tensorflow/core/kernels/logging_ops.cc:79] Node 30 dequeues token: [412]
I tensorflow/core/kernels/logging_ops.cc:79] Node 31 dequeues token: [412]
I tensorflow/core/kernels/logging_ops.cc:79] Node 20 dequeues token: [412]
I tensorflow/core/kernels/logging_ops.cc:79] Node 21 dequeues token: [412]
I tensorflow/core/kernels/logging_ops.cc:79] Node 26 dequeues token: [412]
I tensorflow/core/kernels/logging_ops.cc:79] Node 9 dequeues token: [412]
I tensorflow/core/kernels/logging_ops.cc:79] Node 5 dequeues token: [412]
I tensorflow/core/kernels/logging_ops.cc:79] Node 18 dequeues token: [412]
I tensorflow/core/kernels/logging_ops.cc:79] Node 29 dequeues token: [412]
I tensorflow/core/kernels/logging_ops.cc:79] Node 17 dequeues token: [412]
I tensorflow/core/kernels/logging_ops.cc:79] Node 16 dequeues token: [412]
I tensorflow/core/kernels/logging_ops.cc:79] Node 12 dequeues token: [412]
I tensorflow/core/kernels/logging_ops.cc:79] Node 14 dequeues token: [412]
I tensorflow/core/kernels/logging_ops.cc:79] Node 13 dequeues token: [412]
I tensorflow/core/kernels/logging_ops.cc:79] Node 4 dequeues token: [412]
I tensorflow/core/kernels/logging_ops.cc:79] Node 7 dequeues token: [412]
I tensorflow/core/kernels/logging_ops.cc:79] Node 15 dequeues token: [412]
I tensorflow/core/kernels/logging_ops.cc:79] Node 0 dequeues token: [412]
I tensorflow/core/kernels/logging_ops.cc:79] Node 8 dequeues token: [412]
I tensorflow/core/kernels/logging_ops.cc:79] Node 2 dequeues token: [412]
I tensorflow/core/kernels/logging_ops.cc:79] Node 6 dequeues token: [412]
I tensorflow/core/kernels/logging_ops.cc:79] Node 1 dequeues token: [412]
I tensorflow/core/kernels/logging_ops.cc:79] Node 3 dequeues token: [412]
I tensorflow/core/kernels/logging_ops.cc:79] Node 10 dequeues token: [412]
I tensorflow/core/kernels/logging_ops.cc:79] Node 25 dequeues token: [412]
I tensorflow/core/kernels/logging_ops.cc:79] ~~~~~ daniter~~~ GLobalstep:[413][-0.0057005733 -0.0031613004...]
I tensorflow/core/kernels/logging_ops.cc:79] Node 24 dequeues token: [413]
I tensorflow/core/kernels/logging_ops.cc:79] Node 11 dequeues token: [413]
I tensorflow/core/kernels/logging_ops.cc:79] Node 20 dequeues token: [413]
I tensorflow/core/kernels/logging_ops.cc:79] Node 30 dequeues token: [413]
I tensorflow/core/kernels/logging_ops.cc:79] Node 31 dequeues token: [413]
I tensorflow/core/kernels/logging_ops.cc:79] Node 26 dequeues token: [413]
I tensorflow/core/kernels/logging_ops.cc:79] Node 27 dequeues token: [413]
I tensorflow/core/kernels/logging_ops.cc:79] Node 22 dequeues token: [413]
I tensorflow/core/kernels/logging_ops.cc:79] Node 23 dequeues token: [413]
I tensorflow/core/kernels/logging_ops.cc:79] Node 29 dequeues token: [413]
I tensorflow/core/kernels/logging_ops.cc:79] Node 25 dequeues token: [413]
I tensorflow/core/kernels/logging_ops.cc:79] Node 14 dequeues token: [413]
I tensorflow/core/kernels/logging_ops.cc:79] Node 12 dequeues token: [413]
I tensorflow/core/kernels/logging_ops.cc:79] Node 17 dequeues token: [413]
I tensorflow/core/kernels/logging_ops.cc:79] Node 13 dequeues token: [413]
I tensorflow/core/kernels/logging_ops.cc:79] Node 21 dequeues token: [413]
I tensorflow/core/kernels/logging_ops.cc:79] Node 16 dequeues token: [413]
I tensorflow/core/kernels/logging_ops.cc:79] Node 15 dequeues token: [413]
I tensorflow/core/kernels/logging_ops.cc:79] Node 19 dequeues token: [413]
I tensorflow/core/kernels/logging_ops.cc:79] Node 5 dequeues token: [413]
I tensorflow/core/kernels/logging_ops.cc:79] Node 4 dequeues token: [413]
I tensorflow/core/kernels/logging_ops.cc:79] Node 7 dequeues token: [413]
I tensorflow/core/kernels/logging_ops.cc:79] Node 18 dequeues token: [413]
I tensorflow/core/kernels/logging_ops.cc:79] Node 1 dequeues token: [413]
I tensorflow/core/kernels/logging_ops.cc:79] Node 0 dequeues token: [413]
I tensorflow/core/kernels/logging_ops.cc:79] Node 8 dequeues token: [413]
I tensorflow/core/kernels/logging_ops.cc:79] Node 2 dequeues token: [413]
I tensorflow/core/kernels/logging_ops.cc:79] Node 3 dequeues token: [413]
I tensorflow/core/kernels/logging_ops.cc:79] Node 6 dequeues token: [413]
I tensorflow/core/kernels/logging_ops.cc:79] Node 9 dequeues token: [413]
I tensorflow/core/kernels/logging_ops.cc:79] Node 10 dequeues token: [413]
I tensorflow/core/kernels/logging_ops.cc:79] Node 25 dequeues token: [413]
I tensorflow/core/kernels/logging_ops.cc:79] ~~~~~ daniter~~~ GLobalstep:[414][-0.00063494709 0.00014898716...]
I tensorflow/core/kernels/logging_ops.cc:79] Node 30 dequeues token: [414]
I tensorflow/core/kernels/logging_ops.cc:79] Node 24 dequeues token: [414]
I tensorflow/core/kernels/logging_ops.cc:79] Node 26 dequeues token: [414]
I tensorflow/core/kernels/logging_ops.cc:79] Node 22 dequeues token: [414]
I tensorflow/core/kernels/logging_ops.cc:79] Node 31 dequeues token: [414]
I tensorflow/core/kernels/logging_ops.cc:79] Node 29 dequeues token: [414]
I tensorflow/core/kernels/logging_ops.cc:79] Node 27 dequeues token: [414]
I tensorflow/core/kernels/logging_ops.cc:79] Node 23 dequeues token: [414]
I tensorflow/core/kernels/logging_ops.cc:79] Node 3 dequeues token: [414]
I tensorflow/core/kernels/logging_ops.cc:79] Node 11 dequeues token: [414]
I tensorflow/core/kernels/logging_ops.cc:79] Node 25 dequeues token: [414]
I tensorflow/core/kernels/logging_ops.cc:79] Node 12 dequeues token: [414]
I tensorflow/core/kernels/logging_ops.cc:79] Node 20 dequeues token: [414]
I tensorflow/core/kernels/logging_ops.cc:79] Node 21 dequeues token: [414]
I tensorflow/core/kernels/logging_ops.cc:79] Node 18 dequeues token: [414]
I tensorflow/core/kernels/logging_ops.cc:79] Node 17 dequeues token: [414]
I tensorflow/core/kernels/logging_ops.cc:79] Node 15 dequeues token: [414]
I tensorflow/core/kernels/logging_ops.cc:79] Node 16 dequeues token: [414]
I tensorflow/core/kernels/logging_ops.cc:79] Node 4 dequeues token: [414]
I tensorflow/core/kernels/logging_ops.cc:79] Node 13 dequeues token: [414]
I tensorflow/core/kernels/logging_ops.cc:79] Node 14 dequeues token: [414]
I tensorflow/core/kernels/logging_ops.cc:79] Node 6 dequeues token: [414]
I tensorflow/core/kernels/logging_ops.cc:79] Node 2 dequeues token: [414]
I tensorflow/core/kernels/logging_ops.cc:79] Node 0 dequeues token: [414]
I tensorflow/core/kernels/logging_ops.cc:79] Node 9 dequeues token: [414]
I tensorflow/core/kernels/logging_ops.cc:79] Node 19 dequeues token: [414]
I tensorflow/core/kernels/logging_ops.cc:79] Node 7 dequeues token: [414]
I tensorflow/core/kernels/logging_ops.cc:79] Node 1 dequeues token: [414]
I tensorflow/core/kernels/logging_ops.cc:79] Node 5 dequeues token: [414]
I tensorflow/core/kernels/logging_ops.cc:79] Node 8 dequeues token: [414]
I tensorflow/core/kernels/logging_ops.cc:79] Node 10 dequeues token: [414]
I tensorflow/core/kernels/logging_ops.cc:79] Node 24 dequeues token: [414]
I tensorflow/core/kernels/logging_ops.cc:79] ~~~~~ daniter~~~ GLobalstep:[415][-0.000645651 0.0032995276...]
I tensorflow/core/kernels/logging_ops.cc:79] Node 22 dequeues token: [415]
I tensorflow/core/kernels/logging_ops.cc:79] Node 23 dequeues token: [415]
I tensorflow/core/kernels/logging_ops.cc:79] Node 17 dequeues token: [415]
I tensorflow/core/kernels/logging_ops.cc:79] Node 27 dequeues token: [415]
I tensorflow/core/kernels/logging_ops.cc:79] Node 21 dequeues token: [415]
I tensorflow/core/kernels/logging_ops.cc:79] Node 30 dequeues token: [415]
I tensorflow/core/kernels/logging_ops.cc:79] Node 16 dequeues token: [415]
I tensorflow/core/kernels/logging_ops.cc:79] Node 3 dequeues token: [415]
I tensorflow/core/kernels/logging_ops.cc:79] Node 13 dequeues token: [415]
I tensorflow/core/kernels/logging_ops.cc:79] Node 4 dequeues token: [415]
I tensorflow/core/kernels/logging_ops.cc:79] Node 11 dequeues token: [415]
I tensorflow/core/kernels/logging_ops.cc:79] Node 8 dequeues token: [415]
I tensorflow/core/kernels/logging_ops.cc:79] Node 14 dequeues token: [415]
I tensorflow/core/kernels/logging_ops.cc:79] Node 1 dequeues token: [415]
I tensorflow/core/kernels/logging_ops.cc:79] Node 19 dequeues token: [415]
I tensorflow/core/kernels/logging_ops.cc:79] Node 31 dequeues token: [415]
I tensorflow/core/kernels/logging_ops.cc:79] Node 7 dequeues token: [415]
I tensorflow/core/kernels/logging_ops.cc:79] Node 25 dequeues token: [415]
I tensorflow/core/kernels/logging_ops.cc:79] Node 20 dequeues token: [415]
I tensorflow/core/kernels/logging_ops.cc:79] Node 12 dequeues token: [415]
I tensorflow/core/kernels/logging_ops.cc:79] Node 6 dequeues token: [415]
I tensorflow/core/kernels/logging_ops.cc:79] Node 10 dequeues token: [415]
I tensorflow/core/kernels/logging_ops.cc:79] Node 18 dequeues token: [415]
I tensorflow/core/kernels/logging_ops.cc:79] Node 2 dequeues token: [415]
I tensorflow/core/kernels/logging_ops.cc:79] Node 9 dequeues token: [415]
I tensorflow/core/kernels/logging_ops.cc:79] Node 15 dequeues token: [415]
I tensorflow/core/kernels/logging_ops.cc:79] Node 5 dequeues token: [415]
I tensorflow/core/kernels/logging_ops.cc:79] Node 0 dequeues token: [415]
I tensorflow/core/kernels/logging_ops.cc:79] Node 29 dequeues token: [415]
I tensorflow/core/kernels/logging_ops.cc:79] Node 24 dequeues token: [415]
I tensorflow/core/kernels/logging_ops.cc:79] Node 26 dequeues token: [415]
I tensorflow/core/kernels/logging_ops.cc:79] Node 27 dequeues token: [415]
I tensorflow/core/kernels/logging_ops.cc:79] ~~~~~ daniter~~~ GLobalstep:[416][-0.0022581981 -0.00036359625...]
I tensorflow/core/kernels/logging_ops.cc:79] Node 19 dequeues token: [416]
I tensorflow/core/kernels/logging_ops.cc:79] Node 25 dequeues token: [416]
I tensorflow/core/kernels/logging_ops.cc:79] Node 4 dequeues token: [416]
I tensorflow/core/kernels/logging_ops.cc:79] Node 24 dequeues token: [416]
I tensorflow/core/kernels/logging_ops.cc:79] Node 26 dequeues token: [416]
I tensorflow/core/kernels/logging_ops.cc:79] Node 30 dequeues token: [416]
I tensorflow/core/kernels/logging_ops.cc:79] Node 29 dequeues token: [416]
I tensorflow/core/kernels/logging_ops.cc:79] Node 22 dequeues token: [416]
I tensorflow/core/kernels/logging_ops.cc:79] Node 23 dequeues token: [416]
I tensorflow/core/kernels/logging_ops.cc:79] Node 31 dequeues token: [416]
I tensorflow/core/kernels/logging_ops.cc:79] Node 16 dequeues token: [416]
I tensorflow/core/kernels/logging_ops.cc:79] Node 17 dequeues token: [416]
I tensorflow/core/kernels/logging_ops.cc:79] Node 27 dequeues token: [416]
I tensorflow/core/kernels/logging_ops.cc:79] Node 9 dequeues token: [416]
I tensorflow/core/kernels/logging_ops.cc:79] Node 21 dequeues token: [416]
I tensorflow/core/kernels/logging_ops.cc:79] Node 11 dequeues token: [416]
I tensorflow/core/kernels/logging_ops.cc:79] Node 13 dequeues token: [416]
I tensorflow/core/kernels/logging_ops.cc:79] Node 15 dequeues token: [416]
I tensorflow/core/kernels/logging_ops.cc:79] Node 7 dequeues token: [416]
I tensorflow/core/kernels/logging_ops.cc:79] Node 5 dequeues token: [416]
I tensorflow/core/kernels/logging_ops.cc:79] Node 3 dequeues token: [416]
I tensorflow/core/kernels/logging_ops.cc:79] Node 8 dequeues token: [416]
I tensorflow/core/kernels/logging_ops.cc:79] Node 1 dequeues token: [416]
I tensorflow/core/kernels/logging_ops.cc:79] Node 20 dequeues token: [416]
I tensorflow/core/kernels/logging_ops.cc:79] Node 14 dequeues token: [416]
I tensorflow/core/kernels/logging_ops.cc:79] Node 10 dequeues token: [416]
I tensorflow/core/kernels/logging_ops.cc:79] Node 18 dequeues token: [416]
I tensorflow/core/kernels/logging_ops.cc:79] Node 0 dequeues token: [416]
I tensorflow/core/kernels/logging_ops.cc:79] Node 6 dequeues token: [416]
I tensorflow/core/kernels/logging_ops.cc:79] Node 2 dequeues token: [416]
I tensorflow/core/kernels/logging_ops.cc:79] Node 12 dequeues token: [416]
I tensorflow/core/kernels/logging_ops.cc:79] Node 26 dequeues token: [416]
I tensorflow/core/kernels/logging_ops.cc:79] ~~~~~ daniter~~~ GLobalstep:[417][-0.0045994241 -0.0029558053...]
I tensorflow/core/kernels/logging_ops.cc:79] Node 29 dequeues token: [417]
I tensorflow/core/kernels/logging_ops.cc:79] Node 24 dequeues token: [417]
I tensorflow/core/kernels/logging_ops.cc:79] Node 30 dequeues token: [417]
I tensorflow/core/kernels/logging_ops.cc:79] Node 22 dequeues token: [417]
I tensorflow/core/kernels/logging_ops.cc:79] Node 26 dequeues token: [417]
I tensorflow/core/kernels/logging_ops.cc:79] Node 27 dequeues token: [417]
I tensorflow/core/kernels/logging_ops.cc:79] Node 25 dequeues token: [417]
I tensorflow/core/kernels/logging_ops.cc:79] Node 23 dequeues token: [417]
I tensorflow/core/kernels/logging_ops.cc:79] Node 14 dequeues token: [417]
I tensorflow/core/kernels/logging_ops.cc:79] Node 2 dequeues token: [417]
I tensorflow/core/kernels/logging_ops.cc:79] Node 1 dequeues token: [417]
I tensorflow/core/kernels/logging_ops.cc:79] Node 19 dequeues token: [417]
I tensorflow/core/kernels/logging_ops.cc:79] Node 20 dequeues token: [417]
I tensorflow/core/kernels/logging_ops.cc:79] Node 8 dequeues token: [417]
I tensorflow/core/kernels/logging_ops.cc:79] Node 16 dequeues token: [417]
I tensorflow/core/kernels/logging_ops.cc:79] Node 12 dequeues token: [417]
I tensorflow/core/kernels/logging_ops.cc:79] Node 18 dequeues token: [417]
I tensorflow/core/kernels/logging_ops.cc:79] Node 21 dequeues token: [417]
I tensorflow/core/kernels/logging_ops.cc:79] Node 17 dequeues token: [417]
I tensorflow/core/kernels/logging_ops.cc:79] Node 15 dequeues token: [417]
I tensorflow/core/kernels/logging_ops.cc:79] Node 7 dequeues token: [417]
I tensorflow/core/kernels/logging_ops.cc:79] Node 10 dequeues token: [417]
I tensorflow/core/kernels/logging_ops.cc:79] Node 11 dequeues token: [417]
I tensorflow/core/kernels/logging_ops.cc:79] Node 3 dequeues token: [417]
I tensorflow/core/kernels/logging_ops.cc:79] Node 31 dequeues token: [417]
I tensorflow/core/kernels/logging_ops.cc:79] Node 5 dequeues token: [417]
I tensorflow/core/kernels/logging_ops.cc:79] Node 6 dequeues token: [417]
I tensorflow/core/kernels/logging_ops.cc:79] Node 13 dequeues token: [417]
I tensorflow/core/kernels/logging_ops.cc:79] Node 9 dequeues token: [417]
I tensorflow/core/kernels/logging_ops.cc:79] Node 0 dequeues token: [417]
I tensorflow/core/kernels/logging_ops.cc:79] Node 4 dequeues token: [417]
I tensorflow/core/kernels/logging_ops.cc:79] Node 25 dequeues token: [417]
I tensorflow/core/kernels/logging_ops.cc:79] ~~~~~ daniter~~~ GLobalstep:[418][-0.00089157704 0.0037286072...]
I tensorflow/core/kernels/logging_ops.cc:79] Node 24 dequeues token: [418]
I tensorflow/core/kernels/logging_ops.cc:79] Node 31 dequeues token: [418]
I tensorflow/core/kernels/logging_ops.cc:79] Node 27 dequeues token: [418]
I tensorflow/core/kernels/logging_ops.cc:79] Node 29 dequeues token: [418]
I tensorflow/core/kernels/logging_ops.cc:79] Node 19 dequeues token: [418]
I tensorflow/core/kernels/logging_ops.cc:79] Node 23 dequeues token: [418]
I tensorflow/core/kernels/logging_ops.cc:79] Node 17 dequeues token: [418]
I tensorflow/core/kernels/logging_ops.cc:79] Node 30 dequeues token: [418]
I tensorflow/core/kernels/logging_ops.cc:79] Node 26 dequeues token: [418]
I tensorflow/core/kernels/logging_ops.cc:79] Node 15 dequeues token: [418]
I tensorflow/core/kernels/logging_ops.cc:79] Node 21 dequeues token: [418]
I tensorflow/core/kernels/logging_ops.cc:79] Node 13 dequeues token: [418]
I tensorflow/core/kernels/logging_ops.cc:79] Node 22 dequeues token: [418]
I tensorflow/core/kernels/logging_ops.cc:79] Node 16 dequeues token: [418]
I tensorflow/core/kernels/logging_ops.cc:79] Node 18 dequeues token: [418]
I tensorflow/core/kernels/logging_ops.cc:79] Node 20 dequeues token: [418]
I tensorflow/core/kernels/logging_ops.cc:79] Node 25 dequeues token: [418]
I tensorflow/core/kernels/logging_ops.cc:79] Node 12 dequeues token: [418]
I tensorflow/core/kernels/logging_ops.cc:79] Node 6 dequeues token: [418]
I tensorflow/core/kernels/logging_ops.cc:79] Node 8 dequeues token: [418]
I tensorflow/core/kernels/logging_ops.cc:79] Node 14 dequeues token: [418]
I tensorflow/core/kernels/logging_ops.cc:79] Node 11 dequeues token: [418]
I tensorflow/core/kernels/logging_ops.cc:79] Node 1 dequeues token: [418]
I tensorflow/core/kernels/logging_ops.cc:79] Node 9 dequeues token: [418]
I tensorflow/core/kernels/logging_ops.cc:79] Node 5 dequeues token: [418]
I tensorflow/core/kernels/logging_ops.cc:79] Node 4 dequeues token: [418]
I tensorflow/core/kernels/logging_ops.cc:79] Node 3 dequeues token: [418]
I tensorflow/core/kernels/logging_ops.cc:79] Node 7 dequeues token: [418]
I tensorflow/core/kernels/logging_ops.cc:79] Node 10 dequeues token: [418]
I tensorflow/core/kernels/logging_ops.cc:79] Node 2 dequeues token: [418]
I tensorflow/core/kernels/logging_ops.cc:79] Node 0 dequeues token: [418]
I tensorflow/core/kernels/logging_ops.cc:79] Node 27 dequeues token: [418]
I tensorflow/core/kernels/logging_ops.cc:79] ~~~~~ daniter~~~ GLobalstep:[419][-0.0034232722 0.0030249283...]
I tensorflow/core/kernels/logging_ops.cc:79] Node 24 dequeues token: [419]
I tensorflow/core/kernels/logging_ops.cc:79] Node 31 dequeues token: [419]
I tensorflow/core/kernels/logging_ops.cc:79] Node 23 dequeues token: [419]
I tensorflow/core/kernels/logging_ops.cc:79] Node 25 dequeues token: [419]
I tensorflow/core/kernels/logging_ops.cc:79] Node 30 dequeues token: [419]
I tensorflow/core/kernels/logging_ops.cc:79] Node 22 dequeues token: [419]
I tensorflow/core/kernels/logging_ops.cc:79] Node 26 dequeues token: [419]
I tensorflow/core/kernels/logging_ops.cc:79] Node 14 dequeues token: [419]
I tensorflow/core/kernels/logging_ops.cc:79] Node 29 dequeues token: [419]
I tensorflow/core/kernels/logging_ops.cc:79] Node 20 dequeues token: [419]
I tensorflow/core/kernels/logging_ops.cc:79] Node 21 dequeues token: [419]
I tensorflow/core/kernels/logging_ops.cc:79] Node 16 dequeues token: [419]
I tensorflow/core/kernels/logging_ops.cc:79] Node 4 dequeues token: [419]
I tensorflow/core/kernels/logging_ops.cc:79] Node 12 dequeues token: [419]
I tensorflow/core/kernels/logging_ops.cc:79] Node 27 dequeues token: [419]
I tensorflow/core/kernels/logging_ops.cc:79] Node 11 dequeues token: [419]
I tensorflow/core/kernels/logging_ops.cc:79] Node 17 dequeues token: [419]
I tensorflow/core/kernels/logging_ops.cc:79] Node 15 dequeues token: [419]
I tensorflow/core/kernels/logging_ops.cc:79] Node 18 dequeues token: [419]
I tensorflow/core/kernels/logging_ops.cc:79] Node 13 dequeues token: [419]
I tensorflow/core/kernels/logging_ops.cc:79] Node 1 dequeues token: [419]
I tensorflow/core/kernels/logging_ops.cc:79] Node 19 dequeues token: [419]
I tensorflow/core/kernels/logging_ops.cc:79] Node 8 dequeues token: [419]
I tensorflow/core/kernels/logging_ops.cc:79] Node 6 dequeues token: [419]
I tensorflow/core/kernels/logging_ops.cc:79] Node 0 dequeues token: [419]
I tensorflow/core/kernels/logging_ops.cc:79] Node 3 dequeues token: [419]
I tensorflow/core/kernels/logging_ops.cc:79] Node 5 dequeues token: [419]
I tensorflow/core/kernels/logging_ops.cc:79] Node 10 dequeues token: [419]
I tensorflow/core/kernels/logging_ops.cc:79] Node 2 dequeues token: [419]
I tensorflow/core/kernels/logging_ops.cc:79] Node 7 dequeues token: [419]
I tensorflow/core/kernels/logging_ops.cc:79] Node 9 dequeues token: [419]
I tensorflow/core/kernels/logging_ops.cc:79] Node 24 dequeues token: [419]
I tensorflow/core/kernels/logging_ops.cc:79] ~~~~~ daniter~~~ GLobalstep:[420][-0.0035961065 -0.0028584371...]
I tensorflow/core/kernels/logging_ops.cc:79] Node 22 dequeues token: [420]
I tensorflow/core/kernels/logging_ops.cc:79] Node 29 dequeues token: [420]
I tensorflow/core/kernels/logging_ops.cc:79] Node 31 dequeues token: [420]
I tensorflow/core/kernels/logging_ops.cc:79] Node 23 dequeues token: [420]
I tensorflow/core/kernels/logging_ops.cc:79] Node 30 dequeues token: [420]
I tensorflow/core/kernels/logging_ops.cc:79] Node 4 dequeues token: [420]
I tensorflow/core/kernels/logging_ops.cc:79] Node 5 dequeues token: [420]
I tensorflow/core/kernels/logging_ops.cc:79] Node 25 dequeues token: [420]
I tensorflow/core/kernels/logging_ops.cc:79] Node 26 dequeues token: [420]
I tensorflow/core/kernels/logging_ops.cc:79] Node 27 dequeues token: [420]
I tensorflow/core/kernels/logging_ops.cc:79] Node 13 dequeues token: [420]
I tensorflow/core/kernels/logging_ops.cc:79] Node 20 dequeues token: [420]
I tensorflow/core/kernels/logging_ops.cc:79] Node 17 dequeues token: [420]
I tensorflow/core/kernels/logging_ops.cc:79] Node 21 dequeues token: [420]
I tensorflow/core/kernels/logging_ops.cc:79] Node 3 dequeues token: [420]
I tensorflow/core/kernels/logging_ops.cc:79] Node 18 dequeues token: [420]
I tensorflow/core/kernels/logging_ops.cc:79] Node 15 dequeues token: [420]
I tensorflow/core/kernels/logging_ops.cc:79] Node 12 dequeues token: [420]
I tensorflow/core/kernels/logging_ops.cc:79] Node 11 dequeues token: [420]
I tensorflow/core/kernels/logging_ops.cc:79] Node 14 dequeues token: [420]
I tensorflow/core/kernels/logging_ops.cc:79] Node 16 dequeues token: [420]
I tensorflow/core/kernels/logging_ops.cc:79] Node 19 dequeues token: [420]
I tensorflow/core/kernels/logging_ops.cc:79] Node 2 dequeues token: [420]
I tensorflow/core/kernels/logging_ops.cc:79] Node 0 dequeues token: [420]
I tensorflow/core/kernels/logging_ops.cc:79] Node 8 dequeues token: [420]
I tensorflow/core/kernels/logging_ops.cc:79] Node 24 dequeues token: [420]
I tensorflow/core/kernels/logging_ops.cc:79] Node 9 dequeues token: [420]
I tensorflow/core/kernels/logging_ops.cc:79] Node 6 dequeues token: [420]
I tensorflow/core/kernels/logging_ops.cc:79] Node 7 dequeues token: [420]
I tensorflow/core/kernels/logging_ops.cc:79] Node 1 dequeues token: [420]
I tensorflow/core/kernels/logging_ops.cc:79] Node 10 dequeues token: [420]
I tensorflow/core/kernels/logging_ops.cc:79] Node 24 dequeues token: [420]
I tensorflow/core/kernels/logging_ops.cc:79] ~~~~~ daniter~~~ GLobalstep:[421][0.0022714422 -0.0051107672...]
I tensorflow/core/kernels/logging_ops.cc:79] Node 22 dequeues token: [421]
I tensorflow/core/kernels/logging_ops.cc:79] Node 31 dequeues token: [421]
I tensorflow/core/kernels/logging_ops.cc:79] Node 23 dequeues token: [421]
I tensorflow/core/kernels/logging_ops.cc:79] Node 30 dequeues token: [421]
I tensorflow/core/kernels/logging_ops.cc:79] Node 27 dequeues token: [421]
I tensorflow/core/kernels/logging_ops.cc:79] Node 17 dequeues token: [421]
I tensorflow/core/kernels/logging_ops.cc:79] Node 19 dequeues token: [421]
I tensorflow/core/kernels/logging_ops.cc:79] Node 16 dequeues token: [421]
I tensorflow/core/kernels/logging_ops.cc:79] Node 25 dequeues token: [421]
I tensorflow/core/kernels/logging_ops.cc:79] Node 12 dequeues token: [421]
I tensorflow/core/kernels/logging_ops.cc:79] Node 11 dequeues token: [421]
I tensorflow/core/kernels/logging_ops.cc:79] Node 29 dequeues token: [421]
I tensorflow/core/kernels/logging_ops.cc:79] Node 4 dequeues token: [421]
I tensorflow/core/kernels/logging_ops.cc:79] Node 13 dequeues token: [421]
I tensorflow/core/kernels/logging_ops.cc:79] Node 26 dequeues token: [421]
I tensorflow/core/kernels/logging_ops.cc:79] Node 3 dequeues token: [421]
I tensorflow/core/kernels/logging_ops.cc:79] Node 21 dequeues token: [421]
I tensorflow/core/kernels/logging_ops.cc:79] Node 20 dequeues token: [421]
I tensorflow/core/kernels/logging_ops.cc:79] Node 8 dequeues token: [421]
I tensorflow/core/kernels/logging_ops.cc:79] Node 5 dequeues token: [421]
I tensorflow/core/kernels/logging_ops.cc:79] Node 0 dequeues token: [421]
I tensorflow/core/kernels/logging_ops.cc:79] Node 9 dequeues token: [421]
I tensorflow/core/kernels/logging_ops.cc:79] Node 18 dequeues token: [421]
I tensorflow/core/kernels/logging_ops.cc:79] Node 1 dequeues token: [421]
I tensorflow/core/kernels/logging_ops.cc:79] Node 10 dequeues token: [421]
I tensorflow/core/kernels/logging_ops.cc:79] Node 7 dequeues token: [421]
I tensorflow/core/kernels/logging_ops.cc:79] Node 15 dequeues token: [421]
I tensorflow/core/kernels/logging_ops.cc:79] Node 6 dequeues token: [421]
I tensorflow/core/kernels/logging_ops.cc:79] Node 14 dequeues token: [421]
I tensorflow/core/kernels/logging_ops.cc:79] Node 2 dequeues token: [421]
I tensorflow/core/kernels/logging_ops.cc:79] Node 24 dequeues token: [421]
I tensorflow/core/kernels/logging_ops.cc:79] Node 23 dequeues token: [421]
I tensorflow/core/kernels/logging_ops.cc:79] ~~~~~ daniter~~~ GLobalstep:[422][-0.00025017257 0.003040564...]
I tensorflow/core/kernels/logging_ops.cc:79] Node 17 dequeues token: [422]
I tensorflow/core/kernels/logging_ops.cc:79] Node 31 dequeues token: [422]
I tensorflow/core/kernels/logging_ops.cc:79] Node 30 dequeues token: [422]
I tensorflow/core/kernels/logging_ops.cc:79] Node 16 dequeues token: [422]
I tensorflow/core/kernels/logging_ops.cc:79] Node 24 dequeues token: [422]
I tensorflow/core/kernels/logging_ops.cc:79] Node 0 dequeues token: [422]
I tensorflow/core/kernels/logging_ops.cc:79] Node 7 dequeues token: [422]
I tensorflow/core/kernels/logging_ops.cc:79] Node 12 dequeues token: [422]
I tensorflow/core/kernels/logging_ops.cc:79] Node 15 dequeues token: [422]
I tensorflow/core/kernels/logging_ops.cc:79] Node 14 dequeues token: [422]
I tensorflow/core/kernels/logging_ops.cc:79] Node 23 dequeues token: [422]
I tensorflow/core/kernels/logging_ops.cc:79] Node 11 dequeues token: [422]
I tensorflow/core/kernels/logging_ops.cc:79] Node 20 dequeues token: [422]
I tensorflow/core/kernels/logging_ops.cc:79] Node 25 dequeues token: [422]
I tensorflow/core/kernels/logging_ops.cc:79] Node 26 dequeues token: [422]
I tensorflow/core/kernels/logging_ops.cc:79] Node 27 dequeues token: [422]
I tensorflow/core/kernels/logging_ops.cc:79] Node 18 dequeues token: [422]
I tensorflow/core/kernels/logging_ops.cc:79] Node 9 dequeues token: [422]
I tensorflow/core/kernels/logging_ops.cc:79] Node 21 dequeues token: [422]
I tensorflow/core/kernels/logging_ops.cc:79] Node 13 dequeues token: [422]
I tensorflow/core/kernels/logging_ops.cc:79] Node 2 dequeues token: [422]
I tensorflow/core/kernels/logging_ops.cc:79] Node 29 dequeues token: [422]
I tensorflow/core/kernels/logging_ops.cc:79] Node 3 dequeues token: [422]
I tensorflow/core/kernels/logging_ops.cc:79] Node 19 dequeues token: [422]
I tensorflow/core/kernels/logging_ops.cc:79] Node 10 dequeues token: [422]
I tensorflow/core/kernels/logging_ops.cc:79] Node 22 dequeues token: [422]
I tensorflow/core/kernels/logging_ops.cc:79] Node 8 dequeues token: [422]
I tensorflow/core/kernels/logging_ops.cc:79] Node 1 dequeues token: [422]
I tensorflow/core/kernels/logging_ops.cc:79] Node 5 dequeues token: [422]
I tensorflow/core/kernels/logging_ops.cc:79] Node 6 dequeues token: [422]
I tensorflow/core/kernels/logging_ops.cc:79] Node 4 dequeues token: [422]
I tensorflow/core/kernels/logging_ops.cc:79] Node 12 dequeues token: [422]
I tensorflow/core/kernels/logging_ops.cc:79] ~~~~~ daniter~~~ GLobalstep:[423][-0.0026586258 -0.0014808333...]
I tensorflow/core/kernels/logging_ops.cc:79] Node 22 dequeues token: [423]
I tensorflow/core/kernels/logging_ops.cc:79] Node 24 dequeues token: [423]
I tensorflow/core/kernels/logging_ops.cc:79] Node 27 dequeues token: [423]
I tensorflow/core/kernels/logging_ops.cc:79] Node 31 dequeues token: [423]
I tensorflow/core/kernels/logging_ops.cc:79] Node 30 dequeues token: [423]
I tensorflow/core/kernels/logging_ops.cc:79] Node 25 dequeues token: [423]
I tensorflow/core/kernels/logging_ops.cc:79] Node 10 dequeues token: [423]
I tensorflow/core/kernels/logging_ops.cc:79] Node 4 dequeues token: [423]
I tensorflow/core/kernels/logging_ops.cc:79] Node 26 dequeues token: [423]
I tensorflow/core/kernels/logging_ops.cc:79] Node 19 dequeues token: [423]
I tensorflow/core/kernels/logging_ops.cc:79] Node 15 dequeues token: [423]
I tensorflow/core/kernels/logging_ops.cc:79] Node 14 dequeues token: [423]
I tensorflow/core/kernels/logging_ops.cc:79] Node 17 dequeues token: [423]
I tensorflow/core/kernels/logging_ops.cc:79] Node 13 dequeues token: [423]
I tensorflow/core/kernels/logging_ops.cc:79] Node 9 dequeues token: [423]
I tensorflow/core/kernels/logging_ops.cc:79] Node 23 dequeues token: [423]
I tensorflow/core/kernels/logging_ops.cc:79] Node 7 dequeues token: [423]
I tensorflow/core/kernels/logging_ops.cc:79] Node 1 dequeues token: [423]
I tensorflow/core/kernels/logging_ops.cc:79] Node 20 dequeues token: [423]
I tensorflow/core/kernels/logging_ops.cc:79] Node 3 dequeues token: [423]
I tensorflow/core/kernels/logging_ops.cc:79] Node 0 dequeues token: [423]
I tensorflow/core/kernels/logging_ops.cc:79] Node 2 dequeues token: [423]
I tensorflow/core/kernels/logging_ops.cc:79] Node 21 dequeues token: [423]
I tensorflow/core/kernels/logging_ops.cc:79] Node 18 dequeues token: [423]
I tensorflow/core/kernels/logging_ops.cc:79] Node 29 dequeues token: [423]
I tensorflow/core/kernels/logging_ops.cc:79] Node 16 dequeues token: [423]
I tensorflow/core/kernels/logging_ops.cc:79] Node 6 dequeues token: [423]
I tensorflow/core/kernels/logging_ops.cc:79] Node 5 dequeues token: [423]
I tensorflow/core/kernels/logging_ops.cc:79] Node 12 dequeues token: [423]
I tensorflow/core/kernels/logging_ops.cc:79] Node 11 dequeues token: [423]
I tensorflow/core/kernels/logging_ops.cc:79] Node 8 dequeues token: [423]
I tensorflow/core/kernels/logging_ops.cc:79] Node 27 dequeues token: [423]
I tensorflow/core/kernels/logging_ops.cc:79] ~~~~~ daniter~~~ GLobalstep:[424][-0.0016669688 0.0038723671...]
I tensorflow/core/kernels/logging_ops.cc:79] Node 24 dequeues token: [424]
I tensorflow/core/kernels/logging_ops.cc:79] Node 30 dequeues token: [424]
I tensorflow/core/kernels/logging_ops.cc:79] Node 31 dequeues token: [424]
I tensorflow/core/kernels/logging_ops.cc:79] Node 27 dequeues token: [424]
I tensorflow/core/kernels/logging_ops.cc:79] Node 15 dequeues token: [424]
I tensorflow/core/kernels/logging_ops.cc:79] Node 22 dequeues token: [424]
I tensorflow/core/kernels/logging_ops.cc:79] Node 29 dequeues token: [424]
I tensorflow/core/kernels/logging_ops.cc:79] Node 23 dequeues token: [424]
I tensorflow/core/kernels/logging_ops.cc:79] Node 21 dequeues token: [424]
I tensorflow/core/kernels/logging_ops.cc:79] Node 26 dequeues token: [424]
I tensorflow/core/kernels/logging_ops.cc:79] Node 18 dequeues token: [424]
I tensorflow/core/kernels/logging_ops.cc:79] Node 3 dequeues token: [424]
I tensorflow/core/kernels/logging_ops.cc:79] Node 13 dequeues token: [424]
I tensorflow/core/kernels/logging_ops.cc:79] Node 12 dequeues token: [424]
I tensorflow/core/kernels/logging_ops.cc:79] Node 25 dequeues token: [424]
I tensorflow/core/kernels/logging_ops.cc:79] Node 19 dequeues token: [424]
I tensorflow/core/kernels/logging_ops.cc:79] Node 16 dequeues token: [424]
I tensorflow/core/kernels/logging_ops.cc:79] Node 17 dequeues token: [424]
I tensorflow/core/kernels/logging_ops.cc:79] Node 11 dequeues token: [424]
I tensorflow/core/kernels/logging_ops.cc:79] Node 20 dequeues token: [424]
I tensorflow/core/kernels/logging_ops.cc:79] Node 9 dequeues token: [424]
I tensorflow/core/kernels/logging_ops.cc:79] Node 1 dequeues token: [424]
I tensorflow/core/kernels/logging_ops.cc:79] Node 4 dequeues token: [424]
I tensorflow/core/kernels/logging_ops.cc:79] Node 10 dequeues token: [424]
I tensorflow/core/kernels/logging_ops.cc:79] Node 6 dequeues token: [424]
I tensorflow/core/kernels/logging_ops.cc:79] Node 5 dequeues token: [424]
I tensorflow/core/kernels/logging_ops.cc:79] Node 2 dequeues token: [424]
I tensorflow/core/kernels/logging_ops.cc:79] Node 8 dequeues token: [424]
I tensorflow/core/kernels/logging_ops.cc:79] Node 14 dequeues token: [424]
I tensorflow/core/kernels/logging_ops.cc:79] Node 7 dequeues token: [424]
I tensorflow/core/kernels/logging_ops.cc:79] Node 0 dequeues token: [424]
I tensorflow/core/kernels/logging_ops.cc:79] Node 22 dequeues token: [424]
I tensorflow/core/kernels/logging_ops.cc:79] ~~~~~ daniter~~~ GLobalstep:[425][-0.006244442 -0.0012976228...]
I tensorflow/core/kernels/logging_ops.cc:79] Node 4 dequeues token: [425]
I tensorflow/core/kernels/logging_ops.cc:79] Node 29 dequeues token: [425]
I tensorflow/core/kernels/logging_ops.cc:79] Node 30 dequeues token: [425]
I tensorflow/core/kernels/logging_ops.cc:79] Node 25 dequeues token: [425]
I tensorflow/core/kernels/logging_ops.cc:79] Node 22 dequeues token: [425]
I tensorflow/core/kernels/logging_ops.cc:79] Node 26 dequeues token: [425]
I tensorflow/core/kernels/logging_ops.cc:79] Node 19 dequeues token: [425]
I tensorflow/core/kernels/logging_ops.cc:79] Node 27 dequeues token: [425]
I tensorflow/core/kernels/logging_ops.cc:79] Node 23 dequeues token: [425]
I tensorflow/core/kernels/logging_ops.cc:79] Node 3 dequeues token: [425]
I tensorflow/core/kernels/logging_ops.cc:79] Node 1 dequeues token: [425]
I tensorflow/core/kernels/logging_ops.cc:79] Node 31 dequeues token: [425]
I tensorflow/core/kernels/logging_ops.cc:79] Node 12 dequeues token: [425]
I tensorflow/core/kernels/logging_ops.cc:79] Node 13 dequeues token: [425]
I tensorflow/core/kernels/logging_ops.cc:79] Node 24 dequeues token: [425]
I tensorflow/core/kernels/logging_ops.cc:79] Node 21 dequeues token: [425]
I tensorflow/core/kernels/logging_ops.cc:79] Node 16 dequeues token: [425]
I tensorflow/core/kernels/logging_ops.cc:79] Node 14 dequeues token: [425]
I tensorflow/core/kernels/logging_ops.cc:79] Node 11 dequeues token: [425]
I tensorflow/core/kernels/logging_ops.cc:79] Node 20 dequeues token: [425]
I tensorflow/core/kernels/logging_ops.cc:79] Node 15 dequeues token: [425]
I tensorflow/core/kernels/logging_ops.cc:79] Node 17 dequeues token: [425]
I tensorflow/core/kernels/logging_ops.cc:79] Node 6 dequeues token: [425]
I tensorflow/core/kernels/logging_ops.cc:79] Node 10 dequeues token: [425]
I tensorflow/core/kernels/logging_ops.cc:79] Node 9 dequeues token: [425]
I tensorflow/core/kernels/logging_ops.cc:79] Node 18 dequeues token: [425]
I tensorflow/core/kernels/logging_ops.cc:79] Node 5 dequeues token: [425]
I tensorflow/core/kernels/logging_ops.cc:79] Node 8 dequeues token: [425]
I tensorflow/core/kernels/logging_ops.cc:79] Node 2 dequeues token: [425]
I tensorflow/core/kernels/logging_ops.cc:79] Node 0 dequeues token: [425]
I tensorflow/core/kernels/logging_ops.cc:79] Node 7 dequeues token: [425]
I tensorflow/core/kernels/logging_ops.cc:79] Node 30 dequeues token: [425]
I tensorflow/core/kernels/logging_ops.cc:79] ~~~~~ daniter~~~ GLobalstep:[426][0.0053136153 0.0034308042...]
I tensorflow/core/kernels/logging_ops.cc:79] Node 1 dequeues token: [426]
I tensorflow/core/kernels/logging_ops.cc:79] Node 29 dequeues token: [426]
I tensorflow/core/kernels/logging_ops.cc:79] Node 27 dequeues token: [426]
I tensorflow/core/kernels/logging_ops.cc:79] Node 25 dequeues token: [426]
I tensorflow/core/kernels/logging_ops.cc:79] Node 24 dequeues token: [426]
I tensorflow/core/kernels/logging_ops.cc:79] Node 22 dequeues token: [426]
I tensorflow/core/kernels/logging_ops.cc:79] Node 26 dequeues token: [426]
I tensorflow/core/kernels/logging_ops.cc:79] Node 31 dequeues token: [426]
I tensorflow/core/kernels/logging_ops.cc:79] Node 30 dequeues token: [426]
I tensorflow/core/kernels/logging_ops.cc:79] Node 13 dequeues token: [426]
I tensorflow/core/kernels/logging_ops.cc:79] Node 4 dequeues token: [426]
I tensorflow/core/kernels/logging_ops.cc:79] Node 15 dequeues token: [426]
I tensorflow/core/kernels/logging_ops.cc:79] Node 23 dequeues token: [426]
I tensorflow/core/kernels/logging_ops.cc:79] Node 20 dequeues token: [426]
I tensorflow/core/kernels/logging_ops.cc:79] Node 11 dequeues token: [426]
I tensorflow/core/kernels/logging_ops.cc:79] Node 16 dequeues token: [426]
I tensorflow/core/kernels/logging_ops.cc:79] Node 5 dequeues token: [426]
I tensorflow/core/kernels/logging_ops.cc:79] Node 8 dequeues token: [426]
I tensorflow/core/kernels/logging_ops.cc:79] Node 12 dequeues token: [426]
I tensorflow/core/kernels/logging_ops.cc:79] Node 21 dequeues token: [426]
I tensorflow/core/kernels/logging_ops.cc:79] Node 14 dequeues token: [426]
I tensorflow/core/kernels/logging_ops.cc:79] Node 18 dequeues token: [426]
I tensorflow/core/kernels/logging_ops.cc:79] Node 19 dequeues token: [426]
I tensorflow/core/kernels/logging_ops.cc:79] Node 0 dequeues token: [426]
I tensorflow/core/kernels/logging_ops.cc:79] Node 17 dequeues token: [426]
I tensorflow/core/kernels/logging_ops.cc:79] Node 3 dequeues token: [426]
I tensorflow/core/kernels/logging_ops.cc:79] Node 7 dequeues token: [426]
I tensorflow/core/kernels/logging_ops.cc:79] Node 9 dequeues token: [426]
I tensorflow/core/kernels/logging_ops.cc:79] Node 10 dequeues token: [426]
I tensorflow/core/kernels/logging_ops.cc:79] Node 2 dequeues token: [426]
I tensorflow/core/kernels/logging_ops.cc:79] Node 6 dequeues token: [426]
I tensorflow/core/kernels/logging_ops.cc:79] Node 24 dequeues token: [426]
I tensorflow/core/kernels/logging_ops.cc:79] ~~~~~ daniter~~~ GLobalstep:[427][-0.00068651908 -0.0014488334...]
I tensorflow/core/kernels/logging_ops.cc:79] Node 6 dequeues token: [427]
I tensorflow/core/kernels/logging_ops.cc:79] Node 7 dequeues token: [427]
I tensorflow/core/kernels/logging_ops.cc:79] Node 25 dequeues token: [427]
I tensorflow/core/kernels/logging_ops.cc:79] Node 22 dequeues token: [427]
I tensorflow/core/kernels/logging_ops.cc:79] Node 29 dequeues token: [427]
I tensorflow/core/kernels/logging_ops.cc:79] Node 23 dequeues token: [427]
I tensorflow/core/kernels/logging_ops.cc:79] Node 13 dequeues token: [427]
I tensorflow/core/kernels/logging_ops.cc:79] Node 30 dequeues token: [427]
I tensorflow/core/kernels/logging_ops.cc:79] Node 4 dequeues token: [427]
I tensorflow/core/kernels/logging_ops.cc:79] Node 0 dequeues token: [427]
I tensorflow/core/kernels/logging_ops.cc:79] Node 31 dequeues token: [427]
I tensorflow/core/kernels/logging_ops.cc:79] Node 27 dequeues token: [427]
I tensorflow/core/kernels/logging_ops.cc:79] Node 10 dequeues token: [427]
I tensorflow/core/kernels/logging_ops.cc:79] Node 16 dequeues token: [427]
I tensorflow/core/kernels/logging_ops.cc:79] Node 24 dequeues token: [427]
I tensorflow/core/kernels/logging_ops.cc:79] Node 14 dequeues token: [427]
I tensorflow/core/kernels/logging_ops.cc:79] Node 21 dequeues token: [427]
I tensorflow/core/kernels/logging_ops.cc:79] Node 19 dequeues token: [427]
I tensorflow/core/kernels/logging_ops.cc:79] Node 18 dequeues token: [427]
I tensorflow/core/kernels/logging_ops.cc:79] Node 17 dequeues token: [427]
I tensorflow/core/kernels/logging_ops.cc:79] Node 12 dequeues token: [427]
I tensorflow/core/kernels/logging_ops.cc:79] Node 26 dequeues token: [427]
I tensorflow/core/kernels/logging_ops.cc:79] Node 9 dequeues token: [427]
I tensorflow/core/kernels/logging_ops.cc:79] Node 11 dequeues token: [427]
I tensorflow/core/kernels/logging_ops.cc:79] Node 15 dequeues token: [427]
I tensorflow/core/kernels/logging_ops.cc:79] Node 5 dequeues token: [427]
I tensorflow/core/kernels/logging_ops.cc:79] Node 20 dequeues token: [427]
I tensorflow/core/kernels/logging_ops.cc:79] Node 1 dequeues token: [427]
I tensorflow/core/kernels/logging_ops.cc:79] Node 2 dequeues token: [427]
I tensorflow/core/kernels/logging_ops.cc:79] Node 8 dequeues token: [427]
I tensorflow/core/kernels/logging_ops.cc:79] Node 3 dequeues token: [427]
I tensorflow/core/kernels/logging_ops.cc:79] Node 24 dequeues token: [427]
I tensorflow/core/kernels/logging_ops.cc:79] ~~~~~ daniter~~~ GLobalstep:[428][0.0012858674 0.0019026048...]
I tensorflow/core/kernels/logging_ops.cc:79] Node 2 dequeues token: [428]
I tensorflow/core/kernels/logging_ops.cc:79] Node 9 dequeues token: [428]
I tensorflow/core/kernels/logging_ops.cc:79] Node 23 dequeues token: [428]
I tensorflow/core/kernels/logging_ops.cc:79] Node 22 dequeues token: [428]
I tensorflow/core/kernels/logging_ops.cc:79] Node 15 dequeues token: [428]
I tensorflow/core/kernels/logging_ops.cc:79] Node 27 dequeues token: [428]
I tensorflow/core/kernels/logging_ops.cc:79] Node 17 dequeues token: [428]
I tensorflow/core/kernels/logging_ops.cc:79] Node 18 dequeues token: [428]
I tensorflow/core/kernels/logging_ops.cc:79] Node 29 dequeues token: [428]
I tensorflow/core/kernels/logging_ops.cc:79] Node 14 dequeues token: [428]
I tensorflow/core/kernels/logging_ops.cc:79] Node 20 dequeues token: [428]
I tensorflow/core/kernels/logging_ops.cc:79] Node 25 dequeues token: [428]
I tensorflow/core/kernels/logging_ops.cc:79] Node 24 dequeues token: [428]
I tensorflow/core/kernels/logging_ops.cc:79] Node 16 dequeues token: [428]
I tensorflow/core/kernels/logging_ops.cc:79] Node 4 dequeues token: [428]
I tensorflow/core/kernels/logging_ops.cc:79] Node 19 dequeues token: [428]
I tensorflow/core/kernels/logging_ops.cc:79] Node 0 dequeues token: [428]
I tensorflow/core/kernels/logging_ops.cc:79] Node 11 dequeues token: [428]
I tensorflow/core/kernels/logging_ops.cc:79] Node 1 dequeues token: [428]
I tensorflow/core/kernels/logging_ops.cc:79] Node 6 dequeues token: [428]
I tensorflow/core/kernels/logging_ops.cc:79] Node 3 dequeues token: [428]
I tensorflow/core/kernels/logging_ops.cc:79] Node 30 dequeues token: [428]
I tensorflow/core/kernels/logging_ops.cc:79] Node 12 dequeues token: [428]
I tensorflow/core/kernels/logging_ops.cc:79] Node 31 dequeues token: [428]
I tensorflow/core/kernels/logging_ops.cc:79] Node 26 dequeues token: [428]
I tensorflow/core/kernels/logging_ops.cc:79] Node 10 dequeues token: [428]
I tensorflow/core/kernels/logging_ops.cc:79] Node 7 dequeues token: [428]
I tensorflow/core/kernels/logging_ops.cc:79] Node 21 dequeues token: [428]
I tensorflow/core/kernels/logging_ops.cc:79] Node 13 dequeues token: [428]
I tensorflow/core/kernels/logging_ops.cc:79] Node 8 dequeues token: [428]
I tensorflow/core/kernels/logging_ops.cc:79] Node 5 dequeues token: [428]
I tensorflow/core/kernels/logging_ops.cc:79] Node 31 dequeues token: [428]
I tensorflow/core/kernels/logging_ops.cc:79] ~~~~~ daniter~~~ GLobalstep:[429][0.0079996185 -0.0057091881...]
I tensorflow/core/kernels/logging_ops.cc:79] Node 26 dequeues token: [429]
I tensorflow/core/kernels/logging_ops.cc:79] Node 27 dequeues token: [429]
I tensorflow/core/kernels/logging_ops.cc:79] Node 25 dequeues token: [429]
I tensorflow/core/kernels/logging_ops.cc:79] Node 13 dequeues token: [429]
I tensorflow/core/kernels/logging_ops.cc:79] Node 24 dequeues token: [429]
I tensorflow/core/kernels/logging_ops.cc:79] Node 23 dequeues token: [429]
I tensorflow/core/kernels/logging_ops.cc:79] Node 20 dequeues token: [429]
I tensorflow/core/kernels/logging_ops.cc:79] Node 30 dequeues token: [429]
I tensorflow/core/kernels/logging_ops.cc:79] Node 22 dequeues token: [429]
I tensorflow/core/kernels/logging_ops.cc:79] Node 29 dequeues token: [429]
I tensorflow/core/kernels/logging_ops.cc:79] Node 4 dequeues token: [429]
I tensorflow/core/kernels/logging_ops.cc:79] Node 17 dequeues token: [429]
I tensorflow/core/kernels/logging_ops.cc:79] Node 16 dequeues token: [429]
I tensorflow/core/kernels/logging_ops.cc:79] Node 31 dequeues token: [429]
I tensorflow/core/kernels/logging_ops.cc:79] Node 14 dequeues token: [429]
I tensorflow/core/kernels/logging_ops.cc:79] Node 18 dequeues token: [429]
I tensorflow/core/kernels/logging_ops.cc:79] Node 19 dequeues token: [429]
I tensorflow/core/kernels/logging_ops.cc:79] Node 7 dequeues token: [429]
I tensorflow/core/kernels/logging_ops.cc:79] Node 0 dequeues token: [429]
I tensorflow/core/kernels/logging_ops.cc:79] Node 11 dequeues token: [429]
I tensorflow/core/kernels/logging_ops.cc:79] Node 8 dequeues token: [429]
I tensorflow/core/kernels/logging_ops.cc:79] Node 5 dequeues token: [429]
I tensorflow/core/kernels/logging_ops.cc:79] Node 21 dequeues token: [429]
I tensorflow/core/kernels/logging_ops.cc:79] Node 1 dequeues token: [429]
I tensorflow/core/kernels/logging_ops.cc:79] Node 15 dequeues token: [429]
I tensorflow/core/kernels/logging_ops.cc:79] Node 12 dequeues token: [429]
I tensorflow/core/kernels/logging_ops.cc:79] Node 10 dequeues token: [429]
I tensorflow/core/kernels/logging_ops.cc:79] Node 6 dequeues token: [429]
I tensorflow/core/kernels/logging_ops.cc:79] Node 9 dequeues token: [429]
I tensorflow/core/kernels/logging_ops.cc:79] Node 3 dequeues token: [429]
I tensorflow/core/kernels/logging_ops.cc:79] Node 2 dequeues token: [429]
I tensorflow/core/kernels/logging_ops.cc:79] Node 24 dequeues token: [429]
I tensorflow/core/kernels/logging_ops.cc:79] ~~~~~ daniter~~~ GLobalstep:[430][-0.0087989829 -0.0014352524...]
I tensorflow/core/kernels/logging_ops.cc:79] Node 31 dequeues token: [430]
I tensorflow/core/kernels/logging_ops.cc:79] Node 30 dequeues token: [430]
I tensorflow/core/kernels/logging_ops.cc:79] Node 29 dequeues token: [430]
I tensorflow/core/kernels/logging_ops.cc:79] Node 25 dequeues token: [430]
I tensorflow/core/kernels/logging_ops.cc:79] Node 27 dequeues token: [430]
I tensorflow/core/kernels/logging_ops.cc:79] Node 4 dequeues token: [430]
I tensorflow/core/kernels/logging_ops.cc:79] Node 22 dequeues token: [430]
I tensorflow/core/kernels/logging_ops.cc:79] Node 23 dequeues token: [430]
I tensorflow/core/kernels/logging_ops.cc:79] Node 19 dequeues token: [430]
I tensorflow/core/kernels/logging_ops.cc:79] Node 26 dequeues token: [430]
I tensorflow/core/kernels/logging_ops.cc:79] Node 17 dequeues token: [430]
I tensorflow/core/kernels/logging_ops.cc:79] Node 24 dequeues token: [430]
I tensorflow/core/kernels/logging_ops.cc:79] Node 11 dequeues token: [430]
I tensorflow/core/kernels/logging_ops.cc:79] Node 13 dequeues token: [430]
I tensorflow/core/kernels/logging_ops.cc:79] Node 18 dequeues token: [430]
I tensorflow/core/kernels/logging_ops.cc:79] Node 15 dequeues token: [430]
I tensorflow/core/kernels/logging_ops.cc:79] Node 16 dequeues token: [430]
I tensorflow/core/kernels/logging_ops.cc:79] Node 14 dequeues token: [430]
I tensorflow/core/kernels/logging_ops.cc:79] Node 3 dequeues token: [430]
I tensorflow/core/kernels/logging_ops.cc:79] Node 20 dequeues token: [430]
I tensorflow/core/kernels/logging_ops.cc:79] Node 6 dequeues token: [430]
I tensorflow/core/kernels/logging_ops.cc:79] Node 21 dequeues token: [430]
I tensorflow/core/kernels/logging_ops.cc:79] Node 10 dequeues token: [430]
I tensorflow/core/kernels/logging_ops.cc:79] Node 0 dequeues token: [430]
I tensorflow/core/kernels/logging_ops.cc:79] Node 8 dequeues token: [430]
I tensorflow/core/kernels/logging_ops.cc:79] Node 9 dequeues token: [430]
I tensorflow/core/kernels/logging_ops.cc:79] Node 12 dequeues token: [430]
I tensorflow/core/kernels/logging_ops.cc:79] Node 1 dequeues token: [430]
I tensorflow/core/kernels/logging_ops.cc:79] Node 5 dequeues token: [430]
I tensorflow/core/kernels/logging_ops.cc:79] Node 2 dequeues token: [430]
I tensorflow/core/kernels/logging_ops.cc:79] Node 7 dequeues token: [430]
I tensorflow/core/kernels/logging_ops.cc:79] Node 17 dequeues token: [430]
I tensorflow/core/kernels/logging_ops.cc:79] ~~~~~ daniter~~~ GLobalstep:[431][-0.0047680666 -0.001270826...]
I tensorflow/core/kernels/logging_ops.cc:79] Node 23 dequeues token: [431]
I tensorflow/core/kernels/logging_ops.cc:79] Node 24 dequeues token: [431]
I tensorflow/core/kernels/logging_ops.cc:79] Node 25 dequeues token: [431]
I tensorflow/core/kernels/logging_ops.cc:79] Node 27 dequeues token: [431]
I tensorflow/core/kernels/logging_ops.cc:79] Node 21 dequeues token: [431]
I tensorflow/core/kernels/logging_ops.cc:79] Node 22 dequeues token: [431]
I tensorflow/core/kernels/logging_ops.cc:79] Node 15 dequeues token: [431]
I tensorflow/core/kernels/logging_ops.cc:79] Node 29 dequeues token: [431]
I tensorflow/core/kernels/logging_ops.cc:79] Node 26 dequeues token: [431]
I tensorflow/core/kernels/logging_ops.cc:79] Node 30 dequeues token: [431]
I tensorflow/core/kernels/logging_ops.cc:79] Node 31 dequeues token: [431]
I tensorflow/core/kernels/logging_ops.cc:79] Node 10 dequeues token: [431]
I tensorflow/core/kernels/logging_ops.cc:79] Node 16 dequeues token: [431]
I tensorflow/core/kernels/logging_ops.cc:79] Node 4 dequeues token: [431]
I tensorflow/core/kernels/logging_ops.cc:79] Node 0 dequeues token: [431]
I tensorflow/core/kernels/logging_ops.cc:79] Node 3 dequeues token: [431]
I tensorflow/core/kernels/logging_ops.cc:79] Node 14 dequeues token: [431]
I tensorflow/core/kernels/logging_ops.cc:79] Node 13 dequeues token: [431]
I tensorflow/core/kernels/logging_ops.cc:79] Node 9 dequeues token: [431]
I tensorflow/core/kernels/logging_ops.cc:79] Node 12 dequeues token: [431]
I tensorflow/core/kernels/logging_ops.cc:79] Node 18 dequeues token: [431]
I tensorflow/core/kernels/logging_ops.cc:79] Node 20 dequeues token: [431]
I tensorflow/core/kernels/logging_ops.cc:79] Node 5 dequeues token: [431]
I tensorflow/core/kernels/logging_ops.cc:79] Node 6 dequeues token: [431]
I tensorflow/core/kernels/logging_ops.cc:79] Node 19 dequeues token: [431]
I tensorflow/core/kernels/logging_ops.cc:79] Node 8 dequeues token: [431]
I tensorflow/core/kernels/logging_ops.cc:79] Node 17 dequeues token: [431]
I tensorflow/core/kernels/logging_ops.cc:79] Node 11 dequeues token: [431]
I tensorflow/core/kernels/logging_ops.cc:79] Node 1 dequeues token: [431]
I tensorflow/core/kernels/logging_ops.cc:79] Node 2 dequeues token: [431]
I tensorflow/core/kernels/logging_ops.cc:79] Node 7 dequeues token: [431]
I tensorflow/core/kernels/logging_ops.cc:79] Node 4 dequeues token: [431]
I tensorflow/core/kernels/logging_ops.cc:79] ~~~~~ daniter~~~ GLobalstep:[432][-0.0065032816 0.0037744716...]
I tensorflow/core/kernels/logging_ops.cc:79] Node 4 dequeues token: [432]
I tensorflow/core/kernels/logging_ops.cc:79] Node 9 dequeues token: [432]
I tensorflow/core/kernels/logging_ops.cc:79] Node 25 dequeues token: [432]
I tensorflow/core/kernels/logging_ops.cc:79] Node 30 dequeues token: [432]
I tensorflow/core/kernels/logging_ops.cc:79] Node 24 dequeues token: [432]
I tensorflow/core/kernels/logging_ops.cc:79] Node 27 dequeues token: [432]
I tensorflow/core/kernels/logging_ops.cc:79] Node 17 dequeues token: [432]
I tensorflow/core/kernels/logging_ops.cc:79] Node 23 dequeues token: [432]
I tensorflow/core/kernels/logging_ops.cc:79] Node 31 dequeues token: [432]
I tensorflow/core/kernels/logging_ops.cc:79] Node 22 dequeues token: [432]
I tensorflow/core/kernels/logging_ops.cc:79] Node 29 dequeues token: [432]
I tensorflow/core/kernels/logging_ops.cc:79] Node 15 dequeues token: [432]
I tensorflow/core/kernels/logging_ops.cc:79] Node 16 dequeues token: [432]
I tensorflow/core/kernels/logging_ops.cc:79] Node 11 dequeues token: [432]
I tensorflow/core/kernels/logging_ops.cc:79] Node 12 dequeues token: [432]
I tensorflow/core/kernels/logging_ops.cc:79] Node 21 dequeues token: [432]
I tensorflow/core/kernels/logging_ops.cc:79] Node 18 dequeues token: [432]
I tensorflow/core/kernels/logging_ops.cc:79] Node 13 dequeues token: [432]
I tensorflow/core/kernels/logging_ops.cc:79] Node 8 dequeues token: [432]
I tensorflow/core/kernels/logging_ops.cc:79] Node 20 dequeues token: [432]
I tensorflow/core/kernels/logging_ops.cc:79] Node 7 dequeues token: [432]
I tensorflow/core/kernels/logging_ops.cc:79] Node 19 dequeues token: [432]
I tensorflow/core/kernels/logging_ops.cc:79] Node 5 dequeues token: [432]
I tensorflow/core/kernels/logging_ops.cc:79] Node 0 dequeues token: [432]
I tensorflow/core/kernels/logging_ops.cc:79] Node 2 dequeues token: [432]
I tensorflow/core/kernels/logging_ops.cc:79] Node 1 dequeues token: [432]
I tensorflow/core/kernels/logging_ops.cc:79] Node 6 dequeues token: [432]
I tensorflow/core/kernels/logging_ops.cc:79] Node 10 dequeues token: [432]
I tensorflow/core/kernels/logging_ops.cc:79] Node 26 dequeues token: [432]
I tensorflow/core/kernels/logging_ops.cc:79] Node 3 dequeues token: [432]
I tensorflow/core/kernels/logging_ops.cc:79] Node 14 dequeues token: [432]
I tensorflow/core/kernels/logging_ops.cc:79] Node 24 dequeues token: [432]
run-ps-32node.sh: line 21: 59746 Terminated              CUDA_VISIBLE_DEVICES='' bazel-bin/inception/imagenet_distributed_train --batch_size=16 --data_dir=/lfs/local/0/daniter/32node-data --job_name='ps' --task_id=0 --ps_hosts='localhost:2200' --worker_hosts='raiders1:2201,raiders1:2202,raiders1:2203,raiders1:2204,raiders1:2205,raiders1:2206,raiders1:2207,raiders1:2208,raiders1:2209,raiders1:2210,raiders1:2211,raiders3:2212,raiders3:2213,raiders3:2214,raiders3:2215,raiders3:2216,raiders3:2217,raiders3:2218,raiders3:2219,raiders3:2220,raiders3:2221,raiders3:2222,raiders8:2223,raiders8:2224,raiders8:2225,raiders8:2226,raiders8:2227,raiders8:2228,raiders8:2228,raiders8:2230,raiders8:2231,raiders8:2232' --initial_learning_rate=$1 --momentum=$2 --sync=True --compute_groups=$3
