DISPLAY "(null)" invalid; disabling X11 forwarding
I tensorflow/stream_executor/dso_loader.cc:108] successfully opened CUDA library libcublas.so locally
I tensorflow/stream_executor/dso_loader.cc:108] successfully opened CUDA library libcudnn.so locally
I tensorflow/stream_executor/dso_loader.cc:108] successfully opened CUDA library libcufft.so locally
I tensorflow/stream_executor/dso_loader.cc:108] successfully opened CUDA library libcuda.so locally
I tensorflow/stream_executor/dso_loader.cc:108] successfully opened CUDA library libcurand.so locally
INFO:tensorflow:PS hosts are: ['raiders1:2228']
INFO:tensorflow:Worker hosts are: ['raiders1:2200', 'raiders1:2201', 'raiders3:2209', 'raiders3:2210']
I tensorflow/core/common_runtime/gpu/gpu_init.cc:102] Found device 0 with properties: 
name: GeForce GTX TITAN X
major: 5 minor: 2 memoryClockRate (GHz) 1.076
pciBusID 0000:43:00.0
Total memory: 11.92GiB
Free memory: 11.81GiB
I tensorflow/core/common_runtime/gpu/gpu_init.cc:126] DMA: 0 
I tensorflow/core/common_runtime/gpu/gpu_init.cc:136] 0:   Y 
I tensorflow/core/common_runtime/gpu/gpu_device.cc:806] Creating TensorFlow device (/gpu:0) -> (device: 0, name: GeForce GTX TITAN X, pci bus id: 0000:43:00.0)
I tensorflow/core/distributed_runtime/rpc/grpc_channel.cc:206] Initialize HostPortsGrpcChannelCache for job ps -> {raiders1:2228}
I tensorflow/core/distributed_runtime/rpc/grpc_channel.cc:206] Initialize HostPortsGrpcChannelCache for job worker -> {raiders1:2200, raiders1:2201, raiders3:2209, localhost:2210}
I tensorflow/core/distributed_runtime/rpc/grpc_server_lib.cc:202] Started server with target: grpc://localhost:2210
INFO:tensorflow:Learning rate: 0.005000, momentum: 0.750000
INFO:tensorflow:Sync mode!!!!!!
INFO:tensorflow:Compute groups : 2
INFO:tensorflow:SyncReplicas enabled: replicas_to_aggregate=4; total_num_replicas=4
INFO:tensorflow:Num nodes per compute groups: 2
INFO:tensorflow:Tokens per step: 2
INFO:tensorflow:2016-07-20 06:09:07.908188 Supervisor
INFO:tensorflow:got sessions!
INFO:tensorflow:Started 3 queues for processing input data.
I tensorflow/core/common_runtime/gpu/pool_allocator.cc:244] PoolAllocator: After 3576 get requests, put_count=2565 evicted_count=1000 eviction_rate=0.389864 and unsatisfied allocation rate=0.590324
I tensorflow/core/common_runtime/gpu/pool_allocator.cc:256] Raising pool_size_limit_ from 100 to 110
INFO:tensorflow:Step: 399, Loss: 5.167558, time: 5.903 sec/batch
INFO:tensorflow:Step: 399, Loss: 5.291565, time: 1.304 sec/batch
INFO:tensorflow:Step: 400, Loss: 5.534245, time: 1.879 sec/batch
INFO:tensorflow:Step: 400, Loss: 5.233721, time: 1.571 sec/batch
INFO:tensorflow:Step: 401, Loss: 5.656372, time: 1.257 sec/batch
I tensorflow/core/common_runtime/gpu/pool_allocator.cc:244] PoolAllocator: After 0 get requests, put_count=1016 evicted_count=1000 eviction_rate=0.984252 and unsatisfied allocation rate=0
INFO:tensorflow:Step: 402, Loss: 5.325020, time: 1.364 sec/batch
INFO:tensorflow:Step: 403, Loss: 5.419669, time: 1.317 sec/batch
INFO:tensorflow:Step: 404, Loss: 5.184408, time: 1.499 sec/batch
INFO:tensorflow:Step: 405, Loss: 5.366619, time: 1.491 sec/batch
INFO:tensorflow:Step: 406, Loss: 5.388442, time: 1.362 sec/batch
I tensorflow/core/common_runtime/gpu/pool_allocator.cc:244] PoolAllocator: After 0 get requests, put_count=1025 evicted_count=1000 eviction_rate=0.97561 and unsatisfied allocation rate=0
INFO:tensorflow:Step: 407, Loss: 5.483857, time: 1.484 sec/batch
INFO:tensorflow:Step: 408, Loss: 5.389959, time: 1.284 sec/batch
INFO:tensorflow:Step: 409, Loss: 5.360136, time: 1.422 sec/batch
INFO:tensorflow:Step: 410, Loss: 5.626294, time: 1.315 sec/batch
INFO:tensorflow:Step: 411, Loss: 5.688539, time: 1.274 sec/batch
INFO:tensorflow:Step: 412, Loss: 5.486961, time: 1.263 sec/batch
I tensorflow/core/common_runtime/gpu/pool_allocator.cc:244] PoolAllocator: After 0 get requests, put_count=1044 evicted_count=1000 eviction_rate=0.957854 and unsatisfied allocation rate=0
INFO:tensorflow:Step: 413, Loss: 5.144533, time: 1.357 sec/batch
INFO:tensorflow:Step: 415, Loss: 5.381118, time: 1.265 sec/batch
INFO:tensorflow:Step: 416, Loss: 5.343129, time: 1.335 sec/batch
INFO:tensorflow:Step: 418, Loss: 5.142602, time: 1.362 sec/batch
INFO:tensorflow:Step: 419, Loss: 5.208344, time: 1.270 sec/batch
INFO:tensorflow:Step: 421, Loss: 5.120993, time: 1.321 sec/batch
INFO:tensorflow:Step: 423, Loss: 5.110413, time: 1.529 sec/batch
I tensorflow/core/common_runtime/gpu/pool_allocator.cc:244] PoolAllocator: After 3576 get requests, put_count=4414 evicted_count=2000 eviction_rate=0.453104 and unsatisfied allocation rate=0.347036
I tensorflow/core/common_runtime/gpu/pool_allocator.cc:256] Raising pool_size_limit_ from 871 to 958
INFO:tensorflow:Step: 425, Loss: 5.122302, time: 1.960 sec/batch
INFO:tensorflow:Step: 428, Loss: 5.283980, time: 1.792 sec/batch
INFO:tensorflow:Step: 429, Loss: 5.284358, time: 1.657 sec/batch
INFO:tensorflow:Step: 432, Loss: 5.238327, time: 1.745 sec/batch
INFO:tensorflow:Step: 434, Loss: 5.059783, time: 2.248 sec/batch
INFO:tensorflow:Step: 436, Loss: 5.311996, time: 1.410 sec/batch
INFO:tensorflow:Step: 438, Loss: 5.066943, time: 1.458 sec/batch
INFO:tensorflow:Step: 440, Loss: 5.556613, time: 1.653 sec/batch
INFO:tensorflow:Step: 442, Loss: 5.141512, time: 1.367 sec/batch
INFO:tensorflow:Step: 444, Loss: 5.192176, time: 1.434 sec/batch
INFO:tensorflow:Step: 446, Loss: 5.246174, time: 1.457 sec/batch
INFO:tensorflow:Step: 448, Loss: 5.316400, time: 1.406 sec/batch
INFO:tensorflow:Step: 450, Loss: 5.134014, time: 2.280 sec/batch
INFO:tensorflow:Step: 452, Loss: 5.240296, time: 1.510 sec/batch
INFO:tensorflow:Step: 454, Loss: 5.186153, time: 1.444 sec/batch
INFO:tensorflow:Step: 456, Loss: 5.109480, time: 1.469 sec/batch
INFO:tensorflow:Step: 458, Loss: 5.293473, time: 1.461 sec/batch
INFO:tensorflow:Step: 460, Loss: 5.308288, time: 1.695 sec/batch
INFO:tensorflow:Step: 462, Loss: 5.260380, time: 1.410 sec/batch
INFO:tensorflow:Step: 463, Loss: 5.154015, time: 1.331 sec/batch
INFO:tensorflow:Step: 465, Loss: 5.125395, time: 1.334 sec/batch
INFO:tensorflow:Step: 467, Loss: 5.232482, time: 1.378 sec/batch
INFO:tensorflow:Step: 469, Loss: 5.121186, time: 1.366 sec/batch
INFO:tensorflow:Step: 471, Loss: 5.297355, time: 1.502 sec/batch
INFO:tensorflow:Step: 472, Loss: 5.220896, time: 1.529 sec/batch
INFO:tensorflow:Step: 474, Loss: 5.115068, time: 1.519 sec/batch
INFO:tensorflow:Step: 476, Loss: 5.404664, time: 1.374 sec/batch
INFO:tensorflow:Step: 478, Loss: 5.022611, time: 1.376 sec/batch
INFO:tensorflow:Step: 480, Loss: 5.009973, time: 1.309 sec/batch
INFO:tensorflow:Step: 482, Loss: 5.203905, time: 1.418 sec/batch
INFO:tensorflow:Step: 484, Loss: 5.100913, time: 1.405 sec/batch
INFO:tensorflow:Step: 486, Loss: 5.143558, time: 1.382 sec/batch
INFO:tensorflow:Step: 488, Loss: 5.215092, time: 1.396 sec/batch
INFO:tensorflow:Step: 490, Loss: 5.104968, time: 1.357 sec/batch
INFO:tensorflow:Step: 492, Loss: 5.300794, time: 1.525 sec/batch
INFO:tensorflow:Step: 494, Loss: 5.164242, time: 1.470 sec/batch
INFO:tensorflow:Step: 496, Loss: 5.179749, time: 1.456 sec/batch
INFO:tensorflow:Step: 498, Loss: 5.050037, time: 1.394 sec/batch
INFO:tensorflow:Step: 500, Loss: 5.171200, time: 1.427 sec/batch
INFO:tensorflow:Step: 502, Loss: 5.371252, time: 1.399 sec/batch
INFO:tensorflow:Step: 504, Loss: 5.180518, time: 1.368 sec/batch
INFO:tensorflow:Step: 506, Loss: 4.966463, time: 1.349 sec/batch
INFO:tensorflow:Step: 508, Loss: 5.257229, time: 1.403 sec/batch
INFO:tensorflow:Step: 510, Loss: 5.137603, time: 1.357 sec/batch
INFO:tensorflow:Step: 512, Loss: 5.271135, time: 1.328 sec/batch
INFO:tensorflow:Step: 514, Loss: 5.270784, time: 1.350 sec/batch
INFO:tensorflow:Step: 516, Loss: 5.189462, time: 1.360 sec/batch
INFO:tensorflow:Step: 518, Loss: 5.167979, time: 1.356 sec/batch
INFO:tensorflow:Step: 520, Loss: 5.149526, time: 1.511 sec/batch
INFO:tensorflow:Step: 522, Loss: 5.116508, time: 1.567 sec/batch
INFO:tensorflow:Step: 523, Loss: 5.330175, time: 1.400 sec/batch
INFO:tensorflow:Step: 525, Loss: 5.343950, time: 1.501 sec/batch
INFO:tensorflow:Step: 527, Loss: 5.089900, time: 1.366 sec/batch
INFO:tensorflow:Step: 529, Loss: 4.947350, time: 1.397 sec/batch
INFO:tensorflow:Step: 531, Loss: 5.065219, time: 1.376 sec/batch
INFO:tensorflow:Step: 533, Loss: 5.079305, time: 1.540 sec/batch
INFO:tensorflow:Step: 535, Loss: 5.158502, time: 1.608 sec/batch
INFO:tensorflow:Step: 537, Loss: 5.242294, time: 1.407 sec/batch
INFO:tensorflow:Step: 539, Loss: 5.112750, time: 1.401 sec/batch
INFO:tensorflow:Step: 541, Loss: 5.064208, time: 1.402 sec/batch
INFO:tensorflow:Step: 543, Loss: 5.080200, time: 1.388 sec/batch
INFO:tensorflow:Step: 545, Loss: 4.933168, time: 1.507 sec/batch
INFO:tensorflow:Step: 547, Loss: 4.984765, time: 1.433 sec/batch
INFO:tensorflow:Step: 549, Loss: 5.108296, time: 1.468 sec/batch
INFO:tensorflow:Step: 551, Loss: 5.052476, time: 1.373 sec/batch
INFO:tensorflow:Step: 553, Loss: 5.170757, time: 1.450 sec/batch
INFO:tensorflow:Step: 555, Loss: 5.114163, time: 1.451 sec/batch
INFO:tensorflow:Step: 557, Loss: 5.119365, time: 1.378 sec/batch
INFO:tensorflow:Step: 559, Loss: 5.169336, time: 1.378 sec/batch
INFO:tensorflow:Step: 561, Loss: 5.006167, time: 1.450 sec/batch
INFO:tensorflow:Step: 563, Loss: 4.867923, time: 1.358 sec/batch
INFO:tensorflow:Step: 565, Loss: 5.238728, time: 1.412 sec/batch
INFO:tensorflow:Step: 567, Loss: 5.063221, time: 1.373 sec/batch
INFO:tensorflow:Step: 569, Loss: 5.297258, time: 1.341 sec/batch
INFO:tensorflow:Step: 571, Loss: 5.087907, time: 1.347 sec/batch
INFO:tensorflow:Step: 573, Loss: 5.546094, time: 1.352 sec/batch
INFO:tensorflow:Step: 575, Loss: 5.106371, time: 1.469 sec/batch
INFO:tensorflow:Step: 577, Loss: 5.183601, time: 1.421 sec/batch
INFO:tensorflow:Step: 579, Loss: 5.028024, time: 1.326 sec/batch
INFO:tensorflow:Step: 581, Loss: 5.107368, time: 1.341 sec/batch
INFO:tensorflow:Step: 583, Loss: 5.100718, time: 1.353 sec/batch
INFO:tensorflow:Step: 585, Loss: 5.159143, time: 1.379 sec/batch
INFO:tensorflow:Step: 587, Loss: 5.220272, time: 1.337 sec/batch
INFO:tensorflow:Step: 589, Loss: 5.115232, time: 1.332 sec/batch
INFO:tensorflow:Step: 591, Loss: 4.945778, time: 1.378 sec/batch
INFO:tensorflow:Step: 593, Loss: 5.123573, time: 1.339 sec/batch
INFO:tensorflow:Step: 595, Loss: 5.293312, time: 1.391 sec/batch
INFO:tensorflow:Step: 597, Loss: 5.111712, time: 1.521 sec/batch
INFO:tensorflow:Step: 599, Loss: 5.186924, time: 1.426 sec/batch
INFO:tensorflow:Step: 601, Loss: 5.064613, time: 1.597 sec/batch
INFO:tensorflow:Step: 603, Loss: 5.283391, time: 1.425 sec/batch
INFO:tensorflow:Step: 605, Loss: 4.860909, time: 1.374 sec/batch
INFO:tensorflow:Step: 607, Loss: 5.082123, time: 1.303 sec/batch
INFO:tensorflow:Step: 609, Loss: 5.252348, time: 1.439 sec/batch
INFO:tensorflow:Step: 611, Loss: 4.867498, time: 1.424 sec/batch
INFO:tensorflow:Step: 613, Loss: 4.974964, time: 1.434 sec/batch
INFO:tensorflow:Step: 615, Loss: 5.212288, time: 1.299 sec/batch
INFO:tensorflow:Step: 617, Loss: 4.902494, time: 1.308 sec/batch
INFO:tensorflow:Step: 619, Loss: 4.726347, time: 1.426 sec/batch
INFO:tensorflow:Step: 620, Loss: 5.161604, time: 1.415 sec/batch
INFO:tensorflow:Step: 622, Loss: 4.920720, time: 1.314 sec/batch
INFO:tensorflow:Step: 624, Loss: 5.164682, time: 1.301 sec/batch
INFO:tensorflow:Step: 626, Loss: 5.072925, time: 1.329 sec/batch
INFO:tensorflow:Step: 628, Loss: 4.865825, time: 1.334 sec/batch
INFO:tensorflow:Step: 630, Loss: 4.992119, time: 1.291 sec/batch
INFO:tensorflow:Step: 632, Loss: 4.996907, time: 1.361 sec/batch
INFO:tensorflow:Step: 634, Loss: 5.178912, time: 1.544 sec/batch
INFO:tensorflow:Step: 635, Loss: 5.180643, time: 1.397 sec/batch
INFO:tensorflow:Step: 637, Loss: 4.926795, time: 1.397 sec/batch
INFO:tensorflow:Step: 639, Loss: 5.226810, time: 1.360 sec/batch
INFO:tensorflow:Step: 641, Loss: 4.987225, time: 1.383 sec/batch
INFO:tensorflow:Step: 643, Loss: 4.750914, time: 1.354 sec/batch
INFO:tensorflow:Step: 645, Loss: 4.975840, time: 1.345 sec/batch
INFO:tensorflow:Step: 647, Loss: 4.979146, time: 1.374 sec/batch
INFO:tensorflow:Step: 649, Loss: 4.940691, time: 1.358 sec/batch
INFO:tensorflow:Step: 651, Loss: 5.154807, time: 1.351 sec/batch
INFO:tensorflow:Step: 653, Loss: 5.094852, time: 1.368 sec/batch
INFO:tensorflow:Step: 655, Loss: 5.072869, time: 1.360 sec/batch
INFO:tensorflow:Step: 657, Loss: 4.839803, time: 1.316 sec/batch
INFO:tensorflow:Step: 659, Loss: 4.826283, time: 1.376 sec/batch
INFO:tensorflow:Step: 661, Loss: 4.982376, time: 1.396 sec/batch
INFO:tensorflow:Step: 663, Loss: 5.081047, time: 1.334 sec/batch
INFO:tensorflow:Step: 665, Loss: 4.980320, time: 1.391 sec/batch
INFO:tensorflow:Step: 667, Loss: 5.059401, time: 1.382 sec/batch
INFO:tensorflow:Step: 669, Loss: 5.158729, time: 1.347 sec/batch
INFO:tensorflow:Step: 671, Loss: 5.017988, time: 1.403 sec/batch
INFO:tensorflow:Step: 673, Loss: 5.271132, time: 1.372 sec/batch
INFO:tensorflow:Step: 675, Loss: 5.149544, time: 1.395 sec/batch
INFO:tensorflow:Step: 677, Loss: 5.196350, time: 1.352 sec/batch
INFO:tensorflow:Step: 679, Loss: 5.090373, time: 1.422 sec/batch
INFO:tensorflow:Step: 681, Loss: 4.809787, time: 1.351 sec/batch
INFO:tensorflow:Step: 683, Loss: 5.105540, time: 1.342 sec/batch
INFO:tensorflow:Step: 685, Loss: 4.971814, time: 1.323 sec/batch
INFO:tensorflow:Step: 687, Loss: 5.331389, time: 1.341 sec/batch
INFO:tensorflow:Step: 689, Loss: 4.969594, time: 1.369 sec/batch
INFO:tensorflow:Step: 691, Loss: 5.136162, time: 1.373 sec/batch
INFO:tensorflow:Step: 693, Loss: 5.121161, time: 1.394 sec/batch
INFO:tensorflow:Step: 695, Loss: 5.115149, time: 1.365 sec/batch
INFO:tensorflow:Step: 697, Loss: 5.061948, time: 1.344 sec/batch
INFO:tensorflow:Step: 699, Loss: 4.960075, time: 1.326 sec/batch
INFO:tensorflow:Step: 701, Loss: 5.117761, time: 1.391 sec/batch
INFO:tensorflow:Step: 703, Loss: 5.247015, time: 1.324 sec/batch
INFO:tensorflow:Step: 705, Loss: 5.074990, time: 1.368 sec/batch
INFO:tensorflow:Step: 707, Loss: 4.943349, time: 1.383 sec/batch
INFO:tensorflow:Step: 709, Loss: 5.044329, time: 1.395 sec/batch
INFO:tensorflow:Step: 711, Loss: 4.889300, time: 1.341 sec/batch
INFO:tensorflow:Step: 713, Loss: 4.999419, time: 1.383 sec/batch
INFO:tensorflow:Step: 715, Loss: 4.998959, time: 1.381 sec/batch
INFO:tensorflow:Step: 717, Loss: 4.928981, time: 1.394 sec/batch
INFO:tensorflow:Step: 719, Loss: 4.854733, time: 1.388 sec/batch
INFO:tensorflow:Step: 721, Loss: 4.859237, time: 1.421 sec/batch
INFO:tensorflow:Step: 723, Loss: 4.873321, time: 1.354 sec/batch
INFO:tensorflow:Step: 725, Loss: 4.940340, time: 1.311 sec/batch
INFO:tensorflow:Step: 727, Loss: 5.041229, time: 1.393 sec/batch
INFO:tensorflow:Step: 729, Loss: 5.105930, time: 1.393 sec/batch
INFO:tensorflow:Step: 731, Loss: 5.051437, time: 1.353 sec/batch
INFO:tensorflow:Step: 733, Loss: 4.916374, time: 1.383 sec/batch
INFO:tensorflow:Step: 735, Loss: 5.055891, time: 1.388 sec/batch
INFO:tensorflow:Step: 737, Loss: 4.894329, time: 1.372 sec/batch
INFO:tensorflow:Step: 739, Loss: 5.029765, time: 1.346 sec/batch
INFO:tensorflow:Step: 741, Loss: 4.994698, time: 1.354 sec/batch
INFO:tensorflow:Step: 743, Loss: 5.110207, time: 1.425 sec/batch
INFO:tensorflow:Step: 745, Loss: 4.969785, time: 1.348 sec/batch
INFO:tensorflow:Step: 747, Loss: 4.965270, time: 1.333 sec/batch
INFO:tensorflow:Step: 749, Loss: 5.187384, time: 1.313 sec/batch
INFO:tensorflow:Step: 751, Loss: 5.182987, time: 1.323 sec/batch
INFO:tensorflow:Step: 753, Loss: 4.971867, time: 1.302 sec/batch
INFO:tensorflow:Step: 755, Loss: 4.934059, time: 1.374 sec/batch
INFO:tensorflow:Step: 757, Loss: 5.081346, time: 1.308 sec/batch
INFO:tensorflow:Step: 759, Loss: 4.797003, time: 1.322 sec/batch
INFO:tensorflow:Step: 760, Loss: 5.093732, time: 1.423 sec/batch
INFO:tensorflow:Step: 762, Loss: 4.778496, time: 1.376 sec/batch
INFO:tensorflow:Step: 764, Loss: 5.051223, time: 1.710 sec/batch
INFO:tensorflow:Step: 767, Loss: 4.649329, time: 1.458 sec/batch
INFO:tensorflow:Step: 769, Loss: 4.897569, time: 1.544 sec/batch
INFO:tensorflow:Step: 771, Loss: 4.900418, time: 1.395 sec/batch
INFO:tensorflow:Step: 773, Loss: 5.261671, time: 1.364 sec/batch
INFO:tensorflow:Step: 775, Loss: 5.034057, time: 1.293 sec/batch
INFO:tensorflow:Step: 777, Loss: 4.994493, time: 1.332 sec/batch
INFO:tensorflow:Step: 779, Loss: 5.215668, time: 1.321 sec/batch
INFO:tensorflow:Step: 781, Loss: 4.723948, time: 1.372 sec/batch
INFO:tensorflow:Step: 783, Loss: 5.039278, time: 1.337 sec/batch
INFO:tensorflow:Step: 785, Loss: 4.885160, time: 1.538 sec/batch
INFO:tensorflow:Step: 787, Loss: 4.775824, time: 1.686 sec/batch
INFO:tensorflow:Step: 789, Loss: 5.124325, time: 1.513 sec/batch
INFO:tensorflow:Step: 790, Loss: 5.077175, time: 1.334 sec/batch
INFO:tensorflow:Step: 792, Loss: 5.016406, time: 1.374 sec/batch
INFO:tensorflow:Step: 794, Loss: 4.967711, time: 1.332 sec/batch
INFO:tensorflow:Step: 796, Loss: 5.126579, time: 1.343 sec/batch
INFO:tensorflow:Step: 798, Loss: 5.080645, time: 1.374 sec/batch
INFO:tensorflow:Step: 800, Loss: 4.796410, time: 1.381 sec/batch
INFO:tensorflow:Step: 802, Loss: 4.958931, time: 1.380 sec/batch
INFO:tensorflow:Step: 804, Loss: 5.002580, time: 1.339 sec/batch
INFO:tensorflow:Step: 806, Loss: 4.770315, time: 1.408 sec/batch
INFO:tensorflow:Step: 808, Loss: 4.953453, time: 1.368 sec/batch
INFO:tensorflow:Step: 810, Loss: 5.124971, time: 1.401 sec/batch
INFO:tensorflow:Step: 812, Loss: 4.999992, time: 1.366 sec/batch
INFO:tensorflow:Step: 814, Loss: 4.925771, time: 1.397 sec/batch
INFO:tensorflow:Step: 816, Loss: 4.806744, time: 1.357 sec/batch
INFO:tensorflow:Step: 818, Loss: 4.859033, time: 1.316 sec/batch
INFO:tensorflow:Step: 820, Loss: 4.935767, time: 1.313 sec/batch
INFO:tensorflow:Step: 822, Loss: 4.884591, time: 1.317 sec/batch
INFO:tensorflow:Step: 824, Loss: 4.868950, time: 1.318 sec/batch
INFO:tensorflow:Step: 826, Loss: 4.895811, time: 1.268 sec/batch
INFO:tensorflow:Step: 828, Loss: 4.868511, time: 1.265 sec/batch
INFO:tensorflow:Step: 830, Loss: 5.118657, time: 1.296 sec/batch
INFO:tensorflow:Step: 832, Loss: 4.919208, time: 1.294 sec/batch
INFO:tensorflow:Step: 834, Loss: 4.983848, time: 1.575 sec/batch
INFO:tensorflow:Step: 836, Loss: 4.743902, time: 1.483 sec/batch
INFO:tensorflow:Step: 838, Loss: 4.928612, time: 1.477 sec/batch
INFO:tensorflow:Step: 840, Loss: 4.856673, time: 1.426 sec/batch
INFO:tensorflow:Step: 842, Loss: 4.868338, time: 1.592 sec/batch
INFO:tensorflow:Step: 844, Loss: 5.252188, time: 1.544 sec/batch
INFO:tensorflow:Step: 846, Loss: 4.948156, time: 1.540 sec/batch
INFO:tensorflow:Step: 848, Loss: 4.898938, time: 1.470 sec/batch
INFO:tensorflow:Step: 850, Loss: 5.023221, time: 1.348 sec/batch
INFO:tensorflow:Step: 852, Loss: 4.882205, time: 1.367 sec/batch
INFO:tensorflow:Step: 854, Loss: 4.989836, time: 1.464 sec/batch
INFO:tensorflow:Step: 856, Loss: 4.925884, time: 1.304 sec/batch
INFO:tensorflow:Step: 858, Loss: 4.951132, time: 1.474 sec/batch
INFO:tensorflow:Step: 860, Loss: 4.842274, time: 1.484 sec/batch
INFO:tensorflow:Step: 862, Loss: 4.946745, time: 1.439 sec/batch
INFO:tensorflow:Step: 864, Loss: 5.086767, time: 1.322 sec/batch
INFO:tensorflow:Step: 866, Loss: 4.894989, time: 1.457 sec/batch
INFO:tensorflow:Step: 868, Loss: 4.910626, time: 1.408 sec/batch
INFO:tensorflow:Step: 869, Loss: 4.784472, time: 1.317 sec/batch
INFO:tensorflow:Step: 871, Loss: 4.992063, time: 1.335 sec/batch
INFO:tensorflow:Step: 873, Loss: 4.744872, time: 1.351 sec/batch
INFO:tensorflow:Step: 875, Loss: 4.775507, time: 1.366 sec/batch
INFO:tensorflow:Step: 877, Loss: 5.083272, time: 1.382 sec/batch
INFO:tensorflow:Step: 879, Loss: 4.806253, time: 1.392 sec/batch
INFO:tensorflow:Step: 881, Loss: 4.963471, time: 1.326 sec/batch
INFO:tensorflow:Step: 883, Loss: 4.852520, time: 1.441 sec/batch
INFO:tensorflow:Step: 885, Loss: 4.874725, time: 1.412 sec/batch
INFO:tensorflow:Step: 887, Loss: 4.840633, time: 1.427 sec/batch
INFO:tensorflow:Step: 889, Loss: 4.888772, time: 1.365 sec/batch
INFO:tensorflow:Step: 891, Loss: 5.036250, time: 1.404 sec/batch
INFO:tensorflow:Step: 893, Loss: 4.761200, time: 1.412 sec/batch
INFO:tensorflow:Step: 895, Loss: 4.908588, time: 1.355 sec/batch
INFO:tensorflow:Step: 897, Loss: 4.987886, time: 1.384 sec/batch
INFO:tensorflow:Step: 899, Loss: 4.771941, time: 1.307 sec/batch
INFO:tensorflow:Step: 901, Loss: 4.946602, time: 1.344 sec/batch
INFO:tensorflow:Step: 903, Loss: 4.922245, time: 1.376 sec/batch
INFO:tensorflow:Step: 905, Loss: 4.796565, time: 1.368 sec/batch
INFO:tensorflow:Step: 907, Loss: 4.919384, time: 1.407 sec/batch
INFO:tensorflow:Step: 909, Loss: 4.927489, time: 1.387 sec/batch
INFO:tensorflow:Step: 911, Loss: 4.717345, time: 1.392 sec/batch
INFO:tensorflow:Step: 913, Loss: 4.830603, time: 1.406 sec/batch
INFO:tensorflow:Step: 915, Loss: 4.895683, time: 1.419 sec/batch
INFO:tensorflow:Step: 917, Loss: 4.932278, time: 1.396 sec/batch
INFO:tensorflow:Step: 919, Loss: 4.909384, time: 1.344 sec/batch
INFO:tensorflow:Step: 921, Loss: 4.919859, time: 1.337 sec/batch
INFO:tensorflow:Step: 923, Loss: 4.894061, time: 1.367 sec/batch
INFO:tensorflow:Step: 925, Loss: 4.914248, time: 1.390 sec/batch
INFO:tensorflow:Step: 927, Loss: 4.956483, time: 1.331 sec/batch
INFO:tensorflow:Step: 929, Loss: 4.835634, time: 1.386 sec/batch
INFO:tensorflow:Step: 931, Loss: 4.768048, time: 1.388 sec/batch
INFO:tensorflow:Step: 933, Loss: 4.862066, time: 1.419 sec/batch
INFO:tensorflow:Step: 935, Loss: 4.940669, time: 1.331 sec/batch
INFO:tensorflow:Step: 937, Loss: 4.849026, time: 1.394 sec/batch
INFO:tensorflow:Step: 939, Loss: 4.855291, time: 1.388 sec/batch
INFO:tensorflow:Step: 941, Loss: 4.742335, time: 1.381 sec/batch
INFO:tensorflow:Step: 943, Loss: 4.817562, time: 1.328 sec/batch
INFO:tensorflow:Step: 945, Loss: 4.954701, time: 1.398 sec/batch
INFO:tensorflow:Step: 947, Loss: 4.905396, time: 1.386 sec/batch
INFO:tensorflow:Step: 949, Loss: 4.731213, time: 1.384 sec/batch
INFO:tensorflow:Step: 951, Loss: 4.974042, time: 1.356 sec/batch
INFO:tensorflow:Step: 953, Loss: 4.814595, time: 1.370 sec/batch
INFO:tensorflow:Step: 955, Loss: 4.696567, time: 1.400 sec/batch
INFO:tensorflow:Step: 957, Loss: 4.656029, time: 1.357 sec/batch
INFO:tensorflow:Step: 959, Loss: 4.889070, time: 1.398 sec/batch
INFO:tensorflow:Step: 961, Loss: 5.066370, time: 1.403 sec/batch
INFO:tensorflow:Step: 963, Loss: 4.870440, time: 1.372 sec/batch
INFO:tensorflow:Step: 965, Loss: 4.952084, time: 1.401 sec/batch
INFO:tensorflow:Step: 967, Loss: 4.845130, time: 1.476 sec/batch
INFO:tensorflow:Step: 969, Loss: 5.040749, time: 1.327 sec/batch
INFO:tensorflow:Step: 971, Loss: 5.047301, time: 1.336 sec/batch
INFO:tensorflow:Step: 973, Loss: 4.953041, time: 1.405 sec/batch
INFO:tensorflow:Step: 975, Loss: 4.800153, time: 1.353 sec/batch
INFO:tensorflow:Step: 977, Loss: 4.657852, time: 1.408 sec/batch
INFO:tensorflow:Step: 979, Loss: 4.930982, time: 1.395 sec/batch
INFO:tensorflow:Step: 981, Loss: 4.708670, time: 1.401 sec/batch
INFO:tensorflow:Step: 983, Loss: 4.673459, time: 1.359 sec/batch
INFO:tensorflow:Step: 985, Loss: 4.989581, time: 1.363 sec/batch
INFO:tensorflow:Step: 987, Loss: 4.797180, time: 1.349 sec/batch
INFO:tensorflow:Step: 989, Loss: 4.666650, time: 1.430 sec/batch
INFO:tensorflow:Step: 991, Loss: 4.696455, time: 1.406 sec/batch
INFO:tensorflow:Step: 993, Loss: 4.819894, time: 1.320 sec/batch
INFO:tensorflow:Step: 995, Loss: 4.794108, time: 1.367 sec/batch
INFO:tensorflow:Step: 997, Loss: 4.847495, time: 1.391 sec/batch
INFO:tensorflow:Step: 999, Loss: 4.987298, time: 1.358 sec/batch
INFO:tensorflow:Step: 1001, Loss: 4.741713, time: 1.405 sec/batch
INFO:tensorflow:Step: 1003, Loss: 4.810868, time: 1.362 sec/batch
INFO:tensorflow:Step: 1005, Loss: 5.109204, time: 1.379 sec/batch
INFO:tensorflow:Step: 1007, Loss: 4.783612, time: 1.361 sec/batch
INFO:tensorflow:Step: 1009, Loss: 5.028667, time: 1.369 sec/batch
INFO:tensorflow:Step: 1011, Loss: 4.723720, time: 1.370 sec/batch
INFO:tensorflow:Step: 1013, Loss: 4.912096, time: 1.426 sec/batch
INFO:tensorflow:Step: 1015, Loss: 4.714768, time: 1.356 sec/batch
INFO:tensorflow:Step: 1017, Loss: 5.079540, time: 1.352 sec/batch
INFO:tensorflow:Step: 1019, Loss: 4.684641, time: 1.338 sec/batch
INFO:tensorflow:Step: 1021, Loss: 4.785023, time: 1.390 sec/batch
INFO:tensorflow:Step: 1023, Loss: 4.916028, time: 1.543 sec/batch
INFO:tensorflow:Step: 1026, Loss: 4.694719, time: 2.020 sec/batch
INFO:tensorflow:Step: 1028, Loss: 4.813829, time: 1.330 sec/batch
INFO:tensorflow:Step: 1030, Loss: 4.784487, time: 1.325 sec/batch
INFO:tensorflow:Step: 1032, Loss: 4.764542, time: 1.389 sec/batch
INFO:tensorflow:Step: 1034, Loss: 4.789585, time: 1.307 sec/batch
INFO:tensorflow:Step: 1036, Loss: 4.777954, time: 1.326 sec/batch
INFO:tensorflow:Step: 1038, Loss: 4.745142, time: 1.369 sec/batch
INFO:tensorflow:Step: 1040, Loss: 4.705071, time: 1.409 sec/batch
INFO:tensorflow:Step: 1042, Loss: 4.770966, time: 1.339 sec/batch
INFO:tensorflow:Step: 1044, Loss: 4.761634, time: 1.380 sec/batch
INFO:tensorflow:Step: 1045, Loss: 4.671949, time: 1.356 sec/batch
INFO:tensorflow:Step: 1047, Loss: 4.687970, time: 1.344 sec/batch
INFO:tensorflow:Step: 1049, Loss: 4.795763, time: 1.392 sec/batch
INFO:tensorflow:Step: 1051, Loss: 4.686780, time: 1.401 sec/batch
INFO:tensorflow:Step: 1053, Loss: 4.715239, time: 1.359 sec/batch
INFO:tensorflow:Step: 1055, Loss: 4.801377, time: 1.558 sec/batch
INFO:tensorflow:Step: 1057, Loss: 4.874036, time: 1.596 sec/batch
INFO:tensorflow:Step: 1060, Loss: 4.734642, time: 1.533 sec/batch
INFO:tensorflow:Step: 1062, Loss: 4.759019, time: 1.615 sec/batch
INFO:tensorflow:Step: 1064, Loss: 4.581563, time: 1.512 sec/batch
INFO:tensorflow:Step: 1066, Loss: 4.765980, time: 1.337 sec/batch
INFO:tensorflow:Step: 1067, Loss: 4.696195, time: 1.372 sec/batch
INFO:tensorflow:Step: 1069, Loss: 4.650341, time: 1.335 sec/batch
INFO:tensorflow:Step: 1071, Loss: 4.681355, time: 1.294 sec/batch
INFO:tensorflow:Step: 1073, Loss: 4.786649, time: 1.313 sec/batch
INFO:tensorflow:Step: 1075, Loss: 4.721947, time: 1.327 sec/batch
INFO:tensorflow:Step: 1077, Loss: 4.721858, time: 1.379 sec/batch
INFO:tensorflow:Step: 1079, Loss: 4.911561, time: 1.615 sec/batch
INFO:tensorflow:Step: 1081, Loss: 4.816339, time: 1.611 sec/batch
INFO:tensorflow:Step: 1083, Loss: 4.898910, time: 1.435 sec/batch
INFO:tensorflow:Step: 1085, Loss: 4.618362, time: 1.357 sec/batch
INFO:tensorflow:Step: 1087, Loss: 4.712549, time: 1.350 sec/batch
INFO:tensorflow:Step: 1089, Loss: 4.618755, time: 1.568 sec/batch
INFO:tensorflow:Step: 1091, Loss: 4.757514, time: 1.452 sec/batch
INFO:tensorflow:Step: 1093, Loss: 5.056891, time: 1.635 sec/batch
INFO:tensorflow:Step: 1095, Loss: 4.757472, time: 1.300 sec/batch
INFO:tensorflow:Step: 1097, Loss: 4.956888, time: 1.468 sec/batch
INFO:tensorflow:Step: 1099, Loss: 4.816443, time: 1.549 sec/batch
INFO:tensorflow:Step: 1101, Loss: 4.779937, time: 1.380 sec/batch
INFO:tensorflow:Step: 1103, Loss: 4.924964, time: 1.415 sec/batch
INFO:tensorflow:Step: 1105, Loss: 4.675386, time: 1.381 sec/batch
INFO:tensorflow:Step: 1107, Loss: 4.693660, time: 1.391 sec/batch
INFO:tensorflow:Step: 1109, Loss: 4.793534, time: 1.411 sec/batch
INFO:tensorflow:Step: 1111, Loss: 4.796926, time: 1.477 sec/batch
INFO:tensorflow:Step: 1113, Loss: 4.685109, time: 1.449 sec/batch
INFO:tensorflow:Step: 1115, Loss: 4.685893, time: 1.398 sec/batch
INFO:tensorflow:Step: 1116, Loss: 4.684057, time: 1.454 sec/batch
INFO:tensorflow:Step: 1118, Loss: 4.834264, time: 1.316 sec/batch
INFO:tensorflow:Step: 1120, Loss: 4.661295, time: 1.429 sec/batch
INFO:tensorflow:Step: 1122, Loss: 4.685741, time: 1.411 sec/batch
INFO:tensorflow:Step: 1124, Loss: 4.519248, time: 1.400 sec/batch
INFO:tensorflow:Step: 1126, Loss: 4.824679, time: 1.396 sec/batch
INFO:tensorflow:Step: 1128, Loss: 5.024510, time: 1.383 sec/batch
run-expr-4node.sh: line 23: 53093 Terminated              CUDA_VISIBLE_DEVICES=$1 bazel-bin/inception/imagenet_distributed_train --batch_size=64 --data_dir=/lfs/local/0/daniter/imagenet-8-$2 --job_name='worker' --task_id=$2 --ps_hosts='raiders1:2228' --worker_hosts='raiders1:2200,raiders1:2201,raiders3:2209,raiders3:2210' --initial_learning_rate=$3 --momentum=$4 --sync=True --compute_groups=$5
