DISPLAY "(null)" invalid; disabling X11 forwarding
I tensorflow/stream_executor/dso_loader.cc:108] successfully opened CUDA library libcublas.so locally
I tensorflow/stream_executor/dso_loader.cc:108] successfully opened CUDA library libcudnn.so locally
I tensorflow/stream_executor/dso_loader.cc:108] successfully opened CUDA library libcufft.so locally
I tensorflow/stream_executor/dso_loader.cc:108] successfully opened CUDA library libcuda.so locally
I tensorflow/stream_executor/dso_loader.cc:108] successfully opened CUDA library libcurand.so locally
INFO:tensorflow:PS hosts are: ['raiders1:2200']
INFO:tensorflow:Worker hosts are: ['raiders1:2201', 'raiders1:2202', 'raiders1:2203', 'raiders1:2204', 'raiders2:2205', 'raiders2:2206', 'raiders2:2207', 'raiders2:2208', 'raiders3:2209', 'raiders3:2210', 'raiders3:2211', 'raiders3:2212', 'raiders8:2213', 'raiders8:2214', 'raiders8:2215', 'raiders8:2216']
E tensorflow/stream_executor/cuda/cuda_driver.cc:491] failed call to cuInit: CUDA_ERROR_NO_DEVICE
I tensorflow/stream_executor/cuda/cuda_diagnostics.cc:153] retrieving CUDA diagnostic information for host: raiders3
I tensorflow/stream_executor/cuda/cuda_diagnostics.cc:160] hostname: raiders3
I tensorflow/stream_executor/cuda/cuda_diagnostics.cc:185] libcuda reported version is: Not found: was unable to find libcuda.so DSO loaded into this program
I tensorflow/stream_executor/cuda/cuda_diagnostics.cc:347] driver version file contents: """NVRM version: NVIDIA UNIX x86_64 Kernel Module  367.27  Thu Jun  9 18:53:27 PDT 2016
GCC version:  gcc version 4.8.4 (Ubuntu 4.8.4-2ubuntu1~14.04.3) 
"""
I tensorflow/stream_executor/cuda/cuda_diagnostics.cc:189] kernel reported version is: 367.27.0
I tensorflow/core/common_runtime/gpu/gpu_init.cc:81] No GPU devices available on machine.
I tensorflow/core/distributed_runtime/rpc/grpc_channel.cc:206] Initialize HostPortsGrpcChannelCache for job ps -> {raiders1:2200}
I tensorflow/core/distributed_runtime/rpc/grpc_channel.cc:206] Initialize HostPortsGrpcChannelCache for job worker -> {raiders1:2201, raiders1:2202, raiders1:2203, raiders1:2204, raiders2:2205, raiders2:2206, raiders2:2207, raiders2:2208, raiders3:2209, raiders3:2210, raiders3:2211, localhost:2212, raiders8:2213, raiders8:2214, raiders8:2215, raiders8:2216}
I tensorflow/core/distributed_runtime/rpc/grpc_server_lib.cc:202] Started server with target: grpc://localhost:2212
INFO:tensorflow:Learning rate: 0.001000, momentum: 0.300000
INFO:tensorflow:Sync mode!!!!!!
INFO:tensorflow:Compute groups : 1
INFO:tensorflow:SyncReplicas enabled: replicas_to_aggregate=16; total_num_replicas=16
INFO:tensorflow:Num nodes per compute groups: 16
INFO:tensorflow:Tokens per step: 16
INFO:tensorflow:2016-07-27 01:00:41.004134 Supervisor
INFO:tensorflow:got sessions! 2016-07-27 01:00:57.585453 
INFO:tensorflow:Started 3 queues for processing input data.
INFO:tensorflow:Step: 399, Loss: 5.009948, time: 29.272 sec/batch
INFO:tensorflow:Step: 399, Loss: 5.399411, time: 18.735 sec/batch
INFO:tensorflow:Step: 400, Loss: 5.961141, time: 15.101 sec/batch
INFO:tensorflow:Step: 401, Loss: 5.815543, time: 15.710 sec/batch
INFO:tensorflow:Step: 403, Loss: 5.520862, time: 15.762 sec/batch
INFO:tensorflow:Step: 404, Loss: 5.185389, time: 15.693 sec/batch
INFO:tensorflow:Step: 405, Loss: 5.410640, time: 17.538 sec/batch
INFO:tensorflow:Step: 406, Loss: 5.709455, time: 16.052 sec/batch
INFO:tensorflow:Step: 407, Loss: 5.116110, time: 16.972 sec/batch
INFO:tensorflow:Step: 408, Loss: 5.836827, time: 17.428 sec/batch
INFO:tensorflow:Step: 409, Loss: 5.578752, time: 18.568 sec/batch
INFO:tensorflow:Step: 410, Loss: 5.786546, time: 15.364 sec/batch
INFO:tensorflow:Step: 411, Loss: 5.672388, time: 18.580 sec/batch
INFO:tensorflow:Step: 412, Loss: 6.152887, time: 17.837 sec/batch
INFO:tensorflow:Step: 413, Loss: 5.286472, time: 19.827 sec/batch
INFO:tensorflow:Step: 414, Loss: 5.312794, time: 17.324 sec/batch
INFO:tensorflow:Step: 415, Loss: 5.446904, time: 19.208 sec/batch
INFO:tensorflow:Step: 416, Loss: 5.637935, time: 18.161 sec/batch
INFO:tensorflow:Step: 417, Loss: 6.530413, time: 19.758 sec/batch
INFO:tensorflow:Step: 418, Loss: 5.574259, time: 18.058 sec/batch
INFO:tensorflow:Step: 419, Loss: 5.183909, time: 19.219 sec/batch
INFO:tensorflow:Step: 420, Loss: 4.846506, time: 16.920 sec/batch
INFO:tensorflow:Step: 421, Loss: 5.390719, time: 18.511 sec/batch
INFO:tensorflow:Step: 422, Loss: 4.991466, time: 19.145 sec/batch
INFO:tensorflow:Step: 423, Loss: 5.547765, time: 19.494 sec/batch
INFO:tensorflow:Step: 424, Loss: 6.151650, time: 19.309 sec/batch
INFO:tensorflow:Step: 425, Loss: 5.286913, time: 18.374 sec/batch
INFO:tensorflow:Step: 426, Loss: 5.216669, time: 17.695 sec/batch
INFO:tensorflow:Step: 427, Loss: 5.166834, time: 19.226 sec/batch
INFO:tensorflow:Step: 428, Loss: 4.937698, time: 18.753 sec/batch
INFO:tensorflow:Step: 429, Loss: 5.157411, time: 19.166 sec/batch
INFO:tensorflow:Step: 430, Loss: 5.448426, time: 17.425 sec/batch
INFO:tensorflow:Step: 431, Loss: 4.940233, time: 16.027 sec/batch
INFO:tensorflow:Step: 432, Loss: 6.799254, time: 17.289 sec/batch
INFO:tensorflow:Step: 433, Loss: 5.231648, time: 18.698 sec/batch
INFO:tensorflow:Step: 434, Loss: 5.898949, time: 18.557 sec/batch
INFO:tensorflow:Step: 435, Loss: 5.245720, time: 19.615 sec/batch
INFO:tensorflow:Step: 436, Loss: 5.010509, time: 17.216 sec/batch
INFO:tensorflow:Step: 437, Loss: 5.913985, time: 18.154 sec/batch
INFO:tensorflow:Step: 438, Loss: 5.527637, time: 16.719 sec/batch
INFO:tensorflow:Step: 439, Loss: 5.233815, time: 18.096 sec/batch
INFO:tensorflow:Step: 440, Loss: 5.786536, time: 19.319 sec/batch
INFO:tensorflow:Step: 441, Loss: 5.732281, time: 18.201 sec/batch
INFO:tensorflow:Step: 442, Loss: 5.613365, time: 17.629 sec/batch
INFO:tensorflow:Step: 443, Loss: 5.032574, time: 16.258 sec/batch
INFO:tensorflow:Step: 444, Loss: 5.199307, time: 18.201 sec/batch
INFO:tensorflow:Step: 445, Loss: 5.536921, time: 18.952 sec/batch
INFO:tensorflow:Step: 446, Loss: 5.503439, time: 16.110 sec/batch
INFO:tensorflow:Step: 447, Loss: 5.201144, time: 16.533 sec/batch
INFO:tensorflow:Step: 448, Loss: 5.486821, time: 19.308 sec/batch
INFO:tensorflow:Step: 449, Loss: 5.333362, time: 18.949 sec/batch
INFO:tensorflow:Step: 450, Loss: 5.303020, time: 18.759 sec/batch
INFO:tensorflow:Step: 451, Loss: 5.206542, time: 19.178 sec/batch
INFO:tensorflow:Step: 452, Loss: 5.304276, time: 18.706 sec/batch
INFO:tensorflow:Step: 453, Loss: 4.979073, time: 18.699 sec/batch
INFO:tensorflow:Step: 454, Loss: 5.073822, time: 17.934 sec/batch
INFO:tensorflow:Step: 455, Loss: 5.256505, time: 18.478 sec/batch
INFO:tensorflow:Step: 456, Loss: 5.030473, time: 19.376 sec/batch
INFO:tensorflow:Step: 457, Loss: 5.409894, time: 18.939 sec/batch
INFO:tensorflow:Step: 458, Loss: 5.358725, time: 18.231 sec/batch
INFO:tensorflow:Step: 459, Loss: 5.376110, time: 17.503 sec/batch
INFO:tensorflow:Step: 460, Loss: 5.628710, time: 17.860 sec/batch
INFO:tensorflow:Step: 461, Loss: 5.409735, time: 19.354 sec/batch
INFO:tensorflow:Step: 462, Loss: 5.191669, time: 18.991 sec/batch
INFO:tensorflow:Step: 463, Loss: 5.708472, time: 18.930 sec/batch
INFO:tensorflow:Step: 464, Loss: 6.316140, time: 19.026 sec/batch
INFO:tensorflow:Step: 465, Loss: 5.686956, time: 18.310 sec/batch
INFO:tensorflow:Step: 466, Loss: 4.933637, time: 18.634 sec/batch
INFO:tensorflow:Step: 467, Loss: 5.912242, time: 19.483 sec/batch
INFO:tensorflow:Step: 468, Loss: 4.980203, time: 18.486 sec/batch
INFO:tensorflow:Step: 469, Loss: 5.330279, time: 18.897 sec/batch
INFO:tensorflow:Step: 470, Loss: 5.324811, time: 17.750 sec/batch
INFO:tensorflow:Step: 471, Loss: 5.941041, time: 17.772 sec/batch
INFO:tensorflow:Step: 472, Loss: 5.077879, time: 16.864 sec/batch
INFO:tensorflow:Step: 473, Loss: 5.055767, time: 18.945 sec/batch
INFO:tensorflow:Step: 474, Loss: 5.060129, time: 18.886 sec/batch
INFO:tensorflow:Step: 475, Loss: 5.258129, time: 19.042 sec/batch
INFO:tensorflow:Step: 476, Loss: 5.187332, time: 17.980 sec/batch
INFO:tensorflow:Step: 477, Loss: 5.166005, time: 20.005 sec/batch
run-expr-32node.sh: line 23: 12009 Terminated              CUDA_VISIBLE_DEVICES='' bazel-bin/inception/imagenet_distributed_train --batch_size=16 --data_dir=/lfs/local/0/daniter/16node-data-$2 --job_name='worker' --task_id=$2 --ps_hosts='raiders1:2200' --worker_hosts='raiders1:2201,raiders1:2202,raiders1:2203,raiders1:2204,raiders2:2205,raiders2:2206,raiders2:2207,raiders2:2208,raiders3:2209,raiders3:2210,raiders3:2211,raiders3:2212,raiders8:2213,raiders8:2214,raiders8:2215,raiders8:2216' --initial_learning_rate=$3 --momentum=$4 --sync=True --compute_groups=$5
