DISPLAY "(null)" invalid; disabling X11 forwarding
I tensorflow/stream_executor/dso_loader.cc:108] successfully opened CUDA library libcublas.so locally
I tensorflow/stream_executor/dso_loader.cc:108] successfully opened CUDA library libcudnn.so locally
I tensorflow/stream_executor/dso_loader.cc:108] successfully opened CUDA library libcufft.so locally
I tensorflow/stream_executor/dso_loader.cc:108] successfully opened CUDA library libcuda.so locally
I tensorflow/stream_executor/dso_loader.cc:108] successfully opened CUDA library libcurand.so locally
INFO:tensorflow:PS hosts are: ['raiders1:2200']
INFO:tensorflow:Worker hosts are: ['raiders1:2201', 'raiders1:2202', 'raiders1:2203', 'raiders1:2204', 'raiders2:2205', 'raiders2:2206', 'raiders2:2207', 'raiders2:2208', 'raiders3:2209', 'raiders3:2210', 'raiders3:2211', 'raiders3:2212', 'raiders8:2213', 'raiders8:2214', 'raiders8:2215', 'raiders8:2216']
E tensorflow/stream_executor/cuda/cuda_driver.cc:491] failed call to cuInit: CUDA_ERROR_NO_DEVICE
I tensorflow/stream_executor/cuda/cuda_diagnostics.cc:153] retrieving CUDA diagnostic information for host: raiders3
I tensorflow/stream_executor/cuda/cuda_diagnostics.cc:160] hostname: raiders3
I tensorflow/stream_executor/cuda/cuda_diagnostics.cc:185] libcuda reported version is: Not found: was unable to find libcuda.so DSO loaded into this program
I tensorflow/stream_executor/cuda/cuda_diagnostics.cc:347] driver version file contents: """NVRM version: NVIDIA UNIX x86_64 Kernel Module  367.27  Thu Jun  9 18:53:27 PDT 2016
GCC version:  gcc version 4.8.4 (Ubuntu 4.8.4-2ubuntu1~14.04.3) 
"""
I tensorflow/stream_executor/cuda/cuda_diagnostics.cc:189] kernel reported version is: 367.27.0
I tensorflow/core/common_runtime/gpu/gpu_init.cc:81] No GPU devices available on machine.
I tensorflow/core/distributed_runtime/rpc/grpc_channel.cc:206] Initialize HostPortsGrpcChannelCache for job ps -> {raiders1:2200}
I tensorflow/core/distributed_runtime/rpc/grpc_channel.cc:206] Initialize HostPortsGrpcChannelCache for job worker -> {raiders1:2201, raiders1:2202, raiders1:2203, raiders1:2204, raiders2:2205, raiders2:2206, raiders2:2207, raiders2:2208, localhost:2209, raiders3:2210, raiders3:2211, raiders3:2212, raiders8:2213, raiders8:2214, raiders8:2215, raiders8:2216}
I tensorflow/core/distributed_runtime/rpc/grpc_server_lib.cc:202] Started server with target: grpc://localhost:2209
INFO:tensorflow:Learning rate: 0.001000, momentum: 0.300000
INFO:tensorflow:Sync mode!!!!!!
INFO:tensorflow:Compute groups : 1
INFO:tensorflow:SyncReplicas enabled: replicas_to_aggregate=16; total_num_replicas=16
INFO:tensorflow:Num nodes per compute groups: 16
INFO:tensorflow:Tokens per step: 16
INFO:tensorflow:2016-07-27 01:00:40.655006 Supervisor
INFO:tensorflow:got sessions! 2016-07-27 01:00:56.057536 
INFO:tensorflow:Started 3 queues for processing input data.
INFO:tensorflow:Step: 399, Loss: 5.278437, time: 31.296 sec/batch
INFO:tensorflow:Step: 399, Loss: 5.584797, time: 16.711 sec/batch
INFO:tensorflow:Step: 400, Loss: 5.233646, time: 17.967 sec/batch
INFO:tensorflow:Step: 402, Loss: 5.329013, time: 14.403 sec/batch
INFO:tensorflow:Step: 403, Loss: 5.762880, time: 14.209 sec/batch
INFO:tensorflow:Step: 404, Loss: 5.455225, time: 15.569 sec/batch
INFO:tensorflow:Step: 405, Loss: 5.657678, time: 16.665 sec/batch
INFO:tensorflow:Step: 406, Loss: 4.919946, time: 19.852 sec/batch
INFO:tensorflow:Step: 407, Loss: 5.225816, time: 16.375 sec/batch
INFO:tensorflow:Step: 408, Loss: 5.240598, time: 14.529 sec/batch
INFO:tensorflow:Step: 409, Loss: 5.497273, time: 16.384 sec/batch
INFO:tensorflow:Step: 410, Loss: 5.556973, time: 18.259 sec/batch
INFO:tensorflow:Step: 411, Loss: 5.288538, time: 18.569 sec/batch
INFO:tensorflow:Step: 412, Loss: 5.118595, time: 17.834 sec/batch
INFO:tensorflow:Step: 413, Loss: 5.081266, time: 19.832 sec/batch
INFO:tensorflow:Step: 414, Loss: 6.109522, time: 17.322 sec/batch
INFO:tensorflow:Step: 415, Loss: 5.851038, time: 19.201 sec/batch
INFO:tensorflow:Step: 416, Loss: 5.267292, time: 18.174 sec/batch
INFO:tensorflow:Step: 417, Loss: 5.887378, time: 19.748 sec/batch
INFO:tensorflow:Step: 418, Loss: 5.106811, time: 18.059 sec/batch
INFO:tensorflow:Step: 419, Loss: 5.562324, time: 19.221 sec/batch
INFO:tensorflow:Step: 420, Loss: 4.963152, time: 16.916 sec/batch
INFO:tensorflow:Step: 421, Loss: 5.738845, time: 18.505 sec/batch
INFO:tensorflow:Step: 422, Loss: 5.647457, time: 19.158 sec/batch
INFO:tensorflow:Step: 423, Loss: 5.024866, time: 19.492 sec/batch
INFO:tensorflow:Step: 424, Loss: 5.472431, time: 19.306 sec/batch
INFO:tensorflow:Step: 425, Loss: 5.324732, time: 18.367 sec/batch
INFO:tensorflow:Step: 426, Loss: 5.181254, time: 17.700 sec/batch
INFO:tensorflow:Step: 427, Loss: 5.413889, time: 19.229 sec/batch
INFO:tensorflow:Step: 428, Loss: 5.075762, time: 18.749 sec/batch
INFO:tensorflow:Step: 429, Loss: 5.354207, time: 19.186 sec/batch
INFO:tensorflow:Step: 430, Loss: 5.688513, time: 17.395 sec/batch
INFO:tensorflow:Step: 431, Loss: 5.320801, time: 16.042 sec/batch
INFO:tensorflow:Step: 432, Loss: 5.030980, time: 17.287 sec/batch
INFO:tensorflow:Step: 433, Loss: 5.183790, time: 18.699 sec/batch
INFO:tensorflow:Step: 434, Loss: 5.884785, time: 18.576 sec/batch
INFO:tensorflow:Step: 435, Loss: 5.362627, time: 19.594 sec/batch
INFO:tensorflow:Step: 436, Loss: 5.062454, time: 17.217 sec/batch
INFO:tensorflow:Step: 437, Loss: 5.820796, time: 18.122 sec/batch
INFO:tensorflow:Step: 438, Loss: 4.973680, time: 16.751 sec/batch
INFO:tensorflow:Step: 439, Loss: 5.341138, time: 18.095 sec/batch
INFO:tensorflow:Step: 440, Loss: 5.553768, time: 19.323 sec/batch
INFO:tensorflow:Step: 441, Loss: 5.561986, time: 18.197 sec/batch
INFO:tensorflow:Step: 442, Loss: 6.078936, time: 17.612 sec/batch
INFO:tensorflow:Step: 443, Loss: 5.412890, time: 16.276 sec/batch
INFO:tensorflow:Step: 444, Loss: 5.134835, time: 18.204 sec/batch
INFO:tensorflow:Step: 445, Loss: 5.283153, time: 18.954 sec/batch
INFO:tensorflow:Step: 446, Loss: 5.620296, time: 16.108 sec/batch
INFO:tensorflow:Step: 447, Loss: 5.846201, time: 16.533 sec/batch
INFO:tensorflow:Step: 448, Loss: 5.405725, time: 19.304 sec/batch
INFO:tensorflow:Step: 449, Loss: 5.353842, time: 18.947 sec/batch
INFO:tensorflow:Step: 450, Loss: 5.597805, time: 18.782 sec/batch
INFO:tensorflow:Step: 451, Loss: 5.058259, time: 19.140 sec/batch
INFO:tensorflow:Step: 452, Loss: 5.118215, time: 18.721 sec/batch
INFO:tensorflow:Step: 453, Loss: 5.713155, time: 18.701 sec/batch
INFO:tensorflow:Step: 454, Loss: 5.132884, time: 17.929 sec/batch
INFO:tensorflow:Step: 455, Loss: 5.038795, time: 18.483 sec/batch
INFO:tensorflow:Step: 456, Loss: 5.623679, time: 19.390 sec/batch
INFO:tensorflow:Step: 457, Loss: 5.316515, time: 18.857 sec/batch
INFO:tensorflow:Step: 458, Loss: 5.712334, time: 18.297 sec/batch
INFO:tensorflow:Step: 459, Loss: 5.840062, time: 17.503 sec/batch
INFO:tensorflow:Step: 460, Loss: 4.933068, time: 17.870 sec/batch
INFO:tensorflow:Step: 461, Loss: 4.902570, time: 19.345 sec/batch
INFO:tensorflow:Step: 462, Loss: 5.708368, time: 18.989 sec/batch
INFO:tensorflow:Step: 463, Loss: 5.129576, time: 18.930 sec/batch
INFO:tensorflow:Step: 464, Loss: 5.667416, time: 19.028 sec/batch
INFO:tensorflow:Step: 465, Loss: 5.201990, time: 18.314 sec/batch
INFO:tensorflow:Step: 466, Loss: 5.628987, time: 18.628 sec/batch
INFO:tensorflow:Step: 467, Loss: 5.056621, time: 19.489 sec/batch
INFO:tensorflow:Step: 468, Loss: 5.593538, time: 18.502 sec/batch
INFO:tensorflow:Step: 469, Loss: 4.922477, time: 18.877 sec/batch
INFO:tensorflow:Step: 470, Loss: 5.458749, time: 17.736 sec/batch
INFO:tensorflow:Step: 471, Loss: 5.183177, time: 17.797 sec/batch
INFO:tensorflow:Step: 472, Loss: 5.917132, time: 16.837 sec/batch
INFO:tensorflow:Step: 473, Loss: 5.142525, time: 18.959 sec/batch
INFO:tensorflow:Step: 474, Loss: 5.604902, time: 18.873 sec/batch
INFO:tensorflow:Step: 475, Loss: 5.067601, time: 19.058 sec/batch
INFO:tensorflow:Step: 476, Loss: 4.996155, time: 17.982 sec/batch
INFO:tensorflow:Step: 477, Loss: 5.530680, time: 20.002 sec/batch
run-expr-32node.sh: line 23: 12034 Terminated              CUDA_VISIBLE_DEVICES='' bazel-bin/inception/imagenet_distributed_train --batch_size=16 --data_dir=/lfs/local/0/daniter/16node-data-$2 --job_name='worker' --task_id=$2 --ps_hosts='raiders1:2200' --worker_hosts='raiders1:2201,raiders1:2202,raiders1:2203,raiders1:2204,raiders2:2205,raiders2:2206,raiders2:2207,raiders2:2208,raiders3:2209,raiders3:2210,raiders3:2211,raiders3:2212,raiders8:2213,raiders8:2214,raiders8:2215,raiders8:2216' --initial_learning_rate=$3 --momentum=$4 --sync=True --compute_groups=$5
