I tensorflow/stream_executor/dso_loader.cc:105] successfully opened CUDA library libcublas.so locally
I tensorflow/stream_executor/dso_loader.cc:105] successfully opened CUDA library libcudnn.so locally
I tensorflow/stream_executor/dso_loader.cc:105] successfully opened CUDA library libcufft.so locally
I tensorflow/stream_executor/dso_loader.cc:105] successfully opened CUDA library libcuda.so.1 locally
I tensorflow/stream_executor/dso_loader.cc:105] successfully opened CUDA library libcurand.so locally
INFO:tensorflow:PS hosts are: ['localhost:2228']
INFO:tensorflow:Worker hosts are: ['raiders1:2200', 'raiders1:2201', 'raiders3:2209', 'raiders3:2210']
E tensorflow/stream_executor/cuda/cuda_driver.cc:481] failed call to cuInit: CUDA_ERROR_NO_DEVICE
I tensorflow/stream_executor/cuda/cuda_diagnostics.cc:114] retrieving CUDA diagnostic information for host: raiders1
I tensorflow/stream_executor/cuda/cuda_diagnostics.cc:121] hostname: raiders1
I tensorflow/stream_executor/cuda/cuda_diagnostics.cc:146] libcuda reported version is: 367.27
I tensorflow/stream_executor/cuda/cuda_diagnostics.cc:257] driver version file contents: """NVRM version: NVIDIA UNIX x86_64 Kernel Module  367.27  Thu Jun  9 18:53:27 PDT 2016
GCC version:  gcc version 4.8.4 (Ubuntu 4.8.4-2ubuntu1~14.04.3) 
"""
I tensorflow/stream_executor/cuda/cuda_diagnostics.cc:150] kernel reported version is: 367.27
I tensorflow/stream_executor/cuda/cuda_diagnostics.cc:226] kernel version seems to match DSO: 367.27
I tensorflow/core/common_runtime/gpu/gpu_init.cc:81] No GPU devices available on machine.
I tensorflow/core/distributed_runtime/rpc/grpc_channel.cc:206] Initialize HostPortsGrpcChannelCache for job ps -> {localhost:2228}
I tensorflow/core/distributed_runtime/rpc/grpc_channel.cc:206] Initialize HostPortsGrpcChannelCache for job worker -> {raiders1:2200, raiders1:2201, raiders3:2209, raiders3:2210}
I tensorflow/core/distributed_runtime/rpc/grpc_server_lib.cc:202] Started server with target: grpc://localhost:2228
E0717 19:55:57.469375216   28491 parsing.c:695]              ignoring out of order new grpc_chttp2_stream request on server; last grpc_chttp2_stream id=559, new grpc_chttp2_stream id=557
I tensorflow/core/kernels/logging_ops.cc:79] ~~~~~ daniter~~~ GLobalstep:[399][-0.00038038197 0.00013691747...]
I tensorflow/core/kernels/logging_ops.cc:79] ~~~~~ daniter~~~ GLobalstep:[400][0.00013275437 -0.00010334727...]
I tensorflow/core/kernels/logging_ops.cc:79] ~~~~~ daniter~~~ GLobalstep:[401][-0.00011102635 0.00011903836...]
I tensorflow/core/kernels/logging_ops.cc:79] ~~~~~ daniter~~~ GLobalstep:[402][0.00018495707 -7.6929115e-05...]
I tensorflow/core/kernels/logging_ops.cc:79] ~~~~~ daniter~~~ GLobalstep:[403][0.00080033793 -0.00016378156...]
I tensorflow/core/kernels/logging_ops.cc:79] ~~~~~ daniter~~~ GLobalstep:[404][-0.00021668292 7.6849392e-07...]
I tensorflow/core/kernels/logging_ops.cc:79] ~~~~~ daniter~~~ GLobalstep:[405][0.00022514042 -0.00023257782...]
I tensorflow/core/kernels/logging_ops.cc:79] ~~~~~ daniter~~~ GLobalstep:[406][0.00030176764 -0.00012439206...]
I tensorflow/core/kernels/logging_ops.cc:79] ~~~~~ daniter~~~ GLobalstep:[407][-0.00034530734 0.00018103069...]
I tensorflow/core/kernels/logging_ops.cc:79] ~~~~~ daniter~~~ GLobalstep:[408][0.00011201531 4.4153094e-05...]
I tensorflow/core/kernels/logging_ops.cc:79] ~~~~~ daniter~~~ GLobalstep:[409][5.8661903e-05 -1.7330773e-05...]
I tensorflow/core/kernels/logging_ops.cc:79] ~~~~~ daniter~~~ GLobalstep:[410][-0.00011612317 0.00012395917...]
I tensorflow/core/kernels/logging_ops.cc:79] ~~~~~ daniter~~~ GLobalstep:[411][-0.00017974243 0.00013643505...]
I tensorflow/core/kernels/logging_ops.cc:79] ~~~~~ daniter~~~ GLobalstep:[412][0.0001994596 -1.4867235e-05...]
I tensorflow/core/kernels/logging_ops.cc:79] ~~~~~ daniter~~~ GLobalstep:[413][-0.000527897 6.6997054e-05...]
I tensorflow/core/kernels/logging_ops.cc:79] ~~~~~ daniter~~~ GLobalstep:[414][8.9487534e-05 0.00019822281...]
I tensorflow/core/kernels/logging_ops.cc:79] ~~~~~ daniter~~~ GLobalstep:[415][0.00032807252 3.1544641e-05...]
I tensorflow/core/kernels/logging_ops.cc:79] ~~~~~ daniter~~~ GLobalstep:[416][-0.00035709824 5.8292284e-05...]
I tensorflow/core/kernels/logging_ops.cc:79] ~~~~~ daniter~~~ GLobalstep:[417][0.000139161 -5.8904781e-05...]
I tensorflow/core/kernels/logging_ops.cc:79] ~~~~~ daniter~~~ GLobalstep:[418][0.00030179491 3.3445813e-05...]
I tensorflow/core/kernels/logging_ops.cc:79] ~~~~~ daniter~~~ GLobalstep:[418][-4.8494327e-05 0.00023428471...]
I tensorflow/core/kernels/logging_ops.cc:79] ~~~~~ daniter~~~ GLobalstep:[420][-2.8769935e-05 -7.3266157e-05...]
I tensorflow/core/kernels/logging_ops.cc:79] ~~~~~ daniter~~~ GLobalstep:[421][0.00040752758 0.00025183457...]
I tensorflow/core/kernels/logging_ops.cc:79] ~~~~~ daniter~~~ GLobalstep:[422][9.7221637e-05 0.0002397341...]
I tensorflow/core/kernels/logging_ops.cc:79] ~~~~~ daniter~~~ GLobalstep:[422][0.00020746664 0.00012700589...]
I tensorflow/core/kernels/logging_ops.cc:79] ~~~~~ daniter~~~ GLobalstep:[424][-0.00023932713 -6.948776e-07...]
I tensorflow/core/kernels/logging_ops.cc:79] ~~~~~ daniter~~~ GLobalstep:[424][5.6028985e-05 -0.00024076663...]
I tensorflow/core/kernels/logging_ops.cc:79] ~~~~~ daniter~~~ GLobalstep:[426][-1.2272234e-05 6.4660644e-06...]
I tensorflow/core/kernels/logging_ops.cc:79] ~~~~~ daniter~~~ GLobalstep:[426][-0.00041326202 0.00014366883...]
I tensorflow/core/kernels/logging_ops.cc:79] ~~~~~ daniter~~~ GLobalstep:[428][-0.0008085146 -0.00044630258...]
I tensorflow/core/kernels/logging_ops.cc:79] ~~~~~ daniter~~~ GLobalstep:[429][0.00011073215 -0.00023340924...]
I tensorflow/core/kernels/logging_ops.cc:79] ~~~~~ daniter~~~ GLobalstep:[429][0.00037762432 0.00022828039...]
I tensorflow/core/kernels/logging_ops.cc:79] ~~~~~ daniter~~~ GLobalstep:[431][8.4618987e-05 -0.00032022677...]
I tensorflow/core/kernels/logging_ops.cc:79] ~~~~~ daniter~~~ GLobalstep:[431][-0.0010916082 -0.00023125138...]
I tensorflow/core/kernels/logging_ops.cc:79] ~~~~~ daniter~~~ GLobalstep:[433][0.00017502747 -0.00025592188...]
I tensorflow/core/kernels/logging_ops.cc:79] ~~~~~ daniter~~~ GLobalstep:[434][5.5177159e-05 -0.0001171754...]
I tensorflow/core/kernels/logging_ops.cc:79] ~~~~~ daniter~~~ GLobalstep:[434][-0.00021561768 -0.00018517321...]
I tensorflow/core/kernels/logging_ops.cc:79] ~~~~~ daniter~~~ GLobalstep:[435][-0.00036976518 -0.00017040283...]
I tensorflow/core/kernels/logging_ops.cc:79] ~~~~~ daniter~~~ GLobalstep:[436][-0.0007020717 -0.00034323579...]
I tensorflow/core/kernels/logging_ops.cc:79] ~~~~~ daniter~~~ GLobalstep:[438][-0.00010689395 -1.7867958e-05...]
I tensorflow/core/kernels/logging_ops.cc:79] ~~~~~ daniter~~~ GLobalstep:[439][5.6016186e-05 -0.00020551911...]
I tensorflow/core/kernels/logging_ops.cc:79] ~~~~~ daniter~~~ GLobalstep:[440][-0.00066519424 8.7909437e-05...]
I tensorflow/core/kernels/logging_ops.cc:79] ~~~~~ daniter~~~ GLobalstep:[441][-0.00030095584 8.3021987e-06...]
I tensorflow/core/kernels/logging_ops.cc:79] ~~~~~ daniter~~~ GLobalstep:[442][-0.00016419092 0.00037644684...]
I tensorflow/core/kernels/logging_ops.cc:79] ~~~~~ daniter~~~ GLobalstep:[443][0.00046308973 -8.946599e-05...]
I tensorflow/core/kernels/logging_ops.cc:79] ~~~~~ daniter~~~ GLobalstep:[444][-0.00013886495 1.37482e-05...]
I tensorflow/core/kernels/logging_ops.cc:79] ~~~~~ daniter~~~ GLobalstep:[445][-6.3857282e-05 -8.2548868e-05...]
I tensorflow/core/kernels/logging_ops.cc:79] ~~~~~ daniter~~~ GLobalstep:[446][-0.00016046864 -1.107661e-05...]
I tensorflow/core/kernels/logging_ops.cc:79] ~~~~~ daniter~~~ GLobalstep:[447][0.00024237535 0.00011155882...]
I tensorflow/core/kernels/logging_ops.cc:79] ~~~~~ daniter~~~ GLobalstep:[447][-4.6717534e-05 7.6801807e-05...]
I tensorflow/core/kernels/logging_ops.cc:79] ~~~~~ daniter~~~ GLobalstep:[448][-0.00029266378 0.00011786551...]
I tensorflow/core/kernels/logging_ops.cc:79] ~~~~~ daniter~~~ GLobalstep:[450][0.00020281589 5.5244716e-05...]
I tensorflow/core/kernels/logging_ops.cc:79] ~~~~~ daniter~~~ GLobalstep:[451][-0.00026306696 6.4057007e-05...]
I tensorflow/core/kernels/logging_ops.cc:79] ~~~~~ daniter~~~ GLobalstep:[452][8.4962281e-05 0.00021102802...]
I tensorflow/core/kernels/logging_ops.cc:79] ~~~~~ daniter~~~ GLobalstep:[452][-0.00033575096 0.00032057878...]
I tensorflow/core/kernels/logging_ops.cc:79] ~~~~~ daniter~~~ GLobalstep:[453][0.00016758735 0.00054672128...]
I tensorflow/core/kernels/logging_ops.cc:79] ~~~~~ daniter~~~ GLobalstep:[454][-0.00017556187 -7.4125266e-05...]
I tensorflow/core/kernels/logging_ops.cc:79] ~~~~~ daniter~~~ GLobalstep:[456][0.00010313546 -7.5240539e-05...]
I tensorflow/core/kernels/logging_ops.cc:79] ~~~~~ daniter~~~ GLobalstep:[457][8.8621266e-05 -9.0536836e-05...]
I tensorflow/core/kernels/logging_ops.cc:79] ~~~~~ daniter~~~ GLobalstep:[458][-0.00014957733 8.7286433e-05...]
I tensorflow/core/kernels/logging_ops.cc:79] ~~~~~ daniter~~~ GLobalstep:[458][0.00012204322 -5.4000426e-05...]
I tensorflow/core/kernels/logging_ops.cc:79] ~~~~~ daniter~~~ GLobalstep:[458][3.5665144e-05 0.00013195018...]
I tensorflow/core/kernels/logging_ops.cc:79] ~~~~~ daniter~~~ GLobalstep:[461][0.00031866325 3.5911e-05...]
I tensorflow/core/kernels/logging_ops.cc:79] ~~~~~ daniter~~~ GLobalstep:[462][0.00015645289 0.00018821524...]
I tensorflow/core/kernels/logging_ops.cc:79] ~~~~~ daniter~~~ GLobalstep:[462][-0.00012123676 -0.00021410125...]
I tensorflow/core/kernels/logging_ops.cc:79] ~~~~~ daniter~~~ GLobalstep:[462][-0.000559773 -0.00010549428...]
I tensorflow/core/kernels/logging_ops.cc:79] ~~~~~ daniter~~~ GLobalstep:[465][-0.0001405583 5.0970051e-05...]
I tensorflow/core/kernels/logging_ops.cc:79] ~~~~~ daniter~~~ GLobalstep:[466][0.00029615944 -0.00015718908...]
I tensorflow/core/kernels/logging_ops.cc:79] ~~~~~ daniter~~~ GLobalstep:[467][0.00030536315 0.00011238486...]
I tensorflow/core/kernels/logging_ops.cc:79] ~~~~~ daniter~~~ GLobalstep:[467][-0.00067532185 -0.00025970183...]
I tensorflow/core/kernels/logging_ops.cc:79] ~~~~~ daniter~~~ GLobalstep:[469][-0.00039000958 1.5528956e-05...]
I tensorflow/core/kernels/logging_ops.cc:79] ~~~~~ daniter~~~ GLobalstep:[469][7.0600086e-05 -7.9770005e-05...]
I tensorflow/core/kernels/logging_ops.cc:79] ~~~~~ daniter~~~ GLobalstep:[471][-0.00048532576 -3.8122009e-05...]
I tensorflow/core/kernels/logging_ops.cc:79] ~~~~~ daniter~~~ GLobalstep:[472][0.00023854783 0.00022288988...]
I tensorflow/core/kernels/logging_ops.cc:79] ~~~~~ daniter~~~ GLobalstep:[473][-0.0002597025 -8.30698e-05...]
I tensorflow/core/kernels/logging_ops.cc:79] ~~~~~ daniter~~~ GLobalstep:[473][-0.00010634641 -0.00015090399...]
I tensorflow/core/kernels/logging_ops.cc:79] ~~~~~ daniter~~~ GLobalstep:[475][0.00010776321 -0.00018509841...]
I tensorflow/core/kernels/logging_ops.cc:79] ~~~~~ daniter~~~ GLobalstep:[476][0.0010033038 -3.6166573e-05...]
I tensorflow/core/kernels/logging_ops.cc:79] ~~~~~ daniter~~~ GLobalstep:[477][0.00047234615 1.7603317e-05...]
I tensorflow/core/kernels/logging_ops.cc:79] ~~~~~ daniter~~~ GLobalstep:[477][0.00034400763 0.00013623743...]
I tensorflow/core/kernels/logging_ops.cc:79] ~~~~~ daniter~~~ GLobalstep:[478][-0.00098600343 -0.00021848161...]
I tensorflow/core/kernels/logging_ops.cc:79] ~~~~~ daniter~~~ GLobalstep:[480][-0.000537983 -0.00020030198...]
I tensorflow/core/kernels/logging_ops.cc:79] ~~~~~ daniter~~~ GLobalstep:[481][-0.00043049603 -2.3328726e-05...]
I tensorflow/core/kernels/logging_ops.cc:79] ~~~~~ daniter~~~ GLobalstep:[482][-0.00010580263 -0.00017236819...]
I tensorflow/core/kernels/logging_ops.cc:79] ~~~~~ daniter~~~ GLobalstep:[482][4.3068158e-05 7.0893708e-05...]
I tensorflow/core/kernels/logging_ops.cc:79] ~~~~~ daniter~~~ GLobalstep:[484][-0.00060648465 -4.1515075e-05...]
I tensorflow/core/kernels/logging_ops.cc:79] ~~~~~ daniter~~~ GLobalstep:[485][5.3913336e-05 -0.00012442192...]
I tensorflow/core/kernels/logging_ops.cc:79] ~~~~~ daniter~~~ GLobalstep:[486][0.00027532395 0.00037513149...]
I tensorflow/core/kernels/logging_ops.cc:79] ~~~~~ daniter~~~ GLobalstep:[487][0.00013752983 0.00026393274...]
I tensorflow/core/kernels/logging_ops.cc:79] ~~~~~ daniter~~~ GLobalstep:[488][-0.00054242328 -7.9485551e-05...]
I tensorflow/core/kernels/logging_ops.cc:79] ~~~~~ daniter~~~ GLobalstep:[488][-0.0004146116 0.00033961167...]
I tensorflow/core/kernels/logging_ops.cc:79] ~~~~~ daniter~~~ GLobalstep:[489][1.1647118e-05 -4.1845931e-05...]
I tensorflow/core/kernels/logging_ops.cc:79] ~~~~~ daniter~~~ GLobalstep:[490][-5.2774962e-05 0.00018181825...]
I tensorflow/core/kernels/logging_ops.cc:79] ~~~~~ daniter~~~ GLobalstep:[492][-0.00012617037 -0.00014225714...]
I tensorflow/core/kernels/logging_ops.cc:79] ~~~~~ daniter~~~ GLobalstep:[492][0.00010913701 2.9742188e-05...]
I tensorflow/core/kernels/logging_ops.cc:79] ~~~~~ daniter~~~ GLobalstep:[494][4.3585605e-05 -0.000679848...]
I tensorflow/core/kernels/logging_ops.cc:79] ~~~~~ daniter~~~ GLobalstep:[495][-0.00023828876 -0.00016313247...]
I tensorflow/core/kernels/logging_ops.cc:79] ~~~~~ daniter~~~ GLobalstep:[496][0.00021686839 0.00035846143...]
I tensorflow/core/kernels/logging_ops.cc:79] ~~~~~ daniter~~~ GLobalstep:[496][-0.00035914706 0.00016131939...]
I tensorflow/core/kernels/logging_ops.cc:79] ~~~~~ daniter~~~ GLobalstep:[498][2.8081442e-05 2.9068851e-05...]
I tensorflow/core/kernels/logging_ops.cc:79] ~~~~~ daniter~~~ GLobalstep:[499][-4.0984836e-05 -0.00020095985...]
I tensorflow/core/kernels/logging_ops.cc:79] ~~~~~ daniter~~~ GLobalstep:[500][1.1586017e-05 -0.0001164164...]
I tensorflow/core/kernels/logging_ops.cc:79] ~~~~~ daniter~~~ GLobalstep:[500][0.00023159216 0.00014989132...]
I tensorflow/core/kernels/logging_ops.cc:79] ~~~~~ daniter~~~ GLobalstep:[501][0.00039335643 0.00029424706...]
I tensorflow/core/kernels/logging_ops.cc:79] ~~~~~ daniter~~~ GLobalstep:[503][-0.00018238011 0.00035874147...]
I tensorflow/core/kernels/logging_ops.cc:79] ~~~~~ daniter~~~ GLobalstep:[504][0.0001252746 -0.00018248192...]
I tensorflow/core/kernels/logging_ops.cc:79] ~~~~~ daniter~~~ GLobalstep:[505][0.00025585855 -0.00010180182...]
I tensorflow/core/kernels/logging_ops.cc:79] ~~~~~ daniter~~~ GLobalstep:[505][-0.000114812 9.5478943e-05...]
I tensorflow/core/kernels/logging_ops.cc:79] ~~~~~ daniter~~~ GLobalstep:[507][9.122723e-06 -5.2968717e-05...]
I tensorflow/core/kernels/logging_ops.cc:79] ~~~~~ daniter~~~ GLobalstep:[507][1.9221852e-06 2.9157403e-05...]
I tensorflow/core/kernels/logging_ops.cc:79] ~~~~~ daniter~~~ GLobalstep:[509][-9.8911252e-05 3.4435972e-05...]
I tensorflow/core/kernels/logging_ops.cc:79] ~~~~~ daniter~~~ GLobalstep:[510][-8.9154426e-05 0.00021938...]
I tensorflow/core/kernels/logging_ops.cc:79] ~~~~~ daniter~~~ GLobalstep:[511][0.00031261455 0.00024836371...]
I tensorflow/core/kernels/logging_ops.cc:79] ~~~~~ daniter~~~ GLobalstep:[511][3.8278558e-06 0.00026586762...]
I tensorflow/core/kernels/logging_ops.cc:79] ~~~~~ daniter~~~ GLobalstep:[513][-7.0174967e-05 0.00026837457...]
I tensorflow/core/kernels/logging_ops.cc:79] ~~~~~ daniter~~~ GLobalstep:[514][0.00025401567 0.00013387954...]
I tensorflow/core/kernels/logging_ops.cc:79] ~~~~~ daniter~~~ GLobalstep:[515][0.00013614533 -7.426893e-05...]
I tensorflow/core/kernels/logging_ops.cc:79] ~~~~~ daniter~~~ GLobalstep:[516][0.00024766586 4.474599e-05...]
I tensorflow/core/kernels/logging_ops.cc:79] ~~~~~ daniter~~~ GLobalstep:[516][0.00015130496 0.0006016774...]
I tensorflow/core/kernels/logging_ops.cc:79] ~~~~~ daniter~~~ GLobalstep:[518][-0.00056770537 -0.0001056725...]
I tensorflow/core/kernels/logging_ops.cc:79] ~~~~~ daniter~~~ GLobalstep:[518][-7.2058727e-05 1.2499729e-05...]
I tensorflow/core/kernels/logging_ops.cc:79] ~~~~~ daniter~~~ GLobalstep:[520][0.00027660228 0.00022931225...]
I tensorflow/core/kernels/logging_ops.cc:79] ~~~~~ daniter~~~ GLobalstep:[521][-0.00035106132 0.00022486685...]
I tensorflow/core/kernels/logging_ops.cc:79] ~~~~~ daniter~~~ GLobalstep:[522][-1.3909985e-05 9.6751559e-05...]
I tensorflow/core/kernels/logging_ops.cc:79] ~~~~~ daniter~~~ GLobalstep:[523][0.00010276885 2.4182864e-06...]
I tensorflow/core/kernels/logging_ops.cc:79] ~~~~~ daniter~~~ GLobalstep:[524][-0.00025745144 -0.00016387869...]
I tensorflow/core/kernels/logging_ops.cc:79] ~~~~~ daniter~~~ GLobalstep:[525][0.00032217961 0.00028704948...]
I tensorflow/core/kernels/logging_ops.cc:79] ~~~~~ daniter~~~ GLobalstep:[525][0.00024975589 3.737431e-05...]
I tensorflow/core/kernels/logging_ops.cc:79] ~~~~~ daniter~~~ GLobalstep:[527][0.00018611016 -0.00010895063...]
I tensorflow/core/kernels/logging_ops.cc:79] ~~~~~ daniter~~~ GLobalstep:[528][-0.00029822486 2.7631577e-05...]
I tensorflow/core/kernels/logging_ops.cc:79] ~~~~~ daniter~~~ GLobalstep:[529][-0.00018456687 0.00018953221...]
I tensorflow/core/kernels/logging_ops.cc:79] ~~~~~ daniter~~~ GLobalstep:[529][8.6510678e-05 0.00018576544...]
I tensorflow/core/kernels/logging_ops.cc:79] ~~~~~ daniter~~~ GLobalstep:[531][-0.0004718313 0.00013681146...]
I tensorflow/core/kernels/logging_ops.cc:79] ~~~~~ daniter~~~ GLobalstep:[532][0.00027909694 0.0001636002...]
I tensorflow/core/kernels/logging_ops.cc:79] ~~~~~ daniter~~~ GLobalstep:[533][0.00044594941 0.00027255865...]
I tensorflow/core/kernels/logging_ops.cc:79] ~~~~~ daniter~~~ GLobalstep:[533][-9.3054259e-05 -8.1317005e-05...]
I tensorflow/core/kernels/logging_ops.cc:79] ~~~~~ daniter~~~ GLobalstep:[535][-0.00017619101 0.00012451451...]
I tensorflow/core/kernels/logging_ops.cc:79] ~~~~~ daniter~~~ GLobalstep:[535][0.00083271536 -2.4821269e-05...]
I tensorflow/core/kernels/logging_ops.cc:79] ~~~~~ daniter~~~ GLobalstep:[537][0.00048760572 -0.00054514268...]
I tensorflow/core/kernels/logging_ops.cc:79] ~~~~~ daniter~~~ GLobalstep:[537][-7.3101917e-05 8.8186964e-05...]
I tensorflow/core/kernels/logging_ops.cc:79] ~~~~~ daniter~~~ GLobalstep:[539][-0.00068675011 -0.00016897448...]
I tensorflow/core/kernels/logging_ops.cc:79] ~~~~~ daniter~~~ GLobalstep:[539][6.6999986e-05 5.4496842e-05...]
I tensorflow/core/kernels/logging_ops.cc:79] ~~~~~ daniter~~~ GLobalstep:[541][-0.00025449673 -2.9067396e-06...]
I tensorflow/core/kernels/logging_ops.cc:79] ~~~~~ daniter~~~ GLobalstep:[541][4.4161163e-05 0.00036316438...]
I tensorflow/core/kernels/logging_ops.cc:79] ~~~~~ daniter~~~ GLobalstep:[543][-0.00020912314 -0.00017094992...]
I tensorflow/core/kernels/logging_ops.cc:79] ~~~~~ daniter~~~ GLobalstep:[543][-0.00012158707 -7.4334224e-05...]
I tensorflow/core/kernels/logging_ops.cc:79] ~~~~~ daniter~~~ GLobalstep:[544][0.00047982211 -0.00031920878...]
I tensorflow/core/kernels/logging_ops.cc:79] ~~~~~ daniter~~~ GLobalstep:[544][0.00039320573 0.00017534256...]
I tensorflow/core/kernels/logging_ops.cc:79] ~~~~~ daniter~~~ GLobalstep:[547][-0.00037731937 0.00033310379...]
I tensorflow/core/kernels/logging_ops.cc:79] ~~~~~ daniter~~~ GLobalstep:[548][0.000513565 0.0002780123...]
I tensorflow/core/kernels/logging_ops.cc:79] ~~~~~ daniter~~~ GLobalstep:[549][0.00016887588 0.00038928227...]
I tensorflow/core/kernels/logging_ops.cc:79] ~~~~~ daniter~~~ GLobalstep:[549][-0.00033796451 -0.00029794182...]
I tensorflow/core/kernels/logging_ops.cc:79] ~~~~~ daniter~~~ GLobalstep:[551][0.00010818868 5.8737533e-07...]
I tensorflow/core/kernels/logging_ops.cc:79] ~~~~~ daniter~~~ GLobalstep:[552][2.9047609e-05 0.00022427057...]
I tensorflow/core/kernels/logging_ops.cc:79] ~~~~~ daniter~~~ GLobalstep:[553][0.00030142459 0.00018366658...]
I tensorflow/core/kernels/logging_ops.cc:79] ~~~~~ daniter~~~ GLobalstep:[553][2.9670442e-05 -0.00060906674...]
I tensorflow/core/kernels/logging_ops.cc:79] ~~~~~ daniter~~~ GLobalstep:[555][-0.00040848256 0.00026793202...]
I tensorflow/core/kernels/logging_ops.cc:79] ~~~~~ daniter~~~ GLobalstep:[555][-0.00024008965 -2.8643388e-05...]
I tensorflow/core/kernels/logging_ops.cc:79] ~~~~~ daniter~~~ GLobalstep:[557][-0.000228904 -0.00013561487...]
I tensorflow/core/kernels/logging_ops.cc:79] ~~~~~ daniter~~~ GLobalstep:[557][-0.00023747121 -7.2470662e-05...]
I tensorflow/core/kernels/logging_ops.cc:79] ~~~~~ daniter~~~ GLobalstep:[559][0.00046785513 0.0001660938...]
I tensorflow/core/kernels/logging_ops.cc:79] ~~~~~ daniter~~~ GLobalstep:[559][0.00016086764 -0.00025300961...]
I tensorflow/core/kernels/logging_ops.cc:79] ~~~~~ daniter~~~ GLobalstep:[561][6.0299917e-05 -0.00042479232...]
I tensorflow/core/kernels/logging_ops.cc:79] ~~~~~ daniter~~~ GLobalstep:[562][-0.00010604263 4.5124696e-05...]
I tensorflow/core/kernels/logging_ops.cc:79] ~~~~~ daniter~~~ GLobalstep:[563][-0.00021395445 -2.3017965e-06...]
I tensorflow/core/kernels/logging_ops.cc:79] ~~~~~ daniter~~~ GLobalstep:[564][5.8522808e-05 0.00020273254...]
I tensorflow/core/kernels/logging_ops.cc:79] ~~~~~ daniter~~~ GLobalstep:[564][-0.000345709 -1.0690754e-05...]
I tensorflow/core/kernels/logging_ops.cc:79] ~~~~~ daniter~~~ GLobalstep:[566][-0.00022264541 0.00024785104...]
I tensorflow/core/kernels/logging_ops.cc:79] ~~~~~ daniter~~~ GLobalstep:[567][-1.1586681e-05 0.00018234939...]
I tensorflow/core/kernels/logging_ops.cc:79] ~~~~~ daniter~~~ GLobalstep:[567][-9.8604549e-05 0.00010282988...]
I tensorflow/core/kernels/logging_ops.cc:79] ~~~~~ daniter~~~ GLobalstep:[567][-0.0001782491 3.3892127e-05...]
I tensorflow/core/kernels/logging_ops.cc:79] ~~~~~ daniter~~~ GLobalstep:[570][-0.00048351981 -0.00018336059...]
I tensorflow/core/kernels/logging_ops.cc:79] ~~~~~ daniter~~~ GLobalstep:[571][-0.00014377217 0.000240154...]
I tensorflow/core/kernels/logging_ops.cc:79] ~~~~~ daniter~~~ GLobalstep:[571][1.4335264e-05 0.00018474401...]
I tensorflow/core/kernels/logging_ops.cc:79] ~~~~~ daniter~~~ GLobalstep:[572][-0.00034949073 5.4394783e-05...]
I tensorflow/core/kernels/logging_ops.cc:79] ~~~~~ daniter~~~ GLobalstep:[573][-0.00054619653 -0.00021554845...]
I tensorflow/core/kernels/logging_ops.cc:79] ~~~~~ daniter~~~ GLobalstep:[575][-0.00023369554 -0.00017491773...]
I tensorflow/core/kernels/logging_ops.cc:79] ~~~~~ daniter~~~ GLobalstep:[576][-0.00056127307 -0.00015599738...]
I tensorflow/core/kernels/logging_ops.cc:79] ~~~~~ daniter~~~ GLobalstep:[577][7.1104978e-07 -0.00015754531...]
I tensorflow/core/kernels/logging_ops.cc:79] ~~~~~ daniter~~~ GLobalstep:[577][0.0004542869 -0.00012483264...]
I tensorflow/core/kernels/logging_ops.cc:79] ~~~~~ daniter~~~ GLobalstep:[578][-0.00041140316 -3.1320444e-05...]
I tensorflow/core/kernels/logging_ops.cc:79] ~~~~~ daniter~~~ GLobalstep:[579][-0.00010353595 -5.5795532e-05...]
I tensorflow/core/kernels/logging_ops.cc:79] ~~~~~ daniter~~~ GLobalstep:[581][-3.6587728e-05 -0.00014713667...]
I tensorflow/core/kernels/logging_ops.cc:79] ~~~~~ daniter~~~ GLobalstep:[582][-2.489835e-06 -0.00017182532...]
I tensorflow/core/kernels/logging_ops.cc:79] ~~~~~ daniter~~~ GLobalstep:[582][-0.00052549352 -0.00046242774...]
I tensorflow/core/kernels/logging_ops.cc:79] ~~~~~ daniter~~~ GLobalstep:[584][0.00017705098 -0.00012472196...]
I tensorflow/core/kernels/logging_ops.cc:79] ~~~~~ daniter~~~ GLobalstep:[585][-0.00022733081 -0.00027720584...]
I tensorflow/core/kernels/logging_ops.cc:79] ~~~~~ daniter~~~ GLobalstep:[586][0.00015739336 -8.9817e-05...]
I tensorflow/core/kernels/logging_ops.cc:79] ~~~~~ daniter~~~ GLobalstep:[587][-3.784307e-06 -2.3331468e-06...]
I tensorflow/core/kernels/logging_ops.cc:79] ~~~~~ daniter~~~ GLobalstep:[588][-0.00032820663 0.00013816085...]
I tensorflow/core/kernels/logging_ops.cc:79] ~~~~~ daniter~~~ GLobalstep:[589][-0.0002966382 -0.00021169055...]
I tensorflow/core/kernels/logging_ops.cc:79] ~~~~~ daniter~~~ GLobalstep:[589][0.00034169073 9.2558708e-05...]
I tensorflow/core/kernels/logging_ops.cc:79] ~~~~~ daniter~~~ GLobalstep:[590][-0.00064295076 0.00026308198...]
I tensorflow/core/kernels/logging_ops.cc:79] ~~~~~ daniter~~~ GLobalstep:[591][-0.00017616648 0.0001120707...]
I tensorflow/core/kernels/logging_ops.cc:79] ~~~~~ daniter~~~ GLobalstep:[592][0.00036994909 6.1870014e-05...]
I tensorflow/core/kernels/logging_ops.cc:79] ~~~~~ daniter~~~ GLobalstep:[594][-0.00068802957 -0.00037909645...]
I tensorflow/core/kernels/logging_ops.cc:79] ~~~~~ daniter~~~ GLobalstep:[595][-0.00050888228 1.4985837e-05...]
I tensorflow/core/kernels/logging_ops.cc:79] ~~~~~ daniter~~~ GLobalstep:[596][-0.00014996796 -0.00014763285...]
I tensorflow/core/kernels/logging_ops.cc:79] ~~~~~ daniter~~~ GLobalstep:[596][0.00024272077 0.0001501231...]
I tensorflow/core/kernels/logging_ops.cc:79] ~~~~~ daniter~~~ GLobalstep:[598][-0.0001507572 -0.00023496867...]
I tensorflow/core/kernels/logging_ops.cc:79] ~~~~~ daniter~~~ GLobalstep:[599][-0.00032929925 -0.00036811523...]
I tensorflow/core/kernels/logging_ops.cc:79] ~~~~~ daniter~~~ GLobalstep:[599][-0.00020604522 -0.00014221271...]
I tensorflow/core/kernels/logging_ops.cc:79] ~~~~~ daniter~~~ GLobalstep:[601][-0.00012482594 2.1983189e-05...]
I tensorflow/core/kernels/logging_ops.cc:79] ~~~~~ daniter~~~ GLobalstep:[601][-0.00020280325 3.8570652e-06...]
I tensorflow/core/kernels/logging_ops.cc:79] ~~~~~ daniter~~~ GLobalstep:[603][-0.00022883015 -3.618122e-05...]
I tensorflow/core/kernels/logging_ops.cc:79] ~~~~~ daniter~~~ GLobalstep:[603][9.7041069e-05 7.1488423e-05...]
I tensorflow/core/kernels/logging_ops.cc:79] ~~~~~ daniter~~~ GLobalstep:[605][-0.00016039009 0.000471847...]
I tensorflow/core/kernels/logging_ops.cc:79] ~~~~~ daniter~~~ GLobalstep:[605][0.00041773636 0.00037428603...]
I tensorflow/core/kernels/logging_ops.cc:79] ~~~~~ daniter~~~ GLobalstep:[607][-0.0002592541 -0.00025262247...]
I tensorflow/core/kernels/logging_ops.cc:79] ~~~~~ daniter~~~ GLobalstep:[607][-0.00031529806 -0.00017148044...]
I tensorflow/core/kernels/logging_ops.cc:79] ~~~~~ daniter~~~ GLobalstep:[609][0.00023261791 0.00020481189...]
I tensorflow/core/kernels/logging_ops.cc:79] ~~~~~ daniter~~~ GLobalstep:[609][0.00030947808 0.00030619669...]
I tensorflow/core/kernels/logging_ops.cc:79] ~~~~~ daniter~~~ GLobalstep:[611][0.00026558613 -5.1012779e-05...]
I tensorflow/core/kernels/logging_ops.cc:79] ~~~~~ daniter~~~ GLobalstep:[611][0.00029540597 0.00012667895...]
I tensorflow/core/kernels/logging_ops.cc:79] ~~~~~ daniter~~~ GLobalstep:[613][1.098988e-05 -8.1234739e-06...]
I tensorflow/core/kernels/logging_ops.cc:79] ~~~~~ daniter~~~ GLobalstep:[613][-0.00016369681 -8.6383792e-05...]
I tensorflow/core/kernels/logging_ops.cc:79] ~~~~~ daniter~~~ GLobalstep:[615][4.4497843e-05 1.4605413e-05...]
I tensorflow/core/kernels/logging_ops.cc:79] ~~~~~ daniter~~~ GLobalstep:[615][-0.00025961021 -0.00011963311...]
I tensorflow/core/kernels/logging_ops.cc:79] ~~~~~ daniter~~~ GLobalstep:[617][-0.00031276932 0.0002358098...]
I tensorflow/core/kernels/logging_ops.cc:79] ~~~~~ daniter~~~ GLobalstep:[618][-0.000395154 0.000254247...]
I tensorflow/core/kernels/logging_ops.cc:79] ~~~~~ daniter~~~ GLobalstep:[618][0.00019086647 -0.00032571756...]
I tensorflow/core/kernels/logging_ops.cc:79] ~~~~~ daniter~~~ GLobalstep:[620][-0.00012663152 4.4418506e-05...]
I tensorflow/core/kernels/logging_ops.cc:79] ~~~~~ daniter~~~ GLobalstep:[621][0.00038823896 7.1680864e-05...]
I tensorflow/core/kernels/logging_ops.cc:79] ~~~~~ daniter~~~ GLobalstep:[622][0.00034965374 5.4748438e-05...]
I tensorflow/core/kernels/logging_ops.cc:79] ~~~~~ daniter~~~ GLobalstep:[623][0.00031389392 0.00011778257...]
I tensorflow/core/kernels/logging_ops.cc:79] ~~~~~ daniter~~~ GLobalstep:[623][0.00011846609 -0.00026395384...]
I tensorflow/core/kernels/logging_ops.cc:79] ~~~~~ daniter~~~ GLobalstep:[625][7.71305e-05 0.00020970294...]
I tensorflow/core/kernels/logging_ops.cc:79] ~~~~~ daniter~~~ GLobalstep:[626][7.8281053e-05 0.00022832766...]
I tensorflow/core/kernels/logging_ops.cc:79] ~~~~~ daniter~~~ GLobalstep:[627][-0.00021018478 -5.5528293e-05...]
I tensorflow/core/kernels/logging_ops.cc:79] ~~~~~ daniter~~~ GLobalstep:[627][-0.00019623543 -0.00027998403...]
I tensorflow/core/kernels/logging_ops.cc:79] ~~~~~ daniter~~~ GLobalstep:[629][-9.785829e-05 9.3099748e-05...]
I tensorflow/core/kernels/logging_ops.cc:79] ~~~~~ daniter~~~ GLobalstep:[629][-0.0001065769 0.00012668758...]
I tensorflow/core/kernels/logging_ops.cc:79] ~~~~~ daniter~~~ GLobalstep:[631][-0.0001421012 4.6014165e-06...]
I tensorflow/core/kernels/logging_ops.cc:79] ~~~~~ daniter~~~ GLobalstep:[631][-0.00021028084 -0.00034023949...]
I tensorflow/core/kernels/logging_ops.cc:79] ~~~~~ daniter~~~ GLobalstep:[633][-0.00051902275 -0.00028755344...]
I tensorflow/core/kernels/logging_ops.cc:79] ~~~~~ daniter~~~ GLobalstep:[633][-0.0005110015 -0.00028079338...]
I tensorflow/core/kernels/logging_ops.cc:79] ~~~~~ daniter~~~ GLobalstep:[635][0.0003469029 2.828365e-05...]
I tensorflow/core/kernels/logging_ops.cc:79] ~~~~~ daniter~~~ GLobalstep:[636][0.00069458358 9.7212205e-06...]
I tensorflow/core/kernels/logging_ops.cc:79] ~~~~~ daniter~~~ GLobalstep:[637][0.00026768105 7.8838944e-05...]
I tensorflow/core/kernels/logging_ops.cc:79] ~~~~~ daniter~~~ GLobalstep:[637][0.00029717272 0.00012919515...]
I tensorflow/core/kernels/logging_ops.cc:79] ~~~~~ daniter~~~ GLobalstep:[639][-0.00061422057 -0.00041223603...]
I tensorflow/core/kernels/logging_ops.cc:79] ~~~~~ daniter~~~ GLobalstep:[640][0.00016724998 0.00028782638...]
I tensorflow/core/kernels/logging_ops.cc:79] ~~~~~ daniter~~~ GLobalstep:[641][-4.8519745e-05 -0.00040328785...]
I tensorflow/core/kernels/logging_ops.cc:79] ~~~~~ daniter~~~ GLobalstep:[641][-4.7507143e-05 -0.00040284902...]
I tensorflow/core/kernels/logging_ops.cc:79] ~~~~~ daniter~~~ GLobalstep:[643][0.00059912913 3.4818564e-05...]
I tensorflow/core/kernels/logging_ops.cc:79] ~~~~~ daniter~~~ GLobalstep:[643][-1.7024588e-05 8.6549962e-06...]
I tensorflow/core/kernels/logging_ops.cc:79] ~~~~~ daniter~~~ GLobalstep:[645][-0.00016723773 -0.00023499658...]
I tensorflow/core/kernels/logging_ops.cc:79] ~~~~~ daniter~~~ GLobalstep:[646][-0.00018430741 -0.00015490482...]
I tensorflow/core/kernels/logging_ops.cc:79] ~~~~~ daniter~~~ GLobalstep:[647][3.2239222e-07 0.00014145469...]
I tensorflow/core/kernels/logging_ops.cc:79] ~~~~~ daniter~~~ GLobalstep:[647][-2.9816145e-05 2.5575677e-05...]
I tensorflow/core/kernels/logging_ops.cc:79] ~~~~~ daniter~~~ GLobalstep:[649][-0.0001357118 0.00022813721...]
I tensorflow/core/kernels/logging_ops.cc:79] ~~~~~ daniter~~~ GLobalstep:[650][-0.00013426176 0.00022872875...]
I tensorflow/core/kernels/logging_ops.cc:79] ~~~~~ daniter~~~ GLobalstep:[651][-0.00035829347 -7.3177493e-05...]
I tensorflow/core/kernels/logging_ops.cc:79] ~~~~~ daniter~~~ GLobalstep:[652][6.1615945e-05 -5.2248906e-06...]
I tensorflow/core/kernels/logging_ops.cc:79] ~~~~~ daniter~~~ GLobalstep:[652][-0.00025127779 0.0002513428...]
I tensorflow/core/kernels/logging_ops.cc:79] ~~~~~ daniter~~~ GLobalstep:[654][-0.00025244075 0.00025131364...]
I tensorflow/core/kernels/logging_ops.cc:79] ~~~~~ daniter~~~ GLobalstep:[655][-0.00041989167 -0.00011204152...]
I tensorflow/core/kernels/logging_ops.cc:79] ~~~~~ daniter~~~ GLobalstep:[656][0.00040128489 0.00018639264...]
I tensorflow/core/kernels/logging_ops.cc:79] ~~~~~ daniter~~~ GLobalstep:[656][-9.7782373e-05 1.1139988e-05...]
I tensorflow/core/kernels/logging_ops.cc:79] ~~~~~ daniter~~~ GLobalstep:[658][0.00039491733 0.00016140581...]
I tensorflow/core/kernels/logging_ops.cc:79] ~~~~~ daniter~~~ GLobalstep:[658][0.00029872332 0.00016699135...]
I tensorflow/core/kernels/logging_ops.cc:79] ~~~~~ daniter~~~ GLobalstep:[660][-5.9777532e-05 -0.00011501693...]
I tensorflow/core/kernels/logging_ops.cc:79] ~~~~~ daniter~~~ GLobalstep:[661][-0.00027838527 0.0001809658...]
I tensorflow/core/kernels/logging_ops.cc:79] ~~~~~ daniter~~~ GLobalstep:[662][-0.00033565494 0.00014660467...]
I tensorflow/core/kernels/logging_ops.cc:79] ~~~~~ daniter~~~ GLobalstep:[662][-0.00025112249 -0.00027409696...]
I tensorflow/core/kernels/logging_ops.cc:79] ~~~~~ daniter~~~ GLobalstep:[664][-0.0001679038 -5.6584449e-05...]
I tensorflow/core/kernels/logging_ops.cc:79] ~~~~~ daniter~~~ GLobalstep:[665][-6.6782581e-05 -0.00016630116...]
I tensorflow/core/kernels/logging_ops.cc:79] ~~~~~ daniter~~~ GLobalstep:[665][-0.00016678788 -5.5232722e-05...]
I tensorflow/core/kernels/logging_ops.cc:79] ~~~~~ daniter~~~ GLobalstep:[666][0.00028443558 -6.6871915e-05...]
I tensorflow/core/kernels/logging_ops.cc:79] ~~~~~ daniter~~~ GLobalstep:[668][-2.6382599e-05 1.0513948e-05...]
I tensorflow/core/kernels/logging_ops.cc:79] ~~~~~ daniter~~~ GLobalstep:[669][0.00020764697 0.00016127463...]
I tensorflow/core/kernels/logging_ops.cc:79] ~~~~~ daniter~~~ GLobalstep:[670][-3.6530757e-05 2.2299882e-05...]
I tensorflow/core/kernels/logging_ops.cc:79] ~~~~~ daniter~~~ GLobalstep:[671][-0.00035548498 -0.00014966489...]
I tensorflow/core/kernels/logging_ops.cc:79] ~~~~~ daniter~~~ GLobalstep:[671][0.00033016456 -0.00014123572...]
I tensorflow/core/kernels/logging_ops.cc:79] ~~~~~ daniter~~~ GLobalstep:[673][0.00026832338 -0.00014876018...]
I tensorflow/core/kernels/logging_ops.cc:79] ~~~~~ daniter~~~ GLobalstep:[673][0.00012402383 -0.000171237...]
I tensorflow/core/kernels/logging_ops.cc:79] ~~~~~ daniter~~~ GLobalstep:[675][-0.00038070264 -0.0014446954...]
I tensorflow/core/kernels/logging_ops.cc:79] ~~~~~ daniter~~~ GLobalstep:[675][-5.1372968e-05 -3.6067744e-05...]
I tensorflow/core/kernels/logging_ops.cc:79] ~~~~~ daniter~~~ GLobalstep:[677][0.00050896854 -0.00057582208...]
I tensorflow/core/kernels/logging_ops.cc:79] ~~~~~ daniter~~~ GLobalstep:[677][8.2562619e-05 -8.2868646e-05...]
I tensorflow/core/kernels/logging_ops.cc:79] ~~~~~ daniter~~~ GLobalstep:[679][0.00010008579 0.00021073813...]
I tensorflow/core/kernels/logging_ops.cc:79] ~~~~~ daniter~~~ GLobalstep:[680][-0.00020589241 -0.00031581573...]
I tensorflow/core/kernels/logging_ops.cc:79] ~~~~~ daniter~~~ GLobalstep:[680][0.00010736686 0.00023272957...]
I tensorflow/core/kernels/logging_ops.cc:79] ~~~~~ daniter~~~ GLobalstep:[682][-0.00010578111 -2.4912983e-05...]
I tensorflow/core/kernels/logging_ops.cc:79] ~~~~~ daniter~~~ GLobalstep:[683][0.00012490334 0.00027724513...]
I tensorflow/core/kernels/logging_ops.cc:79] ~~~~~ daniter~~~ GLobalstep:[684][-0.00023871211 -0.00029863062...]
I tensorflow/core/kernels/logging_ops.cc:79] ~~~~~ daniter~~~ GLobalstep:[684][8.4599087e-05 0.00033607136...]
I tensorflow/core/kernels/logging_ops.cc:79] ~~~~~ daniter~~~ GLobalstep:[685][-1.4205245e-05 0.00030841742...]
I tensorflow/core/kernels/logging_ops.cc:79] ~~~~~ daniter~~~ GLobalstep:[687][-0.00015437671 -0.00020336577...]
I tensorflow/core/kernels/logging_ops.cc:79] ~~~~~ daniter~~~ GLobalstep:[688][-0.00016482914 -0.00026801042...]
I tensorflow/core/kernels/logging_ops.cc:79] ~~~~~ daniter~~~ GLobalstep:[689][2.7024736e-05 -0.00015686314...]
I tensorflow/core/kernels/logging_ops.cc:79] ~~~~~ daniter~~~ GLobalstep:[689][-0.00015456387 -4.0884566e-05...]
I tensorflow/core/kernels/logging_ops.cc:79] ~~~~~ daniter~~~ GLobalstep:[690][-0.00046003913 6.0301536e-06...]
I tensorflow/core/kernels/logging_ops.cc:79] ~~~~~ daniter~~~ GLobalstep:[692][-0.00046134627 6.2911722e-06...]
I tensorflow/core/kernels/logging_ops.cc:79] ~~~~~ daniter~~~ GLobalstep:[693][0.00044664938 1.4886325e-05...]
I tensorflow/core/kernels/logging_ops.cc:79] ~~~~~ daniter~~~ GLobalstep:[694][0.00028324421 -0.00027281628...]
I tensorflow/core/kernels/logging_ops.cc:79] ~~~~~ daniter~~~ GLobalstep:[694][-0.00053394213 -1.0579462e-05...]
I tensorflow/core/kernels/logging_ops.cc:79] ~~~~~ daniter~~~ GLobalstep:[694][0.00028372614 -0.00027386498...]
I tensorflow/core/kernels/logging_ops.cc:79] ~~~~~ daniter~~~ GLobalstep:[697][-9.6315525e-06 0.00017994076...]
I tensorflow/core/kernels/logging_ops.cc:79] ~~~~~ daniter~~~ GLobalstep:[698][1.4449119e-05 0.00036960666...]
I tensorflow/core/kernels/logging_ops.cc:79] ~~~~~ daniter~~~ GLobalstep:[698][-4.3472755e-05 0.00031749654...]
I tensorflow/core/kernels/logging_ops.cc:79] ~~~~~ daniter~~~ GLobalstep:[700][-0.00028630265 -7.3182047e-05...]
I tensorflow/core/kernels/logging_ops.cc:79] ~~~~~ daniter~~~ GLobalstep:[701][0.00048606674 0.00015581219...]
I tensorflow/core/kernels/logging_ops.cc:79] ~~~~~ daniter~~~ GLobalstep:[702][7.7859739e-05 0.00022899662...]
I tensorflow/core/kernels/logging_ops.cc:79] ~~~~~ daniter~~~ GLobalstep:[702][8.01135e-05 0.00022855331...]
I tensorflow/core/kernels/logging_ops.cc:79] ~~~~~ daniter~~~ GLobalstep:[704][0.0005114582 2.5985735e-05...]
I tensorflow/core/kernels/logging_ops.cc:79] ~~~~~ daniter~~~ GLobalstep:[705][0.00012716836 8.3818137e-05...]
I tensorflow/core/kernels/logging_ops.cc:79] ~~~~~ daniter~~~ GLobalstep:[705][0.00063631916 0.00034440088...]
I tensorflow/core/kernels/logging_ops.cc:79] ~~~~~ daniter~~~ GLobalstep:[706][0.00068304589 0.00031078779...]
I tensorflow/core/kernels/logging_ops.cc:79] ~~~~~ daniter~~~ GLobalstep:[708][-9.6573291e-05 -6.5304557e-06...]
I tensorflow/core/kernels/logging_ops.cc:79] ~~~~~ daniter~~~ GLobalstep:[709][0.00047102367 -0.00018272002...]
I tensorflow/core/kernels/logging_ops.cc:79] ~~~~~ daniter~~~ GLobalstep:[709][-4.0270828e-05 -0.0001009324...]
I tensorflow/core/kernels/logging_ops.cc:79] ~~~~~ daniter~~~ GLobalstep:[711][-3.7278303e-05 -0.0001023529...]
I tensorflow/core/kernels/logging_ops.cc:79] ~~~~~ daniter~~~ GLobalstep:[712][-0.00034595709 -0.00017598346...]
I tensorflow/core/kernels/logging_ops.cc:79] ~~~~~ daniter~~~ GLobalstep:[713][9.36723e-05 -4.5277386e-05...]
I tensorflow/core/kernels/logging_ops.cc:79] ~~~~~ daniter~~~ GLobalstep:[713][-2.0478363e-05 -7.1491522e-06...]
I tensorflow/core/kernels/logging_ops.cc:79] ~~~~~ daniter~~~ GLobalstep:[715][0.00013307386 -4.7758273e-05...]
I tensorflow/core/kernels/logging_ops.cc:79] ~~~~~ daniter~~~ GLobalstep:[716][-6.8792724e-05 0.00033631321...]
I tensorflow/core/kernels/logging_ops.cc:79] ~~~~~ daniter~~~ GLobalstep:[717][0.0001231716 9.5937648e-05...]
I tensorflow/core/kernels/logging_ops.cc:79] ~~~~~ daniter~~~ GLobalstep:[717][-0.00013097767 -0.00018046124...]
I tensorflow/core/kernels/logging_ops.cc:79] ~~~~~ daniter~~~ GLobalstep:[717][0.00012351773 9.404077e-05...]
I tensorflow/core/kernels/logging_ops.cc:79] ~~~~~ daniter~~~ GLobalstep:[720][0.00068725646 0.00032932544...]
I tensorflow/core/kernels/logging_ops.cc:79] ~~~~~ daniter~~~ GLobalstep:[721][-0.00021695934 -9.927441e-05...]
I tensorflow/core/kernels/logging_ops.cc:79] ~~~~~ daniter~~~ GLobalstep:[722][-0.00021684916 -9.9023615e-05...]
I tensorflow/core/kernels/logging_ops.cc:79] ~~~~~ daniter~~~ GLobalstep:[723][9.5679534e-05 -0.00022122396...]
I tensorflow/core/kernels/logging_ops.cc:79] ~~~~~ daniter~~~ GLobalstep:[723][-4.2937059e-05 1.5870137e-05...]
I tensorflow/core/kernels/logging_ops.cc:79] ~~~~~ daniter~~~ GLobalstep:[725][-6.7264962e-05 1.999523e-05...]
I tensorflow/core/kernels/logging_ops.cc:79] ~~~~~ daniter~~~ GLobalstep:[726][-1.8834275e-05 2.661621e-05...]
I tensorflow/core/kernels/logging_ops.cc:79] ~~~~~ daniter~~~ GLobalstep:[727][8.6692671e-05 0.00021422656...]
I tensorflow/core/kernels/logging_ops.cc:79] ~~~~~ daniter~~~ GLobalstep:[727][-0.00017739923 0.00011994952...]
I tensorflow/core/kernels/logging_ops.cc:79] ~~~~~ daniter~~~ GLobalstep:[729][-0.00039070836 -0.00020159804...]
I tensorflow/core/kernels/logging_ops.cc:79] ~~~~~ daniter~~~ GLobalstep:[730][-0.00022669684 -0.00021543089...]
I tensorflow/core/kernels/logging_ops.cc:79] ~~~~~ daniter~~~ GLobalstep:[731][-2.9486968e-05 -7.2805822e-05...]
I tensorflow/core/kernels/logging_ops.cc:79] ~~~~~ daniter~~~ GLobalstep:[732][0.00045144066 5.0510866e-05...]
I tensorflow/core/kernels/logging_ops.cc:79] ~~~~~ daniter~~~ GLobalstep:[733][-0.00042458024 0.00018360712...]
I tensorflow/core/kernels/logging_ops.cc:79] ~~~~~ daniter~~~ GLobalstep:[734][-0.00041894641 0.00017911053...]
I tensorflow/core/kernels/logging_ops.cc:79] ~~~~~ daniter~~~ GLobalstep:[735][0.00044871535 -6.0138878e-05...]
I tensorflow/core/kernels/logging_ops.cc:79] ~~~~~ daniter~~~ GLobalstep:[736][-0.00031365987 0.00024923694...]
I tensorflow/core/kernels/logging_ops.cc:79] ~~~~~ daniter~~~ GLobalstep:[737][0.00037788376 0.00026912967...]
I tensorflow/core/kernels/logging_ops.cc:79] ~~~~~ daniter~~~ GLobalstep:[738][0.00035103894 0.00021098144...]
I tensorflow/core/kernels/logging_ops.cc:79] ~~~~~ daniter~~~ GLobalstep:[738][-0.00011575402 -0.00015411797...]
I tensorflow/core/kernels/logging_ops.cc:79] ~~~~~ daniter~~~ GLobalstep:[740][0.0004810816 -0.00075973297...]
I tensorflow/core/kernels/logging_ops.cc:79] ~~~~~ daniter~~~ GLobalstep:[741][-0.00033397897 9.4081784e-05...]
I tensorflow/core/kernels/logging_ops.cc:79] ~~~~~ daniter~~~ GLobalstep:[742][-0.00053108367 0.00011713752...]
I tensorflow/core/kernels/logging_ops.cc:79] ~~~~~ daniter~~~ GLobalstep:[742][-0.00014331803 0.00020897374...]
I tensorflow/core/kernels/logging_ops.cc:79] ~~~~~ daniter~~~ GLobalstep:[744][-0.00054775219 -0.00042067101...]
I tensorflow/core/kernels/logging_ops.cc:79] ~~~~~ daniter~~~ GLobalstep:[745][0.00050097494 -0.00019977373...]
I tensorflow/core/kernels/logging_ops.cc:79] ~~~~~ daniter~~~ GLobalstep:[746][0.00033660192 -0.00021157472...]
I tensorflow/core/kernels/logging_ops.cc:79] ~~~~~ daniter~~~ GLobalstep:[746][-0.00019398361 -6.86266e-05...]
I tensorflow/core/kernels/logging_ops.cc:79] ~~~~~ daniter~~~ GLobalstep:[748][0.00043313019 -0.00026250136...]
I tensorflow/core/kernels/logging_ops.cc:79] ~~~~~ daniter~~~ GLobalstep:[748][-0.00039289406 0.00023111816...]
I tensorflow/core/kernels/logging_ops.cc:79] ~~~~~ daniter~~~ GLobalstep:[750][0.00043000438 -0.00025480607...]
I tensorflow/core/kernels/logging_ops.cc:79] ~~~~~ daniter~~~ GLobalstep:[750][-0.00031743228 -5.5645563e-05...]
I tensorflow/core/kernels/logging_ops.cc:79] ~~~~~ daniter~~~ GLobalstep:[752][-0.00024784636 -0.00010002212...]
I tensorflow/core/kernels/logging_ops.cc:79] ~~~~~ daniter~~~ GLobalstep:[752][-0.0004017161 -0.00036499952...]
I tensorflow/core/kernels/logging_ops.cc:79] ~~~~~ daniter~~~ GLobalstep:[754][-0.00040802985 -0.00037203578...]
I tensorflow/core/kernels/logging_ops.cc:79] ~~~~~ daniter~~~ GLobalstep:[754][-5.4812244e-05 -0.00011557137...]
I tensorflow/core/kernels/logging_ops.cc:79] ~~~~~ daniter~~~ GLobalstep:[756][-0.00031502196 0.00020976401...]
I tensorflow/core/kernels/logging_ops.cc:79] ~~~~~ daniter~~~ GLobalstep:[757][-0.00038432432 -3.09428e-05...]
I tensorflow/core/kernels/logging_ops.cc:79] ~~~~~ daniter~~~ GLobalstep:[758][-0.00040499162 -3.1181829e-05...]
I tensorflow/core/kernels/logging_ops.cc:79] ~~~~~ daniter~~~ GLobalstep:[758][0.00036969088 0.00016637052...]
I tensorflow/core/kernels/logging_ops.cc:79] ~~~~~ daniter~~~ GLobalstep:[759][0.00032285618 3.5446941e-05...]
I tensorflow/core/kernels/logging_ops.cc:79] ~~~~~ daniter~~~ GLobalstep:[760][5.4731783e-05 6.8464054e-05...]
I tensorflow/core/kernels/logging_ops.cc:79] ~~~~~ daniter~~~ GLobalstep:[762][0.00012821905 8.283595e-06...]
I tensorflow/core/kernels/logging_ops.cc:79] ~~~~~ daniter~~~ GLobalstep:[763][-0.00026317951 2.830791e-05...]
I tensorflow/core/kernels/logging_ops.cc:79] ~~~~~ daniter~~~ GLobalstep:[763][0.00014708814 -0.00024890734...]
I tensorflow/core/kernels/logging_ops.cc:79] ~~~~~ daniter~~~ GLobalstep:[763][0.00099723367 0.00066324481...]
I tensorflow/core/kernels/logging_ops.cc:79] ~~~~~ daniter~~~ GLobalstep:[766][4.7871531e-06 -0.00020082253...]
I tensorflow/core/kernels/logging_ops.cc:79] ~~~~~ daniter~~~ GLobalstep:[767][-0.00023107206 -0.00020571995...]
I tensorflow/core/kernels/logging_ops.cc:79] ~~~~~ daniter~~~ GLobalstep:[768][-9.5057258e-05 -0.00014446932...]
I tensorflow/core/kernels/logging_ops.cc:79] ~~~~~ daniter~~~ GLobalstep:[768][-0.00032123298 0.00015599022...]
I tensorflow/core/kernels/logging_ops.cc:79] ~~~~~ daniter~~~ GLobalstep:[770][2.1872042e-05 -0.00012080594...]
I tensorflow/core/kernels/logging_ops.cc:79] ~~~~~ daniter~~~ GLobalstep:[771][5.4805325e-05 0.0002689689...]
I tensorflow/core/kernels/logging_ops.cc:79] ~~~~~ daniter~~~ GLobalstep:[771][0.00023170283 -0.00012705356...]
I tensorflow/core/kernels/logging_ops.cc:79] ~~~~~ daniter~~~ GLobalstep:[773][4.8634192e-05 -0.00013620505...]
I tensorflow/core/kernels/logging_ops.cc:79] ~~~~~ daniter~~~ GLobalstep:[774][0.00022334265 -0.00013365221...]
I tensorflow/core/kernels/logging_ops.cc:79] ~~~~~ daniter~~~ GLobalstep:[775][4.2369382e-05 4.4673998e-05...]
I tensorflow/core/kernels/logging_ops.cc:79] ~~~~~ daniter~~~ GLobalstep:[776][0.00030866871 0.00017922898...]
I tensorflow/core/kernels/logging_ops.cc:79] ~~~~~ daniter~~~ GLobalstep:[777][0.00028802018 1.9170357e-05...]
I tensorflow/core/kernels/logging_ops.cc:79] ~~~~~ daniter~~~ GLobalstep:[777][8.3532446e-05 3.104534e-05...]
I tensorflow/core/kernels/logging_ops.cc:79] ~~~~~ daniter~~~ GLobalstep:[779][0.00017556733 0.00017821182...]
I tensorflow/core/kernels/logging_ops.cc:79] ~~~~~ daniter~~~ GLobalstep:[780][-1.4642113e-05 5.238919e-05...]
I tensorflow/core/kernels/logging_ops.cc:79] ~~~~~ daniter~~~ GLobalstep:[781][6.2007648e-06 0.000231119...]
I tensorflow/core/kernels/logging_ops.cc:79] ~~~~~ daniter~~~ GLobalstep:[781][4.8207225e-05 -9.139967e-06...]
I tensorflow/core/kernels/logging_ops.cc:79] ~~~~~ daniter~~~ GLobalstep:[782][3.9087852e-05 -0.0001048109...]
I tensorflow/core/kernels/logging_ops.cc:79] ~~~~~ daniter~~~ GLobalstep:[784][-0.00014661494 0.00016534058...]
I tensorflow/core/kernels/logging_ops.cc:79] ~~~~~ daniter~~~ GLobalstep:[785][5.4773405e-05 -2.3961991e-05...]
I tensorflow/core/kernels/logging_ops.cc:79] ~~~~~ daniter~~~ GLobalstep:[786][-0.00012948379 -0.00018260928...]
I tensorflow/core/kernels/logging_ops.cc:79] ~~~~~ daniter~~~ GLobalstep:[787][8.1541955e-05 1.4076631e-06...]
I tensorflow/core/kernels/logging_ops.cc:79] ~~~~~ daniter~~~ GLobalstep:[788][0.0002416769 9.3305112e-05...]
I tensorflow/core/kernels/logging_ops.cc:79] ~~~~~ daniter~~~ GLobalstep:[788][-8.231106e-05 -0.00014891232...]
I tensorflow/core/kernels/logging_ops.cc:79] ~~~~~ daniter~~~ GLobalstep:[790][0.00012213054 -1.9388945e-05...]
I tensorflow/core/kernels/logging_ops.cc:79] ~~~~~ daniter~~~ GLobalstep:[791][0.00015228172 -0.00024532989...]
I tensorflow/core/kernels/logging_ops.cc:79] ~~~~~ daniter~~~ GLobalstep:[791][0.0002075977 -8.7342305e-05...]
I tensorflow/core/kernels/logging_ops.cc:79] ~~~~~ daniter~~~ GLobalstep:[792][-0.00021072455 0.00025700603...]
I tensorflow/core/kernels/logging_ops.cc:79] ~~~~~ daniter~~~ GLobalstep:[794][-0.0003376175 -0.00024754484...]
I tensorflow/core/kernels/logging_ops.cc:79] ~~~~~ daniter~~~ GLobalstep:[795][-0.0001818437 -0.00031407707...]
I tensorflow/core/kernels/logging_ops.cc:79] ~~~~~ daniter~~~ GLobalstep:[795][-0.00039619658 -0.0002932699...]
I tensorflow/core/kernels/logging_ops.cc:79] ~~~~~ daniter~~~ GLobalstep:[797][0.00060840958 -0.00017938345...]
I tensorflow/core/kernels/logging_ops.cc:79] ~~~~~ daniter~~~ GLobalstep:[798][1.7402661e-05 0.00033209461...]
I tensorflow/core/kernels/logging_ops.cc:79] ~~~~~ daniter~~~ GLobalstep:[799][5.7795445e-05 0.00034263809...]
I tensorflow/core/kernels/logging_ops.cc:79] ~~~~~ daniter~~~ GLobalstep:[800][-0.00029891965 2.6104324e-05...]
I tensorflow/core/kernels/logging_ops.cc:79] ~~~~~ daniter~~~ GLobalstep:[801][-0.00045047409 -0.00019894824...]
I tensorflow/core/kernels/logging_ops.cc:79] ~~~~~ daniter~~~ GLobalstep:[802][-0.000289395 2.517573e-05...]
I tensorflow/core/kernels/logging_ops.cc:79] ~~~~~ daniter~~~ GLobalstep:[803][-0.00020378639 -2.9200857e-05...]
I tensorflow/core/kernels/logging_ops.cc:79] ~~~~~ daniter~~~ GLobalstep:[803][-2.2015862e-05 0.00015831365...]
I tensorflow/core/kernels/logging_ops.cc:79] ~~~~~ daniter~~~ GLobalstep:[805][0.0003106941 -0.00010735549...]
I tensorflow/core/kernels/logging_ops.cc:79] ~~~~~ daniter~~~ GLobalstep:[805][-0.00038225902 0.00030871987...]
I tensorflow/core/kernels/logging_ops.cc:79] ~~~~~ daniter~~~ GLobalstep:[806][0.00026601917 -0.00011396261...]
I tensorflow/core/kernels/logging_ops.cc:79] ~~~~~ daniter~~~ GLobalstep:[808][-0.00030020188 0.00012687244...]
I tensorflow/core/kernels/logging_ops.cc:79] ~~~~~ daniter~~~ GLobalstep:[809][0.00013883416 3.2491465e-05...]
I tensorflow/core/kernels/logging_ops.cc:79] ~~~~~ daniter~~~ GLobalstep:[810][7.4231444e-05 -6.7337794e-05...]
I tensorflow/core/kernels/logging_ops.cc:79] ~~~~~ daniter~~~ GLobalstep:[810][0.00012139861 4.0079227e-05...]
I tensorflow/core/kernels/logging_ops.cc:79] ~~~~~ daniter~~~ GLobalstep:[812][-0.00067205762 2.2852822e-05...]
I tensorflow/core/kernels/logging_ops.cc:79] ~~~~~ daniter~~~ GLobalstep:[813][-0.00032962664 6.6304012e-05...]
I tensorflow/core/kernels/logging_ops.cc:79] ~~~~~ daniter~~~ GLobalstep:[814][-0.00028684913 0.00013693297...]
I tensorflow/core/kernels/logging_ops.cc:79] ~~~~~ daniter~~~ GLobalstep:[814][-0.00029794913 9.4478528e-05...]
I tensorflow/core/kernels/logging_ops.cc:79] ~~~~~ daniter~~~ GLobalstep:[816][-6.9499411e-06 -0.00027331457...]
I tensorflow/core/kernels/logging_ops.cc:79] ~~~~~ daniter~~~ GLobalstep:[817][2.1138583e-05 6.7693523e-05...]
I tensorflow/core/kernels/logging_ops.cc:79] ~~~~~ daniter~~~ GLobalstep:[818][5.147075e-05 9.8418182e-05...]
I tensorflow/core/kernels/logging_ops.cc:79] ~~~~~ daniter~~~ GLobalstep:[818][0.00028238134 -3.8779155e-05...]
I tensorflow/core/kernels/logging_ops.cc:79] ~~~~~ daniter~~~ GLobalstep:[820][0.00041323609 -4.4998065e-05...]
I tensorflow/core/kernels/logging_ops.cc:79] ~~~~~ daniter~~~ GLobalstep:[821][-0.00015387799 -4.7631293e-05...]
I tensorflow/core/kernels/logging_ops.cc:79] ~~~~~ daniter~~~ GLobalstep:[822][-0.00020916402 -2.5788397e-05...]
I tensorflow/core/kernels/logging_ops.cc:79] ~~~~~ daniter~~~ GLobalstep:[823][0.00064683892 0.00047576995...]
I tensorflow/core/kernels/logging_ops.cc:79] ~~~~~ daniter~~~ GLobalstep:[824][2.5037298e-05 -7.9877296e-05...]
I tensorflow/core/kernels/logging_ops.cc:79] ~~~~~ daniter~~~ GLobalstep:[824][-0.0006505159 -0.00053123513...]
I tensorflow/core/kernels/logging_ops.cc:79] ~~~~~ daniter~~~ GLobalstep:[825][-2.065775e-05 -0.00010358951...]
I tensorflow/core/kernels/logging_ops.cc:79] ~~~~~ daniter~~~ GLobalstep:[827][-3.3575121e-05 0.00017610787...]
I tensorflow/core/kernels/logging_ops.cc:79] ~~~~~ daniter~~~ GLobalstep:[828][-3.5488836e-05 0.00016010886...]
I tensorflow/core/kernels/logging_ops.cc:79] ~~~~~ daniter~~~ GLobalstep:[829][7.8185687e-05 0.00015813799...]
I tensorflow/core/kernels/logging_ops.cc:79] ~~~~~ daniter~~~ GLobalstep:[829][6.6710982e-07 -0.00036700617...]
I tensorflow/core/kernels/logging_ops.cc:79] ~~~~~ daniter~~~ GLobalstep:[831][0.00022833196 -9.6846452e-05...]
I tensorflow/core/kernels/logging_ops.cc:79] ~~~~~ daniter~~~ GLobalstep:[832][-0.00010519169 1.2587127e-05...]
I tensorflow/core/kernels/logging_ops.cc:79] ~~~~~ daniter~~~ GLobalstep:[833][-0.00021997679 3.663055e-05...]
I tensorflow/core/kernels/logging_ops.cc:79] ~~~~~ daniter~~~ GLobalstep:[834][0.00054826174 0.0001298929...]
I tensorflow/core/kernels/logging_ops.cc:79] ~~~~~ daniter~~~ GLobalstep:[835][0.000409059 -0.00023444722...]
I tensorflow/core/kernels/logging_ops.cc:79] ~~~~~ daniter~~~ GLobalstep:[835][-0.00050475163 -1.4865649e-05...]
I tensorflow/core/kernels/logging_ops.cc:79] ~~~~~ daniter~~~ GLobalstep:[837][-0.00052784535 -5.5136428e-05...]
I tensorflow/core/kernels/logging_ops.cc:79] ~~~~~ daniter~~~ GLobalstep:[838][0.00012175576 -0.00018197294...]
I tensorflow/core/kernels/logging_ops.cc:79] ~~~~~ daniter~~~ GLobalstep:[839][0.00010461417 0.00056019961...]
I tensorflow/core/kernels/logging_ops.cc:79] ~~~~~ daniter~~~ GLobalstep:[839][-0.00015336774 -3.718974e-05...]
I tensorflow/core/kernels/logging_ops.cc:79] ~~~~~ daniter~~~ GLobalstep:[841][5.5453111e-05 0.00055355579...]
I tensorflow/core/kernels/logging_ops.cc:79] ~~~~~ daniter~~~ GLobalstep:[842][0.00048786824 0.00037487922...]
I tensorflow/core/kernels/logging_ops.cc:79] ~~~~~ daniter~~~ GLobalstep:[843][-6.6869866e-06 6.1223858e-05...]
I tensorflow/core/kernels/logging_ops.cc:79] ~~~~~ daniter~~~ GLobalstep:[843][2.9671006e-05 -9.0391659e-05...]
I tensorflow/core/kernels/logging_ops.cc:79] ~~~~~ daniter~~~ GLobalstep:[845][4.7939388e-06 9.4177249e-06...]
I tensorflow/core/kernels/logging_ops.cc:79] ~~~~~ daniter~~~ GLobalstep:[846][-0.00030245114 0.00021606409...]
I tensorflow/core/kernels/logging_ops.cc:79] ~~~~~ daniter~~~ GLobalstep:[847][-0.00048342778 0.00013125378...]
I tensorflow/core/kernels/logging_ops.cc:79] ~~~~~ daniter~~~ GLobalstep:[847][-0.00015752917 8.1065024e-05...]
I tensorflow/core/kernels/logging_ops.cc:79] ~~~~~ daniter~~~ GLobalstep:[849][-0.00048263933 0.0001653061...]
I tensorflow/core/kernels/logging_ops.cc:79] ~~~~~ daniter~~~ GLobalstep:[850][-0.00080258382 -0.00013200122...]
I tensorflow/core/kernels/logging_ops.cc:79] ~~~~~ daniter~~~ GLobalstep:[851][-9.73677e-05 4.4200369e-05...]
I tensorflow/core/kernels/logging_ops.cc:79] ~~~~~ daniter~~~ GLobalstep:[852][0.00028189164 -9.2123519e-05...]
I tensorflow/core/kernels/logging_ops.cc:79] ~~~~~ daniter~~~ GLobalstep:[852][-0.00010165723 4.207949e-05...]
I tensorflow/core/kernels/logging_ops.cc:79] ~~~~~ daniter~~~ GLobalstep:[854][-0.00031138305 -0.00010159192...]
I tensorflow/core/kernels/logging_ops.cc:79] ~~~~~ daniter~~~ GLobalstep:[854][-5.7597092e-05 8.7079439e-05...]
I tensorflow/core/kernels/logging_ops.cc:79] ~~~~~ daniter~~~ GLobalstep:[856][-5.4609842e-05 0.00011063264...]
I tensorflow/core/kernels/logging_ops.cc:79] ~~~~~ daniter~~~ GLobalstep:[857][-0.00032903743 -0.00010784201...]
I tensorflow/core/kernels/logging_ops.cc:79] ~~~~~ daniter~~~ GLobalstep:[858][-0.00053444837 -0.00010134702...]
I tensorflow/core/kernels/logging_ops.cc:79] ~~~~~ daniter~~~ GLobalstep:[858][-2.8949431e-05 0.0002280654...]
I tensorflow/core/kernels/logging_ops.cc:79] ~~~~~ daniter~~~ GLobalstep:[860][-7.4942247e-05 0.00019418565...]
I tensorflow/core/kernels/logging_ops.cc:79] ~~~~~ daniter~~~ GLobalstep:[861][-0.00010496055 0.00014159369...]
I tensorflow/core/kernels/logging_ops.cc:79] ~~~~~ daniter~~~ GLobalstep:[862][-0.00018678467 -0.00013317581...]
I tensorflow/core/kernels/logging_ops.cc:79] ~~~~~ daniter~~~ GLobalstep:[862][-0.00035675627 -0.00016581904...]
I tensorflow/core/kernels/logging_ops.cc:79] ~~~~~ daniter~~~ GLobalstep:[864][-3.0605639e-05 -0.00011846935...]
I tensorflow/core/kernels/logging_ops.cc:79] ~~~~~ daniter~~~ GLobalstep:[865][-0.00038196807 0.00010930729...]
I tensorflow/core/kernels/logging_ops.cc:79] ~~~~~ daniter~~~ GLobalstep:[866][-0.00039581675 -1.5142206e-05...]
I tensorflow/core/kernels/logging_ops.cc:79] ~~~~~ daniter~~~ GLobalstep:[867][0.00015227732 0.00049584761...]
I tensorflow/core/kernels/logging_ops.cc:79] ~~~~~ daniter~~~ GLobalstep:[868][-0.00033470723 4.8609734e-05...]
I tensorflow/core/kernels/logging_ops.cc:79] ~~~~~ daniter~~~ GLobalstep:[869][-0.00045405977 3.3920238e-05...]
I tensorflow/core/kernels/logging_ops.cc:79] ~~~~~ daniter~~~ GLobalstep:[870][0.00039996652 0.00021566389...]
I tensorflow/core/kernels/logging_ops.cc:79] ~~~~~ daniter~~~ GLobalstep:[871][0.00036542892 0.00019824332...]
I tensorflow/core/kernels/logging_ops.cc:79] ~~~~~ daniter~~~ GLobalstep:[871][0.00012389141 0.00027561386...]
I tensorflow/core/kernels/logging_ops.cc:79] ~~~~~ daniter~~~ GLobalstep:[873][-0.00027498219 -0.00011982959...]
I tensorflow/core/kernels/logging_ops.cc:79] ~~~~~ daniter~~~ GLobalstep:[873][-6.4465647e-05 -0.00034811607...]
I tensorflow/core/kernels/logging_ops.cc:79] ~~~~~ daniter~~~ GLobalstep:[875][-0.00039419442 -0.00016937505...]
I tensorflow/core/kernels/logging_ops.cc:79] ~~~~~ daniter~~~ GLobalstep:[876][-0.00015330843 -0.00019208124...]
I tensorflow/core/kernels/logging_ops.cc:79] ~~~~~ daniter~~~ GLobalstep:[876][-7.0838163e-05 -0.00026551148...]
I tensorflow/core/kernels/logging_ops.cc:79] ~~~~~ daniter~~~ GLobalstep:[878][0.00018638305 5.5801429e-06...]
I tensorflow/core/kernels/logging_ops.cc:79] ~~~~~ daniter~~~ GLobalstep:[879][-0.00012260836 -0.00023636033...]
I tensorflow/core/kernels/logging_ops.cc:79] ~~~~~ daniter~~~ GLobalstep:[880][0.00011596781 0.00011084803...]
I tensorflow/core/kernels/logging_ops.cc:79] ~~~~~ daniter~~~ GLobalstep:[880][-0.00041768263 0.00049158366...]
I tensorflow/core/kernels/logging_ops.cc:79] ~~~~~ daniter~~~ GLobalstep:[882][-0.00038815144 0.00015075953...]
I tensorflow/core/kernels/logging_ops.cc:79] ~~~~~ daniter~~~ GLobalstep:[883][-0.00028477973 0.00029860387...]
I tensorflow/core/kernels/logging_ops.cc:79] ~~~~~ daniter~~~ GLobalstep:[884][-0.00082321686 -0.00014253048...]
I tensorflow/core/kernels/logging_ops.cc:79] ~~~~~ daniter~~~ GLobalstep:[884][-0.00023315458 0.00010159813...]
I tensorflow/core/kernels/logging_ops.cc:79] ~~~~~ daniter~~~ GLobalstep:[886][7.8451994e-05 -0.00030594954...]
I tensorflow/core/kernels/logging_ops.cc:79] ~~~~~ daniter~~~ GLobalstep:[886][9.1926358e-07 0.00011357312...]
I tensorflow/core/kernels/logging_ops.cc:79] ~~~~~ daniter~~~ GLobalstep:[888][-8.747563e-05 -0.0001111113...]
I tensorflow/core/kernels/logging_ops.cc:79] ~~~~~ daniter~~~ GLobalstep:[888][-3.7077509e-05 -0.00025344649...]
I tensorflow/core/kernels/logging_ops.cc:79] ~~~~~ daniter~~~ GLobalstep:[890][0.00049871084 0.00014773075...]
I tensorflow/core/kernels/logging_ops.cc:79] ~~~~~ daniter~~~ GLobalstep:[890][-0.00021088171 -5.5606131e-05...]
I tensorflow/core/kernels/logging_ops.cc:79] ~~~~~ daniter~~~ GLobalstep:[892][-0.00015108891 -1.5853875e-06...]
I tensorflow/core/kernels/logging_ops.cc:79] ~~~~~ daniter~~~ GLobalstep:[892][-0.00044791761 0.00014599256...]
I tensorflow/core/kernels/logging_ops.cc:79] ~~~~~ daniter~~~ GLobalstep:[894][2.7392402e-05 -1.0640086e-05...]
I tensorflow/core/kernels/logging_ops.cc:79] ~~~~~ daniter~~~ GLobalstep:[894][0.00017349761 -0.00024176613...]
I tensorflow/core/kernels/logging_ops.cc:79] ~~~~~ daniter~~~ GLobalstep:[896][6.9746216e-05 -0.00011553019...]
I tensorflow/core/kernels/logging_ops.cc:79] ~~~~~ daniter~~~ GLobalstep:[896][-2.4579764e-05 6.2266889e-05...]
I tensorflow/core/kernels/logging_ops.cc:79] ~~~~~ daniter~~~ GLobalstep:[898][0.00011836058 -0.00010352452...]
I tensorflow/core/kernels/logging_ops.cc:79] ~~~~~ daniter~~~ GLobalstep:[898][0.00035174165 0.00035989174...]
I tensorflow/core/kernels/logging_ops.cc:79] ~~~~~ daniter~~~ GLobalstep:[900][-0.00032941357 4.3179643e-05...]
I tensorflow/core/kernels/logging_ops.cc:79] ~~~~~ daniter~~~ GLobalstep:[900][-0.000290792 -0.00024007466...]
I tensorflow/core/kernels/logging_ops.cc:79] ~~~~~ daniter~~~ GLobalstep:[902][-0.00037479962 -0.00020769743...]
I tensorflow/core/kernels/logging_ops.cc:79] ~~~~~ daniter~~~ GLobalstep:[902][-0.00018425875 0.00032102576...]
I tensorflow/core/kernels/logging_ops.cc:79] ~~~~~ daniter~~~ GLobalstep:[903][-4.3666536e-05 -2.5399191e-05...]
I tensorflow/core/kernels/logging_ops.cc:79] ~~~~~ daniter~~~ GLobalstep:[904][-4.8257218e-05 8.6326363e-05...]
I tensorflow/core/kernels/logging_ops.cc:79] ~~~~~ daniter~~~ GLobalstep:[906][9.9777877e-05 5.10378e-05...]
I tensorflow/core/kernels/logging_ops.cc:79] ~~~~~ daniter~~~ GLobalstep:[907][-0.00063755427 -7.3248611e-06...]
I tensorflow/core/kernels/logging_ops.cc:79] ~~~~~ daniter~~~ GLobalstep:[908][0.00015210042 -2.3257588e-05...]
I tensorflow/core/kernels/logging_ops.cc:79] ~~~~~ daniter~~~ GLobalstep:[908][-0.00019067188 0.0003850158...]
I tensorflow/core/kernels/logging_ops.cc:79] ~~~~~ daniter~~~ GLobalstep:[910][0.00015235766 -5.8413716e-06...]
I tensorflow/core/kernels/logging_ops.cc:79] ~~~~~ daniter~~~ GLobalstep:[911][-1.6484639e-05 7.5154021e-05...]
I tensorflow/core/kernels/logging_ops.cc:79] ~~~~~ daniter~~~ GLobalstep:[912][0.00021185468 0.00010590773...]
I tensorflow/core/kernels/logging_ops.cc:79] ~~~~~ daniter~~~ GLobalstep:[913][2.401376e-05 0.00024433562...]
I tensorflow/core/kernels/logging_ops.cc:79] ~~~~~ daniter~~~ GLobalstep:[914][0.0001651193 0.00012032526...]
I tensorflow/core/kernels/logging_ops.cc:79] ~~~~~ daniter~~~ GLobalstep:[915][-0.00026368877 2.6475791e-06...]
I tensorflow/core/kernels/logging_ops.cc:79] ~~~~~ daniter~~~ GLobalstep:[916][-0.00057392183 1.1241682e-06...]
I tensorflow/core/kernels/logging_ops.cc:79] ~~~~~ daniter~~~ GLobalstep:[917][0.0001111554 -0.00025625774...]
I tensorflow/core/kernels/logging_ops.cc:79] ~~~~~ daniter~~~ GLobalstep:[918][-0.00051145442 9.7034335e-06...]
I tensorflow/core/kernels/logging_ops.cc:79] ~~~~~ daniter~~~ GLobalstep:[919][-0.00015194017 -0.00010915192...]
I tensorflow/core/kernels/logging_ops.cc:79] ~~~~~ daniter~~~ GLobalstep:[920][8.1813509e-05 0.00011598159...]
I tensorflow/core/kernels/logging_ops.cc:79] ~~~~~ daniter~~~ GLobalstep:[921][-0.00032126383 -0.00021010888...]
I tensorflow/core/kernels/logging_ops.cc:79] ~~~~~ daniter~~~ GLobalstep:[921][0.00013264267 8.1452061e-05...]
I tensorflow/core/kernels/logging_ops.cc:79] ~~~~~ daniter~~~ GLobalstep:[923][0.00055016507 0.00074431312...]
I tensorflow/core/kernels/logging_ops.cc:79] ~~~~~ daniter~~~ GLobalstep:[923][-1.6458531e-05 4.82798e-05...]
I tensorflow/core/kernels/logging_ops.cc:79] ~~~~~ daniter~~~ GLobalstep:[925][0.00061139138 0.00031121...]
I tensorflow/core/kernels/logging_ops.cc:79] ~~~~~ daniter~~~ GLobalstep:[925][-1.0536414e-05 8.2810388e-05...]
I tensorflow/core/kernels/logging_ops.cc:79] ~~~~~ daniter~~~ GLobalstep:[927][0.00021364028 2.9442272e-05...]
I tensorflow/core/kernels/logging_ops.cc:79] ~~~~~ daniter~~~ GLobalstep:[927][0.00012489442 0.00015802922...]
I tensorflow/core/kernels/logging_ops.cc:79] ~~~~~ daniter~~~ GLobalstep:[929][0.00017315024 -5.9467973e-05...]
I tensorflow/core/kernels/logging_ops.cc:79] ~~~~~ daniter~~~ GLobalstep:[930][0.00042144945 -4.3182e-05...]
I tensorflow/core/kernels/logging_ops.cc:79] ~~~~~ daniter~~~ GLobalstep:[931][0.00021215477 -8.0241967e-05...]
I tensorflow/core/kernels/logging_ops.cc:79] ~~~~~ daniter~~~ GLobalstep:[932][-7.8192919e-05 -0.00017472319...]
I tensorflow/core/kernels/logging_ops.cc:79] ~~~~~ daniter~~~ GLobalstep:[933][0.00024954442 -0.00010265507...]
I tensorflow/core/kernels/logging_ops.cc:79] ~~~~~ daniter~~~ GLobalstep:[934][-2.7514761e-07 -6.7260742e-05...]
I tensorflow/core/kernels/logging_ops.cc:79] ~~~~~ daniter~~~ GLobalstep:[935][0.00016948016 0.00019531055...]
I tensorflow/core/kernels/logging_ops.cc:79] ~~~~~ daniter~~~ GLobalstep:[936][0.00030706619 0.000279204...]
I tensorflow/core/kernels/logging_ops.cc:79] ~~~~~ daniter~~~ GLobalstep:[937][8.3361563e-05 0.00021609654...]
I tensorflow/core/kernels/logging_ops.cc:79] ~~~~~ daniter~~~ GLobalstep:[938][0.0003614836 0.00024378131...]
I tensorflow/core/kernels/logging_ops.cc:79] ~~~~~ daniter~~~ GLobalstep:[938][-0.00021969368 -8.5820539e-05...]
I tensorflow/core/kernels/logging_ops.cc:79] ~~~~~ daniter~~~ GLobalstep:[940][-0.00048248141 -2.8420107e-05...]
I tensorflow/core/kernels/logging_ops.cc:79] ~~~~~ daniter~~~ GLobalstep:[940][-0.00019563173 -9.508786e-05...]
I tensorflow/core/kernels/logging_ops.cc:79] ~~~~~ daniter~~~ GLobalstep:[942][0.00038294491 -0.00045548298...]
I tensorflow/core/kernels/logging_ops.cc:79] ~~~~~ daniter~~~ GLobalstep:[943][3.7989466e-05 -0.00018274489...]
I tensorflow/core/kernels/logging_ops.cc:79] ~~~~~ daniter~~~ GLobalstep:[944][0.00016911997 -0.00027184087...]
I tensorflow/core/kernels/logging_ops.cc:79] ~~~~~ daniter~~~ GLobalstep:[944][0.00071013294 -0.00039011452...]
I tensorflow/core/kernels/logging_ops.cc:79] ~~~~~ daniter~~~ GLobalstep:[946][-0.00014202295 -9.8637669e-05...]
I tensorflow/core/kernels/logging_ops.cc:79] ~~~~~ daniter~~~ GLobalstep:[946][0.00070562179 3.3482083e-06...]
I tensorflow/core/kernels/logging_ops.cc:79] ~~~~~ daniter~~~ GLobalstep:[948][-0.00015325316 -0.00010312968...]
I tensorflow/core/kernels/logging_ops.cc:79] ~~~~~ daniter~~~ GLobalstep:[949][-0.00031064393 5.0551258e-05...]
I tensorflow/core/kernels/logging_ops.cc:79] ~~~~~ daniter~~~ GLobalstep:[950][0.0001253669 0.00022499205...]
I tensorflow/core/kernels/logging_ops.cc:79] ~~~~~ daniter~~~ GLobalstep:[951][-0.00024515085 -0.000274599...]
I tensorflow/core/kernels/logging_ops.cc:79] ~~~~~ daniter~~~ GLobalstep:[952][9.8028358e-05 0.00015821859...]
I tensorflow/core/kernels/logging_ops.cc:79] ~~~~~ daniter~~~ GLobalstep:[953][0.00010702376 0.00011931994...]
I tensorflow/core/kernels/logging_ops.cc:79] ~~~~~ daniter~~~ GLobalstep:[954][-7.2075e-05 -3.879951e-05...]
I tensorflow/core/kernels/logging_ops.cc:79] ~~~~~ daniter~~~ GLobalstep:[955][-8.2839659e-05 -3.8771803e-05...]
I tensorflow/core/kernels/logging_ops.cc:79] ~~~~~ daniter~~~ GLobalstep:[955][-0.00027434662 0.00025619578...]
I tensorflow/core/kernels/logging_ops.cc:79] ~~~~~ daniter~~~ GLobalstep:[957][-0.00019986441 4.3874516e-06...]
I tensorflow/core/kernels/logging_ops.cc:79] ~~~~~ daniter~~~ GLobalstep:[958][-0.00046615847 4.2661537e-05...]
I tensorflow/core/kernels/logging_ops.cc:79] ~~~~~ daniter~~~ GLobalstep:[959][-0.00058160035 3.5835474e-05...]
I tensorflow/core/kernels/logging_ops.cc:79] ~~~~~ daniter~~~ GLobalstep:[959][7.5184085e-05 -0.0001037191...]
I tensorflow/core/kernels/logging_ops.cc:79] ~~~~~ daniter~~~ GLobalstep:[961][-0.00010236604 -2.8698711e-05...]
I tensorflow/core/kernels/logging_ops.cc:79] ~~~~~ daniter~~~ GLobalstep:[962][0.00056382635 0.00020632014...]
I tensorflow/core/kernels/logging_ops.cc:79] ~~~~~ daniter~~~ GLobalstep:[962][0.0004898351 0.00016615582...]
I tensorflow/core/kernels/logging_ops.cc:79] ~~~~~ daniter~~~ GLobalstep:[964][-6.2085837e-07 -4.1650186e-05...]
I tensorflow/core/kernels/logging_ops.cc:79] ~~~~~ daniter~~~ GLobalstep:[964][0.00021976777 0.00029240342...]
I tensorflow/core/kernels/logging_ops.cc:79] ~~~~~ daniter~~~ GLobalstep:[966][0.00014109886 -0.00021045882...]
I tensorflow/core/kernels/logging_ops.cc:79] ~~~~~ daniter~~~ GLobalstep:[967][0.00017024783 -0.00018111733...]
I tensorflow/core/kernels/logging_ops.cc:79] ~~~~~ daniter~~~ GLobalstep:[968][-0.00011668452 0.00013492044...]
I tensorflow/core/kernels/logging_ops.cc:79] ~~~~~ daniter~~~ GLobalstep:[968][-2.478293e-05 0.0002827209...]
I tensorflow/core/kernels/logging_ops.cc:79] ~~~~~ daniter~~~ GLobalstep:[970][0.00021989876 -0.00029146037...]
I tensorflow/core/kernels/logging_ops.cc:79] ~~~~~ daniter~~~ GLobalstep:[970][0.00021955316 -0.0002923304...]
I tensorflow/core/kernels/logging_ops.cc:79] ~~~~~ daniter~~~ GLobalstep:[972][0.00018006908 -0.00019163599...]
I tensorflow/core/kernels/logging_ops.cc:79] ~~~~~ daniter~~~ GLobalstep:[972][0.00015947522 0.00027139622...]
run-ps-4node.sh: line 21: 27901 Terminated              CUDA_VISIBLE_DEVICES='' bazel-bin/inception/imagenet_distributed_train --batch_size=64 --data_dir=/lfs/local/0/daniter/imagenet-8 --job_name='ps' --task_id=0 --ps_hosts='localhost:2228' --worker_hosts='raiders1:2200,raiders1:2201,raiders3:2209,raiders3:2210' --initial_learning_rate=$1 --momentum=$2 --sync=True --compute_groups=$3
