INFO:tensorflow:PS hosts are: ['localhost:2228']
INFO:tensorflow:Worker hosts are: ['localhost:2201', 'localhost:2202', 'localhost:2203', 'localhost:2204', 'localhost:2205', 'localhost:2206', 'localhost:2207', 'localhost:2208', 'localhost:2209', 'localhost:2210', 'localhost:2211', 'localhost:2212', 'localhost:2213', 'localhost:2214', 'localhost:2215', 'localhost:2216']
I tensorflow/core/distributed_runtime/rpc/grpc_channel.cc:206] Initialize HostPortsGrpcChannelCache for job ps -> {localhost:2228}
I tensorflow/core/distributed_runtime/rpc/grpc_channel.cc:206] Initialize HostPortsGrpcChannelCache for job worker -> {localhost:2201, localhost:2202, localhost:2203, localhost:2204, localhost:2205, localhost:2206, localhost:2207, localhost:2208, localhost:2209, localhost:2210, localhost:2211, localhost:2212, localhost:2213, localhost:2214, localhost:2215, localhost:2216}
I tensorflow/core/distributed_runtime/rpc/grpc_server_lib.cc:202] Started server with target: grpc://localhost:2201
INFO:tensorflow:Learning rate: 0.002500, momentum: 0.300000
INFO:tensorflow:Sync mode!!!!!!
INFO:tensorflow:Compute groups : 4
INFO:tensorflow:SyncReplicas enabled: replicas_to_aggregate=16; total_num_replicas=16
INFO:tensorflow:Num nodes per compute groups: 4
INFO:tensorflow:Tokens per step: 4
INFO:tensorflow:2016-07-19 06:21:59.272078 Supervisor
INFO:tensorflow:Restored model from /lfs/local/0/daniter/cg-snapshot/model.ckpt-399
INFO:tensorflow:got sessions!
INFO:tensorflow:Started 3 queues for processing input data.
INFO:tensorflow:global_step/sec: 0
INFO:tensorflow:Step: 399, Accuracy: 0.312500, Loss: 5.998761, time: 12.366 sec/batch
INFO:tensorflow:global_step/sec: 0
INFO:tensorflow:Step: 399, Accuracy: 0.500000, Loss: 5.576655, time: 80.855 sec/batch
INFO:tensorflow:Step: 403, Accuracy: 0.312500, Loss: 5.690049, time: 63.992 sec/batch
INFO:tensorflow:global_step/sec: 0.0663883
INFO:tensorflow:Step: 407, Accuracy: 0.375000, Loss: 5.167912, time: 66.946 sec/batch
INFO:tensorflow:global_step/sec: 0.0335833
INFO:tensorflow:Step: 411, Accuracy: 0.812500, Loss: 5.646562, time: 59.546 sec/batch
INFO:tensorflow:Step: 414, Accuracy: 0.625000, Loss: 6.254456, time: 59.322 sec/batch
INFO:tensorflow:global_step/sec: 0.0664274
INFO:tensorflow:Step: 417, Accuracy: 0.375000, Loss: 5.322140, time: 64.429 sec/batch
INFO:tensorflow:global_step/sec: 0.0334709
INFO:tensorflow:Step: 422, Accuracy: 0.062500, Loss: 5.402005, time: 61.796 sec/batch
INFO:tensorflow:Step: 424, Accuracy: 0.562500, Loss: 5.354141, time: 61.834 sec/batch
INFO:tensorflow:global_step/sec: 0.0666358
INFO:tensorflow:Step: 428, Accuracy: 0.625000, Loss: 5.708070, time: 63.732 sec/batch
INFO:tensorflow:Step: 431, Accuracy: 0.562500, Loss: 6.014096, time: 65.782 sec/batch
INFO:tensorflow:global_step/sec: 0.0579275
INFO:tensorflow:Step: 437, Accuracy: 0.750000, Loss: 5.550325, time: 64.600 sec/batch
INFO:tensorflow:global_step/sec: 0.0419643
INFO:tensorflow:Step: 442, Accuracy: 0.562500, Loss: 5.736148, time: 63.631 sec/batch
INFO:tensorflow:Step: 445, Accuracy: 0.750000, Loss: 4.857614, time: 59.782 sec/batch
INFO:tensorflow:global_step/sec: 0.0581781
INFO:tensorflow:Step: 449, Accuracy: 0.500000, Loss: 5.075757, time: 63.169 sec/batch
INFO:tensorflow:Step: 453, Accuracy: 0.375000, Loss: 5.374423, time: 60.526 sec/batch
INFO:tensorflow:Step: 457, Accuracy: 0.562500, Loss: 5.681867, time: 58.823 sec/batch
INFO:tensorflow:Step: 461, Accuracy: 0.687500, Loss: 5.600345, time: 60.718 sec/batch
INFO:tensorflow:Step: 465, Accuracy: 0.500000, Loss: 5.436323, time: 62.706 sec/batch
INFO:tensorflow:Step: 469, Accuracy: 0.562500, Loss: 5.444432, time: 63.893 sec/batch
INFO:tensorflow:Step: 473, Accuracy: 0.437500, Loss: 5.573612, time: 60.005 sec/batch
INFO:tensorflow:Step: 477, Accuracy: 0.250000, Loss: 5.712450, time: 61.647 sec/batch
INFO:tensorflow:Step: 480, Accuracy: 0.312500, Loss: 5.013673, time: 57.869 sec/batch
INFO:tensorflow:Step: 484, Accuracy: 0.500000, Loss: 5.061295, time: 63.577 sec/batch
INFO:tensorflow:Step: 488, Accuracy: 0.500000, Loss: 5.073735, time: 62.813 sec/batch
INFO:tensorflow:Step: 492, Accuracy: 0.500000, Loss: 5.291222, time: 59.077 sec/batch
INFO:tensorflow:Step: 496, Accuracy: 0.625000, Loss: 5.579013, time: 61.926 sec/batch
INFO:tensorflow:Step: 500, Accuracy: 0.500000, Loss: 5.302729, time: 58.590 sec/batch
INFO:tensorflow:Step: 503, Accuracy: 0.562500, Loss: 5.695430, time: 59.526 sec/batch
INFO:tensorflow:Step: 507, Accuracy: 0.437500, Loss: 5.682037, time: 58.279 sec/batch
INFO:tensorflow:Step: 511, Accuracy: 0.750000, Loss: 5.335416, time: 56.521 sec/batch
INFO:tensorflow:Step: 515, Accuracy: 0.375000, Loss: 5.221054, time: 60.685 sec/batch
INFO:tensorflow:Step: 519, Accuracy: 0.500000, Loss: 6.212232, time: 61.909 sec/batch
INFO:tensorflow:Step: 523, Accuracy: 0.437500, Loss: 5.277166, time: 59.562 sec/batch
INFO:tensorflow:Step: 527, Accuracy: 0.437500, Loss: 5.128547, time: 60.712 sec/batch
run-expr-16node.sh: line 23: 101738 Terminated              CUDA_VISIBLE_DEVICES='' bazel-bin/inception/imagenet_distributed_train --batch_size=16 --data_dir=/lfs/local/0/daniter/imagenet-8-$2 --job_name='worker' --task_id=$2 --ps_hosts='localhost:2228' --worker_hosts='localhost:2201,localhost:2202,localhost:2203,localhost:2204,localhost:2205,localhost:2206,localhost:2207,localhost:2208,localhost:2209,localhost:2210,localhost:2211,localhost:2212,localhost:2213,localhost:2214,localhost:2215,localhost:2216' --initial_learning_rate=$3 --momentum=$4 --sync=True --compute_groups=$5
