I tensorflow/stream_executor/dso_loader.cc:108] successfully opened CUDA library libcublas.so locally
I tensorflow/stream_executor/dso_loader.cc:108] successfully opened CUDA library libcudnn.so locally
I tensorflow/stream_executor/dso_loader.cc:108] successfully opened CUDA library libcufft.so locally
I tensorflow/stream_executor/dso_loader.cc:108] successfully opened CUDA library libcuda.so locally
I tensorflow/stream_executor/dso_loader.cc:108] successfully opened CUDA library libcurand.so locally
INFO:tensorflow:PS hosts are: ['raiders1:2228']
INFO:tensorflow:Worker hosts are: ['raiders1:2200', 'raiders1:2201', 'raiders3:2209', 'raiders3:2210']
I tensorflow/core/common_runtime/gpu/gpu_init.cc:102] Found device 0 with properties: 
name: GeForce GTX TITAN X
major: 5 minor: 2 memoryClockRate (GHz) 1.076
pciBusID 0000:03:00.0
Total memory: 11.92GiB
Free memory: 11.81GiB
I tensorflow/core/common_runtime/gpu/gpu_init.cc:126] DMA: 0 
I tensorflow/core/common_runtime/gpu/gpu_init.cc:136] 0:   Y 
I tensorflow/core/common_runtime/gpu/gpu_device.cc:806] Creating TensorFlow device (/gpu:0) -> (device: 0, name: GeForce GTX TITAN X, pci bus id: 0000:03:00.0)
I tensorflow/core/distributed_runtime/rpc/grpc_channel.cc:206] Initialize HostPortsGrpcChannelCache for job ps -> {raiders1:2228}
I tensorflow/core/distributed_runtime/rpc/grpc_channel.cc:206] Initialize HostPortsGrpcChannelCache for job worker -> {localhost:2200, raiders1:2201, raiders3:2209, raiders3:2210}
I tensorflow/core/distributed_runtime/rpc/grpc_server_lib.cc:202] Started server with target: grpc://localhost:2200
INFO:tensorflow:Learning rate: 0.000500, momentum: 0.300000
INFO:tensorflow:2016-07-20 23:48:54.803160 Supervisor
INFO:tensorflow:Restored model from /lfs/local/0/daniter/4-node-snapshot/model.ckpt-418
INFO:tensorflow:Started 3 queues for processing input data.
INFO:tensorflow:global_step/sec: 0
I tensorflow/core/common_runtime/gpu/pool_allocator.cc:244] PoolAllocator: After 3677 get requests, put_count=2564 evicted_count=1000 eviction_rate=0.390016 and unsatisfied allocation rate=0.601849
I tensorflow/core/common_runtime/gpu/pool_allocator.cc:256] Raising pool_size_limit_ from 100 to 110
INFO:tensorflow:Step: 418, Loss: 5.197650, time: 16.272 sec/batch
INFO:tensorflow:Step: 424, Loss: 5.059724, time: 2.806 sec/batch
INFO:tensorflow:Step: 428, Loss: 5.285233, time: 1.279 sec/batch
INFO:tensorflow:Step: 432, Loss: 5.040593, time: 2.871 sec/batch
INFO:tensorflow:Step: 433, Loss: 4.965973, time: 4.185 sec/batch
I tensorflow/core/common_runtime/gpu/pool_allocator.cc:244] PoolAllocator: After 0 get requests, put_count=1016 evicted_count=1000 eviction_rate=0.984252 and unsatisfied allocation rate=0
INFO:tensorflow:Step: 438, Loss: 5.069724, time: 1.718 sec/batch
INFO:tensorflow:Step: 441, Loss: 4.956262, time: 2.456 sec/batch
INFO:tensorflow:Step: 444, Loss: 5.076103, time: 1.585 sec/batch
INFO:tensorflow:Step: 447, Loss: 5.421644, time: 2.164 sec/batch
INFO:tensorflow:Step: 451, Loss: 5.181600, time: 1.397 sec/batch
I tensorflow/core/common_runtime/gpu/pool_allocator.cc:244] PoolAllocator: After 0 get requests, put_count=1025 evicted_count=1000 eviction_rate=0.97561 and unsatisfied allocation rate=0
INFO:tensorflow:Step: 454, Loss: 5.107660, time: 2.313 sec/batch
INFO:tensorflow:Step: 458, Loss: 4.931665, time: 1.363 sec/batch
INFO:tensorflow:Step: 461, Loss: 5.224585, time: 1.259 sec/batch
INFO:tensorflow:Step: 465, Loss: 4.987457, time: 1.664 sec/batch
INFO:tensorflow:Step: 469, Loss: 5.267415, time: 1.627 sec/batch
INFO:tensorflow:Step: 473, Loss: 5.074492, time: 1.268 sec/batch
I tensorflow/core/common_runtime/gpu/pool_allocator.cc:244] PoolAllocator: After 3575 get requests, put_count=3952 evicted_count=2000 eviction_rate=0.506073 and unsatisfied allocation rate=0.465175
I tensorflow/core/common_runtime/gpu/pool_allocator.cc:256] Raising pool_size_limit_ from 449 to 493
INFO:tensorflow:Step: 476, Loss: 5.095927, time: 1.343 sec/batch
INFO:tensorflow:Step: 479, Loss: 5.007057, time: 1.320 sec/batch
INFO:tensorflow:Step: 482, Loss: 5.067987, time: 1.243 sec/batch
INFO:tensorflow:Step: 485, Loss: 4.911193, time: 1.377 sec/batch
INFO:tensorflow:Step: 488, Loss: 5.077547, time: 1.262 sec/batch
INFO:tensorflow:Step: 492, Loss: 5.065318, time: 1.290 sec/batch
INFO:tensorflow:Step: 495, Loss: 5.339054, time: 1.460 sec/batch
I tensorflow/core/common_runtime/gpu/pool_allocator.cc:244] PoolAllocator: After 3575 get requests, put_count=4410 evicted_count=2000 eviction_rate=0.453515 and unsatisfied allocation rate=0.347972
I tensorflow/core/common_runtime/gpu/pool_allocator.cc:256] Raising pool_size_limit_ from 871 to 958
INFO:tensorflow:Step: 499, Loss: 5.086972, time: 2.391 sec/batch
INFO:tensorflow:Step: 501, Loss: 5.189672, time: 1.709 sec/batch
INFO:tensorflow:Step: 506, Loss: 5.140030, time: 1.337 sec/batch
INFO:tensorflow:Step: 509, Loss: 5.120674, time: 2.117 sec/batch
INFO:tensorflow:Step: 512, Loss: 4.876228, time: 1.753 sec/batch
INFO:tensorflow:Step: 516, Loss: 5.146504, time: 1.203 sec/batch
INFO:tensorflow:Step: 519, Loss: 5.028378, time: 1.919 sec/batch
INFO:tensorflow:Step: 523, Loss: 5.090948, time: 1.222 sec/batch
INFO:tensorflow:Step: 526, Loss: 5.137046, time: 1.750 sec/batch
INFO:tensorflow:Step: 530, Loss: 5.077140, time: 1.539 sec/batch
INFO:tensorflow:Step: 535, Loss: 4.987822, time: 1.490 sec/batch
INFO:tensorflow:Step: 539, Loss: 4.872299, time: 1.327 sec/batch
INFO:tensorflow:Step: 543, Loss: 5.017297, time: 2.417 sec/batch
INFO:tensorflow:Step: 546, Loss: 4.801059, time: 1.743 sec/batch
INFO:tensorflow:Step: 551, Loss: 4.963387, time: 1.291 sec/batch
INFO:tensorflow:Step: 554, Loss: 5.242922, time: 1.284 sec/batch
INFO:tensorflow:Step: 558, Loss: 5.021409, time: 1.391 sec/batch
INFO:tensorflow:Step: 562, Loss: 5.367201, time: 1.329 sec/batch
INFO:tensorflow:Step: 565, Loss: 5.130918, time: 1.505 sec/batch
INFO:tensorflow:Step: 568, Loss: 4.925321, time: 1.271 sec/batch
INFO:tensorflow:Step: 572, Loss: 5.050567, time: 1.691 sec/batch
INFO:tensorflow:Step: 576, Loss: 4.949799, time: 1.283 sec/batch
INFO:tensorflow:Step: 580, Loss: 4.898615, time: 1.273 sec/batch
INFO:tensorflow:Step: 584, Loss: 5.015431, time: 1.405 sec/batch
INFO:tensorflow:Step: 588, Loss: 4.990901, time: 1.258 sec/batch
INFO:tensorflow:Step: 591, Loss: 5.186676, time: 1.191 sec/batch
INFO:tensorflow:Step: 595, Loss: 4.989030, time: 1.393 sec/batch
INFO:tensorflow:Step: 598, Loss: 5.147738, time: 2.040 sec/batch
INFO:tensorflow:Step: 602, Loss: 5.167318, time: 1.653 sec/batch
INFO:tensorflow:Step: 606, Loss: 5.055939, time: 1.267 sec/batch
INFO:tensorflow:Step: 609, Loss: 5.207305, time: 1.656 sec/batch
INFO:tensorflow:Step: 613, Loss: 5.188614, time: 1.445 sec/batch
INFO:tensorflow:Step: 617, Loss: 4.961909, time: 1.330 sec/batch
INFO:tensorflow:Step: 621, Loss: 4.975255, time: 1.416 sec/batch
INFO:tensorflow:Step: 626, Loss: 4.954189, time: 1.291 sec/batch
INFO:tensorflow:Step: 628, Loss: 5.067586, time: 1.606 sec/batch
INFO:tensorflow:Step: 633, Loss: 4.954614, time: 1.409 sec/batch
INFO:tensorflow:Step: 637, Loss: 4.883058, time: 1.441 sec/batch
INFO:tensorflow:Step: 641, Loss: 4.883297, time: 1.354 sec/batch
INFO:tensorflow:Step: 644, Loss: 5.003383, time: 1.635 sec/batch
INFO:tensorflow:Step: 648, Loss: 4.888650, time: 1.343 sec/batch
INFO:tensorflow:Step: 652, Loss: 4.974477, time: 1.331 sec/batch
INFO:tensorflow:global_step/sec: 2.01398
INFO:tensorflow:Step: 655, Loss: 5.062077, time: 1.385 sec/batch
INFO:tensorflow:Step: 659, Loss: 5.310793, time: 1.336 sec/batch
INFO:tensorflow:Step: 662, Loss: 5.017077, time: 1.516 sec/batch
INFO:tensorflow:Step: 666, Loss: 5.073246, time: 1.282 sec/batch
INFO:tensorflow:Step: 670, Loss: 5.101829, time: 1.339 sec/batch
INFO:tensorflow:Step: 674, Loss: 4.956875, time: 1.442 sec/batch
INFO:tensorflow:Step: 678, Loss: 5.033496, time: 1.485 sec/batch
INFO:tensorflow:Step: 681, Loss: 4.997369, time: 1.291 sec/batch
INFO:tensorflow:Step: 685, Loss: 5.176057, time: 1.398 sec/batch
INFO:tensorflow:Step: 688, Loss: 4.967205, time: 1.268 sec/batch
INFO:tensorflow:Step: 692, Loss: 4.792889, time: 1.259 sec/batch
INFO:tensorflow:Step: 696, Loss: 4.983893, time: 1.271 sec/batch
INFO:tensorflow:Step: 700, Loss: 5.006674, time: 1.399 sec/batch
INFO:tensorflow:Step: 704, Loss: 5.083412, time: 2.426 sec/batch
INFO:tensorflow:Step: 706, Loss: 4.906273, time: 1.440 sec/batch
INFO:tensorflow:Step: 710, Loss: 4.981307, time: 1.209 sec/batch
INFO:tensorflow:Step: 714, Loss: 5.094356, time: 1.357 sec/batch
INFO:tensorflow:Step: 718, Loss: 5.006929, time: 1.281 sec/batch
INFO:tensorflow:Step: 721, Loss: 5.048884, time: 1.251 sec/batch
INFO:tensorflow:Step: 725, Loss: 5.023978, time: 1.209 sec/batch
INFO:tensorflow:Step: 729, Loss: 4.864342, time: 1.365 sec/batch
INFO:tensorflow:Step: 733, Loss: 5.007599, time: 1.325 sec/batch
INFO:tensorflow:Step: 737, Loss: 4.985621, time: 1.210 sec/batch
INFO:tensorflow:Step: 741, Loss: 5.182003, time: 1.412 sec/batch
INFO:tensorflow:Step: 743, Loss: 5.048180, time: 1.331 sec/batch
INFO:tensorflow:Step: 747, Loss: 5.039989, time: 1.203 sec/batch
INFO:tensorflow:Step: 751, Loss: 5.165186, time: 1.228 sec/batch
INFO:tensorflow:Step: 754, Loss: 5.013659, time: 1.209 sec/batch
INFO:tensorflow:Step: 758, Loss: 4.978010, time: 1.334 sec/batch
INFO:tensorflow:Step: 762, Loss: 4.877448, time: 1.194 sec/batch
INFO:tensorflow:Step: 766, Loss: 5.056316, time: 1.351 sec/batch
INFO:tensorflow:Step: 770, Loss: 5.025527, time: 1.425 sec/batch
INFO:tensorflow:Step: 773, Loss: 5.186872, time: 1.304 sec/batch
INFO:tensorflow:Step: 777, Loss: 4.883560, time: 1.336 sec/batch
INFO:tensorflow:Step: 781, Loss: 5.055599, time: 1.309 sec/batch
INFO:tensorflow:Step: 785, Loss: 5.098985, time: 1.257 sec/batch
INFO:tensorflow:Step: 789, Loss: 5.080526, time: 1.291 sec/batch
INFO:tensorflow:Step: 793, Loss: 5.105432, time: 1.457 sec/batch
INFO:tensorflow:Step: 797, Loss: 4.961685, time: 1.493 sec/batch
INFO:tensorflow:Step: 800, Loss: 5.188106, time: 1.372 sec/batch
INFO:tensorflow:Step: 804, Loss: 5.118812, time: 1.419 sec/batch
INFO:tensorflow:Step: 808, Loss: 5.041386, time: 1.430 sec/batch
INFO:tensorflow:Step: 812, Loss: 5.054758, time: 1.407 sec/batch
INFO:tensorflow:Step: 816, Loss: 4.992406, time: 1.404 sec/batch
INFO:tensorflow:Step: 820, Loss: 4.901229, time: 1.396 sec/batch
INFO:tensorflow:Step: 824, Loss: 4.904717, time: 1.270 sec/batch
INFO:tensorflow:Step: 828, Loss: 4.995708, time: 1.322 sec/batch
INFO:tensorflow:Step: 832, Loss: 4.982152, time: 1.192 sec/batch
INFO:tensorflow:Step: 836, Loss: 5.111333, time: 1.222 sec/batch
INFO:tensorflow:Step: 840, Loss: 4.995191, time: 1.313 sec/batch
INFO:tensorflow:Step: 842, Loss: 4.909739, time: 1.398 sec/batch
INFO:tensorflow:Step: 846, Loss: 5.117166, time: 1.481 sec/batch
INFO:tensorflow:Step: 850, Loss: 4.811249, time: 1.299 sec/batch
INFO:tensorflow:Step: 854, Loss: 5.145320, time: 1.379 sec/batch
INFO:tensorflow:Step: 857, Loss: 4.956264, time: 1.551 sec/batch
INFO:tensorflow:Step: 862, Loss: 4.941875, time: 1.405 sec/batch
INFO:tensorflow:Step: 865, Loss: 5.005916, time: 1.326 sec/batch
INFO:tensorflow:Step: 868, Loss: 4.938399, time: 1.387 sec/batch
INFO:tensorflow:Step: 872, Loss: 4.896204, time: 1.362 sec/batch
INFO:tensorflow:Step: 875, Loss: 5.177973, time: 1.492 sec/batch
INFO:tensorflow:Step: 880, Loss: 5.125979, time: 1.293 sec/batch
INFO:tensorflow:Step: 884, Loss: 5.083374, time: 1.362 sec/batch
INFO:tensorflow:Step: 888, Loss: 4.951218, time: 1.315 sec/batch
INFO:tensorflow:Step: 892, Loss: 4.971835, time: 1.332 sec/batch
INFO:tensorflow:Step: 896, Loss: 5.074501, time: 1.381 sec/batch
INFO:tensorflow:Step: 899, Loss: 5.067748, time: 1.265 sec/batch
INFO:tensorflow:Step: 902, Loss: 5.202709, time: 1.306 sec/batch
INFO:tensorflow:Step: 906, Loss: 5.275424, time: 1.368 sec/batch
INFO:tensorflow:Step: 910, Loss: 5.123904, time: 1.268 sec/batch
INFO:tensorflow:Step: 914, Loss: 5.090628, time: 1.317 sec/batch
INFO:tensorflow:Step: 918, Loss: 5.438336, time: 1.316 sec/batch
INFO:tensorflow:Step: 922, Loss: 4.931262, time: 1.326 sec/batch
INFO:tensorflow:Step: 926, Loss: 4.900446, time: 1.278 sec/batch
INFO:tensorflow:Step: 930, Loss: 4.994398, time: 1.380 sec/batch
INFO:tensorflow:Step: 934, Loss: 5.021792, time: 1.299 sec/batch
INFO:tensorflow:Step: 938, Loss: 4.901105, time: 1.254 sec/batch
INFO:tensorflow:Step: 941, Loss: 4.967829, time: 1.265 sec/batch
INFO:tensorflow:Step: 945, Loss: 4.907039, time: 1.352 sec/batch
INFO:tensorflow:Step: 949, Loss: 4.993361, time: 1.273 sec/batch
INFO:tensorflow:Step: 953, Loss: 5.076735, time: 1.371 sec/batch
INFO:tensorflow:Step: 957, Loss: 5.021528, time: 1.355 sec/batch
INFO:tensorflow:Step: 961, Loss: 4.991194, time: 1.348 sec/batch
INFO:tensorflow:Step: 965, Loss: 4.896073, time: 1.174 sec/batch
INFO:tensorflow:Step: 968, Loss: 4.763267, time: 1.346 sec/batch
INFO:tensorflow:Step: 972, Loss: 4.932971, time: 1.224 sec/batch
INFO:tensorflow:Step: 976, Loss: 5.067091, time: 1.548 sec/batch
INFO:tensorflow:Step: 980, Loss: 4.888632, time: 1.274 sec/batch
INFO:tensorflow:Step: 984, Loss: 5.052302, time: 1.512 sec/batch
INFO:tensorflow:Step: 987, Loss: 5.166292, time: 1.267 sec/batch
INFO:tensorflow:global_step/sec: 2.78363
INFO:tensorflow:Step: 990, Loss: 4.867229, time: 1.438 sec/batch
INFO:tensorflow:Step: 994, Loss: 5.082547, time: 1.249 sec/batch
INFO:tensorflow:Step: 998, Loss: 4.921698, time: 1.324 sec/batch
INFO:tensorflow:Step: 1001, Loss: 4.989737, time: 1.312 sec/batch
INFO:tensorflow:Step: 1005, Loss: 4.828215, time: 1.233 sec/batch
INFO:tensorflow:Step: 1009, Loss: 4.798407, time: 1.227 sec/batch
INFO:tensorflow:Step: 1013, Loss: 4.928981, time: 1.244 sec/batch
INFO:tensorflow:Step: 1017, Loss: 5.097322, time: 1.301 sec/batch
INFO:tensorflow:Step: 1021, Loss: 5.077901, time: 1.332 sec/batch
INFO:tensorflow:Step: 1025, Loss: 4.960745, time: 1.266 sec/batch
INFO:tensorflow:Step: 1029, Loss: 4.823596, time: 1.356 sec/batch
INFO:tensorflow:Step: 1033, Loss: 4.979671, time: 1.372 sec/batch
INFO:tensorflow:Step: 1037, Loss: 4.932147, time: 1.343 sec/batch
INFO:tensorflow:Step: 1040, Loss: 4.982759, time: 1.271 sec/batch
INFO:tensorflow:Step: 1044, Loss: 4.983253, time: 1.254 sec/batch
INFO:tensorflow:Step: 1048, Loss: 4.980756, time: 1.347 sec/batch
INFO:tensorflow:Step: 1052, Loss: 5.069805, time: 1.287 sec/batch
INFO:tensorflow:Step: 1056, Loss: 4.924762, time: 1.356 sec/batch
INFO:tensorflow:Step: 1059, Loss: 4.943134, time: 1.335 sec/batch
INFO:tensorflow:Step: 1063, Loss: 4.996685, time: 1.270 sec/batch
INFO:tensorflow:Step: 1067, Loss: 5.057532, time: 1.317 sec/batch
INFO:tensorflow:Step: 1071, Loss: 4.983823, time: 1.326 sec/batch
INFO:tensorflow:Step: 1075, Loss: 5.086508, time: 1.246 sec/batch
INFO:tensorflow:Step: 1079, Loss: 4.873860, time: 1.250 sec/batch
INFO:tensorflow:Step: 1082, Loss: 5.169326, time: 1.410 sec/batch
INFO:tensorflow:Step: 1086, Loss: 5.002136, time: 1.220 sec/batch
INFO:tensorflow:Step: 1090, Loss: 4.877209, time: 1.460 sec/batch
INFO:tensorflow:Step: 1094, Loss: 5.099954, time: 1.441 sec/batch
INFO:tensorflow:Step: 1097, Loss: 4.910276, time: 1.218 sec/batch
INFO:tensorflow:Step: 1100, Loss: 5.042029, time: 1.323 sec/batch
INFO:tensorflow:Step: 1103, Loss: 4.892848, time: 1.321 sec/batch
INFO:tensorflow:Step: 1107, Loss: 4.900303, time: 1.303 sec/batch
INFO:tensorflow:Step: 1112, Loss: 4.932929, time: 1.630 sec/batch
INFO:tensorflow:Step: 1115, Loss: 5.323337, time: 1.371 sec/batch
INFO:tensorflow:Step: 1119, Loss: 4.944142, time: 1.294 sec/batch
INFO:tensorflow:Step: 1123, Loss: 4.909564, time: 1.293 sec/batch
INFO:tensorflow:Step: 1127, Loss: 5.028625, time: 1.289 sec/batch
INFO:tensorflow:Step: 1130, Loss: 4.841713, time: 1.233 sec/batch
INFO:tensorflow:Step: 1134, Loss: 4.945446, time: 1.263 sec/batch
INFO:tensorflow:Step: 1137, Loss: 5.135305, time: 1.233 sec/batch
INFO:tensorflow:Step: 1141, Loss: 5.093479, time: 1.218 sec/batch
INFO:tensorflow:Step: 1145, Loss: 4.922855, time: 1.258 sec/batch
INFO:tensorflow:Step: 1149, Loss: 5.052534, time: 1.224 sec/batch
INFO:tensorflow:Step: 1152, Loss: 4.912541, time: 1.332 sec/batch
INFO:tensorflow:Step: 1156, Loss: 4.955830, time: 1.189 sec/batch
INFO:tensorflow:Step: 1159, Loss: 4.871829, time: 1.495 sec/batch
INFO:tensorflow:Step: 1163, Loss: 4.888877, time: 1.515 sec/batch
INFO:tensorflow:Step: 1167, Loss: 5.176440, time: 1.319 sec/batch
INFO:tensorflow:Step: 1171, Loss: 4.911331, time: 1.251 sec/batch
INFO:tensorflow:Step: 1175, Loss: 5.002523, time: 1.269 sec/batch
INFO:tensorflow:Step: 1179, Loss: 5.149046, time: 1.388 sec/batch
INFO:tensorflow:Step: 1183, Loss: 4.810039, time: 1.315 sec/batch
INFO:tensorflow:Step: 1187, Loss: 5.004451, time: 1.276 sec/batch
INFO:tensorflow:Step: 1191, Loss: 4.980565, time: 1.386 sec/batch
INFO:tensorflow:Step: 1194, Loss: 5.146894, time: 1.223 sec/batch
INFO:tensorflow:Step: 1198, Loss: 5.046848, time: 1.281 sec/batch
INFO:tensorflow:Step: 1202, Loss: 4.969698, time: 1.245 sec/batch
INFO:tensorflow:Step: 1205, Loss: 4.831068, time: 1.226 sec/batch
INFO:tensorflow:Step: 1208, Loss: 5.007533, time: 1.448 sec/batch
INFO:tensorflow:Step: 1212, Loss: 5.048615, time: 1.270 sec/batch
INFO:tensorflow:Step: 1216, Loss: 4.833712, time: 1.248 sec/batch
INFO:tensorflow:Step: 1219, Loss: 5.045234, time: 1.216 sec/batch
INFO:tensorflow:Step: 1223, Loss: 5.148427, time: 1.406 sec/batch
INFO:tensorflow:Step: 1227, Loss: 4.769660, time: 1.310 sec/batch
INFO:tensorflow:Step: 1231, Loss: 5.036806, time: 1.190 sec/batch
INFO:tensorflow:Step: 1234, Loss: 4.872164, time: 1.295 sec/batch
INFO:tensorflow:Step: 1238, Loss: 5.032383, time: 1.327 sec/batch
INFO:tensorflow:Step: 1242, Loss: 4.937325, time: 1.438 sec/batch
INFO:tensorflow:Step: 1245, Loss: 5.118145, time: 1.383 sec/batch
INFO:tensorflow:Step: 1249, Loss: 5.133354, time: 1.240 sec/batch
INFO:tensorflow:Step: 1253, Loss: 4.863910, time: 1.173 sec/batch
INFO:tensorflow:Step: 1257, Loss: 4.878446, time: 1.144 sec/batch
INFO:tensorflow:Step: 1261, Loss: 4.873333, time: 1.309 sec/batch
INFO:tensorflow:Step: 1265, Loss: 4.784219, time: 1.423 sec/batch
INFO:tensorflow:Step: 1269, Loss: 4.812262, time: 1.433 sec/batch
INFO:tensorflow:Step: 1271, Loss: 4.875996, time: 1.267 sec/batch
INFO:tensorflow:Step: 1275, Loss: 5.032897, time: 1.227 sec/batch
INFO:tensorflow:Step: 1279, Loss: 4.955029, time: 1.294 sec/batch
INFO:tensorflow:Step: 1283, Loss: 4.883449, time: 1.196 sec/batch
INFO:tensorflow:Step: 1287, Loss: 4.881713, time: 1.237 sec/batch
INFO:tensorflow:Step: 1291, Loss: 4.847404, time: 1.527 sec/batch
INFO:tensorflow:Step: 1295, Loss: 4.996869, time: 1.396 sec/batch
INFO:tensorflow:Step: 1298, Loss: 5.033310, time: 1.272 sec/batch
INFO:tensorflow:Step: 1302, Loss: 4.948277, time: 1.195 sec/batch
INFO:tensorflow:Step: 1306, Loss: 5.176953, time: 1.260 sec/batch
INFO:tensorflow:Step: 1309, Loss: 5.069312, time: 1.197 sec/batch
INFO:tensorflow:Step: 1313, Loss: 4.909148, time: 1.400 sec/batch
INFO:tensorflow:Step: 1317, Loss: 5.014101, time: 1.262 sec/batch
INFO:tensorflow:Step: 1321, Loss: 5.073951, time: 1.315 sec/batch
INFO:tensorflow:Step: 1325, Loss: 4.934837, time: 1.297 sec/batch
INFO:tensorflow:Step: 1328, Loss: 5.213732, time: 1.400 sec/batch
INFO:tensorflow:Step: 1332, Loss: 4.857483, time: 1.356 sec/batch
INFO:tensorflow:global_step/sec: 2.88468
INFO:tensorflow:Step: 1336, Loss: 4.978873, time: 1.461 sec/batch
INFO:tensorflow:Step: 1341, Loss: 4.948057, time: 1.259 sec/batch
INFO:tensorflow:Step: 1344, Loss: 4.840265, time: 1.205 sec/batch
INFO:tensorflow:Step: 1348, Loss: 4.862203, time: 1.296 sec/batch
INFO:tensorflow:Step: 1351, Loss: 4.865596, time: 1.243 sec/batch
INFO:tensorflow:Step: 1355, Loss: 4.883422, time: 1.264 sec/batch
INFO:tensorflow:Step: 1359, Loss: 4.977871, time: 1.366 sec/batch
INFO:tensorflow:Step: 1362, Loss: 5.026042, time: 1.247 sec/batch
INFO:tensorflow:Step: 1366, Loss: 5.080037, time: 1.219 sec/batch
INFO:tensorflow:Step: 1370, Loss: 4.882064, time: 1.177 sec/batch
INFO:tensorflow:Step: 1374, Loss: 5.129662, time: 1.255 sec/batch
INFO:tensorflow:Step: 1377, Loss: 4.992602, time: 1.190 sec/batch
INFO:tensorflow:Step: 1381, Loss: 4.991996, time: 1.752 sec/batch
INFO:tensorflow:Step: 1387, Loss: 4.859306, time: 1.308 sec/batch
INFO:tensorflow:Step: 1389, Loss: 4.774608, time: 1.371 sec/batch
INFO:tensorflow:Step: 1394, Loss: 4.743603, time: 1.481 sec/batch
INFO:tensorflow:Step: 1396, Loss: 4.988554, time: 1.306 sec/batch
INFO:tensorflow:Step: 1401, Loss: 5.216710, time: 1.204 sec/batch
INFO:tensorflow:Step: 1403, Loss: 4.871683, time: 1.186 sec/batch
INFO:tensorflow:Step: 1407, Loss: 4.985049, time: 1.283 sec/batch
INFO:tensorflow:Step: 1411, Loss: 5.197956, time: 1.231 sec/batch
INFO:tensorflow:Step: 1415, Loss: 5.011210, time: 1.395 sec/batch
INFO:tensorflow:Step: 1419, Loss: 4.960898, time: 1.304 sec/batch
INFO:tensorflow:Step: 1422, Loss: 4.923934, time: 1.298 sec/batch
INFO:tensorflow:Step: 1426, Loss: 5.111339, time: 1.458 sec/batch
INFO:tensorflow:Step: 1430, Loss: 5.066117, time: 1.282 sec/batch
INFO:tensorflow:Step: 1434, Loss: 4.792556, time: 1.496 sec/batch
INFO:tensorflow:Step: 1438, Loss: 4.907792, time: 1.385 sec/batch
INFO:tensorflow:Step: 1443, Loss: 4.892594, time: 1.287 sec/batch
INFO:tensorflow:Step: 1447, Loss: 4.992980, time: 1.337 sec/batch
INFO:tensorflow:Step: 1451, Loss: 4.842853, time: 1.485 sec/batch
INFO:tensorflow:Step: 1452, Loss: 4.993805, time: 1.233 sec/batch
INFO:tensorflow:Step: 1456, Loss: 5.035401, time: 1.247 sec/batch
INFO:tensorflow:Step: 1460, Loss: 4.914104, time: 1.196 sec/batch
INFO:tensorflow:Step: 1463, Loss: 4.959226, time: 1.262 sec/batch
INFO:tensorflow:Step: 1467, Loss: 4.995652, time: 1.262 sec/batch
INFO:tensorflow:Step: 1471, Loss: 4.817133, time: 1.370 sec/batch
INFO:tensorflow:Step: 1475, Loss: 5.081544, time: 1.362 sec/batch
INFO:tensorflow:Step: 1479, Loss: 4.905093, time: 1.262 sec/batch
INFO:tensorflow:Step: 1482, Loss: 4.860766, time: 1.213 sec/batch
INFO:tensorflow:Step: 1486, Loss: 4.906326, time: 1.268 sec/batch
INFO:tensorflow:Step: 1490, Loss: 5.005863, time: 1.412 sec/batch
INFO:tensorflow:Step: 1494, Loss: 4.767454, time: 1.226 sec/batch
INFO:tensorflow:Step: 1498, Loss: 4.854842, time: 1.167 sec/batch
INFO:tensorflow:Step: 1502, Loss: 5.141765, time: 1.341 sec/batch
INFO:tensorflow:Step: 1506, Loss: 5.132470, time: 1.241 sec/batch
INFO:tensorflow:Step: 1510, Loss: 5.037898, time: 1.313 sec/batch
INFO:tensorflow:Step: 1514, Loss: 5.111455, time: 1.344 sec/batch
INFO:tensorflow:Step: 1518, Loss: 4.935506, time: 1.323 sec/batch
INFO:tensorflow:Step: 1520, Loss: 4.872051, time: 1.367 sec/batch
INFO:tensorflow:Step: 1524, Loss: 4.791604, time: 1.349 sec/batch
INFO:tensorflow:Step: 1528, Loss: 4.966044, time: 1.294 sec/batch
INFO:tensorflow:Step: 1532, Loss: 5.014131, time: 1.340 sec/batch
INFO:tensorflow:Step: 1536, Loss: 5.287930, time: 1.206 sec/batch
INFO:tensorflow:Step: 1540, Loss: 4.967349, time: 1.272 sec/batch
INFO:tensorflow:Step: 1544, Loss: 5.011206, time: 1.283 sec/batch
INFO:tensorflow:Step: 1548, Loss: 5.020599, time: 1.176 sec/batch
INFO:tensorflow:Step: 1552, Loss: 5.062263, time: 1.260 sec/batch
INFO:tensorflow:Step: 1556, Loss: 4.990605, time: 1.312 sec/batch
INFO:tensorflow:Step: 1559, Loss: 4.733078, time: 1.193 sec/batch
INFO:tensorflow:Step: 1563, Loss: 4.658841, time: 1.266 sec/batch
INFO:tensorflow:Step: 1567, Loss: 4.923872, time: 1.249 sec/batch
INFO:tensorflow:Step: 1570, Loss: 5.018730, time: 1.436 sec/batch
INFO:tensorflow:Step: 1574, Loss: 4.899592, time: 1.311 sec/batch
INFO:tensorflow:Step: 1578, Loss: 5.003734, time: 1.281 sec/batch
INFO:tensorflow:Step: 1582, Loss: 4.932265, time: 1.223 sec/batch
INFO:tensorflow:Step: 1586, Loss: 4.952122, time: 1.296 sec/batch
INFO:tensorflow:Step: 1590, Loss: 4.972647, time: 1.171 sec/batch
INFO:tensorflow:Step: 1594, Loss: 4.719805, time: 1.247 sec/batch
INFO:tensorflow:Step: 1598, Loss: 5.019141, time: 1.265 sec/batch
INFO:tensorflow:Step: 1602, Loss: 4.928058, time: 1.387 sec/batch
INFO:tensorflow:Step: 1605, Loss: 4.820536, time: 1.187 sec/batch
INFO:tensorflow:Step: 1609, Loss: 4.857569, time: 1.379 sec/batch
INFO:tensorflow:Step: 1613, Loss: 5.115428, time: 1.286 sec/batch
INFO:tensorflow:Step: 1617, Loss: 4.926104, time: 1.241 sec/batch
INFO:tensorflow:Step: 1621, Loss: 4.825163, time: 1.188 sec/batch
INFO:tensorflow:Step: 1625, Loss: 4.975167, time: 1.254 sec/batch
INFO:tensorflow:Step: 1629, Loss: 4.963214, time: 1.296 sec/batch
INFO:tensorflow:Step: 1632, Loss: 4.824138, time: 1.264 sec/batch
INFO:tensorflow:Step: 1636, Loss: 5.007147, time: 1.313 sec/batch
INFO:tensorflow:Step: 1639, Loss: 4.916662, time: 1.257 sec/batch
INFO:tensorflow:Step: 1643, Loss: 5.053973, time: 1.591 sec/batch
INFO:tensorflow:Step: 1647, Loss: 4.919918, time: 1.318 sec/batch
INFO:tensorflow:Step: 1651, Loss: 4.890616, time: 1.238 sec/batch
INFO:tensorflow:Step: 1655, Loss: 5.061625, time: 1.379 sec/batch
INFO:tensorflow:Step: 1659, Loss: 4.866640, time: 1.440 sec/batch
INFO:tensorflow:Step: 1662, Loss: 4.943723, time: 1.332 sec/batch
INFO:tensorflow:Step: 1666, Loss: 4.909474, time: 1.269 sec/batch
INFO:tensorflow:Step: 1670, Loss: 4.813698, time: 1.206 sec/batch
INFO:tensorflow:Step: 1674, Loss: 5.031695, time: 1.249 sec/batch
INFO:tensorflow:Step: 1678, Loss: 5.006951, time: 1.261 sec/batch
INFO:tensorflow:Step: 1682, Loss: 4.886020, time: 1.316 sec/batch
INFO:tensorflow:global_step/sec: 2.92376
INFO:tensorflow:Step: 1685, Loss: 4.876343, time: 1.237 sec/batch
INFO:tensorflow:Step: 1689, Loss: 5.010919, time: 1.208 sec/batch
INFO:tensorflow:Step: 1693, Loss: 4.997422, time: 1.233 sec/batch
INFO:tensorflow:Step: 1697, Loss: 4.774944, time: 1.233 sec/batch
INFO:tensorflow:Step: 1701, Loss: 5.012500, time: 1.290 sec/batch
INFO:tensorflow:Step: 1705, Loss: 5.031472, time: 1.420 sec/batch
INFO:tensorflow:Step: 1709, Loss: 5.019298, time: 1.244 sec/batch
INFO:tensorflow:Step: 1712, Loss: 5.097163, time: 1.267 sec/batch
INFO:tensorflow:Step: 1716, Loss: 5.073370, time: 1.147 sec/batch
INFO:tensorflow:Step: 1720, Loss: 5.121920, time: 1.237 sec/batch
INFO:tensorflow:Step: 1724, Loss: 5.090435, time: 1.278 sec/batch
INFO:tensorflow:Step: 1728, Loss: 4.713980, time: 1.288 sec/batch
INFO:tensorflow:Step: 1732, Loss: 5.046288, time: 1.217 sec/batch
INFO:tensorflow:Step: 1736, Loss: 4.961007, time: 1.287 sec/batch
INFO:tensorflow:Step: 1739, Loss: 4.796752, time: 1.292 sec/batch
INFO:tensorflow:Step: 1743, Loss: 5.023706, time: 1.274 sec/batch
INFO:tensorflow:Step: 1747, Loss: 4.985382, time: 1.245 sec/batch
INFO:tensorflow:Step: 1751, Loss: 4.870860, time: 1.285 sec/batch
INFO:tensorflow:Step: 1755, Loss: 5.026524, time: 1.200 sec/batch
INFO:tensorflow:Step: 1759, Loss: 5.033116, time: 1.270 sec/batch
INFO:tensorflow:Step: 1763, Loss: 4.884097, time: 1.219 sec/batch
INFO:tensorflow:Step: 1767, Loss: 5.011793, time: 1.346 sec/batch
INFO:tensorflow:Step: 1771, Loss: 4.900049, time: 1.319 sec/batch
INFO:tensorflow:Step: 1774, Loss: 4.778918, time: 1.221 sec/batch
INFO:tensorflow:Step: 1778, Loss: 4.934279, time: 1.224 sec/batch
INFO:tensorflow:Step: 1781, Loss: 5.048902, time: 1.239 sec/batch
INFO:tensorflow:Step: 1785, Loss: 4.850616, time: 1.212 sec/batch
INFO:tensorflow:Step: 1789, Loss: 4.820379, time: 1.234 sec/batch
INFO:tensorflow:Step: 1793, Loss: 5.060620, time: 1.222 sec/batch
INFO:tensorflow:Step: 1797, Loss: 4.915282, time: 1.239 sec/batch
INFO:tensorflow:Step: 1801, Loss: 4.714170, time: 1.287 sec/batch
INFO:tensorflow:Step: 1805, Loss: 4.896910, time: 1.248 sec/batch
INFO:tensorflow:Step: 1809, Loss: 4.874682, time: 1.251 sec/batch
INFO:tensorflow:Step: 1813, Loss: 5.043326, time: 1.287 sec/batch
INFO:tensorflow:Step: 1817, Loss: 4.911037, time: 1.305 sec/batch
INFO:tensorflow:Step: 1821, Loss: 4.890988, time: 1.316 sec/batch
INFO:tensorflow:Step: 1825, Loss: 5.057562, time: 1.304 sec/batch
INFO:tensorflow:Step: 1828, Loss: 4.943229, time: 1.241 sec/batch
INFO:tensorflow:Step: 1832, Loss: 4.972169, time: 1.218 sec/batch
INFO:tensorflow:Step: 1836, Loss: 4.923484, time: 1.176 sec/batch
INFO:tensorflow:Step: 1839, Loss: 4.936624, time: 1.330 sec/batch
INFO:tensorflow:Step: 1844, Loss: 5.033004, time: 1.256 sec/batch
INFO:tensorflow:Step: 1848, Loss: 4.765463, time: 1.319 sec/batch
INFO:tensorflow:Step: 1851, Loss: 4.818067, time: 1.270 sec/batch
INFO:tensorflow:Step: 1855, Loss: 4.857280, time: 1.225 sec/batch
INFO:tensorflow:Step: 1858, Loss: 5.165982, time: 1.342 sec/batch
INFO:tensorflow:Step: 1862, Loss: 4.809111, time: 1.366 sec/batch
INFO:tensorflow:Step: 1866, Loss: 4.839720, time: 1.551 sec/batch
INFO:tensorflow:Step: 1871, Loss: 4.959912, time: 1.374 sec/batch
INFO:tensorflow:Step: 1875, Loss: 4.842414, time: 1.315 sec/batch
INFO:tensorflow:Step: 1878, Loss: 4.886610, time: 1.355 sec/batch
INFO:tensorflow:Step: 1882, Loss: 4.890328, time: 1.149 sec/batch
INFO:tensorflow:Step: 1885, Loss: 4.999880, time: 1.366 sec/batch
INFO:tensorflow:Step: 1890, Loss: 4.806037, time: 1.419 sec/batch
INFO:tensorflow:Step: 1894, Loss: 4.969333, time: 1.264 sec/batch
INFO:tensorflow:Step: 1898, Loss: 4.793197, time: 1.374 sec/batch
INFO:tensorflow:Step: 1901, Loss: 5.151314, time: 1.386 sec/batch
INFO:tensorflow:Step: 1904, Loss: 4.872068, time: 1.314 sec/batch
INFO:tensorflow:Step: 1908, Loss: 4.804162, time: 1.473 sec/batch
INFO:tensorflow:Step: 1912, Loss: 4.951353, time: 1.291 sec/batch
INFO:tensorflow:Step: 1916, Loss: 4.887924, time: 1.247 sec/batch
INFO:tensorflow:Step: 1920, Loss: 4.803527, time: 1.204 sec/batch
INFO:tensorflow:Step: 1924, Loss: 4.890516, time: 1.413 sec/batch
INFO:tensorflow:Step: 1928, Loss: 4.785952, time: 1.275 sec/batch
INFO:tensorflow:Step: 1932, Loss: 4.840815, time: 1.276 sec/batch
INFO:tensorflow:Step: 1935, Loss: 4.978290, time: 1.298 sec/batch
INFO:tensorflow:Step: 1939, Loss: 4.929014, time: 1.243 sec/batch
INFO:tensorflow:Step: 1943, Loss: 4.940928, time: 1.251 sec/batch
INFO:tensorflow:Step: 1947, Loss: 4.970004, time: 1.304 sec/batch
INFO:tensorflow:Step: 1951, Loss: 5.083717, time: 1.268 sec/batch
INFO:tensorflow:Step: 1954, Loss: 4.957074, time: 1.203 sec/batch
INFO:tensorflow:Step: 1958, Loss: 4.921301, time: 1.239 sec/batch
INFO:tensorflow:Step: 1962, Loss: 4.839119, time: 1.223 sec/batch
INFO:tensorflow:Step: 1966, Loss: 4.892890, time: 1.401 sec/batch
INFO:tensorflow:Step: 1970, Loss: 4.940501, time: 1.236 sec/batch
INFO:tensorflow:Step: 1974, Loss: 5.106662, time: 1.297 sec/batch
INFO:tensorflow:Step: 1978, Loss: 5.178228, time: 1.236 sec/batch
INFO:tensorflow:Step: 1981, Loss: 4.886495, time: 1.268 sec/batch
INFO:tensorflow:Step: 1985, Loss: 4.990165, time: 1.223 sec/batch
INFO:tensorflow:Step: 1989, Loss: 5.123906, time: 1.295 sec/batch
INFO:tensorflow:Step: 1993, Loss: 5.084202, time: 1.340 sec/batch
INFO:tensorflow:Step: 1997, Loss: 4.958057, time: 1.178 sec/batch
INFO:tensorflow:Step: 2001, Loss: 4.847093, time: 1.295 sec/batch
INFO:tensorflow:Step: 2004, Loss: 5.186451, time: 1.316 sec/batch
INFO:tensorflow:Step: 2008, Loss: 5.079635, time: 1.276 sec/batch
INFO:tensorflow:Step: 2012, Loss: 4.858380, time: 1.190 sec/batch
INFO:tensorflow:Step: 2016, Loss: 5.112269, time: 1.228 sec/batch
INFO:tensorflow:Step: 2020, Loss: 4.965018, time: 1.255 sec/batch
INFO:tensorflow:Step: 2024, Loss: 5.017526, time: 1.235 sec/batch
INFO:tensorflow:Step: 2027, Loss: 4.785782, time: 1.203 sec/batch
INFO:tensorflow:Step: 2031, Loss: 4.692234, time: 1.238 sec/batch
INFO:tensorflow:Step: 2035, Loss: 4.949171, time: 1.267 sec/batch
INFO:tensorflow:Step: 2039, Loss: 4.805596, time: 1.182 sec/batch
INFO:tensorflow:Step: 2043, Loss: 4.998522, time: 1.353 sec/batch
INFO:tensorflow:global_step/sec: 2.99164
INFO:tensorflow:Step: 2047, Loss: 4.905228, time: 1.501 sec/batch
INFO:tensorflow:Step: 2051, Loss: 4.941695, time: 1.344 sec/batch
INFO:tensorflow:Step: 2054, Loss: 4.988071, time: 1.200 sec/batch
INFO:tensorflow:Step: 2056, Loss: 4.943204, time: 1.257 sec/batch
INFO:tensorflow:Step: 2060, Loss: 4.959496, time: 1.302 sec/batch
INFO:tensorflow:Step: 2065, Loss: 4.863117, time: 1.253 sec/batch
INFO:tensorflow:Step: 2067, Loss: 4.992062, time: 1.300 sec/batch
INFO:tensorflow:Step: 2072, Loss: 4.864370, time: 1.466 sec/batch
INFO:tensorflow:Step: 2076, Loss: 4.919523, time: 1.160 sec/batch
INFO:tensorflow:Step: 2080, Loss: 4.918165, time: 1.536 sec/batch
INFO:tensorflow:Step: 2084, Loss: 4.960608, time: 1.695 sec/batch
INFO:tensorflow:Step: 2088, Loss: 5.078364, time: 1.274 sec/batch
INFO:tensorflow:Step: 2092, Loss: 4.752921, time: 1.323 sec/batch
INFO:tensorflow:Step: 2095, Loss: 5.108147, time: 1.260 sec/batch
INFO:tensorflow:Step: 2098, Loss: 5.074049, time: 1.167 sec/batch
INFO:tensorflow:Step: 2102, Loss: 4.908912, time: 1.216 sec/batch
INFO:tensorflow:Step: 2105, Loss: 5.051087, time: 1.233 sec/batch
INFO:tensorflow:Step: 2109, Loss: 4.891372, time: 1.305 sec/batch
INFO:tensorflow:Step: 2113, Loss: 4.904803, time: 1.275 sec/batch
INFO:tensorflow:Step: 2117, Loss: 4.924586, time: 1.224 sec/batch
INFO:tensorflow:Step: 2121, Loss: 5.057767, time: 1.244 sec/batch
INFO:tensorflow:Step: 2125, Loss: 4.925352, time: 1.256 sec/batch
INFO:tensorflow:Step: 2129, Loss: 4.916038, time: 1.273 sec/batch
INFO:tensorflow:Step: 2133, Loss: 4.733744, time: 1.307 sec/batch
INFO:tensorflow:Step: 2137, Loss: 4.663375, time: 1.198 sec/batch
INFO:tensorflow:Step: 2141, Loss: 4.862213, time: 1.216 sec/batch
INFO:tensorflow:Step: 2144, Loss: 5.057194, time: 1.363 sec/batch
INFO:tensorflow:Step: 2148, Loss: 4.908622, time: 1.400 sec/batch
INFO:tensorflow:Step: 2152, Loss: 4.876180, time: 1.372 sec/batch
INFO:tensorflow:Step: 2156, Loss: 4.800176, time: 1.203 sec/batch
INFO:tensorflow:Step: 2160, Loss: 4.871572, time: 1.264 sec/batch
INFO:tensorflow:Step: 2164, Loss: 4.803041, time: 1.271 sec/batch
INFO:tensorflow:Step: 2167, Loss: 4.977614, time: 1.285 sec/batch
INFO:tensorflow:Step: 2171, Loss: 5.115971, time: 1.186 sec/batch
INFO:tensorflow:Step: 2175, Loss: 4.766957, time: 1.344 sec/batch
INFO:tensorflow:Step: 2179, Loss: 4.805434, time: 1.278 sec/batch
INFO:tensorflow:Step: 2183, Loss: 4.828913, time: 1.308 sec/batch
run-expr-4node.sh: line 21: 36367 Terminated              CUDA_VISIBLE_DEVICES=$1 bazel-bin/inception/imagenet_distributed_train --batch_size=64 --data_dir=/lfs/local/0/daniter/imagenet-8-$2 --job_name='worker' --task_id=$2 --ps_hosts='raiders1:2228' --worker_hosts='raiders1:2200,raiders1:2201,raiders3:2209,raiders3:2210' --initial_learning_rate=$3 --momentum=$4 --sync=$5
