I tensorflow/stream_executor/dso_loader.cc:108] successfully opened CUDA library libcublas.so locally
I tensorflow/stream_executor/dso_loader.cc:108] successfully opened CUDA library libcudnn.so locally
I tensorflow/stream_executor/dso_loader.cc:108] successfully opened CUDA library libcufft.so locally
I tensorflow/stream_executor/dso_loader.cc:108] successfully opened CUDA library libcuda.so locally
I tensorflow/stream_executor/dso_loader.cc:108] successfully opened CUDA library libcurand.so locally
INFO:tensorflow:PS hosts are: ['master:2200']
INFO:tensorflow:Worker hosts are: ['master:2201', 'master:2202', 'master:2203', 'master:2204', 'node001:2205', 'node001:2206', 'node001:2207', 'node001:2208', 'node002:2209', 'node002:2210', 'node002:2211', 'node002:2212', 'node003:2213', 'node003:2214', 'node003:2215', 'node003:2216']
I tensorflow/stream_executor/cuda/cuda_gpu_executor.cc:922] successful NUMA node read from SysFS had negative value (-1), but there must be at least one NUMA node, so returning NUMA node zero
I tensorflow/core/common_runtime/gpu/gpu_init.cc:102] Found device 0 with properties: 
name: GRID K520
major: 3 minor: 0 memoryClockRate (GHz) 0.797
pciBusID 0000:00:03.0
Total memory: 4.00GiB
Free memory: 3.95GiB
I tensorflow/core/common_runtime/gpu/gpu_init.cc:126] DMA: 0 
I tensorflow/core/common_runtime/gpu/gpu_init.cc:136] 0:   Y 
I tensorflow/core/common_runtime/gpu/gpu_device.cc:784] Creating TensorFlow device (/gpu:0) -> (device: 0, name: GRID K520, pci bus id: 0000:00:03.0)
I tensorflow/core/distributed_runtime/rpc/grpc_channel.cc:206] Initialize HostPortsGrpcChannelCache for job ps -> {master:2200}
I tensorflow/core/distributed_runtime/rpc/grpc_channel.cc:206] Initialize HostPortsGrpcChannelCache for job worker -> {localhost:2201, master:2202, master:2203, master:2204, node001:2205, node001:2206, node001:2207, node001:2208, node002:2209, node002:2210, node002:2211, node002:2212, node003:2213, node003:2214, node003:2215, node003:2216}
I tensorflow/core/distributed_runtime/rpc/grpc_server_lib.cc:202] Started server with target: grpc://localhost:2201
INFO:tensorflow:Learning rate: 0.005000, momentum: 0.300000
INFO:tensorflow:Sync mode!!!!!!
INFO:tensorflow:Compute groups : 4
INFO:tensorflow:SyncReplicas enabled: replicas_to_aggregate=16; total_num_replicas=16
INFO:tensorflow:Num nodes per compute groups: 4
INFO:tensorflow:Tokens per step: 4
INFO:tensorflow:2016-08-09 15:42:40.664474 Supervisor
INFO:tensorflow:Restored model from /home/snapshot/model.ckpt-399
INFO:tensorflow:got sessions! 2016-08-09 15:43:33.895436 
INFO:tensorflow:Started 3 queues for processing input data.
INFO:tensorflow:global_step/sec: 0
I tensorflow/core/common_runtime/gpu/pool_allocator.cc:244] PoolAllocator: After 3869 get requests, put_count=2852 evicted_count=1000 eviction_rate=0.350631 and unsatisfied allocation rate=0.54717
I tensorflow/core/common_runtime/gpu/pool_allocator.cc:256] Raising pool_size_limit_ from 100 to 110
INFO:tensorflow:Step: 399, Loss: 5.182244, time: 19.318 sec/batch
INFO:tensorflow:Step: 399, Loss: 5.588060, time: 3.886 sec/batch
INFO:tensorflow:Step: 401, Loss: 5.180203, time: 4.909 sec/batch
INFO:tensorflow:Step: 402, Loss: 5.500970, time: 5.524 sec/batch
INFO:tensorflow:Step: 405, Loss: 5.529854, time: 4.805 sec/batch
I tensorflow/core/common_runtime/gpu/pool_allocator.cc:244] PoolAllocator: After 0 get requests, put_count=1016 evicted_count=1000 eviction_rate=0.984252 and unsatisfied allocation rate=0
INFO:tensorflow:Step: 407, Loss: 5.455755, time: 3.460 sec/batch
INFO:tensorflow:Step: 411, Loss: 5.658977, time: 2.999 sec/batch
INFO:tensorflow:Step: 413, Loss: 5.290298, time: 2.569 sec/batch
INFO:tensorflow:Step: 415, Loss: 5.412501, time: 4.179 sec/batch
INFO:tensorflow:Step: 419, Loss: 5.553896, time: 7.101 sec/batch
INFO:tensorflow:Step: 424, Loss: 5.520011, time: 6.347 sec/batch
I tensorflow/core/common_runtime/gpu/pool_allocator.cc:244] PoolAllocator: After 3768 get requests, put_count=4061 evicted_count=2000 eviction_rate=0.49249 and unsatisfied allocation rate=0.45966
I tensorflow/core/common_runtime/gpu/pool_allocator.cc:256] Raising pool_size_limit_ from 281 to 309
INFO:tensorflow:Step: 428, Loss: 5.230277, time: 5.900 sec/batch
INFO:tensorflow:Step: 432, Loss: 5.230226, time: 5.602 sec/batch
INFO:tensorflow:Step: 436, Loss: 4.759181, time: 5.937 sec/batch
INFO:tensorflow:Step: 440, Loss: 5.438200, time: 5.964 sec/batch
INFO:tensorflow:Step: 444, Loss: 5.295844, time: 5.049 sec/batch
INFO:tensorflow:Step: 448, Loss: 5.318741, time: 4.346 sec/batch
I tensorflow/core/common_runtime/gpu/pool_allocator.cc:244] PoolAllocator: After 0 get requests, put_count=1049 evicted_count=1000 eviction_rate=0.953289 and unsatisfied allocation rate=0
INFO:tensorflow:Step: 452, Loss: 5.127624, time: 4.033 sec/batch
INFO:tensorflow:Step: 456, Loss: 5.197151, time: 4.337 sec/batch
INFO:tensorflow:Step: 460, Loss: 5.475782, time: 5.308 sec/batch
INFO:tensorflow:Step: 464, Loss: 5.067417, time: 4.484 sec/batch
INFO:tensorflow:global_step/sec: 0.589005
INFO:tensorflow:Step: 468, Loss: 5.320961, time: 5.046 sec/batch
INFO:tensorflow:Step: 472, Loss: 5.221470, time: 4.441 sec/batch
INFO:tensorflow:Step: 476, Loss: 5.199312, time: 4.838 sec/batch
INFO:tensorflow:Step: 480, Loss: 5.204790, time: 4.385 sec/batch
INFO:tensorflow:Step: 484, Loss: 5.331361, time: 3.755 sec/batch
I tensorflow/core/common_runtime/gpu/pool_allocator.cc:244] PoolAllocator: After 3768 get requests, put_count=4015 evicted_count=1000 eviction_rate=0.249066 and unsatisfied allocation rate=0.227707
I tensorflow/core/common_runtime/gpu/pool_allocator.cc:256] Raising pool_size_limit_ from 1158 to 1273
INFO:tensorflow:Step: 488, Loss: 5.399589, time: 4.299 sec/batch
INFO:tensorflow:Step: 492, Loss: 4.978870, time: 5.360 sec/batch
INFO:tensorflow:Step: 497, Loss: 5.251631, time: 4.651 sec/batch
INFO:tensorflow:Step: 501, Loss: 4.918862, time: 4.667 sec/batch
INFO:tensorflow:Step: 505, Loss: 5.272453, time: 4.850 sec/batch
INFO:tensorflow:Step: 509, Loss: 5.411902, time: 4.172 sec/batch
INFO:tensorflow:Step: 513, Loss: 5.068794, time: 3.784 sec/batch
INFO:tensorflow:Step: 517, Loss: 5.320341, time: 3.658 sec/batch
INFO:tensorflow:Step: 521, Loss: 5.196312, time: 3.882 sec/batch
INFO:tensorflow:Step: 525, Loss: 5.112442, time: 3.632 sec/batch
INFO:tensorflow:Step: 529, Loss: 5.279442, time: 4.238 sec/batch
INFO:tensorflow:Step: 533, Loss: 4.996925, time: 4.145 sec/batch
INFO:tensorflow:Step: 538, Loss: 5.266346, time: 4.498 sec/batch
INFO:tensorflow:Step: 542, Loss: 5.140108, time: 4.466 sec/batch
INFO:tensorflow:Step: 546, Loss: 5.430833, time: 3.456 sec/batch
INFO:tensorflow:Step: 550, Loss: 5.089293, time: 3.683 sec/batch
INFO:tensorflow:Step: 554, Loss: 5.112304, time: 4.278 sec/batch
INFO:tensorflow:Step: 558, Loss: 5.360445, time: 4.282 sec/batch
INFO:tensorflow:Step: 562, Loss: 4.864809, time: 4.126 sec/batch
INFO:tensorflow:Step: 566, Loss: 5.019756, time: 4.069 sec/batch
INFO:tensorflow:Step: 570, Loss: 5.311003, time: 4.514 sec/batch
INFO:tensorflow:Step: 574, Loss: 5.246569, time: 4.260 sec/batch
INFO:tensorflow:Step: 578, Loss: 5.061440, time: 4.196 sec/batch
INFO:tensorflow:global_step/sec: 0.958331
INFO:tensorflow:Step: 582, Loss: 5.297373, time: 4.148 sec/batch
INFO:tensorflow:Step: 586, Loss: 5.281162, time: 4.108 sec/batch
INFO:tensorflow:Step: 590, Loss: 5.211027, time: 4.141 sec/batch
INFO:tensorflow:Step: 594, Loss: 5.389583, time: 4.826 sec/batch
INFO:tensorflow:Step: 598, Loss: 5.070680, time: 3.471 sec/batch
INFO:tensorflow:Step: 602, Loss: 5.180243, time: 4.067 sec/batch
INFO:tensorflow:Step: 606, Loss: 5.111900, time: 4.976 sec/batch
INFO:tensorflow:Step: 610, Loss: 5.296193, time: 5.261 sec/batch
INFO:tensorflow:Step: 614, Loss: 5.203220, time: 4.281 sec/batch
INFO:tensorflow:Step: 619, Loss: 5.339796, time: 5.015 sec/batch
INFO:tensorflow:Step: 623, Loss: 5.013724, time: 4.095 sec/batch
INFO:tensorflow:Step: 627, Loss: 5.121212, time: 4.321 sec/batch
INFO:tensorflow:Step: 631, Loss: 4.809202, time: 3.541 sec/batch
INFO:tensorflow:Step: 634, Loss: 4.806871, time: 3.762 sec/batch
INFO:tensorflow:Step: 638, Loss: 5.064018, time: 3.923 sec/batch
INFO:tensorflow:Step: 642, Loss: 5.163495, time: 3.539 sec/batch
INFO:tensorflow:Step: 646, Loss: 5.422426, time: 4.317 sec/batch
INFO:tensorflow:Step: 650, Loss: 5.058180, time: 4.015 sec/batch
INFO:tensorflow:Step: 654, Loss: 5.205544, time: 4.371 sec/batch
INFO:tensorflow:Step: 658, Loss: 5.154371, time: 3.765 sec/batch
INFO:tensorflow:Step: 662, Loss: 4.892090, time: 4.513 sec/batch
INFO:tensorflow:Step: 666, Loss: 4.995329, time: 4.103 sec/batch
INFO:tensorflow:Step: 670, Loss: 5.165316, time: 3.652 sec/batch
INFO:tensorflow:Step: 674, Loss: 4.987718, time: 3.879 sec/batch
INFO:tensorflow:Step: 678, Loss: 5.082339, time: 3.427 sec/batch
INFO:tensorflow:Step: 682, Loss: 5.136864, time: 3.252 sec/batch
INFO:tensorflow:Step: 685, Loss: 4.787613, time: 3.705 sec/batch
INFO:tensorflow:Step: 689, Loss: 5.086316, time: 3.663 sec/batch
INFO:tensorflow:Step: 693, Loss: 4.980099, time: 4.188 sec/batch
INFO:tensorflow:Step: 697, Loss: 5.316068, time: 3.848 sec/batch
INFO:tensorflow:global_step/sec: 0.979295
INFO:tensorflow:Step: 701, Loss: 4.945612, time: 3.567 sec/batch
INFO:tensorflow:Step: 705, Loss: 5.121850, time: 4.358 sec/batch
INFO:tensorflow:Step: 710, Loss: 4.889492, time: 4.121 sec/batch
INFO:tensorflow:Step: 714, Loss: 4.770276, time: 3.992 sec/batch
INFO:tensorflow:Step: 718, Loss: 5.163198, time: 4.834 sec/batch
INFO:tensorflow:Step: 722, Loss: 4.946573, time: 3.400 sec/batch
INFO:tensorflow:Step: 726, Loss: 5.015588, time: 4.782 sec/batch
INFO:tensorflow:Step: 730, Loss: 5.147699, time: 5.071 sec/batch
INFO:tensorflow:Step: 735, Loss: 4.869950, time: 3.741 sec/batch
INFO:tensorflow:Step: 739, Loss: 5.174529, time: 4.330 sec/batch
INFO:tensorflow:Step: 743, Loss: 5.031672, time: 4.174 sec/batch
INFO:tensorflow:Step: 748, Loss: 4.983476, time: 3.653 sec/batch
INFO:tensorflow:Step: 751, Loss: 5.254404, time: 3.579 sec/batch
INFO:tensorflow:Step: 755, Loss: 5.001344, time: 3.773 sec/batch
INFO:tensorflow:Step: 759, Loss: 4.882086, time: 3.730 sec/batch
INFO:tensorflow:Step: 763, Loss: 5.066446, time: 3.913 sec/batch
INFO:tensorflow:Step: 767, Loss: 5.047292, time: 4.070 sec/batch
INFO:tensorflow:Step: 771, Loss: 4.731365, time: 3.499 sec/batch
INFO:tensorflow:Step: 775, Loss: 5.143796, time: 4.276 sec/batch
INFO:tensorflow:Step: 779, Loss: 5.069290, time: 4.084 sec/batch
INFO:tensorflow:Step: 783, Loss: 4.931022, time: 3.878 sec/batch
INFO:tensorflow:Step: 787, Loss: 5.164336, time: 4.338 sec/batch
INFO:tensorflow:Step: 791, Loss: 4.826926, time: 3.498 sec/batch
INFO:tensorflow:Step: 795, Loss: 4.868937, time: 3.968 sec/batch
INFO:tensorflow:Step: 799, Loss: 4.837883, time: 4.458 sec/batch
INFO:tensorflow:Step: 803, Loss: 4.964725, time: 4.647 sec/batch
INFO:tensorflow:Step: 807, Loss: 4.745240, time: 4.134 sec/batch
INFO:tensorflow:Step: 811, Loss: 4.920781, time: 4.425 sec/batch
INFO:tensorflow:Step: 815, Loss: 4.990101, time: 3.566 sec/batch
INFO:tensorflow:global_step/sec: 0.995718
INFO:tensorflow:Step: 818, Loss: 4.895566, time: 4.060 sec/batch
INFO:tensorflow:Step: 822, Loss: 5.064209, time: 3.832 sec/batch
INFO:tensorflow:Step: 826, Loss: 4.944850, time: 3.790 sec/batch
INFO:tensorflow:Step: 830, Loss: 4.820347, time: 3.629 sec/batch
INFO:tensorflow:Step: 834, Loss: 5.135501, time: 3.841 sec/batch
INFO:tensorflow:Step: 838, Loss: 5.159690, time: 3.638 sec/batch
INFO:tensorflow:Step: 842, Loss: 4.808215, time: 3.704 sec/batch
INFO:tensorflow:Step: 846, Loss: 4.875493, time: 3.404 sec/batch
INFO:tensorflow:Step: 850, Loss: 4.759247, time: 3.716 sec/batch
INFO:tensorflow:Step: 853, Loss: 5.021011, time: 3.626 sec/batch
INFO:tensorflow:Step: 857, Loss: 4.975910, time: 4.273 sec/batch
INFO:tensorflow:Step: 861, Loss: 4.889113, time: 4.563 sec/batch
run-expr-32node.sh: line 25: 114857 Terminated              CUDA_VISIBLE_DEVICES=$1 bazel-bin/inception/imagenet_distributed_train --batch_size=32 --data_dir=/home/data/sample-data-$2 --job_name='worker' --task_id=$2 --ps_hosts='master:2200' --worker_hosts='master:2201,master:2202,master:2203,master:2204,node001:2205,node001:2206,node001:2207,node001:2208,node002:2209,node002:2210,node002:2211,node002:2212,node003:2213,node003:2214,node003:2215,node003:2216' --initial_learning_rate=$3 --momentum=$4 --sync=True --compute_groups=$5
