DISPLAY "(null)" invalid; disabling X11 forwarding
I tensorflow/stream_executor/dso_loader.cc:108] successfully opened CUDA library libcublas.so locally
I tensorflow/stream_executor/dso_loader.cc:108] successfully opened CUDA library libcudnn.so locally
I tensorflow/stream_executor/dso_loader.cc:108] successfully opened CUDA library libcufft.so locally
I tensorflow/stream_executor/dso_loader.cc:108] successfully opened CUDA library libcuda.so locally
I tensorflow/stream_executor/dso_loader.cc:108] successfully opened CUDA library libcurand.so locally
INFO:tensorflow:PS hosts are: ['raiders1:2200']
INFO:tensorflow:Worker hosts are: ['raiders1:2201', 'raiders1:2202', 'raiders1:2203', 'raiders1:2204', 'raiders2:2205', 'raiders2:2206', 'raiders2:2207', 'raiders2:2208', 'raiders3:2209', 'raiders3:2210', 'raiders3:2211', 'raiders3:2212', 'raiders8:2213', 'raiders8:2214', 'raiders8:2215', 'raiders8:2216']
E tensorflow/stream_executor/cuda/cuda_driver.cc:491] failed call to cuInit: CUDA_ERROR_NO_DEVICE
I tensorflow/stream_executor/cuda/cuda_diagnostics.cc:153] retrieving CUDA diagnostic information for host: raiders2
I tensorflow/stream_executor/cuda/cuda_diagnostics.cc:160] hostname: raiders2
I tensorflow/stream_executor/cuda/cuda_diagnostics.cc:185] libcuda reported version is: Not found: was unable to find libcuda.so DSO loaded into this program
I tensorflow/stream_executor/cuda/cuda_diagnostics.cc:347] driver version file contents: """NVRM version: NVIDIA UNIX x86_64 Kernel Module  352.93  Tue Apr  5 18:18:24 PDT 2016
GCC version:  gcc version 4.8.4 (Ubuntu 4.8.4-2ubuntu1~14.04.1) 
"""
I tensorflow/stream_executor/cuda/cuda_diagnostics.cc:189] kernel reported version is: 352.93.0
I tensorflow/core/common_runtime/gpu/gpu_init.cc:81] No GPU devices available on machine.
I tensorflow/core/distributed_runtime/rpc/grpc_channel.cc:206] Initialize HostPortsGrpcChannelCache for job ps -> {raiders1:2200}
I tensorflow/core/distributed_runtime/rpc/grpc_channel.cc:206] Initialize HostPortsGrpcChannelCache for job worker -> {raiders1:2201, raiders1:2202, raiders1:2203, raiders1:2204, raiders2:2205, raiders2:2206, raiders2:2207, localhost:2208, raiders3:2209, raiders3:2210, raiders3:2211, raiders3:2212, raiders8:2213, raiders8:2214, raiders8:2215, raiders8:2216}
I tensorflow/core/distributed_runtime/rpc/grpc_server_lib.cc:202] Started server with target: grpc://localhost:2208
INFO:tensorflow:Learning rate: 0.001000, momentum: 0.900000
INFO:tensorflow:Sync mode!!!!!!
INFO:tensorflow:Compute groups : 4
INFO:tensorflow:SyncReplicas enabled: replicas_to_aggregate=16; total_num_replicas=16
INFO:tensorflow:Num nodes per compute groups: 4
INFO:tensorflow:Tokens per step: 4
INFO:tensorflow:2016-07-26 12:52:49.267791 Supervisor
INFO:tensorflow:got sessions! 2016-07-26 12:53:04.300469 
INFO:tensorflow:Started 3 queues for processing input data.
INFO:tensorflow:Step: 399, Loss: 6.026244, time: 21.031 sec/batch
INFO:tensorflow:Step: 399, Loss: 6.114739, time: 12.468 sec/batch
INFO:tensorflow:Step: 403, Loss: 5.874873, time: 14.636 sec/batch
INFO:tensorflow:Step: 407, Loss: 5.326055, time: 13.097 sec/batch
INFO:tensorflow:Step: 410, Loss: 5.329439, time: 15.875 sec/batch
INFO:tensorflow:Step: 415, Loss: 5.783589, time: 12.741 sec/batch
INFO:tensorflow:Step: 419, Loss: 5.751942, time: 13.428 sec/batch
INFO:tensorflow:Step: 423, Loss: 5.538203, time: 14.137 sec/batch
INFO:tensorflow:Step: 427, Loss: 5.425432, time: 14.747 sec/batch
INFO:tensorflow:Step: 431, Loss: 5.645750, time: 17.631 sec/batch
INFO:tensorflow:Step: 438, Loss: 5.271007, time: 15.187 sec/batch
INFO:tensorflow:Step: 442, Loss: 5.326050, time: 15.068 sec/batch
INFO:tensorflow:Step: 446, Loss: 5.506232, time: 16.042 sec/batch
INFO:tensorflow:Step: 451, Loss: 6.008335, time: 15.129 sec/batch
INFO:tensorflow:Step: 455, Loss: 6.192790, time: 12.678 sec/batch
INFO:tensorflow:Step: 459, Loss: 5.721021, time: 15.180 sec/batch
INFO:tensorflow:Step: 464, Loss: 5.551824, time: 15.671 sec/batch
INFO:tensorflow:Step: 468, Loss: 5.987232, time: 12.373 sec/batch
INFO:tensorflow:Step: 472, Loss: 6.603333, time: 13.774 sec/batch
INFO:tensorflow:Step: 476, Loss: 5.470309, time: 14.607 sec/batch
INFO:tensorflow:Step: 480, Loss: 6.081919, time: 14.622 sec/batch
INFO:tensorflow:Step: 484, Loss: 5.867050, time: 14.137 sec/batch
INFO:tensorflow:Step: 488, Loss: 6.028791, time: 14.138 sec/batch
INFO:tensorflow:Step: 492, Loss: 5.480160, time: 14.790 sec/batch
INFO:tensorflow:Step: 496, Loss: 5.231045, time: 15.427 sec/batch
INFO:tensorflow:Step: 500, Loss: 5.249888, time: 15.557 sec/batch
INFO:tensorflow:Step: 504, Loss: 5.471637, time: 14.660 sec/batch
INFO:tensorflow:Step: 508, Loss: 5.043999, time: 14.449 sec/batch
INFO:tensorflow:Step: 512, Loss: 5.716155, time: 14.796 sec/batch
INFO:tensorflow:Step: 516, Loss: 5.394924, time: 15.183 sec/batch
INFO:tensorflow:Step: 520, Loss: 5.613686, time: 14.647 sec/batch
INFO:tensorflow:Step: 524, Loss: 5.856600, time: 14.681 sec/batch
INFO:tensorflow:Step: 528, Loss: 5.910164, time: 15.497 sec/batch
INFO:tensorflow:Step: 532, Loss: 5.751341, time: 14.378 sec/batch
INFO:tensorflow:Step: 537, Loss: 5.321546, time: 15.252 sec/batch
INFO:tensorflow:Step: 541, Loss: 5.085453, time: 15.748 sec/batch
INFO:tensorflow:Step: 545, Loss: 5.846828, time: 14.740 sec/batch
INFO:tensorflow:Step: 549, Loss: 5.874417, time: 14.163 sec/batch
INFO:tensorflow:Step: 553, Loss: 5.574540, time: 14.500 sec/batch
INFO:tensorflow:Step: 557, Loss: 5.504703, time: 15.467 sec/batch
INFO:tensorflow:Step: 561, Loss: 5.752479, time: 14.481 sec/batch
INFO:tensorflow:Step: 565, Loss: 5.652696, time: 15.356 sec/batch
INFO:tensorflow:Step: 569, Loss: 5.293016, time: 15.273 sec/batch
INFO:tensorflow:Step: 573, Loss: 5.317122, time: 15.475 sec/batch
INFO:tensorflow:Step: 577, Loss: 5.666425, time: 15.936 sec/batch
INFO:tensorflow:Step: 582, Loss: 5.475211, time: 15.166 sec/batch
INFO:tensorflow:Step: 588, Loss: 5.480659, time: 16.609 sec/batch
INFO:tensorflow:Step: 592, Loss: 5.220135, time: 15.377 sec/batch
INFO:tensorflow:Step: 596, Loss: 5.297850, time: 16.317 sec/batch
INFO:tensorflow:Step: 600, Loss: 5.893794, time: 15.593 sec/batch
INFO:tensorflow:Step: 604, Loss: 5.016699, time: 15.729 sec/batch
INFO:tensorflow:Step: 608, Loss: 5.362816, time: 13.579 sec/batch
INFO:tensorflow:Step: 611, Loss: 5.446928, time: 14.346 sec/batch
INFO:tensorflow:Step: 615, Loss: 5.045424, time: 14.874 sec/batch
INFO:tensorflow:Step: 619, Loss: 5.058496, time: 14.451 sec/batch
INFO:tensorflow:Step: 623, Loss: 5.154565, time: 14.534 sec/batch
INFO:tensorflow:Step: 627, Loss: 5.015529, time: 14.113 sec/batch
INFO:tensorflow:Step: 631, Loss: 5.155445, time: 15.291 sec/batch
INFO:tensorflow:Step: 635, Loss: 4.889533, time: 15.225 sec/batch
INFO:tensorflow:Step: 639, Loss: 5.909596, time: 15.363 sec/batch
INFO:tensorflow:Step: 645, Loss: 5.079297, time: 15.406 sec/batch
INFO:tensorflow:Step: 649, Loss: 5.040404, time: 15.120 sec/batch
INFO:tensorflow:Step: 652, Loss: 5.765816, time: 15.134 sec/batch
INFO:tensorflow:Step: 657, Loss: 5.224845, time: 14.756 sec/batch
INFO:tensorflow:Step: 661, Loss: 5.249243, time: 14.870 sec/batch
INFO:tensorflow:Step: 665, Loss: 5.558432, time: 14.002 sec/batch
INFO:tensorflow:Step: 668, Loss: 5.555492, time: 14.735 sec/batch
INFO:tensorflow:Step: 672, Loss: 5.910357, time: 14.569 sec/batch
INFO:tensorflow:Step: 676, Loss: 5.608312, time: 14.037 sec/batch
INFO:tensorflow:Step: 680, Loss: 5.587721, time: 15.345 sec/batch
INFO:tensorflow:Step: 684, Loss: 5.546645, time: 15.218 sec/batch
INFO:tensorflow:Step: 688, Loss: 5.028183, time: 14.610 sec/batch
INFO:tensorflow:Step: 692, Loss: 5.736089, time: 14.258 sec/batch
INFO:tensorflow:Step: 696, Loss: 5.816855, time: 14.231 sec/batch
INFO:tensorflow:Step: 700, Loss: 5.157155, time: 15.013 sec/batch
INFO:tensorflow:Step: 704, Loss: 4.966446, time: 15.856 sec/batch
INFO:tensorflow:Step: 709, Loss: 6.679140, time: 16.532 sec/batch
INFO:tensorflow:Step: 714, Loss: 5.711313, time: 15.172 sec/batch
INFO:tensorflow:Step: 718, Loss: 5.329198, time: 15.163 sec/batch
INFO:tensorflow:Step: 722, Loss: 5.106460, time: 16.007 sec/batch
INFO:tensorflow:Step: 726, Loss: 5.078167, time: 14.471 sec/batch
INFO:tensorflow:Step: 730, Loss: 5.403710, time: 15.443 sec/batch
INFO:tensorflow:Step: 734, Loss: 4.830930, time: 15.059 sec/batch
INFO:tensorflow:Step: 739, Loss: 4.949937, time: 14.471 sec/batch
INFO:tensorflow:Step: 743, Loss: 5.627399, time: 14.527 sec/batch
INFO:tensorflow:Step: 747, Loss: 4.911304, time: 15.677 sec/batch
INFO:tensorflow:Step: 750, Loss: 5.159578, time: 14.922 sec/batch
INFO:tensorflow:Step: 754, Loss: 5.271916, time: 14.155 sec/batch
INFO:tensorflow:Step: 757, Loss: 5.321610, time: 14.380 sec/batch
INFO:tensorflow:Step: 761, Loss: 5.232337, time: 14.448 sec/batch
INFO:tensorflow:Step: 765, Loss: 5.316027, time: 15.077 sec/batch
INFO:tensorflow:Step: 769, Loss: 5.088133, time: 15.624 sec/batch
INFO:tensorflow:Step: 773, Loss: 5.714398, time: 15.301 sec/batch
INFO:tensorflow:Step: 778, Loss: 5.840548, time: 15.680 sec/batch
INFO:tensorflow:Step: 783, Loss: 5.350386, time: 16.350 sec/batch
INFO:tensorflow:Step: 788, Loss: 5.460868, time: 15.029 sec/batch
INFO:tensorflow:Step: 791, Loss: 5.281557, time: 17.113 sec/batch
INFO:tensorflow:Step: 796, Loss: 5.784213, time: 14.486 sec/batch
INFO:tensorflow:Step: 799, Loss: 5.108052, time: 15.005 sec/batch
INFO:tensorflow:Step: 802, Loss: 5.209554, time: 15.550 sec/batch
INFO:tensorflow:Step: 807, Loss: 5.588304, time: 15.436 sec/batch
INFO:tensorflow:Step: 812, Loss: 6.045250, time: 16.347 sec/batch
INFO:tensorflow:Step: 816, Loss: 5.548887, time: 15.403 sec/batch
INFO:tensorflow:Step: 820, Loss: 5.022497, time: 15.838 sec/batch
INFO:tensorflow:Step: 825, Loss: 4.849991, time: 15.872 sec/batch
INFO:tensorflow:Step: 829, Loss: 5.213059, time: 14.374 sec/batch
INFO:tensorflow:Step: 833, Loss: 5.171313, time: 14.003 sec/batch
INFO:tensorflow:Step: 837, Loss: 4.707669, time: 15.848 sec/batch
INFO:tensorflow:Step: 841, Loss: 5.141671, time: 14.436 sec/batch
INFO:tensorflow:Step: 845, Loss: 5.090600, time: 14.841 sec/batch
INFO:tensorflow:Step: 849, Loss: 5.551542, time: 15.257 sec/batch
INFO:tensorflow:Step: 853, Loss: 5.745685, time: 14.709 sec/batch
INFO:tensorflow:Step: 857, Loss: 5.511624, time: 15.404 sec/batch
INFO:tensorflow:Step: 862, Loss: 5.469926, time: 14.114 sec/batch
INFO:tensorflow:Step: 866, Loss: 4.916427, time: 13.138 sec/batch
INFO:tensorflow:Step: 870, Loss: 5.165015, time: 15.208 sec/batch
INFO:tensorflow:Step: 873, Loss: 5.320338, time: 15.693 sec/batch
INFO:tensorflow:Step: 878, Loss: 4.932128, time: 16.206 sec/batch
INFO:tensorflow:Step: 882, Loss: 5.167015, time: 15.332 sec/batch
INFO:tensorflow:Step: 886, Loss: 5.341843, time: 15.706 sec/batch
INFO:tensorflow:Step: 890, Loss: 5.513272, time: 14.809 sec/batch
INFO:tensorflow:Step: 894, Loss: 4.700765, time: 14.473 sec/batch
INFO:tensorflow:Step: 899, Loss: 5.289155, time: 15.962 sec/batch
INFO:tensorflow:Step: 903, Loss: 5.022054, time: 14.044 sec/batch
INFO:tensorflow:Step: 906, Loss: 5.274024, time: 14.892 sec/batch
INFO:tensorflow:Step: 911, Loss: 5.268491, time: 15.139 sec/batch
INFO:tensorflow:Step: 915, Loss: 5.378933, time: 14.741 sec/batch
INFO:tensorflow:Step: 919, Loss: 5.378244, time: 14.356 sec/batch
INFO:tensorflow:Step: 923, Loss: 5.222944, time: 14.558 sec/batch
INFO:tensorflow:Step: 927, Loss: 5.665799, time: 15.041 sec/batch
INFO:tensorflow:Step: 931, Loss: 5.554162, time: 14.736 sec/batch
INFO:tensorflow:Step: 935, Loss: 4.951424, time: 15.427 sec/batch
INFO:tensorflow:Step: 940, Loss: 5.023327, time: 14.074 sec/batch
INFO:tensorflow:Step: 944, Loss: 5.497482, time: 14.104 sec/batch
INFO:tensorflow:Step: 948, Loss: 5.326707, time: 14.529 sec/batch
INFO:tensorflow:Step: 952, Loss: 4.811846, time: 14.969 sec/batch
INFO:tensorflow:Step: 956, Loss: 5.489009, time: 13.614 sec/batch
INFO:tensorflow:Step: 960, Loss: 5.095624, time: 14.866 sec/batch
INFO:tensorflow:Step: 964, Loss: 4.956448, time: 14.131 sec/batch
INFO:tensorflow:Step: 968, Loss: 4.676151, time: 15.365 sec/batch
INFO:tensorflow:Step: 972, Loss: 5.565610, time: 15.153 sec/batch
INFO:tensorflow:Step: 976, Loss: 5.310920, time: 15.455 sec/batch
INFO:tensorflow:Step: 981, Loss: 5.282726, time: 14.469 sec/batch
INFO:tensorflow:Step: 985, Loss: 5.677161, time: 14.473 sec/batch
INFO:tensorflow:Step: 989, Loss: 5.739984, time: 14.006 sec/batch
INFO:tensorflow:Step: 993, Loss: 4.972939, time: 13.761 sec/batch
INFO:tensorflow:Step: 997, Loss: 4.973206, time: 14.686 sec/batch
INFO:tensorflow:Step: 1001, Loss: 5.505638, time: 14.104 sec/batch
INFO:tensorflow:Step: 1005, Loss: 5.882463, time: 14.226 sec/batch
INFO:tensorflow:Step: 1009, Loss: 5.308506, time: 14.016 sec/batch
INFO:tensorflow:Step: 1013, Loss: 5.031046, time: 13.758 sec/batch
INFO:tensorflow:Step: 1017, Loss: 5.103087, time: 16.132 sec/batch
INFO:tensorflow:Step: 1021, Loss: 5.668401, time: 14.704 sec/batch
INFO:tensorflow:Step: 1026, Loss: 5.736536, time: 14.595 sec/batch
INFO:tensorflow:Step: 1030, Loss: 4.879684, time: 14.386 sec/batch
INFO:tensorflow:Step: 1034, Loss: 5.153943, time: 14.502 sec/batch
INFO:tensorflow:Step: 1038, Loss: 5.497751, time: 14.255 sec/batch
INFO:tensorflow:Step: 1042, Loss: 4.806452, time: 14.783 sec/batch
INFO:tensorflow:Step: 1046, Loss: 5.267776, time: 14.782 sec/batch
INFO:tensorflow:Step: 1050, Loss: 4.643856, time: 13.915 sec/batch
INFO:tensorflow:Step: 1053, Loss: 4.789533, time: 14.861 sec/batch
INFO:tensorflow:Step: 1057, Loss: 5.221885, time: 13.926 sec/batch
INFO:tensorflow:Step: 1061, Loss: 4.532596, time: 14.721 sec/batch
INFO:tensorflow:Step: 1065, Loss: 5.245139, time: 14.377 sec/batch
INFO:tensorflow:Step: 1069, Loss: 4.838513, time: 15.180 sec/batch
INFO:tensorflow:Step: 1073, Loss: 5.846719, time: 14.391 sec/batch
INFO:tensorflow:Step: 1077, Loss: 5.194257, time: 14.947 sec/batch
INFO:tensorflow:Step: 1081, Loss: 4.837542, time: 16.099 sec/batch
INFO:tensorflow:Step: 1087, Loss: 4.998003, time: 14.554 sec/batch
INFO:tensorflow:Step: 1091, Loss: 5.250182, time: 14.186 sec/batch
INFO:tensorflow:Step: 1095, Loss: 5.525563, time: 14.907 sec/batch
INFO:tensorflow:Step: 1099, Loss: 5.036911, time: 14.736 sec/batch
INFO:tensorflow:Step: 1103, Loss: 5.691833, time: 14.176 sec/batch
INFO:tensorflow:Step: 1107, Loss: 5.597551, time: 14.619 sec/batch
INFO:tensorflow:Step: 1110, Loss: 4.956180, time: 14.407 sec/batch
run-expr-32node.sh: line 23: 86554 Terminated              CUDA_VISIBLE_DEVICES='' bazel-bin/inception/imagenet_distributed_train --batch_size=16 --data_dir=/lfs/local/0/daniter/16node-data-$2 --job_name='worker' --task_id=$2 --ps_hosts='raiders1:2200' --worker_hosts='raiders1:2201,raiders1:2202,raiders1:2203,raiders1:2204,raiders2:2205,raiders2:2206,raiders2:2207,raiders2:2208,raiders3:2209,raiders3:2210,raiders3:2211,raiders3:2212,raiders8:2213,raiders8:2214,raiders8:2215,raiders8:2216' --initial_learning_rate=$3 --momentum=$4 --sync=True --compute_groups=$5
