I tensorflow/stream_executor/dso_loader.cc:108] successfully opened CUDA library libcublas.so locally
I tensorflow/stream_executor/dso_loader.cc:108] successfully opened CUDA library libcudnn.so locally
I tensorflow/stream_executor/dso_loader.cc:108] successfully opened CUDA library libcufft.so locally
I tensorflow/stream_executor/dso_loader.cc:108] successfully opened CUDA library libcuda.so locally
I tensorflow/stream_executor/dso_loader.cc:108] successfully opened CUDA library libcurand.so locally
INFO:tensorflow:PS hosts are: ['raiders1:2228']
INFO:tensorflow:Worker hosts are: ['raiders1:2200', 'raiders1:2201', 'raiders3:2209', 'raiders3:2210']
I tensorflow/core/common_runtime/gpu/gpu_init.cc:102] Found device 0 with properties: 
name: GeForce GTX TITAN X
major: 5 minor: 2 memoryClockRate (GHz) 1.076
pciBusID 0000:03:00.0
Total memory: 11.92GiB
Free memory: 11.81GiB
I tensorflow/core/common_runtime/gpu/gpu_init.cc:126] DMA: 0 
I tensorflow/core/common_runtime/gpu/gpu_init.cc:136] 0:   Y 
I tensorflow/core/common_runtime/gpu/gpu_device.cc:806] Creating TensorFlow device (/gpu:0) -> (device: 0, name: GeForce GTX TITAN X, pci bus id: 0000:03:00.0)
I tensorflow/core/distributed_runtime/rpc/grpc_channel.cc:206] Initialize HostPortsGrpcChannelCache for job ps -> {raiders1:2228}
I tensorflow/core/distributed_runtime/rpc/grpc_channel.cc:206] Initialize HostPortsGrpcChannelCache for job worker -> {localhost:2200, raiders1:2201, raiders3:2209, raiders3:2210}
I tensorflow/core/distributed_runtime/rpc/grpc_server_lib.cc:202] Started server with target: grpc://localhost:2200
INFO:tensorflow:Learning rate: 0.002500, momentum: 0.750000
INFO:tensorflow:Sync mode!!!!!!
INFO:tensorflow:Compute groups : 4
INFO:tensorflow:SyncReplicas enabled: replicas_to_aggregate=4; total_num_replicas=4
INFO:tensorflow:Num nodes per compute groups: 1
INFO:tensorflow:Tokens per step: 1
INFO:tensorflow:2016-07-19 14:55:58.904798 Supervisor
INFO:tensorflow:Restored model from /lfs/local/0/daniter/cg-snapshot/model.ckpt-399
INFO:tensorflow:got sessions!
INFO:tensorflow:Started 3 queues for processing input data.
INFO:tensorflow:global_step/sec: 0.451579
I tensorflow/core/common_runtime/gpu/pool_allocator.cc:244] PoolAllocator: After 3678 get requests, put_count=2565 evicted_count=1000 eviction_rate=0.389864 and unsatisfied allocation rate=0.601686
I tensorflow/core/common_runtime/gpu/pool_allocator.cc:256] Raising pool_size_limit_ from 100 to 110
INFO:tensorflow:Step: 449, Accuracy: 0.609375, Loss: 5.313758, time: 7.795 sec/batch
INFO:tensorflow:Step: 459, Accuracy: 0.531250, Loss: 5.166327, time: 1.537 sec/batch
INFO:tensorflow:Step: 463, Accuracy: 0.687500, Loss: 5.268240, time: 1.861 sec/batch
INFO:tensorflow:Step: 467, Accuracy: 0.546875, Loss: 5.149500, time: 1.484 sec/batch
INFO:tensorflow:Step: 470, Accuracy: 0.562500, Loss: 5.139022, time: 1.304 sec/batch
I tensorflow/core/common_runtime/gpu/pool_allocator.cc:244] PoolAllocator: After 0 get requests, put_count=1016 evicted_count=1000 eviction_rate=0.984252 and unsatisfied allocation rate=0
INFO:tensorflow:Step: 474, Accuracy: 0.562500, Loss: 5.169432, time: 1.993 sec/batch
INFO:tensorflow:Step: 478, Accuracy: 0.531250, Loss: 5.244107, time: 1.961 sec/batch
INFO:tensorflow:Step: 482, Accuracy: 0.546875, Loss: 5.246367, time: 1.339 sec/batch
INFO:tensorflow:Step: 486, Accuracy: 0.687500, Loss: 5.093155, time: 2.045 sec/batch
INFO:tensorflow:Step: 488, Accuracy: 0.734375, Loss: 5.424001, time: 2.153 sec/batch
I tensorflow/core/common_runtime/gpu/pool_allocator.cc:244] PoolAllocator: After 0 get requests, put_count=1025 evicted_count=1000 eviction_rate=0.97561 and unsatisfied allocation rate=0
INFO:tensorflow:Step: 492, Accuracy: 0.578125, Loss: 5.225541, time: 1.564 sec/batch
INFO:tensorflow:Step: 496, Accuracy: 0.625000, Loss: 5.137176, time: 1.617 sec/batch
INFO:tensorflow:Step: 500, Accuracy: 0.640625, Loss: 5.088769, time: 1.805 sec/batch
INFO:tensorflow:Step: 504, Accuracy: 0.656250, Loss: 5.386440, time: 1.729 sec/batch
INFO:tensorflow:Step: 506, Accuracy: 0.578125, Loss: 5.158166, time: 1.240 sec/batch
INFO:tensorflow:Step: 510, Accuracy: 0.531250, Loss: 5.229774, time: 1.785 sec/batch
I tensorflow/core/common_runtime/gpu/pool_allocator.cc:244] PoolAllocator: After 3579 get requests, put_count=3956 evicted_count=2000 eviction_rate=0.505561 and unsatisfied allocation rate=0.464655
I tensorflow/core/common_runtime/gpu/pool_allocator.cc:256] Raising pool_size_limit_ from 449 to 493
INFO:tensorflow:Step: 514, Accuracy: 0.625000, Loss: 5.245202, time: 2.244 sec/batch
INFO:tensorflow:Step: 518, Accuracy: 0.578125, Loss: 5.080209, time: 1.294 sec/batch
INFO:tensorflow:Step: 522, Accuracy: 0.625000, Loss: 5.126332, time: 1.807 sec/batch
INFO:tensorflow:Step: 526, Accuracy: 0.625000, Loss: 5.174081, time: 1.559 sec/batch
INFO:tensorflow:Step: 529, Accuracy: 0.640625, Loss: 5.382348, time: 1.437 sec/batch
INFO:tensorflow:Step: 533, Accuracy: 0.531250, Loss: 5.203180, time: 1.324 sec/batch
INFO:tensorflow:Step: 537, Accuracy: 0.625000, Loss: 5.103796, time: 1.459 sec/batch
I tensorflow/core/common_runtime/gpu/pool_allocator.cc:244] PoolAllocator: After 3579 get requests, put_count=4417 evicted_count=2000 eviction_rate=0.452796 and unsatisfied allocation rate=0.346745
I tensorflow/core/common_runtime/gpu/pool_allocator.cc:256] Raising pool_size_limit_ from 871 to 958
INFO:tensorflow:Step: 540, Accuracy: 0.562500, Loss: 5.215893, time: 1.503 sec/batch
INFO:tensorflow:Step: 544, Accuracy: 0.531250, Loss: 5.147613, time: 1.518 sec/batch
INFO:tensorflow:Step: 548, Accuracy: 0.562500, Loss: 5.164268, time: 1.490 sec/batch
INFO:tensorflow:Step: 551, Accuracy: 0.546875, Loss: 5.229635, time: 1.429 sec/batch
INFO:tensorflow:Step: 554, Accuracy: 0.609375, Loss: 5.057577, time: 1.302 sec/batch
INFO:tensorflow:Step: 558, Accuracy: 0.640625, Loss: 5.035149, time: 1.427 sec/batch
INFO:tensorflow:Step: 562, Accuracy: 0.671875, Loss: 5.060068, time: 1.218 sec/batch
INFO:tensorflow:Step: 565, Accuracy: 0.625000, Loss: 5.363846, time: 1.284 sec/batch
INFO:tensorflow:Step: 569, Accuracy: 0.687500, Loss: 5.119917, time: 1.498 sec/batch
INFO:tensorflow:Step: 573, Accuracy: 0.656250, Loss: 4.913484, time: 1.383 sec/batch
INFO:tensorflow:Step: 577, Accuracy: 0.750000, Loss: 5.101502, time: 1.400 sec/batch
INFO:tensorflow:Step: 581, Accuracy: 0.546875, Loss: 5.106956, time: 1.789 sec/batch
INFO:tensorflow:Step: 584, Accuracy: 0.609375, Loss: 5.211323, time: 1.413 sec/batch
INFO:tensorflow:Step: 588, Accuracy: 0.531250, Loss: 5.171621, time: 1.403 sec/batch
INFO:tensorflow:Step: 592, Accuracy: 0.500000, Loss: 5.238086, time: 1.319 sec/batch
INFO:tensorflow:Step: 596, Accuracy: 0.750000, Loss: 5.027656, time: 1.292 sec/batch
INFO:tensorflow:Step: 600, Accuracy: 0.531250, Loss: 5.065278, time: 1.309 sec/batch
INFO:tensorflow:Step: 604, Accuracy: 0.656250, Loss: 5.161635, time: 1.665 sec/batch
INFO:tensorflow:Step: 607, Accuracy: 0.656250, Loss: 5.487265, time: 1.232 sec/batch
INFO:tensorflow:Step: 611, Accuracy: 0.468750, Loss: 5.043625, time: 1.247 sec/batch
INFO:tensorflow:Step: 614, Accuracy: 0.625000, Loss: 5.082119, time: 1.232 sec/batch
INFO:tensorflow:global_step/sec: 1.48298
INFO:tensorflow:Step: 618, Accuracy: 0.671875, Loss: 5.035446, time: 1.306 sec/batch
INFO:tensorflow:Step: 622, Accuracy: 0.593750, Loss: 5.010073, time: 1.188 sec/batch
INFO:tensorflow:Step: 625, Accuracy: 0.640625, Loss: 5.202817, time: 1.402 sec/batch
INFO:tensorflow:Step: 629, Accuracy: 0.593750, Loss: 5.390006, time: 1.297 sec/batch
INFO:tensorflow:Step: 633, Accuracy: 0.609375, Loss: 5.370244, time: 1.283 sec/batch
INFO:tensorflow:Step: 637, Accuracy: 0.531250, Loss: 4.975597, time: 1.208 sec/batch
INFO:tensorflow:Step: 641, Accuracy: 0.687500, Loss: 4.908397, time: 1.221 sec/batch
INFO:tensorflow:Step: 644, Accuracy: 0.625000, Loss: 5.196024, time: 1.256 sec/batch
INFO:tensorflow:Step: 648, Accuracy: 0.484375, Loss: 5.052133, time: 1.226 sec/batch
INFO:tensorflow:Step: 652, Accuracy: 0.671875, Loss: 5.304530, time: 1.354 sec/batch
INFO:tensorflow:Step: 655, Accuracy: 0.625000, Loss: 4.941492, time: 1.337 sec/batch
INFO:tensorflow:Step: 660, Accuracy: 0.546875, Loss: 5.138120, time: 1.315 sec/batch
INFO:tensorflow:Step: 664, Accuracy: 0.609375, Loss: 5.117608, time: 1.258 sec/batch
INFO:tensorflow:Step: 667, Accuracy: 0.781250, Loss: 5.386640, time: 1.413 sec/batch
INFO:tensorflow:Step: 671, Accuracy: 0.671875, Loss: 5.088490, time: 1.488 sec/batch
INFO:tensorflow:Step: 675, Accuracy: 0.703125, Loss: 5.276810, time: 1.215 sec/batch
INFO:tensorflow:Step: 678, Accuracy: 0.656250, Loss: 5.249501, time: 1.342 sec/batch
INFO:tensorflow:Step: 682, Accuracy: 0.578125, Loss: 5.217761, time: 1.301 sec/batch
INFO:tensorflow:Step: 686, Accuracy: 0.687500, Loss: 5.134964, time: 1.255 sec/batch
INFO:tensorflow:Step: 690, Accuracy: 0.640625, Loss: 5.149853, time: 1.205 sec/batch
INFO:tensorflow:Step: 693, Accuracy: 0.703125, Loss: 5.185710, time: 1.223 sec/batch
INFO:tensorflow:Step: 697, Accuracy: 0.687500, Loss: 4.900846, time: 1.353 sec/batch
INFO:tensorflow:Step: 701, Accuracy: 0.718750, Loss: 4.927574, time: 1.437 sec/batch
INFO:tensorflow:Step: 705, Accuracy: 0.640625, Loss: 5.170018, time: 1.312 sec/batch
INFO:tensorflow:Step: 708, Accuracy: 0.593750, Loss: 5.074974, time: 1.516 sec/batch
INFO:tensorflow:Step: 710, Accuracy: 0.656250, Loss: 5.291025, time: 1.227 sec/batch
INFO:tensorflow:Step: 714, Accuracy: 0.625000, Loss: 5.089402, time: 1.223 sec/batch
INFO:tensorflow:Step: 718, Accuracy: 0.609375, Loss: 5.175858, time: 1.240 sec/batch
INFO:tensorflow:Step: 722, Accuracy: 0.546875, Loss: 5.083970, time: 1.204 sec/batch
INFO:tensorflow:Step: 726, Accuracy: 0.656250, Loss: 5.084075, time: 1.263 sec/batch
INFO:tensorflow:Step: 730, Accuracy: 0.671875, Loss: 5.217862, time: 1.223 sec/batch
INFO:tensorflow:Step: 733, Accuracy: 0.703125, Loss: 5.217565, time: 1.291 sec/batch
INFO:tensorflow:Step: 737, Accuracy: 0.671875, Loss: 5.059503, time: 1.336 sec/batch
INFO:tensorflow:Step: 741, Accuracy: 0.687500, Loss: 5.347711, time: 1.184 sec/batch
INFO:tensorflow:Step: 744, Accuracy: 0.640625, Loss: 5.169528, time: 1.326 sec/batch
INFO:tensorflow:Step: 748, Accuracy: 0.546875, Loss: 5.298813, time: 1.236 sec/batch
INFO:tensorflow:Step: 752, Accuracy: 0.609375, Loss: 5.018694, time: 1.300 sec/batch
INFO:tensorflow:Step: 756, Accuracy: 0.593750, Loss: 4.981966, time: 1.576 sec/batch
INFO:tensorflow:Step: 760, Accuracy: 0.687500, Loss: 5.104224, time: 1.340 sec/batch
INFO:tensorflow:Step: 764, Accuracy: 0.609375, Loss: 5.290885, time: 1.233 sec/batch
INFO:tensorflow:Step: 768, Accuracy: 0.718750, Loss: 5.157635, time: 1.309 sec/batch
INFO:tensorflow:Step: 771, Accuracy: 0.593750, Loss: 5.139174, time: 1.275 sec/batch
INFO:tensorflow:Step: 775, Accuracy: 0.734375, Loss: 5.075584, time: 1.309 sec/batch
INFO:tensorflow:Step: 779, Accuracy: 0.703125, Loss: 5.000811, time: 1.225 sec/batch
INFO:tensorflow:Step: 782, Accuracy: 0.593750, Loss: 5.082878, time: 1.327 sec/batch
INFO:tensorflow:Step: 786, Accuracy: 0.718750, Loss: 5.217372, time: 1.225 sec/batch
INFO:tensorflow:Step: 790, Accuracy: 0.625000, Loss: 5.037110, time: 1.212 sec/batch
INFO:tensorflow:Step: 794, Accuracy: 0.531250, Loss: 5.173853, time: 1.352 sec/batch
INFO:tensorflow:Step: 798, Accuracy: 0.734375, Loss: 5.326294, time: 1.411 sec/batch
INFO:tensorflow:Step: 802, Accuracy: 0.640625, Loss: 5.010702, time: 1.349 sec/batch
INFO:tensorflow:Step: 806, Accuracy: 0.718750, Loss: 5.088030, time: 1.263 sec/batch
INFO:tensorflow:Step: 810, Accuracy: 0.687500, Loss: 5.358181, time: 1.268 sec/batch
INFO:tensorflow:Step: 813, Accuracy: 0.593750, Loss: 5.247553, time: 1.255 sec/batch
INFO:tensorflow:Step: 817, Accuracy: 0.593750, Loss: 5.094596, time: 1.433 sec/batch
INFO:tensorflow:Step: 821, Accuracy: 0.640625, Loss: 4.900829, time: 1.260 sec/batch
INFO:tensorflow:Step: 825, Accuracy: 0.609375, Loss: 4.934135, time: 1.243 sec/batch
INFO:tensorflow:Step: 828, Accuracy: 0.578125, Loss: 4.996382, time: 1.237 sec/batch
INFO:tensorflow:Step: 831, Accuracy: 0.687500, Loss: 5.109941, time: 1.303 sec/batch
INFO:tensorflow:Step: 835, Accuracy: 0.484375, Loss: 5.144018, time: 1.219 sec/batch
INFO:tensorflow:Step: 839, Accuracy: 0.765625, Loss: 5.196356, time: 1.206 sec/batch
INFO:tensorflow:Step: 843, Accuracy: 0.656250, Loss: 4.967601, time: 1.223 sec/batch
INFO:tensorflow:Step: 847, Accuracy: 0.671875, Loss: 4.936348, time: 1.264 sec/batch
INFO:tensorflow:Step: 851, Accuracy: 0.625000, Loss: 5.032933, time: 1.237 sec/batch
INFO:tensorflow:global_step/sec: 1.97504
INFO:tensorflow:Step: 854, Accuracy: 0.656250, Loss: 4.894859, time: 1.285 sec/batch
INFO:tensorflow:Step: 858, Accuracy: 0.640625, Loss: 5.355945, time: 1.162 sec/batch
INFO:tensorflow:Step: 862, Accuracy: 0.640625, Loss: 5.064778, time: 1.322 sec/batch
INFO:tensorflow:Step: 866, Accuracy: 0.609375, Loss: 5.290812, time: 1.224 sec/batch
INFO:tensorflow:Step: 870, Accuracy: 0.703125, Loss: 5.293167, time: 1.196 sec/batch
INFO:tensorflow:Step: 873, Accuracy: 0.609375, Loss: 5.100161, time: 1.327 sec/batch
INFO:tensorflow:Step: 877, Accuracy: 0.484375, Loss: 4.890550, time: 1.332 sec/batch
INFO:tensorflow:Step: 881, Accuracy: 0.671875, Loss: 5.181925, time: 1.290 sec/batch
INFO:tensorflow:Step: 885, Accuracy: 0.609375, Loss: 4.949633, time: 1.173 sec/batch
INFO:tensorflow:Step: 888, Accuracy: 0.609375, Loss: 5.101089, time: 1.290 sec/batch
INFO:tensorflow:Step: 892, Accuracy: 0.671875, Loss: 5.161194, time: 1.254 sec/batch
INFO:tensorflow:Step: 896, Accuracy: 0.656250, Loss: 5.235524, time: 1.260 sec/batch
INFO:tensorflow:Step: 900, Accuracy: 0.656250, Loss: 5.160314, time: 1.263 sec/batch
INFO:tensorflow:Step: 904, Accuracy: 0.765625, Loss: 5.103498, time: 1.247 sec/batch
INFO:tensorflow:Step: 908, Accuracy: 0.562500, Loss: 5.051598, time: 1.178 sec/batch
INFO:tensorflow:Step: 910, Accuracy: 0.671875, Loss: 5.236301, time: 1.278 sec/batch
INFO:tensorflow:Step: 914, Accuracy: 0.656250, Loss: 5.193422, time: 1.285 sec/batch
INFO:tensorflow:Step: 918, Accuracy: 0.656250, Loss: 4.951796, time: 1.261 sec/batch
INFO:tensorflow:Step: 921, Accuracy: 0.796875, Loss: 5.008621, time: 1.210 sec/batch
INFO:tensorflow:Step: 925, Accuracy: 0.656250, Loss: 5.087347, time: 1.241 sec/batch
INFO:tensorflow:Step: 929, Accuracy: 0.593750, Loss: 4.935187, time: 1.245 sec/batch
INFO:tensorflow:Step: 933, Accuracy: 0.640625, Loss: 5.092469, time: 1.309 sec/batch
INFO:tensorflow:Step: 937, Accuracy: 0.656250, Loss: 5.201771, time: 1.286 sec/batch
INFO:tensorflow:Step: 941, Accuracy: 0.593750, Loss: 5.103307, time: 1.252 sec/batch
INFO:tensorflow:Step: 945, Accuracy: 0.640625, Loss: 5.036937, time: 1.281 sec/batch
INFO:tensorflow:Step: 949, Accuracy: 0.593750, Loss: 4.993776, time: 1.348 sec/batch
INFO:tensorflow:Step: 953, Accuracy: 0.687500, Loss: 5.096873, time: 1.290 sec/batch
INFO:tensorflow:Step: 957, Accuracy: 0.578125, Loss: 5.102077, time: 1.249 sec/batch
INFO:tensorflow:Step: 960, Accuracy: 0.562500, Loss: 5.103615, time: 1.327 sec/batch
INFO:tensorflow:Step: 963, Accuracy: 0.562500, Loss: 5.139428, time: 1.254 sec/batch
INFO:tensorflow:Step: 967, Accuracy: 0.593750, Loss: 5.004604, time: 1.259 sec/batch
INFO:tensorflow:Step: 971, Accuracy: 0.578125, Loss: 5.046266, time: 1.234 sec/batch
INFO:tensorflow:Step: 975, Accuracy: 0.640625, Loss: 5.135706, time: 1.227 sec/batch
INFO:tensorflow:Step: 979, Accuracy: 0.687500, Loss: 5.336012, time: 1.258 sec/batch
INFO:tensorflow:Step: 983, Accuracy: 0.656250, Loss: 4.877677, time: 1.187 sec/batch
INFO:tensorflow:Step: 986, Accuracy: 0.656250, Loss: 5.143422, time: 1.218 sec/batch
INFO:tensorflow:Step: 990, Accuracy: 0.593750, Loss: 4.923648, time: 1.204 sec/batch
INFO:tensorflow:Step: 993, Accuracy: 0.609375, Loss: 5.231456, time: 1.307 sec/batch
INFO:tensorflow:Step: 997, Accuracy: 0.640625, Loss: 5.111999, time: 1.223 sec/batch
INFO:tensorflow:Step: 1000, Accuracy: 0.640625, Loss: 5.010864, time: 1.261 sec/batch
INFO:tensorflow:Step: 1004, Accuracy: 0.656250, Loss: 5.105881, time: 1.304 sec/batch
INFO:tensorflow:Step: 1009, Accuracy: 0.718750, Loss: 5.085162, time: 1.294 sec/batch
INFO:tensorflow:Step: 1013, Accuracy: 0.703125, Loss: 5.124009, time: 1.164 sec/batch
INFO:tensorflow:Step: 1015, Accuracy: 0.687500, Loss: 5.122229, time: 1.260 sec/batch
INFO:tensorflow:Step: 1019, Accuracy: 0.640625, Loss: 5.274776, time: 1.241 sec/batch
INFO:tensorflow:Step: 1023, Accuracy: 0.640625, Loss: 5.090899, time: 1.227 sec/batch
INFO:tensorflow:Step: 1027, Accuracy: 0.671875, Loss: 5.351941, time: 1.346 sec/batch
INFO:tensorflow:Step: 1031, Accuracy: 0.640625, Loss: 5.156980, time: 1.267 sec/batch
INFO:tensorflow:Step: 1035, Accuracy: 0.578125, Loss: 5.170763, time: 1.241 sec/batch
INFO:tensorflow:Step: 1038, Accuracy: 0.640625, Loss: 4.923885, time: 1.356 sec/batch
INFO:tensorflow:Step: 1042, Accuracy: 0.671875, Loss: 5.106650, time: 1.306 sec/batch
INFO:tensorflow:Step: 1046, Accuracy: 0.703125, Loss: 5.130993, time: 1.323 sec/batch
INFO:tensorflow:Step: 1050, Accuracy: 0.687500, Loss: 5.060880, time: 1.200 sec/batch
INFO:tensorflow:Step: 1054, Accuracy: 0.640625, Loss: 5.057127, time: 1.216 sec/batch
INFO:tensorflow:Step: 1058, Accuracy: 0.640625, Loss: 5.008785, time: 1.457 sec/batch
INFO:tensorflow:Step: 1062, Accuracy: 0.703125, Loss: 4.799795, time: 1.285 sec/batch
INFO:tensorflow:Step: 1066, Accuracy: 0.609375, Loss: 5.201423, time: 1.181 sec/batch
INFO:tensorflow:Step: 1070, Accuracy: 0.656250, Loss: 5.236021, time: 1.397 sec/batch
INFO:tensorflow:Step: 1073, Accuracy: 0.625000, Loss: 5.102806, time: 1.250 sec/batch
INFO:tensorflow:Step: 1077, Accuracy: 0.718750, Loss: 4.945065, time: 1.274 sec/batch
INFO:tensorflow:Step: 1080, Accuracy: 0.640625, Loss: 5.251032, time: 1.251 sec/batch
INFO:tensorflow:Step: 1084, Accuracy: 0.671875, Loss: 5.134869, time: 1.262 sec/batch
INFO:tensorflow:Step: 1088, Accuracy: 0.656250, Loss: 5.029915, time: 1.272 sec/batch
INFO:tensorflow:Step: 1092, Accuracy: 0.593750, Loss: 5.017531, time: 1.351 sec/batch
INFO:tensorflow:Step: 1096, Accuracy: 0.625000, Loss: 5.078691, time: 1.264 sec/batch
INFO:tensorflow:global_step/sec: 2.02946
INFO:tensorflow:Step: 1100, Accuracy: 0.640625, Loss: 5.026291, time: 1.221 sec/batch
INFO:tensorflow:Step: 1104, Accuracy: 0.671875, Loss: 5.175885, time: 1.268 sec/batch
INFO:tensorflow:Step: 1108, Accuracy: 0.671875, Loss: 4.943669, time: 1.328 sec/batch
INFO:tensorflow:Step: 1112, Accuracy: 0.640625, Loss: 5.159685, time: 1.266 sec/batch
INFO:tensorflow:Step: 1116, Accuracy: 0.703125, Loss: 5.249152, time: 1.301 sec/batch
INFO:tensorflow:Step: 1119, Accuracy: 0.656250, Loss: 5.053308, time: 1.580 sec/batch
INFO:tensorflow:Step: 1124, Accuracy: 0.546875, Loss: 5.089906, time: 1.275 sec/batch
INFO:tensorflow:Step: 1127, Accuracy: 0.671875, Loss: 4.826814, time: 1.204 sec/batch
INFO:tensorflow:Step: 1131, Accuracy: 0.703125, Loss: 5.141784, time: 1.275 sec/batch
INFO:tensorflow:Step: 1135, Accuracy: 0.703125, Loss: 5.149208, time: 1.230 sec/batch
INFO:tensorflow:Step: 1139, Accuracy: 0.687500, Loss: 5.068670, time: 1.230 sec/batch
INFO:tensorflow:Step: 1143, Accuracy: 0.734375, Loss: 4.970838, time: 1.243 sec/batch
INFO:tensorflow:Step: 1146, Accuracy: 0.734375, Loss: 5.164837, time: 1.233 sec/batch
INFO:tensorflow:Step: 1150, Accuracy: 0.718750, Loss: 5.177734, time: 1.210 sec/batch
INFO:tensorflow:Step: 1154, Accuracy: 0.750000, Loss: 5.112607, time: 1.181 sec/batch
INFO:tensorflow:Step: 1157, Accuracy: 0.656250, Loss: 5.249502, time: 1.245 sec/batch
INFO:tensorflow:Step: 1161, Accuracy: 0.671875, Loss: 4.991479, time: 1.289 sec/batch
INFO:tensorflow:Step: 1164, Accuracy: 0.718750, Loss: 5.382149, time: 1.266 sec/batch
INFO:tensorflow:Step: 1168, Accuracy: 0.546875, Loss: 5.190225, time: 1.215 sec/batch
INFO:tensorflow:Step: 1172, Accuracy: 0.656250, Loss: 5.117594, time: 1.287 sec/batch
INFO:tensorflow:Step: 1175, Accuracy: 0.640625, Loss: 4.971721, time: 1.332 sec/batch
INFO:tensorflow:Step: 1179, Accuracy: 0.734375, Loss: 4.982990, time: 1.267 sec/batch
INFO:tensorflow:Step: 1183, Accuracy: 0.703125, Loss: 5.267657, time: 1.259 sec/batch
INFO:tensorflow:Step: 1187, Accuracy: 0.640625, Loss: 5.063056, time: 1.211 sec/batch
INFO:tensorflow:Step: 1191, Accuracy: 0.687500, Loss: 5.182736, time: 1.162 sec/batch
INFO:tensorflow:Step: 1195, Accuracy: 0.687500, Loss: 5.034733, time: 1.246 sec/batch
INFO:tensorflow:Step: 1199, Accuracy: 0.671875, Loss: 4.972003, time: 1.243 sec/batch
INFO:tensorflow:Step: 1203, Accuracy: 0.562500, Loss: 5.174094, time: 1.336 sec/batch
INFO:tensorflow:Step: 1206, Accuracy: 0.593750, Loss: 4.989146, time: 1.291 sec/batch
INFO:tensorflow:Step: 1210, Accuracy: 0.625000, Loss: 5.263674, time: 1.329 sec/batch
INFO:tensorflow:Step: 1214, Accuracy: 0.687500, Loss: 5.112189, time: 1.221 sec/batch
INFO:tensorflow:Step: 1218, Accuracy: 0.656250, Loss: 5.085986, time: 1.255 sec/batch
INFO:tensorflow:Step: 1221, Accuracy: 0.593750, Loss: 5.116686, time: 1.289 sec/batch
INFO:tensorflow:Step: 1225, Accuracy: 0.625000, Loss: 4.975576, time: 1.225 sec/batch
INFO:tensorflow:Step: 1229, Accuracy: 0.671875, Loss: 5.068007, time: 1.258 sec/batch
INFO:tensorflow:Step: 1233, Accuracy: 0.687500, Loss: 5.021994, time: 1.224 sec/batch
INFO:tensorflow:Step: 1237, Accuracy: 0.750000, Loss: 4.973114, time: 1.493 sec/batch
INFO:tensorflow:Step: 1241, Accuracy: 0.718750, Loss: 5.006600, time: 1.205 sec/batch
INFO:tensorflow:Step: 1245, Accuracy: 0.546875, Loss: 4.771597, time: 1.210 sec/batch
INFO:tensorflow:Step: 1249, Accuracy: 0.718750, Loss: 5.007520, time: 1.347 sec/batch
INFO:tensorflow:Step: 1253, Accuracy: 0.718750, Loss: 5.181771, time: 1.218 sec/batch
INFO:tensorflow:Step: 1256, Accuracy: 0.625000, Loss: 5.193677, time: 1.490 sec/batch
INFO:tensorflow:Step: 1260, Accuracy: 0.687500, Loss: 5.119524, time: 1.219 sec/batch
INFO:tensorflow:Step: 1264, Accuracy: 0.703125, Loss: 4.983107, time: 1.435 sec/batch
INFO:tensorflow:Step: 1268, Accuracy: 0.687500, Loss: 4.979042, time: 1.200 sec/batch
INFO:tensorflow:Step: 1272, Accuracy: 0.828125, Loss: 5.034006, time: 1.236 sec/batch
INFO:tensorflow:Step: 1276, Accuracy: 0.718750, Loss: 4.995907, time: 1.226 sec/batch
INFO:tensorflow:Step: 1279, Accuracy: 0.703125, Loss: 5.319368, time: 1.179 sec/batch
INFO:tensorflow:Step: 1283, Accuracy: 0.640625, Loss: 4.828243, time: 1.229 sec/batch
INFO:tensorflow:Step: 1287, Accuracy: 0.578125, Loss: 4.853978, time: 1.169 sec/batch
INFO:tensorflow:Step: 1290, Accuracy: 0.578125, Loss: 5.045525, time: 1.261 sec/batch
INFO:tensorflow:Step: 1294, Accuracy: 0.609375, Loss: 5.111303, time: 1.244 sec/batch
INFO:tensorflow:Step: 1297, Accuracy: 0.703125, Loss: 5.095793, time: 1.220 sec/batch
INFO:tensorflow:Step: 1301, Accuracy: 0.578125, Loss: 5.115533, time: 1.294 sec/batch
INFO:tensorflow:Step: 1305, Accuracy: 0.609375, Loss: 5.061449, time: 1.234 sec/batch
INFO:tensorflow:Step: 1309, Accuracy: 0.781250, Loss: 4.965767, time: 1.246 sec/batch
INFO:tensorflow:Step: 1313, Accuracy: 0.734375, Loss: 4.970716, time: 1.260 sec/batch
INFO:tensorflow:Step: 1317, Accuracy: 0.703125, Loss: 5.053174, time: 1.286 sec/batch
INFO:tensorflow:Step: 1320, Accuracy: 0.656250, Loss: 4.902456, time: 1.281 sec/batch
INFO:tensorflow:Step: 1324, Accuracy: 0.562500, Loss: 4.890961, time: 1.250 sec/batch
INFO:tensorflow:Step: 1328, Accuracy: 0.656250, Loss: 5.097810, time: 1.208 sec/batch
INFO:tensorflow:Step: 1332, Accuracy: 0.625000, Loss: 5.299337, time: 1.250 sec/batch
INFO:tensorflow:Step: 1336, Accuracy: 0.765625, Loss: 4.889533, time: 1.322 sec/batch
INFO:tensorflow:Step: 1340, Accuracy: 0.578125, Loss: 5.276090, time: 1.232 sec/batch
INFO:tensorflow:Step: 1343, Accuracy: 0.703125, Loss: 5.023750, time: 1.329 sec/batch
INFO:tensorflow:global_step/sec: 2.05817
INFO:tensorflow:Step: 1347, Accuracy: 0.640625, Loss: 5.064935, time: 1.340 sec/batch
INFO:tensorflow:Step: 1351, Accuracy: 0.656250, Loss: 4.886854, time: 1.333 sec/batch
INFO:tensorflow:Step: 1355, Accuracy: 0.687500, Loss: 5.042274, time: 1.171 sec/batch
INFO:tensorflow:Step: 1359, Accuracy: 0.656250, Loss: 4.963873, time: 1.235 sec/batch
INFO:tensorflow:Step: 1363, Accuracy: 0.625000, Loss: 5.116704, time: 1.406 sec/batch
INFO:tensorflow:Step: 1367, Accuracy: 0.718750, Loss: 4.975857, time: 1.280 sec/batch
INFO:tensorflow:Step: 1371, Accuracy: 0.656250, Loss: 5.116178, time: 1.335 sec/batch
INFO:tensorflow:Step: 1375, Accuracy: 0.625000, Loss: 4.983622, time: 1.267 sec/batch
INFO:tensorflow:Step: 1379, Accuracy: 0.703125, Loss: 5.179593, time: 1.217 sec/batch
INFO:tensorflow:Step: 1383, Accuracy: 0.671875, Loss: 5.090264, time: 1.231 sec/batch
INFO:tensorflow:Step: 1386, Accuracy: 0.625000, Loss: 5.246417, time: 1.240 sec/batch
INFO:tensorflow:Step: 1389, Accuracy: 0.718750, Loss: 5.055157, time: 1.368 sec/batch
run-expr-4node.sh: line 23: 28566 Terminated              CUDA_VISIBLE_DEVICES=$1 bazel-bin/inception/imagenet_distributed_train --batch_size=64 --data_dir=/lfs/local/0/daniter/imagenet-8-$2 --job_name='worker' --task_id=$2 --ps_hosts='raiders1:2228' --worker_hosts='raiders1:2200,raiders1:2201,raiders3:2209,raiders3:2210' --initial_learning_rate=$3 --momentum=$4 --sync=True --compute_groups=$5
