I tensorflow/stream_executor/dso_loader.cc:108] successfully opened CUDA library libcublas.so locally
I tensorflow/stream_executor/dso_loader.cc:108] successfully opened CUDA library libcudnn.so locally
I tensorflow/stream_executor/dso_loader.cc:108] successfully opened CUDA library libcufft.so locally
I tensorflow/stream_executor/dso_loader.cc:108] successfully opened CUDA library libcuda.so locally
I tensorflow/stream_executor/dso_loader.cc:108] successfully opened CUDA library libcurand.so locally
INFO:tensorflow:PS hosts are: ['raiders1:2228']
INFO:tensorflow:Worker hosts are: ['raiders1:2200', 'raiders1:2201', 'raiders3:2209', 'raiders3:2210']
I tensorflow/core/common_runtime/gpu/gpu_init.cc:102] Found device 0 with properties: 
name: GeForce GTX TITAN X
major: 5 minor: 2 memoryClockRate (GHz) 1.076
pciBusID 0000:03:00.0
Total memory: 11.92GiB
Free memory: 11.81GiB
I tensorflow/core/common_runtime/gpu/gpu_init.cc:126] DMA: 0 
I tensorflow/core/common_runtime/gpu/gpu_init.cc:136] 0:   Y 
I tensorflow/core/common_runtime/gpu/gpu_device.cc:806] Creating TensorFlow device (/gpu:0) -> (device: 0, name: GeForce GTX TITAN X, pci bus id: 0000:03:00.0)
I tensorflow/core/distributed_runtime/rpc/grpc_channel.cc:206] Initialize HostPortsGrpcChannelCache for job ps -> {raiders1:2228}
I tensorflow/core/distributed_runtime/rpc/grpc_channel.cc:206] Initialize HostPortsGrpcChannelCache for job worker -> {localhost:2200, raiders1:2201, raiders3:2209, raiders3:2210}
I tensorflow/core/distributed_runtime/rpc/grpc_server_lib.cc:202] Started server with target: grpc://localhost:2200
INFO:tensorflow:Learning rate: 0.010000, momentum: 0.450000
INFO:tensorflow:Sync mode!!!!!!
INFO:tensorflow:Compute groups : 1
INFO:tensorflow:SyncReplicas enabled: replicas_to_aggregate=4; total_num_replicas=4
INFO:tensorflow:Num nodes per compute groups: 4
INFO:tensorflow:Tokens per step: 4
INFO:tensorflow:2016-07-18 23:53:42.755754 Supervisor
INFO:tensorflow:Restored model from /lfs/local/0/daniter/cg-snapshot/model.ckpt-399
INFO:tensorflow:got sessions!
INFO:tensorflow:Started 3 queues for processing input data.
INFO:tensorflow:global_step/sec: 0
I tensorflow/core/common_runtime/gpu/pool_allocator.cc:244] PoolAllocator: After 3678 get requests, put_count=2565 evicted_count=1000 eviction_rate=0.389864 and unsatisfied allocation rate=0.601686
I tensorflow/core/common_runtime/gpu/pool_allocator.cc:256] Raising pool_size_limit_ from 100 to 110
INFO:tensorflow:Step: 400, Accuracy: 0.593750, Loss: 5.387784, time: 7.590 sec/batch
INFO:tensorflow:Step: 401, Accuracy: 0.515625, Loss: 5.203470, time: 1.556 sec/batch
INFO:tensorflow:Step: 402, Accuracy: 0.671875, Loss: 5.281038, time: 2.068 sec/batch
INFO:tensorflow:Step: 403, Accuracy: 0.531250, Loss: 5.143707, time: 3.767 sec/batch
INFO:tensorflow:Step: 404, Accuracy: 0.593750, Loss: 5.290474, time: 2.855 sec/batch
I tensorflow/core/common_runtime/gpu/pool_allocator.cc:244] PoolAllocator: After 0 get requests, put_count=1016 evicted_count=1000 eviction_rate=0.984252 and unsatisfied allocation rate=0
INFO:tensorflow:Step: 405, Accuracy: 0.500000, Loss: 5.123471, time: 3.670 sec/batch
INFO:tensorflow:Step: 406, Accuracy: 0.546875, Loss: 5.266399, time: 3.071 sec/batch
INFO:tensorflow:Step: 407, Accuracy: 0.515625, Loss: 5.282082, time: 2.947 sec/batch
INFO:tensorflow:Step: 408, Accuracy: 0.656250, Loss: 5.146923, time: 3.196 sec/batch
INFO:tensorflow:Step: 409, Accuracy: 0.671875, Loss: 5.407154, time: 2.671 sec/batch
I tensorflow/core/common_runtime/gpu/pool_allocator.cc:244] PoolAllocator: After 0 get requests, put_count=1025 evicted_count=1000 eviction_rate=0.97561 and unsatisfied allocation rate=0
INFO:tensorflow:Step: 410, Accuracy: 0.609375, Loss: 5.261011, time: 2.977 sec/batch
INFO:tensorflow:Step: 411, Accuracy: 0.578125, Loss: 5.204553, time: 2.846 sec/batch
INFO:tensorflow:Step: 412, Accuracy: 0.593750, Loss: 5.080831, time: 2.408 sec/batch
INFO:tensorflow:Step: 413, Accuracy: 0.593750, Loss: 5.340758, time: 2.656 sec/batch
INFO:tensorflow:Step: 414, Accuracy: 0.562500, Loss: 5.159328, time: 2.519 sec/batch
INFO:tensorflow:Step: 415, Accuracy: 0.546875, Loss: 5.195127, time: 2.561 sec/batch
I tensorflow/core/common_runtime/gpu/pool_allocator.cc:244] PoolAllocator: After 3579 get requests, put_count=3956 evicted_count=2000 eviction_rate=0.505561 and unsatisfied allocation rate=0.464655
I tensorflow/core/common_runtime/gpu/pool_allocator.cc:256] Raising pool_size_limit_ from 449 to 493
INFO:tensorflow:Step: 416, Accuracy: 0.609375, Loss: 5.200194, time: 2.797 sec/batch
INFO:tensorflow:Step: 417, Accuracy: 0.562500, Loss: 5.093679, time: 2.949 sec/batch
INFO:tensorflow:Step: 418, Accuracy: 0.593750, Loss: 5.073186, time: 2.563 sec/batch
INFO:tensorflow:Step: 419, Accuracy: 0.640625, Loss: 5.123704, time: 2.626 sec/batch
INFO:tensorflow:Step: 420, Accuracy: 0.625000, Loss: 5.364751, time: 2.427 sec/batch
INFO:tensorflow:Step: 421, Accuracy: 0.546875, Loss: 5.211992, time: 2.328 sec/batch
INFO:tensorflow:Step: 422, Accuracy: 0.578125, Loss: 5.119408, time: 2.985 sec/batch
I tensorflow/core/common_runtime/gpu/pool_allocator.cc:244] PoolAllocator: After 3579 get requests, put_count=4417 evicted_count=2000 eviction_rate=0.452796 and unsatisfied allocation rate=0.346745
I tensorflow/core/common_runtime/gpu/pool_allocator.cc:256] Raising pool_size_limit_ from 871 to 958
INFO:tensorflow:Step: 423, Accuracy: 0.625000, Loss: 5.303540, time: 3.038 sec/batch
INFO:tensorflow:Step: 424, Accuracy: 0.515625, Loss: 5.173479, time: 2.619 sec/batch
INFO:tensorflow:Step: 425, Accuracy: 0.531250, Loss: 5.211594, time: 2.203 sec/batch
INFO:tensorflow:global_step/sec: 0.228466
INFO:tensorflow:Step: 426, Accuracy: 0.515625, Loss: 5.218333, time: 2.936 sec/batch
INFO:tensorflow:Step: 427, Accuracy: 0.671875, Loss: 5.084596, time: 2.624 sec/batch
INFO:tensorflow:Step: 428, Accuracy: 0.671875, Loss: 5.047374, time: 2.215 sec/batch
INFO:tensorflow:Step: 429, Accuracy: 0.687500, Loss: 5.096760, time: 2.420 sec/batch
INFO:tensorflow:Step: 430, Accuracy: 0.625000, Loss: 5.332243, time: 2.034 sec/batch
INFO:tensorflow:Step: 431, Accuracy: 0.687500, Loss: 5.117690, time: 1.954 sec/batch
INFO:tensorflow:Step: 432, Accuracy: 0.593750, Loss: 4.913869, time: 2.507 sec/batch
INFO:tensorflow:Step: 433, Accuracy: 0.765625, Loss: 5.116019, time: 2.716 sec/batch
INFO:tensorflow:Step: 434, Accuracy: 0.562500, Loss: 5.095136, time: 2.320 sec/batch
INFO:tensorflow:Step: 435, Accuracy: 0.625000, Loss: 5.218050, time: 2.241 sec/batch
INFO:tensorflow:Step: 436, Accuracy: 0.546875, Loss: 5.145982, time: 2.202 sec/batch
INFO:tensorflow:Step: 437, Accuracy: 0.515625, Loss: 5.155284, time: 2.413 sec/batch
INFO:tensorflow:Step: 438, Accuracy: 0.656250, Loss: 5.026642, time: 2.749 sec/batch
INFO:tensorflow:Step: 439, Accuracy: 0.546875, Loss: 5.067586, time: 2.433 sec/batch
INFO:tensorflow:Step: 440, Accuracy: 0.593750, Loss: 5.124410, time: 2.618 sec/batch
INFO:tensorflow:Step: 441, Accuracy: 0.656250, Loss: 5.432647, time: 2.106 sec/batch
INFO:tensorflow:Step: 442, Accuracy: 0.531250, Loss: 5.064030, time: 2.058 sec/batch
INFO:tensorflow:Step: 443, Accuracy: 0.656250, Loss: 5.067897, time: 1.570 sec/batch
INFO:tensorflow:Step: 444, Accuracy: 0.687500, Loss: 5.030162, time: 2.612 sec/batch
INFO:tensorflow:Step: 445, Accuracy: 0.609375, Loss: 5.017120, time: 2.064 sec/batch
INFO:tensorflow:Step: 446, Accuracy: 0.671875, Loss: 5.099810, time: 2.369 sec/batch
INFO:tensorflow:Step: 447, Accuracy: 0.578125, Loss: 5.355939, time: 1.807 sec/batch
INFO:tensorflow:Step: 448, Accuracy: 0.609375, Loss: 5.315744, time: 2.186 sec/batch
INFO:tensorflow:Step: 449, Accuracy: 0.562500, Loss: 4.955258, time: 2.020 sec/batch
INFO:tensorflow:Step: 450, Accuracy: 0.718750, Loss: 4.894770, time: 2.402 sec/batch
INFO:tensorflow:Step: 451, Accuracy: 0.609375, Loss: 5.229813, time: 2.325 sec/batch
INFO:tensorflow:Step: 452, Accuracy: 0.468750, Loss: 5.042554, time: 2.298 sec/batch
INFO:tensorflow:Step: 453, Accuracy: 0.687500, Loss: 5.199545, time: 2.010 sec/batch
INFO:tensorflow:Step: 454, Accuracy: 0.625000, Loss: 4.901213, time: 2.597 sec/batch
INFO:tensorflow:Step: 455, Accuracy: 0.578125, Loss: 5.159986, time: 1.851 sec/batch
INFO:tensorflow:Step: 456, Accuracy: 0.609375, Loss: 5.066026, time: 2.345 sec/batch
INFO:tensorflow:Step: 457, Accuracy: 0.765625, Loss: 5.378289, time: 2.197 sec/batch
INFO:tensorflow:Step: 458, Accuracy: 0.609375, Loss: 5.083358, time: 2.142 sec/batch
INFO:tensorflow:Step: 459, Accuracy: 0.687500, Loss: 5.226879, time: 2.301 sec/batch
INFO:tensorflow:Step: 460, Accuracy: 0.703125, Loss: 5.254471, time: 2.148 sec/batch
INFO:tensorflow:Step: 461, Accuracy: 0.625000, Loss: 5.161754, time: 2.033 sec/batch
INFO:tensorflow:global_step/sec: 0.308353
INFO:tensorflow:Step: 462, Accuracy: 0.656250, Loss: 5.162767, time: 1.968 sec/batch
INFO:tensorflow:Step: 463, Accuracy: 0.625000, Loss: 5.088898, time: 1.831 sec/batch
INFO:tensorflow:Step: 464, Accuracy: 0.765625, Loss: 5.188510, time: 1.818 sec/batch
INFO:tensorflow:Step: 465, Accuracy: 0.625000, Loss: 4.886693, time: 2.247 sec/batch
INFO:tensorflow:Step: 466, Accuracy: 0.703125, Loss: 4.855439, time: 2.520 sec/batch
INFO:tensorflow:Step: 467, Accuracy: 0.625000, Loss: 5.117395, time: 1.873 sec/batch
INFO:tensorflow:Step: 468, Accuracy: 0.609375, Loss: 4.998133, time: 2.006 sec/batch
INFO:tensorflow:Step: 469, Accuracy: 0.703125, Loss: 5.264411, time: 2.155 sec/batch
INFO:tensorflow:Step: 470, Accuracy: 0.640625, Loss: 5.158430, time: 2.028 sec/batch
INFO:tensorflow:Step: 471, Accuracy: 0.656250, Loss: 5.134637, time: 1.884 sec/batch
INFO:tensorflow:Step: 472, Accuracy: 0.515625, Loss: 5.077551, time: 1.964 sec/batch
INFO:tensorflow:Step: 473, Accuracy: 0.562500, Loss: 5.040878, time: 1.901 sec/batch
INFO:tensorflow:Step: 474, Accuracy: 0.671875, Loss: 5.253060, time: 2.341 sec/batch
INFO:tensorflow:Step: 475, Accuracy: 0.687500, Loss: 5.217251, time: 2.424 sec/batch
INFO:tensorflow:Step: 476, Accuracy: 0.703125, Loss: 5.017347, time: 2.053 sec/batch
INFO:tensorflow:Step: 477, Accuracy: 0.671875, Loss: 5.277149, time: 2.156 sec/batch
INFO:tensorflow:Step: 478, Accuracy: 0.656250, Loss: 5.294213, time: 2.126 sec/batch
INFO:tensorflow:Step: 479, Accuracy: 0.546875, Loss: 5.313986, time: 2.407 sec/batch
INFO:tensorflow:Step: 480, Accuracy: 0.640625, Loss: 4.951523, time: 2.175 sec/batch
INFO:tensorflow:Step: 481, Accuracy: 0.609375, Loss: 4.985761, time: 2.262 sec/batch
INFO:tensorflow:Step: 482, Accuracy: 0.687500, Loss: 5.051594, time: 1.874 sec/batch
INFO:tensorflow:Step: 483, Accuracy: 0.593750, Loss: 5.251084, time: 1.957 sec/batch
INFO:tensorflow:Step: 484, Accuracy: 0.671875, Loss: 5.159333, time: 2.031 sec/batch
INFO:tensorflow:Step: 485, Accuracy: 0.578125, Loss: 5.027179, time: 2.011 sec/batch
INFO:tensorflow:Step: 486, Accuracy: 0.750000, Loss: 5.035159, time: 1.896 sec/batch
INFO:tensorflow:Step: 487, Accuracy: 0.718750, Loss: 4.955868, time: 1.867 sec/batch
INFO:tensorflow:Step: 488, Accuracy: 0.640625, Loss: 5.053730, time: 1.927 sec/batch
INFO:tensorflow:Step: 489, Accuracy: 0.671875, Loss: 5.151614, time: 2.042 sec/batch
INFO:tensorflow:Step: 490, Accuracy: 0.625000, Loss: 5.004853, time: 2.139 sec/batch
INFO:tensorflow:Step: 491, Accuracy: 0.546875, Loss: 5.052295, time: 2.256 sec/batch
INFO:tensorflow:Step: 492, Accuracy: 0.718750, Loss: 5.266308, time: 2.360 sec/batch
INFO:tensorflow:Step: 493, Accuracy: 0.671875, Loss: 4.971343, time: 2.098 sec/batch
INFO:tensorflow:Step: 494, Accuracy: 0.765625, Loss: 5.019745, time: 1.973 sec/batch
INFO:tensorflow:Step: 495, Accuracy: 0.703125, Loss: 5.345460, time: 2.133 sec/batch
INFO:tensorflow:Step: 496, Accuracy: 0.609375, Loss: 5.192805, time: 2.187 sec/batch
INFO:tensorflow:Step: 497, Accuracy: 0.656250, Loss: 5.048812, time: 1.661 sec/batch
INFO:tensorflow:Step: 498, Accuracy: 0.640625, Loss: 4.919566, time: 2.518 sec/batch
INFO:tensorflow:Step: 499, Accuracy: 0.609375, Loss: 4.901399, time: 1.746 sec/batch
INFO:tensorflow:Step: 500, Accuracy: 0.609375, Loss: 4.994833, time: 2.270 sec/batch
INFO:tensorflow:Step: 501, Accuracy: 0.671875, Loss: 5.100278, time: 1.657 sec/batch
INFO:tensorflow:global_step/sec: 0.333298
INFO:tensorflow:Step: 502, Accuracy: 0.546875, Loss: 5.097935, time: 1.936 sec/batch
INFO:tensorflow:Step: 503, Accuracy: 0.718750, Loss: 5.179185, time: 1.969 sec/batch
INFO:tensorflow:Step: 504, Accuracy: 0.640625, Loss: 4.893053, time: 2.183 sec/batch
INFO:tensorflow:Step: 505, Accuracy: 0.703125, Loss: 4.863513, time: 2.164 sec/batch
INFO:tensorflow:Step: 506, Accuracy: 0.687500, Loss: 5.041439, time: 1.960 sec/batch
INFO:tensorflow:Step: 507, Accuracy: 0.671875, Loss: 4.915809, time: 2.234 sec/batch
INFO:tensorflow:Step: 508, Accuracy: 0.687500, Loss: 5.285192, time: 1.814 sec/batch
INFO:tensorflow:Step: 509, Accuracy: 0.625000, Loss: 5.016823, time: 1.954 sec/batch
INFO:tensorflow:Step: 510, Accuracy: 0.687500, Loss: 5.241693, time: 2.029 sec/batch
INFO:tensorflow:Step: 511, Accuracy: 0.703125, Loss: 5.349587, time: 2.050 sec/batch
INFO:tensorflow:Step: 512, Accuracy: 0.640625, Loss: 5.036567, time: 2.050 sec/batch
INFO:tensorflow:Step: 513, Accuracy: 0.515625, Loss: 4.824410, time: 2.370 sec/batch
INFO:tensorflow:Step: 514, Accuracy: 0.687500, Loss: 5.102227, time: 2.333 sec/batch
INFO:tensorflow:Step: 515, Accuracy: 0.578125, Loss: 4.885909, time: 2.028 sec/batch
INFO:tensorflow:Step: 516, Accuracy: 0.671875, Loss: 5.036675, time: 1.951 sec/batch
INFO:tensorflow:Step: 517, Accuracy: 0.625000, Loss: 5.190333, time: 2.131 sec/batch
INFO:tensorflow:Step: 518, Accuracy: 0.625000, Loss: 5.139024, time: 2.159 sec/batch
INFO:tensorflow:Step: 519, Accuracy: 0.671875, Loss: 5.112634, time: 1.614 sec/batch
INFO:tensorflow:Step: 520, Accuracy: 0.765625, Loss: 5.081102, time: 2.037 sec/batch
INFO:tensorflow:Step: 521, Accuracy: 0.593750, Loss: 4.971168, time: 2.021 sec/batch
INFO:tensorflow:Step: 522, Accuracy: 0.687500, Loss: 5.215318, time: 2.311 sec/batch
INFO:tensorflow:Step: 523, Accuracy: 0.656250, Loss: 5.136548, time: 1.908 sec/batch
INFO:tensorflow:Step: 524, Accuracy: 0.687500, Loss: 4.867481, time: 2.045 sec/batch
INFO:tensorflow:Step: 525, Accuracy: 0.781250, Loss: 4.869863, time: 1.813 sec/batch
INFO:tensorflow:Step: 526, Accuracy: 0.718750, Loss: 5.052890, time: 1.986 sec/batch
INFO:tensorflow:Step: 527, Accuracy: 0.609375, Loss: 4.861499, time: 1.857 sec/batch
INFO:tensorflow:Step: 528, Accuracy: 0.671875, Loss: 5.054576, time: 1.785 sec/batch
INFO:tensorflow:Step: 529, Accuracy: 0.656250, Loss: 5.104763, time: 1.882 sec/batch
INFO:tensorflow:Step: 530, Accuracy: 0.609375, Loss: 4.976724, time: 1.794 sec/batch
INFO:tensorflow:Step: 531, Accuracy: 0.625000, Loss: 4.974861, time: 1.592 sec/batch
INFO:tensorflow:Step: 532, Accuracy: 0.703125, Loss: 4.937741, time: 1.674 sec/batch
INFO:tensorflow:Step: 533, Accuracy: 0.734375, Loss: 5.045538, time: 1.851 sec/batch
INFO:tensorflow:Step: 534, Accuracy: 0.531250, Loss: 5.052447, time: 1.855 sec/batch
INFO:tensorflow:Step: 535, Accuracy: 0.609375, Loss: 5.025424, time: 1.718 sec/batch
INFO:tensorflow:Step: 536, Accuracy: 0.562500, Loss: 5.186541, time: 1.889 sec/batch
INFO:tensorflow:Step: 537, Accuracy: 0.671875, Loss: 4.982543, time: 2.002 sec/batch
INFO:tensorflow:Step: 538, Accuracy: 0.515625, Loss: 4.965537, time: 2.003 sec/batch
INFO:tensorflow:Step: 539, Accuracy: 0.671875, Loss: 5.040590, time: 1.759 sec/batch
INFO:tensorflow:Step: 540, Accuracy: 0.687500, Loss: 5.241579, time: 1.735 sec/batch
INFO:tensorflow:Step: 541, Accuracy: 0.703125, Loss: 4.822768, time: 2.032 sec/batch
INFO:tensorflow:Step: 542, Accuracy: 0.671875, Loss: 5.066605, time: 1.920 sec/batch
INFO:tensorflow:Step: 543, Accuracy: 0.609375, Loss: 4.834966, time: 1.909 sec/batch
INFO:tensorflow:Step: 544, Accuracy: 0.625000, Loss: 5.118006, time: 1.756 sec/batch
INFO:tensorflow:global_step/sec: 0.350048
INFO:tensorflow:Step: 545, Accuracy: 0.718750, Loss: 5.065090, time: 2.523 sec/batch
INFO:tensorflow:Step: 546, Accuracy: 0.656250, Loss: 4.876394, time: 2.306 sec/batch
INFO:tensorflow:Step: 547, Accuracy: 0.656250, Loss: 5.000409, time: 1.641 sec/batch
INFO:tensorflow:Step: 548, Accuracy: 0.703125, Loss: 4.926561, time: 2.008 sec/batch
INFO:tensorflow:Step: 549, Accuracy: 0.718750, Loss: 5.085381, time: 1.861 sec/batch
INFO:tensorflow:Step: 550, Accuracy: 0.750000, Loss: 5.060174, time: 1.943 sec/batch
INFO:tensorflow:Step: 551, Accuracy: 0.640625, Loss: 5.143414, time: 2.122 sec/batch
INFO:tensorflow:Step: 552, Accuracy: 0.671875, Loss: 4.986370, time: 2.001 sec/batch
INFO:tensorflow:Step: 553, Accuracy: 0.734375, Loss: 5.291677, time: 1.814 sec/batch
INFO:tensorflow:Step: 554, Accuracy: 0.718750, Loss: 5.106758, time: 1.881 sec/batch
INFO:tensorflow:Step: 555, Accuracy: 0.609375, Loss: 5.101295, time: 1.908 sec/batch
INFO:tensorflow:Step: 556, Accuracy: 0.718750, Loss: 4.897254, time: 1.556 sec/batch
run-expr-4node.sh: line 23: 48737 Terminated              CUDA_VISIBLE_DEVICES=$1 bazel-bin/inception/imagenet_distributed_train --batch_size=64 --data_dir=/lfs/local/0/daniter/imagenet-8-$2 --job_name='worker' --task_id=$2 --ps_hosts='raiders1:2228' --worker_hosts='raiders1:2200,raiders1:2201,raiders3:2209,raiders3:2210' --initial_learning_rate=$3 --momentum=$4 --sync=True --compute_groups=$5
