DISPLAY "(null)" invalid; disabling X11 forwarding
I tensorflow/stream_executor/dso_loader.cc:108] successfully opened CUDA library libcublas.so locally
I tensorflow/stream_executor/dso_loader.cc:108] successfully opened CUDA library libcudnn.so locally
I tensorflow/stream_executor/dso_loader.cc:108] successfully opened CUDA library libcufft.so locally
I tensorflow/stream_executor/dso_loader.cc:108] successfully opened CUDA library libcuda.so locally
I tensorflow/stream_executor/dso_loader.cc:108] successfully opened CUDA library libcurand.so locally
INFO:tensorflow:PS hosts are: ['raiders1:2200']
INFO:tensorflow:Worker hosts are: ['raiders1:2201', 'raiders1:2202', 'raiders1:2203', 'raiders1:2204', 'raiders2:2205', 'raiders2:2206', 'raiders2:2207', 'raiders2:2208', 'raiders3:2209', 'raiders3:2210', 'raiders3:2211', 'raiders3:2212', 'raiders8:2213', 'raiders8:2214', 'raiders8:2215', 'raiders8:2216']
E tensorflow/stream_executor/cuda/cuda_driver.cc:491] failed call to cuInit: CUDA_ERROR_NO_DEVICE
I tensorflow/stream_executor/cuda/cuda_diagnostics.cc:153] retrieving CUDA diagnostic information for host: raiders3
I tensorflow/stream_executor/cuda/cuda_diagnostics.cc:160] hostname: raiders3
I tensorflow/stream_executor/cuda/cuda_diagnostics.cc:185] libcuda reported version is: Not found: was unable to find libcuda.so DSO loaded into this program
I tensorflow/stream_executor/cuda/cuda_diagnostics.cc:347] driver version file contents: """NVRM version: NVIDIA UNIX x86_64 Kernel Module  367.27  Thu Jun  9 18:53:27 PDT 2016
GCC version:  gcc version 4.8.4 (Ubuntu 4.8.4-2ubuntu1~14.04.3) 
"""
I tensorflow/stream_executor/cuda/cuda_diagnostics.cc:189] kernel reported version is: 367.27.0
I tensorflow/core/common_runtime/gpu/gpu_init.cc:81] No GPU devices available on machine.
I tensorflow/core/distributed_runtime/rpc/grpc_channel.cc:206] Initialize HostPortsGrpcChannelCache for job ps -> {raiders1:2200}
I tensorflow/core/distributed_runtime/rpc/grpc_channel.cc:206] Initialize HostPortsGrpcChannelCache for job worker -> {raiders1:2201, raiders1:2202, raiders1:2203, raiders1:2204, raiders2:2205, raiders2:2206, raiders2:2207, raiders2:2208, raiders3:2209, localhost:2210, raiders3:2211, raiders3:2212, raiders8:2213, raiders8:2214, raiders8:2215, raiders8:2216}
I tensorflow/core/distributed_runtime/rpc/grpc_server_lib.cc:202] Started server with target: grpc://localhost:2210
INFO:tensorflow:Learning rate: 0.002500, momentum: 0.300000
INFO:tensorflow:Sync mode!!!!!!
INFO:tensorflow:Compute groups : 2
INFO:tensorflow:SyncReplicas enabled: replicas_to_aggregate=16; total_num_replicas=16
INFO:tensorflow:Num nodes per compute groups: 8
INFO:tensorflow:Tokens per step: 8
INFO:tensorflow:2016-07-26 04:27:58.943067 Supervisor
INFO:tensorflow:got sessions! 2016-07-26 04:28:14.772431 
INFO:tensorflow:Started 3 queues for processing input data.
INFO:tensorflow:Step: 399, Loss: 5.735685, time: 31.921 sec/batch
INFO:tensorflow:Step: 399, Loss: 5.471942, time: 13.865 sec/batch
INFO:tensorflow:Step: 401, Loss: 4.857093, time: 11.044 sec/batch
INFO:tensorflow:Step: 403, Loss: 5.113853, time: 13.425 sec/batch
INFO:tensorflow:Step: 405, Loss: 5.147789, time: 14.431 sec/batch
INFO:tensorflow:Step: 407, Loss: 5.579976, time: 14.313 sec/batch
INFO:tensorflow:Step: 409, Loss: 5.228145, time: 14.833 sec/batch
INFO:tensorflow:Step: 410, Loss: 5.069516, time: 15.282 sec/batch
INFO:tensorflow:Step: 412, Loss: 5.353654, time: 11.493 sec/batch
INFO:tensorflow:Step: 414, Loss: 5.817284, time: 11.131 sec/batch
INFO:tensorflow:Step: 416, Loss: 5.559554, time: 15.805 sec/batch
INFO:tensorflow:Step: 418, Loss: 5.700152, time: 20.960 sec/batch
INFO:tensorflow:Step: 420, Loss: 5.602343, time: 19.612 sec/batch
INFO:tensorflow:Step: 423, Loss: 5.159068, time: 18.608 sec/batch
INFO:tensorflow:Step: 425, Loss: 5.934665, time: 15.343 sec/batch
INFO:tensorflow:Step: 427, Loss: 5.291193, time: 20.273 sec/batch
INFO:tensorflow:Step: 429, Loss: 5.456118, time: 17.890 sec/batch
INFO:tensorflow:Step: 431, Loss: 5.449407, time: 24.710 sec/batch
INFO:tensorflow:Step: 433, Loss: 5.178774, time: 21.153 sec/batch
INFO:tensorflow:Step: 435, Loss: 4.873876, time: 22.912 sec/batch
INFO:tensorflow:Step: 437, Loss: 5.385222, time: 20.970 sec/batch
INFO:tensorflow:Step: 439, Loss: 5.281485, time: 17.276 sec/batch
INFO:tensorflow:Step: 441, Loss: 5.393201, time: 17.390 sec/batch
INFO:tensorflow:Step: 443, Loss: 5.413003, time: 16.173 sec/batch
INFO:tensorflow:Step: 445, Loss: 5.172144, time: 15.842 sec/batch
INFO:tensorflow:Step: 447, Loss: 5.682887, time: 18.113 sec/batch
INFO:tensorflow:Step: 449, Loss: 5.720996, time: 22.996 sec/batch
INFO:tensorflow:Step: 451, Loss: 5.530711, time: 25.035 sec/batch
INFO:tensorflow:Step: 453, Loss: 5.521631, time: 23.768 sec/batch
INFO:tensorflow:Step: 455, Loss: 5.549325, time: 18.873 sec/batch
INFO:tensorflow:Step: 457, Loss: 5.458007, time: 19.896 sec/batch
INFO:tensorflow:Step: 459, Loss: 5.150149, time: 16.198 sec/batch
INFO:tensorflow:Step: 461, Loss: 5.818150, time: 18.605 sec/batch
INFO:tensorflow:Step: 463, Loss: 5.421378, time: 15.564 sec/batch
INFO:tensorflow:Step: 465, Loss: 5.468504, time: 17.522 sec/batch
INFO:tensorflow:Step: 467, Loss: 5.679394, time: 16.298 sec/batch
INFO:tensorflow:Step: 469, Loss: 5.152909, time: 17.480 sec/batch
INFO:tensorflow:Step: 471, Loss: 5.642510, time: 23.556 sec/batch
INFO:tensorflow:Step: 473, Loss: 5.118025, time: 20.133 sec/batch
INFO:tensorflow:Step: 475, Loss: 5.225155, time: 19.957 sec/batch
INFO:tensorflow:Step: 477, Loss: 5.285538, time: 15.476 sec/batch
INFO:tensorflow:Step: 479, Loss: 5.761362, time: 18.476 sec/batch
INFO:tensorflow:Step: 481, Loss: 5.143505, time: 17.019 sec/batch
INFO:tensorflow:Step: 483, Loss: 5.137133, time: 16.504 sec/batch
INFO:tensorflow:Step: 485, Loss: 5.255360, time: 19.274 sec/batch
INFO:tensorflow:Step: 487, Loss: 4.884197, time: 18.459 sec/batch
INFO:tensorflow:Step: 489, Loss: 5.227571, time: 22.214 sec/batch
INFO:tensorflow:Step: 491, Loss: 5.213982, time: 16.249 sec/batch
INFO:tensorflow:Step: 493, Loss: 5.586901, time: 18.513 sec/batch
INFO:tensorflow:Step: 495, Loss: 5.488655, time: 21.546 sec/batch
INFO:tensorflow:Step: 497, Loss: 5.223917, time: 19.610 sec/batch
INFO:tensorflow:Step: 499, Loss: 5.358654, time: 16.389 sec/batch
INFO:tensorflow:Step: 501, Loss: 5.502389, time: 18.310 sec/batch
INFO:tensorflow:Step: 503, Loss: 5.508569, time: 19.039 sec/batch
INFO:tensorflow:Step: 505, Loss: 5.042211, time: 17.969 sec/batch
INFO:tensorflow:Step: 507, Loss: 5.391130, time: 18.177 sec/batch
INFO:tensorflow:Step: 509, Loss: 5.486069, time: 23.477 sec/batch
INFO:tensorflow:Step: 511, Loss: 5.339623, time: 22.171 sec/batch
INFO:tensorflow:Step: 513, Loss: 5.310927, time: 27.402 sec/batch
INFO:tensorflow:Step: 515, Loss: 5.296951, time: 16.673 sec/batch
INFO:tensorflow:Step: 517, Loss: 5.421271, time: 14.824 sec/batch
INFO:tensorflow:Step: 519, Loss: 5.693848, time: 18.295 sec/batch
INFO:tensorflow:Step: 521, Loss: 5.521056, time: 25.295 sec/batch
INFO:tensorflow:Step: 523, Loss: 5.335304, time: 16.248 sec/batch
INFO:tensorflow:Step: 525, Loss: 5.896964, time: 16.693 sec/batch
INFO:tensorflow:Step: 527, Loss: 5.281388, time: 18.252 sec/batch
INFO:tensorflow:Step: 529, Loss: 5.183918, time: 17.285 sec/batch
INFO:tensorflow:Step: 531, Loss: 5.119140, time: 22.053 sec/batch
INFO:tensorflow:Step: 533, Loss: 5.104266, time: 15.896 sec/batch
INFO:tensorflow:Step: 535, Loss: 5.013735, time: 24.575 sec/batch
INFO:tensorflow:Step: 537, Loss: 5.046929, time: 20.366 sec/batch
INFO:tensorflow:Step: 539, Loss: 5.187350, time: 14.414 sec/batch
INFO:tensorflow:Step: 541, Loss: 5.314049, time: 20.465 sec/batch
INFO:tensorflow:Step: 543, Loss: 5.423466, time: 14.964 sec/batch
INFO:tensorflow:Step: 545, Loss: 5.274391, time: 19.809 sec/batch
INFO:tensorflow:Step: 547, Loss: 5.146974, time: 15.449 sec/batch
INFO:tensorflow:Step: 549, Loss: 5.468691, time: 23.642 sec/batch
INFO:tensorflow:Step: 551, Loss: 5.168667, time: 16.044 sec/batch
INFO:tensorflow:Step: 553, Loss: 5.296515, time: 14.830 sec/batch
INFO:tensorflow:Step: 555, Loss: 5.147698, time: 16.227 sec/batch
INFO:tensorflow:Step: 557, Loss: 5.205623, time: 16.686 sec/batch
INFO:tensorflow:Step: 559, Loss: 5.040387, time: 15.792 sec/batch
INFO:tensorflow:Step: 561, Loss: 5.068054, time: 18.910 sec/batch
INFO:tensorflow:Step: 563, Loss: 5.355119, time: 17.552 sec/batch
INFO:tensorflow:Step: 565, Loss: 5.526160, time: 14.749 sec/batch
INFO:tensorflow:Step: 567, Loss: 5.255879, time: 22.857 sec/batch
INFO:tensorflow:Step: 569, Loss: 6.151154, time: 18.447 sec/batch
INFO:tensorflow:Step: 571, Loss: 5.502600, time: 17.584 sec/batch
INFO:tensorflow:Step: 573, Loss: 4.949791, time: 20.023 sec/batch
INFO:tensorflow:Step: 575, Loss: 5.566048, time: 15.696 sec/batch
INFO:tensorflow:Step: 577, Loss: 4.623735, time: 19.228 sec/batch
INFO:tensorflow:Step: 579, Loss: 5.400320, time: 19.915 sec/batch
INFO:tensorflow:Step: 581, Loss: 5.611333, time: 22.469 sec/batch
INFO:tensorflow:Step: 583, Loss: 5.507031, time: 24.625 sec/batch
INFO:tensorflow:Step: 585, Loss: 5.344518, time: 19.334 sec/batch
INFO:tensorflow:Step: 587, Loss: 5.304856, time: 19.959 sec/batch
INFO:tensorflow:Step: 589, Loss: 5.369241, time: 20.290 sec/batch
INFO:tensorflow:Step: 591, Loss: 5.228358, time: 19.513 sec/batch
INFO:tensorflow:Step: 593, Loss: 5.139230, time: 16.201 sec/batch
INFO:tensorflow:Step: 595, Loss: 5.075388, time: 17.969 sec/batch
INFO:tensorflow:Step: 597, Loss: 5.055778, time: 18.667 sec/batch
INFO:tensorflow:Step: 599, Loss: 5.604564, time: 17.886 sec/batch
INFO:tensorflow:Step: 601, Loss: 4.941787, time: 17.653 sec/batch
INFO:tensorflow:Step: 603, Loss: 5.611767, time: 25.083 sec/batch
INFO:tensorflow:Step: 605, Loss: 5.516725, time: 26.360 sec/batch
INFO:tensorflow:Step: 607, Loss: 5.280982, time: 16.605 sec/batch
INFO:tensorflow:Step: 609, Loss: 5.256992, time: 21.626 sec/batch
INFO:tensorflow:Step: 611, Loss: 5.189870, time: 22.399 sec/batch
INFO:tensorflow:Step: 613, Loss: 5.817666, time: 22.254 sec/batch
INFO:tensorflow:Step: 615, Loss: 5.188302, time: 29.774 sec/batch
INFO:tensorflow:Step: 617, Loss: 4.922078, time: 15.738 sec/batch
INFO:tensorflow:Step: 619, Loss: 4.861230, time: 18.301 sec/batch
INFO:tensorflow:Step: 621, Loss: 5.419192, time: 20.348 sec/batch
INFO:tensorflow:Step: 623, Loss: 5.133121, time: 24.140 sec/batch
INFO:tensorflow:Step: 625, Loss: 5.341881, time: 19.119 sec/batch
INFO:tensorflow:Step: 627, Loss: 5.045971, time: 15.821 sec/batch
INFO:tensorflow:Step: 629, Loss: 5.364898, time: 21.708 sec/batch
INFO:tensorflow:Step: 631, Loss: 5.066490, time: 26.440 sec/batch
INFO:tensorflow:Step: 633, Loss: 5.293292, time: 21.418 sec/batch
INFO:tensorflow:Step: 635, Loss: 5.034712, time: 21.162 sec/batch
INFO:tensorflow:Step: 637, Loss: 5.377838, time: 24.901 sec/batch
INFO:tensorflow:Step: 639, Loss: 5.025789, time: 26.222 sec/batch
INFO:tensorflow:Step: 641, Loss: 4.952916, time: 16.883 sec/batch
INFO:tensorflow:Step: 643, Loss: 5.354524, time: 17.437 sec/batch
INFO:tensorflow:Step: 645, Loss: 6.230306, time: 18.013 sec/batch
INFO:tensorflow:Step: 647, Loss: 5.745876, time: 19.059 sec/batch
INFO:tensorflow:Step: 649, Loss: 5.086072, time: 22.535 sec/batch
INFO:tensorflow:Step: 651, Loss: 5.189016, time: 28.697 sec/batch
INFO:tensorflow:Step: 653, Loss: 5.132945, time: 22.684 sec/batch
INFO:tensorflow:Step: 655, Loss: 4.780528, time: 25.976 sec/batch
INFO:tensorflow:Step: 657, Loss: 5.667333, time: 19.829 sec/batch
INFO:tensorflow:Step: 659, Loss: 5.378252, time: 25.069 sec/batch
INFO:tensorflow:Step: 661, Loss: 4.926910, time: 18.725 sec/batch
INFO:tensorflow:Step: 663, Loss: 5.623807, time: 22.567 sec/batch
INFO:tensorflow:Step: 665, Loss: 4.727410, time: 23.540 sec/batch
run-expr-32node.sh: line 23: 46378 Terminated              CUDA_VISIBLE_DEVICES='' bazel-bin/inception/imagenet_distributed_train --batch_size=16 --data_dir=/lfs/local/0/daniter/16node-data-$2 --job_name='worker' --task_id=$2 --ps_hosts='raiders1:2200' --worker_hosts='raiders1:2201,raiders1:2202,raiders1:2203,raiders1:2204,raiders2:2205,raiders2:2206,raiders2:2207,raiders2:2208,raiders3:2209,raiders3:2210,raiders3:2211,raiders3:2212,raiders8:2213,raiders8:2214,raiders8:2215,raiders8:2216' --initial_learning_rate=$3 --momentum=$4 --sync=True --compute_groups=$5
