DISPLAY "(null)" invalid; disabling X11 forwarding
I tensorflow/stream_executor/dso_loader.cc:108] successfully opened CUDA library libcublas.so locally
I tensorflow/stream_executor/dso_loader.cc:108] successfully opened CUDA library libcudnn.so locally
I tensorflow/stream_executor/dso_loader.cc:108] successfully opened CUDA library libcufft.so locally
I tensorflow/stream_executor/dso_loader.cc:108] successfully opened CUDA library libcuda.so locally
I tensorflow/stream_executor/dso_loader.cc:108] successfully opened CUDA library libcurand.so locally
INFO:tensorflow:PS hosts are: ['raiders1:2200']
INFO:tensorflow:Worker hosts are: ['raiders1:2201', 'raiders1:2202', 'raiders1:2203', 'raiders1:2204', 'raiders2:2205', 'raiders2:2206', 'raiders2:2207', 'raiders2:2208', 'raiders3:2209', 'raiders3:2210', 'raiders3:2211', 'raiders3:2212', 'raiders8:2213', 'raiders8:2214', 'raiders8:2215', 'raiders8:2216']
E tensorflow/stream_executor/cuda/cuda_driver.cc:491] failed call to cuInit: CUDA_ERROR_NO_DEVICE
I tensorflow/stream_executor/cuda/cuda_diagnostics.cc:153] retrieving CUDA diagnostic information for host: raiders3
I tensorflow/stream_executor/cuda/cuda_diagnostics.cc:160] hostname: raiders3
I tensorflow/stream_executor/cuda/cuda_diagnostics.cc:185] libcuda reported version is: Not found: was unable to find libcuda.so DSO loaded into this program
I tensorflow/stream_executor/cuda/cuda_diagnostics.cc:347] driver version file contents: """NVRM version: NVIDIA UNIX x86_64 Kernel Module  367.27  Thu Jun  9 18:53:27 PDT 2016
GCC version:  gcc version 4.8.4 (Ubuntu 4.8.4-2ubuntu1~14.04.3) 
"""
I tensorflow/stream_executor/cuda/cuda_diagnostics.cc:189] kernel reported version is: 367.27.0
I tensorflow/core/common_runtime/gpu/gpu_init.cc:81] No GPU devices available on machine.
I tensorflow/core/distributed_runtime/rpc/grpc_channel.cc:206] Initialize HostPortsGrpcChannelCache for job ps -> {raiders1:2200}
I tensorflow/core/distributed_runtime/rpc/grpc_channel.cc:206] Initialize HostPortsGrpcChannelCache for job worker -> {raiders1:2201, raiders1:2202, raiders1:2203, raiders1:2204, raiders2:2205, raiders2:2206, raiders2:2207, raiders2:2208, raiders3:2209, raiders3:2210, raiders3:2211, localhost:2212, raiders8:2213, raiders8:2214, raiders8:2215, raiders8:2216}
I tensorflow/core/distributed_runtime/rpc/grpc_server_lib.cc:202] Started server with target: grpc://localhost:2212
INFO:tensorflow:Learning rate: 0.002500, momentum: 0.300000
INFO:tensorflow:Sync mode!!!!!!
INFO:tensorflow:Compute groups : 2
INFO:tensorflow:SyncReplicas enabled: replicas_to_aggregate=16; total_num_replicas=16
INFO:tensorflow:Num nodes per compute groups: 8
INFO:tensorflow:Tokens per step: 8
INFO:tensorflow:2016-07-26 04:27:59.387880 Supervisor
INFO:tensorflow:got sessions! 2016-07-26 04:28:15.792793 
INFO:tensorflow:Started 3 queues for processing input data.
INFO:tensorflow:Step: 399, Loss: 5.050076, time: 25.377 sec/batch
INFO:tensorflow:Step: 399, Loss: 5.364996, time: 11.604 sec/batch
INFO:tensorflow:Step: 401, Loss: 5.874248, time: 15.544 sec/batch
INFO:tensorflow:Step: 403, Loss: 5.827441, time: 15.336 sec/batch
INFO:tensorflow:Step: 405, Loss: 5.641398, time: 16.369 sec/batch
INFO:tensorflow:Step: 407, Loss: 5.183457, time: 13.651 sec/batch
INFO:tensorflow:Step: 408, Loss: 5.342388, time: 14.073 sec/batch
INFO:tensorflow:Step: 410, Loss: 5.722050, time: 14.899 sec/batch
INFO:tensorflow:Step: 412, Loss: 5.184621, time: 12.764 sec/batch
INFO:tensorflow:Step: 414, Loss: 5.702569, time: 10.526 sec/batch
INFO:tensorflow:Step: 415, Loss: 5.457751, time: 17.401 sec/batch
INFO:tensorflow:Step: 418, Loss: 5.797215, time: 20.952 sec/batch
INFO:tensorflow:Step: 420, Loss: 5.687903, time: 19.629 sec/batch
INFO:tensorflow:Step: 423, Loss: 5.838904, time: 18.598 sec/batch
INFO:tensorflow:Step: 425, Loss: 5.345074, time: 15.328 sec/batch
INFO:tensorflow:Step: 427, Loss: 5.236965, time: 20.333 sec/batch
INFO:tensorflow:Step: 429, Loss: 5.490023, time: 17.847 sec/batch
INFO:tensorflow:Step: 431, Loss: 5.663865, time: 24.713 sec/batch
INFO:tensorflow:Step: 433, Loss: 5.939662, time: 21.117 sec/batch
INFO:tensorflow:Step: 435, Loss: 5.535526, time: 22.934 sec/batch
INFO:tensorflow:Step: 437, Loss: 5.161886, time: 20.992 sec/batch
INFO:tensorflow:Step: 439, Loss: 4.934480, time: 17.246 sec/batch
INFO:tensorflow:Step: 441, Loss: 5.453115, time: 17.459 sec/batch
INFO:tensorflow:Step: 443, Loss: 4.990878, time: 16.126 sec/batch
INFO:tensorflow:Step: 445, Loss: 5.494467, time: 15.866 sec/batch
INFO:tensorflow:Step: 447, Loss: 5.688268, time: 18.092 sec/batch
INFO:tensorflow:Step: 449, Loss: 5.431058, time: 22.996 sec/batch
INFO:tensorflow:Step: 451, Loss: 5.314788, time: 25.039 sec/batch
INFO:tensorflow:Step: 453, Loss: 5.136385, time: 23.763 sec/batch
INFO:tensorflow:Step: 455, Loss: 4.905209, time: 18.877 sec/batch
INFO:tensorflow:Step: 457, Loss: 5.184780, time: 19.896 sec/batch
INFO:tensorflow:Step: 459, Loss: 5.356472, time: 16.224 sec/batch
INFO:tensorflow:Step: 461, Loss: 4.824402, time: 18.595 sec/batch
INFO:tensorflow:Step: 463, Loss: 6.578605, time: 15.500 sec/batch
INFO:tensorflow:Step: 465, Loss: 5.225919, time: 17.568 sec/batch
INFO:tensorflow:Step: 467, Loss: 5.484386, time: 16.303 sec/batch
INFO:tensorflow:Step: 469, Loss: 5.327100, time: 17.481 sec/batch
INFO:tensorflow:Step: 471, Loss: 4.917913, time: 23.559 sec/batch
INFO:tensorflow:Step: 473, Loss: 5.978408, time: 20.126 sec/batch
INFO:tensorflow:Step: 475, Loss: 5.564988, time: 19.937 sec/batch
INFO:tensorflow:Step: 477, Loss: 5.258447, time: 15.497 sec/batch
INFO:tensorflow:Step: 479, Loss: 5.472053, time: 18.468 sec/batch
INFO:tensorflow:Step: 481, Loss: 5.238026, time: 17.024 sec/batch
INFO:tensorflow:Step: 483, Loss: 5.653655, time: 16.516 sec/batch
INFO:tensorflow:Step: 485, Loss: 5.315924, time: 19.261 sec/batch
INFO:tensorflow:Step: 487, Loss: 5.098055, time: 18.453 sec/batch
INFO:tensorflow:Step: 489, Loss: 5.487054, time: 22.220 sec/batch
INFO:tensorflow:Step: 491, Loss: 5.578300, time: 16.311 sec/batch
INFO:tensorflow:Step: 493, Loss: 5.315598, time: 18.453 sec/batch
INFO:tensorflow:Step: 495, Loss: 5.563136, time: 21.545 sec/batch
INFO:tensorflow:Step: 497, Loss: 5.368925, time: 19.608 sec/batch
INFO:tensorflow:Step: 499, Loss: 5.214897, time: 16.392 sec/batch
INFO:tensorflow:Step: 501, Loss: 5.281161, time: 18.306 sec/batch
INFO:tensorflow:Step: 503, Loss: 5.087598, time: 19.026 sec/batch
INFO:tensorflow:Step: 505, Loss: 4.991313, time: 17.979 sec/batch
INFO:tensorflow:Step: 507, Loss: 5.116363, time: 18.179 sec/batch
INFO:tensorflow:Step: 509, Loss: 5.155723, time: 23.483 sec/batch
INFO:tensorflow:Step: 511, Loss: 5.117309, time: 22.172 sec/batch
INFO:tensorflow:Step: 513, Loss: 5.451193, time: 27.407 sec/batch
INFO:tensorflow:Step: 515, Loss: 5.495908, time: 16.662 sec/batch
INFO:tensorflow:Step: 517, Loss: 5.340070, time: 14.827 sec/batch
INFO:tensorflow:Step: 519, Loss: 5.645663, time: 18.294 sec/batch
INFO:tensorflow:Step: 521, Loss: 5.443085, time: 25.313 sec/batch
INFO:tensorflow:Step: 523, Loss: 5.314480, time: 16.230 sec/batch
INFO:tensorflow:Step: 525, Loss: 5.548033, time: 16.691 sec/batch
INFO:tensorflow:Step: 527, Loss: 6.449410, time: 18.256 sec/batch
INFO:tensorflow:Step: 529, Loss: 5.510469, time: 17.285 sec/batch
INFO:tensorflow:Step: 531, Loss: 4.942596, time: 22.050 sec/batch
INFO:tensorflow:Step: 533, Loss: 5.527081, time: 15.903 sec/batch
INFO:tensorflow:Step: 535, Loss: 5.079602, time: 24.575 sec/batch
INFO:tensorflow:Step: 537, Loss: 5.302181, time: 20.361 sec/batch
INFO:tensorflow:Step: 539, Loss: 5.206368, time: 14.414 sec/batch
INFO:tensorflow:Step: 541, Loss: 5.933617, time: 20.467 sec/batch
INFO:tensorflow:Step: 543, Loss: 5.059099, time: 14.973 sec/batch
INFO:tensorflow:Step: 545, Loss: 5.214978, time: 19.798 sec/batch
INFO:tensorflow:Step: 547, Loss: 4.994580, time: 15.417 sec/batch
INFO:tensorflow:Step: 549, Loss: 5.306999, time: 23.675 sec/batch
INFO:tensorflow:Step: 551, Loss: 5.373230, time: 16.044 sec/batch
INFO:tensorflow:Step: 553, Loss: 5.406863, time: 14.826 sec/batch
INFO:tensorflow:Step: 555, Loss: 4.955101, time: 16.240 sec/batch
INFO:tensorflow:Step: 557, Loss: 5.087152, time: 16.685 sec/batch
INFO:tensorflow:Step: 559, Loss: 5.224696, time: 15.797 sec/batch
INFO:tensorflow:Step: 561, Loss: 4.906461, time: 18.907 sec/batch
INFO:tensorflow:Step: 563, Loss: 5.142845, time: 17.548 sec/batch
INFO:tensorflow:Step: 565, Loss: 5.341782, time: 14.754 sec/batch
INFO:tensorflow:Step: 567, Loss: 5.248967, time: 22.857 sec/batch
INFO:tensorflow:Step: 569, Loss: 5.362402, time: 18.447 sec/batch
INFO:tensorflow:Step: 571, Loss: 5.148914, time: 17.582 sec/batch
INFO:tensorflow:Step: 573, Loss: 4.881283, time: 19.999 sec/batch
INFO:tensorflow:Step: 575, Loss: 4.986489, time: 15.721 sec/batch
INFO:tensorflow:Step: 577, Loss: 4.864206, time: 19.225 sec/batch
INFO:tensorflow:Step: 579, Loss: 5.570722, time: 19.916 sec/batch
INFO:tensorflow:Step: 581, Loss: 5.098599, time: 22.472 sec/batch
INFO:tensorflow:Step: 583, Loss: 5.056592, time: 24.620 sec/batch
INFO:tensorflow:Step: 585, Loss: 4.763010, time: 19.337 sec/batch
INFO:tensorflow:Step: 587, Loss: 5.205673, time: 19.958 sec/batch
INFO:tensorflow:Step: 589, Loss: 4.969788, time: 20.291 sec/batch
INFO:tensorflow:Step: 591, Loss: 5.117323, time: 19.513 sec/batch
INFO:tensorflow:Step: 593, Loss: 6.173565, time: 16.199 sec/batch
INFO:tensorflow:Step: 595, Loss: 5.702164, time: 17.969 sec/batch
INFO:tensorflow:Step: 597, Loss: 5.162085, time: 18.666 sec/batch
INFO:tensorflow:Step: 599, Loss: 5.342169, time: 17.886 sec/batch
INFO:tensorflow:Step: 601, Loss: 4.923447, time: 17.656 sec/batch
INFO:tensorflow:Step: 603, Loss: 5.584831, time: 25.088 sec/batch
INFO:tensorflow:Step: 605, Loss: 5.123514, time: 26.353 sec/batch
INFO:tensorflow:Step: 607, Loss: 5.324530, time: 16.605 sec/batch
INFO:tensorflow:Step: 609, Loss: 5.666409, time: 21.626 sec/batch
INFO:tensorflow:Step: 611, Loss: 5.229914, time: 22.400 sec/batch
INFO:tensorflow:Step: 613, Loss: 4.927281, time: 22.249 sec/batch
INFO:tensorflow:Step: 615, Loss: 5.216177, time: 29.778 sec/batch
INFO:tensorflow:Step: 617, Loss: 5.088460, time: 15.737 sec/batch
INFO:tensorflow:Step: 619, Loss: 5.210008, time: 18.304 sec/batch
INFO:tensorflow:Step: 621, Loss: 4.984288, time: 20.351 sec/batch
INFO:tensorflow:Step: 623, Loss: 5.165787, time: 24.136 sec/batch
INFO:tensorflow:Step: 625, Loss: 4.882442, time: 19.144 sec/batch
INFO:tensorflow:Step: 627, Loss: 4.978231, time: 15.783 sec/batch
INFO:tensorflow:Step: 629, Loss: 5.674578, time: 21.728 sec/batch
INFO:tensorflow:Step: 631, Loss: 4.995748, time: 26.440 sec/batch
INFO:tensorflow:Step: 633, Loss: 5.945096, time: 21.420 sec/batch
INFO:tensorflow:Step: 635, Loss: 5.879749, time: 21.158 sec/batch
INFO:tensorflow:Step: 637, Loss: 5.268067, time: 24.904 sec/batch
INFO:tensorflow:Step: 639, Loss: 5.263566, time: 26.222 sec/batch
INFO:tensorflow:Step: 641, Loss: 4.976092, time: 16.883 sec/batch
INFO:tensorflow:Step: 643, Loss: 4.948344, time: 17.438 sec/batch
INFO:tensorflow:Step: 645, Loss: 5.708721, time: 18.013 sec/batch
INFO:tensorflow:Step: 647, Loss: 4.955976, time: 19.055 sec/batch
INFO:tensorflow:Step: 649, Loss: 4.999033, time: 22.540 sec/batch
INFO:tensorflow:Step: 651, Loss: 5.709810, time: 28.696 sec/batch
INFO:tensorflow:Step: 653, Loss: 4.788566, time: 22.684 sec/batch
INFO:tensorflow:Step: 655, Loss: 5.107684, time: 25.976 sec/batch
INFO:tensorflow:Step: 657, Loss: 5.021868, time: 19.830 sec/batch
INFO:tensorflow:Step: 659, Loss: 5.210948, time: 25.068 sec/batch
INFO:tensorflow:Step: 661, Loss: 5.199917, time: 18.731 sec/batch
INFO:tensorflow:Step: 663, Loss: 5.968770, time: 22.562 sec/batch
INFO:tensorflow:Step: 665, Loss: 5.476016, time: 23.538 sec/batch
run-expr-32node.sh: line 23: 46379 Terminated              CUDA_VISIBLE_DEVICES='' bazel-bin/inception/imagenet_distributed_train --batch_size=16 --data_dir=/lfs/local/0/daniter/16node-data-$2 --job_name='worker' --task_id=$2 --ps_hosts='raiders1:2200' --worker_hosts='raiders1:2201,raiders1:2202,raiders1:2203,raiders1:2204,raiders2:2205,raiders2:2206,raiders2:2207,raiders2:2208,raiders3:2209,raiders3:2210,raiders3:2211,raiders3:2212,raiders8:2213,raiders8:2214,raiders8:2215,raiders8:2216' --initial_learning_rate=$3 --momentum=$4 --sync=True --compute_groups=$5
