I tensorflow/stream_executor/dso_loader.cc:108] successfully opened CUDA library libcublas.so locally
I tensorflow/stream_executor/dso_loader.cc:108] successfully opened CUDA library libcudnn.so locally
I tensorflow/stream_executor/dso_loader.cc:108] successfully opened CUDA library libcufft.so locally
I tensorflow/stream_executor/dso_loader.cc:108] successfully opened CUDA library libcuda.so locally
I tensorflow/stream_executor/dso_loader.cc:108] successfully opened CUDA library libcurand.so locally
INFO:tensorflow:PS hosts are: ['localhost:2228']
INFO:tensorflow:Worker hosts are: ['raiders1:2200', 'raiders1:2201', 'raiders3:2209', 'raiders3:2210']
E tensorflow/stream_executor/cuda/cuda_driver.cc:491] failed call to cuInit: CUDA_ERROR_NO_DEVICE
I tensorflow/stream_executor/cuda/cuda_diagnostics.cc:153] retrieving CUDA diagnostic information for host: raiders1
I tensorflow/stream_executor/cuda/cuda_diagnostics.cc:160] hostname: raiders1
I tensorflow/stream_executor/cuda/cuda_diagnostics.cc:185] libcuda reported version is: Not found: was unable to find libcuda.so DSO loaded into this program
I tensorflow/stream_executor/cuda/cuda_diagnostics.cc:347] driver version file contents: """NVRM version: NVIDIA UNIX x86_64 Kernel Module  367.27  Thu Jun  9 18:53:27 PDT 2016
GCC version:  gcc version 4.8.4 (Ubuntu 4.8.4-2ubuntu1~14.04.3) 
"""
I tensorflow/stream_executor/cuda/cuda_diagnostics.cc:189] kernel reported version is: 367.27.0
I tensorflow/core/common_runtime/gpu/gpu_init.cc:81] No GPU devices available on machine.
I tensorflow/core/distributed_runtime/rpc/grpc_channel.cc:206] Initialize HostPortsGrpcChannelCache for job ps -> {localhost:2228}
I tensorflow/core/distributed_runtime/rpc/grpc_channel.cc:206] Initialize HostPortsGrpcChannelCache for job worker -> {raiders1:2200, raiders1:2201, raiders3:2209, raiders3:2210}
I tensorflow/core/distributed_runtime/rpc/grpc_server_lib.cc:202] Started server with target: grpc://localhost:2228
I tensorflow/core/kernels/logging_ops.cc:79] Node 2 dequeues token: [399]
I tensorflow/core/kernels/logging_ops.cc:79] Node 3 dequeues token: [399]
I tensorflow/core/kernels/logging_ops.cc:79] Node 3 dequeues token: [399]
I tensorflow/core/kernels/logging_ops.cc:79] Node 2 dequeues token: [399]
I tensorflow/core/kernels/logging_ops.cc:79] ~~~~~ daniter~~~ GLobalstep:[399][8.1086553e-05 0.00034989146...]
I tensorflow/core/kernels/logging_ops.cc:79] Node 0 dequeues token: [399]
I tensorflow/core/kernels/logging_ops.cc:79] Node 3 dequeues token: [399]
I tensorflow/core/kernels/logging_ops.cc:79] Node 2 dequeues token: [399]
I tensorflow/core/kernels/logging_ops.cc:79] Node 3 dequeues token: [399]
I tensorflow/core/kernels/logging_ops.cc:79] ~~~~~ daniter~~~ GLobalstep:[400][-0.0010837915 -0.00019125637...]
I tensorflow/core/kernels/logging_ops.cc:79] Node 3 dequeues token: [399]
I tensorflow/core/kernels/logging_ops.cc:79] Node 2 dequeues token: [399]
I tensorflow/core/kernels/logging_ops.cc:79] Node 2 dequeues token: [399]
I tensorflow/core/kernels/logging_ops.cc:79] Node 3 dequeues token: [399]
I tensorflow/core/kernels/logging_ops.cc:79] ~~~~~ daniter~~~ GLobalstep:[401][-0.0011372307 -0.00030062598...]
I tensorflow/core/kernels/logging_ops.cc:79] Node 3 dequeues token: [401]
I tensorflow/core/kernels/logging_ops.cc:79] Node 0 dequeues token: [401]
I tensorflow/core/kernels/logging_ops.cc:79] Node 2 dequeues token: [401]
I tensorflow/core/kernels/logging_ops.cc:79] Node 2 dequeues token: [401]
I tensorflow/core/kernels/logging_ops.cc:79] ~~~~~ daniter~~~ GLobalstep:[402][0.00011271028 0.0002561872...]
I tensorflow/core/kernels/logging_ops.cc:79] Node 3 dequeues token: [402]
I tensorflow/core/kernels/logging_ops.cc:79] Node 0 dequeues token: [402]
I tensorflow/core/kernels/logging_ops.cc:79] Node 2 dequeues token: [402]
I tensorflow/core/kernels/logging_ops.cc:79] Node 0 dequeues token: [402]
I tensorflow/core/kernels/logging_ops.cc:79] ~~~~~ daniter~~~ GLobalstep:[403][-0.0017678597 -8.661949e-05...]
I tensorflow/core/kernels/logging_ops.cc:79] Node 2 dequeues token: [403]
I tensorflow/core/kernels/logging_ops.cc:79] Node 0 dequeues token: [403]
I tensorflow/core/kernels/logging_ops.cc:79] Node 3 dequeues token: [403]
I tensorflow/core/kernels/logging_ops.cc:79] Node 2 dequeues token: [403]
I tensorflow/core/kernels/logging_ops.cc:79] ~~~~~ daniter~~~ GLobalstep:[404][0.00075133261 -0.00046383403...]
I tensorflow/core/kernels/logging_ops.cc:79] Node 2 dequeues token: [404]
I tensorflow/core/kernels/logging_ops.cc:79] Node 3 dequeues token: [404]
I tensorflow/core/kernels/logging_ops.cc:79] Node 0 dequeues token: [404]
I tensorflow/core/kernels/logging_ops.cc:79] Node 3 dequeues token: [404]
I tensorflow/core/kernels/logging_ops.cc:79] ~~~~~ daniter~~~ GLobalstep:[405][0.00042122361 -0.00018332592...]
I tensorflow/core/kernels/logging_ops.cc:79] Node 3 dequeues token: [405]
I tensorflow/core/kernels/logging_ops.cc:79] Node 0 dequeues token: [405]
I tensorflow/core/kernels/logging_ops.cc:79] Node 2 dequeues token: [405]
I tensorflow/core/kernels/logging_ops.cc:79] Node 2 dequeues token: [405]
I tensorflow/core/kernels/logging_ops.cc:79] ~~~~~ daniter~~~ GLobalstep:[406][-0.00042369097 0.00028574481...]
I tensorflow/core/kernels/logging_ops.cc:79] Node 2 dequeues token: [406]
I tensorflow/core/kernels/logging_ops.cc:79] Node 3 dequeues token: [406]
I tensorflow/core/kernels/logging_ops.cc:79] Node 0 dequeues token: [406]
I tensorflow/core/kernels/logging_ops.cc:79] Node 0 dequeues token: [406]
I tensorflow/core/kernels/logging_ops.cc:79] ~~~~~ daniter~~~ GLobalstep:[407][-0.00022990267 0.00056493038...]
I tensorflow/core/kernels/logging_ops.cc:79] Node 0 dequeues token: [407]
I tensorflow/core/kernels/logging_ops.cc:79] Node 2 dequeues token: [407]
I tensorflow/core/kernels/logging_ops.cc:79] Node 3 dequeues token: [407]
I tensorflow/core/kernels/logging_ops.cc:79] Node 2 dequeues token: [407]
I tensorflow/core/kernels/logging_ops.cc:79] ~~~~~ daniter~~~ GLobalstep:[408][-0.00047748198 0.00041686752...]
I tensorflow/core/kernels/logging_ops.cc:79] Node 2 dequeues token: [408]
I tensorflow/core/kernels/logging_ops.cc:79] Node 0 dequeues token: [408]
I tensorflow/core/kernels/logging_ops.cc:79] Node 3 dequeues token: [408]
I tensorflow/core/kernels/logging_ops.cc:79] Node 0 dequeues token: [408]
I tensorflow/core/kernels/logging_ops.cc:79] ~~~~~ daniter~~~ GLobalstep:[409][-0.00055187684 -0.00012352619...]
I tensorflow/core/kernels/logging_ops.cc:79] Node 2 dequeues token: [409]
I tensorflow/core/kernels/logging_ops.cc:79] Node 3 dequeues token: [409]
I tensorflow/core/kernels/logging_ops.cc:79] Node 0 dequeues token: [409]
I tensorflow/core/kernels/logging_ops.cc:79] Node 3 dequeues token: [409]
I tensorflow/core/kernels/logging_ops.cc:79] ~~~~~ daniter~~~ GLobalstep:[410][-0.00036989991 1.0315416e-05...]
I tensorflow/core/kernels/logging_ops.cc:79] Node 3 dequeues token: [410]
I tensorflow/core/kernels/logging_ops.cc:79] Node 0 dequeues token: [410]
I tensorflow/core/kernels/logging_ops.cc:79] Node 2 dequeues token: [410]
I tensorflow/core/kernels/logging_ops.cc:79] Node 0 dequeues token: [410]
I tensorflow/core/kernels/logging_ops.cc:79] ~~~~~ daniter~~~ GLobalstep:[411][-0.000595356 0.00010134813...]
I tensorflow/core/kernels/logging_ops.cc:79] Node 0 dequeues token: [411]
I tensorflow/core/kernels/logging_ops.cc:79] Node 3 dequeues token: [411]
I tensorflow/core/kernels/logging_ops.cc:79] Node 2 dequeues token: [411]
I tensorflow/core/kernels/logging_ops.cc:79] Node 3 dequeues token: [411]
I tensorflow/core/kernels/logging_ops.cc:79] ~~~~~ daniter~~~ GLobalstep:[412][-0.00091407343 -0.00063356466...]
I tensorflow/core/kernels/logging_ops.cc:79] Node 3 dequeues token: [412]
I tensorflow/core/kernels/logging_ops.cc:79] Node 0 dequeues token: [412]
I tensorflow/core/kernels/logging_ops.cc:79] Node 2 dequeues token: [412]
I tensorflow/core/kernels/logging_ops.cc:79] Node 2 dequeues token: [412]
I tensorflow/core/kernels/logging_ops.cc:79] ~~~~~ daniter~~~ GLobalstep:[413][-0.00035509141 -0.00049357372...]
I tensorflow/core/kernels/logging_ops.cc:79] Node 2 dequeues token: [413]
I tensorflow/core/kernels/logging_ops.cc:79] Node 3 dequeues token: [413]
I tensorflow/core/kernels/logging_ops.cc:79] Node 0 dequeues token: [413]
I tensorflow/core/kernels/logging_ops.cc:79] Node 0 dequeues token: [413]
I tensorflow/core/kernels/logging_ops.cc:79] ~~~~~ daniter~~~ GLobalstep:[414][0.0011393114 0.00040019365...]
I tensorflow/core/kernels/logging_ops.cc:79] Node 0 dequeues token: [414]
I tensorflow/core/kernels/logging_ops.cc:79] Node 2 dequeues token: [414]
I tensorflow/core/kernels/logging_ops.cc:79] Node 3 dequeues token: [414]
I tensorflow/core/kernels/logging_ops.cc:79] Node 2 dequeues token: [414]
I tensorflow/core/kernels/logging_ops.cc:79] ~~~~~ daniter~~~ GLobalstep:[415][-0.00047871855 -0.00030475424...]
I tensorflow/core/kernels/logging_ops.cc:79] Node 2 dequeues token: [415]
I tensorflow/core/kernels/logging_ops.cc:79] Node 0 dequeues token: [415]
I tensorflow/core/kernels/logging_ops.cc:79] Node 3 dequeues token: [415]
I tensorflow/core/kernels/logging_ops.cc:79] Node 3 dequeues token: [415]
I tensorflow/core/kernels/logging_ops.cc:79] ~~~~~ daniter~~~ GLobalstep:[416][-0.00022269967 -8.2932354e-05...]
I tensorflow/core/kernels/logging_ops.cc:79] Node 3 dequeues token: [416]
I tensorflow/core/kernels/logging_ops.cc:79] Node 2 dequeues token: [416]
I tensorflow/core/kernels/logging_ops.cc:79] Node 0 dequeues token: [416]
I tensorflow/core/kernels/logging_ops.cc:79] Node 0 dequeues token: [416]
I tensorflow/core/kernels/logging_ops.cc:79] ~~~~~ daniter~~~ GLobalstep:[417][0.00026687721 -0.00061426504...]
I tensorflow/core/kernels/logging_ops.cc:79] Node 2 dequeues token: [417]
I tensorflow/core/kernels/logging_ops.cc:79] Node 3 dequeues token: [417]
I tensorflow/core/kernels/logging_ops.cc:79] Node 0 dequeues token: [417]
I tensorflow/core/kernels/logging_ops.cc:79] Node 3 dequeues token: [417]
I tensorflow/core/kernels/logging_ops.cc:79] ~~~~~ daniter~~~ GLobalstep:[418][0.00035568175 -4.6339133e-05...]
I tensorflow/core/kernels/logging_ops.cc:79] Node 3 dequeues token: [418]
I tensorflow/core/kernels/logging_ops.cc:79] Node 0 dequeues token: [418]
I tensorflow/core/kernels/logging_ops.cc:79] Node 2 dequeues token: [418]
I tensorflow/core/kernels/logging_ops.cc:79] Node 0 dequeues token: [418]
I tensorflow/core/kernels/logging_ops.cc:79] ~~~~~ daniter~~~ GLobalstep:[419][0.0011390932 -0.00012208639...]
I tensorflow/core/kernels/logging_ops.cc:79] Node 0 dequeues token: [419]
I tensorflow/core/kernels/logging_ops.cc:79] Node 3 dequeues token: [419]
I tensorflow/core/kernels/logging_ops.cc:79] Node 2 dequeues token: [419]
I tensorflow/core/kernels/logging_ops.cc:79] Node 2 dequeues token: [419]
I tensorflow/core/kernels/logging_ops.cc:79] ~~~~~ daniter~~~ GLobalstep:[420][4.7030626e-06 0.00037662109...]
I tensorflow/core/kernels/logging_ops.cc:79] Node 3 dequeues token: [420]
I tensorflow/core/kernels/logging_ops.cc:79] Node 0 dequeues token: [420]
I tensorflow/core/kernels/logging_ops.cc:79] Node 2 dequeues token: [420]
I tensorflow/core/kernels/logging_ops.cc:79] Node 0 dequeues token: [420]
I tensorflow/core/kernels/logging_ops.cc:79] ~~~~~ daniter~~~ GLobalstep:[421][5.4621603e-05 -1.3105309e-06...]
I tensorflow/core/kernels/logging_ops.cc:79] Node 2 dequeues token: [421]
I tensorflow/core/kernels/logging_ops.cc:79] Node 3 dequeues token: [421]
I tensorflow/core/kernels/logging_ops.cc:79] Node 0 dequeues token: [421]
I tensorflow/core/kernels/logging_ops.cc:79] Node 3 dequeues token: [421]
I tensorflow/core/kernels/logging_ops.cc:79] ~~~~~ daniter~~~ GLobalstep:[422][0.00051661 -0.0004149891...]
I tensorflow/core/kernels/logging_ops.cc:79] Node 2 dequeues token: [422]
I tensorflow/core/kernels/logging_ops.cc:79] Node 3 dequeues token: [422]
I tensorflow/core/kernels/logging_ops.cc:79] Node 0 dequeues token: [422]
I tensorflow/core/kernels/logging_ops.cc:79] Node 2 dequeues token: [422]
I tensorflow/core/kernels/logging_ops.cc:79] ~~~~~ daniter~~~ GLobalstep:[423][0.00015556878 0.00069041771...]
I tensorflow/core/kernels/logging_ops.cc:79] Node 2 dequeues token: [423]
I tensorflow/core/kernels/logging_ops.cc:79] Node 3 dequeues token: [423]
I tensorflow/core/kernels/logging_ops.cc:79] Node 0 dequeues token: [423]
I tensorflow/core/kernels/logging_ops.cc:79] Node 3 dequeues token: [423]
I tensorflow/core/kernels/logging_ops.cc:79] ~~~~~ daniter~~~ GLobalstep:[424][-0.00036861398 9.6821786e-05...]
I tensorflow/core/kernels/logging_ops.cc:79] Node 0 dequeues token: [424]
I tensorflow/core/kernels/logging_ops.cc:79] Node 2 dequeues token: [424]
I tensorflow/core/kernels/logging_ops.cc:79] Node 3 dequeues token: [424]
I tensorflow/core/kernels/logging_ops.cc:79] Node 0 dequeues token: [424]
I tensorflow/core/kernels/logging_ops.cc:79] ~~~~~ daniter~~~ GLobalstep:[425][-0.00079314911 -0.00061294757...]
I tensorflow/core/kernels/logging_ops.cc:79] Node 2 dequeues token: [425]
I tensorflow/core/kernels/logging_ops.cc:79] Node 0 dequeues token: [425]
I tensorflow/core/kernels/logging_ops.cc:79] Node 3 dequeues token: [425]
I tensorflow/core/kernels/logging_ops.cc:79] Node 2 dequeues token: [425]
I tensorflow/core/kernels/logging_ops.cc:79] ~~~~~ daniter~~~ GLobalstep:[426][0.00013912967 -0.00021011515...]
I tensorflow/core/kernels/logging_ops.cc:79] Node 2 dequeues token: [426]
I tensorflow/core/kernels/logging_ops.cc:79] Node 0 dequeues token: [426]
I tensorflow/core/kernels/logging_ops.cc:79] Node 3 dequeues token: [426]
I tensorflow/core/kernels/logging_ops.cc:79] Node 0 dequeues token: [426]
I tensorflow/core/kernels/logging_ops.cc:79] ~~~~~ daniter~~~ GLobalstep:[427][0.00026446459 3.3292068e-05...]
I tensorflow/core/kernels/logging_ops.cc:79] Node 0 dequeues token: [427]
I tensorflow/core/kernels/logging_ops.cc:79] Node 2 dequeues token: [427]
I tensorflow/core/kernels/logging_ops.cc:79] Node 3 dequeues token: [427]
I tensorflow/core/kernels/logging_ops.cc:79] Node 3 dequeues token: [427]
I tensorflow/core/kernels/logging_ops.cc:79] ~~~~~ daniter~~~ GLobalstep:[428][0.00034983628 0.00017203679...]
I tensorflow/core/kernels/logging_ops.cc:79] Node 3 dequeues token: [428]
I tensorflow/core/kernels/logging_ops.cc:79] Node 0 dequeues token: [428]
I tensorflow/core/kernels/logging_ops.cc:79] Node 2 dequeues token: [428]
I tensorflow/core/kernels/logging_ops.cc:79] Node 0 dequeues token: [428]
I tensorflow/core/kernels/logging_ops.cc:79] ~~~~~ daniter~~~ GLobalstep:[429][-0.00068459031 0.00022580299...]
I tensorflow/core/kernels/logging_ops.cc:79] Node 0 dequeues token: [429]
I tensorflow/core/kernels/logging_ops.cc:79] Node 2 dequeues token: [429]
I tensorflow/core/kernels/logging_ops.cc:79] Node 3 dequeues token: [429]
I tensorflow/core/kernels/logging_ops.cc:79] Node 3 dequeues token: [429]
I tensorflow/core/kernels/logging_ops.cc:79] ~~~~~ daniter~~~ GLobalstep:[430][3.6190468e-05 -0.00034979143...]
I tensorflow/core/kernels/logging_ops.cc:79] Node 2 dequeues token: [430]
I tensorflow/core/kernels/logging_ops.cc:79] Node 3 dequeues token: [430]
I tensorflow/core/kernels/logging_ops.cc:79] Node 0 dequeues token: [430]
I tensorflow/core/kernels/logging_ops.cc:79] Node 3 dequeues token: [430]
I tensorflow/core/kernels/logging_ops.cc:79] ~~~~~ daniter~~~ GLobalstep:[431][-0.0010981794 0.00037793041...]
I tensorflow/core/kernels/logging_ops.cc:79] Node 0 dequeues token: [431]
I tensorflow/core/kernels/logging_ops.cc:79] Node 2 dequeues token: [431]
I tensorflow/core/kernels/logging_ops.cc:79] Node 3 dequeues token: [431]
I tensorflow/core/kernels/logging_ops.cc:79] Node 0 dequeues token: [431]
I tensorflow/core/kernels/logging_ops.cc:79] ~~~~~ daniter~~~ GLobalstep:[432][-0.0010793692 4.7465881e-05...]
I tensorflow/core/kernels/logging_ops.cc:79] Node 0 dequeues token: [432]
I tensorflow/core/kernels/logging_ops.cc:79] Node 3 dequeues token: [432]
I tensorflow/core/kernels/logging_ops.cc:79] Node 2 dequeues token: [432]
I tensorflow/core/kernels/logging_ops.cc:79] Node 3 dequeues token: [432]
I tensorflow/core/kernels/logging_ops.cc:79] ~~~~~ daniter~~~ GLobalstep:[433][0.00025155771 7.4896394e-05...]
I tensorflow/core/kernels/logging_ops.cc:79] Node 3 dequeues token: [433]
I tensorflow/core/kernels/logging_ops.cc:79] Node 0 dequeues token: [433]
I tensorflow/core/kernels/logging_ops.cc:79] Node 2 dequeues token: [433]
I tensorflow/core/kernels/logging_ops.cc:79] Node 2 dequeues token: [433]
I tensorflow/core/kernels/logging_ops.cc:79] ~~~~~ daniter~~~ GLobalstep:[434][0.00020156824 0.00064534741...]
I tensorflow/core/kernels/logging_ops.cc:79] Node 2 dequeues token: [434]
I tensorflow/core/kernels/logging_ops.cc:79] Node 3 dequeues token: [434]
I tensorflow/core/kernels/logging_ops.cc:79] Node 0 dequeues token: [434]
I tensorflow/core/kernels/logging_ops.cc:79] Node 3 dequeues token: [434]
I tensorflow/core/kernels/logging_ops.cc:79] ~~~~~ daniter~~~ GLobalstep:[435][0.0002357802 -0.00011318176...]
I tensorflow/core/kernels/logging_ops.cc:79] Node 3 dequeues token: [435]
I tensorflow/core/kernels/logging_ops.cc:79] Node 2 dequeues token: [435]
I tensorflow/core/kernels/logging_ops.cc:79] Node 0 dequeues token: [435]
I tensorflow/core/kernels/logging_ops.cc:79] Node 2 dequeues token: [435]
I tensorflow/core/kernels/logging_ops.cc:79] ~~~~~ daniter~~~ GLobalstep:[436][7.5805794e-05 0.00018952852...]
I tensorflow/core/kernels/logging_ops.cc:79] Node 3 dequeues token: [436]
I tensorflow/core/kernels/logging_ops.cc:79] Node 0 dequeues token: [436]
I tensorflow/core/kernels/logging_ops.cc:79] Node 2 dequeues token: [436]
I tensorflow/core/kernels/logging_ops.cc:79] Node 3 dequeues token: [436]
I tensorflow/core/kernels/logging_ops.cc:79] ~~~~~ daniter~~~ GLobalstep:[437][-0.00068329228 -0.00069770182...]
I tensorflow/core/kernels/logging_ops.cc:79] Node 2 dequeues token: [437]
I tensorflow/core/kernels/logging_ops.cc:79] Node 0 dequeues token: [437]
I tensorflow/core/kernels/logging_ops.cc:79] Node 3 dequeues token: [437]
I tensorflow/core/kernels/logging_ops.cc:79] Node 0 dequeues token: [437]
I tensorflow/core/kernels/logging_ops.cc:79] ~~~~~ daniter~~~ GLobalstep:[438][-0.00080608862 4.3841021e-05...]
I tensorflow/core/kernels/logging_ops.cc:79] Node 0 dequeues token: [438]
I tensorflow/core/kernels/logging_ops.cc:79] Node 2 dequeues token: [438]
I tensorflow/core/kernels/logging_ops.cc:79] Node 3 dequeues token: [438]
I tensorflow/core/kernels/logging_ops.cc:79] Node 2 dequeues token: [438]
I tensorflow/core/kernels/logging_ops.cc:79] ~~~~~ daniter~~~ GLobalstep:[439][-0.00036136794 -0.00053642492...]
I tensorflow/core/kernels/logging_ops.cc:79] Node 3 dequeues token: [439]
I tensorflow/core/kernels/logging_ops.cc:79] Node 0 dequeues token: [439]
I tensorflow/core/kernels/logging_ops.cc:79] Node 2 dequeues token: [439]
I tensorflow/core/kernels/logging_ops.cc:79] Node 0 dequeues token: [439]
I tensorflow/core/kernels/logging_ops.cc:79] ~~~~~ daniter~~~ GLobalstep:[440][0.00058345543 0.00044663757...]
I tensorflow/core/kernels/logging_ops.cc:79] Node 0 dequeues token: [440]
I tensorflow/core/kernels/logging_ops.cc:79] Node 3 dequeues token: [440]
I tensorflow/core/kernels/logging_ops.cc:79] Node 2 dequeues token: [440]
I tensorflow/core/kernels/logging_ops.cc:79] Node 3 dequeues token: [440]
I tensorflow/core/kernels/logging_ops.cc:79] ~~~~~ daniter~~~ GLobalstep:[441][0.0001637252 -4.0966566e-05...]
I tensorflow/core/kernels/logging_ops.cc:79] Node 3 dequeues token: [441]
I tensorflow/core/kernels/logging_ops.cc:79] Node 0 dequeues token: [441]
I tensorflow/core/kernels/logging_ops.cc:79] Node 2 dequeues token: [441]
I tensorflow/core/kernels/logging_ops.cc:79] Node 0 dequeues token: [441]
I tensorflow/core/kernels/logging_ops.cc:79] ~~~~~ daniter~~~ GLobalstep:[442][0.00065602909 0.00031487775...]
I tensorflow/core/kernels/logging_ops.cc:79] Node 3 dequeues token: [442]
I tensorflow/core/kernels/logging_ops.cc:79] Node 0 dequeues token: [442]
I tensorflow/core/kernels/logging_ops.cc:79] Node 2 dequeues token: [442]
I tensorflow/core/kernels/logging_ops.cc:79] Node 2 dequeues token: [442]
I tensorflow/core/kernels/logging_ops.cc:79] ~~~~~ daniter~~~ GLobalstep:[443][0.00067777629 0.00028148046...]
I tensorflow/core/kernels/logging_ops.cc:79] Node 2 dequeues token: [443]
I tensorflow/core/kernels/logging_ops.cc:79] Node 0 dequeues token: [443]
I tensorflow/core/kernels/logging_ops.cc:79] Node 3 dequeues token: [443]
I tensorflow/core/kernels/logging_ops.cc:79] Node 0 dequeues token: [443]
I tensorflow/core/kernels/logging_ops.cc:79] ~~~~~ daniter~~~ GLobalstep:[444][0.00024622498 0.00051261974...]
I tensorflow/core/kernels/logging_ops.cc:79] Node 0 dequeues token: [444]
I tensorflow/core/kernels/logging_ops.cc:79] Node 3 dequeues token: [444]
I tensorflow/core/kernels/logging_ops.cc:79] Node 2 dequeues token: [444]
I tensorflow/core/kernels/logging_ops.cc:79] Node 0 dequeues token: [444]
I tensorflow/core/kernels/logging_ops.cc:79] ~~~~~ daniter~~~ GLobalstep:[445][0.00017576918 5.5608252e-05...]
I tensorflow/core/kernels/logging_ops.cc:79] Node 0 dequeues token: [445]
I tensorflow/core/kernels/logging_ops.cc:79] Node 3 dequeues token: [445]
I tensorflow/core/kernels/logging_ops.cc:79] Node 2 dequeues token: [445]
I tensorflow/core/kernels/logging_ops.cc:79] Node 3 dequeues token: [445]
I tensorflow/core/kernels/logging_ops.cc:79] ~~~~~ daniter~~~ GLobalstep:[446][-0.00033043366 0.00018543773...]
I tensorflow/core/kernels/logging_ops.cc:79] Node 0 dequeues token: [446]
I tensorflow/core/kernels/logging_ops.cc:79] Node 2 dequeues token: [446]
I tensorflow/core/kernels/logging_ops.cc:79] Node 3 dequeues token: [446]
I tensorflow/core/kernels/logging_ops.cc:79] Node 2 dequeues token: [446]
I tensorflow/core/kernels/logging_ops.cc:79] ~~~~~ daniter~~~ GLobalstep:[447][0.00040035514 -1.96373e-05...]
I tensorflow/core/kernels/logging_ops.cc:79] Node 2 dequeues token: [447]
I tensorflow/core/kernels/logging_ops.cc:79] Node 0 dequeues token: [447]
I tensorflow/core/kernels/logging_ops.cc:79] Node 3 dequeues token: [447]
I tensorflow/core/kernels/logging_ops.cc:79] Node 0 dequeues token: [447]
I tensorflow/core/kernels/logging_ops.cc:79] ~~~~~ daniter~~~ GLobalstep:[448][-4.7454094e-05 0.00035452825...]
I tensorflow/core/kernels/logging_ops.cc:79] Node 0 dequeues token: [448]
I tensorflow/core/kernels/logging_ops.cc:79] Node 3 dequeues token: [448]
I tensorflow/core/kernels/logging_ops.cc:79] Node 2 dequeues token: [448]
I tensorflow/core/kernels/logging_ops.cc:79] Node 2 dequeues token: [448]
I tensorflow/core/kernels/logging_ops.cc:79] ~~~~~ daniter~~~ GLobalstep:[449][-0.00021652391 0.00082674628...]
I tensorflow/core/kernels/logging_ops.cc:79] Node 3 dequeues token: [449]
I tensorflow/core/kernels/logging_ops.cc:79] Node 2 dequeues token: [449]
I tensorflow/core/kernels/logging_ops.cc:79] Node 0 dequeues token: [449]
I tensorflow/core/kernels/logging_ops.cc:79] Node 0 dequeues token: [449]
I tensorflow/core/kernels/logging_ops.cc:79] ~~~~~ daniter~~~ GLobalstep:[450][-0.0001209808 0.00026713745...]
I tensorflow/core/kernels/logging_ops.cc:79] Node 2 dequeues token: [450]
I tensorflow/core/kernels/logging_ops.cc:79] Node 0 dequeues token: [450]
I tensorflow/core/kernels/logging_ops.cc:79] Node 3 dequeues token: [450]
I tensorflow/core/kernels/logging_ops.cc:79] Node 3 dequeues token: [450]
I tensorflow/core/kernels/logging_ops.cc:79] ~~~~~ daniter~~~ GLobalstep:[451][-0.0003341191 9.5855838e-05...]
I tensorflow/core/kernels/logging_ops.cc:79] Node 0 dequeues token: [451]
I tensorflow/core/kernels/logging_ops.cc:79] Node 3 dequeues token: [451]
I tensorflow/core/kernels/logging_ops.cc:79] Node 2 dequeues token: [451]
I tensorflow/core/kernels/logging_ops.cc:79] Node 0 dequeues token: [451]
I tensorflow/core/kernels/logging_ops.cc:79] ~~~~~ daniter~~~ GLobalstep:[452][-0.00054515025 0.000134903...]
I tensorflow/core/kernels/logging_ops.cc:79] Node 0 dequeues token: [452]
I tensorflow/core/kernels/logging_ops.cc:79] Node 2 dequeues token: [452]
I tensorflow/core/kernels/logging_ops.cc:79] Node 3 dequeues token: [452]
I tensorflow/core/kernels/logging_ops.cc:79] Node 3 dequeues token: [452]
I tensorflow/core/kernels/logging_ops.cc:79] ~~~~~ daniter~~~ GLobalstep:[453][-9.8333985e-06 9.4809744e-05...]
I tensorflow/core/kernels/logging_ops.cc:79] Node 2 dequeues token: [453]
I tensorflow/core/kernels/logging_ops.cc:79] Node 3 dequeues token: [453]
I tensorflow/core/kernels/logging_ops.cc:79] Node 0 dequeues token: [453]
I tensorflow/core/kernels/logging_ops.cc:79] Node 0 dequeues token: [453]
I tensorflow/core/kernels/logging_ops.cc:79] ~~~~~ daniter~~~ GLobalstep:[454][-0.00016824031 0.00044504626...]
I tensorflow/core/kernels/logging_ops.cc:79] Node 3 dequeues token: [454]
I tensorflow/core/kernels/logging_ops.cc:79] Node 2 dequeues token: [454]
I tensorflow/core/kernels/logging_ops.cc:79] Node 0 dequeues token: [454]
I tensorflow/core/kernels/logging_ops.cc:79] Node 3 dequeues token: [454]
I tensorflow/core/kernels/logging_ops.cc:79] ~~~~~ daniter~~~ GLobalstep:[455][0.00011997172 -0.00021845847...]
I tensorflow/core/kernels/logging_ops.cc:79] Node 3 dequeues token: [455]
I tensorflow/core/kernels/logging_ops.cc:79] Node 0 dequeues token: [455]
I tensorflow/core/kernels/logging_ops.cc:79] Node 2 dequeues token: [455]
I tensorflow/core/kernels/logging_ops.cc:79] Node 2 dequeues token: [455]
I tensorflow/core/kernels/logging_ops.cc:79] ~~~~~ daniter~~~ GLobalstep:[456][7.3979529e-05 0.00036851564...]
I tensorflow/core/kernels/logging_ops.cc:79] Node 0 dequeues token: [456]
I tensorflow/core/kernels/logging_ops.cc:79] Node 3 dequeues token: [456]
I tensorflow/core/kernels/logging_ops.cc:79] Node 2 dequeues token: [456]
I tensorflow/core/kernels/logging_ops.cc:79] Node 3 dequeues token: [456]
I tensorflow/core/kernels/logging_ops.cc:79] ~~~~~ daniter~~~ GLobalstep:[457][0.00063150842 -0.0003573813...]
I tensorflow/core/kernels/logging_ops.cc:79] Node 0 dequeues token: [457]
I tensorflow/core/kernels/logging_ops.cc:79] Node 3 dequeues token: [457]
I tensorflow/core/kernels/logging_ops.cc:79] Node 2 dequeues token: [457]
I tensorflow/core/kernels/logging_ops.cc:79] Node 0 dequeues token: [457]
I tensorflow/core/kernels/logging_ops.cc:79] ~~~~~ daniter~~~ GLobalstep:[458][-0.001260837 -0.00030312649...]
I tensorflow/core/kernels/logging_ops.cc:79] Node 0 dequeues token: [458]
I tensorflow/core/kernels/logging_ops.cc:79] Node 3 dequeues token: [458]
I tensorflow/core/kernels/logging_ops.cc:79] Node 2 dequeues token: [458]
I tensorflow/core/kernels/logging_ops.cc:79] Node 2 dequeues token: [458]
I tensorflow/core/kernels/logging_ops.cc:79] ~~~~~ daniter~~~ GLobalstep:[459][-0.000957308 -0.00066261308...]
I tensorflow/core/kernels/logging_ops.cc:79] Node 3 dequeues token: [459]
I tensorflow/core/kernels/logging_ops.cc:79] Node 2 dequeues token: [459]
I tensorflow/core/kernels/logging_ops.cc:79] Node 0 dequeues token: [459]
I tensorflow/core/kernels/logging_ops.cc:79] Node 3 dequeues token: [459]
I tensorflow/core/kernels/logging_ops.cc:79] ~~~~~ daniter~~~ GLobalstep:[460][0.000539611 0.00056435284...]
I tensorflow/core/kernels/logging_ops.cc:79] Node 2 dequeues token: [460]
I tensorflow/core/kernels/logging_ops.cc:79] Node 0 dequeues token: [460]
I tensorflow/core/kernels/logging_ops.cc:79] Node 3 dequeues token: [460]
I tensorflow/core/kernels/logging_ops.cc:79] Node 0 dequeues token: [460]
I tensorflow/core/kernels/logging_ops.cc:79] ~~~~~ daniter~~~ GLobalstep:[461][0.0012610826 -2.2650202e-05...]
I tensorflow/core/kernels/logging_ops.cc:79] Node 3 dequeues token: [461]
I tensorflow/core/kernels/logging_ops.cc:79] Node 2 dequeues token: [461]
I tensorflow/core/kernels/logging_ops.cc:79] Node 0 dequeues token: [461]
I tensorflow/core/kernels/logging_ops.cc:79] Node 2 dequeues token: [461]
I tensorflow/core/kernels/logging_ops.cc:79] ~~~~~ daniter~~~ GLobalstep:[462][-0.0003161412 -0.00045937498...]
I tensorflow/core/kernels/logging_ops.cc:79] Node 0 dequeues token: [462]
I tensorflow/core/kernels/logging_ops.cc:79] Node 2 dequeues token: [462]
I tensorflow/core/kernels/logging_ops.cc:79] Node 3 dequeues token: [462]
I tensorflow/core/kernels/logging_ops.cc:79] Node 3 dequeues token: [462]
I tensorflow/core/kernels/logging_ops.cc:79] ~~~~~ daniter~~~ GLobalstep:[463][0.00011469395 -0.00011462969...]
I tensorflow/core/kernels/logging_ops.cc:79] Node 3 dequeues token: [463]
I tensorflow/core/kernels/logging_ops.cc:79] Node 2 dequeues token: [463]
I tensorflow/core/kernels/logging_ops.cc:79] Node 0 dequeues token: [463]
I tensorflow/core/kernels/logging_ops.cc:79] Node 2 dequeues token: [463]
I tensorflow/core/kernels/logging_ops.cc:79] ~~~~~ daniter~~~ GLobalstep:[464][2.8474386e-05 0.00011471714...]
I tensorflow/core/kernels/logging_ops.cc:79] Node 3 dequeues token: [464]
I tensorflow/core/kernels/logging_ops.cc:79] Node 0 dequeues token: [464]
I tensorflow/core/kernels/logging_ops.cc:79] Node 2 dequeues token: [464]
I tensorflow/core/kernels/logging_ops.cc:79] Node 3 dequeues token: [464]
I tensorflow/core/kernels/logging_ops.cc:79] ~~~~~ daniter~~~ GLobalstep:[465][-0.00088063488 0.00032463626...]
I tensorflow/core/kernels/logging_ops.cc:79] Node 2 dequeues token: [465]
I tensorflow/core/kernels/logging_ops.cc:79] Node 0 dequeues token: [465]
I tensorflow/core/kernels/logging_ops.cc:79] Node 3 dequeues token: [465]
I tensorflow/core/kernels/logging_ops.cc:79] Node 2 dequeues token: [465]
I tensorflow/core/kernels/logging_ops.cc:79] ~~~~~ daniter~~~ GLobalstep:[466][-1.7800849e-06 -8.3187726e-05...]
I tensorflow/core/kernels/logging_ops.cc:79] Node 0 dequeues token: [466]
I tensorflow/core/kernels/logging_ops.cc:79] Node 3 dequeues token: [466]
I tensorflow/core/kernels/logging_ops.cc:79] Node 2 dequeues token: [466]
I tensorflow/core/kernels/logging_ops.cc:79] Node 3 dequeues token: [466]
I tensorflow/core/kernels/logging_ops.cc:79] ~~~~~ daniter~~~ GLobalstep:[467][0.00032003966 -0.00031404372...]
I tensorflow/core/kernels/logging_ops.cc:79] Node 2 dequeues token: [467]
I tensorflow/core/kernels/logging_ops.cc:79] Node 0 dequeues token: [467]
I tensorflow/core/kernels/logging_ops.cc:79] Node 3 dequeues token: [467]
I tensorflow/core/kernels/logging_ops.cc:79] Node 0 dequeues token: [467]
I tensorflow/core/kernels/logging_ops.cc:79] ~~~~~ daniter~~~ GLobalstep:[468][0.000110976 -0.0003544566...]
I tensorflow/core/kernels/logging_ops.cc:79] Node 3 dequeues token: [468]
I tensorflow/core/kernels/logging_ops.cc:79] Node 2 dequeues token: [468]
I tensorflow/core/kernels/logging_ops.cc:79] Node 0 dequeues token: [468]
I tensorflow/core/kernels/logging_ops.cc:79] Node 2 dequeues token: [468]
I tensorflow/core/kernels/logging_ops.cc:79] ~~~~~ daniter~~~ GLobalstep:[469][-0.00026227822 0.00021327357...]
I tensorflow/core/kernels/logging_ops.cc:79] Node 0 dequeues token: [469]
I tensorflow/core/kernels/logging_ops.cc:79] Node 3 dequeues token: [469]
I tensorflow/core/kernels/logging_ops.cc:79] Node 2 dequeues token: [469]
I tensorflow/core/kernels/logging_ops.cc:79] Node 3 dequeues token: [469]
I tensorflow/core/kernels/logging_ops.cc:79] ~~~~~ daniter~~~ GLobalstep:[470][0.0010092751 -0.00023119229...]
I tensorflow/core/kernels/logging_ops.cc:79] Node 0 dequeues token: [470]
I tensorflow/core/kernels/logging_ops.cc:79] Node 2 dequeues token: [470]
I tensorflow/core/kernels/logging_ops.cc:79] Node 3 dequeues token: [470]
I tensorflow/core/kernels/logging_ops.cc:79] Node 2 dequeues token: [470]
I tensorflow/core/kernels/logging_ops.cc:79] ~~~~~ daniter~~~ GLobalstep:[471][0.00085089548 0.00056826...]
I tensorflow/core/kernels/logging_ops.cc:79] Node 0 dequeues token: [471]
I tensorflow/core/kernels/logging_ops.cc:79] Node 3 dequeues token: [471]
I tensorflow/core/kernels/logging_ops.cc:79] Node 2 dequeues token: [471]
I tensorflow/core/kernels/logging_ops.cc:79] Node 0 dequeues token: [471]
I tensorflow/core/kernels/logging_ops.cc:79] ~~~~~ daniter~~~ GLobalstep:[472][-0.00067647779 -0.00024965484...]
I tensorflow/core/kernels/logging_ops.cc:79] Node 3 dequeues token: [472]
I tensorflow/core/kernels/logging_ops.cc:79] Node 2 dequeues token: [472]
I tensorflow/core/kernels/logging_ops.cc:79] Node 0 dequeues token: [472]
I tensorflow/core/kernels/logging_ops.cc:79] Node 3 dequeues token: [472]
I tensorflow/core/kernels/logging_ops.cc:79] ~~~~~ daniter~~~ GLobalstep:[473][-0.00041565811 -0.00018883476...]
I tensorflow/core/kernels/logging_ops.cc:79] Node 2 dequeues token: [473]
I tensorflow/core/kernels/logging_ops.cc:79] Node 0 dequeues token: [473]
I tensorflow/core/kernels/logging_ops.cc:79] Node 3 dequeues token: [473]
I tensorflow/core/kernels/logging_ops.cc:79] Node 2 dequeues token: [473]
I tensorflow/core/kernels/logging_ops.cc:79] ~~~~~ daniter~~~ GLobalstep:[474][-0.00030083128 -5.4048738e-05...]
I tensorflow/core/kernels/logging_ops.cc:79] Node 2 dequeues token: [474]
I tensorflow/core/kernels/logging_ops.cc:79] Node 0 dequeues token: [474]
I tensorflow/core/kernels/logging_ops.cc:79] Node 3 dequeues token: [474]
I tensorflow/core/kernels/logging_ops.cc:79] Node 3 dequeues token: [474]
I tensorflow/core/kernels/logging_ops.cc:79] ~~~~~ daniter~~~ GLobalstep:[475][-0.00051839557 0.00037564756...]
I tensorflow/core/kernels/logging_ops.cc:79] Node 2 dequeues token: [475]
I tensorflow/core/kernels/logging_ops.cc:79] Node 3 dequeues token: [475]
I tensorflow/core/kernels/logging_ops.cc:79] Node 0 dequeues token: [475]
I tensorflow/core/kernels/logging_ops.cc:79] Node 0 dequeues token: [475]
I tensorflow/core/kernels/logging_ops.cc:79] ~~~~~ daniter~~~ GLobalstep:[476][-0.0002706403 -0.00022979156...]
I tensorflow/core/kernels/logging_ops.cc:79] Node 2 dequeues token: [476]
I tensorflow/core/kernels/logging_ops.cc:79] Node 0 dequeues token: [476]
I tensorflow/core/kernels/logging_ops.cc:79] Node 3 dequeues token: [476]
I tensorflow/core/kernels/logging_ops.cc:79] Node 3 dequeues token: [476]
I tensorflow/core/kernels/logging_ops.cc:79] ~~~~~ daniter~~~ GLobalstep:[477][7.7009827e-05 -0.00019205757...]
I tensorflow/core/kernels/logging_ops.cc:79] Node 3 dequeues token: [477]
I tensorflow/core/kernels/logging_ops.cc:79] Node 0 dequeues token: [477]
I tensorflow/core/kernels/logging_ops.cc:79] Node 2 dequeues token: [477]
I tensorflow/core/kernels/logging_ops.cc:79] Node 2 dequeues token: [477]
I tensorflow/core/kernels/logging_ops.cc:79] ~~~~~ daniter~~~ GLobalstep:[478][-0.00024798827 -0.00047728259...]
I tensorflow/core/kernels/logging_ops.cc:79] Node 3 dequeues token: [478]
I tensorflow/core/kernels/logging_ops.cc:79] Node 2 dequeues token: [478]
I tensorflow/core/kernels/logging_ops.cc:79] Node 0 dequeues token: [478]
I tensorflow/core/kernels/logging_ops.cc:79] Node 3 dequeues token: [478]
I tensorflow/core/kernels/logging_ops.cc:79] ~~~~~ daniter~~~ GLobalstep:[479][0.00030909202 0.0010303005...]
I tensorflow/core/kernels/logging_ops.cc:79] Node 2 dequeues token: [479]
I tensorflow/core/kernels/logging_ops.cc:79] Node 0 dequeues token: [479]
I tensorflow/core/kernels/logging_ops.cc:79] Node 3 dequeues token: [479]
I tensorflow/core/kernels/logging_ops.cc:79] Node 0 dequeues token: [479]
I tensorflow/core/kernels/logging_ops.cc:79] ~~~~~ daniter~~~ GLobalstep:[480][-0.00071824924 0.00051264372...]
I tensorflow/core/kernels/logging_ops.cc:79] Node 0 dequeues token: [480]
I tensorflow/core/kernels/logging_ops.cc:79] Node 3 dequeues token: [480]
I tensorflow/core/kernels/logging_ops.cc:79] Node 2 dequeues token: [480]
I tensorflow/core/kernels/logging_ops.cc:79] Node 2 dequeues token: [480]
I tensorflow/core/kernels/logging_ops.cc:79] ~~~~~ daniter~~~ GLobalstep:[481][0.00035653051 0.00080726296...]
I tensorflow/core/kernels/logging_ops.cc:79] Node 3 dequeues token: [481]
I tensorflow/core/kernels/logging_ops.cc:79] Node 0 dequeues token: [481]
I tensorflow/core/kernels/logging_ops.cc:79] Node 2 dequeues token: [481]
I tensorflow/core/kernels/logging_ops.cc:79] Node 3 dequeues token: [481]
I tensorflow/core/kernels/logging_ops.cc:79] ~~~~~ daniter~~~ GLobalstep:[482][-0.00068744121 0.00012340408...]
I tensorflow/core/kernels/logging_ops.cc:79] Node 0 dequeues token: [482]
I tensorflow/core/kernels/logging_ops.cc:79] Node 2 dequeues token: [482]
I tensorflow/core/kernels/logging_ops.cc:79] Node 3 dequeues token: [482]
I tensorflow/core/kernels/logging_ops.cc:79] Node 2 dequeues token: [482]
I tensorflow/core/kernels/logging_ops.cc:79] ~~~~~ daniter~~~ GLobalstep:[483][-9.8394608e-05 0.00031758382...]
I tensorflow/core/kernels/logging_ops.cc:79] Node 3 dequeues token: [483]
I tensorflow/core/kernels/logging_ops.cc:79] Node 2 dequeues token: [483]
I tensorflow/core/kernels/logging_ops.cc:79] Node 0 dequeues token: [483]
I tensorflow/core/kernels/logging_ops.cc:79] Node 0 dequeues token: [483]
I tensorflow/core/kernels/logging_ops.cc:79] ~~~~~ daniter~~~ GLobalstep:[484][-0.00051413797 -0.00013099273...]
I tensorflow/core/kernels/logging_ops.cc:79] Node 3 dequeues token: [484]
I tensorflow/core/kernels/logging_ops.cc:79] Node 0 dequeues token: [484]
I tensorflow/core/kernels/logging_ops.cc:79] Node 2 dequeues token: [484]
I tensorflow/core/kernels/logging_ops.cc:79] Node 3 dequeues token: [484]
I tensorflow/core/kernels/logging_ops.cc:79] ~~~~~ daniter~~~ GLobalstep:[485][0.00052529876 0.00025783034...]
I tensorflow/core/kernels/logging_ops.cc:79] Node 2 dequeues token: [485]
I tensorflow/core/kernels/logging_ops.cc:79] Node 0 dequeues token: [485]
I tensorflow/core/kernels/logging_ops.cc:79] Node 3 dequeues token: [485]
I tensorflow/core/kernels/logging_ops.cc:79] Node 0 dequeues token: [485]
I tensorflow/core/kernels/logging_ops.cc:79] ~~~~~ daniter~~~ GLobalstep:[486][-0.00051597529 -2.2956025e-05...]
I tensorflow/core/kernels/logging_ops.cc:79] Node 2 dequeues token: [486]
I tensorflow/core/kernels/logging_ops.cc:79] Node 3 dequeues token: [486]
I tensorflow/core/kernels/logging_ops.cc:79] Node 0 dequeues token: [486]
I tensorflow/core/kernels/logging_ops.cc:79] Node 3 dequeues token: [486]
I tensorflow/core/kernels/logging_ops.cc:79] ~~~~~ daniter~~~ GLobalstep:[487][0.00055836706 -0.00032308078...]
I tensorflow/core/kernels/logging_ops.cc:79] Node 0 dequeues token: [487]
I tensorflow/core/kernels/logging_ops.cc:79] Node 2 dequeues token: [487]
I tensorflow/core/kernels/logging_ops.cc:79] Node 3 dequeues token: [487]
I tensorflow/core/kernels/logging_ops.cc:79] Node 2 dequeues token: [487]
I tensorflow/core/kernels/logging_ops.cc:79] ~~~~~ daniter~~~ GLobalstep:[488][-0.00065366278 -8.8591019e-05...]
I tensorflow/core/kernels/logging_ops.cc:79] Node 2 dequeues token: [488]
I tensorflow/core/kernels/logging_ops.cc:79] Node 3 dequeues token: [488]
I tensorflow/core/kernels/logging_ops.cc:79] Node 0 dequeues token: [488]
I tensorflow/core/kernels/logging_ops.cc:79] Node 3 dequeues token: [488]
I tensorflow/core/kernels/logging_ops.cc:79] ~~~~~ daniter~~~ GLobalstep:[489][-0.0008493159 8.0269194e-05...]
I tensorflow/core/kernels/logging_ops.cc:79] Node 0 dequeues token: [489]
I tensorflow/core/kernels/logging_ops.cc:79] Node 3 dequeues token: [489]
I tensorflow/core/kernels/logging_ops.cc:79] Node 2 dequeues token: [489]
I tensorflow/core/kernels/logging_ops.cc:79] Node 2 dequeues token: [489]
I tensorflow/core/kernels/logging_ops.cc:79] ~~~~~ daniter~~~ GLobalstep:[490][-9.3314869e-05 -0.00023131198...]
I tensorflow/core/kernels/logging_ops.cc:79] Node 2 dequeues token: [490]
I tensorflow/core/kernels/logging_ops.cc:79] Node 0 dequeues token: [490]
I tensorflow/core/kernels/logging_ops.cc:79] Node 3 dequeues token: [490]
I tensorflow/core/kernels/logging_ops.cc:79] Node 3 dequeues token: [490]
I tensorflow/core/kernels/logging_ops.cc:79] ~~~~~ daniter~~~ GLobalstep:[491][-7.4095326e-05 0.0002099346...]
I tensorflow/core/kernels/logging_ops.cc:79] Node 0 dequeues token: [491]
I tensorflow/core/kernels/logging_ops.cc:79] Node 2 dequeues token: [491]
I tensorflow/core/kernels/logging_ops.cc:79] Node 3 dequeues token: [491]
I tensorflow/core/kernels/logging_ops.cc:79] Node 2 dequeues token: [491]
I tensorflow/core/kernels/logging_ops.cc:79] ~~~~~ daniter~~~ GLobalstep:[492][0.0010658877 0.0015604221...]
I tensorflow/core/kernels/logging_ops.cc:79] Node 0 dequeues token: [492]
I tensorflow/core/kernels/logging_ops.cc:79] Node 3 dequeues token: [492]
I tensorflow/core/kernels/logging_ops.cc:79] Node 2 dequeues token: [492]
I tensorflow/core/kernels/logging_ops.cc:79] Node 0 dequeues token: [492]
I tensorflow/core/kernels/logging_ops.cc:79] ~~~~~ daniter~~~ GLobalstep:[493][-0.0014252528 -0.00020863482...]
I tensorflow/core/kernels/logging_ops.cc:79] Node 0 dequeues token: [493]
I tensorflow/core/kernels/logging_ops.cc:79] Node 2 dequeues token: [493]
I tensorflow/core/kernels/logging_ops.cc:79] Node 3 dequeues token: [493]
I tensorflow/core/kernels/logging_ops.cc:79] Node 2 dequeues token: [493]
I tensorflow/core/kernels/logging_ops.cc:79] ~~~~~ daniter~~~ GLobalstep:[494][-0.00086686003 -0.00025982686...]
I tensorflow/core/kernels/logging_ops.cc:79] Node 3 dequeues token: [494]
I tensorflow/core/kernels/logging_ops.cc:79] Node 0 dequeues token: [494]
I tensorflow/core/kernels/logging_ops.cc:79] Node 2 dequeues token: [494]
I tensorflow/core/kernels/logging_ops.cc:79] Node 0 dequeues token: [494]
I tensorflow/core/kernels/logging_ops.cc:79] ~~~~~ daniter~~~ GLobalstep:[495][0.00026930994 0.00053930515...]
I tensorflow/core/kernels/logging_ops.cc:79] Node 2 dequeues token: [495]
I tensorflow/core/kernels/logging_ops.cc:79] Node 3 dequeues token: [495]
I tensorflow/core/kernels/logging_ops.cc:79] Node 0 dequeues token: [495]
I tensorflow/core/kernels/logging_ops.cc:79] Node 3 dequeues token: [495]
I tensorflow/core/kernels/logging_ops.cc:79] ~~~~~ daniter~~~ GLobalstep:[496][-0.00014712992 -0.00025840849...]
I tensorflow/core/kernels/logging_ops.cc:79] Node 0 dequeues token: [496]
I tensorflow/core/kernels/logging_ops.cc:79] Node 2 dequeues token: [496]
I tensorflow/core/kernels/logging_ops.cc:79] Node 3 dequeues token: [496]
I tensorflow/core/kernels/logging_ops.cc:79] Node 2 dequeues token: [496]
I tensorflow/core/kernels/logging_ops.cc:79] ~~~~~ daniter~~~ GLobalstep:[497][0.00019221095 0.00035778631...]
I tensorflow/core/kernels/logging_ops.cc:79] Node 2 dequeues token: [497]
I tensorflow/core/kernels/logging_ops.cc:79] Node 0 dequeues token: [497]
I tensorflow/core/kernels/logging_ops.cc:79] Node 3 dequeues token: [497]
I tensorflow/core/kernels/logging_ops.cc:79] Node 3 dequeues token: [497]
I tensorflow/core/kernels/logging_ops.cc:79] ~~~~~ daniter~~~ GLobalstep:[498][0.00064755819 0.00026528252...]
I tensorflow/core/kernels/logging_ops.cc:79] Node 2 dequeues token: [498]
I tensorflow/core/kernels/logging_ops.cc:79] Node 0 dequeues token: [498]
I tensorflow/core/kernels/logging_ops.cc:79] Node 3 dequeues token: [498]
I tensorflow/core/kernels/logging_ops.cc:79] Node 2 dequeues token: [498]
I tensorflow/core/kernels/logging_ops.cc:79] ~~~~~ daniter~~~ GLobalstep:[499][0.00046308935 -0.00021545423...]
I tensorflow/core/kernels/logging_ops.cc:79] Node 3 dequeues token: [499]
I tensorflow/core/kernels/logging_ops.cc:79] Node 0 dequeues token: [499]
I tensorflow/core/kernels/logging_ops.cc:79] Node 2 dequeues token: [499]
I tensorflow/core/kernels/logging_ops.cc:79] Node 3 dequeues token: [499]
I tensorflow/core/kernels/logging_ops.cc:79] ~~~~~ daniter~~~ GLobalstep:[500][-0.00061351981 0.0003500701...]
I tensorflow/core/kernels/logging_ops.cc:79] Node 3 dequeues token: [500]
I tensorflow/core/kernels/logging_ops.cc:79] Node 2 dequeues token: [500]
I tensorflow/core/kernels/logging_ops.cc:79] Node 0 dequeues token: [500]
I tensorflow/core/kernels/logging_ops.cc:79] Node 0 dequeues token: [500]
I tensorflow/core/kernels/logging_ops.cc:79] ~~~~~ daniter~~~ GLobalstep:[501][-0.00022330011 0.00011268198...]
I tensorflow/core/kernels/logging_ops.cc:79] Node 3 dequeues token: [501]
I tensorflow/core/kernels/logging_ops.cc:79] Node 2 dequeues token: [501]
I tensorflow/core/kernels/logging_ops.cc:79] Node 0 dequeues token: [501]
I tensorflow/core/kernels/logging_ops.cc:79] Node 2 dequeues token: [501]
I tensorflow/core/kernels/logging_ops.cc:79] ~~~~~ daniter~~~ GLobalstep:[502][0.00088122574 1.167049e-05...]
I tensorflow/core/kernels/logging_ops.cc:79] Node 3 dequeues token: [502]
I tensorflow/core/kernels/logging_ops.cc:79] Node 0 dequeues token: [502]
I tensorflow/core/kernels/logging_ops.cc:79] Node 2 dequeues token: [502]
I tensorflow/core/kernels/logging_ops.cc:79] Node 3 dequeues token: [502]
I tensorflow/core/kernels/logging_ops.cc:79] ~~~~~ daniter~~~ GLobalstep:[503][-0.0006968024 0.00046272203...]
I tensorflow/core/kernels/logging_ops.cc:79] Node 0 dequeues token: [503]
I tensorflow/core/kernels/logging_ops.cc:79] Node 2 dequeues token: [503]
I tensorflow/core/kernels/logging_ops.cc:79] Node 3 dequeues token: [503]
I tensorflow/core/kernels/logging_ops.cc:79] Node 0 dequeues token: [503]
I tensorflow/core/kernels/logging_ops.cc:79] ~~~~~ daniter~~~ GLobalstep:[504][-0.00070027262 -0.00018021264...]
I tensorflow/core/kernels/logging_ops.cc:79] Node 0 dequeues token: [504]
I tensorflow/core/kernels/logging_ops.cc:79] Node 2 dequeues token: [504]
I tensorflow/core/kernels/logging_ops.cc:79] Node 3 dequeues token: [504]
I tensorflow/core/kernels/logging_ops.cc:79] Node 2 dequeues token: [504]
I tensorflow/core/kernels/logging_ops.cc:79] ~~~~~ daniter~~~ GLobalstep:[505][0.00029569457 -0.00011333381...]
I tensorflow/core/kernels/logging_ops.cc:79] Node 3 dequeues token: [505]
I tensorflow/core/kernels/logging_ops.cc:79] Node 0 dequeues token: [505]
I tensorflow/core/kernels/logging_ops.cc:79] Node 2 dequeues token: [505]
I tensorflow/core/kernels/logging_ops.cc:79] Node 3 dequeues token: [505]
I tensorflow/core/kernels/logging_ops.cc:79] ~~~~~ daniter~~~ GLobalstep:[506][5.5471523e-05 -0.00015834832...]
I tensorflow/core/kernels/logging_ops.cc:79] Node 3 dequeues token: [506]
I tensorflow/core/kernels/logging_ops.cc:79] Node 0 dequeues token: [506]
I tensorflow/core/kernels/logging_ops.cc:79] Node 2 dequeues token: [506]
I tensorflow/core/kernels/logging_ops.cc:79] Node 0 dequeues token: [506]
I tensorflow/core/kernels/logging_ops.cc:79] ~~~~~ daniter~~~ GLobalstep:[507][0.00040966389 0.00036283844...]
I tensorflow/core/kernels/logging_ops.cc:79] Node 2 dequeues token: [507]
I tensorflow/core/kernels/logging_ops.cc:79] Node 0 dequeues token: [507]
I tensorflow/core/kernels/logging_ops.cc:79] Node 3 dequeues token: [507]
I tensorflow/core/kernels/logging_ops.cc:79] Node 2 dequeues token: [507]
I tensorflow/core/kernels/logging_ops.cc:79] ~~~~~ daniter~~~ GLobalstep:[508][-0.00084425503 -0.00032538...]
I tensorflow/core/kernels/logging_ops.cc:79] Node 3 dequeues token: [508]
I tensorflow/core/kernels/logging_ops.cc:79] Node 0 dequeues token: [508]
I tensorflow/core/kernels/logging_ops.cc:79] Node 2 dequeues token: [508]
I tensorflow/core/kernels/logging_ops.cc:79] Node 0 dequeues token: [508]
I tensorflow/core/kernels/logging_ops.cc:79] ~~~~~ daniter~~~ GLobalstep:[509][-0.00033198137 -2.2166438e-05...]
I tensorflow/core/kernels/logging_ops.cc:79] Node 0 dequeues token: [509]
I tensorflow/core/kernels/logging_ops.cc:79] Node 2 dequeues token: [509]
I tensorflow/core/kernels/logging_ops.cc:79] Node 3 dequeues token: [509]
I tensorflow/core/kernels/logging_ops.cc:79] Node 2 dequeues token: [509]
I tensorflow/core/kernels/logging_ops.cc:79] ~~~~~ daniter~~~ GLobalstep:[510][0.00058668538 1.1864679e-05...]
I tensorflow/core/kernels/logging_ops.cc:79] Node 0 dequeues token: [510]
I tensorflow/core/kernels/logging_ops.cc:79] Node 3 dequeues token: [510]
I tensorflow/core/kernels/logging_ops.cc:79] Node 2 dequeues token: [510]
I tensorflow/core/kernels/logging_ops.cc:79] Node 3 dequeues token: [510]
I tensorflow/core/kernels/logging_ops.cc:79] ~~~~~ daniter~~~ GLobalstep:[511][0.00037871965 -7.0544891e-05...]
I tensorflow/core/kernels/logging_ops.cc:79] Node 0 dequeues token: [511]
I tensorflow/core/kernels/logging_ops.cc:79] Node 2 dequeues token: [511]
I tensorflow/core/kernels/logging_ops.cc:79] Node 3 dequeues token: [511]
I tensorflow/core/kernels/logging_ops.cc:79] Node 2 dequeues token: [511]
I tensorflow/core/kernels/logging_ops.cc:79] ~~~~~ daniter~~~ GLobalstep:[512][-0.00021033963 0.00028161902...]
I tensorflow/core/kernels/logging_ops.cc:79] Node 0 dequeues token: [512]
I tensorflow/core/kernels/logging_ops.cc:79] Node 2 dequeues token: [512]
I tensorflow/core/kernels/logging_ops.cc:79] Node 3 dequeues token: [512]
I tensorflow/core/kernels/logging_ops.cc:79] Node 3 dequeues token: [512]
I tensorflow/core/kernels/logging_ops.cc:79] ~~~~~ daniter~~~ GLobalstep:[513][-0.00018372419 -0.00028864032...]
I tensorflow/core/kernels/logging_ops.cc:79] Node 3 dequeues token: [513]
I tensorflow/core/kernels/logging_ops.cc:79] Node 2 dequeues token: [513]
I tensorflow/core/kernels/logging_ops.cc:79] Node 0 dequeues token: [513]
I tensorflow/core/kernels/logging_ops.cc:79] Node 2 dequeues token: [513]
I tensorflow/core/kernels/logging_ops.cc:79] ~~~~~ daniter~~~ GLobalstep:[514][0.0002800948 3.5215257e-05...]
I tensorflow/core/kernels/logging_ops.cc:79] Node 0 dequeues token: [514]
I tensorflow/core/kernels/logging_ops.cc:79] Node 3 dequeues token: [514]
I tensorflow/core/kernels/logging_ops.cc:79] Node 2 dequeues token: [514]
I tensorflow/core/kernels/logging_ops.cc:79] Node 0 dequeues token: [514]
I tensorflow/core/kernels/logging_ops.cc:79] ~~~~~ daniter~~~ GLobalstep:[515][0.0013916746 0.0012794081...]
I tensorflow/core/kernels/logging_ops.cc:79] Node 3 dequeues token: [514]
I tensorflow/core/kernels/logging_ops.cc:79] Node 2 dequeues token: [514]
I tensorflow/core/kernels/logging_ops.cc:79] Node 0 dequeues token: [514]
I tensorflow/core/kernels/logging_ops.cc:79] Node 2 dequeues token: [514]
I tensorflow/core/kernels/logging_ops.cc:79] ~~~~~ daniter~~~ GLobalstep:[516][-0.00089321146 -0.00064722693...]
I tensorflow/core/kernels/logging_ops.cc:79] Node 2 dequeues token: [516]
I tensorflow/core/kernels/logging_ops.cc:79] Node 3 dequeues token: [516]
I tensorflow/core/kernels/logging_ops.cc:79] Node 0 dequeues token: [516]
I tensorflow/core/kernels/logging_ops.cc:79] Node 3 dequeues token: [516]
I tensorflow/core/kernels/logging_ops.cc:79] ~~~~~ daniter~~~ GLobalstep:[517][0.00084266649 0.00011664613...]
I tensorflow/core/kernels/logging_ops.cc:79] Node 0 dequeues token: [517]
I tensorflow/core/kernels/logging_ops.cc:79] Node 3 dequeues token: [517]
I tensorflow/core/kernels/logging_ops.cc:79] Node 2 dequeues token: [517]
I tensorflow/core/kernels/logging_ops.cc:79] Node 3 dequeues token: [517]
I tensorflow/core/kernels/logging_ops.cc:79] ~~~~~ daniter~~~ GLobalstep:[518][-0.00026936221 -0.00057406659...]
I tensorflow/core/kernels/logging_ops.cc:79] Node 2 dequeues token: [518]
I tensorflow/core/kernels/logging_ops.cc:79] Node 0 dequeues token: [518]
I tensorflow/core/kernels/logging_ops.cc:79] Node 3 dequeues token: [518]
I tensorflow/core/kernels/logging_ops.cc:79] Node 0 dequeues token: [518]
I tensorflow/core/kernels/logging_ops.cc:79] ~~~~~ daniter~~~ GLobalstep:[519][-9.2567388e-06 0.0001498272...]
I tensorflow/core/kernels/logging_ops.cc:79] Node 2 dequeues token: [519]
I tensorflow/core/kernels/logging_ops.cc:79] Node 3 dequeues token: [519]
I tensorflow/core/kernels/logging_ops.cc:79] Node 0 dequeues token: [519]
I tensorflow/core/kernels/logging_ops.cc:79] Node 3 dequeues token: [519]
I tensorflow/core/kernels/logging_ops.cc:79] ~~~~~ daniter~~~ GLobalstep:[520][-1.4872265e-05 -0.0010186749...]
I tensorflow/core/kernels/logging_ops.cc:79] Node 2 dequeues token: [520]
I tensorflow/core/kernels/logging_ops.cc:79] Node 3 dequeues token: [520]
I tensorflow/core/kernels/logging_ops.cc:79] Node 0 dequeues token: [520]
I tensorflow/core/kernels/logging_ops.cc:79] Node 0 dequeues token: [520]
I tensorflow/core/kernels/logging_ops.cc:79] ~~~~~ daniter~~~ GLobalstep:[521][-0.00024917256 0.00031730617...]
I tensorflow/core/kernels/logging_ops.cc:79] Node 0 dequeues token: [521]
I tensorflow/core/kernels/logging_ops.cc:79] Node 3 dequeues token: [521]
I tensorflow/core/kernels/logging_ops.cc:79] Node 2 dequeues token: [521]
I tensorflow/core/kernels/logging_ops.cc:79] Node 3 dequeues token: [521]
I tensorflow/core/kernels/logging_ops.cc:79] ~~~~~ daniter~~~ GLobalstep:[522][0.00025107223 0.00035666407...]
I tensorflow/core/kernels/logging_ops.cc:79] Node 2 dequeues token: [522]
I tensorflow/core/kernels/logging_ops.cc:79] Node 3 dequeues token: [522]
I tensorflow/core/kernels/logging_ops.cc:79] Node 0 dequeues token: [522]
I tensorflow/core/kernels/logging_ops.cc:79] Node 0 dequeues token: [522]
I tensorflow/core/kernels/logging_ops.cc:79] ~~~~~ daniter~~~ GLobalstep:[523][0.00058433966 -0.00018071388...]
I tensorflow/core/kernels/logging_ops.cc:79] Node 2 dequeues token: [523]
I tensorflow/core/kernels/logging_ops.cc:79] Node 3 dequeues token: [523]
I tensorflow/core/kernels/logging_ops.cc:79] Node 0 dequeues token: [523]
I tensorflow/core/kernels/logging_ops.cc:79] Node 3 dequeues token: [523]
I tensorflow/core/kernels/logging_ops.cc:79] ~~~~~ daniter~~~ GLobalstep:[524][0.00048739184 0.00038476154...]
I tensorflow/core/kernels/logging_ops.cc:79] Node 2 dequeues token: [524]
I tensorflow/core/kernels/logging_ops.cc:79] Node 3 dequeues token: [524]
I tensorflow/core/kernels/logging_ops.cc:79] Node 0 dequeues token: [524]
I tensorflow/core/kernels/logging_ops.cc:79] Node 0 dequeues token: [524]
I tensorflow/core/kernels/logging_ops.cc:79] ~~~~~ daniter~~~ GLobalstep:[525][0.00019704452 -2.8538605e-05...]
I tensorflow/core/kernels/logging_ops.cc:79] Node 2 dequeues token: [525]
I tensorflow/core/kernels/logging_ops.cc:79] Node 3 dequeues token: [525]
I tensorflow/core/kernels/logging_ops.cc:79] Node 0 dequeues token: [525]
I tensorflow/core/kernels/logging_ops.cc:79] Node 3 dequeues token: [525]
I tensorflow/core/kernels/logging_ops.cc:79] ~~~~~ daniter~~~ GLobalstep:[526][0.00067320833 0.00043783904...]
I tensorflow/core/kernels/logging_ops.cc:79] Node 2 dequeues token: [526]
I tensorflow/core/kernels/logging_ops.cc:79] Node 3 dequeues token: [526]
I tensorflow/core/kernels/logging_ops.cc:79] Node 0 dequeues token: [526]
I tensorflow/core/kernels/logging_ops.cc:79] Node 0 dequeues token: [526]
I tensorflow/core/kernels/logging_ops.cc:79] ~~~~~ daniter~~~ GLobalstep:[527][-0.00022701401 -0.00030186167...]
I tensorflow/core/kernels/logging_ops.cc:79] Node 2 dequeues token: [527]
I tensorflow/core/kernels/logging_ops.cc:79] Node 0 dequeues token: [527]
I tensorflow/core/kernels/logging_ops.cc:79] Node 3 dequeues token: [527]
I tensorflow/core/kernels/logging_ops.cc:79] Node 2 dequeues token: [527]
I tensorflow/core/kernels/logging_ops.cc:79] ~~~~~ daniter~~~ GLobalstep:[528][-0.0006734365 -2.4361507e-05...]
I tensorflow/core/kernels/logging_ops.cc:79] Node 0 dequeues token: [528]
I tensorflow/core/kernels/logging_ops.cc:79] Node 3 dequeues token: [528]
I tensorflow/core/kernels/logging_ops.cc:79] Node 2 dequeues token: [528]
I tensorflow/core/kernels/logging_ops.cc:79] Node 0 dequeues token: [528]
I tensorflow/core/kernels/logging_ops.cc:79] ~~~~~ daniter~~~ GLobalstep:[529][-0.00051864469 0.00040658072...]
I tensorflow/core/kernels/logging_ops.cc:79] Node 2 dequeues token: [529]
I tensorflow/core/kernels/logging_ops.cc:79] Node 0 dequeues token: [529]
I tensorflow/core/kernels/logging_ops.cc:79] Node 3 dequeues token: [529]
I tensorflow/core/kernels/logging_ops.cc:79] Node 2 dequeues token: [529]
I tensorflow/core/kernels/logging_ops.cc:79] ~~~~~ daniter~~~ GLobalstep:[530][0.00029757505 0.00016004163...]
I tensorflow/core/kernels/logging_ops.cc:79] Node 2 dequeues token: [530]
I tensorflow/core/kernels/logging_ops.cc:79] Node 0 dequeues token: [530]
I tensorflow/core/kernels/logging_ops.cc:79] Node 3 dequeues token: [530]
I tensorflow/core/kernels/logging_ops.cc:79] Node 0 dequeues token: [530]
I tensorflow/core/kernels/logging_ops.cc:79] ~~~~~ daniter~~~ GLobalstep:[531][-0.0012065273 0.00033567593...]
I tensorflow/core/kernels/logging_ops.cc:79] Node 0 dequeues token: [531]
I tensorflow/core/kernels/logging_ops.cc:79] Node 2 dequeues token: [531]
I tensorflow/core/kernels/logging_ops.cc:79] Node 3 dequeues token: [531]
I tensorflow/core/kernels/logging_ops.cc:79] Node 2 dequeues token: [531]
I tensorflow/core/kernels/logging_ops.cc:79] ~~~~~ daniter~~~ GLobalstep:[532][4.2500058e-05 -0.00034020495...]
I tensorflow/core/kernels/logging_ops.cc:79] Node 3 dequeues token: [532]
I tensorflow/core/kernels/logging_ops.cc:79] Node 0 dequeues token: [532]
I tensorflow/core/kernels/logging_ops.cc:79] Node 2 dequeues token: [532]
I tensorflow/core/kernels/logging_ops.cc:79] Node 0 dequeues token: [532]
I tensorflow/core/kernels/logging_ops.cc:79] ~~~~~ daniter~~~ GLobalstep:[533][0.00045802569 0.00083276868...]
I tensorflow/core/kernels/logging_ops.cc:79] Node 0 dequeues token: [533]
I tensorflow/core/kernels/logging_ops.cc:79] Node 2 dequeues token: [533]
I tensorflow/core/kernels/logging_ops.cc:79] Node 3 dequeues token: [533]
I tensorflow/core/kernels/logging_ops.cc:79] Node 3 dequeues token: [533]
I tensorflow/core/kernels/logging_ops.cc:79] ~~~~~ daniter~~~ GLobalstep:[534][-0.00080622494 0.00044334494...]
I tensorflow/core/kernels/logging_ops.cc:79] Node 2 dequeues token: [534]
I tensorflow/core/kernels/logging_ops.cc:79] Node 3 dequeues token: [534]
I tensorflow/core/kernels/logging_ops.cc:79] Node 0 dequeues token: [534]
I tensorflow/core/kernels/logging_ops.cc:79] Node 2 dequeues token: [534]
I tensorflow/core/kernels/logging_ops.cc:79] ~~~~~ daniter~~~ GLobalstep:[535][-0.00054193556 0.00023900313...]
I tensorflow/core/kernels/logging_ops.cc:79] Node 2 dequeues token: [535]
I tensorflow/core/kernels/logging_ops.cc:79] Node 3 dequeues token: [535]
I tensorflow/core/kernels/logging_ops.cc:79] Node 0 dequeues token: [535]
I tensorflow/core/kernels/logging_ops.cc:79] Node 0 dequeues token: [535]
I tensorflow/core/kernels/logging_ops.cc:79] ~~~~~ daniter~~~ GLobalstep:[536][0.000620742 -0.00064674712...]
I tensorflow/core/kernels/logging_ops.cc:79] Node 0 dequeues token: [536]
I tensorflow/core/kernels/logging_ops.cc:79] Node 2 dequeues token: [536]
I tensorflow/core/kernels/logging_ops.cc:79] Node 3 dequeues token: [536]
I tensorflow/core/kernels/logging_ops.cc:79] Node 2 dequeues token: [536]
I tensorflow/core/kernels/logging_ops.cc:79] ~~~~~ daniter~~~ GLobalstep:[537][-0.0010843707 0.00027204218...]
I tensorflow/core/kernels/logging_ops.cc:79] Node 3 dequeues token: [537]
I tensorflow/core/kernels/logging_ops.cc:79] Node 2 dequeues token: [537]
I tensorflow/core/kernels/logging_ops.cc:79] Node 0 dequeues token: [537]
I tensorflow/core/kernels/logging_ops.cc:79] Node 3 dequeues token: [537]
I tensorflow/core/kernels/logging_ops.cc:79] ~~~~~ daniter~~~ GLobalstep:[538][0.0011621742 -0.00012432545...]
I tensorflow/core/kernels/logging_ops.cc:79] Node 3 dequeues token: [538]
I tensorflow/core/kernels/logging_ops.cc:79] Node 0 dequeues token: [538]
I tensorflow/core/kernels/logging_ops.cc:79] Node 2 dequeues token: [538]
I tensorflow/core/kernels/logging_ops.cc:79] Node 0 dequeues token: [538]
I tensorflow/core/kernels/logging_ops.cc:79] ~~~~~ daniter~~~ GLobalstep:[539][0.00061451859 -0.00012470403...]
I tensorflow/core/kernels/logging_ops.cc:79] Node 2 dequeues token: [539]
I tensorflow/core/kernels/logging_ops.cc:79] Node 3 dequeues token: [539]
I tensorflow/core/kernels/logging_ops.cc:79] Node 0 dequeues token: [539]
I tensorflow/core/kernels/logging_ops.cc:79] Node 3 dequeues token: [539]
I tensorflow/core/kernels/logging_ops.cc:79] ~~~~~ daniter~~~ GLobalstep:[540][-0.00016589514 -0.00011653451...]
I tensorflow/core/kernels/logging_ops.cc:79] Node 2 dequeues token: [540]
I tensorflow/core/kernels/logging_ops.cc:79] Node 0 dequeues token: [540]
I tensorflow/core/kernels/logging_ops.cc:79] Node 3 dequeues token: [540]
I tensorflow/core/kernels/logging_ops.cc:79] Node 0 dequeues token: [540]
I tensorflow/core/kernels/logging_ops.cc:79] ~~~~~ daniter~~~ GLobalstep:[541][-0.00070321106 -0.00056430855...]
I tensorflow/core/kernels/logging_ops.cc:79] Node 2 dequeues token: [541]
I tensorflow/core/kernels/logging_ops.cc:79] Node 3 dequeues token: [541]
I tensorflow/core/kernels/logging_ops.cc:79] Node 0 dequeues token: [541]
I tensorflow/core/kernels/logging_ops.cc:79] Node 2 dequeues token: [541]
I tensorflow/core/kernels/logging_ops.cc:79] ~~~~~ daniter~~~ GLobalstep:[542][0.0010567202 0.00047193706...]
I tensorflow/core/kernels/logging_ops.cc:79] Node 2 dequeues token: [542]
I tensorflow/core/kernels/logging_ops.cc:79] Node 0 dequeues token: [542]
I tensorflow/core/kernels/logging_ops.cc:79] Node 3 dequeues token: [542]
I tensorflow/core/kernels/logging_ops.cc:79] Node 0 dequeues token: [542]
I tensorflow/core/kernels/logging_ops.cc:79] ~~~~~ daniter~~~ GLobalstep:[543][-0.00022701455 6.5448854e-05...]
I tensorflow/core/kernels/logging_ops.cc:79] Node 2 dequeues token: [543]
I tensorflow/core/kernels/logging_ops.cc:79] Node 0 dequeues token: [543]
I tensorflow/core/kernels/logging_ops.cc:79] Node 3 dequeues token: [543]
I tensorflow/core/kernels/logging_ops.cc:79] Node 3 dequeues token: [543]
I tensorflow/core/kernels/logging_ops.cc:79] ~~~~~ daniter~~~ GLobalstep:[544][-0.00028738694 0.0003632411...]
I tensorflow/core/kernels/logging_ops.cc:79] Node 2 dequeues token: [544]
I tensorflow/core/kernels/logging_ops.cc:79] Node 0 dequeues token: [544]
I tensorflow/core/kernels/logging_ops.cc:79] Node 3 dequeues token: [544]
I tensorflow/core/kernels/logging_ops.cc:79] Node 0 dequeues token: [544]
I tensorflow/core/kernels/logging_ops.cc:79] ~~~~~ daniter~~~ GLobalstep:[545][0.00087628874 0.0011510542...]
I tensorflow/core/kernels/logging_ops.cc:79] Node 3 dequeues token: [545]
I tensorflow/core/kernels/logging_ops.cc:79] Node 2 dequeues token: [545]
I tensorflow/core/kernels/logging_ops.cc:79] Node 0 dequeues token: [545]
I tensorflow/core/kernels/logging_ops.cc:79] Node 2 dequeues token: [545]
I tensorflow/core/kernels/logging_ops.cc:79] ~~~~~ daniter~~~ GLobalstep:[546][7.2199167e-05 -2.2900218e-05...]
I tensorflow/core/kernels/logging_ops.cc:79] Node 2 dequeues token: [546]
I tensorflow/core/kernels/logging_ops.cc:79] Node 0 dequeues token: [546]
I tensorflow/core/kernels/logging_ops.cc:79] Node 3 dequeues token: [546]
I tensorflow/core/kernels/logging_ops.cc:79] Node 3 dequeues token: [546]
I tensorflow/core/kernels/logging_ops.cc:79] ~~~~~ daniter~~~ GLobalstep:[547][-0.0003935454 0.00038769841...]
I tensorflow/core/kernels/logging_ops.cc:79] Node 0 dequeues token: [547]
I tensorflow/core/kernels/logging_ops.cc:79] Node 2 dequeues token: [547]
I tensorflow/core/kernels/logging_ops.cc:79] Node 3 dequeues token: [547]
I tensorflow/core/kernels/logging_ops.cc:79] Node 0 dequeues token: [547]
I tensorflow/core/kernels/logging_ops.cc:79] ~~~~~ daniter~~~ GLobalstep:[548][-8.7716995e-05 0.00056490186...]
I tensorflow/core/kernels/logging_ops.cc:79] Node 3 dequeues token: [548]
I tensorflow/core/kernels/logging_ops.cc:79] Node 0 dequeues token: [548]
I tensorflow/core/kernels/logging_ops.cc:79] Node 2 dequeues token: [548]
I tensorflow/core/kernels/logging_ops.cc:79] Node 3 dequeues token: [548]
I tensorflow/core/kernels/logging_ops.cc:79] ~~~~~ daniter~~~ GLobalstep:[549][0.00011864829 0.00032268895...]
I tensorflow/core/kernels/logging_ops.cc:79] Node 2 dequeues token: [549]
I tensorflow/core/kernels/logging_ops.cc:79] Node 0 dequeues token: [549]
I tensorflow/core/kernels/logging_ops.cc:79] Node 3 dequeues token: [549]
I tensorflow/core/kernels/logging_ops.cc:79] Node 0 dequeues token: [549]
I tensorflow/core/kernels/logging_ops.cc:79] ~~~~~ daniter~~~ GLobalstep:[550][-0.00066461624 0.00032070794...]
I tensorflow/core/kernels/logging_ops.cc:79] Node 0 dequeues token: [550]
I tensorflow/core/kernels/logging_ops.cc:79] Node 3 dequeues token: [550]
I tensorflow/core/kernels/logging_ops.cc:79] Node 2 dequeues token: [550]
I tensorflow/core/kernels/logging_ops.cc:79] Node 2 dequeues token: [550]
I tensorflow/core/kernels/logging_ops.cc:79] ~~~~~ daniter~~~ GLobalstep:[551][-0.00075549219 0.00015802497...]
I tensorflow/core/kernels/logging_ops.cc:79] Node 3 dequeues token: [551]
I tensorflow/core/kernels/logging_ops.cc:79] Node 0 dequeues token: [551]
I tensorflow/core/kernels/logging_ops.cc:79] Node 2 dequeues token: [551]
I tensorflow/core/kernels/logging_ops.cc:79] Node 0 dequeues token: [551]
I tensorflow/core/kernels/logging_ops.cc:79] ~~~~~ daniter~~~ GLobalstep:[552][0.00032447983 0.00078433723...]
I tensorflow/core/kernels/logging_ops.cc:79] Node 3 dequeues token: [552]
I tensorflow/core/kernels/logging_ops.cc:79] Node 0 dequeues token: [552]
I tensorflow/core/kernels/logging_ops.cc:79] Node 2 dequeues token: [552]
I tensorflow/core/kernels/logging_ops.cc:79] Node 2 dequeues token: [552]
I tensorflow/core/kernels/logging_ops.cc:79] ~~~~~ daniter~~~ GLobalstep:[553][-0.0003448966 0.00061481923...]
I tensorflow/core/kernels/logging_ops.cc:79] Node 2 dequeues token: [553]
I tensorflow/core/kernels/logging_ops.cc:79] Node 0 dequeues token: [553]
I tensorflow/core/kernels/logging_ops.cc:79] Node 3 dequeues token: [553]
I tensorflow/core/kernels/logging_ops.cc:79] Node 3 dequeues token: [553]
I tensorflow/core/kernels/logging_ops.cc:79] ~~~~~ daniter~~~ GLobalstep:[554][-0.00044147996 -0.00074286066...]
I tensorflow/core/kernels/logging_ops.cc:79] Node 3 dequeues token: [554]
I tensorflow/core/kernels/logging_ops.cc:79] Node 0 dequeues token: [554]
I tensorflow/core/kernels/logging_ops.cc:79] Node 2 dequeues token: [554]
I tensorflow/core/kernels/logging_ops.cc:79] Node 2 dequeues token: [554]
I tensorflow/core/kernels/logging_ops.cc:79] ~~~~~ daniter~~~ GLobalstep:[555][1.8963561e-05 -0.00074785762...]
I tensorflow/core/kernels/logging_ops.cc:79] Node 2 dequeues token: [555]
I tensorflow/core/kernels/logging_ops.cc:79] Node 0 dequeues token: [555]
I tensorflow/core/kernels/logging_ops.cc:79] Node 3 dequeues token: [555]
I tensorflow/core/kernels/logging_ops.cc:79] Node 0 dequeues token: [555]
I tensorflow/core/kernels/logging_ops.cc:79] ~~~~~ daniter~~~ GLobalstep:[556][0.00018484406 0.0001620705...]
I tensorflow/core/kernels/logging_ops.cc:79] Node 0 dequeues token: [556]
I tensorflow/core/kernels/logging_ops.cc:79] Node 2 dequeues token: [556]
I tensorflow/core/kernels/logging_ops.cc:79] Node 3 dequeues token: [556]
I tensorflow/core/kernels/logging_ops.cc:79] Node 2 dequeues token: [556]
I tensorflow/core/kernels/logging_ops.cc:79] ~~~~~ daniter~~~ GLobalstep:[557][-0.00044212281 2.0637002e-05...]
I tensorflow/core/kernels/logging_ops.cc:79] Node 3 dequeues token: [557]
I tensorflow/core/kernels/logging_ops.cc:79] Node 2 dequeues token: [557]
I tensorflow/core/kernels/logging_ops.cc:79] Node 0 dequeues token: [557]
I tensorflow/core/kernels/logging_ops.cc:79] Node 3 dequeues token: [557]
I tensorflow/core/kernels/logging_ops.cc:79] ~~~~~ daniter~~~ GLobalstep:[558][-0.00079137681 1.8513281e-05...]
I tensorflow/core/kernels/logging_ops.cc:79] Node 2 dequeues token: [558]
I tensorflow/core/kernels/logging_ops.cc:79] Node 3 dequeues token: [558]
I tensorflow/core/kernels/logging_ops.cc:79] Node 0 dequeues token: [558]
I tensorflow/core/kernels/logging_ops.cc:79] Node 2 dequeues token: [558]
I tensorflow/core/kernels/logging_ops.cc:79] ~~~~~ daniter~~~ GLobalstep:[559][-0.00039417221 -0.00028184819...]
I tensorflow/core/kernels/logging_ops.cc:79] Node 3 dequeues token: [559]
I tensorflow/core/kernels/logging_ops.cc:79] Node 0 dequeues token: [559]
I tensorflow/core/kernels/logging_ops.cc:79] Node 2 dequeues token: [559]
I tensorflow/core/kernels/logging_ops.cc:79] Node 3 dequeues token: [559]
I tensorflow/core/kernels/logging_ops.cc:79] ~~~~~ daniter~~~ GLobalstep:[560][-0.00049983943 -0.00055616384...]
I tensorflow/core/kernels/logging_ops.cc:79] Node 3 dequeues token: [560]
I tensorflow/core/kernels/logging_ops.cc:79] Node 2 dequeues token: [560]
I tensorflow/core/kernels/logging_ops.cc:79] Node 0 dequeues token: [560]
I tensorflow/core/kernels/logging_ops.cc:79] Node 0 dequeues token: [560]
I tensorflow/core/kernels/logging_ops.cc:79] ~~~~~ daniter~~~ GLobalstep:[561][-0.00067488308 -0.00014114527...]
I tensorflow/core/kernels/logging_ops.cc:79] Node 3 dequeues token: [561]
I tensorflow/core/kernels/logging_ops.cc:79] Node 2 dequeues token: [561]
I tensorflow/core/kernels/logging_ops.cc:79] Node 0 dequeues token: [561]
I tensorflow/core/kernels/logging_ops.cc:79] Node 2 dequeues token: [561]
I tensorflow/core/kernels/logging_ops.cc:79] ~~~~~ daniter~~~ GLobalstep:[562][-0.00018204242 -0.00061133347...]
I tensorflow/core/kernels/logging_ops.cc:79] Node 2 dequeues token: [562]
I tensorflow/core/kernels/logging_ops.cc:79] Node 0 dequeues token: [562]
I tensorflow/core/kernels/logging_ops.cc:79] Node 3 dequeues token: [562]
I tensorflow/core/kernels/logging_ops.cc:79] Node 3 dequeues token: [562]
I tensorflow/core/kernels/logging_ops.cc:79] ~~~~~ daniter~~~ GLobalstep:[563][-0.00085983577 -0.00068962353...]
I tensorflow/core/kernels/logging_ops.cc:79] Node 3 dequeues token: [563]
I tensorflow/core/kernels/logging_ops.cc:79] Node 0 dequeues token: [563]
I tensorflow/core/kernels/logging_ops.cc:79] Node 2 dequeues token: [563]
I tensorflow/core/kernels/logging_ops.cc:79] Node 2 dequeues token: [563]
I tensorflow/core/kernels/logging_ops.cc:79] ~~~~~ daniter~~~ GLobalstep:[564][-0.000348479 -0.00072097476...]
I tensorflow/core/kernels/logging_ops.cc:79] Node 0 dequeues token: [564]
I tensorflow/core/kernels/logging_ops.cc:79] Node 3 dequeues token: [564]
I tensorflow/core/kernels/logging_ops.cc:79] Node 2 dequeues token: [564]
I tensorflow/core/kernels/logging_ops.cc:79] Node 3 dequeues token: [564]
I tensorflow/core/kernels/logging_ops.cc:79] ~~~~~ daniter~~~ GLobalstep:[565][-0.0002493608 -0.00012891564...]
I tensorflow/core/kernels/logging_ops.cc:79] Node 0 dequeues token: [564]
I tensorflow/core/kernels/logging_ops.cc:79] Node 3 dequeues token: [564]
I tensorflow/core/kernels/logging_ops.cc:79] Node 2 dequeues token: [564]
I tensorflow/core/kernels/logging_ops.cc:79] Node 0 dequeues token: [564]
I tensorflow/core/kernels/logging_ops.cc:79] ~~~~~ daniter~~~ GLobalstep:[566][0.00015115194 -6.8664958e-05...]
I tensorflow/core/kernels/logging_ops.cc:79] Node 0 dequeues token: [566]
I tensorflow/core/kernels/logging_ops.cc:79] Node 2 dequeues token: [566]
I tensorflow/core/kernels/logging_ops.cc:79] Node 3 dequeues token: [566]
I tensorflow/core/kernels/logging_ops.cc:79] Node 2 dequeues token: [566]
I tensorflow/core/kernels/logging_ops.cc:79] ~~~~~ daniter~~~ GLobalstep:[567][0.0004214744 -0.00055198639...]
I tensorflow/core/kernels/logging_ops.cc:79] Node 2 dequeues token: [567]
I tensorflow/core/kernels/logging_ops.cc:79] Node 3 dequeues token: [567]
I tensorflow/core/kernels/logging_ops.cc:79] Node 0 dequeues token: [567]
I tensorflow/core/kernels/logging_ops.cc:79] Node 3 dequeues token: [567]
I tensorflow/core/kernels/logging_ops.cc:79] ~~~~~ daniter~~~ GLobalstep:[568][0.00095878454 0.00085910782...]
I tensorflow/core/kernels/logging_ops.cc:79] Node 3 dequeues token: [568]
I tensorflow/core/kernels/logging_ops.cc:79] Node 2 dequeues token: [568]
I tensorflow/core/kernels/logging_ops.cc:79] Node 0 dequeues token: [568]
I tensorflow/core/kernels/logging_ops.cc:79] Node 0 dequeues token: [568]
I tensorflow/core/kernels/logging_ops.cc:79] ~~~~~ daniter~~~ GLobalstep:[569][0.00053601287 2.3467539e-05...]
I tensorflow/core/kernels/logging_ops.cc:79] Node 2 dequeues token: [569]
I tensorflow/core/kernels/logging_ops.cc:79] Node 3 dequeues token: [569]
I tensorflow/core/kernels/logging_ops.cc:79] Node 0 dequeues token: [569]
I tensorflow/core/kernels/logging_ops.cc:79] Node 3 dequeues token: [569]
I tensorflow/core/kernels/logging_ops.cc:79] ~~~~~ daniter~~~ GLobalstep:[570][0.00055600493 0.00060669059...]
I tensorflow/core/kernels/logging_ops.cc:79] Node 3 dequeues token: [570]
I tensorflow/core/kernels/logging_ops.cc:79] Node 0 dequeues token: [570]
I tensorflow/core/kernels/logging_ops.cc:79] Node 2 dequeues token: [570]
I tensorflow/core/kernels/logging_ops.cc:79] Node 0 dequeues token: [570]
I tensorflow/core/kernels/logging_ops.cc:79] ~~~~~ daniter~~~ GLobalstep:[571][0.00074644294 0.00014215638...]
I tensorflow/core/kernels/logging_ops.cc:79] Node 2 dequeues token: [571]
I tensorflow/core/kernels/logging_ops.cc:79] Node 0 dequeues token: [571]
I tensorflow/core/kernels/logging_ops.cc:79] Node 3 dequeues token: [571]
I tensorflow/core/kernels/logging_ops.cc:79] Node 2 dequeues token: [571]
I tensorflow/core/kernels/logging_ops.cc:79] ~~~~~ daniter~~~ GLobalstep:[572][-0.00030536362 7.432219e-05...]
I tensorflow/core/kernels/logging_ops.cc:79] Node 3 dequeues token: [572]
I tensorflow/core/kernels/logging_ops.cc:79] Node 2 dequeues token: [572]
I tensorflow/core/kernels/logging_ops.cc:79] Node 0 dequeues token: [572]
I tensorflow/core/kernels/logging_ops.cc:79] Node 0 dequeues token: [572]
I tensorflow/core/kernels/logging_ops.cc:79] ~~~~~ daniter~~~ GLobalstep:[573][0.00010468243 0.00029702258...]
I tensorflow/core/kernels/logging_ops.cc:79] Node 0 dequeues token: [573]
I tensorflow/core/kernels/logging_ops.cc:79] Node 3 dequeues token: [573]
I tensorflow/core/kernels/logging_ops.cc:79] Node 2 dequeues token: [573]
I tensorflow/core/kernels/logging_ops.cc:79] Node 2 dequeues token: [573]
I tensorflow/core/kernels/logging_ops.cc:79] ~~~~~ daniter~~~ GLobalstep:[574][0.00020663525 0.0001091797...]
I tensorflow/core/kernels/logging_ops.cc:79] Node 2 dequeues token: [574]
I tensorflow/core/kernels/logging_ops.cc:79] Node 0 dequeues token: [574]
I tensorflow/core/kernels/logging_ops.cc:79] Node 3 dequeues token: [574]
I tensorflow/core/kernels/logging_ops.cc:79] Node 0 dequeues token: [574]
I tensorflow/core/kernels/logging_ops.cc:79] ~~~~~ daniter~~~ GLobalstep:[575][-4.1152016e-05 6.6093067e-05...]
I tensorflow/core/kernels/logging_ops.cc:79] Node 0 dequeues token: [575]
I tensorflow/core/kernels/logging_ops.cc:79] Node 3 dequeues token: [575]
I tensorflow/core/kernels/logging_ops.cc:79] Node 2 dequeues token: [575]
I tensorflow/core/kernels/logging_ops.cc:79] Node 2 dequeues token: [575]
I tensorflow/core/kernels/logging_ops.cc:79] ~~~~~ daniter~~~ GLobalstep:[576][-0.000565663 -7.6729644e-05...]
I tensorflow/core/kernels/logging_ops.cc:79] Node 2 dequeues token: [576]
I tensorflow/core/kernels/logging_ops.cc:79] Node 0 dequeues token: [576]
I tensorflow/core/kernels/logging_ops.cc:79] Node 3 dequeues token: [576]
I tensorflow/core/kernels/logging_ops.cc:79] Node 3 dequeues token: [576]
I tensorflow/core/kernels/logging_ops.cc:79] ~~~~~ daniter~~~ GLobalstep:[577][-0.0002773609 -0.0005776484...]
I tensorflow/core/kernels/logging_ops.cc:79] Node 3 dequeues token: [577]
I tensorflow/core/kernels/logging_ops.cc:79] Node 0 dequeues token: [577]
I tensorflow/core/kernels/logging_ops.cc:79] Node 2 dequeues token: [577]
I tensorflow/core/kernels/logging_ops.cc:79] Node 0 dequeues token: [577]
I tensorflow/core/kernels/logging_ops.cc:79] ~~~~~ daniter~~~ GLobalstep:[578][-0.00059437583 0.00031457876...]
I tensorflow/core/kernels/logging_ops.cc:79] Node 0 dequeues token: [578]
I tensorflow/core/kernels/logging_ops.cc:79] Node 2 dequeues token: [578]
I tensorflow/core/kernels/logging_ops.cc:79] Node 3 dequeues token: [578]
I tensorflow/core/kernels/logging_ops.cc:79] Node 2 dequeues token: [578]
I tensorflow/core/kernels/logging_ops.cc:79] ~~~~~ daniter~~~ GLobalstep:[579][-0.00077084603 -0.00069547654...]
I tensorflow/core/kernels/logging_ops.cc:79] Node 3 dequeues token: [579]
I tensorflow/core/kernels/logging_ops.cc:79] Node 0 dequeues token: [579]
I tensorflow/core/kernels/logging_ops.cc:79] Node 2 dequeues token: [579]
I tensorflow/core/kernels/logging_ops.cc:79] Node 3 dequeues token: [579]
I tensorflow/core/kernels/logging_ops.cc:79] ~~~~~ daniter~~~ GLobalstep:[580][-0.00021981001 -0.00037877346...]
I tensorflow/core/kernels/logging_ops.cc:79] Node 3 dequeues token: [580]
I tensorflow/core/kernels/logging_ops.cc:79] Node 0 dequeues token: [580]
I tensorflow/core/kernels/logging_ops.cc:79] Node 2 dequeues token: [580]
I tensorflow/core/kernels/logging_ops.cc:79] Node 0 dequeues token: [580]
I tensorflow/core/kernels/logging_ops.cc:79] ~~~~~ daniter~~~ GLobalstep:[581][-0.00029448312 -0.00014393355...]
I tensorflow/core/kernels/logging_ops.cc:79] Node 2 dequeues token: [581]
I tensorflow/core/kernels/logging_ops.cc:79] Node 0 dequeues token: [581]
I tensorflow/core/kernels/logging_ops.cc:79] Node 3 dequeues token: [581]
I tensorflow/core/kernels/logging_ops.cc:79] Node 3 dequeues token: [581]
I tensorflow/core/kernels/logging_ops.cc:79] ~~~~~ daniter~~~ GLobalstep:[582][-0.00066458614 -0.00061920309...]
I tensorflow/core/kernels/logging_ops.cc:79] Node 3 dequeues token: [582]
I tensorflow/core/kernels/logging_ops.cc:79] Node 0 dequeues token: [582]
I tensorflow/core/kernels/logging_ops.cc:79] Node 2 dequeues token: [582]
I tensorflow/core/kernels/logging_ops.cc:79] Node 0 dequeues token: [582]
I tensorflow/core/kernels/logging_ops.cc:79] ~~~~~ daniter~~~ GLobalstep:[583][8.8268804e-05 0.00024019023...]
I tensorflow/core/kernels/logging_ops.cc:79] Node 0 dequeues token: [583]
I tensorflow/core/kernels/logging_ops.cc:79] Node 2 dequeues token: [583]
I tensorflow/core/kernels/logging_ops.cc:79] Node 3 dequeues token: [583]
I tensorflow/core/kernels/logging_ops.cc:79] Node 2 dequeues token: [583]
I tensorflow/core/kernels/logging_ops.cc:79] ~~~~~ daniter~~~ GLobalstep:[584][-5.9854181e-05 -0.00020955174...]
I tensorflow/core/kernels/logging_ops.cc:79] Node 3 dequeues token: [584]
I tensorflow/core/kernels/logging_ops.cc:79] Node 0 dequeues token: [584]
I tensorflow/core/kernels/logging_ops.cc:79] Node 2 dequeues token: [584]
I tensorflow/core/kernels/logging_ops.cc:79] Node 0 dequeues token: [584]
I tensorflow/core/kernels/logging_ops.cc:79] ~~~~~ daniter~~~ GLobalstep:[585][0.00030412152 0.00040151054...]
I tensorflow/core/kernels/logging_ops.cc:79] Node 0 dequeues token: [585]
I tensorflow/core/kernels/logging_ops.cc:79] Node 2 dequeues token: [585]
I tensorflow/core/kernels/logging_ops.cc:79] Node 3 dequeues token: [585]
I tensorflow/core/kernels/logging_ops.cc:79] Node 3 dequeues token: [585]
I tensorflow/core/kernels/logging_ops.cc:79] ~~~~~ daniter~~~ GLobalstep:[586][-5.1435731e-05 0.00035603641...]
I tensorflow/core/kernels/logging_ops.cc:79] Node 2 dequeues token: [586]
I tensorflow/core/kernels/logging_ops.cc:79] Node 0 dequeues token: [586]
I tensorflow/core/kernels/logging_ops.cc:79] Node 3 dequeues token: [586]
I tensorflow/core/kernels/logging_ops.cc:79] Node 2 dequeues token: [586]
I tensorflow/core/kernels/logging_ops.cc:79] ~~~~~ daniter~~~ GLobalstep:[587][9.9220211e-05 0.00017909757...]
I tensorflow/core/kernels/logging_ops.cc:79] Node 0 dequeues token: [587]
I tensorflow/core/kernels/logging_ops.cc:79] Node 3 dequeues token: [587]
I tensorflow/core/kernels/logging_ops.cc:79] Node 2 dequeues token: [587]
I tensorflow/core/kernels/logging_ops.cc:79] Node 3 dequeues token: [587]
I tensorflow/core/kernels/logging_ops.cc:79] ~~~~~ daniter~~~ GLobalstep:[588][0.0012070779 -8.7407119e-05...]
I tensorflow/core/kernels/logging_ops.cc:79] Node 0 dequeues token: [588]
I tensorflow/core/kernels/logging_ops.cc:79] Node 3 dequeues token: [588]
I tensorflow/core/kernels/logging_ops.cc:79] Node 2 dequeues token: [588]
I tensorflow/core/kernels/logging_ops.cc:79] Node 2 dequeues token: [588]
I tensorflow/core/kernels/logging_ops.cc:79] ~~~~~ daniter~~~ GLobalstep:[589][0.00054549024 0.00023689159...]
I tensorflow/core/kernels/logging_ops.cc:79] Node 0 dequeues token: [589]
I tensorflow/core/kernels/logging_ops.cc:79] Node 2 dequeues token: [589]
I tensorflow/core/kernels/logging_ops.cc:79] Node 3 dequeues token: [589]
I tensorflow/core/kernels/logging_ops.cc:79] Node 0 dequeues token: [589]
I tensorflow/core/kernels/logging_ops.cc:79] ~~~~~ daniter~~~ GLobalstep:[590][-0.00047436589 -3.208634e-05...]
I tensorflow/core/kernels/logging_ops.cc:79] Node 0 dequeues token: [590]
I tensorflow/core/kernels/logging_ops.cc:79] Node 2 dequeues token: [590]
I tensorflow/core/kernels/logging_ops.cc:79] Node 3 dequeues token: [590]
I tensorflow/core/kernels/logging_ops.cc:79] Node 3 dequeues token: [590]
I tensorflow/core/kernels/logging_ops.cc:79] ~~~~~ daniter~~~ GLobalstep:[591][0.00035196115 -0.00029502891...]
I tensorflow/core/kernels/logging_ops.cc:79] Node 0 dequeues token: [591]
I tensorflow/core/kernels/logging_ops.cc:79] Node 2 dequeues token: [591]
I tensorflow/core/kernels/logging_ops.cc:79] Node 3 dequeues token: [591]
I tensorflow/core/kernels/logging_ops.cc:79] Node 0 dequeues token: [591]
I tensorflow/core/kernels/logging_ops.cc:79] ~~~~~ daniter~~~ GLobalstep:[592][0.00086956489 0.000245361...]
I tensorflow/core/kernels/logging_ops.cc:79] Node 2 dequeues token: [592]
I tensorflow/core/kernels/logging_ops.cc:79] Node 3 dequeues token: [592]
I tensorflow/core/kernels/logging_ops.cc:79] Node 0 dequeues token: [592]
I tensorflow/core/kernels/logging_ops.cc:79] Node 3 dequeues token: [592]
I tensorflow/core/kernels/logging_ops.cc:79] ~~~~~ daniter~~~ GLobalstep:[593][0.00020952786 0.000260573...]
I tensorflow/core/kernels/logging_ops.cc:79] Node 2 dequeues token: [593]
I tensorflow/core/kernels/logging_ops.cc:79] Node 0 dequeues token: [593]
I tensorflow/core/kernels/logging_ops.cc:79] Node 3 dequeues token: [593]
I tensorflow/core/kernels/logging_ops.cc:79] Node 0 dequeues token: [593]
I tensorflow/core/kernels/logging_ops.cc:79] ~~~~~ daniter~~~ GLobalstep:[594][-0.00015451173 0.00028749459...]
I tensorflow/core/kernels/logging_ops.cc:79] Node 0 dequeues token: [594]
I tensorflow/core/kernels/logging_ops.cc:79] Node 3 dequeues token: [594]
I tensorflow/core/kernels/logging_ops.cc:79] Node 2 dequeues token: [594]
I tensorflow/core/kernels/logging_ops.cc:79] Node 2 dequeues token: [594]
I tensorflow/core/kernels/logging_ops.cc:79] ~~~~~ daniter~~~ GLobalstep:[595][-0.00043206324 0.00014955227...]
I tensorflow/core/kernels/logging_ops.cc:79] Node 3 dequeues token: [595]
I tensorflow/core/kernels/logging_ops.cc:79] Node 0 dequeues token: [595]
I tensorflow/core/kernels/logging_ops.cc:79] Node 2 dequeues token: [595]
I tensorflow/core/kernels/logging_ops.cc:79] Node 3 dequeues token: [595]
I tensorflow/core/kernels/logging_ops.cc:79] ~~~~~ daniter~~~ GLobalstep:[596][-0.00050025119 0.00019831608...]
I tensorflow/core/kernels/logging_ops.cc:79] Node 0 dequeues token: [596]
I tensorflow/core/kernels/logging_ops.cc:79] Node 2 dequeues token: [596]
I tensorflow/core/kernels/logging_ops.cc:79] Node 3 dequeues token: [596]
I tensorflow/core/kernels/logging_ops.cc:79] Node 0 dequeues token: [596]
I tensorflow/core/kernels/logging_ops.cc:79] ~~~~~ daniter~~~ GLobalstep:[597][-0.0010460406 -0.00029288608...]
I tensorflow/core/kernels/logging_ops.cc:79] Node 3 dequeues token: [597]
I tensorflow/core/kernels/logging_ops.cc:79] Node 2 dequeues token: [597]
I tensorflow/core/kernels/logging_ops.cc:79] Node 0 dequeues token: [597]
I tensorflow/core/kernels/logging_ops.cc:79] Node 3 dequeues token: [597]
I tensorflow/core/kernels/logging_ops.cc:79] ~~~~~ daniter~~~ GLobalstep:[598][-0.00032392307 2.5921006e-05...]
I tensorflow/core/kernels/logging_ops.cc:79] Node 2 dequeues token: [598]
I tensorflow/core/kernels/logging_ops.cc:79] Node 3 dequeues token: [598]
I tensorflow/core/kernels/logging_ops.cc:79] Node 0 dequeues token: [598]
I tensorflow/core/kernels/logging_ops.cc:79] Node 0 dequeues token: [598]
I tensorflow/core/kernels/logging_ops.cc:79] ~~~~~ daniter~~~ GLobalstep:[599][0.00012797174 -3.9950828e-06...]
I tensorflow/core/kernels/logging_ops.cc:79] Node 3 dequeues token: [599]
I tensorflow/core/kernels/logging_ops.cc:79] Node 0 dequeues token: [599]
I tensorflow/core/kernels/logging_ops.cc:79] Node 2 dequeues token: [599]
I tensorflow/core/kernels/logging_ops.cc:79] Node 2 dequeues token: [599]
I tensorflow/core/kernels/logging_ops.cc:79] ~~~~~ daniter~~~ GLobalstep:[600][0.00049198384 -4.30676e-05...]
I tensorflow/core/kernels/logging_ops.cc:79] Node 3 dequeues token: [600]
I tensorflow/core/kernels/logging_ops.cc:79] Node 0 dequeues token: [600]
I tensorflow/core/kernels/logging_ops.cc:79] Node 2 dequeues token: [600]
I tensorflow/core/kernels/logging_ops.cc:79] Node 3 dequeues token: [600]
I tensorflow/core/kernels/logging_ops.cc:79] ~~~~~ daniter~~~ GLobalstep:[601][0.0003343056 0.00029089209...]
I tensorflow/core/kernels/logging_ops.cc:79] Node 3 dequeues token: [601]
I tensorflow/core/kernels/logging_ops.cc:79] Node 2 dequeues token: [601]
I tensorflow/core/kernels/logging_ops.cc:79] Node 0 dequeues token: [601]
I tensorflow/core/kernels/logging_ops.cc:79] Node 0 dequeues token: [601]
I tensorflow/core/kernels/logging_ops.cc:79] ~~~~~ daniter~~~ GLobalstep:[602][0.00046818866 0.00055904989...]
I tensorflow/core/kernels/logging_ops.cc:79] Node 2 dequeues token: [602]
I tensorflow/core/kernels/logging_ops.cc:79] Node 3 dequeues token: [602]
I tensorflow/core/kernels/logging_ops.cc:79] Node 0 dequeues token: [602]
I tensorflow/core/kernels/logging_ops.cc:79] Node 2 dequeues token: [602]
I tensorflow/core/kernels/logging_ops.cc:79] ~~~~~ daniter~~~ GLobalstep:[603][-0.00023624947 0.00046859978...]
I tensorflow/core/kernels/logging_ops.cc:79] Node 2 dequeues token: [603]
I tensorflow/core/kernels/logging_ops.cc:79] Node 0 dequeues token: [603]
I tensorflow/core/kernels/logging_ops.cc:79] Node 3 dequeues token: [603]
I tensorflow/core/kernels/logging_ops.cc:79] Node 2 dequeues token: [603]
I tensorflow/core/kernels/logging_ops.cc:79] ~~~~~ daniter~~~ GLobalstep:[604][-8.1779894e-05 0.00044036433...]
I tensorflow/core/kernels/logging_ops.cc:79] Node 0 dequeues token: [604]
I tensorflow/core/kernels/logging_ops.cc:79] Node 3 dequeues token: [604]
I tensorflow/core/kernels/logging_ops.cc:79] Node 2 dequeues token: [604]
I tensorflow/core/kernels/logging_ops.cc:79] Node 3 dequeues token: [604]
I tensorflow/core/kernels/logging_ops.cc:79] ~~~~~ daniter~~~ GLobalstep:[605][0.0012258069 -6.7697794e-05...]
I tensorflow/core/kernels/logging_ops.cc:79] Node 3 dequeues token: [605]
I tensorflow/core/kernels/logging_ops.cc:79] Node 2 dequeues token: [605]
I tensorflow/core/kernels/logging_ops.cc:79] Node 0 dequeues token: [605]
I tensorflow/core/kernels/logging_ops.cc:79] Node 0 dequeues token: [605]
I tensorflow/core/kernels/logging_ops.cc:79] ~~~~~ daniter~~~ GLobalstep:[606][-0.00036694639 -0.00010177712...]
I tensorflow/core/kernels/logging_ops.cc:79] Node 0 dequeues token: [606]
I tensorflow/core/kernels/logging_ops.cc:79] Node 3 dequeues token: [606]
I tensorflow/core/kernels/logging_ops.cc:79] Node 2 dequeues token: [606]
I tensorflow/core/kernels/logging_ops.cc:79] Node 2 dequeues token: [606]
I tensorflow/core/kernels/logging_ops.cc:79] ~~~~~ daniter~~~ GLobalstep:[607][-0.0003666764 -0.00018611448...]
I tensorflow/core/kernels/logging_ops.cc:79] Node 3 dequeues token: [607]
I tensorflow/core/kernels/logging_ops.cc:79] Node 2 dequeues token: [607]
I tensorflow/core/kernels/logging_ops.cc:79] Node 0 dequeues token: [607]
I tensorflow/core/kernels/logging_ops.cc:79] Node 3 dequeues token: [607]
I tensorflow/core/kernels/logging_ops.cc:79] ~~~~~ daniter~~~ GLobalstep:[608][-3.3774995e-06 2.5457957e-06...]
I tensorflow/core/kernels/logging_ops.cc:79] Node 3 dequeues token: [608]
I tensorflow/core/kernels/logging_ops.cc:79] Node 0 dequeues token: [608]
I tensorflow/core/kernels/logging_ops.cc:79] Node 2 dequeues token: [608]
I tensorflow/core/kernels/logging_ops.cc:79] Node 2 dequeues token: [608]
I tensorflow/core/kernels/logging_ops.cc:79] ~~~~~ daniter~~~ GLobalstep:[609][-0.00059399265 2.5791087e-05...]
I tensorflow/core/kernels/logging_ops.cc:79] Node 0 dequeues token: [609]
I tensorflow/core/kernels/logging_ops.cc:79] Node 3 dequeues token: [609]
I tensorflow/core/kernels/logging_ops.cc:79] Node 2 dequeues token: [609]
I tensorflow/core/kernels/logging_ops.cc:79] Node 3 dequeues token: [609]
I tensorflow/core/kernels/logging_ops.cc:79] ~~~~~ daniter~~~ GLobalstep:[610][-0.00036375315 -0.00019740794...]
I tensorflow/core/kernels/logging_ops.cc:79] Node 0 dequeues token: [610]
I tensorflow/core/kernels/logging_ops.cc:79] Node 3 dequeues token: [610]
I tensorflow/core/kernels/logging_ops.cc:79] Node 2 dequeues token: [610]
I tensorflow/core/kernels/logging_ops.cc:79] Node 2 dequeues token: [610]
run-ps-4node.sh: line 21: 33141 Terminated              CUDA_VISIBLE_DEVICES='' bazel-bin/inception/imagenet_distributed_train --batch_size=64 --data_dir=/lfs/local/0/daniter/imagenet-8 --job_name='ps' --task_id=0 --ps_hosts='localhost:2228' --worker_hosts='raiders1:2200,raiders1:2201,raiders3:2209,raiders3:2210' --initial_learning_rate=$1 --momentum=$2 --sync=True --compute_groups=$3
