I tensorflow/stream_executor/dso_loader.cc:108] successfully opened CUDA library libcublas.so locally
I tensorflow/stream_executor/dso_loader.cc:108] successfully opened CUDA library libcudnn.so locally
I tensorflow/stream_executor/dso_loader.cc:108] successfully opened CUDA library libcufft.so locally
I tensorflow/stream_executor/dso_loader.cc:108] successfully opened CUDA library libcuda.so locally
I tensorflow/stream_executor/dso_loader.cc:108] successfully opened CUDA library libcurand.so locally
INFO:tensorflow:PS hosts are: ['localhost:2228']
INFO:tensorflow:Worker hosts are: ['raiders1:2200', 'raiders1:2201', 'raiders3:2209', 'raiders3:2210']
E tensorflow/stream_executor/cuda/cuda_driver.cc:491] failed call to cuInit: CUDA_ERROR_NO_DEVICE
I tensorflow/stream_executor/cuda/cuda_diagnostics.cc:153] retrieving CUDA diagnostic information for host: raiders1
I tensorflow/stream_executor/cuda/cuda_diagnostics.cc:160] hostname: raiders1
I tensorflow/stream_executor/cuda/cuda_diagnostics.cc:185] libcuda reported version is: Not found: was unable to find libcuda.so DSO loaded into this program
I tensorflow/stream_executor/cuda/cuda_diagnostics.cc:347] driver version file contents: """NVRM version: NVIDIA UNIX x86_64 Kernel Module  367.27  Thu Jun  9 18:53:27 PDT 2016
GCC version:  gcc version 4.8.4 (Ubuntu 4.8.4-2ubuntu1~14.04.3) 
"""
I tensorflow/stream_executor/cuda/cuda_diagnostics.cc:189] kernel reported version is: 367.27.0
I tensorflow/core/common_runtime/gpu/gpu_init.cc:81] No GPU devices available on machine.
I tensorflow/core/distributed_runtime/rpc/grpc_channel.cc:206] Initialize HostPortsGrpcChannelCache for job ps -> {localhost:2228}
I tensorflow/core/distributed_runtime/rpc/grpc_channel.cc:206] Initialize HostPortsGrpcChannelCache for job worker -> {raiders1:2200, raiders1:2201, raiders3:2209, raiders3:2210}
I tensorflow/core/distributed_runtime/rpc/grpc_server_lib.cc:202] Started server with target: grpc://localhost:2228
I tensorflow/core/kernels/logging_ops.cc:79] Node 3 dequeues token: [399]
I tensorflow/core/kernels/logging_ops.cc:79] Node 2 dequeues token: [399]
I tensorflow/core/kernels/logging_ops.cc:79] Node 1 dequeues token: [399]
I tensorflow/core/kernels/logging_ops.cc:79] ~~~~~ daniter~~~ GLobalstep:[399][-0.00043358895 -7.8306068e-05...]
I tensorflow/core/kernels/logging_ops.cc:79] Node 3 dequeues token: [399]
I tensorflow/core/kernels/logging_ops.cc:79] Node 1 dequeues token: [399]
I tensorflow/core/kernels/logging_ops.cc:79] Node 3 dequeues token: [399]
I tensorflow/core/kernels/logging_ops.cc:79] Node 0 dequeues token: [399]
I tensorflow/core/kernels/logging_ops.cc:79] Node 1 dequeues token: [399]
I tensorflow/core/kernels/logging_ops.cc:79] ~~~~~ daniter~~~ GLobalstep:[400][-0.0010319424 -0.0003512445...]
I tensorflow/core/kernels/logging_ops.cc:79] Node 2 dequeues token: [400]
I tensorflow/core/kernels/logging_ops.cc:79] Node 3 dequeues token: [400]
I tensorflow/core/kernels/logging_ops.cc:79] Node 1 dequeues token: [400]
I tensorflow/core/kernels/logging_ops.cc:79] Node 1 dequeues token: [400]
I tensorflow/core/kernels/logging_ops.cc:79] ~~~~~ daniter~~~ GLobalstep:[401][-0.00052056764 0.00022498885...]
I tensorflow/core/kernels/logging_ops.cc:79] Node 1 dequeues token: [401]
I tensorflow/core/kernels/logging_ops.cc:79] Node 0 dequeues token: [401]
I tensorflow/core/kernels/logging_ops.cc:79] Node 3 dequeues token: [401]
I tensorflow/core/kernels/logging_ops.cc:79] Node 2 dequeues token: [401]
I tensorflow/core/kernels/logging_ops.cc:79] ~~~~~ daniter~~~ GLobalstep:[402][-0.00056165131 -0.00023907622...]
I tensorflow/core/kernels/logging_ops.cc:79] Node 1 dequeues token: [402]
I tensorflow/core/kernels/logging_ops.cc:79] Node 3 dequeues token: [402]
I tensorflow/core/kernels/logging_ops.cc:79] Node 2 dequeues token: [402]
I tensorflow/core/kernels/logging_ops.cc:79] Node 0 dequeues token: [402]
I tensorflow/core/kernels/logging_ops.cc:79] ~~~~~ daniter~~~ GLobalstep:[403][-0.00085442391 0.00044300297...]
I tensorflow/core/kernels/logging_ops.cc:79] Node 2 dequeues token: [403]
I tensorflow/core/kernels/logging_ops.cc:79] Node 3 dequeues token: [403]
I tensorflow/core/kernels/logging_ops.cc:79] Node 0 dequeues token: [403]
I tensorflow/core/kernels/logging_ops.cc:79] Node 1 dequeues token: [403]
I tensorflow/core/kernels/logging_ops.cc:79] ~~~~~ daniter~~~ GLobalstep:[404][-0.00028473255 -6.4528656e-05...]
I tensorflow/core/kernels/logging_ops.cc:79] Node 1 dequeues token: [404]
I tensorflow/core/kernels/logging_ops.cc:79] Node 0 dequeues token: [404]
I tensorflow/core/kernels/logging_ops.cc:79] Node 3 dequeues token: [404]
I tensorflow/core/kernels/logging_ops.cc:79] Node 2 dequeues token: [404]
I tensorflow/core/kernels/logging_ops.cc:79] ~~~~~ daniter~~~ GLobalstep:[405][0.00046774733 -1.539987e-05...]
I tensorflow/core/kernels/logging_ops.cc:79] Node 1 dequeues token: [405]
I tensorflow/core/kernels/logging_ops.cc:79] Node 0 dequeues token: [405]
I tensorflow/core/kernels/logging_ops.cc:79] Node 3 dequeues token: [405]
I tensorflow/core/kernels/logging_ops.cc:79] Node 2 dequeues token: [405]
I tensorflow/core/kernels/logging_ops.cc:79] ~~~~~ daniter~~~ GLobalstep:[406][0.00063123263 -9.736963e-05...]
I tensorflow/core/kernels/logging_ops.cc:79] Node 1 dequeues token: [406]
I tensorflow/core/kernels/logging_ops.cc:79] Node 2 dequeues token: [406]
I tensorflow/core/kernels/logging_ops.cc:79] Node 3 dequeues token: [406]
I tensorflow/core/kernels/logging_ops.cc:79] Node 0 dequeues token: [406]
I tensorflow/core/kernels/logging_ops.cc:79] ~~~~~ daniter~~~ GLobalstep:[407][-0.00036646455 -0.00014550163...]
I tensorflow/core/kernels/logging_ops.cc:79] Node 2 dequeues token: [407]
I tensorflow/core/kernels/logging_ops.cc:79] Node 1 dequeues token: [407]
I tensorflow/core/kernels/logging_ops.cc:79] Node 0 dequeues token: [407]
I tensorflow/core/kernels/logging_ops.cc:79] Node 3 dequeues token: [407]
I tensorflow/core/kernels/logging_ops.cc:79] ~~~~~ daniter~~~ GLobalstep:[408][0.00054775679 0.00053948164...]
I tensorflow/core/kernels/logging_ops.cc:79] Node 0 dequeues token: [408]
I tensorflow/core/kernels/logging_ops.cc:79] Node 2 dequeues token: [408]
I tensorflow/core/kernels/logging_ops.cc:79] Node 3 dequeues token: [408]
I tensorflow/core/kernels/logging_ops.cc:79] Node 1 dequeues token: [408]
I tensorflow/core/kernels/logging_ops.cc:79] ~~~~~ daniter~~~ GLobalstep:[409][0.00042885556 0.00042348978...]
I tensorflow/core/kernels/logging_ops.cc:79] Node 2 dequeues token: [409]
I tensorflow/core/kernels/logging_ops.cc:79] Node 3 dequeues token: [409]
I tensorflow/core/kernels/logging_ops.cc:79] Node 0 dequeues token: [409]
I tensorflow/core/kernels/logging_ops.cc:79] Node 1 dequeues token: [409]
I tensorflow/core/kernels/logging_ops.cc:79] ~~~~~ daniter~~~ GLobalstep:[410][-0.00049879466 0.00096751016...]
I tensorflow/core/kernels/logging_ops.cc:79] Node 0 dequeues token: [410]
I tensorflow/core/kernels/logging_ops.cc:79] Node 3 dequeues token: [410]
I tensorflow/core/kernels/logging_ops.cc:79] Node 1 dequeues token: [410]
I tensorflow/core/kernels/logging_ops.cc:79] Node 2 dequeues token: [410]
I tensorflow/core/kernels/logging_ops.cc:79] ~~~~~ daniter~~~ GLobalstep:[411][0.00010559376 0.00054705184...]
I tensorflow/core/kernels/logging_ops.cc:79] Node 3 dequeues token: [411]
I tensorflow/core/kernels/logging_ops.cc:79] Node 1 dequeues token: [411]
I tensorflow/core/kernels/logging_ops.cc:79] Node 2 dequeues token: [411]
I tensorflow/core/kernels/logging_ops.cc:79] Node 0 dequeues token: [411]
I tensorflow/core/kernels/logging_ops.cc:79] ~~~~~ daniter~~~ GLobalstep:[412][0.00040007033 0.00012473558...]
I tensorflow/core/kernels/logging_ops.cc:79] Node 1 dequeues token: [412]
I tensorflow/core/kernels/logging_ops.cc:79] Node 2 dequeues token: [412]
I tensorflow/core/kernels/logging_ops.cc:79] Node 0 dequeues token: [412]
I tensorflow/core/kernels/logging_ops.cc:79] Node 3 dequeues token: [412]
I tensorflow/core/kernels/logging_ops.cc:79] ~~~~~ daniter~~~ GLobalstep:[413][-0.00049629726 0.00026303984...]
I tensorflow/core/kernels/logging_ops.cc:79] Node 3 dequeues token: [413]
I tensorflow/core/kernels/logging_ops.cc:79] Node 0 dequeues token: [413]
I tensorflow/core/kernels/logging_ops.cc:79] Node 1 dequeues token: [413]
I tensorflow/core/kernels/logging_ops.cc:79] Node 2 dequeues token: [413]
I tensorflow/core/kernels/logging_ops.cc:79] ~~~~~ daniter~~~ GLobalstep:[414][8.0936807e-05 -0.00021652778...]
I tensorflow/core/kernels/logging_ops.cc:79] Node 0 dequeues token: [414]
I tensorflow/core/kernels/logging_ops.cc:79] Node 1 dequeues token: [414]
I tensorflow/core/kernels/logging_ops.cc:79] Node 3 dequeues token: [414]
I tensorflow/core/kernels/logging_ops.cc:79] Node 2 dequeues token: [414]
I tensorflow/core/kernels/logging_ops.cc:79] ~~~~~ daniter~~~ GLobalstep:[415][-0.000537643 0.00012060716...]
I tensorflow/core/kernels/logging_ops.cc:79] Node 3 dequeues token: [415]
I tensorflow/core/kernels/logging_ops.cc:79] Node 1 dequeues token: [415]
I tensorflow/core/kernels/logging_ops.cc:79] Node 2 dequeues token: [415]
I tensorflow/core/kernels/logging_ops.cc:79] Node 0 dequeues token: [415]
I tensorflow/core/kernels/logging_ops.cc:79] ~~~~~ daniter~~~ GLobalstep:[416][-0.0008189035 -0.00033040272...]
I tensorflow/core/kernels/logging_ops.cc:79] Node 2 dequeues token: [416]
I tensorflow/core/kernels/logging_ops.cc:79] Node 1 dequeues token: [416]
I tensorflow/core/kernels/logging_ops.cc:79] Node 0 dequeues token: [416]
I tensorflow/core/kernels/logging_ops.cc:79] Node 3 dequeues token: [416]
I tensorflow/core/kernels/logging_ops.cc:79] ~~~~~ daniter~~~ GLobalstep:[417][-0.00040397423 -0.00041143928...]
I tensorflow/core/kernels/logging_ops.cc:79] Node 2 dequeues token: [417]
I tensorflow/core/kernels/logging_ops.cc:79] Node 0 dequeues token: [417]
I tensorflow/core/kernels/logging_ops.cc:79] Node 1 dequeues token: [417]
I tensorflow/core/kernels/logging_ops.cc:79] Node 3 dequeues token: [417]
I tensorflow/core/kernels/logging_ops.cc:79] ~~~~~ daniter~~~ GLobalstep:[418][0.00026443804 0.00070270314...]
I tensorflow/core/kernels/logging_ops.cc:79] Node 3 dequeues token: [418]
I tensorflow/core/kernels/logging_ops.cc:79] Node 1 dequeues token: [418]
I tensorflow/core/kernels/logging_ops.cc:79] Node 0 dequeues token: [418]
I tensorflow/core/kernels/logging_ops.cc:79] Node 2 dequeues token: [418]
I tensorflow/core/kernels/logging_ops.cc:79] ~~~~~ daniter~~~ GLobalstep:[419][-0.00037682991 -5.0222545e-05...]
I tensorflow/core/kernels/logging_ops.cc:79] Node 2 dequeues token: [419]
I tensorflow/core/kernels/logging_ops.cc:79] Node 3 dequeues token: [419]
I tensorflow/core/kernels/logging_ops.cc:79] Node 0 dequeues token: [419]
I tensorflow/core/kernels/logging_ops.cc:79] Node 1 dequeues token: [419]
I tensorflow/core/kernels/logging_ops.cc:79] ~~~~~ daniter~~~ GLobalstep:[420][-0.00038910387 -6.4287189e-05...]
I tensorflow/core/kernels/logging_ops.cc:79] Node 2 dequeues token: [420]
I tensorflow/core/kernels/logging_ops.cc:79] Node 3 dequeues token: [420]
I tensorflow/core/kernels/logging_ops.cc:79] Node 0 dequeues token: [420]
I tensorflow/core/kernels/logging_ops.cc:79] Node 1 dequeues token: [420]
I tensorflow/core/kernels/logging_ops.cc:79] ~~~~~ daniter~~~ GLobalstep:[421][-4.0336105e-05 -0.0005258607...]
I tensorflow/core/kernels/logging_ops.cc:79] Node 0 dequeues token: [421]
I tensorflow/core/kernels/logging_ops.cc:79] Node 1 dequeues token: [421]
I tensorflow/core/kernels/logging_ops.cc:79] Node 3 dequeues token: [421]
I tensorflow/core/kernels/logging_ops.cc:79] Node 2 dequeues token: [421]
I tensorflow/core/kernels/logging_ops.cc:79] ~~~~~ daniter~~~ GLobalstep:[422][-0.00082442031 -0.00024719827...]
I tensorflow/core/kernels/logging_ops.cc:79] Node 1 dequeues token: [422]
I tensorflow/core/kernels/logging_ops.cc:79] Node 0 dequeues token: [422]
I tensorflow/core/kernels/logging_ops.cc:79] Node 3 dequeues token: [422]
I tensorflow/core/kernels/logging_ops.cc:79] Node 2 dequeues token: [422]
I tensorflow/core/kernels/logging_ops.cc:79] ~~~~~ daniter~~~ GLobalstep:[423][0.00032339524 -0.000625907...]
I tensorflow/core/kernels/logging_ops.cc:79] Node 2 dequeues token: [423]
I tensorflow/core/kernels/logging_ops.cc:79] Node 0 dequeues token: [423]
I tensorflow/core/kernels/logging_ops.cc:79] Node 3 dequeues token: [423]
I tensorflow/core/kernels/logging_ops.cc:79] Node 1 dequeues token: [423]
I tensorflow/core/kernels/logging_ops.cc:79] ~~~~~ daniter~~~ GLobalstep:[424][-0.00042711358 0.00012955061...]
I tensorflow/core/kernels/logging_ops.cc:79] Node 3 dequeues token: [424]
I tensorflow/core/kernels/logging_ops.cc:79] Node 1 dequeues token: [424]
I tensorflow/core/kernels/logging_ops.cc:79] Node 2 dequeues token: [424]
I tensorflow/core/kernels/logging_ops.cc:79] Node 0 dequeues token: [424]
I tensorflow/core/kernels/logging_ops.cc:79] ~~~~~ daniter~~~ GLobalstep:[425][0.0010398838 0.00085507019...]
I tensorflow/core/kernels/logging_ops.cc:79] Node 0 dequeues token: [425]
I tensorflow/core/kernels/logging_ops.cc:79] Node 1 dequeues token: [425]
I tensorflow/core/kernels/logging_ops.cc:79] Node 2 dequeues token: [425]
I tensorflow/core/kernels/logging_ops.cc:79] Node 3 dequeues token: [425]
I tensorflow/core/kernels/logging_ops.cc:79] ~~~~~ daniter~~~ GLobalstep:[426][-2.8709081e-05 -0.000735753...]
I tensorflow/core/kernels/logging_ops.cc:79] Node 1 dequeues token: [426]
I tensorflow/core/kernels/logging_ops.cc:79] Node 0 dequeues token: [426]
I tensorflow/core/kernels/logging_ops.cc:79] Node 3 dequeues token: [426]
I tensorflow/core/kernels/logging_ops.cc:79] Node 2 dequeues token: [426]
I tensorflow/core/kernels/logging_ops.cc:79] ~~~~~ daniter~~~ GLobalstep:[427][0.0012070797 0.00076325418...]
I tensorflow/core/kernels/logging_ops.cc:79] Node 2 dequeues token: [427]
I tensorflow/core/kernels/logging_ops.cc:79] Node 0 dequeues token: [427]
I tensorflow/core/kernels/logging_ops.cc:79] Node 1 dequeues token: [427]
I tensorflow/core/kernels/logging_ops.cc:79] Node 3 dequeues token: [427]
I tensorflow/core/kernels/logging_ops.cc:79] ~~~~~ daniter~~~ GLobalstep:[428][0.00095536635 0.00018031342...]
I tensorflow/core/kernels/logging_ops.cc:79] Node 1 dequeues token: [428]
I tensorflow/core/kernels/logging_ops.cc:79] Node 3 dequeues token: [428]
I tensorflow/core/kernels/logging_ops.cc:79] Node 2 dequeues token: [428]
I tensorflow/core/kernels/logging_ops.cc:79] Node 0 dequeues token: [428]
I tensorflow/core/kernels/logging_ops.cc:79] ~~~~~ daniter~~~ GLobalstep:[429][0.001379889 -0.0004861496...]
I tensorflow/core/kernels/logging_ops.cc:79] Node 1 dequeues token: [429]
I tensorflow/core/kernels/logging_ops.cc:79] Node 2 dequeues token: [429]
I tensorflow/core/kernels/logging_ops.cc:79] Node 0 dequeues token: [429]
I tensorflow/core/kernels/logging_ops.cc:79] Node 3 dequeues token: [429]
I tensorflow/core/kernels/logging_ops.cc:79] ~~~~~ daniter~~~ GLobalstep:[430][-0.00042152914 -0.00010707742...]
I tensorflow/core/kernels/logging_ops.cc:79] Node 0 dequeues token: [430]
I tensorflow/core/kernels/logging_ops.cc:79] Node 2 dequeues token: [430]
I tensorflow/core/kernels/logging_ops.cc:79] Node 3 dequeues token: [430]
I tensorflow/core/kernels/logging_ops.cc:79] Node 1 dequeues token: [430]
I tensorflow/core/kernels/logging_ops.cc:79] ~~~~~ daniter~~~ GLobalstep:[431][0.00041664112 0.00042482966...]
I tensorflow/core/kernels/logging_ops.cc:79] Node 2 dequeues token: [431]
I tensorflow/core/kernels/logging_ops.cc:79] Node 0 dequeues token: [431]
I tensorflow/core/kernels/logging_ops.cc:79] Node 3 dequeues token: [431]
I tensorflow/core/kernels/logging_ops.cc:79] Node 1 dequeues token: [431]
I tensorflow/core/kernels/logging_ops.cc:79] ~~~~~ daniter~~~ GLobalstep:[432][0.00038131524 -0.00050548965...]
I tensorflow/core/kernels/logging_ops.cc:79] Node 0 dequeues token: [432]
I tensorflow/core/kernels/logging_ops.cc:79] Node 1 dequeues token: [432]
I tensorflow/core/kernels/logging_ops.cc:79] Node 2 dequeues token: [432]
I tensorflow/core/kernels/logging_ops.cc:79] Node 3 dequeues token: [432]
I tensorflow/core/kernels/logging_ops.cc:79] ~~~~~ daniter~~~ GLobalstep:[433][-0.00053878379 7.714337e-05...]
I tensorflow/core/kernels/logging_ops.cc:79] Node 2 dequeues token: [433]
I tensorflow/core/kernels/logging_ops.cc:79] Node 0 dequeues token: [433]
I tensorflow/core/kernels/logging_ops.cc:79] Node 1 dequeues token: [433]
I tensorflow/core/kernels/logging_ops.cc:79] Node 3 dequeues token: [433]
I tensorflow/core/kernels/logging_ops.cc:79] ~~~~~ daniter~~~ GLobalstep:[434][1.9448897e-05 -0.00030277675...]
I tensorflow/core/kernels/logging_ops.cc:79] Node 3 dequeues token: [434]
I tensorflow/core/kernels/logging_ops.cc:79] Node 2 dequeues token: [434]
I tensorflow/core/kernels/logging_ops.cc:79] Node 0 dequeues token: [434]
I tensorflow/core/kernels/logging_ops.cc:79] Node 1 dequeues token: [434]
I tensorflow/core/kernels/logging_ops.cc:79] ~~~~~ daniter~~~ GLobalstep:[435][-0.00017917455 -2.1229189e-05...]
I tensorflow/core/kernels/logging_ops.cc:79] Node 0 dequeues token: [435]
I tensorflow/core/kernels/logging_ops.cc:79] Node 1 dequeues token: [435]
I tensorflow/core/kernels/logging_ops.cc:79] Node 3 dequeues token: [435]
I tensorflow/core/kernels/logging_ops.cc:79] Node 2 dequeues token: [435]
I tensorflow/core/kernels/logging_ops.cc:79] ~~~~~ daniter~~~ GLobalstep:[436][-0.00010450916 -0.00028467443...]
I tensorflow/core/kernels/logging_ops.cc:79] Node 1 dequeues token: [436]
I tensorflow/core/kernels/logging_ops.cc:79] Node 0 dequeues token: [436]
I tensorflow/core/kernels/logging_ops.cc:79] Node 3 dequeues token: [436]
I tensorflow/core/kernels/logging_ops.cc:79] Node 2 dequeues token: [436]
I tensorflow/core/kernels/logging_ops.cc:79] ~~~~~ daniter~~~ GLobalstep:[437][-0.00044567621 -0.00012421724...]
I tensorflow/core/kernels/logging_ops.cc:79] Node 3 dequeues token: [437]
I tensorflow/core/kernels/logging_ops.cc:79] Node 0 dequeues token: [437]
I tensorflow/core/kernels/logging_ops.cc:79] Node 1 dequeues token: [437]
I tensorflow/core/kernels/logging_ops.cc:79] Node 2 dequeues token: [437]
I tensorflow/core/kernels/logging_ops.cc:79] ~~~~~ daniter~~~ GLobalstep:[438][-0.00024298498 -0.00016805343...]
I tensorflow/core/kernels/logging_ops.cc:79] Node 2 dequeues token: [438]
I tensorflow/core/kernels/logging_ops.cc:79] Node 0 dequeues token: [438]
I tensorflow/core/kernels/logging_ops.cc:79] Node 1 dequeues token: [438]
I tensorflow/core/kernels/logging_ops.cc:79] Node 3 dequeues token: [438]
I tensorflow/core/kernels/logging_ops.cc:79] ~~~~~ daniter~~~ GLobalstep:[439][-0.00028907723 0.00024892154...]
I tensorflow/core/kernels/logging_ops.cc:79] Node 0 dequeues token: [439]
I tensorflow/core/kernels/logging_ops.cc:79] Node 2 dequeues token: [439]
I tensorflow/core/kernels/logging_ops.cc:79] Node 1 dequeues token: [439]
I tensorflow/core/kernels/logging_ops.cc:79] Node 3 dequeues token: [439]
I tensorflow/core/kernels/logging_ops.cc:79] ~~~~~ daniter~~~ GLobalstep:[440][-0.00029160667 -0.00082418718...]
I tensorflow/core/kernels/logging_ops.cc:79] Node 1 dequeues token: [440]
I tensorflow/core/kernels/logging_ops.cc:79] Node 3 dequeues token: [440]
I tensorflow/core/kernels/logging_ops.cc:79] Node 2 dequeues token: [440]
I tensorflow/core/kernels/logging_ops.cc:79] Node 0 dequeues token: [440]
I tensorflow/core/kernels/logging_ops.cc:79] ~~~~~ daniter~~~ GLobalstep:[441][-0.00038643758 3.7111327e-05...]
I tensorflow/core/kernels/logging_ops.cc:79] Node 3 dequeues token: [441]
I tensorflow/core/kernels/logging_ops.cc:79] Node 2 dequeues token: [441]
I tensorflow/core/kernels/logging_ops.cc:79] Node 0 dequeues token: [441]
I tensorflow/core/kernels/logging_ops.cc:79] Node 1 dequeues token: [441]
I tensorflow/core/kernels/logging_ops.cc:79] ~~~~~ daniter~~~ GLobalstep:[442][0.00029382884 0.0010629874...]
I tensorflow/core/kernels/logging_ops.cc:79] Node 2 dequeues token: [442]
I tensorflow/core/kernels/logging_ops.cc:79] Node 0 dequeues token: [442]
I tensorflow/core/kernels/logging_ops.cc:79] Node 1 dequeues token: [442]
I tensorflow/core/kernels/logging_ops.cc:79] Node 3 dequeues token: [442]
I tensorflow/core/kernels/logging_ops.cc:79] ~~~~~ daniter~~~ GLobalstep:[443][0.000804542 -0.00014758742...]
I tensorflow/core/kernels/logging_ops.cc:79] Node 1 dequeues token: [443]
I tensorflow/core/kernels/logging_ops.cc:79] Node 3 dequeues token: [443]
I tensorflow/core/kernels/logging_ops.cc:79] Node 0 dequeues token: [443]
I tensorflow/core/kernels/logging_ops.cc:79] Node 2 dequeues token: [443]
I tensorflow/core/kernels/logging_ops.cc:79] ~~~~~ daniter~~~ GLobalstep:[444][-0.00070399215 0.00069021061...]
I tensorflow/core/kernels/logging_ops.cc:79] Node 0 dequeues token: [444]
I tensorflow/core/kernels/logging_ops.cc:79] Node 2 dequeues token: [444]
I tensorflow/core/kernels/logging_ops.cc:79] Node 3 dequeues token: [444]
I tensorflow/core/kernels/logging_ops.cc:79] Node 1 dequeues token: [444]
I tensorflow/core/kernels/logging_ops.cc:79] ~~~~~ daniter~~~ GLobalstep:[445][3.4879427e-05 6.2727377e-05...]
I tensorflow/core/kernels/logging_ops.cc:79] Node 3 dequeues token: [445]
I tensorflow/core/kernels/logging_ops.cc:79] Node 2 dequeues token: [445]
I tensorflow/core/kernels/logging_ops.cc:79] Node 0 dequeues token: [445]
I tensorflow/core/kernels/logging_ops.cc:79] Node 1 dequeues token: [445]
I tensorflow/core/kernels/logging_ops.cc:79] ~~~~~ daniter~~~ GLobalstep:[446][-0.0015471147 -0.0010894251...]
I tensorflow/core/kernels/logging_ops.cc:79] Node 2 dequeues token: [446]
I tensorflow/core/kernels/logging_ops.cc:79] Node 1 dequeues token: [446]
I tensorflow/core/kernels/logging_ops.cc:79] Node 0 dequeues token: [446]
I tensorflow/core/kernels/logging_ops.cc:79] Node 3 dequeues token: [446]
I tensorflow/core/kernels/logging_ops.cc:79] ~~~~~ daniter~~~ GLobalstep:[447][-0.00074969232 -0.00065609539...]
I tensorflow/core/kernels/logging_ops.cc:79] Node 0 dequeues token: [447]
I tensorflow/core/kernels/logging_ops.cc:79] Node 3 dequeues token: [447]
I tensorflow/core/kernels/logging_ops.cc:79] Node 1 dequeues token: [447]
I tensorflow/core/kernels/logging_ops.cc:79] Node 2 dequeues token: [447]
I tensorflow/core/kernels/logging_ops.cc:79] ~~~~~ daniter~~~ GLobalstep:[448][0.00030711346 -0.00020712058...]
I tensorflow/core/kernels/logging_ops.cc:79] Node 1 dequeues token: [448]
I tensorflow/core/kernels/logging_ops.cc:79] Node 2 dequeues token: [448]
I tensorflow/core/kernels/logging_ops.cc:79] Node 0 dequeues token: [448]
I tensorflow/core/kernels/logging_ops.cc:79] Node 3 dequeues token: [448]
I tensorflow/core/kernels/logging_ops.cc:79] ~~~~~ daniter~~~ GLobalstep:[449][0.00048175885 4.326061e-05...]
I tensorflow/core/kernels/logging_ops.cc:79] Node 0 dequeues token: [449]
I tensorflow/core/kernels/logging_ops.cc:79] Node 3 dequeues token: [449]
I tensorflow/core/kernels/logging_ops.cc:79] Node 1 dequeues token: [449]
I tensorflow/core/kernels/logging_ops.cc:79] Node 2 dequeues token: [449]
I tensorflow/core/kernels/logging_ops.cc:79] ~~~~~ daniter~~~ GLobalstep:[450][-0.0011493911 -7.2452094e-06...]
I tensorflow/core/kernels/logging_ops.cc:79] Node 1 dequeues token: [450]
I tensorflow/core/kernels/logging_ops.cc:79] Node 0 dequeues token: [450]
I tensorflow/core/kernels/logging_ops.cc:79] Node 3 dequeues token: [450]
I tensorflow/core/kernels/logging_ops.cc:79] Node 2 dequeues token: [450]
I tensorflow/core/kernels/logging_ops.cc:79] ~~~~~ daniter~~~ GLobalstep:[451][0.00020615521 6.2740481e-05...]
I tensorflow/core/kernels/logging_ops.cc:79] Node 0 dequeues token: [451]
I tensorflow/core/kernels/logging_ops.cc:79] Node 1 dequeues token: [451]
I tensorflow/core/kernels/logging_ops.cc:79] Node 2 dequeues token: [451]
I tensorflow/core/kernels/logging_ops.cc:79] Node 3 dequeues token: [451]
I tensorflow/core/kernels/logging_ops.cc:79] ~~~~~ daniter~~~ GLobalstep:[452][-0.00060797774 -0.00067427912...]
I tensorflow/core/kernels/logging_ops.cc:79] Node 3 dequeues token: [452]
I tensorflow/core/kernels/logging_ops.cc:79] Node 1 dequeues token: [452]
I tensorflow/core/kernels/logging_ops.cc:79] Node 2 dequeues token: [452]
I tensorflow/core/kernels/logging_ops.cc:79] Node 0 dequeues token: [452]
I tensorflow/core/kernels/logging_ops.cc:79] ~~~~~ daniter~~~ GLobalstep:[453][-0.000638916 -0.00028469285...]
I tensorflow/core/kernels/logging_ops.cc:79] Node 3 dequeues token: [453]
I tensorflow/core/kernels/logging_ops.cc:79] Node 1 dequeues token: [453]
I tensorflow/core/kernels/logging_ops.cc:79] Node 0 dequeues token: [453]
I tensorflow/core/kernels/logging_ops.cc:79] Node 2 dequeues token: [453]
I tensorflow/core/kernels/logging_ops.cc:79] ~~~~~ daniter~~~ GLobalstep:[454][0.0013139094 0.00037724574...]
I tensorflow/core/kernels/logging_ops.cc:79] Node 1 dequeues token: [454]
I tensorflow/core/kernels/logging_ops.cc:79] Node 2 dequeues token: [454]
I tensorflow/core/kernels/logging_ops.cc:79] Node 0 dequeues token: [454]
I tensorflow/core/kernels/logging_ops.cc:79] Node 3 dequeues token: [454]
I tensorflow/core/kernels/logging_ops.cc:79] ~~~~~ daniter~~~ GLobalstep:[455][0.0010886189 0.00057109271...]
I tensorflow/core/kernels/logging_ops.cc:79] Node 2 dequeues token: [455]
I tensorflow/core/kernels/logging_ops.cc:79] Node 1 dequeues token: [455]
I tensorflow/core/kernels/logging_ops.cc:79] Node 0 dequeues token: [455]
I tensorflow/core/kernels/logging_ops.cc:79] Node 3 dequeues token: [455]
I tensorflow/core/kernels/logging_ops.cc:79] ~~~~~ daniter~~~ GLobalstep:[456][0.00049061771 2.9320552e-05...]
I tensorflow/core/kernels/logging_ops.cc:79] Node 1 dequeues token: [456]
I tensorflow/core/kernels/logging_ops.cc:79] Node 0 dequeues token: [456]
I tensorflow/core/kernels/logging_ops.cc:79] Node 2 dequeues token: [456]
I tensorflow/core/kernels/logging_ops.cc:79] Node 3 dequeues token: [456]
I tensorflow/core/kernels/logging_ops.cc:79] ~~~~~ daniter~~~ GLobalstep:[457][0.00031027195 -0.00014230091...]
I tensorflow/core/kernels/logging_ops.cc:79] Node 0 dequeues token: [457]
I tensorflow/core/kernels/logging_ops.cc:79] Node 2 dequeues token: [457]
I tensorflow/core/kernels/logging_ops.cc:79] Node 1 dequeues token: [457]
I tensorflow/core/kernels/logging_ops.cc:79] Node 3 dequeues token: [457]
I tensorflow/core/kernels/logging_ops.cc:79] ~~~~~ daniter~~~ GLobalstep:[458][-0.00014947139 0.00052093691...]
I tensorflow/core/kernels/logging_ops.cc:79] Node 2 dequeues token: [458]
I tensorflow/core/kernels/logging_ops.cc:79] Node 1 dequeues token: [458]
I tensorflow/core/kernels/logging_ops.cc:79] Node 3 dequeues token: [458]
I tensorflow/core/kernels/logging_ops.cc:79] Node 0 dequeues token: [458]
I tensorflow/core/kernels/logging_ops.cc:79] ~~~~~ daniter~~~ GLobalstep:[459][-2.4686422e-05 0.00052035938...]
I tensorflow/core/kernels/logging_ops.cc:79] Node 2 dequeues token: [459]
I tensorflow/core/kernels/logging_ops.cc:79] Node 1 dequeues token: [459]
I tensorflow/core/kernels/logging_ops.cc:79] Node 0 dequeues token: [459]
I tensorflow/core/kernels/logging_ops.cc:79] Node 3 dequeues token: [459]
I tensorflow/core/kernels/logging_ops.cc:79] ~~~~~ daniter~~~ GLobalstep:[460][-0.00051325193 -0.00042689627...]
I tensorflow/core/kernels/logging_ops.cc:79] Node 1 dequeues token: [460]
I tensorflow/core/kernels/logging_ops.cc:79] Node 3 dequeues token: [460]
I tensorflow/core/kernels/logging_ops.cc:79] Node 0 dequeues token: [460]
I tensorflow/core/kernels/logging_ops.cc:79] Node 2 dequeues token: [460]
I tensorflow/core/kernels/logging_ops.cc:79] ~~~~~ daniter~~~ GLobalstep:[461][-0.00024027133 0.00030532345...]
I tensorflow/core/kernels/logging_ops.cc:79] Node 1 dequeues token: [461]
I tensorflow/core/kernels/logging_ops.cc:79] Node 0 dequeues token: [461]
I tensorflow/core/kernels/logging_ops.cc:79] Node 2 dequeues token: [461]
I tensorflow/core/kernels/logging_ops.cc:79] Node 3 dequeues token: [461]
I tensorflow/core/kernels/logging_ops.cc:79] ~~~~~ daniter~~~ GLobalstep:[462][4.2881438e-06 0.00019784775...]
I tensorflow/core/kernels/logging_ops.cc:79] Node 3 dequeues token: [462]
I tensorflow/core/kernels/logging_ops.cc:79] Node 1 dequeues token: [462]
I tensorflow/core/kernels/logging_ops.cc:79] Node 0 dequeues token: [462]
I tensorflow/core/kernels/logging_ops.cc:79] Node 2 dequeues token: [462]
I tensorflow/core/kernels/logging_ops.cc:79] ~~~~~ daniter~~~ GLobalstep:[463][-0.00010627967 -0.00019715326...]
I tensorflow/core/kernels/logging_ops.cc:79] Node 2 dequeues token: [463]
I tensorflow/core/kernels/logging_ops.cc:79] Node 0 dequeues token: [463]
I tensorflow/core/kernels/logging_ops.cc:79] Node 1 dequeues token: [463]
I tensorflow/core/kernels/logging_ops.cc:79] Node 3 dequeues token: [463]
I tensorflow/core/kernels/logging_ops.cc:79] ~~~~~ daniter~~~ GLobalstep:[464][-0.00011853946 0.00048333089...]
I tensorflow/core/kernels/logging_ops.cc:79] Node 3 dequeues token: [464]
I tensorflow/core/kernels/logging_ops.cc:79] Node 0 dequeues token: [464]
I tensorflow/core/kernels/logging_ops.cc:79] Node 2 dequeues token: [464]
I tensorflow/core/kernels/logging_ops.cc:79] Node 1 dequeues token: [464]
I tensorflow/core/kernels/logging_ops.cc:79] ~~~~~ daniter~~~ GLobalstep:[465][0.00037241256 0.00028602078...]
I tensorflow/core/kernels/logging_ops.cc:79] Node 0 dequeues token: [465]
I tensorflow/core/kernels/logging_ops.cc:79] Node 3 dequeues token: [465]
I tensorflow/core/kernels/logging_ops.cc:79] Node 2 dequeues token: [465]
I tensorflow/core/kernels/logging_ops.cc:79] Node 1 dequeues token: [465]
I tensorflow/core/kernels/logging_ops.cc:79] ~~~~~ daniter~~~ GLobalstep:[466][-0.00045995682 0.00062368152...]
I tensorflow/core/kernels/logging_ops.cc:79] Node 2 dequeues token: [466]
I tensorflow/core/kernels/logging_ops.cc:79] Node 1 dequeues token: [466]
I tensorflow/core/kernels/logging_ops.cc:79] Node 0 dequeues token: [466]
I tensorflow/core/kernels/logging_ops.cc:79] Node 3 dequeues token: [466]
I tensorflow/core/kernels/logging_ops.cc:79] ~~~~~ daniter~~~ GLobalstep:[467][0.00066783826 0.00012725149...]
I tensorflow/core/kernels/logging_ops.cc:79] Node 2 dequeues token: [467]
I tensorflow/core/kernels/logging_ops.cc:79] Node 3 dequeues token: [467]
I tensorflow/core/kernels/logging_ops.cc:79] Node 1 dequeues token: [467]
I tensorflow/core/kernels/logging_ops.cc:79] Node 0 dequeues token: [467]
I tensorflow/core/kernels/logging_ops.cc:79] ~~~~~ daniter~~~ GLobalstep:[468][0.00030631362 0.00062535069...]
I tensorflow/core/kernels/logging_ops.cc:79] Node 0 dequeues token: [468]
I tensorflow/core/kernels/logging_ops.cc:79] Node 3 dequeues token: [468]
I tensorflow/core/kernels/logging_ops.cc:79] Node 2 dequeues token: [468]
I tensorflow/core/kernels/logging_ops.cc:79] Node 1 dequeues token: [468]
I tensorflow/core/kernels/logging_ops.cc:79] ~~~~~ daniter~~~ GLobalstep:[469][0.00015895373 0.00035409426...]
I tensorflow/core/kernels/logging_ops.cc:79] Node 2 dequeues token: [469]
I tensorflow/core/kernels/logging_ops.cc:79] Node 3 dequeues token: [469]
I tensorflow/core/kernels/logging_ops.cc:79] Node 0 dequeues token: [469]
I tensorflow/core/kernels/logging_ops.cc:79] Node 1 dequeues token: [469]
I tensorflow/core/kernels/logging_ops.cc:79] ~~~~~ daniter~~~ GLobalstep:[470][-0.00022747155 -0.00033368493...]
I tensorflow/core/kernels/logging_ops.cc:79] Node 0 dequeues token: [470]
I tensorflow/core/kernels/logging_ops.cc:79] Node 2 dequeues token: [470]
I tensorflow/core/kernels/logging_ops.cc:79] Node 1 dequeues token: [470]
I tensorflow/core/kernels/logging_ops.cc:79] Node 3 dequeues token: [470]
I tensorflow/core/kernels/logging_ops.cc:79] ~~~~~ daniter~~~ GLobalstep:[471][2.8551585e-07 0.00069810689...]
I tensorflow/core/kernels/logging_ops.cc:79] Node 1 dequeues token: [471]
I tensorflow/core/kernels/logging_ops.cc:79] Node 2 dequeues token: [471]
I tensorflow/core/kernels/logging_ops.cc:79] Node 3 dequeues token: [471]
I tensorflow/core/kernels/logging_ops.cc:79] Node 0 dequeues token: [471]
I tensorflow/core/kernels/logging_ops.cc:79] ~~~~~ daniter~~~ GLobalstep:[472][-0.00031247616 -7.4898351e-05...]
I tensorflow/core/kernels/logging_ops.cc:79] Node 1 dequeues token: [472]
I tensorflow/core/kernels/logging_ops.cc:79] Node 2 dequeues token: [472]
I tensorflow/core/kernels/logging_ops.cc:79] Node 0 dequeues token: [472]
I tensorflow/core/kernels/logging_ops.cc:79] Node 3 dequeues token: [472]
I tensorflow/core/kernels/logging_ops.cc:79] ~~~~~ daniter~~~ GLobalstep:[473][4.7111578e-05 7.2176204e-05...]
I tensorflow/core/kernels/logging_ops.cc:79] Node 2 dequeues token: [473]
I tensorflow/core/kernels/logging_ops.cc:79] Node 3 dequeues token: [473]
I tensorflow/core/kernels/logging_ops.cc:79] Node 1 dequeues token: [473]
I tensorflow/core/kernels/logging_ops.cc:79] Node 0 dequeues token: [473]
I tensorflow/core/kernels/logging_ops.cc:79] ~~~~~ daniter~~~ GLobalstep:[474][-0.00016523212 0.00020443538...]
I tensorflow/core/kernels/logging_ops.cc:79] Node 2 dequeues token: [474]
I tensorflow/core/kernels/logging_ops.cc:79] Node 1 dequeues token: [474]
I tensorflow/core/kernels/logging_ops.cc:79] Node 0 dequeues token: [474]
I tensorflow/core/kernels/logging_ops.cc:79] Node 3 dequeues token: [474]
I tensorflow/core/kernels/logging_ops.cc:79] ~~~~~ daniter~~~ GLobalstep:[475][7.1912487e-05 -0.00016686598...]
I tensorflow/core/kernels/logging_ops.cc:79] Node 2 dequeues token: [475]
I tensorflow/core/kernels/logging_ops.cc:79] Node 3 dequeues token: [475]
I tensorflow/core/kernels/logging_ops.cc:79] Node 0 dequeues token: [475]
I tensorflow/core/kernels/logging_ops.cc:79] Node 1 dequeues token: [475]
I tensorflow/core/kernels/logging_ops.cc:79] ~~~~~ daniter~~~ GLobalstep:[476][-0.0006246384 -0.00032862247...]
I tensorflow/core/kernels/logging_ops.cc:79] Node 2 dequeues token: [476]
I tensorflow/core/kernels/logging_ops.cc:79] Node 3 dequeues token: [476]
I tensorflow/core/kernels/logging_ops.cc:79] Node 1 dequeues token: [476]
I tensorflow/core/kernels/logging_ops.cc:79] Node 0 dequeues token: [476]
I tensorflow/core/kernels/logging_ops.cc:79] ~~~~~ daniter~~~ GLobalstep:[477][-0.00070207688 -4.3235508e-05...]
I tensorflow/core/kernels/logging_ops.cc:79] Node 2 dequeues token: [477]
I tensorflow/core/kernels/logging_ops.cc:79] Node 3 dequeues token: [477]
I tensorflow/core/kernels/logging_ops.cc:79] Node 0 dequeues token: [477]
I tensorflow/core/kernels/logging_ops.cc:79] Node 1 dequeues token: [477]
I tensorflow/core/kernels/logging_ops.cc:79] ~~~~~ daniter~~~ GLobalstep:[478][-0.0011527289 -0.00086688082...]
I tensorflow/core/kernels/logging_ops.cc:79] Node 3 dequeues token: [478]
I tensorflow/core/kernels/logging_ops.cc:79] Node 2 dequeues token: [478]
I tensorflow/core/kernels/logging_ops.cc:79] Node 1 dequeues token: [478]
I tensorflow/core/kernels/logging_ops.cc:79] Node 0 dequeues token: [478]
I tensorflow/core/kernels/logging_ops.cc:79] ~~~~~ daniter~~~ GLobalstep:[479][0.00032503105 -0.00028132473...]
I tensorflow/core/kernels/logging_ops.cc:79] Node 2 dequeues token: [479]
I tensorflow/core/kernels/logging_ops.cc:79] Node 1 dequeues token: [479]
I tensorflow/core/kernels/logging_ops.cc:79] Node 3 dequeues token: [479]
I tensorflow/core/kernels/logging_ops.cc:79] Node 0 dequeues token: [479]
I tensorflow/core/kernels/logging_ops.cc:79] ~~~~~ daniter~~~ GLobalstep:[480][-0.00034323751 -0.0001611419...]
I tensorflow/core/kernels/logging_ops.cc:79] Node 0 dequeues token: [480]
I tensorflow/core/kernels/logging_ops.cc:79] Node 2 dequeues token: [480]
I tensorflow/core/kernels/logging_ops.cc:79] Node 1 dequeues token: [480]
I tensorflow/core/kernels/logging_ops.cc:79] Node 3 dequeues token: [480]
I tensorflow/core/kernels/logging_ops.cc:79] ~~~~~ daniter~~~ GLobalstep:[481][-0.00037806615 -0.00039398621...]
I tensorflow/core/kernels/logging_ops.cc:79] Node 2 dequeues token: [481]
I tensorflow/core/kernels/logging_ops.cc:79] Node 1 dequeues token: [481]
I tensorflow/core/kernels/logging_ops.cc:79] Node 0 dequeues token: [481]
I tensorflow/core/kernels/logging_ops.cc:79] Node 3 dequeues token: [481]
I tensorflow/core/kernels/logging_ops.cc:79] ~~~~~ daniter~~~ GLobalstep:[482][0.002303822 0.00039212717...]
I tensorflow/core/kernels/logging_ops.cc:79] Node 1 dequeues token: [482]
I tensorflow/core/kernels/logging_ops.cc:79] Node 3 dequeues token: [482]
I tensorflow/core/kernels/logging_ops.cc:79] Node 0 dequeues token: [482]
I tensorflow/core/kernels/logging_ops.cc:79] Node 2 dequeues token: [482]
I tensorflow/core/kernels/logging_ops.cc:79] ~~~~~ daniter~~~ GLobalstep:[483][0.00026845821 0.00031818578...]
I tensorflow/core/kernels/logging_ops.cc:79] Node 1 dequeues token: [483]
I tensorflow/core/kernels/logging_ops.cc:79] Node 3 dequeues token: [483]
I tensorflow/core/kernels/logging_ops.cc:79] Node 0 dequeues token: [483]
I tensorflow/core/kernels/logging_ops.cc:79] Node 2 dequeues token: [483]
I tensorflow/core/kernels/logging_ops.cc:79] ~~~~~ daniter~~~ GLobalstep:[484][0.00026434253 -0.00038578775...]
I tensorflow/core/kernels/logging_ops.cc:79] Node 2 dequeues token: [484]
I tensorflow/core/kernels/logging_ops.cc:79] Node 1 dequeues token: [484]
I tensorflow/core/kernels/logging_ops.cc:79] Node 0 dequeues token: [484]
I tensorflow/core/kernels/logging_ops.cc:79] Node 3 dequeues token: [484]
I tensorflow/core/kernels/logging_ops.cc:79] ~~~~~ daniter~~~ GLobalstep:[485][0.00026168663 -0.00030078209...]
I tensorflow/core/kernels/logging_ops.cc:79] Node 0 dequeues token: [485]
I tensorflow/core/kernels/logging_ops.cc:79] Node 1 dequeues token: [485]
I tensorflow/core/kernels/logging_ops.cc:79] Node 3 dequeues token: [485]
I tensorflow/core/kernels/logging_ops.cc:79] Node 2 dequeues token: [485]
I tensorflow/core/kernels/logging_ops.cc:79] ~~~~~ daniter~~~ GLobalstep:[486][-0.00034064223 3.2889948e-06...]
I tensorflow/core/kernels/logging_ops.cc:79] Node 2 dequeues token: [486]
I tensorflow/core/kernels/logging_ops.cc:79] Node 3 dequeues token: [486]
I tensorflow/core/kernels/logging_ops.cc:79] Node 1 dequeues token: [486]
I tensorflow/core/kernels/logging_ops.cc:79] Node 0 dequeues token: [486]
I tensorflow/core/kernels/logging_ops.cc:79] ~~~~~ daniter~~~ GLobalstep:[487][0.00041662087 -0.00037321591...]
I tensorflow/core/kernels/logging_ops.cc:79] Node 3 dequeues token: [487]
I tensorflow/core/kernels/logging_ops.cc:79] Node 1 dequeues token: [487]
I tensorflow/core/kernels/logging_ops.cc:79] Node 2 dequeues token: [487]
I tensorflow/core/kernels/logging_ops.cc:79] Node 0 dequeues token: [487]
I tensorflow/core/kernels/logging_ops.cc:79] ~~~~~ daniter~~~ GLobalstep:[488][0.00034205685 0.00014407211...]
I tensorflow/core/kernels/logging_ops.cc:79] Node 1 dequeues token: [488]
I tensorflow/core/kernels/logging_ops.cc:79] Node 0 dequeues token: [488]
I tensorflow/core/kernels/logging_ops.cc:79] Node 2 dequeues token: [488]
I tensorflow/core/kernels/logging_ops.cc:79] Node 3 dequeues token: [488]
I tensorflow/core/kernels/logging_ops.cc:79] ~~~~~ daniter~~~ GLobalstep:[489][-0.00026883764 -0.000716786...]
I tensorflow/core/kernels/logging_ops.cc:79] Node 0 dequeues token: [489]
I tensorflow/core/kernels/logging_ops.cc:79] Node 2 dequeues token: [489]
I tensorflow/core/kernels/logging_ops.cc:79] Node 1 dequeues token: [489]
I tensorflow/core/kernels/logging_ops.cc:79] Node 3 dequeues token: [489]
I tensorflow/core/kernels/logging_ops.cc:79] ~~~~~ daniter~~~ GLobalstep:[490][-0.001010497 -9.872076e-05...]
I tensorflow/core/kernels/logging_ops.cc:79] Node 0 dequeues token: [490]
I tensorflow/core/kernels/logging_ops.cc:79] Node 3 dequeues token: [490]
I tensorflow/core/kernels/logging_ops.cc:79] Node 1 dequeues token: [490]
I tensorflow/core/kernels/logging_ops.cc:79] Node 2 dequeues token: [490]
I tensorflow/core/kernels/logging_ops.cc:79] ~~~~~ daniter~~~ GLobalstep:[491][0.00034335634 -0.0008275772...]
I tensorflow/core/kernels/logging_ops.cc:79] Node 3 dequeues token: [491]
I tensorflow/core/kernels/logging_ops.cc:79] Node 2 dequeues token: [491]
I tensorflow/core/kernels/logging_ops.cc:79] Node 1 dequeues token: [491]
I tensorflow/core/kernels/logging_ops.cc:79] Node 0 dequeues token: [491]
I tensorflow/core/kernels/logging_ops.cc:79] ~~~~~ daniter~~~ GLobalstep:[492][-0.00088353688 2.9708237e-05...]
I tensorflow/core/kernels/logging_ops.cc:79] Node 2 dequeues token: [492]
I tensorflow/core/kernels/logging_ops.cc:79] Node 1 dequeues token: [492]
I tensorflow/core/kernels/logging_ops.cc:79] Node 0 dequeues token: [492]
I tensorflow/core/kernels/logging_ops.cc:79] Node 3 dequeues token: [492]
I tensorflow/core/kernels/logging_ops.cc:79] ~~~~~ daniter~~~ GLobalstep:[493][0.00064325659 -1.3727753e-05...]
I tensorflow/core/kernels/logging_ops.cc:79] Node 2 dequeues token: [493]
I tensorflow/core/kernels/logging_ops.cc:79] Node 0 dequeues token: [493]
I tensorflow/core/kernels/logging_ops.cc:79] Node 1 dequeues token: [493]
I tensorflow/core/kernels/logging_ops.cc:79] Node 3 dequeues token: [493]
I tensorflow/core/kernels/logging_ops.cc:79] ~~~~~ daniter~~~ GLobalstep:[494][-0.00079766376 -0.00024559919...]
I tensorflow/core/kernels/logging_ops.cc:79] Node 1 dequeues token: [494]
I tensorflow/core/kernels/logging_ops.cc:79] Node 0 dequeues token: [494]
I tensorflow/core/kernels/logging_ops.cc:79] Node 2 dequeues token: [494]
I tensorflow/core/kernels/logging_ops.cc:79] Node 3 dequeues token: [494]
I tensorflow/core/kernels/logging_ops.cc:79] ~~~~~ daniter~~~ GLobalstep:[495][-0.0010469476 -3.0637864e-05...]
I tensorflow/core/kernels/logging_ops.cc:79] Node 1 dequeues token: [495]
I tensorflow/core/kernels/logging_ops.cc:79] Node 2 dequeues token: [495]
I tensorflow/core/kernels/logging_ops.cc:79] Node 0 dequeues token: [495]
I tensorflow/core/kernels/logging_ops.cc:79] Node 3 dequeues token: [495]
I tensorflow/core/kernels/logging_ops.cc:79] ~~~~~ daniter~~~ GLobalstep:[496][-0.000430365 0.00019445838...]
I tensorflow/core/kernels/logging_ops.cc:79] Node 0 dequeues token: [496]
I tensorflow/core/kernels/logging_ops.cc:79] Node 1 dequeues token: [496]
I tensorflow/core/kernels/logging_ops.cc:79] Node 3 dequeues token: [496]
I tensorflow/core/kernels/logging_ops.cc:79] Node 2 dequeues token: [496]
I tensorflow/core/kernels/logging_ops.cc:79] ~~~~~ daniter~~~ GLobalstep:[497][-0.00025646493 -0.00050201494...]
I tensorflow/core/kernels/logging_ops.cc:79] Node 3 dequeues token: [497]
I tensorflow/core/kernels/logging_ops.cc:79] Node 1 dequeues token: [497]
I tensorflow/core/kernels/logging_ops.cc:79] Node 0 dequeues token: [497]
I tensorflow/core/kernels/logging_ops.cc:79] Node 2 dequeues token: [497]
I tensorflow/core/kernels/logging_ops.cc:79] ~~~~~ daniter~~~ GLobalstep:[498][0.00036903055 0.00039112053...]
I tensorflow/core/kernels/logging_ops.cc:79] Node 1 dequeues token: [498]
I tensorflow/core/kernels/logging_ops.cc:79] Node 3 dequeues token: [498]
I tensorflow/core/kernels/logging_ops.cc:79] Node 0 dequeues token: [498]
I tensorflow/core/kernels/logging_ops.cc:79] Node 2 dequeues token: [498]
I tensorflow/core/kernels/logging_ops.cc:79] ~~~~~ daniter~~~ GLobalstep:[499][0.00047461459 1.3626239e-05...]
I tensorflow/core/kernels/logging_ops.cc:79] Node 2 dequeues token: [499]
I tensorflow/core/kernels/logging_ops.cc:79] Node 0 dequeues token: [499]
I tensorflow/core/kernels/logging_ops.cc:79] Node 1 dequeues token: [499]
I tensorflow/core/kernels/logging_ops.cc:79] Node 3 dequeues token: [499]
I tensorflow/core/kernels/logging_ops.cc:79] ~~~~~ daniter~~~ GLobalstep:[500][9.06997e-05 0.00035129511...]
I tensorflow/core/kernels/logging_ops.cc:79] Node 3 dequeues token: [500]
I tensorflow/core/kernels/logging_ops.cc:79] Node 0 dequeues token: [500]
I tensorflow/core/kernels/logging_ops.cc:79] Node 2 dequeues token: [500]
I tensorflow/core/kernels/logging_ops.cc:79] Node 1 dequeues token: [500]
I tensorflow/core/kernels/logging_ops.cc:79] ~~~~~ daniter~~~ GLobalstep:[501][-0.00055738282 -9.3899143e-05...]
I tensorflow/core/kernels/logging_ops.cc:79] Node 2 dequeues token: [501]
I tensorflow/core/kernels/logging_ops.cc:79] Node 1 dequeues token: [501]
I tensorflow/core/kernels/logging_ops.cc:79] Node 0 dequeues token: [501]
I tensorflow/core/kernels/logging_ops.cc:79] Node 3 dequeues token: [501]
I tensorflow/core/kernels/logging_ops.cc:79] ~~~~~ daniter~~~ GLobalstep:[502][0.00036062874 6.0701288e-05...]
I tensorflow/core/kernels/logging_ops.cc:79] Node 3 dequeues token: [502]
I tensorflow/core/kernels/logging_ops.cc:79] Node 0 dequeues token: [502]
I tensorflow/core/kernels/logging_ops.cc:79] Node 1 dequeues token: [502]
I tensorflow/core/kernels/logging_ops.cc:79] Node 2 dequeues token: [502]
I tensorflow/core/kernels/logging_ops.cc:79] ~~~~~ daniter~~~ GLobalstep:[503][-0.00015818949 1.1551419e-05...]
I tensorflow/core/kernels/logging_ops.cc:79] Node 0 dequeues token: [503]
I tensorflow/core/kernels/logging_ops.cc:79] Node 1 dequeues token: [503]
I tensorflow/core/kernels/logging_ops.cc:79] Node 2 dequeues token: [503]
I tensorflow/core/kernels/logging_ops.cc:79] Node 3 dequeues token: [503]
I tensorflow/core/kernels/logging_ops.cc:79] ~~~~~ daniter~~~ GLobalstep:[504][0.00014915901 -3.6296078e-05...]
I tensorflow/core/kernels/logging_ops.cc:79] Node 2 dequeues token: [504]
I tensorflow/core/kernels/logging_ops.cc:79] Node 1 dequeues token: [504]
I tensorflow/core/kernels/logging_ops.cc:79] Node 0 dequeues token: [504]
I tensorflow/core/kernels/logging_ops.cc:79] Node 3 dequeues token: [504]
I tensorflow/core/kernels/logging_ops.cc:79] ~~~~~ daniter~~~ GLobalstep:[505][-0.00036621204 0.00048000761...]
I tensorflow/core/kernels/logging_ops.cc:79] Node 3 dequeues token: [505]
I tensorflow/core/kernels/logging_ops.cc:79] Node 0 dequeues token: [505]
I tensorflow/core/kernels/logging_ops.cc:79] Node 2 dequeues token: [505]
I tensorflow/core/kernels/logging_ops.cc:79] Node 1 dequeues token: [505]
I tensorflow/core/kernels/logging_ops.cc:79] ~~~~~ daniter~~~ GLobalstep:[506][9.8850011e-05 0.00041348673...]
I tensorflow/core/kernels/logging_ops.cc:79] Node 0 dequeues token: [506]
I tensorflow/core/kernels/logging_ops.cc:79] Node 2 dequeues token: [506]
I tensorflow/core/kernels/logging_ops.cc:79] Node 1 dequeues token: [506]
I tensorflow/core/kernels/logging_ops.cc:79] Node 3 dequeues token: [506]
I tensorflow/core/kernels/logging_ops.cc:79] ~~~~~ daniter~~~ GLobalstep:[507][-0.0010777694 0.0004073554...]
I tensorflow/core/kernels/logging_ops.cc:79] Node 3 dequeues token: [507]
I tensorflow/core/kernels/logging_ops.cc:79] Node 0 dequeues token: [507]
I tensorflow/core/kernels/logging_ops.cc:79] Node 1 dequeues token: [507]
I tensorflow/core/kernels/logging_ops.cc:79] Node 2 dequeues token: [507]
I tensorflow/core/kernels/logging_ops.cc:79] ~~~~~ daniter~~~ GLobalstep:[508][0.00011749853 -0.00023126362...]
I tensorflow/core/kernels/logging_ops.cc:79] Node 1 dequeues token: [508]
I tensorflow/core/kernels/logging_ops.cc:79] Node 3 dequeues token: [508]
I tensorflow/core/kernels/logging_ops.cc:79] Node 2 dequeues token: [508]
I tensorflow/core/kernels/logging_ops.cc:79] Node 0 dequeues token: [508]
I tensorflow/core/kernels/logging_ops.cc:79] ~~~~~ daniter~~~ GLobalstep:[509][0.00033247532 0.00078583544...]
I tensorflow/core/kernels/logging_ops.cc:79] Node 2 dequeues token: [509]
I tensorflow/core/kernels/logging_ops.cc:79] Node 3 dequeues token: [509]
I tensorflow/core/kernels/logging_ops.cc:79] Node 0 dequeues token: [509]
I tensorflow/core/kernels/logging_ops.cc:79] Node 1 dequeues token: [509]
I tensorflow/core/kernels/logging_ops.cc:79] ~~~~~ daniter~~~ GLobalstep:[510][0.00033804862 -0.00072709034...]
I tensorflow/core/kernels/logging_ops.cc:79] Node 3 dequeues token: [510]
I tensorflow/core/kernels/logging_ops.cc:79] Node 1 dequeues token: [510]
I tensorflow/core/kernels/logging_ops.cc:79] Node 2 dequeues token: [510]
I tensorflow/core/kernels/logging_ops.cc:79] Node 0 dequeues token: [510]
I tensorflow/core/kernels/logging_ops.cc:79] ~~~~~ daniter~~~ GLobalstep:[511][0.00034252222 -0.00024098746...]
I tensorflow/core/kernels/logging_ops.cc:79] Node 0 dequeues token: [511]
I tensorflow/core/kernels/logging_ops.cc:79] Node 2 dequeues token: [511]
I tensorflow/core/kernels/logging_ops.cc:79] Node 1 dequeues token: [511]
I tensorflow/core/kernels/logging_ops.cc:79] Node 3 dequeues token: [511]
I tensorflow/core/kernels/logging_ops.cc:79] ~~~~~ daniter~~~ GLobalstep:[512][-0.00060239085 0.00016485102...]
I tensorflow/core/kernels/logging_ops.cc:79] Node 0 dequeues token: [512]
I tensorflow/core/kernels/logging_ops.cc:79] Node 3 dequeues token: [512]
I tensorflow/core/kernels/logging_ops.cc:79] Node 2 dequeues token: [512]
I tensorflow/core/kernels/logging_ops.cc:79] Node 1 dequeues token: [512]
I tensorflow/core/kernels/logging_ops.cc:79] ~~~~~ daniter~~~ GLobalstep:[513][-0.00025722 -0.00013345928...]
I tensorflow/core/kernels/logging_ops.cc:79] Node 2 dequeues token: [513]
I tensorflow/core/kernels/logging_ops.cc:79] Node 3 dequeues token: [513]
I tensorflow/core/kernels/logging_ops.cc:79] Node 0 dequeues token: [513]
I tensorflow/core/kernels/logging_ops.cc:79] Node 1 dequeues token: [513]
I tensorflow/core/kernels/logging_ops.cc:79] ~~~~~ daniter~~~ GLobalstep:[514][-0.00092867471 0.00047060123...]
I tensorflow/core/kernels/logging_ops.cc:79] Node 0 dequeues token: [514]
I tensorflow/core/kernels/logging_ops.cc:79] Node 3 dequeues token: [514]
I tensorflow/core/kernels/logging_ops.cc:79] Node 1 dequeues token: [514]
I tensorflow/core/kernels/logging_ops.cc:79] Node 2 dequeues token: [514]
I tensorflow/core/kernels/logging_ops.cc:79] ~~~~~ daniter~~~ GLobalstep:[515][0.00059208681 -0.00026502626...]
I tensorflow/core/kernels/logging_ops.cc:79] Node 2 dequeues token: [515]
I tensorflow/core/kernels/logging_ops.cc:79] Node 0 dequeues token: [515]
I tensorflow/core/kernels/logging_ops.cc:79] Node 1 dequeues token: [515]
I tensorflow/core/kernels/logging_ops.cc:79] Node 3 dequeues token: [515]
I tensorflow/core/kernels/logging_ops.cc:79] ~~~~~ daniter~~~ GLobalstep:[516][0.00080483808 4.4988992e-06...]
I tensorflow/core/kernels/logging_ops.cc:79] Node 3 dequeues token: [516]
I tensorflow/core/kernels/logging_ops.cc:79] Node 0 dequeues token: [516]
I tensorflow/core/kernels/logging_ops.cc:79] Node 1 dequeues token: [516]
I tensorflow/core/kernels/logging_ops.cc:79] Node 2 dequeues token: [516]
I tensorflow/core/kernels/logging_ops.cc:79] ~~~~~ daniter~~~ GLobalstep:[517][0.00015304959 -2.183186e-05...]
I tensorflow/core/kernels/logging_ops.cc:79] Node 2 dequeues token: [517]
I tensorflow/core/kernels/logging_ops.cc:79] Node 1 dequeues token: [517]
I tensorflow/core/kernels/logging_ops.cc:79] Node 3 dequeues token: [517]
I tensorflow/core/kernels/logging_ops.cc:79] Node 0 dequeues token: [517]
I tensorflow/core/kernels/logging_ops.cc:79] ~~~~~ daniter~~~ GLobalstep:[518][0.00015259576 0.0003098259...]
I tensorflow/core/kernels/logging_ops.cc:79] Node 2 dequeues token: [518]
I tensorflow/core/kernels/logging_ops.cc:79] Node 3 dequeues token: [518]
I tensorflow/core/kernels/logging_ops.cc:79] Node 0 dequeues token: [518]
I tensorflow/core/kernels/logging_ops.cc:79] Node 1 dequeues token: [518]
I tensorflow/core/kernels/logging_ops.cc:79] ~~~~~ daniter~~~ GLobalstep:[519][-0.00059463404 7.6442389e-05...]
I tensorflow/core/kernels/logging_ops.cc:79] Node 2 dequeues token: [519]
I tensorflow/core/kernels/logging_ops.cc:79] Node 0 dequeues token: [519]
I tensorflow/core/kernels/logging_ops.cc:79] Node 3 dequeues token: [519]
I tensorflow/core/kernels/logging_ops.cc:79] Node 1 dequeues token: [519]
I tensorflow/core/kernels/logging_ops.cc:79] ~~~~~ daniter~~~ GLobalstep:[520][0.00063747662 3.4108874e-05...]
I tensorflow/core/kernels/logging_ops.cc:79] Node 3 dequeues token: [520]
I tensorflow/core/kernels/logging_ops.cc:79] Node 1 dequeues token: [520]
I tensorflow/core/kernels/logging_ops.cc:79] Node 2 dequeues token: [520]
I tensorflow/core/kernels/logging_ops.cc:79] Node 0 dequeues token: [520]
I tensorflow/core/kernels/logging_ops.cc:79] ~~~~~ daniter~~~ GLobalstep:[521][0.00022087964 -0.00020052434...]
I tensorflow/core/kernels/logging_ops.cc:79] Node 1 dequeues token: [521]
I tensorflow/core/kernels/logging_ops.cc:79] Node 2 dequeues token: [521]
I tensorflow/core/kernels/logging_ops.cc:79] Node 0 dequeues token: [521]
I tensorflow/core/kernels/logging_ops.cc:79] Node 3 dequeues token: [521]
I tensorflow/core/kernels/logging_ops.cc:79] ~~~~~ daniter~~~ GLobalstep:[522][-0.0013069746 -0.00021520973...]
I tensorflow/core/kernels/logging_ops.cc:79] Node 0 dequeues token: [522]
I tensorflow/core/kernels/logging_ops.cc:79] Node 3 dequeues token: [522]
I tensorflow/core/kernels/logging_ops.cc:79] Node 1 dequeues token: [522]
I tensorflow/core/kernels/logging_ops.cc:79] Node 2 dequeues token: [522]
I tensorflow/core/kernels/logging_ops.cc:79] ~~~~~ daniter~~~ GLobalstep:[523][-0.0013133435 0.00054030033...]
I tensorflow/core/kernels/logging_ops.cc:79] Node 0 dequeues token: [523]
I tensorflow/core/kernels/logging_ops.cc:79] Node 2 dequeues token: [523]
I tensorflow/core/kernels/logging_ops.cc:79] Node 1 dequeues token: [523]
I tensorflow/core/kernels/logging_ops.cc:79] Node 3 dequeues token: [523]
I tensorflow/core/kernels/logging_ops.cc:79] ~~~~~ daniter~~~ GLobalstep:[524][-0.0012999699 0.0005799497...]
I tensorflow/core/kernels/logging_ops.cc:79] Node 0 dequeues token: [524]
I tensorflow/core/kernels/logging_ops.cc:79] Node 2 dequeues token: [524]
I tensorflow/core/kernels/logging_ops.cc:79] Node 3 dequeues token: [524]
I tensorflow/core/kernels/logging_ops.cc:79] Node 1 dequeues token: [524]
I tensorflow/core/kernels/logging_ops.cc:79] ~~~~~ daniter~~~ GLobalstep:[525][-0.00044941937 0.00096086209...]
I tensorflow/core/kernels/logging_ops.cc:79] Node 3 dequeues token: [525]
I tensorflow/core/kernels/logging_ops.cc:79] Node 1 dequeues token: [525]
I tensorflow/core/kernels/logging_ops.cc:79] Node 2 dequeues token: [525]
I tensorflow/core/kernels/logging_ops.cc:79] Node 0 dequeues token: [525]
I tensorflow/core/kernels/logging_ops.cc:79] ~~~~~ daniter~~~ GLobalstep:[526][2.5735761e-05 -0.00024914782...]
I tensorflow/core/kernels/logging_ops.cc:79] Node 0 dequeues token: [526]
I tensorflow/core/kernels/logging_ops.cc:79] Node 3 dequeues token: [526]
I tensorflow/core/kernels/logging_ops.cc:79] Node 1 dequeues token: [526]
I tensorflow/core/kernels/logging_ops.cc:79] Node 2 dequeues token: [526]
I tensorflow/core/kernels/logging_ops.cc:79] ~~~~~ daniter~~~ GLobalstep:[527][-0.00098525663 0.00020040695...]
I tensorflow/core/kernels/logging_ops.cc:79] Node 2 dequeues token: [527]
I tensorflow/core/kernels/logging_ops.cc:79] Node 1 dequeues token: [527]
I tensorflow/core/kernels/logging_ops.cc:79] Node 3 dequeues token: [527]
I tensorflow/core/kernels/logging_ops.cc:79] Node 0 dequeues token: [527]
I tensorflow/core/kernels/logging_ops.cc:79] ~~~~~ daniter~~~ GLobalstep:[528][-9.1587281e-06 0.00018032891...]
I tensorflow/core/kernels/logging_ops.cc:79] Node 3 dequeues token: [528]
I tensorflow/core/kernels/logging_ops.cc:79] Node 0 dequeues token: [528]
I tensorflow/core/kernels/logging_ops.cc:79] Node 1 dequeues token: [528]
I tensorflow/core/kernels/logging_ops.cc:79] Node 2 dequeues token: [528]
I tensorflow/core/kernels/logging_ops.cc:79] ~~~~~ daniter~~~ GLobalstep:[529][-2.7321308e-05 0.00025020717...]
I tensorflow/core/kernels/logging_ops.cc:79] Node 0 dequeues token: [529]
I tensorflow/core/kernels/logging_ops.cc:79] Node 3 dequeues token: [529]
I tensorflow/core/kernels/logging_ops.cc:79] Node 2 dequeues token: [529]
I tensorflow/core/kernels/logging_ops.cc:79] Node 1 dequeues token: [529]
I tensorflow/core/kernels/logging_ops.cc:79] ~~~~~ daniter~~~ GLobalstep:[530][-0.00056628557 -0.00020429565...]
I tensorflow/core/kernels/logging_ops.cc:79] Node 0 dequeues token: [530]
I tensorflow/core/kernels/logging_ops.cc:79] Node 1 dequeues token: [530]
I tensorflow/core/kernels/logging_ops.cc:79] Node 2 dequeues token: [530]
I tensorflow/core/kernels/logging_ops.cc:79] Node 3 dequeues token: [530]
I tensorflow/core/kernels/logging_ops.cc:79] ~~~~~ daniter~~~ GLobalstep:[531][0.00018259295 0.00041284467...]
I tensorflow/core/kernels/logging_ops.cc:79] Node 0 dequeues token: [531]
I tensorflow/core/kernels/logging_ops.cc:79] Node 1 dequeues token: [531]
I tensorflow/core/kernels/logging_ops.cc:79] Node 2 dequeues token: [531]
I tensorflow/core/kernels/logging_ops.cc:79] Node 3 dequeues token: [531]
I tensorflow/core/kernels/logging_ops.cc:79] ~~~~~ daniter~~~ GLobalstep:[532][-0.00092428696 -0.0001625437...]
I tensorflow/core/kernels/logging_ops.cc:79] Node 0 dequeues token: [532]
I tensorflow/core/kernels/logging_ops.cc:79] Node 1 dequeues token: [532]
I tensorflow/core/kernels/logging_ops.cc:79] Node 2 dequeues token: [532]
I tensorflow/core/kernels/logging_ops.cc:79] Node 3 dequeues token: [532]
I tensorflow/core/kernels/logging_ops.cc:79] ~~~~~ daniter~~~ GLobalstep:[533][0.00038637922 0.00036888919...]
I tensorflow/core/kernels/logging_ops.cc:79] Node 1 dequeues token: [533]
I tensorflow/core/kernels/logging_ops.cc:79] Node 3 dequeues token: [533]
I tensorflow/core/kernels/logging_ops.cc:79] Node 2 dequeues token: [533]
I tensorflow/core/kernels/logging_ops.cc:79] Node 0 dequeues token: [533]
I tensorflow/core/kernels/logging_ops.cc:79] ~~~~~ daniter~~~ GLobalstep:[534][0.00067804696 0.00056693226...]
I tensorflow/core/kernels/logging_ops.cc:79] Node 1 dequeues token: [534]
I tensorflow/core/kernels/logging_ops.cc:79] Node 0 dequeues token: [534]
I tensorflow/core/kernels/logging_ops.cc:79] Node 2 dequeues token: [534]
I tensorflow/core/kernels/logging_ops.cc:79] Node 3 dequeues token: [534]
I tensorflow/core/kernels/logging_ops.cc:79] ~~~~~ daniter~~~ GLobalstep:[535][-2.0412641e-05 0.00044901634...]
I tensorflow/core/kernels/logging_ops.cc:79] Node 3 dequeues token: [535]
I tensorflow/core/kernels/logging_ops.cc:79] Node 0 dequeues token: [535]
I tensorflow/core/kernels/logging_ops.cc:79] Node 2 dequeues token: [535]
I tensorflow/core/kernels/logging_ops.cc:79] Node 1 dequeues token: [535]
I tensorflow/core/kernels/logging_ops.cc:79] ~~~~~ daniter~~~ GLobalstep:[536][0.0013142396 -0.00017331778...]
I tensorflow/core/kernels/logging_ops.cc:79] Node 1 dequeues token: [536]
I tensorflow/core/kernels/logging_ops.cc:79] Node 2 dequeues token: [536]
I tensorflow/core/kernels/logging_ops.cc:79] Node 3 dequeues token: [536]
I tensorflow/core/kernels/logging_ops.cc:79] Node 0 dequeues token: [536]
I tensorflow/core/kernels/logging_ops.cc:79] ~~~~~ daniter~~~ GLobalstep:[537][0.00060246215 0.0007616271...]
I tensorflow/core/kernels/logging_ops.cc:79] Node 1 dequeues token: [537]
I tensorflow/core/kernels/logging_ops.cc:79] Node 0 dequeues token: [537]
I tensorflow/core/kernels/logging_ops.cc:79] Node 3 dequeues token: [537]
I tensorflow/core/kernels/logging_ops.cc:79] Node 2 dequeues token: [537]
I tensorflow/core/kernels/logging_ops.cc:79] ~~~~~ daniter~~~ GLobalstep:[538][-0.00089418195 0.000353818...]
I tensorflow/core/kernels/logging_ops.cc:79] Node 3 dequeues token: [538]
I tensorflow/core/kernels/logging_ops.cc:79] Node 2 dequeues token: [538]
I tensorflow/core/kernels/logging_ops.cc:79] Node 0 dequeues token: [538]
I tensorflow/core/kernels/logging_ops.cc:79] Node 1 dequeues token: [538]
I tensorflow/core/kernels/logging_ops.cc:79] ~~~~~ daniter~~~ GLobalstep:[539][0.00035257687 4.8154412e-05...]
I tensorflow/core/kernels/logging_ops.cc:79] Node 1 dequeues token: [539]
I tensorflow/core/kernels/logging_ops.cc:79] Node 3 dequeues token: [539]
I tensorflow/core/kernels/logging_ops.cc:79] Node 0 dequeues token: [539]
I tensorflow/core/kernels/logging_ops.cc:79] Node 2 dequeues token: [539]
I tensorflow/core/kernels/logging_ops.cc:79] ~~~~~ daniter~~~ GLobalstep:[540][0.00020275112 -0.00039461578...]
I tensorflow/core/kernels/logging_ops.cc:79] Node 1 dequeues token: [540]
I tensorflow/core/kernels/logging_ops.cc:79] Node 3 dequeues token: [540]
I tensorflow/core/kernels/logging_ops.cc:79] Node 0 dequeues token: [540]
I tensorflow/core/kernels/logging_ops.cc:79] Node 2 dequeues token: [540]
I tensorflow/core/kernels/logging_ops.cc:79] ~~~~~ daniter~~~ GLobalstep:[541][-0.00017239453 0.00027053308...]
I tensorflow/core/kernels/logging_ops.cc:79] Node 2 dequeues token: [541]
I tensorflow/core/kernels/logging_ops.cc:79] Node 0 dequeues token: [541]
I tensorflow/core/kernels/logging_ops.cc:79] Node 1 dequeues token: [541]
I tensorflow/core/kernels/logging_ops.cc:79] Node 3 dequeues token: [541]
I tensorflow/core/kernels/logging_ops.cc:79] ~~~~~ daniter~~~ GLobalstep:[542][-0.00049574609 -0.00041318359...]
I tensorflow/core/kernels/logging_ops.cc:79] Node 1 dequeues token: [542]
I tensorflow/core/kernels/logging_ops.cc:79] Node 3 dequeues token: [542]
I tensorflow/core/kernels/logging_ops.cc:79] Node 2 dequeues token: [542]
I tensorflow/core/kernels/logging_ops.cc:79] Node 0 dequeues token: [542]
I tensorflow/core/kernels/logging_ops.cc:79] ~~~~~ daniter~~~ GLobalstep:[543][-0.0007730003 -0.00031874527...]
I tensorflow/core/kernels/logging_ops.cc:79] Node 2 dequeues token: [543]
I tensorflow/core/kernels/logging_ops.cc:79] Node 0 dequeues token: [543]
I tensorflow/core/kernels/logging_ops.cc:79] Node 3 dequeues token: [543]
I tensorflow/core/kernels/logging_ops.cc:79] Node 1 dequeues token: [543]
I tensorflow/core/kernels/logging_ops.cc:79] ~~~~~ daniter~~~ GLobalstep:[544][0.001042297 0.00052223209...]
I tensorflow/core/kernels/logging_ops.cc:79] Node 0 dequeues token: [544]
I tensorflow/core/kernels/logging_ops.cc:79] Node 2 dequeues token: [544]
I tensorflow/core/kernels/logging_ops.cc:79] Node 1 dequeues token: [544]
I tensorflow/core/kernels/logging_ops.cc:79] Node 3 dequeues token: [544]
I tensorflow/core/kernels/logging_ops.cc:79] ~~~~~ daniter~~~ GLobalstep:[545][0.00036452984 -0.00027684422...]
I tensorflow/core/kernels/logging_ops.cc:79] Node 1 dequeues token: [545]
I tensorflow/core/kernels/logging_ops.cc:79] Node 3 dequeues token: [545]
I tensorflow/core/kernels/logging_ops.cc:79] Node 2 dequeues token: [545]
I tensorflow/core/kernels/logging_ops.cc:79] Node 0 dequeues token: [545]
I tensorflow/core/kernels/logging_ops.cc:79] ~~~~~ daniter~~~ GLobalstep:[546][-0.00027790962 0.00017850327...]
I tensorflow/core/kernels/logging_ops.cc:79] Node 3 dequeues token: [546]
I tensorflow/core/kernels/logging_ops.cc:79] Node 1 dequeues token: [546]
I tensorflow/core/kernels/logging_ops.cc:79] Node 2 dequeues token: [546]
I tensorflow/core/kernels/logging_ops.cc:79] Node 0 dequeues token: [546]
I tensorflow/core/kernels/logging_ops.cc:79] ~~~~~ daniter~~~ GLobalstep:[547][-0.00072048604 0.000752142...]
I tensorflow/core/kernels/logging_ops.cc:79] Node 3 dequeues token: [547]
I tensorflow/core/kernels/logging_ops.cc:79] Node 0 dequeues token: [547]
I tensorflow/core/kernels/logging_ops.cc:79] Node 1 dequeues token: [547]
I tensorflow/core/kernels/logging_ops.cc:79] Node 2 dequeues token: [547]
I tensorflow/core/kernels/logging_ops.cc:79] ~~~~~ daniter~~~ GLobalstep:[548][-0.00023665451 -0.00029611369...]
I tensorflow/core/kernels/logging_ops.cc:79] Node 2 dequeues token: [548]
I tensorflow/core/kernels/logging_ops.cc:79] Node 3 dequeues token: [548]
I tensorflow/core/kernels/logging_ops.cc:79] Node 1 dequeues token: [548]
I tensorflow/core/kernels/logging_ops.cc:79] Node 0 dequeues token: [548]
I tensorflow/core/kernels/logging_ops.cc:79] ~~~~~ daniter~~~ GLobalstep:[549][0.00031929382 0.00018914003...]
I tensorflow/core/kernels/logging_ops.cc:79] Node 0 dequeues token: [549]
I tensorflow/core/kernels/logging_ops.cc:79] Node 3 dequeues token: [549]
I tensorflow/core/kernels/logging_ops.cc:79] Node 2 dequeues token: [549]
I tensorflow/core/kernels/logging_ops.cc:79] Node 1 dequeues token: [549]
I tensorflow/core/kernels/logging_ops.cc:79] ~~~~~ daniter~~~ GLobalstep:[550][0.00013392349 -0.00026920965...]
I tensorflow/core/kernels/logging_ops.cc:79] Node 3 dequeues token: [550]
I tensorflow/core/kernels/logging_ops.cc:79] Node 0 dequeues token: [550]
I tensorflow/core/kernels/logging_ops.cc:79] Node 1 dequeues token: [550]
I tensorflow/core/kernels/logging_ops.cc:79] Node 2 dequeues token: [550]
I tensorflow/core/kernels/logging_ops.cc:79] ~~~~~ daniter~~~ GLobalstep:[551][-0.00030149063 -0.0002798585...]
I tensorflow/core/kernels/logging_ops.cc:79] Node 1 dequeues token: [551]
I tensorflow/core/kernels/logging_ops.cc:79] Node 2 dequeues token: [551]
I tensorflow/core/kernels/logging_ops.cc:79] Node 0 dequeues token: [551]
I tensorflow/core/kernels/logging_ops.cc:79] Node 3 dequeues token: [551]
I tensorflow/core/kernels/logging_ops.cc:79] ~~~~~ daniter~~~ GLobalstep:[552][-0.0001963424 -0.00010898653...]
I tensorflow/core/kernels/logging_ops.cc:79] Node 1 dequeues token: [552]
I tensorflow/core/kernels/logging_ops.cc:79] Node 3 dequeues token: [552]
I tensorflow/core/kernels/logging_ops.cc:79] Node 0 dequeues token: [552]
I tensorflow/core/kernels/logging_ops.cc:79] Node 2 dequeues token: [552]
I tensorflow/core/kernels/logging_ops.cc:79] ~~~~~ daniter~~~ GLobalstep:[553][-0.00070589519 -0.00029776309...]
I tensorflow/core/kernels/logging_ops.cc:79] Node 1 dequeues token: [553]
I tensorflow/core/kernels/logging_ops.cc:79] Node 2 dequeues token: [553]
I tensorflow/core/kernels/logging_ops.cc:79] Node 3 dequeues token: [553]
I tensorflow/core/kernels/logging_ops.cc:79] Node 0 dequeues token: [553]
I tensorflow/core/kernels/logging_ops.cc:79] ~~~~~ daniter~~~ GLobalstep:[554][0.00023772073 -0.00062745251...]
I tensorflow/core/kernels/logging_ops.cc:79] Node 1 dequeues token: [554]
I tensorflow/core/kernels/logging_ops.cc:79] Node 3 dequeues token: [554]
I tensorflow/core/kernels/logging_ops.cc:79] Node 2 dequeues token: [554]
I tensorflow/core/kernels/logging_ops.cc:79] Node 0 dequeues token: [554]
I tensorflow/core/kernels/logging_ops.cc:79] ~~~~~ daniter~~~ GLobalstep:[555][0.001402695 0.00078102323...]
I tensorflow/core/kernels/logging_ops.cc:79] Node 2 dequeues token: [555]
I tensorflow/core/kernels/logging_ops.cc:79] Node 3 dequeues token: [555]
I tensorflow/core/kernels/logging_ops.cc:79] Node 0 dequeues token: [555]
I tensorflow/core/kernels/logging_ops.cc:79] Node 1 dequeues token: [555]
I tensorflow/core/kernels/logging_ops.cc:79] ~~~~~ daniter~~~ GLobalstep:[556][0.0012423566 -0.00052596955...]
I tensorflow/core/kernels/logging_ops.cc:79] Node 3 dequeues token: [556]
I tensorflow/core/kernels/logging_ops.cc:79] Node 0 dequeues token: [556]
I tensorflow/core/kernels/logging_ops.cc:79] Node 2 dequeues token: [556]
I tensorflow/core/kernels/logging_ops.cc:79] Node 1 dequeues token: [556]
I tensorflow/core/kernels/logging_ops.cc:79] ~~~~~ daniter~~~ GLobalstep:[557][-0.00047177504 -0.00076752942...]
I tensorflow/core/kernels/logging_ops.cc:79] Node 3 dequeues token: [557]
I tensorflow/core/kernels/logging_ops.cc:79] Node 0 dequeues token: [557]
I tensorflow/core/kernels/logging_ops.cc:79] Node 2 dequeues token: [557]
I tensorflow/core/kernels/logging_ops.cc:79] Node 1 dequeues token: [557]
I tensorflow/core/kernels/logging_ops.cc:79] ~~~~~ daniter~~~ GLobalstep:[558][0.0012625852 -2.7674847e-05...]
I tensorflow/core/kernels/logging_ops.cc:79] Node 2 dequeues token: [558]
I tensorflow/core/kernels/logging_ops.cc:79] Node 3 dequeues token: [558]
I tensorflow/core/kernels/logging_ops.cc:79] Node 1 dequeues token: [558]
I tensorflow/core/kernels/logging_ops.cc:79] Node 0 dequeues token: [558]
I tensorflow/core/kernels/logging_ops.cc:79] ~~~~~ daniter~~~ GLobalstep:[559][-0.00011436945 0.0001448999...]
I tensorflow/core/kernels/logging_ops.cc:79] Node 1 dequeues token: [559]
I tensorflow/core/kernels/logging_ops.cc:79] Node 2 dequeues token: [559]
I tensorflow/core/kernels/logging_ops.cc:79] Node 0 dequeues token: [559]
I tensorflow/core/kernels/logging_ops.cc:79] Node 3 dequeues token: [559]
I tensorflow/core/kernels/logging_ops.cc:79] ~~~~~ daniter~~~ GLobalstep:[560][0.0009891598 0.0003431536...]
I tensorflow/core/kernels/logging_ops.cc:79] Node 1 dequeues token: [560]
I tensorflow/core/kernels/logging_ops.cc:79] Node 3 dequeues token: [560]
I tensorflow/core/kernels/logging_ops.cc:79] Node 2 dequeues token: [560]
I tensorflow/core/kernels/logging_ops.cc:79] Node 0 dequeues token: [560]
I tensorflow/core/kernels/logging_ops.cc:79] ~~~~~ daniter~~~ GLobalstep:[561][0.00019292135 -0.00025230556...]
I tensorflow/core/kernels/logging_ops.cc:79] Node 3 dequeues token: [561]
I tensorflow/core/kernels/logging_ops.cc:79] Node 1 dequeues token: [561]
I tensorflow/core/kernels/logging_ops.cc:79] Node 2 dequeues token: [561]
I tensorflow/core/kernels/logging_ops.cc:79] Node 0 dequeues token: [561]
I tensorflow/core/kernels/logging_ops.cc:79] ~~~~~ daniter~~~ GLobalstep:[562][0.00052040187 0.0008025826...]
I tensorflow/core/kernels/logging_ops.cc:79] Node 0 dequeues token: [562]
I tensorflow/core/kernels/logging_ops.cc:79] Node 2 dequeues token: [562]
I tensorflow/core/kernels/logging_ops.cc:79] Node 3 dequeues token: [562]
I tensorflow/core/kernels/logging_ops.cc:79] Node 1 dequeues token: [562]
I tensorflow/core/kernels/logging_ops.cc:79] ~~~~~ daniter~~~ GLobalstep:[563][-0.0005730752 0.00037240458...]
I tensorflow/core/kernels/logging_ops.cc:79] Node 1 dequeues token: [563]
I tensorflow/core/kernels/logging_ops.cc:79] Node 2 dequeues token: [563]
I tensorflow/core/kernels/logging_ops.cc:79] Node 3 dequeues token: [563]
I tensorflow/core/kernels/logging_ops.cc:79] Node 0 dequeues token: [563]
I tensorflow/core/kernels/logging_ops.cc:79] ~~~~~ daniter~~~ GLobalstep:[564][-0.0011947326 -4.9659284e-05...]
I tensorflow/core/kernels/logging_ops.cc:79] Node 2 dequeues token: [564]
I tensorflow/core/kernels/logging_ops.cc:79] Node 3 dequeues token: [564]
I tensorflow/core/kernels/logging_ops.cc:79] Node 1 dequeues token: [564]
I tensorflow/core/kernels/logging_ops.cc:79] Node 0 dequeues token: [564]
I tensorflow/core/kernels/logging_ops.cc:79] ~~~~~ daniter~~~ GLobalstep:[565][0.0012892894 0.00055118976...]
I tensorflow/core/kernels/logging_ops.cc:79] Node 0 dequeues token: [565]
I tensorflow/core/kernels/logging_ops.cc:79] Node 1 dequeues token: [565]
I tensorflow/core/kernels/logging_ops.cc:79] Node 2 dequeues token: [565]
I tensorflow/core/kernels/logging_ops.cc:79] Node 3 dequeues token: [565]
I tensorflow/core/kernels/logging_ops.cc:79] ~~~~~ daniter~~~ GLobalstep:[566][0.00018980708 -0.00024689778...]
I tensorflow/core/kernels/logging_ops.cc:79] Node 2 dequeues token: [566]
I tensorflow/core/kernels/logging_ops.cc:79] Node 0 dequeues token: [566]
I tensorflow/core/kernels/logging_ops.cc:79] Node 1 dequeues token: [566]
I tensorflow/core/kernels/logging_ops.cc:79] Node 3 dequeues token: [566]
I tensorflow/core/kernels/logging_ops.cc:79] ~~~~~ daniter~~~ GLobalstep:[567][-0.00044360571 -0.00016110775...]
I tensorflow/core/kernels/logging_ops.cc:79] Node 1 dequeues token: [567]
I tensorflow/core/kernels/logging_ops.cc:79] Node 3 dequeues token: [567]
I tensorflow/core/kernels/logging_ops.cc:79] Node 2 dequeues token: [567]
I tensorflow/core/kernels/logging_ops.cc:79] Node 0 dequeues token: [567]
I tensorflow/core/kernels/logging_ops.cc:79] ~~~~~ daniter~~~ GLobalstep:[568][7.2471448e-07 -0.00086341193...]
I tensorflow/core/kernels/logging_ops.cc:79] Node 2 dequeues token: [568]
I tensorflow/core/kernels/logging_ops.cc:79] Node 3 dequeues token: [568]
I tensorflow/core/kernels/logging_ops.cc:79] Node 1 dequeues token: [568]
I tensorflow/core/kernels/logging_ops.cc:79] Node 0 dequeues token: [568]
I tensorflow/core/kernels/logging_ops.cc:79] ~~~~~ daniter~~~ GLobalstep:[569][-0.00065606728 -0.00018110554...]
I tensorflow/core/kernels/logging_ops.cc:79] Node 0 dequeues token: [569]
I tensorflow/core/kernels/logging_ops.cc:79] Node 3 dequeues token: [569]
I tensorflow/core/kernels/logging_ops.cc:79] Node 2 dequeues token: [569]
I tensorflow/core/kernels/logging_ops.cc:79] Node 1 dequeues token: [569]
I tensorflow/core/kernels/logging_ops.cc:79] ~~~~~ daniter~~~ GLobalstep:[570][0.00035776175 0.00013226412...]
I tensorflow/core/kernels/logging_ops.cc:79] Node 2 dequeues token: [570]
I tensorflow/core/kernels/logging_ops.cc:79] Node 3 dequeues token: [570]
I tensorflow/core/kernels/logging_ops.cc:79] Node 1 dequeues token: [570]
I tensorflow/core/kernels/logging_ops.cc:79] Node 0 dequeues token: [570]
I tensorflow/core/kernels/logging_ops.cc:79] ~~~~~ daniter~~~ GLobalstep:[571][0.00043595472 0.00031430204...]
I tensorflow/core/kernels/logging_ops.cc:79] Node 2 dequeues token: [571]
I tensorflow/core/kernels/logging_ops.cc:79] Node 1 dequeues token: [571]
I tensorflow/core/kernels/logging_ops.cc:79] Node 0 dequeues token: [571]
I tensorflow/core/kernels/logging_ops.cc:79] Node 3 dequeues token: [571]
I tensorflow/core/kernels/logging_ops.cc:79] ~~~~~ daniter~~~ GLobalstep:[572][4.7115667e-05 0.00025602346...]
I tensorflow/core/kernels/logging_ops.cc:79] Node 3 dequeues token: [572]
I tensorflow/core/kernels/logging_ops.cc:79] Node 0 dequeues token: [572]
I tensorflow/core/kernels/logging_ops.cc:79] Node 1 dequeues token: [572]
I tensorflow/core/kernels/logging_ops.cc:79] Node 2 dequeues token: [572]
I tensorflow/core/kernels/logging_ops.cc:79] ~~~~~ daniter~~~ GLobalstep:[573][0.00032696902 0.00052352378...]
I tensorflow/core/kernels/logging_ops.cc:79] Node 0 dequeues token: [573]
I tensorflow/core/kernels/logging_ops.cc:79] Node 3 dequeues token: [573]
I tensorflow/core/kernels/logging_ops.cc:79] Node 2 dequeues token: [573]
I tensorflow/core/kernels/logging_ops.cc:79] Node 1 dequeues token: [573]
I tensorflow/core/kernels/logging_ops.cc:79] ~~~~~ daniter~~~ GLobalstep:[574][0.00067257648 0.0001582538...]
I tensorflow/core/kernels/logging_ops.cc:79] Node 1 dequeues token: [574]
I tensorflow/core/kernels/logging_ops.cc:79] Node 3 dequeues token: [574]
I tensorflow/core/kernels/logging_ops.cc:79] Node 2 dequeues token: [574]
I tensorflow/core/kernels/logging_ops.cc:79] Node 0 dequeues token: [574]
I tensorflow/core/kernels/logging_ops.cc:79] ~~~~~ daniter~~~ GLobalstep:[575][5.056028e-05 -0.00014208203...]
I tensorflow/core/kernels/logging_ops.cc:79] Node 1 dequeues token: [575]
I tensorflow/core/kernels/logging_ops.cc:79] Node 3 dequeues token: [575]
I tensorflow/core/kernels/logging_ops.cc:79] Node 2 dequeues token: [575]
I tensorflow/core/kernels/logging_ops.cc:79] Node 0 dequeues token: [575]
I tensorflow/core/kernels/logging_ops.cc:79] ~~~~~ daniter~~~ GLobalstep:[576][-0.00019482229 0.0008269255...]
I tensorflow/core/kernels/logging_ops.cc:79] Node 3 dequeues token: [576]
I tensorflow/core/kernels/logging_ops.cc:79] Node 0 dequeues token: [576]
I tensorflow/core/kernels/logging_ops.cc:79] Node 1 dequeues token: [576]
I tensorflow/core/kernels/logging_ops.cc:79] Node 2 dequeues token: [576]
I tensorflow/core/kernels/logging_ops.cc:79] ~~~~~ daniter~~~ GLobalstep:[577][-0.00099071965 -0.00092745066...]
I tensorflow/core/kernels/logging_ops.cc:79] Node 1 dequeues token: [577]
I tensorflow/core/kernels/logging_ops.cc:79] Node 2 dequeues token: [577]
I tensorflow/core/kernels/logging_ops.cc:79] Node 3 dequeues token: [577]
I tensorflow/core/kernels/logging_ops.cc:79] Node 0 dequeues token: [577]
I tensorflow/core/kernels/logging_ops.cc:79] ~~~~~ daniter~~~ GLobalstep:[578][-0.0005714338 2.3018598e-05...]
I tensorflow/core/kernels/logging_ops.cc:79] Node 2 dequeues token: [578]
I tensorflow/core/kernels/logging_ops.cc:79] Node 0 dequeues token: [578]
I tensorflow/core/kernels/logging_ops.cc:79] Node 1 dequeues token: [578]
I tensorflow/core/kernels/logging_ops.cc:79] Node 3 dequeues token: [578]
I tensorflow/core/kernels/logging_ops.cc:79] ~~~~~ daniter~~~ GLobalstep:[579][-0.00037762555 -0.00016239914...]
I tensorflow/core/kernels/logging_ops.cc:79] Node 3 dequeues token: [579]
I tensorflow/core/kernels/logging_ops.cc:79] Node 1 dequeues token: [579]
I tensorflow/core/kernels/logging_ops.cc:79] Node 0 dequeues token: [579]
I tensorflow/core/kernels/logging_ops.cc:79] Node 2 dequeues token: [579]
I tensorflow/core/kernels/logging_ops.cc:79] ~~~~~ daniter~~~ GLobalstep:[580][-0.00059108442 -0.0007217091...]
I tensorflow/core/kernels/logging_ops.cc:79] Node 3 dequeues token: [580]
I tensorflow/core/kernels/logging_ops.cc:79] Node 2 dequeues token: [580]
I tensorflow/core/kernels/logging_ops.cc:79] Node 0 dequeues token: [580]
I tensorflow/core/kernels/logging_ops.cc:79] Node 1 dequeues token: [580]
I tensorflow/core/kernels/logging_ops.cc:79] ~~~~~ daniter~~~ GLobalstep:[581][-0.00026926427 0.00045232472...]
I tensorflow/core/kernels/logging_ops.cc:79] Node 0 dequeues token: [581]
I tensorflow/core/kernels/logging_ops.cc:79] Node 1 dequeues token: [581]
I tensorflow/core/kernels/logging_ops.cc:79] Node 3 dequeues token: [581]
I tensorflow/core/kernels/logging_ops.cc:79] Node 2 dequeues token: [581]
I tensorflow/core/kernels/logging_ops.cc:79] ~~~~~ daniter~~~ GLobalstep:[582][-0.0010412097 0.00016918141...]
I tensorflow/core/kernels/logging_ops.cc:79] Node 1 dequeues token: [582]
I tensorflow/core/kernels/logging_ops.cc:79] Node 3 dequeues token: [582]
I tensorflow/core/kernels/logging_ops.cc:79] Node 2 dequeues token: [582]
I tensorflow/core/kernels/logging_ops.cc:79] Node 0 dequeues token: [582]
I tensorflow/core/kernels/logging_ops.cc:79] ~~~~~ daniter~~~ GLobalstep:[583][0.00015469131 7.1190421e-05...]
I tensorflow/core/kernels/logging_ops.cc:79] Node 2 dequeues token: [583]
I tensorflow/core/kernels/logging_ops.cc:79] Node 3 dequeues token: [583]
I tensorflow/core/kernels/logging_ops.cc:79] Node 1 dequeues token: [583]
I tensorflow/core/kernels/logging_ops.cc:79] Node 0 dequeues token: [583]
I tensorflow/core/kernels/logging_ops.cc:79] ~~~~~ daniter~~~ GLobalstep:[584][7.5789285e-05 -0.00052150851...]
I tensorflow/core/kernels/logging_ops.cc:79] Node 0 dequeues token: [584]
I tensorflow/core/kernels/logging_ops.cc:79] Node 2 dequeues token: [584]
I tensorflow/core/kernels/logging_ops.cc:79] Node 1 dequeues token: [584]
I tensorflow/core/kernels/logging_ops.cc:79] Node 3 dequeues token: [584]
I tensorflow/core/kernels/logging_ops.cc:79] ~~~~~ daniter~~~ GLobalstep:[585][0.00082385418 7.1033763e-05...]
I tensorflow/core/kernels/logging_ops.cc:79] Node 1 dequeues token: [585]
I tensorflow/core/kernels/logging_ops.cc:79] Node 3 dequeues token: [585]
I tensorflow/core/kernels/logging_ops.cc:79] Node 0 dequeues token: [585]
I tensorflow/core/kernels/logging_ops.cc:79] Node 2 dequeues token: [585]
I tensorflow/core/kernels/logging_ops.cc:79] ~~~~~ daniter~~~ GLobalstep:[586][-0.00052194006 9.4671668e-07...]
I tensorflow/core/kernels/logging_ops.cc:79] Node 3 dequeues token: [586]
I tensorflow/core/kernels/logging_ops.cc:79] Node 0 dequeues token: [586]
I tensorflow/core/kernels/logging_ops.cc:79] Node 1 dequeues token: [586]
I tensorflow/core/kernels/logging_ops.cc:79] Node 2 dequeues token: [586]
I tensorflow/core/kernels/logging_ops.cc:79] ~~~~~ daniter~~~ GLobalstep:[587][0.00071826979 0.00026199227...]
I tensorflow/core/kernels/logging_ops.cc:79] Node 0 dequeues token: [587]
I tensorflow/core/kernels/logging_ops.cc:79] Node 2 dequeues token: [587]
I tensorflow/core/kernels/logging_ops.cc:79] Node 3 dequeues token: [587]
I tensorflow/core/kernels/logging_ops.cc:79] Node 1 dequeues token: [587]
I tensorflow/core/kernels/logging_ops.cc:79] ~~~~~ daniter~~~ GLobalstep:[588][-0.00053395156 9.2949194e-06...]
I tensorflow/core/kernels/logging_ops.cc:79] Node 0 dequeues token: [588]
I tensorflow/core/kernels/logging_ops.cc:79] Node 2 dequeues token: [588]
I tensorflow/core/kernels/logging_ops.cc:79] Node 1 dequeues token: [588]
I tensorflow/core/kernels/logging_ops.cc:79] Node 3 dequeues token: [588]
I tensorflow/core/kernels/logging_ops.cc:79] ~~~~~ daniter~~~ GLobalstep:[589][0.00097634108 0.000719068...]
I tensorflow/core/kernels/logging_ops.cc:79] Node 2 dequeues token: [589]
I tensorflow/core/kernels/logging_ops.cc:79] Node 1 dequeues token: [589]
I tensorflow/core/kernels/logging_ops.cc:79] Node 3 dequeues token: [589]
I tensorflow/core/kernels/logging_ops.cc:79] Node 0 dequeues token: [589]
I tensorflow/core/kernels/logging_ops.cc:79] ~~~~~ daniter~~~ GLobalstep:[590][-1.6231294e-05 -0.00040952238...]
I tensorflow/core/kernels/logging_ops.cc:79] Node 3 dequeues token: [590]
I tensorflow/core/kernels/logging_ops.cc:79] Node 1 dequeues token: [590]
I tensorflow/core/kernels/logging_ops.cc:79] Node 2 dequeues token: [590]
I tensorflow/core/kernels/logging_ops.cc:79] Node 0 dequeues token: [590]
I tensorflow/core/kernels/logging_ops.cc:79] ~~~~~ daniter~~~ GLobalstep:[591][0.00011729093 0.000252486...]
I tensorflow/core/kernels/logging_ops.cc:79] Node 2 dequeues token: [591]
I tensorflow/core/kernels/logging_ops.cc:79] Node 0 dequeues token: [591]
I tensorflow/core/kernels/logging_ops.cc:79] Node 3 dequeues token: [591]
I tensorflow/core/kernels/logging_ops.cc:79] Node 1 dequeues token: [591]
I tensorflow/core/kernels/logging_ops.cc:79] ~~~~~ daniter~~~ GLobalstep:[592][-0.00028358298 -3.0718555e-05...]
I tensorflow/core/kernels/logging_ops.cc:79] Node 1 dequeues token: [592]
I tensorflow/core/kernels/logging_ops.cc:79] Node 0 dequeues token: [592]
I tensorflow/core/kernels/logging_ops.cc:79] Node 3 dequeues token: [592]
I tensorflow/core/kernels/logging_ops.cc:79] Node 2 dequeues token: [592]
I tensorflow/core/kernels/logging_ops.cc:79] ~~~~~ daniter~~~ GLobalstep:[593][-0.00041146346 0.001041166...]
I tensorflow/core/kernels/logging_ops.cc:79] Node 3 dequeues token: [593]
I tensorflow/core/kernels/logging_ops.cc:79] Node 0 dequeues token: [593]
I tensorflow/core/kernels/logging_ops.cc:79] Node 1 dequeues token: [593]
I tensorflow/core/kernels/logging_ops.cc:79] Node 2 dequeues token: [593]
I tensorflow/core/kernels/logging_ops.cc:79] ~~~~~ daniter~~~ GLobalstep:[594][-3.6164827e-05 -0.00012894298...]
I tensorflow/core/kernels/logging_ops.cc:79] Node 3 dequeues token: [594]
I tensorflow/core/kernels/logging_ops.cc:79] Node 1 dequeues token: [594]
I tensorflow/core/kernels/logging_ops.cc:79] Node 0 dequeues token: [594]
I tensorflow/core/kernels/logging_ops.cc:79] Node 2 dequeues token: [594]
I tensorflow/core/kernels/logging_ops.cc:79] ~~~~~ daniter~~~ GLobalstep:[595][-0.00047138007 -1.6931604e-05...]
I tensorflow/core/kernels/logging_ops.cc:79] Node 1 dequeues token: [595]
I tensorflow/core/kernels/logging_ops.cc:79] Node 2 dequeues token: [595]
I tensorflow/core/kernels/logging_ops.cc:79] Node 3 dequeues token: [595]
I tensorflow/core/kernels/logging_ops.cc:79] Node 0 dequeues token: [595]
I tensorflow/core/kernels/logging_ops.cc:79] ~~~~~ daniter~~~ GLobalstep:[596][0.00033256871 0.00034080094...]
I tensorflow/core/kernels/logging_ops.cc:79] Node 3 dequeues token: [596]
I tensorflow/core/kernels/logging_ops.cc:79] Node 2 dequeues token: [596]
I tensorflow/core/kernels/logging_ops.cc:79] Node 0 dequeues token: [596]
I tensorflow/core/kernels/logging_ops.cc:79] Node 1 dequeues token: [596]
I tensorflow/core/kernels/logging_ops.cc:79] ~~~~~ daniter~~~ GLobalstep:[597][-0.00029534366 -7.5843745e-05...]
I tensorflow/core/kernels/logging_ops.cc:79] Node 3 dequeues token: [597]
I tensorflow/core/kernels/logging_ops.cc:79] Node 0 dequeues token: [597]
I tensorflow/core/kernels/logging_ops.cc:79] Node 1 dequeues token: [597]
I tensorflow/core/kernels/logging_ops.cc:79] Node 2 dequeues token: [597]
I tensorflow/core/kernels/logging_ops.cc:79] ~~~~~ daniter~~~ GLobalstep:[598][0.00072983908 0.00046392489...]
I tensorflow/core/kernels/logging_ops.cc:79] Node 3 dequeues token: [598]
I tensorflow/core/kernels/logging_ops.cc:79] Node 1 dequeues token: [598]
I tensorflow/core/kernels/logging_ops.cc:79] Node 0 dequeues token: [598]
I tensorflow/core/kernels/logging_ops.cc:79] Node 2 dequeues token: [598]
I tensorflow/core/kernels/logging_ops.cc:79] ~~~~~ daniter~~~ GLobalstep:[599][-6.1593964e-05 0.00013166253...]
I tensorflow/core/kernels/logging_ops.cc:79] Node 2 dequeues token: [599]
I tensorflow/core/kernels/logging_ops.cc:79] Node 0 dequeues token: [599]
I tensorflow/core/kernels/logging_ops.cc:79] Node 3 dequeues token: [599]
I tensorflow/core/kernels/logging_ops.cc:79] Node 1 dequeues token: [599]
I tensorflow/core/kernels/logging_ops.cc:79] ~~~~~ daniter~~~ GLobalstep:[600][-0.00071765942 0.00044600334...]
I tensorflow/core/kernels/logging_ops.cc:79] Node 1 dequeues token: [600]
I tensorflow/core/kernels/logging_ops.cc:79] Node 0 dequeues token: [600]
I tensorflow/core/kernels/logging_ops.cc:79] Node 3 dequeues token: [600]
I tensorflow/core/kernels/logging_ops.cc:79] Node 2 dequeues token: [600]
I tensorflow/core/kernels/logging_ops.cc:79] ~~~~~ daniter~~~ GLobalstep:[601][-0.0014160365 0.00050743821...]
I tensorflow/core/kernels/logging_ops.cc:79] Node 2 dequeues token: [601]
I tensorflow/core/kernels/logging_ops.cc:79] Node 3 dequeues token: [601]
I tensorflow/core/kernels/logging_ops.cc:79] Node 1 dequeues token: [601]
I tensorflow/core/kernels/logging_ops.cc:79] Node 0 dequeues token: [601]
I tensorflow/core/kernels/logging_ops.cc:79] ~~~~~ daniter~~~ GLobalstep:[602][0.00040682446 0.00034152836...]
I tensorflow/core/kernels/logging_ops.cc:79] Node 0 dequeues token: [602]
I tensorflow/core/kernels/logging_ops.cc:79] Node 2 dequeues token: [602]
I tensorflow/core/kernels/logging_ops.cc:79] Node 3 dequeues token: [602]
I tensorflow/core/kernels/logging_ops.cc:79] Node 1 dequeues token: [602]
I tensorflow/core/kernels/logging_ops.cc:79] ~~~~~ daniter~~~ GLobalstep:[603][0.000560628 4.596042e-05...]
I tensorflow/core/kernels/logging_ops.cc:79] Node 1 dequeues token: [603]
I tensorflow/core/kernels/logging_ops.cc:79] Node 0 dequeues token: [603]
I tensorflow/core/kernels/logging_ops.cc:79] Node 2 dequeues token: [603]
I tensorflow/core/kernels/logging_ops.cc:79] Node 3 dequeues token: [603]
I tensorflow/core/kernels/logging_ops.cc:79] ~~~~~ daniter~~~ GLobalstep:[604][0.00094305293 0.00037233482...]
I tensorflow/core/kernels/logging_ops.cc:79] Node 0 dequeues token: [604]
I tensorflow/core/kernels/logging_ops.cc:79] Node 1 dequeues token: [604]
I tensorflow/core/kernels/logging_ops.cc:79] Node 2 dequeues token: [604]
I tensorflow/core/kernels/logging_ops.cc:79] Node 3 dequeues token: [604]
run-ps-4node.sh: line 21: 80997 Terminated              CUDA_VISIBLE_DEVICES='' bazel-bin/inception/imagenet_distributed_train --batch_size=64 --data_dir=/lfs/local/0/daniter/imagenet-8 --job_name='ps' --task_id=0 --ps_hosts='localhost:2228' --worker_hosts='raiders1:2200,raiders1:2201,raiders3:2209,raiders3:2210' --initial_learning_rate=$1 --momentum=$2 --sync=True --compute_groups=$3
