DISPLAY "(null)" invalid; disabling X11 forwarding
I tensorflow/stream_executor/dso_loader.cc:108] successfully opened CUDA library libcublas.so locally
I tensorflow/stream_executor/dso_loader.cc:108] successfully opened CUDA library libcudnn.so locally
I tensorflow/stream_executor/dso_loader.cc:108] successfully opened CUDA library libcufft.so locally
I tensorflow/stream_executor/dso_loader.cc:108] successfully opened CUDA library libcuda.so locally
I tensorflow/stream_executor/dso_loader.cc:108] successfully opened CUDA library libcurand.so locally
INFO:tensorflow:PS hosts are: ['raiders1:2228']
INFO:tensorflow:Worker hosts are: ['raiders1:2200', 'raiders1:2201', 'raiders3:2209', 'raiders3:2210']
I tensorflow/core/common_runtime/gpu/gpu_init.cc:102] Found device 0 with properties: 
name: GeForce GTX TITAN X
major: 5 minor: 2 memoryClockRate (GHz) 1.076
pciBusID 0000:43:00.0
Total memory: 11.92GiB
Free memory: 11.81GiB
I tensorflow/core/common_runtime/gpu/gpu_init.cc:126] DMA: 0 
I tensorflow/core/common_runtime/gpu/gpu_init.cc:136] 0:   Y 
I tensorflow/core/common_runtime/gpu/gpu_device.cc:806] Creating TensorFlow device (/gpu:0) -> (device: 0, name: GeForce GTX TITAN X, pci bus id: 0000:43:00.0)
I tensorflow/core/distributed_runtime/rpc/grpc_channel.cc:206] Initialize HostPortsGrpcChannelCache for job ps -> {raiders1:2228}
I tensorflow/core/distributed_runtime/rpc/grpc_channel.cc:206] Initialize HostPortsGrpcChannelCache for job worker -> {raiders1:2200, raiders1:2201, raiders3:2209, localhost:2210}
I tensorflow/core/distributed_runtime/rpc/grpc_server_lib.cc:202] Started server with target: grpc://localhost:2210
INFO:tensorflow:Learning rate: 0.005000, momentum: 0.450000
INFO:tensorflow:Sync mode!!!!!!
INFO:tensorflow:Compute groups : 1
INFO:tensorflow:SyncReplicas enabled: replicas_to_aggregate=4; total_num_replicas=4
INFO:tensorflow:Num nodes per compute groups: 4
INFO:tensorflow:Tokens per step: 4
INFO:tensorflow:2016-07-20 02:44:54.034819 Supervisor
INFO:tensorflow:got sessions!
INFO:tensorflow:Started 3 queues for processing input data.
I tensorflow/core/common_runtime/gpu/pool_allocator.cc:244] PoolAllocator: After 3576 get requests, put_count=2565 evicted_count=1000 eviction_rate=0.389864 and unsatisfied allocation rate=0.590324
I tensorflow/core/common_runtime/gpu/pool_allocator.cc:256] Raising pool_size_limit_ from 100 to 110
INFO:tensorflow:Step: 399, Loss: 5.151605, time: 24.690 sec/batch
INFO:tensorflow:Step: 399, Loss: 5.292285, time: 2.821 sec/batch
INFO:tensorflow:Step: 400, Loss: 5.495583, time: 1.984 sec/batch
INFO:tensorflow:Step: 400, Loss: 5.229823, time: 1.824 sec/batch
INFO:tensorflow:Step: 401, Loss: 5.587029, time: 4.682 sec/batch
I tensorflow/core/common_runtime/gpu/pool_allocator.cc:244] PoolAllocator: After 0 get requests, put_count=1016 evicted_count=1000 eviction_rate=0.984252 and unsatisfied allocation rate=0
INFO:tensorflow:Step: 402, Loss: 5.317034, time: 1.327 sec/batch
INFO:tensorflow:Step: 403, Loss: 5.367060, time: 1.828 sec/batch
INFO:tensorflow:Step: 404, Loss: 5.170114, time: 3.750 sec/batch
INFO:tensorflow:Step: 405, Loss: 5.303094, time: 2.903 sec/batch
INFO:tensorflow:Step: 406, Loss: 5.357305, time: 3.481 sec/batch
I tensorflow/core/common_runtime/gpu/pool_allocator.cc:244] PoolAllocator: After 0 get requests, put_count=1025 evicted_count=1000 eviction_rate=0.97561 and unsatisfied allocation rate=0
INFO:tensorflow:Step: 407, Loss: 5.450062, time: 3.023 sec/batch
INFO:tensorflow:Step: 408, Loss: 5.395074, time: 1.649 sec/batch
INFO:tensorflow:Step: 409, Loss: 5.316572, time: 2.514 sec/batch
INFO:tensorflow:Step: 410, Loss: 5.639324, time: 2.326 sec/batch
INFO:tensorflow:Step: 411, Loss: 5.698468, time: 2.355 sec/batch
INFO:tensorflow:Step: 412, Loss: 5.452628, time: 2.692 sec/batch
I tensorflow/core/common_runtime/gpu/pool_allocator.cc:244] PoolAllocator: After 0 get requests, put_count=1044 evicted_count=1000 eviction_rate=0.957854 and unsatisfied allocation rate=0
INFO:tensorflow:Step: 413, Loss: 5.109436, time: 2.879 sec/batch
INFO:tensorflow:Step: 414, Loss: 5.327284, time: 3.881 sec/batch
INFO:tensorflow:Step: 415, Loss: 5.274281, time: 3.005 sec/batch
INFO:tensorflow:Step: 416, Loss: 5.104244, time: 2.581 sec/batch
INFO:tensorflow:Step: 417, Loss: 5.206461, time: 2.450 sec/batch
INFO:tensorflow:Step: 418, Loss: 5.242504, time: 2.438 sec/batch
INFO:tensorflow:Step: 419, Loss: 5.109805, time: 3.332 sec/batch
I tensorflow/core/common_runtime/gpu/pool_allocator.cc:244] PoolAllocator: After 3576 get requests, put_count=4414 evicted_count=2000 eviction_rate=0.453104 and unsatisfied allocation rate=0.347036
I tensorflow/core/common_runtime/gpu/pool_allocator.cc:256] Raising pool_size_limit_ from 871 to 958
INFO:tensorflow:Step: 420, Loss: 5.096417, time: 3.427 sec/batch
INFO:tensorflow:Step: 421, Loss: 5.328926, time: 2.290 sec/batch
INFO:tensorflow:Step: 422, Loss: 5.263714, time: 2.651 sec/batch
INFO:tensorflow:Step: 423, Loss: 5.233684, time: 2.306 sec/batch
INFO:tensorflow:Step: 424, Loss: 5.088948, time: 2.769 sec/batch
INFO:tensorflow:Step: 425, Loss: 5.313124, time: 2.504 sec/batch
INFO:tensorflow:Step: 426, Loss: 5.038692, time: 2.200 sec/batch
INFO:tensorflow:Step: 427, Loss: 5.412518, time: 2.326 sec/batch
INFO:tensorflow:Step: 428, Loss: 5.154214, time: 2.844 sec/batch
INFO:tensorflow:Step: 429, Loss: 5.177652, time: 2.335 sec/batch
INFO:tensorflow:Step: 430, Loss: 5.213817, time: 1.947 sec/batch
INFO:tensorflow:Step: 431, Loss: 5.324416, time: 2.173 sec/batch
INFO:tensorflow:Step: 432, Loss: 5.214450, time: 3.423 sec/batch
INFO:tensorflow:Step: 433, Loss: 5.261284, time: 2.889 sec/batch
INFO:tensorflow:Step: 434, Loss: 5.205877, time: 2.397 sec/batch
INFO:tensorflow:Step: 435, Loss: 5.105753, time: 2.499 sec/batch
INFO:tensorflow:Step: 436, Loss: 5.351995, time: 2.552 sec/batch
INFO:tensorflow:Step: 437, Loss: 5.284775, time: 2.369 sec/batch
INFO:tensorflow:Step: 438, Loss: 5.297013, time: 2.380 sec/batch
INFO:tensorflow:Step: 439, Loss: 5.181052, time: 1.746 sec/batch
INFO:tensorflow:Step: 440, Loss: 5.126787, time: 3.366 sec/batch
INFO:tensorflow:Step: 441, Loss: 5.233862, time: 2.606 sec/batch
INFO:tensorflow:Step: 442, Loss: 5.166834, time: 2.889 sec/batch
INFO:tensorflow:Step: 443, Loss: 5.314906, time: 3.135 sec/batch
INFO:tensorflow:Step: 444, Loss: 5.267509, time: 2.218 sec/batch
INFO:tensorflow:Step: 445, Loss: 5.146305, time: 2.224 sec/batch
INFO:tensorflow:Step: 446, Loss: 5.421934, time: 2.909 sec/batch
INFO:tensorflow:Step: 447, Loss: 4.969743, time: 2.232 sec/batch
INFO:tensorflow:Step: 448, Loss: 5.061297, time: 3.001 sec/batch
INFO:tensorflow:Step: 449, Loss: 5.323731, time: 1.682 sec/batch
INFO:tensorflow:Step: 450, Loss: 5.127278, time: 2.116 sec/batch
INFO:tensorflow:Step: 451, Loss: 5.249876, time: 2.387 sec/batch
INFO:tensorflow:Step: 452, Loss: 5.164264, time: 1.861 sec/batch
INFO:tensorflow:Step: 453, Loss: 5.120958, time: 3.213 sec/batch
INFO:tensorflow:Step: 454, Loss: 5.342329, time: 3.225 sec/batch
INFO:tensorflow:Step: 455, Loss: 5.279161, time: 2.716 sec/batch
INFO:tensorflow:Step: 456, Loss: 5.222291, time: 3.200 sec/batch
INFO:tensorflow:Step: 457, Loss: 5.046096, time: 3.330 sec/batch
INFO:tensorflow:Step: 458, Loss: 5.151367, time: 3.278 sec/batch
INFO:tensorflow:Step: 459, Loss: 5.396808, time: 1.686 sec/batch
INFO:tensorflow:Step: 460, Loss: 5.254603, time: 1.602 sec/batch
INFO:tensorflow:Step: 461, Loss: 4.972337, time: 2.136 sec/batch
INFO:tensorflow:Step: 462, Loss: 5.336164, time: 1.729 sec/batch
INFO:tensorflow:Step: 463, Loss: 5.178399, time: 1.742 sec/batch
INFO:tensorflow:Step: 464, Loss: 5.305515, time: 2.295 sec/batch
INFO:tensorflow:Step: 465, Loss: 5.272760, time: 1.496 sec/batch
INFO:tensorflow:Step: 466, Loss: 5.181892, time: 1.789 sec/batch
INFO:tensorflow:Step: 467, Loss: 5.179125, time: 1.738 sec/batch
INFO:tensorflow:Step: 468, Loss: 5.159958, time: 1.434 sec/batch
INFO:tensorflow:Step: 469, Loss: 5.115890, time: 1.635 sec/batch
INFO:tensorflow:Step: 470, Loss: 5.327662, time: 1.527 sec/batch
INFO:tensorflow:Step: 471, Loss: 5.366281, time: 2.540 sec/batch
INFO:tensorflow:Step: 472, Loss: 5.128844, time: 1.669 sec/batch
INFO:tensorflow:Step: 473, Loss: 5.054962, time: 1.413 sec/batch
INFO:tensorflow:Step: 474, Loss: 5.089574, time: 1.525 sec/batch
INFO:tensorflow:Step: 475, Loss: 5.105843, time: 2.508 sec/batch
INFO:tensorflow:Step: 476, Loss: 5.241753, time: 1.890 sec/batch
INFO:tensorflow:Step: 477, Loss: 5.227634, time: 1.764 sec/batch
INFO:tensorflow:Step: 478, Loss: 5.189813, time: 1.712 sec/batch
INFO:tensorflow:Step: 479, Loss: 5.099618, time: 1.813 sec/batch
INFO:tensorflow:Step: 480, Loss: 5.155498, time: 2.734 sec/batch
INFO:tensorflow:Step: 481, Loss: 4.955555, time: 2.599 sec/batch
INFO:tensorflow:Step: 482, Loss: 5.072280, time: 2.232 sec/batch
INFO:tensorflow:Step: 483, Loss: 5.230943, time: 2.198 sec/batch
INFO:tensorflow:Step: 484, Loss: 5.021501, time: 2.886 sec/batch
INFO:tensorflow:Step: 485, Loss: 5.172571, time: 2.344 sec/batch
INFO:tensorflow:Step: 486, Loss: 5.222520, time: 2.018 sec/batch
INFO:tensorflow:Step: 487, Loss: 5.151723, time: 2.766 sec/batch
INFO:tensorflow:Step: 488, Loss: 5.273957, time: 3.138 sec/batch
INFO:tensorflow:Step: 489, Loss: 4.980764, time: 2.593 sec/batch
INFO:tensorflow:Step: 490, Loss: 4.911469, time: 2.147 sec/batch
INFO:tensorflow:Step: 491, Loss: 5.312530, time: 2.472 sec/batch
INFO:tensorflow:Step: 492, Loss: 5.093530, time: 1.896 sec/batch
INFO:tensorflow:Step: 493, Loss: 5.351623, time: 3.012 sec/batch
INFO:tensorflow:Step: 494, Loss: 5.155713, time: 3.101 sec/batch
INFO:tensorflow:Step: 495, Loss: 5.548604, time: 1.861 sec/batch
INFO:tensorflow:Step: 496, Loss: 5.144117, time: 3.189 sec/batch
INFO:tensorflow:Step: 497, Loss: 5.262474, time: 1.971 sec/batch
INFO:tensorflow:Step: 498, Loss: 5.069263, time: 3.034 sec/batch
INFO:tensorflow:Step: 499, Loss: 5.156273, time: 2.887 sec/batch
INFO:tensorflow:Step: 500, Loss: 5.155869, time: 3.149 sec/batch
INFO:tensorflow:Step: 501, Loss: 5.168204, time: 2.662 sec/batch
INFO:tensorflow:Step: 502, Loss: 5.246923, time: 2.287 sec/batch
INFO:tensorflow:Step: 503, Loss: 5.171870, time: 1.921 sec/batch
INFO:tensorflow:Step: 504, Loss: 4.971254, time: 2.576 sec/batch
INFO:tensorflow:Step: 505, Loss: 5.174746, time: 2.480 sec/batch
INFO:tensorflow:Step: 506, Loss: 5.289726, time: 2.999 sec/batch
INFO:tensorflow:Step: 507, Loss: 5.180293, time: 3.129 sec/batch
INFO:tensorflow:Step: 508, Loss: 5.245907, time: 2.728 sec/batch
INFO:tensorflow:Step: 509, Loss: 5.129995, time: 2.390 sec/batch
INFO:tensorflow:Step: 510, Loss: 5.385977, time: 2.857 sec/batch
INFO:tensorflow:Step: 511, Loss: 4.921098, time: 2.967 sec/batch
INFO:tensorflow:Step: 512, Loss: 5.118938, time: 2.522 sec/batch
INFO:tensorflow:Step: 513, Loss: 5.302264, time: 2.336 sec/batch
INFO:tensorflow:Step: 514, Loss: 4.918128, time: 3.002 sec/batch
INFO:tensorflow:Step: 515, Loss: 5.057626, time: 2.473 sec/batch
INFO:tensorflow:Step: 516, Loss: 5.312865, time: 2.001 sec/batch
INFO:tensorflow:Step: 517, Loss: 4.988874, time: 3.239 sec/batch
INFO:tensorflow:Step: 518, Loss: 4.796569, time: 2.754 sec/batch
INFO:tensorflow:Step: 519, Loss: 5.284719, time: 2.737 sec/batch
INFO:tensorflow:Step: 520, Loss: 4.891715, time: 1.997 sec/batch
INFO:tensorflow:Step: 521, Loss: 5.205403, time: 3.114 sec/batch
INFO:tensorflow:Step: 522, Loss: 5.148814, time: 2.278 sec/batch
INFO:tensorflow:Step: 523, Loss: 4.928616, time: 1.893 sec/batch
INFO:tensorflow:Step: 524, Loss: 5.130206, time: 3.007 sec/batch
INFO:tensorflow:Step: 525, Loss: 5.071991, time: 3.398 sec/batch
INFO:tensorflow:Step: 526, Loss: 5.241179, time: 2.755 sec/batch
INFO:tensorflow:Step: 527, Loss: 5.217622, time: 2.118 sec/batch
INFO:tensorflow:Step: 528, Loss: 4.999141, time: 3.451 sec/batch
INFO:tensorflow:Step: 529, Loss: 5.351018, time: 2.166 sec/batch
INFO:tensorflow:Step: 530, Loss: 5.022273, time: 2.753 sec/batch
INFO:tensorflow:Step: 531, Loss: 4.833346, time: 2.293 sec/batch
INFO:tensorflow:Step: 532, Loss: 5.088245, time: 2.734 sec/batch
INFO:tensorflow:Step: 533, Loss: 5.068663, time: 2.527 sec/batch
INFO:tensorflow:Step: 534, Loss: 5.042004, time: 2.696 sec/batch
INFO:tensorflow:Step: 535, Loss: 5.238242, time: 2.434 sec/batch
INFO:tensorflow:Step: 536, Loss: 5.180241, time: 2.709 sec/batch
INFO:tensorflow:Step: 537, Loss: 5.113974, time: 2.290 sec/batch
INFO:tensorflow:Step: 538, Loss: 4.978056, time: 2.433 sec/batch
INFO:tensorflow:Step: 539, Loss: 4.888426, time: 2.486 sec/batch
INFO:tensorflow:Step: 540, Loss: 5.035042, time: 2.916 sec/batch
INFO:tensorflow:Step: 541, Loss: 5.179377, time: 1.907 sec/batch
INFO:tensorflow:Step: 542, Loss: 5.064704, time: 2.532 sec/batch
INFO:tensorflow:Step: 543, Loss: 5.068439, time: 1.946 sec/batch
INFO:tensorflow:Step: 544, Loss: 5.207915, time: 1.543 sec/batch
INFO:tensorflow:Step: 545, Loss: 5.079576, time: 1.468 sec/batch
INFO:tensorflow:Step: 546, Loss: 5.300566, time: 1.589 sec/batch
INFO:tensorflow:Step: 547, Loss: 5.235862, time: 1.623 sec/batch
INFO:tensorflow:Step: 548, Loss: 5.226545, time: 1.553 sec/batch
INFO:tensorflow:Step: 549, Loss: 5.110779, time: 1.627 sec/batch
INFO:tensorflow:Step: 550, Loss: 4.932036, time: 2.964 sec/batch
INFO:tensorflow:Step: 551, Loss: 5.226521, time: 2.698 sec/batch
INFO:tensorflow:Step: 552, Loss: 5.069647, time: 2.277 sec/batch
INFO:tensorflow:Step: 553, Loss: 5.437383, time: 2.485 sec/batch
INFO:tensorflow:Step: 554, Loss: 5.043506, time: 1.799 sec/batch
INFO:tensorflow:Step: 555, Loss: 5.197999, time: 1.892 sec/batch
INFO:tensorflow:Step: 556, Loss: 5.195309, time: 1.666 sec/batch
INFO:tensorflow:Step: 557, Loss: 5.205275, time: 1.537 sec/batch
INFO:tensorflow:Step: 558, Loss: 5.227658, time: 1.672 sec/batch
INFO:tensorflow:Step: 559, Loss: 5.072241, time: 2.585 sec/batch
INFO:tensorflow:Step: 560, Loss: 5.172975, time: 1.758 sec/batch
INFO:tensorflow:Step: 561, Loss: 5.349214, time: 1.755 sec/batch
INFO:tensorflow:Step: 562, Loss: 5.143993, time: 3.009 sec/batch
INFO:tensorflow:Step: 563, Loss: 5.050597, time: 2.897 sec/batch
INFO:tensorflow:Step: 564, Loss: 5.149142, time: 1.991 sec/batch
INFO:tensorflow:Step: 565, Loss: 4.972744, time: 2.628 sec/batch
INFO:tensorflow:Step: 566, Loss: 5.093251, time: 2.337 sec/batch
INFO:tensorflow:Step: 567, Loss: 5.101845, time: 3.103 sec/batch
INFO:tensorflow:Step: 568, Loss: 5.000624, time: 2.865 sec/batch
INFO:tensorflow:Step: 569, Loss: 4.933249, time: 2.578 sec/batch
INFO:tensorflow:Step: 570, Loss: 5.014215, time: 2.647 sec/batch
INFO:tensorflow:Step: 571, Loss: 4.929769, time: 2.595 sec/batch
INFO:tensorflow:Step: 572, Loss: 5.043341, time: 2.818 sec/batch
INFO:tensorflow:Step: 573, Loss: 5.094738, time: 2.017 sec/batch
INFO:tensorflow:Step: 574, Loss: 5.138443, time: 3.207 sec/batch
INFO:tensorflow:Step: 575, Loss: 5.149539, time: 2.789 sec/batch
INFO:tensorflow:Step: 576, Loss: 5.022846, time: 2.489 sec/batch
INFO:tensorflow:Step: 577, Loss: 5.257037, time: 2.619 sec/batch
INFO:tensorflow:Step: 578, Loss: 4.993844, time: 2.462 sec/batch
INFO:tensorflow:Step: 579, Loss: 5.128166, time: 2.602 sec/batch
INFO:tensorflow:Step: 580, Loss: 5.069720, time: 2.663 sec/batch
INFO:tensorflow:Step: 581, Loss: 5.172041, time: 2.579 sec/batch
INFO:tensorflow:Step: 582, Loss: 5.042292, time: 1.830 sec/batch
INFO:tensorflow:Step: 583, Loss: 5.073905, time: 1.968 sec/batch
INFO:tensorflow:Step: 584, Loss: 5.342360, time: 2.717 sec/batch
INFO:tensorflow:Step: 585, Loss: 5.232058, time: 2.654 sec/batch
INFO:tensorflow:Step: 586, Loss: 5.067445, time: 2.856 sec/batch
INFO:tensorflow:Step: 587, Loss: 5.055363, time: 3.346 sec/batch
INFO:tensorflow:Step: 588, Loss: 5.179045, time: 3.300 sec/batch
INFO:tensorflow:Step: 589, Loss: 4.920797, time: 2.925 sec/batch
INFO:tensorflow:Step: 590, Loss: 5.238899, time: 2.784 sec/batch
INFO:tensorflow:Step: 591, Loss: 4.869803, time: 3.013 sec/batch
INFO:tensorflow:Step: 592, Loss: 5.155069, time: 2.316 sec/batch
INFO:tensorflow:Step: 593, Loss: 4.696023, time: 2.439 sec/batch
INFO:tensorflow:Step: 594, Loss: 4.959082, time: 2.810 sec/batch
INFO:tensorflow:Step: 595, Loss: 5.004463, time: 2.386 sec/batch
INFO:tensorflow:Step: 596, Loss: 5.357638, time: 2.208 sec/batch
INFO:tensorflow:Step: 597, Loss: 5.141349, time: 2.357 sec/batch
INFO:tensorflow:Step: 598, Loss: 5.077556, time: 2.376 sec/batch
INFO:tensorflow:Step: 599, Loss: 5.342934, time: 2.601 sec/batch
INFO:tensorflow:Step: 600, Loss: 4.826539, time: 2.273 sec/batch
INFO:tensorflow:Step: 601, Loss: 5.123388, time: 1.992 sec/batch
INFO:tensorflow:Step: 602, Loss: 5.024593, time: 3.257 sec/batch
INFO:tensorflow:Step: 603, Loss: 4.871546, time: 1.811 sec/batch
INFO:tensorflow:Step: 604, Loss: 5.245659, time: 2.501 sec/batch
run-expr-4node.sh: line 23: 81265 Terminated              CUDA_VISIBLE_DEVICES=$1 bazel-bin/inception/imagenet_distributed_train --batch_size=64 --data_dir=/lfs/local/0/daniter/imagenet-8-$2 --job_name='worker' --task_id=$2 --ps_hosts='raiders1:2228' --worker_hosts='raiders1:2200,raiders1:2201,raiders3:2209,raiders3:2210' --initial_learning_rate=$3 --momentum=$4 --sync=True --compute_groups=$5
