DISPLAY "(null)" invalid; disabling X11 forwarding
I tensorflow/stream_executor/dso_loader.cc:108] successfully opened CUDA library libcublas.so locally
I tensorflow/stream_executor/dso_loader.cc:108] successfully opened CUDA library libcudnn.so locally
I tensorflow/stream_executor/dso_loader.cc:108] successfully opened CUDA library libcufft.so locally
I tensorflow/stream_executor/dso_loader.cc:108] successfully opened CUDA library libcuda.so locally
I tensorflow/stream_executor/dso_loader.cc:108] successfully opened CUDA library libcurand.so locally
INFO:tensorflow:PS hosts are: ['raiders1:2228']
INFO:tensorflow:Worker hosts are: ['raiders1:2200', 'raiders1:2201', 'raiders3:2209', 'raiders3:2210']
I tensorflow/core/common_runtime/gpu/gpu_init.cc:102] Found device 0 with properties: 
name: GeForce GTX TITAN X
major: 5 minor: 2 memoryClockRate (GHz) 1.076
pciBusID 0000:03:00.0
Total memory: 11.92GiB
Free memory: 11.81GiB
I tensorflow/core/common_runtime/gpu/gpu_init.cc:126] DMA: 0 
I tensorflow/core/common_runtime/gpu/gpu_init.cc:136] 0:   Y 
I tensorflow/core/common_runtime/gpu/gpu_device.cc:806] Creating TensorFlow device (/gpu:0) -> (device: 0, name: GeForce GTX TITAN X, pci bus id: 0000:03:00.0)
I tensorflow/core/distributed_runtime/rpc/grpc_channel.cc:206] Initialize HostPortsGrpcChannelCache for job ps -> {raiders1:2228}
I tensorflow/core/distributed_runtime/rpc/grpc_channel.cc:206] Initialize HostPortsGrpcChannelCache for job worker -> {raiders1:2200, raiders1:2201, localhost:2209, raiders3:2210}
I tensorflow/core/distributed_runtime/rpc/grpc_server_lib.cc:202] Started server with target: grpc://localhost:2209
INFO:tensorflow:Learning rate: 0.010000, momentum: 0.450000
INFO:tensorflow:Sync mode!!!!!!
INFO:tensorflow:Compute groups : 1
INFO:tensorflow:SyncReplicas enabled: replicas_to_aggregate=4; total_num_replicas=4
INFO:tensorflow:Num nodes per compute groups: 4
INFO:tensorflow:Tokens per step: 4
INFO:tensorflow:2016-07-20 02:10:51.763103 Supervisor
INFO:tensorflow:got sessions!
INFO:tensorflow:Started 3 queues for processing input data.
I tensorflow/core/common_runtime/gpu/pool_allocator.cc:244] PoolAllocator: After 3576 get requests, put_count=2565 evicted_count=1000 eviction_rate=0.389864 and unsatisfied allocation rate=0.590324
I tensorflow/core/common_runtime/gpu/pool_allocator.cc:256] Raising pool_size_limit_ from 100 to 110
INFO:tensorflow:Step: 399, Loss: 5.428897, time: 30.535 sec/batch
INFO:tensorflow:Step: 399, Loss: 6.120698, time: 1.275 sec/batch
INFO:tensorflow:Step: 399, Loss: 5.449057, time: 2.630 sec/batch
INFO:tensorflow:Step: 400, Loss: 5.180883, time: 1.580 sec/batch
INFO:tensorflow:Step: 400, Loss: 5.279567, time: 1.381 sec/batch
I tensorflow/core/common_runtime/gpu/pool_allocator.cc:244] PoolAllocator: After 0 get requests, put_count=1016 evicted_count=1000 eviction_rate=0.984252 and unsatisfied allocation rate=0
INFO:tensorflow:Step: 401, Loss: 5.442365, time: 1.248 sec/batch
INFO:tensorflow:Step: 401, Loss: 5.636660, time: 1.609 sec/batch
INFO:tensorflow:Step: 402, Loss: 5.268988, time: 1.403 sec/batch
INFO:tensorflow:Step: 403, Loss: 5.360219, time: 2.352 sec/batch
INFO:tensorflow:Step: 404, Loss: 5.243488, time: 2.651 sec/batch
I tensorflow/core/common_runtime/gpu/pool_allocator.cc:244] PoolAllocator: After 0 get requests, put_count=1025 evicted_count=1000 eviction_rate=0.97561 and unsatisfied allocation rate=0
INFO:tensorflow:Step: 405, Loss: 5.443487, time: 2.947 sec/batch
INFO:tensorflow:Step: 406, Loss: 5.233195, time: 3.266 sec/batch
INFO:tensorflow:Step: 407, Loss: 5.180272, time: 1.825 sec/batch
INFO:tensorflow:Step: 408, Loss: 5.306889, time: 2.081 sec/batch
INFO:tensorflow:Step: 409, Loss: 5.241078, time: 2.967 sec/batch
INFO:tensorflow:Step: 410, Loss: 5.190845, time: 2.855 sec/batch
I tensorflow/core/common_runtime/gpu/pool_allocator.cc:244] PoolAllocator: After 0 get requests, put_count=1044 evicted_count=1000 eviction_rate=0.957854 and unsatisfied allocation rate=0
INFO:tensorflow:Step: 411, Loss: 5.209618, time: 2.572 sec/batch
INFO:tensorflow:Step: 412, Loss: 5.363773, time: 1.996 sec/batch
INFO:tensorflow:Step: 413, Loss: 5.518474, time: 2.001 sec/batch
INFO:tensorflow:Step: 414, Loss: 5.203091, time: 2.934 sec/batch
INFO:tensorflow:Step: 415, Loss: 5.099735, time: 3.079 sec/batch
INFO:tensorflow:Step: 416, Loss: 4.964776, time: 2.782 sec/batch
INFO:tensorflow:Step: 417, Loss: 5.263548, time: 2.724 sec/batch
I tensorflow/core/common_runtime/gpu/pool_allocator.cc:244] PoolAllocator: After 3576 get requests, put_count=4414 evicted_count=2000 eviction_rate=0.453104 and unsatisfied allocation rate=0.347036
I tensorflow/core/common_runtime/gpu/pool_allocator.cc:256] Raising pool_size_limit_ from 871 to 958
INFO:tensorflow:Step: 418, Loss: 5.318355, time: 2.495 sec/batch
INFO:tensorflow:Step: 419, Loss: 5.274274, time: 1.849 sec/batch
INFO:tensorflow:Step: 420, Loss: 5.189024, time: 1.926 sec/batch
INFO:tensorflow:Step: 421, Loss: 5.116175, time: 2.016 sec/batch
INFO:tensorflow:Step: 422, Loss: 5.080384, time: 1.707 sec/batch
INFO:tensorflow:Step: 423, Loss: 5.231070, time: 1.677 sec/batch
INFO:tensorflow:Step: 424, Loss: 5.134743, time: 1.462 sec/batch
INFO:tensorflow:Step: 425, Loss: 5.161516, time: 2.002 sec/batch
INFO:tensorflow:Step: 426, Loss: 5.130205, time: 1.583 sec/batch
INFO:tensorflow:Step: 427, Loss: 5.149424, time: 2.027 sec/batch
INFO:tensorflow:Step: 428, Loss: 5.109624, time: 2.153 sec/batch
INFO:tensorflow:Step: 429, Loss: 5.134619, time: 2.838 sec/batch
INFO:tensorflow:Step: 430, Loss: 5.050085, time: 3.334 sec/batch
INFO:tensorflow:Step: 431, Loss: 4.925330, time: 2.342 sec/batch
INFO:tensorflow:Step: 432, Loss: 5.567216, time: 2.894 sec/batch
INFO:tensorflow:Step: 433, Loss: 5.265337, time: 2.908 sec/batch
INFO:tensorflow:Step: 434, Loss: 5.214563, time: 2.753 sec/batch
INFO:tensorflow:Step: 435, Loss: 5.115034, time: 2.359 sec/batch
INFO:tensorflow:Step: 436, Loss: 5.397961, time: 2.564 sec/batch
INFO:tensorflow:Step: 437, Loss: 4.917835, time: 2.680 sec/batch
INFO:tensorflow:Step: 438, Loss: 5.476911, time: 2.518 sec/batch
INFO:tensorflow:Step: 439, Loss: 5.077517, time: 1.777 sec/batch
INFO:tensorflow:Step: 440, Loss: 5.193719, time: 2.489 sec/batch
INFO:tensorflow:Step: 441, Loss: 5.285737, time: 1.760 sec/batch
INFO:tensorflow:Step: 442, Loss: 5.033631, time: 2.440 sec/batch
INFO:tensorflow:Step: 443, Loss: 5.079857, time: 3.263 sec/batch
INFO:tensorflow:Step: 444, Loss: 5.057572, time: 1.608 sec/batch
INFO:tensorflow:Step: 445, Loss: 5.136879, time: 1.911 sec/batch
INFO:tensorflow:Step: 446, Loss: 5.132867, time: 2.294 sec/batch
INFO:tensorflow:Step: 447, Loss: 5.125179, time: 1.591 sec/batch
INFO:tensorflow:Step: 448, Loss: 5.190446, time: 2.122 sec/batch
INFO:tensorflow:Step: 449, Loss: 5.221605, time: 2.681 sec/batch
INFO:tensorflow:Step: 450, Loss: 5.072710, time: 1.773 sec/batch
INFO:tensorflow:Step: 451, Loss: 5.175121, time: 1.630 sec/batch
INFO:tensorflow:Step: 452, Loss: 5.165153, time: 1.634 sec/batch
INFO:tensorflow:Step: 453, Loss: 5.281797, time: 2.287 sec/batch
INFO:tensorflow:Step: 454, Loss: 5.018911, time: 2.652 sec/batch
INFO:tensorflow:Step: 455, Loss: 5.116318, time: 3.046 sec/batch
INFO:tensorflow:Step: 456, Loss: 5.265488, time: 2.204 sec/batch
INFO:tensorflow:Step: 457, Loss: 5.104010, time: 3.123 sec/batch
INFO:tensorflow:Step: 458, Loss: 5.075637, time: 2.892 sec/batch
INFO:tensorflow:Step: 459, Loss: 5.033782, time: 2.169 sec/batch
INFO:tensorflow:Step: 460, Loss: 5.305237, time: 3.203 sec/batch
INFO:tensorflow:Step: 461, Loss: 5.098899, time: 2.078 sec/batch
INFO:tensorflow:Step: 462, Loss: 4.973072, time: 2.894 sec/batch
INFO:tensorflow:Step: 463, Loss: 5.345883, time: 2.839 sec/batch
INFO:tensorflow:Step: 464, Loss: 5.377619, time: 2.715 sec/batch
INFO:tensorflow:Step: 465, Loss: 5.211116, time: 2.847 sec/batch
INFO:tensorflow:Step: 466, Loss: 5.370363, time: 2.862 sec/batch
INFO:tensorflow:Step: 467, Loss: 4.980116, time: 1.941 sec/batch
INFO:tensorflow:Step: 468, Loss: 5.210288, time: 1.614 sec/batch
INFO:tensorflow:Step: 469, Loss: 4.969464, time: 1.711 sec/batch
INFO:tensorflow:Step: 470, Loss: 5.266407, time: 1.673 sec/batch
INFO:tensorflow:Step: 471, Loss: 5.149957, time: 2.521 sec/batch
INFO:tensorflow:Step: 472, Loss: 5.063079, time: 1.828 sec/batch
INFO:tensorflow:Step: 473, Loss: 5.262433, time: 2.660 sec/batch
INFO:tensorflow:Step: 474, Loss: 5.155151, time: 2.793 sec/batch
INFO:tensorflow:Step: 475, Loss: 5.199563, time: 2.164 sec/batch
INFO:tensorflow:Step: 476, Loss: 5.105025, time: 2.654 sec/batch
INFO:tensorflow:Step: 477, Loss: 5.291075, time: 2.760 sec/batch
INFO:tensorflow:Step: 478, Loss: 5.144564, time: 2.078 sec/batch
INFO:tensorflow:Step: 479, Loss: 5.002418, time: 2.508 sec/batch
INFO:tensorflow:Step: 480, Loss: 4.987300, time: 3.160 sec/batch
INFO:tensorflow:Step: 481, Loss: 4.927090, time: 2.901 sec/batch
INFO:tensorflow:Step: 482, Loss: 5.239030, time: 2.617 sec/batch
INFO:tensorflow:Step: 483, Loss: 5.127441, time: 3.215 sec/batch
INFO:tensorflow:Step: 484, Loss: 5.326513, time: 1.761 sec/batch
INFO:tensorflow:Step: 485, Loss: 5.208101, time: 2.219 sec/batch
INFO:tensorflow:Step: 486, Loss: 4.857209, time: 2.707 sec/batch
INFO:tensorflow:Step: 487, Loss: 5.074264, time: 3.191 sec/batch
INFO:tensorflow:Step: 488, Loss: 5.055863, time: 1.997 sec/batch
INFO:tensorflow:Step: 489, Loss: 5.120874, time: 1.810 sec/batch
INFO:tensorflow:Step: 490, Loss: 5.197124, time: 1.607 sec/batch
INFO:tensorflow:Step: 491, Loss: 5.087629, time: 1.888 sec/batch
INFO:tensorflow:Step: 492, Loss: 4.932339, time: 3.307 sec/batch
INFO:tensorflow:Step: 493, Loss: 5.134552, time: 2.792 sec/batch
INFO:tensorflow:Step: 494, Loss: 5.012177, time: 3.168 sec/batch
INFO:tensorflow:Step: 495, Loss: 5.156863, time: 3.200 sec/batch
INFO:tensorflow:Step: 496, Loss: 5.033159, time: 2.708 sec/batch
INFO:tensorflow:Step: 497, Loss: 5.218234, time: 2.893 sec/batch
INFO:tensorflow:Step: 498, Loss: 5.037701, time: 2.766 sec/batch
INFO:tensorflow:Step: 499, Loss: 5.233004, time: 3.411 sec/batch
INFO:tensorflow:Step: 500, Loss: 5.171328, time: 2.279 sec/batch
INFO:tensorflow:Step: 501, Loss: 5.025712, time: 2.248 sec/batch
INFO:tensorflow:Step: 502, Loss: 5.221450, time: 2.656 sec/batch
INFO:tensorflow:Step: 503, Loss: 5.118454, time: 3.414 sec/batch
INFO:tensorflow:Step: 504, Loss: 4.895412, time: 2.255 sec/batch
INFO:tensorflow:Step: 505, Loss: 5.170182, time: 3.053 sec/batch
INFO:tensorflow:Step: 506, Loss: 5.120664, time: 3.207 sec/batch
INFO:tensorflow:Step: 507, Loss: 5.151741, time: 3.296 sec/batch
INFO:tensorflow:Step: 508, Loss: 5.065577, time: 1.988 sec/batch
INFO:tensorflow:Step: 509, Loss: 4.948231, time: 1.854 sec/batch
INFO:tensorflow:Step: 510, Loss: 5.481384, time: 3.200 sec/batch
INFO:tensorflow:Step: 511, Loss: 5.006750, time: 3.027 sec/batch
INFO:tensorflow:Step: 512, Loss: 5.034710, time: 2.967 sec/batch
INFO:tensorflow:Step: 513, Loss: 4.969503, time: 2.912 sec/batch
INFO:tensorflow:Step: 514, Loss: 5.153493, time: 2.424 sec/batch
INFO:tensorflow:Step: 515, Loss: 5.063221, time: 2.467 sec/batch
INFO:tensorflow:Step: 516, Loss: 5.385172, time: 2.020 sec/batch
INFO:tensorflow:Step: 517, Loss: 5.128661, time: 2.640 sec/batch
INFO:tensorflow:Step: 518, Loss: 5.238965, time: 1.884 sec/batch
INFO:tensorflow:Step: 519, Loss: 5.255086, time: 3.073 sec/batch
INFO:tensorflow:Step: 520, Loss: 5.047578, time: 2.866 sec/batch
INFO:tensorflow:Step: 521, Loss: 5.114925, time: 1.929 sec/batch
INFO:tensorflow:Step: 522, Loss: 5.093164, time: 1.730 sec/batch
INFO:tensorflow:Step: 523, Loss: 5.112082, time: 1.753 sec/batch
INFO:tensorflow:Step: 524, Loss: 5.049482, time: 1.781 sec/batch
INFO:tensorflow:Step: 525, Loss: 5.120381, time: 2.011 sec/batch
INFO:tensorflow:Step: 526, Loss: 4.955656, time: 1.721 sec/batch
INFO:tensorflow:Step: 527, Loss: 4.910354, time: 1.653 sec/batch
INFO:tensorflow:Step: 528, Loss: 4.895086, time: 1.715 sec/batch
INFO:tensorflow:Step: 529, Loss: 5.116584, time: 2.894 sec/batch
INFO:tensorflow:Step: 530, Loss: 5.106636, time: 1.832 sec/batch
INFO:tensorflow:Step: 531, Loss: 5.007064, time: 3.110 sec/batch
INFO:tensorflow:Step: 532, Loss: 4.944578, time: 2.157 sec/batch
INFO:tensorflow:Step: 533, Loss: 4.996067, time: 2.821 sec/batch
INFO:tensorflow:Step: 534, Loss: 4.881036, time: 2.584 sec/batch
INFO:tensorflow:Step: 535, Loss: 5.004152, time: 2.059 sec/batch
INFO:tensorflow:Step: 536, Loss: 5.049659, time: 1.926 sec/batch
INFO:tensorflow:Step: 537, Loss: 5.040730, time: 2.208 sec/batch
INFO:tensorflow:Step: 538, Loss: 5.190303, time: 2.133 sec/batch
INFO:tensorflow:Step: 539, Loss: 5.016869, time: 1.654 sec/batch
INFO:tensorflow:Step: 540, Loss: 5.157023, time: 1.787 sec/batch
INFO:tensorflow:Step: 541, Loss: 4.901609, time: 1.703 sec/batch
INFO:tensorflow:Step: 542, Loss: 4.904807, time: 2.022 sec/batch
INFO:tensorflow:Step: 543, Loss: 5.187472, time: 3.268 sec/batch
INFO:tensorflow:Step: 544, Loss: 5.109832, time: 3.589 sec/batch
INFO:tensorflow:Step: 545, Loss: 5.044729, time: 3.191 sec/batch
INFO:tensorflow:Step: 546, Loss: 5.076760, time: 1.841 sec/batch
INFO:tensorflow:Step: 547, Loss: 4.828466, time: 2.111 sec/batch
INFO:tensorflow:Step: 548, Loss: 5.114476, time: 1.863 sec/batch
INFO:tensorflow:Step: 549, Loss: 5.042042, time: 2.546 sec/batch
INFO:tensorflow:Step: 550, Loss: 4.853609, time: 2.828 sec/batch
INFO:tensorflow:Step: 551, Loss: 5.291849, time: 1.930 sec/batch
INFO:tensorflow:Step: 552, Loss: 4.956685, time: 2.618 sec/batch
INFO:tensorflow:Step: 553, Loss: 4.978723, time: 3.025 sec/batch
INFO:tensorflow:Step: 554, Loss: 5.188258, time: 2.648 sec/batch
INFO:tensorflow:Step: 555, Loss: 5.149976, time: 2.525 sec/batch
INFO:tensorflow:Step: 556, Loss: 5.137987, time: 3.303 sec/batch
INFO:tensorflow:Step: 557, Loss: 4.950173, time: 2.032 sec/batch
INFO:tensorflow:Step: 558, Loss: 4.926341, time: 3.283 sec/batch
INFO:tensorflow:Step: 559, Loss: 4.960047, time: 2.038 sec/batch
INFO:tensorflow:Step: 560, Loss: 4.847059, time: 2.919 sec/batch
INFO:tensorflow:Step: 561, Loss: 5.061433, time: 3.034 sec/batch
INFO:tensorflow:Step: 562, Loss: 4.928873, time: 1.783 sec/batch
INFO:tensorflow:Step: 563, Loss: 5.064526, time: 2.928 sec/batch
INFO:tensorflow:Step: 564, Loss: 5.003822, time: 2.568 sec/batch
INFO:tensorflow:Step: 565, Loss: 5.008698, time: 1.804 sec/batch
INFO:tensorflow:Step: 566, Loss: 4.999990, time: 2.795 sec/batch
INFO:tensorflow:Step: 567, Loss: 5.059218, time: 2.460 sec/batch
INFO:tensorflow:Step: 568, Loss: 5.115996, time: 3.016 sec/batch
INFO:tensorflow:Step: 569, Loss: 5.040620, time: 2.884 sec/batch
INFO:tensorflow:Step: 570, Loss: 4.977952, time: 2.926 sec/batch
INFO:tensorflow:Step: 571, Loss: 4.833347, time: 2.184 sec/batch
INFO:tensorflow:Step: 572, Loss: 4.945127, time: 3.232 sec/batch
INFO:tensorflow:Step: 573, Loss: 5.013846, time: 2.841 sec/batch
INFO:tensorflow:Step: 574, Loss: 5.042572, time: 3.011 sec/batch
INFO:tensorflow:Step: 575, Loss: 4.858516, time: 3.075 sec/batch
INFO:tensorflow:Step: 576, Loss: 5.075174, time: 2.776 sec/batch
INFO:tensorflow:Step: 577, Loss: 5.053809, time: 2.475 sec/batch
INFO:tensorflow:Step: 578, Loss: 5.158309, time: 2.059 sec/batch
INFO:tensorflow:Step: 579, Loss: 5.079697, time: 2.757 sec/batch
INFO:tensorflow:Step: 580, Loss: 5.151673, time: 1.749 sec/batch
INFO:tensorflow:Step: 581, Loss: 4.870195, time: 2.062 sec/batch
INFO:tensorflow:Step: 582, Loss: 5.089769, time: 1.789 sec/batch
INFO:tensorflow:Step: 583, Loss: 5.047606, time: 2.093 sec/batch
INFO:tensorflow:Step: 584, Loss: 4.977747, time: 2.240 sec/batch
INFO:tensorflow:Step: 585, Loss: 4.884568, time: 3.264 sec/batch
INFO:tensorflow:Step: 586, Loss: 4.937332, time: 1.952 sec/batch
INFO:tensorflow:Step: 587, Loss: 5.154516, time: 2.542 sec/batch
INFO:tensorflow:Step: 588, Loss: 4.947470, time: 3.052 sec/batch
INFO:tensorflow:Step: 589, Loss: 4.919108, time: 1.794 sec/batch
INFO:tensorflow:Step: 590, Loss: 4.895976, time: 2.705 sec/batch
INFO:tensorflow:Step: 591, Loss: 5.040043, time: 2.835 sec/batch
INFO:tensorflow:Step: 592, Loss: 5.051495, time: 1.815 sec/batch
INFO:tensorflow:Step: 593, Loss: 4.961944, time: 1.823 sec/batch
INFO:tensorflow:Step: 594, Loss: 5.147744, time: 3.369 sec/batch
INFO:tensorflow:Step: 595, Loss: 5.149455, time: 2.824 sec/batch
INFO:tensorflow:Step: 596, Loss: 4.890499, time: 2.454 sec/batch
INFO:tensorflow:Step: 597, Loss: 5.046073, time: 2.498 sec/batch
INFO:tensorflow:Step: 598, Loss: 4.826825, time: 2.656 sec/batch
INFO:tensorflow:Step: 599, Loss: 4.808077, time: 2.829 sec/batch
INFO:tensorflow:Step: 600, Loss: 4.928448, time: 2.958 sec/batch
INFO:tensorflow:Step: 601, Loss: 4.841321, time: 2.608 sec/batch
INFO:tensorflow:Step: 602, Loss: 4.891181, time: 2.277 sec/batch
INFO:tensorflow:Step: 603, Loss: 5.276748, time: 2.506 sec/batch
run-expr-4node.sh: line 23: 49456 Terminated              CUDA_VISIBLE_DEVICES=$1 bazel-bin/inception/imagenet_distributed_train --batch_size=64 --data_dir=/lfs/local/0/daniter/imagenet-8-$2 --job_name='worker' --task_id=$2 --ps_hosts='raiders1:2228' --worker_hosts='raiders1:2200,raiders1:2201,raiders3:2209,raiders3:2210' --initial_learning_rate=$3 --momentum=$4 --sync=True --compute_groups=$5
