I tensorflow/stream_executor/dso_loader.cc:108] successfully opened CUDA library libcublas.so locally
I tensorflow/stream_executor/dso_loader.cc:108] successfully opened CUDA library libcudnn.so locally
I tensorflow/stream_executor/dso_loader.cc:108] successfully opened CUDA library libcufft.so locally
I tensorflow/stream_executor/dso_loader.cc:108] successfully opened CUDA library libcuda.so locally
I tensorflow/stream_executor/dso_loader.cc:108] successfully opened CUDA library libcurand.so locally
INFO:tensorflow:PS hosts are: ['master:2200']
INFO:tensorflow:Worker hosts are: ['master:2201', 'master:2202', 'master:2203', 'master:2204', 'node001:2205', 'node001:2206', 'node001:2207', 'node001:2208', 'node002:2209', 'node002:2210', 'node002:2211', 'node002:2212', 'node003:2213', 'node003:2214', 'node003:2215', 'node003:2216']
I tensorflow/stream_executor/cuda/cuda_gpu_executor.cc:922] successful NUMA node read from SysFS had negative value (-1), but there must be at least one NUMA node, so returning NUMA node zero
I tensorflow/core/common_runtime/gpu/gpu_init.cc:102] Found device 0 with properties: 
name: GRID K520
major: 3 minor: 0 memoryClockRate (GHz) 0.797
pciBusID 0000:00:03.0
Total memory: 4.00GiB
Free memory: 3.95GiB
I tensorflow/core/common_runtime/gpu/gpu_init.cc:126] DMA: 0 
I tensorflow/core/common_runtime/gpu/gpu_init.cc:136] 0:   Y 
I tensorflow/core/common_runtime/gpu/gpu_device.cc:784] Creating TensorFlow device (/gpu:0) -> (device: 0, name: GRID K520, pci bus id: 0000:00:03.0)
I tensorflow/core/distributed_runtime/rpc/grpc_channel.cc:206] Initialize HostPortsGrpcChannelCache for job ps -> {master:2200}
I tensorflow/core/distributed_runtime/rpc/grpc_channel.cc:206] Initialize HostPortsGrpcChannelCache for job worker -> {localhost:2201, master:2202, master:2203, master:2204, node001:2205, node001:2206, node001:2207, node001:2208, node002:2209, node002:2210, node002:2211, node002:2212, node003:2213, node003:2214, node003:2215, node003:2216}
I tensorflow/core/distributed_runtime/rpc/grpc_server_lib.cc:202] Started server with target: grpc://localhost:2201
INFO:tensorflow:Learning rate: 0.005000, momentum: 0.600000
INFO:tensorflow:Sync mode!!!!!!
INFO:tensorflow:Compute groups : 1
INFO:tensorflow:SyncReplicas enabled: replicas_to_aggregate=16; total_num_replicas=16
INFO:tensorflow:Num nodes per compute groups: 16
INFO:tensorflow:Tokens per step: 16
INFO:tensorflow:2016-08-09 12:32:40.493909 Supervisor
INFO:tensorflow:Restored model from /home/snapshot/model.ckpt-399
INFO:tensorflow:got sessions! 2016-08-09 12:33:33.651674 
INFO:tensorflow:Started 3 queues for processing input data.
INFO:tensorflow:global_step/sec: 0
I tensorflow/core/common_runtime/gpu/pool_allocator.cc:244] PoolAllocator: After 3869 get requests, put_count=2853 evicted_count=1000 eviction_rate=0.350508 and unsatisfied allocation rate=0.546911
I tensorflow/core/common_runtime/gpu/pool_allocator.cc:256] Raising pool_size_limit_ from 100 to 110
INFO:tensorflow:Step: 399, Loss: 5.195448, time: 30.965 sec/batch
INFO:tensorflow:Step: 400, Loss: 5.583049, time: 5.208 sec/batch
INFO:tensorflow:Step: 401, Loss: 5.200125, time: 3.998 sec/batch
INFO:tensorflow:Step: 401, Loss: 5.557938, time: 4.437 sec/batch
INFO:tensorflow:Step: 402, Loss: 5.718486, time: 5.532 sec/batch
I tensorflow/core/common_runtime/gpu/pool_allocator.cc:244] PoolAllocator: After 0 get requests, put_count=1016 evicted_count=1000 eviction_rate=0.984252 and unsatisfied allocation rate=0
INFO:tensorflow:Step: 403, Loss: 5.435934, time: 4.848 sec/batch
INFO:tensorflow:Step: 404, Loss: 5.666502, time: 6.089 sec/batch
INFO:tensorflow:Step: 405, Loss: 5.178281, time: 6.841 sec/batch
INFO:tensorflow:Step: 406, Loss: 5.378197, time: 7.709 sec/batch
INFO:tensorflow:Step: 407, Loss: 5.542395, time: 7.651 sec/batch
INFO:tensorflow:Step: 408, Loss: 5.458990, time: 6.804 sec/batch
I tensorflow/core/common_runtime/gpu/pool_allocator.cc:244] PoolAllocator: After 3768 get requests, put_count=4058 evicted_count=2000 eviction_rate=0.492854 and unsatisfied allocation rate=0.460456
I tensorflow/core/common_runtime/gpu/pool_allocator.cc:256] Raising pool_size_limit_ from 281 to 309
INFO:tensorflow:Step: 409, Loss: 5.227393, time: 6.336 sec/batch
INFO:tensorflow:Step: 410, Loss: 5.036620, time: 7.161 sec/batch
INFO:tensorflow:Step: 411, Loss: 4.799438, time: 6.324 sec/batch
INFO:tensorflow:Step: 412, Loss: 5.322127, time: 5.582 sec/batch
INFO:tensorflow:global_step/sec: 0.117734
INFO:tensorflow:Step: 413, Loss: 5.298064, time: 5.404 sec/batch
INFO:tensorflow:Step: 414, Loss: 5.263061, time: 5.266 sec/batch
I tensorflow/core/common_runtime/gpu/pool_allocator.cc:244] PoolAllocator: After 0 get requests, put_count=1049 evicted_count=1000 eviction_rate=0.953289 and unsatisfied allocation rate=0
INFO:tensorflow:Step: 415, Loss: 5.081923, time: 6.996 sec/batch
INFO:tensorflow:Step: 416, Loss: 5.074306, time: 5.649 sec/batch
INFO:tensorflow:Step: 417, Loss: 5.221878, time: 6.001 sec/batch
INFO:tensorflow:Step: 418, Loss: 5.082039, time: 6.495 sec/batch
INFO:tensorflow:Step: 419, Loss: 5.449845, time: 7.202 sec/batch
INFO:tensorflow:Step: 420, Loss: 5.180953, time: 6.665 sec/batch
INFO:tensorflow:Step: 421, Loss: 5.165418, time: 5.523 sec/batch
INFO:tensorflow:Step: 422, Loss: 5.141129, time: 6.106 sec/batch
INFO:tensorflow:Step: 423, Loss: 5.227696, time: 5.676 sec/batch
I tensorflow/core/common_runtime/gpu/pool_allocator.cc:244] PoolAllocator: After 3768 get requests, put_count=4015 evicted_count=1000 eviction_rate=0.249066 and unsatisfied allocation rate=0.227707
I tensorflow/core/common_runtime/gpu/pool_allocator.cc:256] Raising pool_size_limit_ from 1158 to 1273
INFO:tensorflow:Step: 424, Loss: 5.192403, time: 6.395 sec/batch
INFO:tensorflow:Step: 425, Loss: 5.054048, time: 6.578 sec/batch
INFO:tensorflow:Step: 426, Loss: 5.476941, time: 6.664 sec/batch
INFO:tensorflow:Step: 427, Loss: 4.714399, time: 6.742 sec/batch
INFO:tensorflow:Step: 428, Loss: 5.426111, time: 5.736 sec/batch
INFO:tensorflow:Step: 429, Loss: 5.362676, time: 6.078 sec/batch
INFO:tensorflow:Step: 430, Loss: 4.985635, time: 6.673 sec/batch
INFO:tensorflow:Step: 431, Loss: 5.202854, time: 5.976 sec/batch
INFO:tensorflow:global_step/sec: 0.158333
INFO:tensorflow:Step: 432, Loss: 5.159409, time: 6.566 sec/batch
INFO:tensorflow:Step: 433, Loss: 5.076466, time: 5.450 sec/batch
INFO:tensorflow:Step: 434, Loss: 5.247408, time: 5.687 sec/batch
INFO:tensorflow:Step: 435, Loss: 5.032538, time: 6.034 sec/batch
INFO:tensorflow:Step: 436, Loss: 5.111457, time: 6.337 sec/batch
INFO:tensorflow:Step: 437, Loss: 5.222478, time: 7.077 sec/batch
INFO:tensorflow:Step: 438, Loss: 5.426897, time: 6.911 sec/batch
INFO:tensorflow:Step: 439, Loss: 5.051420, time: 7.022 sec/batch
INFO:tensorflow:Step: 440, Loss: 5.099283, time: 6.246 sec/batch
INFO:tensorflow:Step: 441, Loss: 5.213290, time: 6.333 sec/batch
INFO:tensorflow:Step: 442, Loss: 4.832917, time: 5.983 sec/batch
INFO:tensorflow:Step: 443, Loss: 4.972560, time: 6.844 sec/batch
INFO:tensorflow:Step: 444, Loss: 5.342275, time: 6.565 sec/batch
INFO:tensorflow:Step: 445, Loss: 5.153755, time: 7.838 sec/batch
INFO:tensorflow:Step: 446, Loss: 4.909549, time: 6.707 sec/batch
INFO:tensorflow:Step: 447, Loss: 5.167438, time: 5.342 sec/batch
INFO:tensorflow:Step: 448, Loss: 5.275795, time: 5.890 sec/batch
INFO:tensorflow:Step: 449, Loss: 4.962883, time: 5.309 sec/batch
INFO:tensorflow:Step: 450, Loss: 5.266922, time: 6.004 sec/batch
INFO:tensorflow:global_step/sec: 0.158331
INFO:tensorflow:Step: 451, Loss: 5.026999, time: 6.113 sec/batch
INFO:tensorflow:Step: 452, Loss: 5.002532, time: 6.406 sec/batch
INFO:tensorflow:Step: 453, Loss: 5.010879, time: 5.817 sec/batch
INFO:tensorflow:Step: 454, Loss: 5.285466, time: 5.530 sec/batch
INFO:tensorflow:Step: 455, Loss: 4.999153, time: 5.990 sec/batch
INFO:tensorflow:Step: 456, Loss: 5.238006, time: 6.325 sec/batch
INFO:tensorflow:Step: 457, Loss: 4.927149, time: 6.472 sec/batch
INFO:tensorflow:Step: 458, Loss: 5.013485, time: 6.083 sec/batch
INFO:tensorflow:Step: 459, Loss: 4.732277, time: 6.880 sec/batch
INFO:tensorflow:Step: 460, Loss: 4.743057, time: 5.915 sec/batch
INFO:tensorflow:Step: 461, Loss: 4.938787, time: 6.374 sec/batch
INFO:tensorflow:Step: 462, Loss: 5.101205, time: 7.500 sec/batch
INFO:tensorflow:Step: 463, Loss: 5.282836, time: 6.462 sec/batch
INFO:tensorflow:Step: 464, Loss: 5.026486, time: 7.365 sec/batch
INFO:tensorflow:Step: 465, Loss: 4.995877, time: 6.825 sec/batch
INFO:tensorflow:Step: 466, Loss: 5.031994, time: 6.725 sec/batch
INFO:tensorflow:Step: 467, Loss: 4.964678, time: 6.801 sec/batch
INFO:tensorflow:Step: 468, Loss: 4.853330, time: 6.500 sec/batch
INFO:tensorflow:Step: 469, Loss: 4.951283, time: 7.003 sec/batch
INFO:tensorflow:global_step/sec: 0.156722
INFO:tensorflow:Step: 470, Loss: 4.914348, time: 6.955 sec/batch
INFO:tensorflow:Step: 471, Loss: 4.824918, time: 6.935 sec/batch
INFO:tensorflow:Step: 472, Loss: 4.950514, time: 6.070 sec/batch
INFO:tensorflow:Step: 473, Loss: 4.710692, time: 6.853 sec/batch
INFO:tensorflow:Step: 474, Loss: 4.925036, time: 5.953 sec/batch
INFO:tensorflow:Step: 475, Loss: 4.782580, time: 5.614 sec/batch
INFO:tensorflow:Step: 476, Loss: 5.374219, time: 6.916 sec/batch
INFO:tensorflow:Step: 477, Loss: 4.847342, time: 7.178 sec/batch
INFO:tensorflow:Step: 478, Loss: 5.003810, time: 5.779 sec/batch
INFO:tensorflow:Step: 479, Loss: 4.724920, time: 5.453 sec/batch
INFO:tensorflow:Step: 480, Loss: 4.769095, time: 6.263 sec/batch
INFO:tensorflow:Step: 481, Loss: 4.787624, time: 6.668 sec/batch
INFO:tensorflow:Step: 482, Loss: 4.696634, time: 6.691 sec/batch
INFO:tensorflow:Step: 483, Loss: 4.853124, time: 6.406 sec/batch
INFO:tensorflow:Step: 484, Loss: 4.959230, time: 6.066 sec/batch
INFO:tensorflow:Step: 485, Loss: 4.831755, time: 6.201 sec/batch
INFO:tensorflow:Step: 486, Loss: 4.906616, time: 5.947 sec/batch
INFO:tensorflow:Step: 487, Loss: 5.098025, time: 6.408 sec/batch
INFO:tensorflow:Step: 488, Loss: 4.857265, time: 6.682 sec/batch
INFO:tensorflow:global_step/sec: 0.156453
INFO:tensorflow:Step: 489, Loss: 4.816755, time: 6.702 sec/batch
INFO:tensorflow:Step: 490, Loss: 4.742026, time: 5.846 sec/batch
INFO:tensorflow:Step: 491, Loss: 4.733610, time: 5.526 sec/batch
INFO:tensorflow:Step: 492, Loss: 4.813626, time: 5.933 sec/batch
INFO:tensorflow:Step: 493, Loss: 4.880461, time: 6.241 sec/batch
INFO:tensorflow:Step: 494, Loss: 4.454060, time: 5.891 sec/batch
INFO:tensorflow:Step: 495, Loss: 5.065022, time: 6.412 sec/batch
INFO:tensorflow:Step: 496, Loss: 4.773398, time: 6.995 sec/batch
INFO:tensorflow:Step: 497, Loss: 4.820777, time: 6.035 sec/batch
INFO:tensorflow:Step: 498, Loss: 4.769829, time: 6.267 sec/batch
INFO:tensorflow:Step: 499, Loss: 4.831825, time: 6.330 sec/batch
INFO:tensorflow:Step: 500, Loss: 4.635871, time: 8.140 sec/batch
INFO:tensorflow:Step: 501, Loss: 4.589282, time: 5.945 sec/batch
INFO:tensorflow:Step: 502, Loss: 4.570613, time: 5.809 sec/batch
INFO:tensorflow:Step: 503, Loss: 4.631885, time: 7.194 sec/batch
INFO:tensorflow:Step: 504, Loss: 4.588416, time: 6.240 sec/batch
INFO:tensorflow:Step: 505, Loss: 4.898567, time: 6.507 sec/batch
INFO:tensorflow:Step: 506, Loss: 4.658048, time: 5.501 sec/batch
INFO:tensorflow:Step: 507, Loss: 4.930650, time: 4.977 sec/batch
INFO:tensorflow:global_step/sec: 0.16195
INFO:tensorflow:Step: 508, Loss: 4.620547, time: 5.144 sec/batch
INFO:tensorflow:Step: 509, Loss: 4.540953, time: 5.865 sec/batch
INFO:tensorflow:Step: 510, Loss: 4.803332, time: 5.508 sec/batch
INFO:tensorflow:Step: 511, Loss: 4.773255, time: 6.169 sec/batch
INFO:tensorflow:Step: 512, Loss: 4.550167, time: 6.704 sec/batch
INFO:tensorflow:Step: 513, Loss: 4.518261, time: 5.921 sec/batch
INFO:tensorflow:Step: 514, Loss: 4.598304, time: 5.901 sec/batch
INFO:tensorflow:Step: 515, Loss: 4.680058, time: 7.321 sec/batch
INFO:tensorflow:Step: 516, Loss: 4.724552, time: 6.250 sec/batch
INFO:tensorflow:Step: 517, Loss: 4.621132, time: 6.315 sec/batch
INFO:tensorflow:Step: 518, Loss: 4.776423, time: 6.159 sec/batch
INFO:tensorflow:Step: 519, Loss: 4.900540, time: 6.126 sec/batch
INFO:tensorflow:Step: 520, Loss: 4.483438, time: 6.647 sec/batch
INFO:tensorflow:Step: 521, Loss: 4.634321, time: 7.100 sec/batch
INFO:tensorflow:Step: 522, Loss: 4.523556, time: 6.120 sec/batch
INFO:tensorflow:Step: 523, Loss: 4.579797, time: 6.529 sec/batch
INFO:tensorflow:Step: 524, Loss: 4.606071, time: 5.764 sec/batch
INFO:tensorflow:Step: 525, Loss: 4.643354, time: 5.234 sec/batch
INFO:tensorflow:Step: 526, Loss: 4.555105, time: 5.548 sec/batch
INFO:tensorflow:global_step/sec: 0.158292
INFO:tensorflow:Step: 527, Loss: 4.594112, time: 6.401 sec/batch
INFO:tensorflow:Step: 528, Loss: 4.327020, time: 5.940 sec/batch
INFO:tensorflow:Step: 529, Loss: 4.610973, time: 5.577 sec/batch
INFO:tensorflow:Step: 530, Loss: 4.741274, time: 6.273 sec/batch
INFO:tensorflow:Step: 531, Loss: 4.587370, time: 6.599 sec/batch
INFO:tensorflow:Step: 532, Loss: 4.558494, time: 5.976 sec/batch
INFO:tensorflow:Step: 533, Loss: 4.583670, time: 6.426 sec/batch
INFO:tensorflow:Step: 534, Loss: 4.474565, time: 6.054 sec/batch
INFO:tensorflow:Step: 535, Loss: 4.429132, time: 6.674 sec/batch
INFO:tensorflow:Step: 536, Loss: 4.545978, time: 5.370 sec/batch
INFO:tensorflow:Step: 537, Loss: 4.615594, time: 5.257 sec/batch
INFO:tensorflow:Step: 538, Loss: 4.473227, time: 6.347 sec/batch
INFO:tensorflow:Step: 539, Loss: 4.602919, time: 7.212 sec/batch
INFO:tensorflow:Step: 540, Loss: 4.577689, time: 6.076 sec/batch
INFO:tensorflow:Step: 541, Loss: 4.507036, time: 5.892 sec/batch
INFO:tensorflow:Step: 542, Loss: 4.460903, time: 5.925 sec/batch
INFO:tensorflow:Step: 543, Loss: 4.635127, time: 6.657 sec/batch
INFO:tensorflow:Step: 544, Loss: 4.658203, time: 5.179 sec/batch
INFO:tensorflow:Step: 545, Loss: 4.475731, time: 6.835 sec/batch
INFO:tensorflow:Step: 546, Loss: 4.450768, time: 7.214 sec/batch
INFO:tensorflow:global_step/sec: 0.166171
INFO:tensorflow:Step: 547, Loss: 4.595541, time: 5.610 sec/batch
INFO:tensorflow:Step: 548, Loss: 4.453157, time: 5.937 sec/batch
INFO:tensorflow:Step: 549, Loss: 4.597971, time: 5.872 sec/batch
INFO:tensorflow:Step: 550, Loss: 4.504415, time: 5.506 sec/batch
INFO:tensorflow:Step: 551, Loss: 4.411445, time: 6.436 sec/batch
INFO:tensorflow:Step: 552, Loss: 4.747653, time: 6.378 sec/batch
INFO:tensorflow:Step: 553, Loss: 4.539697, time: 5.964 sec/batch
INFO:tensorflow:Step: 554, Loss: 4.363117, time: 6.226 sec/batch
INFO:tensorflow:Step: 555, Loss: 4.417786, time: 5.464 sec/batch
INFO:tensorflow:Step: 556, Loss: 4.475245, time: 5.580 sec/batch
INFO:tensorflow:Step: 557, Loss: 4.355679, time: 6.310 sec/batch
INFO:tensorflow:Step: 558, Loss: 4.529024, time: 5.750 sec/batch
INFO:tensorflow:Step: 559, Loss: 4.603871, time: 6.464 sec/batch
INFO:tensorflow:Step: 560, Loss: 4.291357, time: 5.636 sec/batch
INFO:tensorflow:Step: 561, Loss: 4.493181, time: 6.063 sec/batch
INFO:tensorflow:Step: 562, Loss: 4.300225, time: 5.490 sec/batch
INFO:tensorflow:Step: 563, Loss: 4.298142, time: 5.682 sec/batch
INFO:tensorflow:Step: 564, Loss: 4.496090, time: 6.072 sec/batch
INFO:tensorflow:Step: 565, Loss: 4.403762, time: 6.064 sec/batch
INFO:tensorflow:Step: 566, Loss: 4.518985, time: 7.101 sec/batch
INFO:tensorflow:global_step/sec: 0.167174
INFO:tensorflow:Step: 567, Loss: 4.815427, time: 6.602 sec/batch
INFO:tensorflow:Step: 568, Loss: 4.423792, time: 5.830 sec/batch
INFO:tensorflow:Step: 569, Loss: 4.356583, time: 5.570 sec/batch
run-expr-32node.sh: line 25:  4477 Terminated              CUDA_VISIBLE_DEVICES=$1 bazel-bin/inception/imagenet_distributed_train --batch_size=32 --data_dir=/home/data/sample-data-$2 --job_name='worker' --task_id=$2 --ps_hosts='master:2200' --worker_hosts='master:2201,master:2202,master:2203,master:2204,node001:2205,node001:2206,node001:2207,node001:2208,node002:2209,node002:2210,node002:2211,node002:2212,node003:2213,node003:2214,node003:2215,node003:2216' --initial_learning_rate=$3 --momentum=$4 --sync=True --compute_groups=$5
