INFO:tensorflow:PS hosts are: ['localhost:2200']
INFO:tensorflow:Worker hosts are: ['raiders1:2201', 'raiders1:2202', 'raiders1:2203', 'raiders1:2204', 'raiders1:2205', 'raiders1:2206', 'raiders1:2207', 'raiders1:2208', 'raiders1:2209', 'raiders1:2210', 'raiders1:2211', 'raiders3:2212', 'raiders3:2213', 'raiders3:2214', 'raiders3:2215', 'raiders3:2216', 'raiders3:2217', 'raiders3:2218', 'raiders3:2219', 'raiders3:2220', 'raiders3:2221', 'raiders3:2222', 'raiders8:2223', 'raiders8:2224', 'raiders8:2225', 'raiders8:2226', 'raiders8:2227', 'raiders8:2228', 'raiders8:2228', 'raiders8:2230', 'raiders8:2231', 'raiders8:2232']
I tensorflow/core/distributed_runtime/rpc/grpc_channel.cc:206] Initialize HostPortsGrpcChannelCache for job ps -> {localhost:2200}
I tensorflow/core/distributed_runtime/rpc/grpc_channel.cc:206] Initialize HostPortsGrpcChannelCache for job worker -> {raiders1:2201, raiders1:2202, raiders1:2203, raiders1:2204, raiders1:2205, raiders1:2206, raiders1:2207, raiders1:2208, raiders1:2209, raiders1:2210, raiders1:2211, raiders3:2212, raiders3:2213, raiders3:2214, raiders3:2215, raiders3:2216, raiders3:2217, raiders3:2218, raiders3:2219, raiders3:2220, raiders3:2221, raiders3:2222, raiders8:2223, raiders8:2224, raiders8:2225, raiders8:2226, raiders8:2227, raiders8:2228, raiders8:2228, raiders8:2230, raiders8:2231, raiders8:2232}
I tensorflow/core/distributed_runtime/rpc/grpc_server_lib.cc:202] Started server with target: grpc://localhost:2200
I tensorflow/core/kernels/logging_ops.cc:79] enqueue init tokens[399 399 399...]
E0722 22:34:20.963470969   21651 tcp_client_posix.c:191]     failed to connect to 'ipv4:127.0.1.1:2209': timeout occurred
E0722 22:34:20.964640243   21651 tcp_client_posix.c:191]     failed to connect to 'ipv4:127.0.1.1:2209': timeout occurred
E0722 22:34:20.964781705   21651 tcp_client_posix.c:191]     failed to connect to 'ipv4:127.0.1.1:2209': timeout occurred
E0722 22:34:21.020151851   21651 tcp_client_posix.c:191]     failed to connect to 'ipv4:127.0.1.1:2209': timeout occurred
E0722 22:34:21.020409838   21651 tcp_client_posix.c:191]     failed to connect to 'ipv4:127.0.1.1:2209': timeout occurred
E0722 22:34:21.020479710   21651 tcp_client_posix.c:191]     failed to connect to 'ipv4:127.0.1.1:2209': timeout occurred
E0722 22:34:21.020550473   21651 tcp_client_posix.c:191]     failed to connect to 'ipv4:127.0.1.1:2209': timeout occurred
E0722 22:34:21.020619208   21651 tcp_client_posix.c:191]     failed to connect to 'ipv4:127.0.1.1:2209': timeout occurred
E0722 22:34:21.020684661   21651 tcp_client_posix.c:191]     failed to connect to 'ipv4:127.0.1.1:2209': timeout occurred
E0722 22:34:21.020747289   21651 tcp_client_posix.c:191]     failed to connect to 'ipv4:127.0.1.1:2209': timeout occurred
E0722 22:34:21.020815252   21651 tcp_client_posix.c:191]     failed to connect to 'ipv4:127.0.1.1:2209': timeout occurred
E0722 22:34:21.020888127   21651 tcp_client_posix.c:191]     failed to connect to 'ipv4:127.0.1.1:2209': timeout occurred
E0722 22:34:21.020958637   21651 tcp_client_posix.c:191]     failed to connect to 'ipv4:127.0.1.1:2209': timeout occurred
E0722 22:34:21.021027633   21651 tcp_client_posix.c:191]     failed to connect to 'ipv4:127.0.1.1:2209': timeout occurred
E0722 22:34:21.021092673   21651 tcp_client_posix.c:191]     failed to connect to 'ipv4:127.0.1.1:2209': timeout occurred
E0722 22:34:21.021159528   21651 tcp_client_posix.c:191]     failed to connect to 'ipv4:127.0.1.1:2209': timeout occurred
E0722 22:34:21.021816561   21651 tcp_client_posix.c:191]     failed to connect to 'ipv4:127.0.1.1:2209': timeout occurred
E0722 22:34:21.022057046   21651 tcp_client_posix.c:191]     failed to connect to 'ipv4:127.0.1.1:2209': timeout occurred
E0722 22:34:21.022145046   21651 tcp_client_posix.c:191]     failed to connect to 'ipv4:127.0.1.1:2209': timeout occurred
E0722 22:34:21.022245637   21651 tcp_client_posix.c:191]     failed to connect to 'ipv4:127.0.1.1:2209': timeout occurred
E0722 22:34:21.022380728   21651 tcp_client_posix.c:191]     failed to connect to 'ipv4:127.0.1.1:2209': timeout occurred
E0722 22:34:21.022610947   21651 tcp_client_posix.c:191]     failed to connect to 'ipv4:127.0.1.1:2209': timeout occurred
E0722 22:34:21.022752725   21651 tcp_client_posix.c:191]     failed to connect to 'ipv4:127.0.1.1:2209': timeout occurred
E0722 22:34:21.022953261   21651 tcp_client_posix.c:191]     failed to connect to 'ipv4:127.0.1.1:2209': timeout occurred
E0722 22:34:21.023179343   21651 tcp_client_posix.c:191]     failed to connect to 'ipv4:127.0.1.1:2209': timeout occurred
E0722 22:34:21.023540849   21651 tcp_client_posix.c:191]     failed to connect to 'ipv4:127.0.1.1:2209': timeout occurred
E0722 22:34:21.023874096   21651 tcp_client_posix.c:191]     failed to connect to 'ipv4:127.0.1.1:2209': timeout occurred
E0722 22:34:21.024034565   21651 tcp_client_posix.c:191]     failed to connect to 'ipv4:127.0.1.1:2209': timeout occurred
E0722 22:34:21.024198065   21651 tcp_client_posix.c:191]     failed to connect to 'ipv4:127.0.1.1:2209': timeout occurred
E0722 22:34:21.024340722   21651 tcp_client_posix.c:191]     failed to connect to 'ipv4:127.0.1.1:2209': timeout occurred
E0722 22:34:21.024463768   21651 tcp_client_posix.c:191]     failed to connect to 'ipv4:127.0.1.1:2209': timeout occurred
E0722 22:34:21.024565648   21651 tcp_client_posix.c:191]     failed to connect to 'ipv4:127.0.1.1:2209': timeout occurred
E0722 22:34:21.024687613   21651 tcp_client_posix.c:191]     failed to connect to 'ipv4:127.0.1.1:2209': timeout occurred
E0722 22:34:21.024809499   21651 tcp_client_posix.c:191]     failed to connect to 'ipv4:127.0.1.1:2209': timeout occurred
E0722 22:34:21.024925253   21651 tcp_client_posix.c:191]     failed to connect to 'ipv4:127.0.1.1:2209': timeout occurred
E0722 22:34:21.025045909   21651 tcp_client_posix.c:191]     failed to connect to 'ipv4:127.0.1.1:2209': timeout occurred
E0722 22:34:21.025150231   21651 tcp_client_posix.c:191]     failed to connect to 'ipv4:127.0.1.1:2209': timeout occurred
E0722 22:34:21.025312681   21651 tcp_client_posix.c:191]     failed to connect to 'ipv4:127.0.1.1:2209': timeout occurred
E0722 22:34:21.025423039   21651 tcp_client_posix.c:191]     failed to connect to 'ipv4:127.0.1.1:2209': timeout occurred
E0722 22:34:21.025651492   21651 tcp_client_posix.c:191]     failed to connect to 'ipv4:127.0.1.1:2209': timeout occurred
E0722 22:34:21.025774695   21651 tcp_client_posix.c:191]     failed to connect to 'ipv4:127.0.1.1:2209': timeout occurred
E0722 22:34:21.025967431   21651 tcp_client_posix.c:191]     failed to connect to 'ipv4:127.0.1.1:2209': timeout occurred
E0722 22:34:21.026067460   21651 tcp_client_posix.c:191]     failed to connect to 'ipv4:127.0.1.1:2209': timeout occurred
E0722 22:34:21.026313122   21651 tcp_client_posix.c:191]     failed to connect to 'ipv4:127.0.1.1:2209': timeout occurred
E0722 22:34:21.026531357   21651 tcp_client_posix.c:191]     failed to connect to 'ipv4:127.0.1.1:2209': timeout occurred
E0722 22:34:21.026662873   21651 tcp_client_posix.c:191]     failed to connect to 'ipv4:127.0.1.1:2209': timeout occurred
E0722 22:34:21.026749913   21651 tcp_client_posix.c:191]     failed to connect to 'ipv4:127.0.1.1:2209': timeout occurred
E0722 22:34:21.026848077   21651 tcp_client_posix.c:191]     failed to connect to 'ipv4:127.0.1.1:2209': timeout occurred
E0722 22:34:21.026971221   21651 tcp_client_posix.c:191]     failed to connect to 'ipv4:127.0.1.1:2209': timeout occurred
E0722 22:34:21.027044758   21651 tcp_client_posix.c:191]     failed to connect to 'ipv4:127.0.1.1:2209': timeout occurred
E0722 22:34:21.027106308   21651 tcp_client_posix.c:191]     failed to connect to 'ipv4:127.0.1.1:2209': timeout occurred
E0722 22:34:21.027165834   21651 tcp_client_posix.c:191]     failed to connect to 'ipv4:127.0.1.1:2209': timeout occurred
E0722 22:34:21.027225482   21651 tcp_client_posix.c:191]     failed to connect to 'ipv4:127.0.1.1:2209': timeout occurred
E0722 22:34:21.034107269   21651 tcp_client_posix.c:191]     failed to connect to 'ipv4:127.0.1.1:2209': timeout occurred
E0722 22:34:21.034442373   21651 tcp_client_posix.c:191]     failed to connect to 'ipv4:127.0.1.1:2209': timeout occurred
E0722 22:34:21.034833790   21651 tcp_client_posix.c:191]     failed to connect to 'ipv4:127.0.1.1:2209': timeout occurred
E0722 22:34:21.035033826   21651 tcp_client_posix.c:191]     failed to connect to 'ipv4:127.0.1.1:2209': timeout occurred
E0722 22:34:21.035203489   21651 tcp_client_posix.c:191]     failed to connect to 'ipv4:127.0.1.1:2209': timeout occurred
E0722 22:34:21.035386624   21651 tcp_client_posix.c:191]     failed to connect to 'ipv4:127.0.1.1:2209': timeout occurred
E0722 22:34:21.035568445   21651 tcp_client_posix.c:191]     failed to connect to 'ipv4:127.0.1.1:2209': timeout occurred
E0722 22:34:21.035734244   21651 tcp_client_posix.c:191]     failed to connect to 'ipv4:127.0.1.1:2209': timeout occurred
E0722 22:34:21.040477581   21651 tcp_client_posix.c:191]     failed to connect to 'ipv4:127.0.1.1:2209': timeout occurred
E0722 22:34:21.040622521   21651 tcp_client_posix.c:191]     failed to connect to 'ipv4:127.0.1.1:2209': timeout occurred
E0722 22:34:21.040756228   21651 tcp_client_posix.c:191]     failed to connect to 'ipv4:127.0.1.1:2209': timeout occurred
E0722 22:34:21.040890180   21651 tcp_client_posix.c:191]     failed to connect to 'ipv4:127.0.1.1:2209': timeout occurred
E0722 22:34:21.041020008   21651 tcp_client_posix.c:191]     failed to connect to 'ipv4:127.0.1.1:2209': timeout occurred
E0722 22:34:21.041619854   21651 tcp_client_posix.c:191]     failed to connect to 'ipv4:127.0.1.1:2209': timeout occurred
E0722 22:34:21.105376949   21651 tcp_client_posix.c:191]     failed to connect to 'ipv4:127.0.1.1:2211': timeout occurred
E0722 22:34:21.466802535   21651 tcp_client_posix.c:191]     failed to connect to 'ipv4:127.0.1.1:2208': timeout occurred
E0722 22:34:22.799347943   21651 tcp_client_posix.c:191]     failed to connect to 'ipv4:127.0.1.1:2206': timeout occurred
E0722 22:34:24.905465920   21651 tcp_client_posix.c:191]     failed to connect to 'ipv4:127.0.1.1:2210': timeout occurred
E0722 22:34:24.908572822   21651 tcp_client_posix.c:191]     failed to connect to 'ipv4:127.0.1.1:2210': timeout occurred
E0722 22:34:24.934821726   21653 tcp_client_posix.c:191]     failed to connect to 'ipv4:127.0.1.1:2210': timeout occurred
E0722 22:34:24.936921625   21653 tcp_client_posix.c:191]     failed to connect to 'ipv4:127.0.1.1:2210': timeout occurred
E0722 22:34:24.937030324   21653 tcp_client_posix.c:191]     failed to connect to 'ipv4:127.0.1.1:2210': timeout occurred
E0722 22:34:24.937147988   21653 tcp_client_posix.c:191]     failed to connect to 'ipv4:127.0.1.1:2210': timeout occurred
E0722 22:34:24.937288668   21653 tcp_client_posix.c:191]     failed to connect to 'ipv4:127.0.1.1:2210': timeout occurred
E0722 22:34:24.937413797   21653 tcp_client_posix.c:191]     failed to connect to 'ipv4:127.0.1.1:2210': timeout occurred
E0722 22:34:24.937514351   21653 tcp_client_posix.c:191]     failed to connect to 'ipv4:127.0.1.1:2210': timeout occurred
E0722 22:34:24.937645482   21653 tcp_client_posix.c:191]     failed to connect to 'ipv4:127.0.1.1:2210': timeout occurred
E0722 22:34:24.937781395   21653 tcp_client_posix.c:191]     failed to connect to 'ipv4:127.0.1.1:2210': timeout occurred
E0722 22:34:24.937906978   21653 tcp_client_posix.c:191]     failed to connect to 'ipv4:127.0.1.1:2210': timeout occurred
E0722 22:34:25.408678293   21651 tcp_client_posix.c:191]     failed to connect to 'ipv4:127.0.1.1:2203': timeout occurred
I tensorflow/core/kernels/logging_ops.cc:79] Node 27 dequeues token: [399]
I tensorflow/core/kernels/logging_ops.cc:79] Node 23 dequeues token: [399]
I tensorflow/core/kernels/logging_ops.cc:79] Node 12 dequeues token: [399]
I tensorflow/core/kernels/logging_ops.cc:79] Node 16 dequeues token: [399]
I tensorflow/core/kernels/logging_ops.cc:79] Node 20 dequeues token: [399]
I tensorflow/core/kernels/logging_ops.cc:79] Node 13 dequeues token: [399]
I tensorflow/core/kernels/logging_ops.cc:79] Node 22 dequeues token: [399]
I tensorflow/core/kernels/logging_ops.cc:79] Node 15 dequeues token: [399]
I tensorflow/core/kernels/logging_ops.cc:79] Node 24 dequeues token: [399]
I tensorflow/core/kernels/logging_ops.cc:79] Node 26 dequeues token: [399]
I tensorflow/core/kernels/logging_ops.cc:79] Node 29 dequeues token: [399]
I tensorflow/core/kernels/logging_ops.cc:79] Node 30 dequeues token: [399]
I tensorflow/core/kernels/logging_ops.cc:79] Node 25 dequeues token: [399]
I tensorflow/core/kernels/logging_ops.cc:79] Node 14 dequeues token: [399]
I tensorflow/core/kernels/logging_ops.cc:79] Node 31 dequeues token: [399]
I tensorflow/core/kernels/logging_ops.cc:79] ~~~~~ daniter~~~ GLobalstep:[399][0.009651267 0.0042267838...]
I tensorflow/core/kernels/logging_ops.cc:79] Node 13 dequeues token: [399]
I tensorflow/core/kernels/logging_ops.cc:79] Node 27 dequeues token: [399]
I tensorflow/core/kernels/logging_ops.cc:79] Node 22 dequeues token: [399]
I tensorflow/core/kernels/logging_ops.cc:79] Node 16 dequeues token: [399]
I tensorflow/core/kernels/logging_ops.cc:79] Node 17 dequeues token: [399]
I tensorflow/core/kernels/logging_ops.cc:79] Node 19 dequeues token: [399]
I tensorflow/core/kernels/logging_ops.cc:79] Node 11 dequeues token: [399]
I tensorflow/core/kernels/logging_ops.cc:79] Node 20 dequeues token: [399]
I tensorflow/core/kernels/logging_ops.cc:79] Node 21 dequeues token: [399]
I tensorflow/core/kernels/logging_ops.cc:79] Node 10 dequeues token: [399]
I tensorflow/core/kernels/logging_ops.cc:79] Node 7 dequeues token: [399]
I tensorflow/core/kernels/logging_ops.cc:79] Node 8 dequeues token: [399]
I tensorflow/core/kernels/logging_ops.cc:79] Node 12 dequeues token: [399]
I tensorflow/core/kernels/logging_ops.cc:79] Node 18 dequeues token: [399]
I tensorflow/core/kernels/logging_ops.cc:79] Node 23 dequeues token: [399]
I tensorflow/core/kernels/logging_ops.cc:79] Node 5 dequeues token: [399]
I tensorflow/core/kernels/logging_ops.cc:79] Node 4 dequeues token: [399]
I tensorflow/core/kernels/logging_ops.cc:79] Node 3 dequeues token: [399]
I tensorflow/core/kernels/logging_ops.cc:79] Node 1 dequeues token: [399]
I tensorflow/core/kernels/logging_ops.cc:79] Node 15 dequeues token: [399]
I tensorflow/core/kernels/logging_ops.cc:79] Node 9 dequeues token: [399]
I tensorflow/core/kernels/logging_ops.cc:79] Node 2 dequeues token: [399]
I tensorflow/core/kernels/logging_ops.cc:79] Node 6 dequeues token: [399]
I tensorflow/core/kernels/logging_ops.cc:79] Node 0 dequeues token: [399]
I tensorflow/core/kernels/logging_ops.cc:79] Node 14 dequeues token: [399]
I tensorflow/core/kernels/logging_ops.cc:79] Node 29 dequeues token: [399]
I tensorflow/core/kernels/logging_ops.cc:79] Node 26 dequeues token: [399]
I tensorflow/core/kernels/logging_ops.cc:79] Node 24 dequeues token: [399]
I tensorflow/core/kernels/logging_ops.cc:79] Node 30 dequeues token: [399]
I tensorflow/core/kernels/logging_ops.cc:79] Node 27 dequeues token: [399]
I tensorflow/core/kernels/logging_ops.cc:79] Node 31 dequeues token: [399]
I tensorflow/core/kernels/logging_ops.cc:79] Node 25 dequeues token: [399]
I tensorflow/core/kernels/logging_ops.cc:79] Node 22 dequeues token: [399]
I tensorflow/core/kernels/logging_ops.cc:79] Node 23 dequeues token: [399]
I tensorflow/core/kernels/logging_ops.cc:79] Node 7 dequeues token: [399]
I tensorflow/core/kernels/logging_ops.cc:79] Node 10 dequeues token: [399]
I tensorflow/core/kernels/logging_ops.cc:79] Node 8 dequeues token: [399]
I tensorflow/core/kernels/logging_ops.cc:79] Node 19 dequeues token: [399]
I tensorflow/core/kernels/logging_ops.cc:79] ~~~~~ daniter~~~ GLobalstep:[400][0.0029582647 0.0041009011...]
I tensorflow/core/kernels/logging_ops.cc:79] Node 20 dequeues token: [399]
I tensorflow/core/kernels/logging_ops.cc:79] Node 18 dequeues token: [399]
I tensorflow/core/kernels/logging_ops.cc:79] Node 17 dequeues token: [399]
I tensorflow/core/kernels/logging_ops.cc:79] Node 11 dequeues token: [399]
I tensorflow/core/kernels/logging_ops.cc:79] Node 12 dequeues token: [399]
I tensorflow/core/kernels/logging_ops.cc:79] Node 21 dequeues token: [399]
I tensorflow/core/kernels/logging_ops.cc:79] Node 29 dequeues token: [399]
I tensorflow/core/kernels/logging_ops.cc:79] Node 16 dequeues token: [399]
I tensorflow/core/kernels/logging_ops.cc:79] Node 5 dequeues token: [399]
I tensorflow/core/kernels/logging_ops.cc:79] Node 6 dequeues token: [399]
I tensorflow/core/kernels/logging_ops.cc:79] Node 26 dequeues token: [399]
I tensorflow/core/kernels/logging_ops.cc:79] Node 30 dequeues token: [400]
I tensorflow/core/kernels/logging_ops.cc:79] Node 24 dequeues token: [400]
I tensorflow/core/kernels/logging_ops.cc:79] Node 27 dequeues token: [400]
I tensorflow/core/kernels/logging_ops.cc:79] Node 4 dequeues token: [400]
I tensorflow/core/kernels/logging_ops.cc:79] Node 22 dequeues token: [400]
I tensorflow/core/kernels/logging_ops.cc:79] Node 25 dequeues token: [400]
I tensorflow/core/kernels/logging_ops.cc:79] Node 15 dequeues token: [400]
I tensorflow/core/kernels/logging_ops.cc:79] Node 3 dequeues token: [400]
I tensorflow/core/kernels/logging_ops.cc:79] Node 13 dequeues token: [400]
I tensorflow/core/kernels/logging_ops.cc:79] Node 31 dequeues token: [400]
I tensorflow/core/kernels/logging_ops.cc:79] Node 1 dequeues token: [400]
I tensorflow/core/kernels/logging_ops.cc:79] Node 14 dequeues token: [400]
I tensorflow/core/kernels/logging_ops.cc:79] Node 23 dequeues token: [400]
I tensorflow/core/kernels/logging_ops.cc:79] Node 7 dequeues token: [400]
I tensorflow/core/kernels/logging_ops.cc:79] Node 9 dequeues token: [400]
I tensorflow/core/kernels/logging_ops.cc:79] Node 8 dequeues token: [400]
I tensorflow/core/kernels/logging_ops.cc:79] Node 2 dequeues token: [400]
I tensorflow/core/kernels/logging_ops.cc:79] Node 10 dequeues token: [400]
I tensorflow/core/kernels/logging_ops.cc:79] Node 0 dequeues token: [400]
I tensorflow/core/kernels/logging_ops.cc:79] Node 29 dequeues token: [400]
I tensorflow/core/kernels/logging_ops.cc:79] Node 19 dequeues token: [400]
I tensorflow/core/kernels/logging_ops.cc:79] Node 17 dequeues token: [400]
I tensorflow/core/kernels/logging_ops.cc:79] Node 27 dequeues token: [400]
I tensorflow/core/kernels/logging_ops.cc:79] Node 25 dequeues token: [400]
I tensorflow/core/kernels/logging_ops.cc:79] Node 11 dequeues token: [400]
I tensorflow/core/kernels/logging_ops.cc:79] Node 22 dequeues token: [400]
I tensorflow/core/kernels/logging_ops.cc:79] Node 31 dequeues token: [400]
I tensorflow/core/kernels/logging_ops.cc:79] Node 20 dequeues token: [400]
I tensorflow/core/kernels/logging_ops.cc:79] Node 24 dequeues token: [400]
I tensorflow/core/kernels/logging_ops.cc:79] Node 26 dequeues token: [400]
I tensorflow/core/kernels/logging_ops.cc:79] Node 21 dequeues token: [400]
I tensorflow/core/kernels/logging_ops.cc:79] Node 12 dequeues token: [400]
I tensorflow/core/kernels/logging_ops.cc:79] ~~~~~ daniter~~~ GLobalstep:[401][-0.0043391874 -0.004538524...]
I tensorflow/core/kernels/logging_ops.cc:79] Node 30 dequeues token: [401]
I tensorflow/core/kernels/logging_ops.cc:79] Node 23 dequeues token: [401]
I tensorflow/core/kernels/logging_ops.cc:79] Node 16 dequeues token: [401]
I tensorflow/core/kernels/logging_ops.cc:79] Node 15 dequeues token: [401]
I tensorflow/core/kernels/logging_ops.cc:79] Node 25 dequeues token: [401]
I tensorflow/core/kernels/logging_ops.cc:79] Node 7 dequeues token: [401]
I tensorflow/core/kernels/logging_ops.cc:79] Node 27 dequeues token: [401]
I tensorflow/core/kernels/logging_ops.cc:79] Node 17 dequeues token: [401]
I tensorflow/core/kernels/logging_ops.cc:79] Node 6 dequeues token: [401]
I tensorflow/core/kernels/logging_ops.cc:79] Node 29 dequeues token: [401]
I tensorflow/core/kernels/logging_ops.cc:79] Node 14 dequeues token: [401]
I tensorflow/core/kernels/logging_ops.cc:79] Node 4 dequeues token: [401]
I tensorflow/core/kernels/logging_ops.cc:79] Node 22 dequeues token: [401]
I tensorflow/core/kernels/logging_ops.cc:79] Node 1 dequeues token: [401]
I tensorflow/core/kernels/logging_ops.cc:79] Node 11 dequeues token: [401]
I tensorflow/core/kernels/logging_ops.cc:79] Node 13 dequeues token: [401]
I tensorflow/core/kernels/logging_ops.cc:79] Node 18 dequeues token: [401]
I tensorflow/core/kernels/logging_ops.cc:79] Node 19 dequeues token: [401]
I tensorflow/core/kernels/logging_ops.cc:79] Node 3 dequeues token: [401]
I tensorflow/core/kernels/logging_ops.cc:79] Node 5 dequeues token: [401]
I tensorflow/core/kernels/logging_ops.cc:79] Node 9 dequeues token: [401]
I tensorflow/core/kernels/logging_ops.cc:79] Node 10 dequeues token: [401]
I tensorflow/core/kernels/logging_ops.cc:79] Node 20 dequeues token: [401]
I tensorflow/core/kernels/logging_ops.cc:79] Node 8 dequeues token: [401]
I tensorflow/core/kernels/logging_ops.cc:79] Node 2 dequeues token: [401]
I tensorflow/core/kernels/logging_ops.cc:79] Node 0 dequeues token: [401]
I tensorflow/core/kernels/logging_ops.cc:79] Node 31 dequeues token: [401]
I tensorflow/core/kernels/logging_ops.cc:79] Node 21 dequeues token: [401]
I tensorflow/core/kernels/logging_ops.cc:79] Node 24 dequeues token: [401]
I tensorflow/core/kernels/logging_ops.cc:79] Node 26 dequeues token: [401]
I tensorflow/core/kernels/logging_ops.cc:79] Node 23 dequeues token: [401]
I tensorflow/core/kernels/logging_ops.cc:79] Node 30 dequeues token: [401]
I tensorflow/core/kernels/logging_ops.cc:79] ~~~~~ daniter~~~ GLobalstep:[402][0.00037174425 0.0018306356...]
I tensorflow/core/kernels/logging_ops.cc:79] Node 19 dequeues token: [402]
I tensorflow/core/kernels/logging_ops.cc:79] Node 31 dequeues token: [402]
I tensorflow/core/kernels/logging_ops.cc:79] Node 22 dequeues token: [402]
I tensorflow/core/kernels/logging_ops.cc:79] Node 11 dequeues token: [402]
I tensorflow/core/kernels/logging_ops.cc:79] Node 29 dequeues token: [402]
I tensorflow/core/kernels/logging_ops.cc:79] Node 12 dequeues token: [402]
I tensorflow/core/kernels/logging_ops.cc:79] Node 27 dequeues token: [402]
I tensorflow/core/kernels/logging_ops.cc:79] Node 16 dequeues token: [402]
I tensorflow/core/kernels/logging_ops.cc:79] Node 25 dequeues token: [402]
I tensorflow/core/kernels/logging_ops.cc:79] Node 6 dequeues token: [402]
I tensorflow/core/kernels/logging_ops.cc:79] Node 4 dequeues token: [402]
I tensorflow/core/kernels/logging_ops.cc:79] Node 3 dequeues token: [402]
I tensorflow/core/kernels/logging_ops.cc:79] Node 15 dequeues token: [402]
I tensorflow/core/kernels/logging_ops.cc:79] Node 18 dequeues token: [402]
I tensorflow/core/kernels/logging_ops.cc:79] Node 20 dequeues token: [402]
I tensorflow/core/kernels/logging_ops.cc:79] Node 7 dequeues token: [402]
I tensorflow/core/kernels/logging_ops.cc:79] Node 14 dequeues token: [402]
I tensorflow/core/kernels/logging_ops.cc:79] Node 24 dequeues token: [402]
I tensorflow/core/kernels/logging_ops.cc:79] Node 26 dequeues token: [402]
I tensorflow/core/kernels/logging_ops.cc:79] Node 23 dequeues token: [402]
I tensorflow/core/kernels/logging_ops.cc:79] Node 13 dequeues token: [402]
I tensorflow/core/kernels/logging_ops.cc:79] Node 30 dequeues token: [402]
I tensorflow/core/kernels/logging_ops.cc:79] Node 17 dequeues token: [402]
I tensorflow/core/kernels/logging_ops.cc:79] Node 21 dequeues token: [402]
I tensorflow/core/kernels/logging_ops.cc:79] Node 8 dequeues token: [402]
I tensorflow/core/kernels/logging_ops.cc:79] Node 1 dequeues token: [402]
I tensorflow/core/kernels/logging_ops.cc:79] Node 5 dequeues token: [402]
I tensorflow/core/kernels/logging_ops.cc:79] Node 2 dequeues token: [402]
I tensorflow/core/kernels/logging_ops.cc:79] Node 10 dequeues token: [402]
I tensorflow/core/kernels/logging_ops.cc:79] Node 9 dequeues token: [402]
I tensorflow/core/kernels/logging_ops.cc:79] Node 25 dequeues token: [402]
I tensorflow/core/kernels/logging_ops.cc:79] Node 22 dequeues token: [402]
I tensorflow/core/kernels/logging_ops.cc:79] ~~~~~ daniter~~~ GLobalstep:[403][-0.0075275749 0.00016004655...]
I tensorflow/core/kernels/logging_ops.cc:79] Node 0 dequeues token: [403]
I tensorflow/core/kernels/logging_ops.cc:79] Node 27 dequeues token: [403]
I tensorflow/core/kernels/logging_ops.cc:79] Node 19 dequeues token: [403]
I tensorflow/core/kernels/logging_ops.cc:79] Node 12 dequeues token: [403]
I tensorflow/core/kernels/logging_ops.cc:79] Node 31 dequeues token: [403]
I tensorflow/core/kernels/logging_ops.cc:79] Node 23 dequeues token: [403]
I tensorflow/core/kernels/logging_ops.cc:79] Node 24 dequeues token: [403]
I tensorflow/core/kernels/logging_ops.cc:79] Node 30 dequeues token: [403]
I tensorflow/core/kernels/logging_ops.cc:79] Node 29 dequeues token: [403]
I tensorflow/core/kernels/logging_ops.cc:79] Node 22 dequeues token: [403]
I tensorflow/core/kernels/logging_ops.cc:79] Node 26 dequeues token: [403]
I tensorflow/core/kernels/logging_ops.cc:79] Node 25 dequeues token: [403]
I tensorflow/core/kernels/logging_ops.cc:79] Node 4 dequeues token: [403]
I tensorflow/core/kernels/logging_ops.cc:79] Node 20 dequeues token: [403]
I tensorflow/core/kernels/logging_ops.cc:79] Node 14 dequeues token: [403]
I tensorflow/core/kernels/logging_ops.cc:79] Node 15 dequeues token: [403]
I tensorflow/core/kernels/logging_ops.cc:79] Node 17 dequeues token: [403]
I tensorflow/core/kernels/logging_ops.cc:79] Node 18 dequeues token: [403]
I tensorflow/core/kernels/logging_ops.cc:79] Node 7 dequeues token: [403]
I tensorflow/core/kernels/logging_ops.cc:79] Node 13 dequeues token: [403]
I tensorflow/core/kernels/logging_ops.cc:79] Node 3 dequeues token: [403]
I tensorflow/core/kernels/logging_ops.cc:79] Node 6 dequeues token: [403]
I tensorflow/core/kernels/logging_ops.cc:79] Node 21 dequeues token: [403]
I tensorflow/core/kernels/logging_ops.cc:79] Node 11 dequeues token: [403]
I tensorflow/core/kernels/logging_ops.cc:79] Node 16 dequeues token: [403]
I tensorflow/core/kernels/logging_ops.cc:79] Node 1 dequeues token: [403]
I tensorflow/core/kernels/logging_ops.cc:79] Node 10 dequeues token: [403]
I tensorflow/core/kernels/logging_ops.cc:79] Node 5 dequeues token: [403]
I tensorflow/core/kernels/logging_ops.cc:79] Node 2 dequeues token: [403]
I tensorflow/core/kernels/logging_ops.cc:79] Node 9 dequeues token: [403]
I tensorflow/core/kernels/logging_ops.cc:79] Node 8 dequeues token: [403]
I tensorflow/core/kernels/logging_ops.cc:79] Node 23 dequeues token: [403]
I tensorflow/core/kernels/logging_ops.cc:79] ~~~~~ daniter~~~ GLobalstep:[404][0.0015367452 0.0016133783...]
I tensorflow/core/kernels/logging_ops.cc:79] Node 0 dequeues token: [404]
I tensorflow/core/kernels/logging_ops.cc:79] Node 4 dequeues token: [404]
I tensorflow/core/kernels/logging_ops.cc:79] Node 29 dequeues token: [404]
I tensorflow/core/kernels/logging_ops.cc:79] Node 31 dequeues token: [404]
I tensorflow/core/kernels/logging_ops.cc:79] Node 27 dequeues token: [404]
I tensorflow/core/kernels/logging_ops.cc:79] Node 30 dequeues token: [404]
I tensorflow/core/kernels/logging_ops.cc:79] Node 19 dequeues token: [404]
I tensorflow/core/kernels/logging_ops.cc:79] Node 22 dequeues token: [404]
I tensorflow/core/kernels/logging_ops.cc:79] Node 25 dequeues token: [404]
I tensorflow/core/kernels/logging_ops.cc:79] Node 12 dequeues token: [404]
I tensorflow/core/kernels/logging_ops.cc:79] Node 24 dequeues token: [404]
I tensorflow/core/kernels/logging_ops.cc:79] Node 16 dequeues token: [404]
I tensorflow/core/kernels/logging_ops.cc:79] Node 26 dequeues token: [404]
I tensorflow/core/kernels/logging_ops.cc:79] Node 23 dequeues token: [404]
I tensorflow/core/kernels/logging_ops.cc:79] Node 7 dequeues token: [404]
I tensorflow/core/kernels/logging_ops.cc:79] Node 15 dequeues token: [404]
I tensorflow/core/kernels/logging_ops.cc:79] Node 21 dequeues token: [404]
I tensorflow/core/kernels/logging_ops.cc:79] Node 11 dequeues token: [404]
I tensorflow/core/kernels/logging_ops.cc:79] Node 13 dequeues token: [404]
I tensorflow/core/kernels/logging_ops.cc:79] Node 3 dequeues token: [404]
I tensorflow/core/kernels/logging_ops.cc:79] Node 18 dequeues token: [404]
I tensorflow/core/kernels/logging_ops.cc:79] Node 14 dequeues token: [404]
I tensorflow/core/kernels/logging_ops.cc:79] Node 20 dequeues token: [404]
I tensorflow/core/kernels/logging_ops.cc:79] Node 17 dequeues token: [404]
I tensorflow/core/kernels/logging_ops.cc:79] Node 10 dequeues token: [404]
I tensorflow/core/kernels/logging_ops.cc:79] Node 6 dequeues token: [404]
I tensorflow/core/kernels/logging_ops.cc:79] Node 1 dequeues token: [404]
I tensorflow/core/kernels/logging_ops.cc:79] Node 5 dequeues token: [404]
I tensorflow/core/kernels/logging_ops.cc:79] Node 2 dequeues token: [404]
I tensorflow/core/kernels/logging_ops.cc:79] Node 9 dequeues token: [404]
I tensorflow/core/kernels/logging_ops.cc:79] Node 8 dequeues token: [404]
I tensorflow/core/kernels/logging_ops.cc:79] Node 22 dequeues token: [404]
I tensorflow/core/kernels/logging_ops.cc:79] ~~~~~ daniter~~~ GLobalstep:[405][0.00260333 -0.00070458563...]
I tensorflow/core/kernels/logging_ops.cc:79] Node 0 dequeues token: [405]
I tensorflow/core/kernels/logging_ops.cc:79] Node 30 dequeues token: [405]
I tensorflow/core/kernels/logging_ops.cc:79] Node 23 dequeues token: [405]
I tensorflow/core/kernels/logging_ops.cc:79] Node 29 dequeues token: [405]
I tensorflow/core/kernels/logging_ops.cc:79] Node 31 dequeues token: [405]
I tensorflow/core/kernels/logging_ops.cc:79] Node 25 dequeues token: [405]
I tensorflow/core/kernels/logging_ops.cc:79] Node 24 dequeues token: [405]
I tensorflow/core/kernels/logging_ops.cc:79] Node 20 dequeues token: [405]
I tensorflow/core/kernels/logging_ops.cc:79] Node 18 dequeues token: [405]
I tensorflow/core/kernels/logging_ops.cc:79] Node 7 dequeues token: [405]
I tensorflow/core/kernels/logging_ops.cc:79] Node 16 dequeues token: [405]
I tensorflow/core/kernels/logging_ops.cc:79] Node 14 dequeues token: [405]
I tensorflow/core/kernels/logging_ops.cc:79] Node 22 dequeues token: [405]
I tensorflow/core/kernels/logging_ops.cc:79] Node 4 dequeues token: [405]
I tensorflow/core/kernels/logging_ops.cc:79] Node 11 dequeues token: [405]
I tensorflow/core/kernels/logging_ops.cc:79] Node 12 dequeues token: [405]
I tensorflow/core/kernels/logging_ops.cc:79] Node 17 dequeues token: [405]
I tensorflow/core/kernels/logging_ops.cc:79] Node 15 dequeues token: [405]
I tensorflow/core/kernels/logging_ops.cc:79] Node 26 dequeues token: [405]
I tensorflow/core/kernels/logging_ops.cc:79] Node 19 dequeues token: [405]
I tensorflow/core/kernels/logging_ops.cc:79] Node 27 dequeues token: [405]
I tensorflow/core/kernels/logging_ops.cc:79] Node 21 dequeues token: [405]
I tensorflow/core/kernels/logging_ops.cc:79] Node 8 dequeues token: [405]
I tensorflow/core/kernels/logging_ops.cc:79] Node 13 dequeues token: [405]
I tensorflow/core/kernels/logging_ops.cc:79] Node 1 dequeues token: [405]
I tensorflow/core/kernels/logging_ops.cc:79] Node 3 dequeues token: [405]
I tensorflow/core/kernels/logging_ops.cc:79] Node 5 dequeues token: [405]
I tensorflow/core/kernels/logging_ops.cc:79] Node 6 dequeues token: [405]
I tensorflow/core/kernels/logging_ops.cc:79] Node 10 dequeues token: [405]
I tensorflow/core/kernels/logging_ops.cc:79] Node 2 dequeues token: [405]
I tensorflow/core/kernels/logging_ops.cc:79] Node 9 dequeues token: [405]
I tensorflow/core/kernels/logging_ops.cc:79] Node 23 dequeues token: [405]
I tensorflow/core/kernels/logging_ops.cc:79] ~~~~~ daniter~~~ GLobalstep:[406][0.0040447144 0.0055430331...]
I tensorflow/core/kernels/logging_ops.cc:79] Node 2 dequeues token: [406]
I tensorflow/core/kernels/logging_ops.cc:79] Node 11 dequeues token: [406]
I tensorflow/core/kernels/logging_ops.cc:79] Node 22 dequeues token: [406]
I tensorflow/core/kernels/logging_ops.cc:79] Node 12 dequeues token: [406]
I tensorflow/core/kernels/logging_ops.cc:79] Node 5 dequeues token: [406]
I tensorflow/core/kernels/logging_ops.cc:79] Node 31 dequeues token: [406]
I tensorflow/core/kernels/logging_ops.cc:79] Node 29 dequeues token: [406]
I tensorflow/core/kernels/logging_ops.cc:79] Node 25 dequeues token: [406]
I tensorflow/core/kernels/logging_ops.cc:79] Node 14 dequeues token: [406]
I tensorflow/core/kernels/logging_ops.cc:79] Node 26 dequeues token: [406]
I tensorflow/core/kernels/logging_ops.cc:79] Node 24 dequeues token: [406]
I tensorflow/core/kernels/logging_ops.cc:79] Node 7 dequeues token: [406]
I tensorflow/core/kernels/logging_ops.cc:79] Node 10 dequeues token: [406]
I tensorflow/core/kernels/logging_ops.cc:79] Node 1 dequeues token: [406]
I tensorflow/core/kernels/logging_ops.cc:79] Node 9 dequeues token: [406]
I tensorflow/core/kernels/logging_ops.cc:79] Node 27 dequeues token: [406]
I tensorflow/core/kernels/logging_ops.cc:79] Node 17 dequeues token: [406]
I tensorflow/core/kernels/logging_ops.cc:79] Node 3 dequeues token: [406]
I tensorflow/core/kernels/logging_ops.cc:79] Node 4 dequeues token: [406]
I tensorflow/core/kernels/logging_ops.cc:79] Node 0 dequeues token: [406]
I tensorflow/core/kernels/logging_ops.cc:79] Node 6 dequeues token: [406]
I tensorflow/core/kernels/logging_ops.cc:79] Node 23 dequeues token: [406]
I tensorflow/core/kernels/logging_ops.cc:79] Node 8 dequeues token: [406]
I tensorflow/core/kernels/logging_ops.cc:79] Node 13 dequeues token: [406]
I tensorflow/core/kernels/logging_ops.cc:79] Node 20 dequeues token: [406]
I tensorflow/core/kernels/logging_ops.cc:79] Node 15 dequeues token: [406]
I tensorflow/core/kernels/logging_ops.cc:79] Node 30 dequeues token: [406]
I tensorflow/core/kernels/logging_ops.cc:79] Node 21 dequeues token: [406]
I tensorflow/core/kernels/logging_ops.cc:79] Node 16 dequeues token: [406]
I tensorflow/core/kernels/logging_ops.cc:79] Node 18 dequeues token: [406]
I tensorflow/core/kernels/logging_ops.cc:79] Node 19 dequeues token: [406]
I tensorflow/core/kernels/logging_ops.cc:79] Node 22 dequeues token: [406]
I tensorflow/core/kernels/logging_ops.cc:79] ~~~~~ daniter~~~ GLobalstep:[407][-0.0052451589 0.0030064839...]
I tensorflow/core/kernels/logging_ops.cc:79] Node 27 dequeues token: [407]
I tensorflow/core/kernels/logging_ops.cc:79] Node 31 dequeues token: [407]
I tensorflow/core/kernels/logging_ops.cc:79] Node 30 dequeues token: [407]
I tensorflow/core/kernels/logging_ops.cc:79] Node 24 dequeues token: [407]
I tensorflow/core/kernels/logging_ops.cc:79] Node 21 dequeues token: [407]
I tensorflow/core/kernels/logging_ops.cc:79] Node 29 dequeues token: [407]
I tensorflow/core/kernels/logging_ops.cc:79] Node 12 dequeues token: [407]
I tensorflow/core/kernels/logging_ops.cc:79] Node 25 dequeues token: [407]
I tensorflow/core/kernels/logging_ops.cc:79] Node 17 dequeues token: [407]
I tensorflow/core/kernels/logging_ops.cc:79] Node 11 dequeues token: [407]
I tensorflow/core/kernels/logging_ops.cc:79] Node 20 dequeues token: [407]
I tensorflow/core/kernels/logging_ops.cc:79] Node 14 dequeues token: [407]
I tensorflow/core/kernels/logging_ops.cc:79] Node 26 dequeues token: [407]
I tensorflow/core/kernels/logging_ops.cc:79] Node 22 dequeues token: [407]
I tensorflow/core/kernels/logging_ops.cc:79] Node 23 dequeues token: [407]
I tensorflow/core/kernels/logging_ops.cc:79] Node 19 dequeues token: [407]
I tensorflow/core/kernels/logging_ops.cc:79] Node 18 dequeues token: [407]
I tensorflow/core/kernels/logging_ops.cc:79] Node 15 dequeues token: [407]
I tensorflow/core/kernels/logging_ops.cc:79] Node 0 dequeues token: [407]
I tensorflow/core/kernels/logging_ops.cc:79] Node 13 dequeues token: [407]
I tensorflow/core/kernels/logging_ops.cc:79] Node 2 dequeues token: [407]
I tensorflow/core/kernels/logging_ops.cc:79] Node 5 dequeues token: [407]
I tensorflow/core/kernels/logging_ops.cc:79] Node 6 dequeues token: [407]
I tensorflow/core/kernels/logging_ops.cc:79] Node 16 dequeues token: [407]
I tensorflow/core/kernels/logging_ops.cc:79] Node 3 dequeues token: [407]
I tensorflow/core/kernels/logging_ops.cc:79] Node 7 dequeues token: [407]
I tensorflow/core/kernels/logging_ops.cc:79] Node 8 dequeues token: [407]
I tensorflow/core/kernels/logging_ops.cc:79] Node 9 dequeues token: [407]
I tensorflow/core/kernels/logging_ops.cc:79] Node 4 dequeues token: [407]
I tensorflow/core/kernels/logging_ops.cc:79] Node 1 dequeues token: [407]
I tensorflow/core/kernels/logging_ops.cc:79] Node 10 dequeues token: [407]
I tensorflow/core/kernels/logging_ops.cc:79] Node 15 dequeues token: [407]
I tensorflow/core/kernels/logging_ops.cc:79] ~~~~~ daniter~~~ GLobalstep:[408][-0.00656808 -0.0014797044...]
I tensorflow/core/kernels/logging_ops.cc:79] Node 9 dequeues token: [408]
I tensorflow/core/kernels/logging_ops.cc:79] Node 13 dequeues token: [408]
I tensorflow/core/kernels/logging_ops.cc:79] Node 31 dequeues token: [408]
I tensorflow/core/kernels/logging_ops.cc:79] Node 26 dequeues token: [408]
I tensorflow/core/kernels/logging_ops.cc:79] Node 22 dequeues token: [408]
I tensorflow/core/kernels/logging_ops.cc:79] Node 4 dequeues token: [408]
I tensorflow/core/kernels/logging_ops.cc:79] Node 5 dequeues token: [408]
I tensorflow/core/kernels/logging_ops.cc:79] Node 16 dequeues token: [408]
I tensorflow/core/kernels/logging_ops.cc:79] Node 2 dequeues token: [408]
I tensorflow/core/kernels/logging_ops.cc:79] Node 14 dequeues token: [408]
I tensorflow/core/kernels/logging_ops.cc:79] Node 7 dequeues token: [408]
I tensorflow/core/kernels/logging_ops.cc:79] Node 27 dequeues token: [408]
I tensorflow/core/kernels/logging_ops.cc:79] Node 23 dequeues token: [408]
I tensorflow/core/kernels/logging_ops.cc:79] Node 30 dequeues token: [408]
I tensorflow/core/kernels/logging_ops.cc:79] Node 29 dequeues token: [408]
I tensorflow/core/kernels/logging_ops.cc:79] Node 20 dequeues token: [408]
I tensorflow/core/kernels/logging_ops.cc:79] Node 24 dequeues token: [408]
I tensorflow/core/kernels/logging_ops.cc:79] Node 8 dequeues token: [408]
I tensorflow/core/kernels/logging_ops.cc:79] Node 10 dequeues token: [408]
I tensorflow/core/kernels/logging_ops.cc:79] Node 11 dequeues token: [408]
I tensorflow/core/kernels/logging_ops.cc:79] Node 1 dequeues token: [408]
I tensorflow/core/kernels/logging_ops.cc:79] Node 18 dequeues token: [408]
I tensorflow/core/kernels/logging_ops.cc:79] Node 0 dequeues token: [408]
I tensorflow/core/kernels/logging_ops.cc:79] Node 21 dequeues token: [408]
I tensorflow/core/kernels/logging_ops.cc:79] Node 3 dequeues token: [408]
I tensorflow/core/kernels/logging_ops.cc:79] Node 17 dequeues token: [408]
I tensorflow/core/kernels/logging_ops.cc:79] Node 12 dequeues token: [408]
I tensorflow/core/kernels/logging_ops.cc:79] Node 19 dequeues token: [408]
I tensorflow/core/kernels/logging_ops.cc:79] Node 25 dequeues token: [408]
I tensorflow/core/kernels/logging_ops.cc:79] Node 6 dequeues token: [408]
I tensorflow/core/kernels/logging_ops.cc:79] Node 15 dequeues token: [408]
I tensorflow/core/kernels/logging_ops.cc:79] Node 30 dequeues token: [408]
I tensorflow/core/kernels/logging_ops.cc:79] ~~~~~ daniter~~~ GLobalstep:[409][0.0014766819 0.0020980728...]
I tensorflow/core/kernels/logging_ops.cc:79] Node 25 dequeues token: [409]
I tensorflow/core/kernels/logging_ops.cc:79] Node 23 dequeues token: [409]
I tensorflow/core/kernels/logging_ops.cc:79] Node 27 dequeues token: [409]
I tensorflow/core/kernels/logging_ops.cc:79] Node 31 dequeues token: [409]
I tensorflow/core/kernels/logging_ops.cc:79] Node 22 dequeues token: [409]
I tensorflow/core/kernels/logging_ops.cc:79] Node 9 dequeues token: [409]
I tensorflow/core/kernels/logging_ops.cc:79] Node 7 dequeues token: [409]
I tensorflow/core/kernels/logging_ops.cc:79] Node 26 dequeues token: [409]
I tensorflow/core/kernels/logging_ops.cc:79] Node 29 dequeues token: [409]
I tensorflow/core/kernels/logging_ops.cc:79] Node 24 dequeues token: [409]
I tensorflow/core/kernels/logging_ops.cc:79] Node 14 dequeues token: [409]
I tensorflow/core/kernels/logging_ops.cc:79] Node 16 dequeues token: [409]
I tensorflow/core/kernels/logging_ops.cc:79] Node 8 dequeues token: [409]
I tensorflow/core/kernels/logging_ops.cc:79] Node 18 dequeues token: [409]
I tensorflow/core/kernels/logging_ops.cc:79] Node 19 dequeues token: [409]
I tensorflow/core/kernels/logging_ops.cc:79] Node 17 dequeues token: [409]
I tensorflow/core/kernels/logging_ops.cc:79] Node 13 dequeues token: [409]
I tensorflow/core/kernels/logging_ops.cc:79] Node 30 dequeues token: [409]
I tensorflow/core/kernels/logging_ops.cc:79] Node 20 dequeues token: [409]
I tensorflow/core/kernels/logging_ops.cc:79] Node 11 dequeues token: [409]
I tensorflow/core/kernels/logging_ops.cc:79] Node 12 dequeues token: [409]
I tensorflow/core/kernels/logging_ops.cc:79] Node 15 dequeues token: [409]
I tensorflow/core/kernels/logging_ops.cc:79] Node 21 dequeues token: [409]
I tensorflow/core/kernels/logging_ops.cc:79] Node 5 dequeues token: [409]
I tensorflow/core/kernels/logging_ops.cc:79] Node 1 dequeues token: [409]
I tensorflow/core/kernels/logging_ops.cc:79] Node 10 dequeues token: [409]
I tensorflow/core/kernels/logging_ops.cc:79] Node 3 dequeues token: [409]
I tensorflow/core/kernels/logging_ops.cc:79] Node 0 dequeues token: [409]
I tensorflow/core/kernels/logging_ops.cc:79] Node 2 dequeues token: [409]
I tensorflow/core/kernels/logging_ops.cc:79] Node 4 dequeues token: [409]
I tensorflow/core/kernels/logging_ops.cc:79] Node 6 dequeues token: [409]
I tensorflow/core/kernels/logging_ops.cc:79] Node 22 dequeues token: [409]
I tensorflow/core/kernels/logging_ops.cc:79] ~~~~~ daniter~~~ GLobalstep:[410][-0.013206855 -0.0023028569...]
I tensorflow/core/kernels/logging_ops.cc:79] Node 30 dequeues token: [410]
I tensorflow/core/kernels/logging_ops.cc:79] Node 5 dequeues token: [410]
I tensorflow/core/kernels/logging_ops.cc:79] Node 23 dequeues token: [410]
I tensorflow/core/kernels/logging_ops.cc:79] Node 26 dequeues token: [410]
I tensorflow/core/kernels/logging_ops.cc:79] Node 22 dequeues token: [410]
I tensorflow/core/kernels/logging_ops.cc:79] Node 27 dequeues token: [410]
I tensorflow/core/kernels/logging_ops.cc:79] Node 25 dequeues token: [410]
I tensorflow/core/kernels/logging_ops.cc:79] Node 31 dequeues token: [410]
I tensorflow/core/kernels/logging_ops.cc:79] Node 15 dequeues token: [410]
I tensorflow/core/kernels/logging_ops.cc:79] Node 29 dequeues token: [410]
I tensorflow/core/kernels/logging_ops.cc:79] Node 13 dequeues token: [410]
I tensorflow/core/kernels/logging_ops.cc:79] Node 20 dequeues token: [410]
I tensorflow/core/kernels/logging_ops.cc:79] Node 17 dequeues token: [410]
I tensorflow/core/kernels/logging_ops.cc:79] Node 2 dequeues token: [410]
I tensorflow/core/kernels/logging_ops.cc:79] Node 21 dequeues token: [410]
I tensorflow/core/kernels/logging_ops.cc:79] Node 9 dequeues token: [410]
I tensorflow/core/kernels/logging_ops.cc:79] Node 0 dequeues token: [410]
I tensorflow/core/kernels/logging_ops.cc:79] Node 24 dequeues token: [410]
I tensorflow/core/kernels/logging_ops.cc:79] Node 11 dequeues token: [410]
I tensorflow/core/kernels/logging_ops.cc:79] Node 16 dequeues token: [410]
I tensorflow/core/kernels/logging_ops.cc:79] Node 6 dequeues token: [410]
I tensorflow/core/kernels/logging_ops.cc:79] Node 19 dequeues token: [410]
I tensorflow/core/kernels/logging_ops.cc:79] Node 7 dequeues token: [410]
I tensorflow/core/kernels/logging_ops.cc:79] Node 4 dequeues token: [410]
I tensorflow/core/kernels/logging_ops.cc:79] Node 8 dequeues token: [410]
I tensorflow/core/kernels/logging_ops.cc:79] Node 18 dequeues token: [410]
I tensorflow/core/kernels/logging_ops.cc:79] Node 14 dequeues token: [410]
I tensorflow/core/kernels/logging_ops.cc:79] Node 12 dequeues token: [410]
I tensorflow/core/kernels/logging_ops.cc:79] Node 10 dequeues token: [410]
I tensorflow/core/kernels/logging_ops.cc:79] Node 1 dequeues token: [410]
I tensorflow/core/kernels/logging_ops.cc:79] Node 3 dequeues token: [410]
I tensorflow/core/kernels/logging_ops.cc:79] Node 26 dequeues token: [410]
I tensorflow/core/kernels/logging_ops.cc:79] ~~~~~ daniter~~~ GLobalstep:[411][0.0038909977 0.00619003...]
I tensorflow/core/kernels/logging_ops.cc:79] Node 8 dequeues token: [411]
I tensorflow/core/kernels/logging_ops.cc:79] Node 6 dequeues token: [411]
I tensorflow/core/kernels/logging_ops.cc:79] Node 2 dequeues token: [411]
I tensorflow/core/kernels/logging_ops.cc:79] Node 5 dequeues token: [411]
I tensorflow/core/kernels/logging_ops.cc:79] Node 18 dequeues token: [411]
I tensorflow/core/kernels/logging_ops.cc:79] Node 0 dequeues token: [411]
I tensorflow/core/kernels/logging_ops.cc:79] Node 22 dequeues token: [411]
I tensorflow/core/kernels/logging_ops.cc:79] Node 24 dequeues token: [411]
I tensorflow/core/kernels/logging_ops.cc:79] Node 16 dequeues token: [411]
I tensorflow/core/kernels/logging_ops.cc:79] Node 21 dequeues token: [411]
I tensorflow/core/kernels/logging_ops.cc:79] Node 25 dequeues token: [411]
I tensorflow/core/kernels/logging_ops.cc:79] Node 10 dequeues token: [411]
I tensorflow/core/kernels/logging_ops.cc:79] Node 13 dequeues token: [411]
I tensorflow/core/kernels/logging_ops.cc:79] Node 27 dequeues token: [411]
I tensorflow/core/kernels/logging_ops.cc:79] Node 30 dequeues token: [411]
I tensorflow/core/kernels/logging_ops.cc:79] Node 29 dequeues token: [411]
I tensorflow/core/kernels/logging_ops.cc:79] Node 11 dequeues token: [411]
I tensorflow/core/kernels/logging_ops.cc:79] Node 26 dequeues token: [411]
I tensorflow/core/kernels/logging_ops.cc:79] Node 31 dequeues token: [411]
I tensorflow/core/kernels/logging_ops.cc:79] Node 15 dequeues token: [411]
I tensorflow/core/kernels/logging_ops.cc:79] Node 14 dequeues token: [411]
I tensorflow/core/kernels/logging_ops.cc:79] Node 19 dequeues token: [411]
I tensorflow/core/kernels/logging_ops.cc:79] Node 9 dequeues token: [411]
I tensorflow/core/kernels/logging_ops.cc:79] Node 17 dequeues token: [411]
I tensorflow/core/kernels/logging_ops.cc:79] Node 4 dequeues token: [411]
I tensorflow/core/kernels/logging_ops.cc:79] Node 12 dequeues token: [411]
I tensorflow/core/kernels/logging_ops.cc:79] Node 1 dequeues token: [411]
I tensorflow/core/kernels/logging_ops.cc:79] Node 3 dequeues token: [411]
I tensorflow/core/kernels/logging_ops.cc:79] Node 23 dequeues token: [411]
I tensorflow/core/kernels/logging_ops.cc:79] Node 7 dequeues token: [411]
I tensorflow/core/kernels/logging_ops.cc:79] Node 20 dequeues token: [411]
I tensorflow/core/kernels/logging_ops.cc:79] Node 22 dequeues token: [411]
I tensorflow/core/kernels/logging_ops.cc:79] ~~~~~ daniter~~~ GLobalstep:[412][0.0011051709 -0.00032259835...]
I tensorflow/core/kernels/logging_ops.cc:79] Node 2 dequeues token: [412]
I tensorflow/core/kernels/logging_ops.cc:79] Node 9 dequeues token: [412]
I tensorflow/core/kernels/logging_ops.cc:79] Node 18 dequeues token: [412]
I tensorflow/core/kernels/logging_ops.cc:79] Node 27 dequeues token: [412]
I tensorflow/core/kernels/logging_ops.cc:79] Node 8 dequeues token: [412]
I tensorflow/core/kernels/logging_ops.cc:79] Node 29 dequeues token: [412]
I tensorflow/core/kernels/logging_ops.cc:79] Node 30 dequeues token: [412]
I tensorflow/core/kernels/logging_ops.cc:79] Node 31 dequeues token: [412]
I tensorflow/core/kernels/logging_ops.cc:79] Node 24 dequeues token: [412]
I tensorflow/core/kernels/logging_ops.cc:79] Node 26 dequeues token: [412]
I tensorflow/core/kernels/logging_ops.cc:79] Node 4 dequeues token: [412]
I tensorflow/core/kernels/logging_ops.cc:79] Node 21 dequeues token: [412]
I tensorflow/core/kernels/logging_ops.cc:79] Node 20 dequeues token: [412]
I tensorflow/core/kernels/logging_ops.cc:79] Node 11 dequeues token: [412]
I tensorflow/core/kernels/logging_ops.cc:79] Node 19 dequeues token: [412]
I tensorflow/core/kernels/logging_ops.cc:79] Node 5 dequeues token: [412]
I tensorflow/core/kernels/logging_ops.cc:79] Node 10 dequeues token: [412]
I tensorflow/core/kernels/logging_ops.cc:79] Node 16 dequeues token: [412]
I tensorflow/core/kernels/logging_ops.cc:79] Node 23 dequeues token: [412]
I tensorflow/core/kernels/logging_ops.cc:79] Node 17 dequeues token: [412]
I tensorflow/core/kernels/logging_ops.cc:79] Node 6 dequeues token: [412]
I tensorflow/core/kernels/logging_ops.cc:79] Node 12 dequeues token: [412]
I tensorflow/core/kernels/logging_ops.cc:79] Node 15 dequeues token: [412]
I tensorflow/core/kernels/logging_ops.cc:79] Node 14 dequeues token: [412]
I tensorflow/core/kernels/logging_ops.cc:79] Node 13 dequeues token: [412]
I tensorflow/core/kernels/logging_ops.cc:79] Node 25 dequeues token: [412]
I tensorflow/core/kernels/logging_ops.cc:79] Node 0 dequeues token: [412]
I tensorflow/core/kernels/logging_ops.cc:79] Node 7 dequeues token: [412]
I tensorflow/core/kernels/logging_ops.cc:79] Node 22 dequeues token: [412]
I tensorflow/core/kernels/logging_ops.cc:79] Node 3 dequeues token: [412]
I tensorflow/core/kernels/logging_ops.cc:79] Node 1 dequeues token: [412]
I tensorflow/core/kernels/logging_ops.cc:79] Node 22 dequeues token: [412]
I tensorflow/core/kernels/logging_ops.cc:79] ~~~~~ daniter~~~ GLobalstep:[413][-0.0053731147 -0.0033605534...]
I tensorflow/core/kernels/logging_ops.cc:79] Node 12 dequeues token: [413]
I tensorflow/core/kernels/logging_ops.cc:79] Node 29 dequeues token: [413]
I tensorflow/core/kernels/logging_ops.cc:79] Node 31 dequeues token: [413]
I tensorflow/core/kernels/logging_ops.cc:79] Node 25 dequeues token: [413]
I tensorflow/core/kernels/logging_ops.cc:79] Node 27 dequeues token: [413]
I tensorflow/core/kernels/logging_ops.cc:79] Node 30 dequeues token: [413]
I tensorflow/core/kernels/logging_ops.cc:79] Node 7 dequeues token: [413]
I tensorflow/core/kernels/logging_ops.cc:79] Node 22 dequeues token: [413]
I tensorflow/core/kernels/logging_ops.cc:79] Node 26 dequeues token: [413]
I tensorflow/core/kernels/logging_ops.cc:79] Node 23 dequeues token: [413]
I tensorflow/core/kernels/logging_ops.cc:79] Node 20 dequeues token: [413]
I tensorflow/core/kernels/logging_ops.cc:79] Node 15 dequeues token: [413]
I tensorflow/core/kernels/logging_ops.cc:79] Node 19 dequeues token: [413]
I tensorflow/core/kernels/logging_ops.cc:79] Node 11 dequeues token: [413]
I tensorflow/core/kernels/logging_ops.cc:79] Node 24 dequeues token: [413]
I tensorflow/core/kernels/logging_ops.cc:79] Node 3 dequeues token: [413]
I tensorflow/core/kernels/logging_ops.cc:79] Node 18 dequeues token: [413]
I tensorflow/core/kernels/logging_ops.cc:79] Node 17 dequeues token: [413]
I tensorflow/core/kernels/logging_ops.cc:79] Node 21 dequeues token: [413]
I tensorflow/core/kernels/logging_ops.cc:79] Node 16 dequeues token: [413]
I tensorflow/core/kernels/logging_ops.cc:79] Node 13 dequeues token: [413]
I tensorflow/core/kernels/logging_ops.cc:79] Node 2 dequeues token: [413]
I tensorflow/core/kernels/logging_ops.cc:79] Node 14 dequeues token: [413]
I tensorflow/core/kernels/logging_ops.cc:79] Node 6 dequeues token: [413]
I tensorflow/core/kernels/logging_ops.cc:79] Node 5 dequeues token: [413]
I tensorflow/core/kernels/logging_ops.cc:79] Node 9 dequeues token: [413]
I tensorflow/core/kernels/logging_ops.cc:79] Node 0 dequeues token: [413]
I tensorflow/core/kernels/logging_ops.cc:79] Node 4 dequeues token: [413]
I tensorflow/core/kernels/logging_ops.cc:79] Node 8 dequeues token: [413]
I tensorflow/core/kernels/logging_ops.cc:79] Node 1 dequeues token: [413]
I tensorflow/core/kernels/logging_ops.cc:79] Node 10 dequeues token: [413]
I tensorflow/core/kernels/logging_ops.cc:79] Node 31 dequeues token: [413]
I tensorflow/core/kernels/logging_ops.cc:79] ~~~~~ daniter~~~ GLobalstep:[414][-0.0034358 -0.001074096...]
I tensorflow/core/kernels/logging_ops.cc:79] Node 11 dequeues token: [414]
I tensorflow/core/kernels/logging_ops.cc:79] Node 22 dequeues token: [414]
I tensorflow/core/kernels/logging_ops.cc:79] Node 26 dequeues token: [414]
I tensorflow/core/kernels/logging_ops.cc:79] Node 2 dequeues token: [414]
I tensorflow/core/kernels/logging_ops.cc:79] Node 30 dequeues token: [414]
I tensorflow/core/kernels/logging_ops.cc:79] Node 10 dequeues token: [414]
I tensorflow/core/kernels/logging_ops.cc:79] Node 6 dequeues token: [414]
I tensorflow/core/kernels/logging_ops.cc:79] Node 23 dequeues token: [414]
I tensorflow/core/kernels/logging_ops.cc:79] Node 17 dequeues token: [414]
I tensorflow/core/kernels/logging_ops.cc:79] Node 24 dequeues token: [414]
I tensorflow/core/kernels/logging_ops.cc:79] Node 19 dequeues token: [414]
I tensorflow/core/kernels/logging_ops.cc:79] Node 13 dequeues token: [414]
I tensorflow/core/kernels/logging_ops.cc:79] Node 27 dequeues token: [414]
I tensorflow/core/kernels/logging_ops.cc:79] Node 31 dequeues token: [414]
I tensorflow/core/kernels/logging_ops.cc:79] Node 4 dequeues token: [414]
I tensorflow/core/kernels/logging_ops.cc:79] Node 25 dequeues token: [414]
I tensorflow/core/kernels/logging_ops.cc:79] Node 14 dequeues token: [414]
I tensorflow/core/kernels/logging_ops.cc:79] Node 15 dequeues token: [414]
I tensorflow/core/kernels/logging_ops.cc:79] Node 29 dequeues token: [414]
I tensorflow/core/kernels/logging_ops.cc:79] Node 20 dequeues token: [414]
I tensorflow/core/kernels/logging_ops.cc:79] Node 12 dequeues token: [414]
I tensorflow/core/kernels/logging_ops.cc:79] Node 16 dequeues token: [414]
I tensorflow/core/kernels/logging_ops.cc:79] Node 18 dequeues token: [414]
I tensorflow/core/kernels/logging_ops.cc:79] Node 21 dequeues token: [414]
I tensorflow/core/kernels/logging_ops.cc:79] Node 7 dequeues token: [414]
I tensorflow/core/kernels/logging_ops.cc:79] Node 1 dequeues token: [414]
I tensorflow/core/kernels/logging_ops.cc:79] Node 9 dequeues token: [414]
I tensorflow/core/kernels/logging_ops.cc:79] Node 5 dequeues token: [414]
I tensorflow/core/kernels/logging_ops.cc:79] Node 0 dequeues token: [414]
I tensorflow/core/kernels/logging_ops.cc:79] Node 3 dequeues token: [414]
I tensorflow/core/kernels/logging_ops.cc:79] Node 8 dequeues token: [414]
I tensorflow/core/kernels/logging_ops.cc:79] Node 12 dequeues token: [414]
I tensorflow/core/kernels/logging_ops.cc:79] ~~~~~ daniter~~~ GLobalstep:[415][-0.0063098706 0.0019182432...]
I tensorflow/core/kernels/logging_ops.cc:79] Node 12 dequeues token: [415]
I tensorflow/core/kernels/logging_ops.cc:79] Node 31 dequeues token: [415]
I tensorflow/core/kernels/logging_ops.cc:79] Node 27 dequeues token: [415]
I tensorflow/core/kernels/logging_ops.cc:79] Node 22 dequeues token: [415]
I tensorflow/core/kernels/logging_ops.cc:79] Node 30 dequeues token: [415]
I tensorflow/core/kernels/logging_ops.cc:79] Node 14 dequeues token: [415]
I tensorflow/core/kernels/logging_ops.cc:79] Node 2 dequeues token: [415]
I tensorflow/core/kernels/logging_ops.cc:79] Node 1 dequeues token: [415]
I tensorflow/core/kernels/logging_ops.cc:79] Node 29 dequeues token: [415]
I tensorflow/core/kernels/logging_ops.cc:79] Node 23 dequeues token: [415]
I tensorflow/core/kernels/logging_ops.cc:79] Node 8 dequeues token: [415]
I tensorflow/core/kernels/logging_ops.cc:79] Node 24 dequeues token: [415]
I tensorflow/core/kernels/logging_ops.cc:79] Node 6 dequeues token: [415]
I tensorflow/core/kernels/logging_ops.cc:79] Node 17 dequeues token: [415]
I tensorflow/core/kernels/logging_ops.cc:79] Node 7 dequeues token: [415]
I tensorflow/core/kernels/logging_ops.cc:79] Node 20 dequeues token: [415]
I tensorflow/core/kernels/logging_ops.cc:79] Node 11 dequeues token: [415]
I tensorflow/core/kernels/logging_ops.cc:79] Node 3 dequeues token: [415]
I tensorflow/core/kernels/logging_ops.cc:79] Node 9 dequeues token: [415]
I tensorflow/core/kernels/logging_ops.cc:79] Node 21 dequeues token: [415]
I tensorflow/core/kernels/logging_ops.cc:79] Node 18 dequeues token: [415]
I tensorflow/core/kernels/logging_ops.cc:79] Node 19 dequeues token: [415]
I tensorflow/core/kernels/logging_ops.cc:79] Node 25 dequeues token: [415]
I tensorflow/core/kernels/logging_ops.cc:79] Node 16 dequeues token: [415]
I tensorflow/core/kernels/logging_ops.cc:79] Node 26 dequeues token: [415]
I tensorflow/core/kernels/logging_ops.cc:79] Node 13 dequeues token: [415]
I tensorflow/core/kernels/logging_ops.cc:79] Node 10 dequeues token: [415]
I tensorflow/core/kernels/logging_ops.cc:79] Node 0 dequeues token: [415]
I tensorflow/core/kernels/logging_ops.cc:79] Node 4 dequeues token: [415]
I tensorflow/core/kernels/logging_ops.cc:79] Node 15 dequeues token: [415]
I tensorflow/core/kernels/logging_ops.cc:79] Node 5 dequeues token: [415]
I tensorflow/core/kernels/logging_ops.cc:79] Node 22 dequeues token: [415]
I tensorflow/core/kernels/logging_ops.cc:79] ~~~~~ daniter~~~ GLobalstep:[416][-0.0037484153 -0.0045731119...]
I tensorflow/core/kernels/logging_ops.cc:79] Node 9 dequeues token: [416]
I tensorflow/core/kernels/logging_ops.cc:79] Node 5 dequeues token: [416]
I tensorflow/core/kernels/logging_ops.cc:79] Node 3 dequeues token: [416]
I tensorflow/core/kernels/logging_ops.cc:79] Node 26 dequeues token: [416]
I tensorflow/core/kernels/logging_ops.cc:79] Node 27 dequeues token: [416]
I tensorflow/core/kernels/logging_ops.cc:79] Node 19 dequeues token: [416]
I tensorflow/core/kernels/logging_ops.cc:79] Node 25 dequeues token: [416]
I tensorflow/core/kernels/logging_ops.cc:79] Node 12 dequeues token: [416]
I tensorflow/core/kernels/logging_ops.cc:79] Node 4 dequeues token: [416]
I tensorflow/core/kernels/logging_ops.cc:79] Node 22 dequeues token: [416]
I tensorflow/core/kernels/logging_ops.cc:79] Node 24 dequeues token: [416]
I tensorflow/core/kernels/logging_ops.cc:79] Node 8 dequeues token: [416]
I tensorflow/core/kernels/logging_ops.cc:79] Node 23 dequeues token: [416]
I tensorflow/core/kernels/logging_ops.cc:79] Node 14 dequeues token: [416]
I tensorflow/core/kernels/logging_ops.cc:79] Node 13 dequeues token: [416]
I tensorflow/core/kernels/logging_ops.cc:79] Node 16 dequeues token: [416]
I tensorflow/core/kernels/logging_ops.cc:79] Node 11 dequeues token: [416]
I tensorflow/core/kernels/logging_ops.cc:79] Node 30 dequeues token: [416]
I tensorflow/core/kernels/logging_ops.cc:79] Node 21 dequeues token: [416]
I tensorflow/core/kernels/logging_ops.cc:79] Node 20 dequeues token: [416]
I tensorflow/core/kernels/logging_ops.cc:79] Node 31 dequeues token: [416]
I tensorflow/core/kernels/logging_ops.cc:79] Node 15 dequeues token: [416]
I tensorflow/core/kernels/logging_ops.cc:79] Node 17 dequeues token: [416]
I tensorflow/core/kernels/logging_ops.cc:79] Node 7 dequeues token: [416]
I tensorflow/core/kernels/logging_ops.cc:79] Node 29 dequeues token: [416]
I tensorflow/core/kernels/logging_ops.cc:79] Node 6 dequeues token: [416]
I tensorflow/core/kernels/logging_ops.cc:79] Node 0 dequeues token: [416]
I tensorflow/core/kernels/logging_ops.cc:79] Node 1 dequeues token: [416]
I tensorflow/core/kernels/logging_ops.cc:79] Node 18 dequeues token: [416]
I tensorflow/core/kernels/logging_ops.cc:79] Node 10 dequeues token: [416]
I tensorflow/core/kernels/logging_ops.cc:79] Node 2 dequeues token: [416]
I tensorflow/core/kernels/logging_ops.cc:79] Node 22 dequeues token: [416]
I tensorflow/core/kernels/logging_ops.cc:79] ~~~~~ daniter~~~ GLobalstep:[417][-0.00050079869 -0.00062589941...]
I tensorflow/core/kernels/logging_ops.cc:79] Node 29 dequeues token: [417]
I tensorflow/core/kernels/logging_ops.cc:79] Node 25 dequeues token: [417]
I tensorflow/core/kernels/logging_ops.cc:79] Node 31 dequeues token: [417]
I tensorflow/core/kernels/logging_ops.cc:79] Node 26 dequeues token: [417]
I tensorflow/core/kernels/logging_ops.cc:79] Node 30 dequeues token: [417]
I tensorflow/core/kernels/logging_ops.cc:79] Node 24 dequeues token: [417]
I tensorflow/core/kernels/logging_ops.cc:79] Node 23 dequeues token: [417]
I tensorflow/core/kernels/logging_ops.cc:79] Node 27 dequeues token: [417]
I tensorflow/core/kernels/logging_ops.cc:79] Node 22 dequeues token: [417]
I tensorflow/core/kernels/logging_ops.cc:79] Node 20 dequeues token: [417]
I tensorflow/core/kernels/logging_ops.cc:79] Node 16 dequeues token: [417]
I tensorflow/core/kernels/logging_ops.cc:79] Node 11 dequeues token: [417]
I tensorflow/core/kernels/logging_ops.cc:79] Node 12 dequeues token: [417]
I tensorflow/core/kernels/logging_ops.cc:79] Node 13 dequeues token: [417]
I tensorflow/core/kernels/logging_ops.cc:79] Node 18 dequeues token: [417]
I tensorflow/core/kernels/logging_ops.cc:79] Node 17 dequeues token: [417]
I tensorflow/core/kernels/logging_ops.cc:79] Node 15 dequeues token: [417]
I tensorflow/core/kernels/logging_ops.cc:79] Node 1 dequeues token: [417]
I tensorflow/core/kernels/logging_ops.cc:79] Node 21 dequeues token: [417]
I tensorflow/core/kernels/logging_ops.cc:79] Node 14 dequeues token: [417]
I tensorflow/core/kernels/logging_ops.cc:79] Node 10 dequeues token: [417]
I tensorflow/core/kernels/logging_ops.cc:79] Node 7 dequeues token: [417]
I tensorflow/core/kernels/logging_ops.cc:79] Node 9 dequeues token: [417]
I tensorflow/core/kernels/logging_ops.cc:79] Node 19 dequeues token: [417]
I tensorflow/core/kernels/logging_ops.cc:79] Node 2 dequeues token: [417]
I tensorflow/core/kernels/logging_ops.cc:79] Node 0 dequeues token: [417]
I tensorflow/core/kernels/logging_ops.cc:79] Node 5 dequeues token: [417]
I tensorflow/core/kernels/logging_ops.cc:79] Node 8 dequeues token: [417]
I tensorflow/core/kernels/logging_ops.cc:79] Node 3 dequeues token: [417]
I tensorflow/core/kernels/logging_ops.cc:79] Node 6 dequeues token: [417]
I tensorflow/core/kernels/logging_ops.cc:79] Node 4 dequeues token: [417]
I tensorflow/core/kernels/logging_ops.cc:79] Node 22 dequeues token: [417]
I tensorflow/core/kernels/logging_ops.cc:79] ~~~~~ daniter~~~ GLobalstep:[418][-0.0031475592 -0.0015605139...]
I tensorflow/core/kernels/logging_ops.cc:79] Node 30 dequeues token: [418]
I tensorflow/core/kernels/logging_ops.cc:79] Node 27 dequeues token: [418]
I tensorflow/core/kernels/logging_ops.cc:79] Node 22 dequeues token: [418]
I tensorflow/core/kernels/logging_ops.cc:79] Node 29 dequeues token: [418]
I tensorflow/core/kernels/logging_ops.cc:79] Node 31 dequeues token: [418]
I tensorflow/core/kernels/logging_ops.cc:79] Node 11 dequeues token: [418]
I tensorflow/core/kernels/logging_ops.cc:79] Node 24 dequeues token: [418]
I tensorflow/core/kernels/logging_ops.cc:79] Node 26 dequeues token: [418]
I tensorflow/core/kernels/logging_ops.cc:79] Node 25 dequeues token: [418]
I tensorflow/core/kernels/logging_ops.cc:79] Node 23 dequeues token: [418]
I tensorflow/core/kernels/logging_ops.cc:79] Node 18 dequeues token: [418]
I tensorflow/core/kernels/logging_ops.cc:79] Node 15 dequeues token: [418]
I tensorflow/core/kernels/logging_ops.cc:79] Node 7 dequeues token: [418]
I tensorflow/core/kernels/logging_ops.cc:79] Node 20 dequeues token: [418]
I tensorflow/core/kernels/logging_ops.cc:79] Node 12 dequeues token: [418]
I tensorflow/core/kernels/logging_ops.cc:79] Node 19 dequeues token: [418]
I tensorflow/core/kernels/logging_ops.cc:79] Node 14 dequeues token: [418]
I tensorflow/core/kernels/logging_ops.cc:79] Node 21 dequeues token: [418]
I tensorflow/core/kernels/logging_ops.cc:79] Node 17 dequeues token: [418]
I tensorflow/core/kernels/logging_ops.cc:79] Node 16 dequeues token: [418]
I tensorflow/core/kernels/logging_ops.cc:79] Node 9 dequeues token: [418]
I tensorflow/core/kernels/logging_ops.cc:79] Node 6 dequeues token: [418]
I tensorflow/core/kernels/logging_ops.cc:79] Node 10 dequeues token: [418]
I tensorflow/core/kernels/logging_ops.cc:79] Node 0 dequeues token: [418]
I tensorflow/core/kernels/logging_ops.cc:79] Node 3 dequeues token: [418]
I tensorflow/core/kernels/logging_ops.cc:79] Node 2 dequeues token: [418]
I tensorflow/core/kernels/logging_ops.cc:79] Node 4 dequeues token: [418]
I tensorflow/core/kernels/logging_ops.cc:79] Node 5 dequeues token: [418]
I tensorflow/core/kernels/logging_ops.cc:79] Node 1 dequeues token: [418]
I tensorflow/core/kernels/logging_ops.cc:79] Node 8 dequeues token: [418]
I tensorflow/core/kernels/logging_ops.cc:79] Node 13 dequeues token: [418]
I tensorflow/core/kernels/logging_ops.cc:79] Node 30 dequeues token: [418]
I tensorflow/core/kernels/logging_ops.cc:79] ~~~~~ daniter~~~ GLobalstep:[419][0.0048518581 -0.0017304146...]
I tensorflow/core/kernels/logging_ops.cc:79] Node 3 dequeues token: [419]
I tensorflow/core/kernels/logging_ops.cc:79] Node 8 dequeues token: [419]
I tensorflow/core/kernels/logging_ops.cc:79] Node 22 dequeues token: [419]
I tensorflow/core/kernels/logging_ops.cc:79] Node 27 dequeues token: [419]
I tensorflow/core/kernels/logging_ops.cc:79] Node 26 dequeues token: [419]
I tensorflow/core/kernels/logging_ops.cc:79] Node 30 dequeues token: [419]
I tensorflow/core/kernels/logging_ops.cc:79] Node 24 dequeues token: [419]
I tensorflow/core/kernels/logging_ops.cc:79] Node 23 dequeues token: [419]
I tensorflow/core/kernels/logging_ops.cc:79] Node 7 dequeues token: [419]
I tensorflow/core/kernels/logging_ops.cc:79] Node 25 dequeues token: [419]
I tensorflow/core/kernels/logging_ops.cc:79] Node 16 dequeues token: [419]
I tensorflow/core/kernels/logging_ops.cc:79] Node 12 dequeues token: [419]
I tensorflow/core/kernels/logging_ops.cc:79] Node 0 dequeues token: [419]
I tensorflow/core/kernels/logging_ops.cc:79] Node 5 dequeues token: [419]
I tensorflow/core/kernels/logging_ops.cc:79] Node 15 dequeues token: [419]
I tensorflow/core/kernels/logging_ops.cc:79] Node 4 dequeues token: [419]
I tensorflow/core/kernels/logging_ops.cc:79] Node 13 dequeues token: [419]
I tensorflow/core/kernels/logging_ops.cc:79] Node 20 dequeues token: [419]
I tensorflow/core/kernels/logging_ops.cc:79] Node 31 dequeues token: [419]
I tensorflow/core/kernels/logging_ops.cc:79] Node 19 dequeues token: [419]
I tensorflow/core/kernels/logging_ops.cc:79] Node 14 dequeues token: [419]
I tensorflow/core/kernels/logging_ops.cc:79] Node 2 dequeues token: [419]
I tensorflow/core/kernels/logging_ops.cc:79] Node 17 dequeues token: [419]
I tensorflow/core/kernels/logging_ops.cc:79] Node 10 dequeues token: [419]
I tensorflow/core/kernels/logging_ops.cc:79] Node 9 dequeues token: [419]
I tensorflow/core/kernels/logging_ops.cc:79] Node 1 dequeues token: [419]
I tensorflow/core/kernels/logging_ops.cc:79] Node 6 dequeues token: [419]
I tensorflow/core/kernels/logging_ops.cc:79] Node 29 dequeues token: [419]
I tensorflow/core/kernels/logging_ops.cc:79] Node 11 dequeues token: [419]
I tensorflow/core/kernels/logging_ops.cc:79] Node 18 dequeues token: [419]
I tensorflow/core/kernels/logging_ops.cc:79] Node 21 dequeues token: [419]
I tensorflow/core/kernels/logging_ops.cc:79] Node 13 dequeues token: [419]
I tensorflow/core/kernels/logging_ops.cc:79] ~~~~~ daniter~~~ GLobalstep:[420][0.0053619379 0.0027444274...]
I tensorflow/core/kernels/logging_ops.cc:79] Node 10 dequeues token: [420]
I tensorflow/core/kernels/logging_ops.cc:79] Node 31 dequeues token: [420]
I tensorflow/core/kernels/logging_ops.cc:79] Node 23 dequeues token: [420]
I tensorflow/core/kernels/logging_ops.cc:79] Node 29 dequeues token: [420]
I tensorflow/core/kernels/logging_ops.cc:79] Node 12 dequeues token: [420]
I tensorflow/core/kernels/logging_ops.cc:79] Node 30 dequeues token: [420]
I tensorflow/core/kernels/logging_ops.cc:79] Node 25 dequeues token: [420]
I tensorflow/core/kernels/logging_ops.cc:79] Node 22 dequeues token: [420]
I tensorflow/core/kernels/logging_ops.cc:79] Node 26 dequeues token: [420]
I tensorflow/core/kernels/logging_ops.cc:79] Node 24 dequeues token: [420]
I tensorflow/core/kernels/logging_ops.cc:79] Node 27 dequeues token: [420]
I tensorflow/core/kernels/logging_ops.cc:79] Node 21 dequeues token: [420]
I tensorflow/core/kernels/logging_ops.cc:79] Node 19 dequeues token: [420]
I tensorflow/core/kernels/logging_ops.cc:79] Node 17 dequeues token: [420]
I tensorflow/core/kernels/logging_ops.cc:79] Node 15 dequeues token: [420]
I tensorflow/core/kernels/logging_ops.cc:79] Node 14 dequeues token: [420]
I tensorflow/core/kernels/logging_ops.cc:79] Node 16 dequeues token: [420]
I tensorflow/core/kernels/logging_ops.cc:79] Node 18 dequeues token: [420]
I tensorflow/core/kernels/logging_ops.cc:79] Node 11 dequeues token: [420]
I tensorflow/core/kernels/logging_ops.cc:79] Node 0 dequeues token: [420]
I tensorflow/core/kernels/logging_ops.cc:79] Node 20 dequeues token: [420]
I tensorflow/core/kernels/logging_ops.cc:79] Node 1 dequeues token: [420]
I tensorflow/core/kernels/logging_ops.cc:79] Node 3 dequeues token: [420]
I tensorflow/core/kernels/logging_ops.cc:79] Node 2 dequeues token: [420]
I tensorflow/core/kernels/logging_ops.cc:79] Node 5 dequeues token: [420]
I tensorflow/core/kernels/logging_ops.cc:79] Node 9 dequeues token: [420]
I tensorflow/core/kernels/logging_ops.cc:79] Node 4 dequeues token: [420]
I tensorflow/core/kernels/logging_ops.cc:79] Node 7 dequeues token: [420]
I tensorflow/core/kernels/logging_ops.cc:79] Node 13 dequeues token: [420]
I tensorflow/core/kernels/logging_ops.cc:79] Node 8 dequeues token: [420]
I tensorflow/core/kernels/logging_ops.cc:79] Node 6 dequeues token: [420]
I tensorflow/core/kernels/logging_ops.cc:79] Node 24 dequeues token: [420]
I tensorflow/core/kernels/logging_ops.cc:79] ~~~~~ daniter~~~ GLobalstep:[421][-0.0046953247 -0.001214013...]
I tensorflow/core/kernels/logging_ops.cc:79] Node 31 dequeues token: [421]
I tensorflow/core/kernels/logging_ops.cc:79] Node 22 dequeues token: [421]
I tensorflow/core/kernels/logging_ops.cc:79] Node 30 dequeues token: [421]
I tensorflow/core/kernels/logging_ops.cc:79] Node 25 dequeues token: [421]
I tensorflow/core/kernels/logging_ops.cc:79] Node 23 dequeues token: [421]
I tensorflow/core/kernels/logging_ops.cc:79] Node 27 dequeues token: [421]
I tensorflow/core/kernels/logging_ops.cc:79] Node 29 dequeues token: [421]
I tensorflow/core/kernels/logging_ops.cc:79] Node 7 dequeues token: [421]
I tensorflow/core/kernels/logging_ops.cc:79] Node 21 dequeues token: [421]
I tensorflow/core/kernels/logging_ops.cc:79] Node 12 dequeues token: [421]
I tensorflow/core/kernels/logging_ops.cc:79] Node 24 dequeues token: [421]
I tensorflow/core/kernels/logging_ops.cc:79] Node 8 dequeues token: [421]
I tensorflow/core/kernels/logging_ops.cc:79] Node 18 dequeues token: [421]
I tensorflow/core/kernels/logging_ops.cc:79] Node 11 dequeues token: [421]
I tensorflow/core/kernels/logging_ops.cc:79] Node 13 dequeues token: [421]
I tensorflow/core/kernels/logging_ops.cc:79] Node 15 dequeues token: [421]
I tensorflow/core/kernels/logging_ops.cc:79] Node 19 dequeues token: [421]
I tensorflow/core/kernels/logging_ops.cc:79] Node 6 dequeues token: [421]
I tensorflow/core/kernels/logging_ops.cc:79] Node 4 dequeues token: [421]
I tensorflow/core/kernels/logging_ops.cc:79] Node 10 dequeues token: [421]
I tensorflow/core/kernels/logging_ops.cc:79] Node 16 dequeues token: [421]
I tensorflow/core/kernels/logging_ops.cc:79] Node 9 dequeues token: [421]
I tensorflow/core/kernels/logging_ops.cc:79] Node 0 dequeues token: [421]
I tensorflow/core/kernels/logging_ops.cc:79] Node 20 dequeues token: [421]
I tensorflow/core/kernels/logging_ops.cc:79] Node 5 dequeues token: [421]
I tensorflow/core/kernels/logging_ops.cc:79] Node 17 dequeues token: [421]
I tensorflow/core/kernels/logging_ops.cc:79] Node 2 dequeues token: [421]
I tensorflow/core/kernels/logging_ops.cc:79] Node 3 dequeues token: [421]
I tensorflow/core/kernels/logging_ops.cc:79] Node 1 dequeues token: [421]
I tensorflow/core/kernels/logging_ops.cc:79] Node 26 dequeues token: [421]
I tensorflow/core/kernels/logging_ops.cc:79] Node 14 dequeues token: [421]
I tensorflow/core/kernels/logging_ops.cc:79] Node 24 dequeues token: [421]
I tensorflow/core/kernels/logging_ops.cc:79] ~~~~~ daniter~~~ GLobalstep:[422][0.00060899346 0.00045648462...]
I tensorflow/core/kernels/logging_ops.cc:79] Node 27 dequeues token: [422]
I tensorflow/core/kernels/logging_ops.cc:79] Node 22 dequeues token: [422]
I tensorflow/core/kernels/logging_ops.cc:79] Node 20 dequeues token: [422]
I tensorflow/core/kernels/logging_ops.cc:79] Node 30 dequeues token: [422]
I tensorflow/core/kernels/logging_ops.cc:79] Node 25 dequeues token: [422]
I tensorflow/core/kernels/logging_ops.cc:79] Node 26 dequeues token: [422]
I tensorflow/core/kernels/logging_ops.cc:79] Node 11 dequeues token: [422]
I tensorflow/core/kernels/logging_ops.cc:79] Node 31 dequeues token: [422]
I tensorflow/core/kernels/logging_ops.cc:79] Node 14 dequeues token: [422]
I tensorflow/core/kernels/logging_ops.cc:79] Node 29 dequeues token: [422]
I tensorflow/core/kernels/logging_ops.cc:79] Node 24 dequeues token: [422]
I tensorflow/core/kernels/logging_ops.cc:79] Node 8 dequeues token: [422]
I tensorflow/core/kernels/logging_ops.cc:79] Node 18 dequeues token: [422]
I tensorflow/core/kernels/logging_ops.cc:79] Node 12 dequeues token: [422]
I tensorflow/core/kernels/logging_ops.cc:79] Node 13 dequeues token: [422]
I tensorflow/core/kernels/logging_ops.cc:79] Node 23 dequeues token: [422]
I tensorflow/core/kernels/logging_ops.cc:79] Node 15 dequeues token: [422]
I tensorflow/core/kernels/logging_ops.cc:79] Node 19 dequeues token: [422]
I tensorflow/core/kernels/logging_ops.cc:79] Node 9 dequeues token: [422]
I tensorflow/core/kernels/logging_ops.cc:79] Node 16 dequeues token: [422]
I tensorflow/core/kernels/logging_ops.cc:79] Node 0 dequeues token: [422]
I tensorflow/core/kernels/logging_ops.cc:79] Node 7 dequeues token: [422]
I tensorflow/core/kernels/logging_ops.cc:79] Node 10 dequeues token: [422]
I tensorflow/core/kernels/logging_ops.cc:79] Node 2 dequeues token: [422]
I tensorflow/core/kernels/logging_ops.cc:79] Node 5 dequeues token: [422]
I tensorflow/core/kernels/logging_ops.cc:79] Node 6 dequeues token: [422]
I tensorflow/core/kernels/logging_ops.cc:79] Node 3 dequeues token: [422]
I tensorflow/core/kernels/logging_ops.cc:79] Node 4 dequeues token: [422]
I tensorflow/core/kernels/logging_ops.cc:79] Node 21 dequeues token: [422]
I tensorflow/core/kernels/logging_ops.cc:79] Node 1 dequeues token: [422]
I tensorflow/core/kernels/logging_ops.cc:79] Node 17 dequeues token: [422]
I tensorflow/core/kernels/logging_ops.cc:79] Node 15 dequeues token: [422]
I tensorflow/core/kernels/logging_ops.cc:79] ~~~~~ daniter~~~ GLobalstep:[423][0.0068068793 0.0018818756...]
I tensorflow/core/kernels/logging_ops.cc:79] Node 27 dequeues token: [423]
I tensorflow/core/kernels/logging_ops.cc:79] Node 25 dequeues token: [423]
I tensorflow/core/kernels/logging_ops.cc:79] Node 26 dequeues token: [423]
I tensorflow/core/kernels/logging_ops.cc:79] Node 22 dequeues token: [423]
I tensorflow/core/kernels/logging_ops.cc:79] Node 31 dequeues token: [423]
I tensorflow/core/kernels/logging_ops.cc:79] Node 24 dequeues token: [423]
I tensorflow/core/kernels/logging_ops.cc:79] Node 23 dequeues token: [423]
I tensorflow/core/kernels/logging_ops.cc:79] Node 30 dequeues token: [423]
I tensorflow/core/kernels/logging_ops.cc:79] Node 6 dequeues token: [423]
I tensorflow/core/kernels/logging_ops.cc:79] Node 1 dequeues token: [423]
I tensorflow/core/kernels/logging_ops.cc:79] Node 11 dequeues token: [423]
I tensorflow/core/kernels/logging_ops.cc:79] Node 7 dequeues token: [423]
I tensorflow/core/kernels/logging_ops.cc:79] Node 29 dequeues token: [423]
I tensorflow/core/kernels/logging_ops.cc:79] Node 21 dequeues token: [423]
I tensorflow/core/kernels/logging_ops.cc:79] Node 16 dequeues token: [423]
I tensorflow/core/kernels/logging_ops.cc:79] Node 8 dequeues token: [423]
I tensorflow/core/kernels/logging_ops.cc:79] Node 15 dequeues token: [423]
I tensorflow/core/kernels/logging_ops.cc:79] Node 19 dequeues token: [423]
I tensorflow/core/kernels/logging_ops.cc:79] Node 20 dequeues token: [423]
I tensorflow/core/kernels/logging_ops.cc:79] Node 2 dequeues token: [423]
I tensorflow/core/kernels/logging_ops.cc:79] Node 3 dequeues token: [423]
I tensorflow/core/kernels/logging_ops.cc:79] Node 5 dequeues token: [423]
I tensorflow/core/kernels/logging_ops.cc:79] Node 13 dequeues token: [423]
I tensorflow/core/kernels/logging_ops.cc:79] Node 10 dequeues token: [423]
I tensorflow/core/kernels/logging_ops.cc:79] Node 14 dequeues token: [423]
I tensorflow/core/kernels/logging_ops.cc:79] Node 17 dequeues token: [423]
I tensorflow/core/kernels/logging_ops.cc:79] Node 0 dequeues token: [423]
I tensorflow/core/kernels/logging_ops.cc:79] Node 12 dequeues token: [423]
I tensorflow/core/kernels/logging_ops.cc:79] Node 9 dequeues token: [423]
I tensorflow/core/kernels/logging_ops.cc:79] Node 4 dequeues token: [423]
I tensorflow/core/kernels/logging_ops.cc:79] Node 18 dequeues token: [423]
I tensorflow/core/kernels/logging_ops.cc:79] Node 22 dequeues token: [423]
I tensorflow/core/kernels/logging_ops.cc:79] ~~~~~ daniter~~~ GLobalstep:[424][-0.0072457069 0.0050807623...]
I tensorflow/core/kernels/logging_ops.cc:79] Node 2 dequeues token: [424]
I tensorflow/core/kernels/logging_ops.cc:79] Node 30 dequeues token: [424]
I tensorflow/core/kernels/logging_ops.cc:79] Node 31 dequeues token: [424]
I tensorflow/core/kernels/logging_ops.cc:79] Node 25 dequeues token: [424]
I tensorflow/core/kernels/logging_ops.cc:79] Node 29 dequeues token: [424]
I tensorflow/core/kernels/logging_ops.cc:79] Node 12 dequeues token: [424]
I tensorflow/core/kernels/logging_ops.cc:79] Node 19 dequeues token: [424]
I tensorflow/core/kernels/logging_ops.cc:79] Node 20 dequeues token: [424]
I tensorflow/core/kernels/logging_ops.cc:79] Node 13 dequeues token: [424]
I tensorflow/core/kernels/logging_ops.cc:79] Node 18 dequeues token: [424]
I tensorflow/core/kernels/logging_ops.cc:79] Node 23 dequeues token: [424]
I tensorflow/core/kernels/logging_ops.cc:79] Node 22 dequeues token: [424]
I tensorflow/core/kernels/logging_ops.cc:79] Node 4 dequeues token: [424]
I tensorflow/core/kernels/logging_ops.cc:79] Node 8 dequeues token: [424]
I tensorflow/core/kernels/logging_ops.cc:79] Node 24 dequeues token: [424]
I tensorflow/core/kernels/logging_ops.cc:79] Node 27 dequeues token: [424]
I tensorflow/core/kernels/logging_ops.cc:79] Node 16 dequeues token: [424]
I tensorflow/core/kernels/logging_ops.cc:79] Node 26 dequeues token: [424]
I tensorflow/core/kernels/logging_ops.cc:79] Node 7 dequeues token: [424]
I tensorflow/core/kernels/logging_ops.cc:79] Node 14 dequeues token: [424]
I tensorflow/core/kernels/logging_ops.cc:79] Node 17 dequeues token: [424]
I tensorflow/core/kernels/logging_ops.cc:79] Node 6 dequeues token: [424]
I tensorflow/core/kernels/logging_ops.cc:79] Node 21 dequeues token: [424]
I tensorflow/core/kernels/logging_ops.cc:79] Node 11 dequeues token: [424]
I tensorflow/core/kernels/logging_ops.cc:79] Node 15 dequeues token: [424]
I tensorflow/core/kernels/logging_ops.cc:79] Node 1 dequeues token: [424]
I tensorflow/core/kernels/logging_ops.cc:79] Node 0 dequeues token: [424]
I tensorflow/core/kernels/logging_ops.cc:79] Node 5 dequeues token: [424]
I tensorflow/core/kernels/logging_ops.cc:79] Node 9 dequeues token: [424]
I tensorflow/core/kernels/logging_ops.cc:79] Node 3 dequeues token: [424]
I tensorflow/core/kernels/logging_ops.cc:79] Node 10 dequeues token: [424]
I tensorflow/core/kernels/logging_ops.cc:79] Node 31 dequeues token: [424]
I tensorflow/core/kernels/logging_ops.cc:79] ~~~~~ daniter~~~ GLobalstep:[425][-0.0021200094 -0.000624202...]
I tensorflow/core/kernels/logging_ops.cc:79] Node 19 dequeues token: [425]
I tensorflow/core/kernels/logging_ops.cc:79] Node 23 dequeues token: [425]
I tensorflow/core/kernels/logging_ops.cc:79] Node 26 dequeues token: [425]
I tensorflow/core/kernels/logging_ops.cc:79] Node 25 dequeues token: [425]
I tensorflow/core/kernels/logging_ops.cc:79] Node 29 dequeues token: [425]
I tensorflow/core/kernels/logging_ops.cc:79] Node 24 dequeues token: [425]
I tensorflow/core/kernels/logging_ops.cc:79] Node 5 dequeues token: [425]
I tensorflow/core/kernels/logging_ops.cc:79] Node 27 dequeues token: [425]
I tensorflow/core/kernels/logging_ops.cc:79] Node 30 dequeues token: [425]
I tensorflow/core/kernels/logging_ops.cc:79] Node 22 dequeues token: [425]
I tensorflow/core/kernels/logging_ops.cc:79] Node 3 dequeues token: [425]
I tensorflow/core/kernels/logging_ops.cc:79] Node 20 dequeues token: [425]
I tensorflow/core/kernels/logging_ops.cc:79] Node 15 dequeues token: [425]
I tensorflow/core/kernels/logging_ops.cc:79] Node 21 dequeues token: [425]
I tensorflow/core/kernels/logging_ops.cc:79] Node 10 dequeues token: [425]
I tensorflow/core/kernels/logging_ops.cc:79] Node 7 dequeues token: [425]
I tensorflow/core/kernels/logging_ops.cc:79] Node 11 dequeues token: [425]
I tensorflow/core/kernels/logging_ops.cc:79] Node 31 dequeues token: [425]
I tensorflow/core/kernels/logging_ops.cc:79] Node 13 dequeues token: [425]
I tensorflow/core/kernels/logging_ops.cc:79] Node 17 dequeues token: [425]
I tensorflow/core/kernels/logging_ops.cc:79] Node 14 dequeues token: [425]
I tensorflow/core/kernels/logging_ops.cc:79] Node 4 dequeues token: [425]
I tensorflow/core/kernels/logging_ops.cc:79] Node 6 dequeues token: [425]
I tensorflow/core/kernels/logging_ops.cc:79] Node 18 dequeues token: [425]
I tensorflow/core/kernels/logging_ops.cc:79] Node 12 dequeues token: [425]
I tensorflow/core/kernels/logging_ops.cc:79] Node 2 dequeues token: [425]
I tensorflow/core/kernels/logging_ops.cc:79] Node 8 dequeues token: [425]
I tensorflow/core/kernels/logging_ops.cc:79] Node 1 dequeues token: [425]
I tensorflow/core/kernels/logging_ops.cc:79] Node 16 dequeues token: [425]
I tensorflow/core/kernels/logging_ops.cc:79] Node 9 dequeues token: [425]
I tensorflow/core/kernels/logging_ops.cc:79] Node 0 dequeues token: [425]
I tensorflow/core/kernels/logging_ops.cc:79] Node 11 dequeues token: [425]
I tensorflow/core/kernels/logging_ops.cc:79] ~~~~~ daniter~~~ GLobalstep:[426][0.0040413942 -0.00048058876...]
I tensorflow/core/kernels/logging_ops.cc:79] Node 5 dequeues token: [426]
I tensorflow/core/kernels/logging_ops.cc:79] Node 24 dequeues token: [426]
I tensorflow/core/kernels/logging_ops.cc:79] Node 31 dequeues token: [426]
I tensorflow/core/kernels/logging_ops.cc:79] Node 23 dequeues token: [426]
I tensorflow/core/kernels/logging_ops.cc:79] Node 9 dequeues token: [426]
I tensorflow/core/kernels/logging_ops.cc:79] Node 29 dequeues token: [426]
I tensorflow/core/kernels/logging_ops.cc:79] Node 27 dequeues token: [426]
I tensorflow/core/kernels/logging_ops.cc:79] Node 22 dequeues token: [426]
I tensorflow/core/kernels/logging_ops.cc:79] Node 26 dequeues token: [426]
I tensorflow/core/kernels/logging_ops.cc:79] Node 25 dequeues token: [426]
I tensorflow/core/kernels/logging_ops.cc:79] Node 30 dequeues token: [426]
I tensorflow/core/kernels/logging_ops.cc:79] Node 14 dequeues token: [426]
I tensorflow/core/kernels/logging_ops.cc:79] Node 15 dequeues token: [426]
I tensorflow/core/kernels/logging_ops.cc:79] Node 7 dequeues token: [426]
I tensorflow/core/kernels/logging_ops.cc:79] Node 11 dequeues token: [426]
I tensorflow/core/kernels/logging_ops.cc:79] Node 6 dequeues token: [426]
I tensorflow/core/kernels/logging_ops.cc:79] Node 20 dequeues token: [426]
I tensorflow/core/kernels/logging_ops.cc:79] Node 0 dequeues token: [426]
I tensorflow/core/kernels/logging_ops.cc:79] Node 1 dequeues token: [426]
I tensorflow/core/kernels/logging_ops.cc:79] Node 21 dequeues token: [426]
I tensorflow/core/kernels/logging_ops.cc:79] Node 8 dequeues token: [426]
I tensorflow/core/kernels/logging_ops.cc:79] Node 19 dequeues token: [426]
I tensorflow/core/kernels/logging_ops.cc:79] Node 18 dequeues token: [426]
I tensorflow/core/kernels/logging_ops.cc:79] Node 12 dequeues token: [426]
I tensorflow/core/kernels/logging_ops.cc:79] Node 17 dequeues token: [426]
I tensorflow/core/kernels/logging_ops.cc:79] Node 10 dequeues token: [426]
I tensorflow/core/kernels/logging_ops.cc:79] Node 4 dequeues token: [426]
I tensorflow/core/kernels/logging_ops.cc:79] Node 13 dequeues token: [426]
I tensorflow/core/kernels/logging_ops.cc:79] Node 3 dequeues token: [426]
I tensorflow/core/kernels/logging_ops.cc:79] Node 2 dequeues token: [426]
I tensorflow/core/kernels/logging_ops.cc:79] Node 16 dequeues token: [426]
I tensorflow/core/kernels/logging_ops.cc:79] Node 22 dequeues token: [426]
I tensorflow/core/kernels/logging_ops.cc:79] ~~~~~ daniter~~~ GLobalstep:[427][0.0012680333 0.003811565...]
I tensorflow/core/kernels/logging_ops.cc:79] Node 11 dequeues token: [427]
I tensorflow/core/kernels/logging_ops.cc:79] Node 31 dequeues token: [427]
I tensorflow/core/kernels/logging_ops.cc:79] Node 27 dequeues token: [427]
I tensorflow/core/kernels/logging_ops.cc:79] Node 30 dequeues token: [427]
I tensorflow/core/kernels/logging_ops.cc:79] Node 29 dequeues token: [427]
I tensorflow/core/kernels/logging_ops.cc:79] Node 23 dequeues token: [427]
I tensorflow/core/kernels/logging_ops.cc:79] Node 24 dequeues token: [427]
I tensorflow/core/kernels/logging_ops.cc:79] Node 21 dequeues token: [427]
I tensorflow/core/kernels/logging_ops.cc:79] Node 13 dequeues token: [427]
I tensorflow/core/kernels/logging_ops.cc:79] Node 25 dequeues token: [427]
I tensorflow/core/kernels/logging_ops.cc:79] Node 26 dequeues token: [427]
I tensorflow/core/kernels/logging_ops.cc:79] Node 7 dequeues token: [427]
I tensorflow/core/kernels/logging_ops.cc:79] Node 22 dequeues token: [427]
I tensorflow/core/kernels/logging_ops.cc:79] Node 5 dequeues token: [427]
I tensorflow/core/kernels/logging_ops.cc:79] Node 20 dequeues token: [427]
I tensorflow/core/kernels/logging_ops.cc:79] Node 17 dequeues token: [427]
I tensorflow/core/kernels/logging_ops.cc:79] Node 6 dequeues token: [427]
I tensorflow/core/kernels/logging_ops.cc:79] Node 18 dequeues token: [427]
I tensorflow/core/kernels/logging_ops.cc:79] Node 14 dequeues token: [427]
I tensorflow/core/kernels/logging_ops.cc:79] Node 10 dequeues token: [427]
I tensorflow/core/kernels/logging_ops.cc:79] Node 19 dequeues token: [427]
I tensorflow/core/kernels/logging_ops.cc:79] Node 12 dequeues token: [427]
I tensorflow/core/kernels/logging_ops.cc:79] Node 16 dequeues token: [427]
I tensorflow/core/kernels/logging_ops.cc:79] Node 2 dequeues token: [427]
I tensorflow/core/kernels/logging_ops.cc:79] Node 9 dequeues token: [427]
I tensorflow/core/kernels/logging_ops.cc:79] Node 8 dequeues token: [427]
I tensorflow/core/kernels/logging_ops.cc:79] Node 15 dequeues token: [427]
I tensorflow/core/kernels/logging_ops.cc:79] Node 3 dequeues token: [427]
I tensorflow/core/kernels/logging_ops.cc:79] Node 4 dequeues token: [427]
I tensorflow/core/kernels/logging_ops.cc:79] Node 0 dequeues token: [427]
I tensorflow/core/kernels/logging_ops.cc:79] Node 1 dequeues token: [427]
I tensorflow/core/kernels/logging_ops.cc:79] Node 25 dequeues token: [427]
I tensorflow/core/kernels/logging_ops.cc:79] ~~~~~ daniter~~~ GLobalstep:[428][0.0088189542 -0.0023653626...]
I tensorflow/core/kernels/logging_ops.cc:79] Node 22 dequeues token: [428]
I tensorflow/core/kernels/logging_ops.cc:79] Node 13 dequeues token: [428]
I tensorflow/core/kernels/logging_ops.cc:79] Node 31 dequeues token: [428]
I tensorflow/core/kernels/logging_ops.cc:79] Node 27 dequeues token: [428]
I tensorflow/core/kernels/logging_ops.cc:79] Node 26 dequeues token: [428]
I tensorflow/core/kernels/logging_ops.cc:79] Node 30 dequeues token: [428]
I tensorflow/core/kernels/logging_ops.cc:79] Node 24 dequeues token: [428]
I tensorflow/core/kernels/logging_ops.cc:79] Node 15 dequeues token: [428]
I tensorflow/core/kernels/logging_ops.cc:79] Node 29 dequeues token: [428]
I tensorflow/core/kernels/logging_ops.cc:79] Node 23 dequeues token: [428]
I tensorflow/core/kernels/logging_ops.cc:79] Node 11 dequeues token: [428]
I tensorflow/core/kernels/logging_ops.cc:79] Node 12 dequeues token: [428]
I tensorflow/core/kernels/logging_ops.cc:79] Node 19 dequeues token: [428]
I tensorflow/core/kernels/logging_ops.cc:79] Node 0 dequeues token: [428]
I tensorflow/core/kernels/logging_ops.cc:79] Node 16 dequeues token: [428]
I tensorflow/core/kernels/logging_ops.cc:79] Node 14 dequeues token: [428]
I tensorflow/core/kernels/logging_ops.cc:79] Node 17 dequeues token: [428]
I tensorflow/core/kernels/logging_ops.cc:79] Node 21 dequeues token: [428]
I tensorflow/core/kernels/logging_ops.cc:79] Node 25 dequeues token: [428]
I tensorflow/core/kernels/logging_ops.cc:79] Node 10 dequeues token: [428]
I tensorflow/core/kernels/logging_ops.cc:79] Node 18 dequeues token: [428]
I tensorflow/core/kernels/logging_ops.cc:79] Node 7 dequeues token: [428]
I tensorflow/core/kernels/logging_ops.cc:79] Node 5 dequeues token: [428]
I tensorflow/core/kernels/logging_ops.cc:79] Node 20 dequeues token: [428]
I tensorflow/core/kernels/logging_ops.cc:79] Node 9 dequeues token: [428]
I tensorflow/core/kernels/logging_ops.cc:79] Node 4 dequeues token: [428]
I tensorflow/core/kernels/logging_ops.cc:79] Node 6 dequeues token: [428]
I tensorflow/core/kernels/logging_ops.cc:79] Node 2 dequeues token: [428]
I tensorflow/core/kernels/logging_ops.cc:79] Node 3 dequeues token: [428]
I tensorflow/core/kernels/logging_ops.cc:79] Node 8 dequeues token: [428]
I tensorflow/core/kernels/logging_ops.cc:79] Node 1 dequeues token: [428]
I tensorflow/core/kernels/logging_ops.cc:79] Node 13 dequeues token: [428]
I tensorflow/core/kernels/logging_ops.cc:79] ~~~~~ daniter~~~ GLobalstep:[429][0.0036525119 0.0032970649...]
I tensorflow/core/kernels/logging_ops.cc:79] Node 22 dequeues token: [429]
I tensorflow/core/kernels/logging_ops.cc:79] Node 27 dequeues token: [429]
I tensorflow/core/kernels/logging_ops.cc:79] Node 25 dequeues token: [429]
I tensorflow/core/kernels/logging_ops.cc:79] Node 26 dequeues token: [429]
I tensorflow/core/kernels/logging_ops.cc:79] Node 24 dequeues token: [429]
I tensorflow/core/kernels/logging_ops.cc:79] Node 11 dequeues token: [429]
I tensorflow/core/kernels/logging_ops.cc:79] Node 30 dequeues token: [429]
I tensorflow/core/kernels/logging_ops.cc:79] Node 23 dequeues token: [429]
I tensorflow/core/kernels/logging_ops.cc:79] Node 17 dequeues token: [429]
I tensorflow/core/kernels/logging_ops.cc:79] Node 31 dequeues token: [429]
I tensorflow/core/kernels/logging_ops.cc:79] Node 29 dequeues token: [429]
I tensorflow/core/kernels/logging_ops.cc:79] Node 7 dequeues token: [429]
I tensorflow/core/kernels/logging_ops.cc:79] Node 4 dequeues token: [429]
I tensorflow/core/kernels/logging_ops.cc:79] Node 6 dequeues token: [429]
I tensorflow/core/kernels/logging_ops.cc:79] Node 19 dequeues token: [429]
I tensorflow/core/kernels/logging_ops.cc:79] Node 15 dequeues token: [429]
I tensorflow/core/kernels/logging_ops.cc:79] Node 18 dequeues token: [429]
I tensorflow/core/kernels/logging_ops.cc:79] Node 16 dequeues token: [429]
I tensorflow/core/kernels/logging_ops.cc:79] Node 20 dequeues token: [429]
I tensorflow/core/kernels/logging_ops.cc:79] Node 21 dequeues token: [429]
I tensorflow/core/kernels/logging_ops.cc:79] Node 12 dequeues token: [429]
I tensorflow/core/kernels/logging_ops.cc:79] Node 14 dequeues token: [429]
I tensorflow/core/kernels/logging_ops.cc:79] Node 1 dequeues token: [429]
I tensorflow/core/kernels/logging_ops.cc:79] Node 9 dequeues token: [429]
I tensorflow/core/kernels/logging_ops.cc:79] Node 8 dequeues token: [429]
I tensorflow/core/kernels/logging_ops.cc:79] Node 2 dequeues token: [429]
I tensorflow/core/kernels/logging_ops.cc:79] Node 13 dequeues token: [429]
I tensorflow/core/kernels/logging_ops.cc:79] Node 0 dequeues token: [429]
I tensorflow/core/kernels/logging_ops.cc:79] Node 10 dequeues token: [429]
I tensorflow/core/kernels/logging_ops.cc:79] Node 5 dequeues token: [429]
I tensorflow/core/kernels/logging_ops.cc:79] Node 3 dequeues token: [429]
I tensorflow/core/kernels/logging_ops.cc:79] Node 26 dequeues token: [429]
I tensorflow/core/kernels/logging_ops.cc:79] ~~~~~ daniter~~~ GLobalstep:[430][-0.0067488411 -0.0064402106...]
I tensorflow/core/kernels/logging_ops.cc:79] Node 24 dequeues token: [430]
I tensorflow/core/kernels/logging_ops.cc:79] Node 30 dequeues token: [430]
I tensorflow/core/kernels/logging_ops.cc:79] Node 25 dequeues token: [430]
I tensorflow/core/kernels/logging_ops.cc:79] Node 23 dequeues token: [430]
I tensorflow/core/kernels/logging_ops.cc:79] Node 31 dequeues token: [430]
I tensorflow/core/kernels/logging_ops.cc:79] Node 22 dequeues token: [430]
I tensorflow/core/kernels/logging_ops.cc:79] Node 29 dequeues token: [430]
I tensorflow/core/kernels/logging_ops.cc:79] Node 27 dequeues token: [430]
I tensorflow/core/kernels/logging_ops.cc:79] Node 17 dequeues token: [430]
I tensorflow/core/kernels/logging_ops.cc:79] Node 26 dequeues token: [430]
I tensorflow/core/kernels/logging_ops.cc:79] Node 7 dequeues token: [430]
I tensorflow/core/kernels/logging_ops.cc:79] Node 15 dequeues token: [430]
I tensorflow/core/kernels/logging_ops.cc:79] Node 3 dequeues token: [430]
I tensorflow/core/kernels/logging_ops.cc:79] Node 13 dequeues token: [430]
I tensorflow/core/kernels/logging_ops.cc:79] Node 12 dequeues token: [430]
I tensorflow/core/kernels/logging_ops.cc:79] Node 18 dequeues token: [430]
I tensorflow/core/kernels/logging_ops.cc:79] Node 21 dequeues token: [430]
I tensorflow/core/kernels/logging_ops.cc:79] Node 4 dequeues token: [430]
I tensorflow/core/kernels/logging_ops.cc:79] Node 10 dequeues token: [430]
I tensorflow/core/kernels/logging_ops.cc:79] Node 1 dequeues token: [430]
I tensorflow/core/kernels/logging_ops.cc:79] Node 0 dequeues token: [430]
I tensorflow/core/kernels/logging_ops.cc:79] Node 6 dequeues token: [430]
I tensorflow/core/kernels/logging_ops.cc:79] Node 16 dequeues token: [430]
I tensorflow/core/kernels/logging_ops.cc:79] Node 19 dequeues token: [430]
I tensorflow/core/kernels/logging_ops.cc:79] Node 20 dequeues token: [430]
I tensorflow/core/kernels/logging_ops.cc:79] Node 9 dequeues token: [430]
I tensorflow/core/kernels/logging_ops.cc:79] Node 8 dequeues token: [430]
I tensorflow/core/kernels/logging_ops.cc:79] Node 11 dequeues token: [430]
I tensorflow/core/kernels/logging_ops.cc:79] Node 5 dequeues token: [430]
I tensorflow/core/kernels/logging_ops.cc:79] Node 2 dequeues token: [430]
I tensorflow/core/kernels/logging_ops.cc:79] Node 14 dequeues token: [430]
I tensorflow/core/kernels/logging_ops.cc:79] Node 30 dequeues token: [430]
I tensorflow/core/kernels/logging_ops.cc:79] ~~~~~ daniter~~~ GLobalstep:[431][0.0094123734 0.0022661302...]
I tensorflow/core/kernels/logging_ops.cc:79] Node 31 dequeues token: [431]
I tensorflow/core/kernels/logging_ops.cc:79] Node 25 dequeues token: [431]
I tensorflow/core/kernels/logging_ops.cc:79] Node 12 dequeues token: [431]
I tensorflow/core/kernels/logging_ops.cc:79] Node 22 dequeues token: [431]
I tensorflow/core/kernels/logging_ops.cc:79] Node 23 dequeues token: [431]
I tensorflow/core/kernels/logging_ops.cc:79] Node 24 dequeues token: [431]
I tensorflow/core/kernels/logging_ops.cc:79] Node 26 dequeues token: [431]
I tensorflow/core/kernels/logging_ops.cc:79] Node 27 dequeues token: [431]
I tensorflow/core/kernels/logging_ops.cc:79] Node 7 dequeues token: [431]
I tensorflow/core/kernels/logging_ops.cc:79] Node 29 dequeues token: [431]
I tensorflow/core/kernels/logging_ops.cc:79] Node 3 dequeues token: [431]
I tensorflow/core/kernels/logging_ops.cc:79] Node 30 dequeues token: [431]
I tensorflow/core/kernels/logging_ops.cc:79] Node 18 dequeues token: [431]
I tensorflow/core/kernels/logging_ops.cc:79] Node 13 dequeues token: [431]
I tensorflow/core/kernels/logging_ops.cc:79] Node 11 dequeues token: [431]
I tensorflow/core/kernels/logging_ops.cc:79] Node 17 dequeues token: [431]
I tensorflow/core/kernels/logging_ops.cc:79] Node 19 dequeues token: [431]
I tensorflow/core/kernels/logging_ops.cc:79] Node 14 dequeues token: [431]
I tensorflow/core/kernels/logging_ops.cc:79] Node 20 dequeues token: [431]
I tensorflow/core/kernels/logging_ops.cc:79] Node 21 dequeues token: [431]
I tensorflow/core/kernels/logging_ops.cc:79] Node 16 dequeues token: [431]
I tensorflow/core/kernels/logging_ops.cc:79] Node 15 dequeues token: [431]
I tensorflow/core/kernels/logging_ops.cc:79] Node 4 dequeues token: [431]
I tensorflow/core/kernels/logging_ops.cc:79] Node 5 dequeues token: [431]
I tensorflow/core/kernels/logging_ops.cc:79] Node 6 dequeues token: [431]
I tensorflow/core/kernels/logging_ops.cc:79] Node 1 dequeues token: [431]
I tensorflow/core/kernels/logging_ops.cc:79] Node 10 dequeues token: [431]
I tensorflow/core/kernels/logging_ops.cc:79] Node 9 dequeues token: [431]
I tensorflow/core/kernels/logging_ops.cc:79] Node 8 dequeues token: [431]
I tensorflow/core/kernels/logging_ops.cc:79] Node 2 dequeues token: [431]
I tensorflow/core/kernels/logging_ops.cc:79] Node 0 dequeues token: [431]
I tensorflow/core/kernels/logging_ops.cc:79] Node 25 dequeues token: [431]
run-ps-32node.sh: line 21: 18625 Terminated              CUDA_VISIBLE_DEVICES='' bazel-bin/inception/imagenet_distributed_train --batch_size=16 --data_dir=/lfs/local/0/daniter/32node-data --job_name='ps' --task_id=0 --ps_hosts='localhost:2200' --worker_hosts='raiders1:2201,raiders1:2202,raiders1:2203,raiders1:2204,raiders1:2205,raiders1:2206,raiders1:2207,raiders1:2208,raiders1:2209,raiders1:2210,raiders1:2211,raiders3:2212,raiders3:2213,raiders3:2214,raiders3:2215,raiders3:2216,raiders3:2217,raiders3:2218,raiders3:2219,raiders3:2220,raiders3:2221,raiders3:2222,raiders8:2223,raiders8:2224,raiders8:2225,raiders8:2226,raiders8:2227,raiders8:2228,raiders8:2228,raiders8:2230,raiders8:2231,raiders8:2232' --initial_learning_rate=$1 --momentum=$2 --sync=True --compute_groups=$3
