DISPLAY "(null)" invalid; disabling X11 forwarding
I tensorflow/stream_executor/dso_loader.cc:108] successfully opened CUDA library libcublas.so locally
I tensorflow/stream_executor/dso_loader.cc:108] successfully opened CUDA library libcudnn.so locally
I tensorflow/stream_executor/dso_loader.cc:108] successfully opened CUDA library libcufft.so locally
I tensorflow/stream_executor/dso_loader.cc:108] successfully opened CUDA library libcuda.so locally
I tensorflow/stream_executor/dso_loader.cc:108] successfully opened CUDA library libcurand.so locally
INFO:tensorflow:PS hosts are: ['raiders1:2228']
INFO:tensorflow:Worker hosts are: ['raiders1:2200', 'raiders1:2201', 'raiders3:2209', 'raiders3:2210']
I tensorflow/core/common_runtime/gpu/gpu_init.cc:102] Found device 0 with properties: 
name: GeForce GTX TITAN X
major: 5 minor: 2 memoryClockRate (GHz) 1.076
pciBusID 0000:03:00.0
Total memory: 11.92GiB
Free memory: 11.81GiB
I tensorflow/core/common_runtime/gpu/gpu_init.cc:126] DMA: 0 
I tensorflow/core/common_runtime/gpu/gpu_init.cc:136] 0:   Y 
I tensorflow/core/common_runtime/gpu/gpu_device.cc:806] Creating TensorFlow device (/gpu:0) -> (device: 0, name: GeForce GTX TITAN X, pci bus id: 0000:03:00.0)
I tensorflow/core/distributed_runtime/rpc/grpc_channel.cc:206] Initialize HostPortsGrpcChannelCache for job ps -> {raiders1:2228}
I tensorflow/core/distributed_runtime/rpc/grpc_channel.cc:206] Initialize HostPortsGrpcChannelCache for job worker -> {raiders1:2200, raiders1:2201, localhost:2209, raiders3:2210}
I tensorflow/core/distributed_runtime/rpc/grpc_server_lib.cc:202] Started server with target: grpc://localhost:2209
INFO:tensorflow:Learning rate: 0.002500, momentum: 0.600000
INFO:tensorflow:Sync mode!!!!!!
INFO:tensorflow:Compute groups : 2
INFO:tensorflow:SyncReplicas enabled: replicas_to_aggregate=4; total_num_replicas=4
INFO:tensorflow:Num nodes per compute groups: 2
INFO:tensorflow:Tokens per step: 2
INFO:tensorflow:2016-07-20 05:11:05.582811 Supervisor
INFO:tensorflow:got sessions!
INFO:tensorflow:Started 3 queues for processing input data.
I tensorflow/core/common_runtime/gpu/pool_allocator.cc:244] PoolAllocator: After 3576 get requests, put_count=2565 evicted_count=1000 eviction_rate=0.389864 and unsatisfied allocation rate=0.590324
I tensorflow/core/common_runtime/gpu/pool_allocator.cc:256] Raising pool_size_limit_ from 100 to 110
INFO:tensorflow:Step: 399, Loss: 5.428208, time: 22.448 sec/batch
INFO:tensorflow:Step: 399, Loss: 6.104472, time: 1.217 sec/batch
INFO:tensorflow:Step: 399, Loss: 5.469731, time: 2.021 sec/batch
INFO:tensorflow:Step: 400, Loss: 5.193559, time: 1.210 sec/batch
INFO:tensorflow:Step: 400, Loss: 5.284087, time: 1.328 sec/batch
I tensorflow/core/common_runtime/gpu/pool_allocator.cc:244] PoolAllocator: After 0 get requests, put_count=1016 evicted_count=1000 eviction_rate=0.984252 and unsatisfied allocation rate=0
INFO:tensorflow:Step: 401, Loss: 5.428037, time: 1.387 sec/batch
INFO:tensorflow:Step: 402, Loss: 5.699561, time: 1.534 sec/batch
INFO:tensorflow:Step: 402, Loss: 5.294657, time: 1.786 sec/batch
INFO:tensorflow:Step: 404, Loss: 5.437864, time: 1.918 sec/batch
INFO:tensorflow:Step: 405, Loss: 5.278014, time: 1.571 sec/batch
I tensorflow/core/common_runtime/gpu/pool_allocator.cc:244] PoolAllocator: After 0 get requests, put_count=1025 evicted_count=1000 eviction_rate=0.97561 and unsatisfied allocation rate=0
INFO:tensorflow:Step: 406, Loss: 5.457507, time: 1.701 sec/batch
INFO:tensorflow:Step: 406, Loss: 5.319908, time: 2.229 sec/batch
INFO:tensorflow:Step: 408, Loss: 5.257104, time: 1.802 sec/batch
INFO:tensorflow:Step: 409, Loss: 5.340223, time: 1.541 sec/batch
not cropping. Imagesize: 256
not cropping. Imagesize: 256
not cropping. Imagesize: 256
not cropping. Imagesize: 256
Traceback (most recent call last):
  File "/afs/cs.stanford.edu/u/daniter/tf-test/inception/bazel-bin/inception/imagenet_distributed_train.runfiles/__main__/inception/imagenet_distributed_train.py", line 69, in <module>
    tf.app.run()
  File "/usr/local/lib/python2.7/dist-packages/tensorflow/python/platform/app.py", line 30, in run
    sys.exit(main(sys.argv))
  File "/afs/cs.stanford.edu/u/daniter/tf-test/inception/bazel-bin/inception/imagenet_distributed_train.runfiles/__main__/inception/imagenet_distributed_train.py", line 65, in main
    inception_distributed_train.train(server.target, dataset, cluster_spec)
  File "/afs/cs.stanford.edu/u/daniter/tf-test/inception/bazel-bin/inception/imagenet_distributed_train.runfiles/__main__/inception/inception_distributed_train.py", line 315, in train
    assert not np.isnan(loss_value), 'Model diverged with loss = NaN'
AssertionError: Model diverged with loss = NaN
