DISPLAY "(null)" invalid; disabling X11 forwarding
INFO:tensorflow:PS hosts are: ['raiders1:2200']
INFO:tensorflow:Worker hosts are: ['raiders1:2201', 'raiders1:2202', 'raiders1:2203', 'raiders1:2204', 'raiders2:2205', 'raiders2:2206', 'raiders2:2207', 'raiders2:2208', 'raiders3:2209', 'raiders3:2210', 'raiders3:2211', 'raiders3:2212', 'raiders8:2213', 'raiders8:2214', 'raiders8:2215', 'raiders8:2216']
I tensorflow/core/distributed_runtime/rpc/grpc_channel.cc:206] Initialize HostPortsGrpcChannelCache for job ps -> {raiders1:2200}
I tensorflow/core/distributed_runtime/rpc/grpc_channel.cc:206] Initialize HostPortsGrpcChannelCache for job worker -> {raiders1:2201, raiders1:2202, raiders1:2203, raiders1:2204, raiders2:2205, raiders2:2206, raiders2:2207, raiders2:2208, raiders3:2209, raiders3:2210, raiders3:2211, raiders3:2212, localhost:2213, raiders8:2214, raiders8:2215, raiders8:2216}
I tensorflow/core/distributed_runtime/rpc/grpc_server_lib.cc:202] Started server with target: grpc://localhost:2213
INFO:tensorflow:Learning rate: 0.005000, momentum: 0.300000
INFO:tensorflow:2016-07-26 23:30:26.152459 Supervisor
INFO:tensorflow:Waiting for model to be ready: Variables not initialized: global_step, conv0/weights, conv0/BatchNorm/beta, conv0/BatchNorm/moving_mean, conv0/BatchNorm/moving_variance, conv1/weights, conv1/BatchNorm/beta, conv1/BatchNorm/moving_mean, conv1/BatchNorm/moving_variance, conv2/weights, conv2/BatchNorm/beta, conv2/BatchNorm/moving_mean, conv2/BatchNorm/moving_variance, conv3/weights, conv3/BatchNorm/beta, conv3/BatchNorm/moving_mean, conv3/BatchNorm/moving_variance, conv4/weights, conv4/BatchNorm/beta, conv4/BatchNorm/moving_mean, conv4/BatchNorm/moving_variance, mixed_35x35x256a/branch1x1/Conv/weights, mixed_35x35x256a/branch1x1/Conv/BatchNorm/beta, mixed_35x35x256a/branch1x1/Conv/BatchNorm/moving_mean, mixed_35x35x256a/branch1x1/Conv/BatchNorm/moving_variance, mixed_35x35x256a/branch5x5/Conv/weights, mixed_35x35x256a/branch5x5/Conv/BatchNorm/beta, mixed_35x35x256a/branch5x5/Conv/BatchNorm/moving_mean, mixed_35x35x256a/branch5x5/Conv/BatchNorm/moving_variance, mixed_35x35x256a/branch5x5/Conv_1/weights, mixed_35x35x256a/branch5x5/Conv_1/BatchNorm/beta, mixed_35x35x256a/branch5x5/Conv_1/BatchNorm/moving_mean, mixed_35x35x256a/branch5x5/Conv_1/BatchNorm/moving_variance, mixed_35x35x256a/branch3x3dbl/Conv/weights, mixed_35x35x256a/branch3x3dbl/Conv/BatchNorm/beta, mixed_35x35x256a/branch3x3dbl/Conv/BatchNorm/moving_mean, mixed_35x35x256a/branch3x3dbl/Conv/BatchNorm/moving_variance, mixed_35x35x256a/branch3x3dbl/Conv_1/weights, mixed_35x35x256a/branch3x3dbl/Conv_1/BatchNorm/beta, mixed_35x35x256a/branch3x3dbl/Conv_1/BatchNorm/moving_mean, mixed_35x35x256a/branch3x3dbl/Conv_1/BatchNorm/moving_variance, mixed_35x35x256a/branch3x3dbl/Conv_2/weights, mixed_35x35x256a/branch3x3dbl/Conv_2/BatchNorm/beta, mixed_35x35x256a/branch3x3dbl/Conv_2/BatchNorm/moving_mean, mixed_35x35x256a/branch3x3dbl/Conv_2/BatchNorm/moving_variance, mixed_35x35x256a/branch_pool/Conv/weights, mixed_35x35x256a/branch_pool/Conv/BatchNorm/beta, mixed_35x35x256a/branch_pool/Conv/BatchNorm/moving_mean, mixed_35x35x256a/branch_pool/Conv/BatchNorm/moving_variance, mixed_35x35x288a/branch1x1/Conv/weights, mixed_35x35x288a/branch1x1/Conv/BatchNorm/beta, mixed_35x35x288a/branch1x1/Conv/BatchNorm/moving_mean, mixed_35x35x288a/branch1x1/Conv/BatchNorm/moving_variance, mixed_35x35x288a/branch5x5/Conv/weights, mixed_35x35x288a/branch5x5/Conv/BatchNorm/beta, mixed_35x35x288a/branch5x5/Conv/BatchNorm/moving_mean, mixed_35x35x288a/branch5x5/Conv/BatchNorm/moving_variance, mixed_35x35x288a/branch5x5/Conv_1/weights, mixed_35x35x288a/branch5x5/Conv_1/BatchNorm/beta, mixed_35x35x288a/branch5x5/Conv_1/BatchNorm/moving_mean, mixed_35x35x288a/branch5x5/Conv_1/BatchNorm/moving_variance, mixed_35x35x288a/branch3x3dbl/Conv/weights, mixed_35x35x288a/branch3x3dbl/Conv/BatchNorm/beta, mixed_35x35x288a/branch3x3dbl/Conv/BatchNorm/moving_mean, mixed_35x35x288a/branch3x3dbl/Conv/BatchNorm/moving_variance, mixed_35x35x288a/branch3x3dbl/Conv_1/weights, mixed_35x35x288a/branch3x3dbl/Conv_1/BatchNorm/beta, mixed_35x35x288a/branch3x3dbl/Conv_1/BatchNorm/moving_mean, mixed_35x35x288a/branch3x3dbl/Conv_1/BatchNorm/moving_variance, mixed_35x35x288a/branch3x3dbl/Conv_2/weights, mixed_35x35x288a/branch3x3dbl/Conv_2/BatchNorm/beta, mixed_35x35x288a/branch3x3dbl/Conv_2/BatchNorm/moving_mean, mixed_35x35x288a/branch3x3dbl/Conv_2/BatchNorm/moving_variance, mixed_35x35x288a/branch_pool/Conv/weights, mixed_35x35x288a/branch_pool/Conv/BatchNorm/beta, mixed_35x35x288a/branch_pool/Conv/BatchNorm/moving_mean, mixed_35x35x288a/branch_pool/Conv/BatchNorm/moving_variance, mixed_35x35x288b/branch1x1/Conv/weights, mixed_35x35x288b/branch1x1/Conv/BatchNorm/beta, mixed_35x35x288b/branch1x1/Conv/BatchNorm/moving_mean, mixed_35x35x288b/branch1x1/Conv/BatchNorm/moving_variance, mixed_35x35x288b/branch5x5/Conv/weights, mixed_35x35x288b/branch5x5/Conv/BatchNorm/beta, mixed_35x35x288b/branch5x5/Conv/BatchNorm/moving_mean, mixed_35x35x288b/branch5x5/Conv/BatchNorm/moving_variance, mixed_35x35x288b/branch5x5/Conv_1/weights, mixed_35x35x288b/branch5x5/Conv_1/BatchNorm/beta, mixed_35x35x288b/branch5x5/Conv_1/BatchNorm/moving_mean, mixed_35x35x288b/branch5x5/Conv_1/BatchNorm/moving_variance, mixed_35x35x288b/branch3x3dbl/Conv/weights, mixed_35x35x288b/branch3x3dbl/Conv/BatchNorm/beta, mixed_35x35x288b/branch3x3dbl/Conv/BatchNorm/moving_mean, mixed_35x35x288b/branch3x3dbl/Conv/BatchNorm/moving_variance, mixed_35x35x288b/branch3x3dbl/Conv_1/weights, mixed_35x35x288b/branch3x3dbl/Conv_1/BatchNorm/beta, mixed_35x35x288b/branch3x3dbl/Conv_1/BatchNorm/moving_mean, mixed_35x35x288b/branch3x3dbl/Conv_1/BatchNorm/moving_variance, mixed_35x35x288b/branch3x3dbl/Conv_2/weights, mixed_35x35x288b/branch3x3dbl/Conv_2/BatchNorm/beta, mixed_35x35x288b/branch3x3dbl/Conv_2/BatchNorm/moving_mean, mixed_35x35x288b/branch3x3dbl/Conv_2/BatchNorm/moving_variance, mixed_35x35x288b/branch_pool/Conv/weights, mixed_35x35x288b/branch_pool/Conv/BatchNorm/beta, mixed_35x35x288b/branch_pool/Conv/BatchNorm/moving_mean, mixed_35x35x288b/branch_pool/Conv/BatchNorm/moving_variance, mixed_17x17x768a/branch3x3/Conv/weights, mixed_17x17x768a/branch3x3/Conv/BatchNorm/beta, mixed_17x17x768a/branch3x3/Conv/BatchNorm/moving_mean, mixed_17x17x768a/branch3x3/Conv/BatchNorm/moving_variance, mixed_17x17x768a/branch3x3dbl/Conv/weights, mixed_17x17x768a/branch3x3dbl/Conv/BatchNorm/beta, mixed_17x17x768a/branch3x3dbl/Conv/BatchNorm/moving_mean, mixed_17x17x768a/branch3x3dbl/Conv/BatchNorm/moving_variance, mixed_17x17x768a/branch3x3dbl/Conv_1/weights, mixed_17x17x768a/branch3x3dbl/Conv_1/BatchNorm/beta, mixed_17x17x768a/branch3x3dbl/Conv_1/BatchNorm/moving_mean, mixed_17x17x768a/branch3x3dbl/Conv_1/BatchNorm/moving_variance, mixed_17x17x768a/branch3x3dbl/Conv_2/weights, mixed_17x17x768a/branch3x3dbl/Conv_2/BatchNorm/beta, mixed_17x17x768a/branch3x3dbl/Conv_2/BatchNorm/moving_mean, mixed_17x17x768a/branch3x3dbl/Conv_2/BatchNorm/moving_variance, mixed_17x17x768b/branch1x1/Conv/weights, mixed_17x17x768b/branch1x1/Conv/BatchNorm/beta, mixed_17x17x768b/branch1x1/Conv/BatchNorm/moving_mean, mixed_17x17x768b/branch1x1/Conv/BatchNorm/moving_variance, mixed_17x17x768b/branch7x7/Conv/weights, mixed_17x17x768b/branch7x7/Conv/BatchNorm/beta, mixed_17x17x768b/branch7x7/Conv/BatchNorm/moving_mean, mixed_17x17x768b/branch7x7/Conv/BatchNorm/moving_variance, mixed_17x17x768b/branch7x7/Conv_1/weights, mixed_17x17x768b/branch7x7/Conv_1/BatchNorm/beta, mixed_17x17x768b/branch7x7/Conv_1/BatchNorm/moving_mean, mixed_17x17x768b/branch7x7/Conv_1/BatchNorm/moving_variance, mixed_17x17x768b/branch7x7/Conv_2/weights, mixed_17x17x768b/branch7x7/Conv_2/BatchNorm/beta, mixed_17x17x768b/branch7x7/Conv_2/BatchNorm/moving_mean, mixed_17x17x768b/branch7x7/Conv_2/BatchNorm/moving_variance, mixed_17x17x768b/branch7x7dbl/Conv/weights, mixed_17x17x768b/branch7x7dbl/Conv/BatchNorm/beta, mixed_17x17x768b/branch7x7dbl/Conv/BatchNorm/moving_mean, mixed_17x17x768b/branch7x7dbl/Conv/BatchNorm/moving_variance, mixed_17x17x768b/branch7x7dbl/Conv_1/weights, mixed_17x17x768b/branch7x7dbl/Conv_1/BatchNorm/beta, mixed_17x17x768b/branch7x7dbl/Conv_1/BatchNorm/moving_mean, mixed_17x17x768b/branch7x7dbl/Conv_1/BatchNorm/moving_variance, mixed_17x17x768b/branch7x7dbl/Conv_2/weights, mixed_17x17x768b/branch7x7dbl/Conv_2/BatchNorm/beta, mixed_17x17x768b/branch7x7dbl/Conv_2/BatchNorm/moving_mean, mixed_17x17x768b/branch7x7dbl/Conv_2/BatchNorm/moving_variance, mixed_17x17x768b/branch7x7dbl/Conv_3/weights, mixed_17x17x768b/branch7x7dbl/Conv_3/BatchNorm/beta, mixed_17x17x768b/branch7x7dbl/Conv_3/BatchNorm/moving_mean, mixed_17x17x768b/branch7x7dbl/Conv_3/BatchNorm/moving_variance, mixed_17x17x768b/branch7x7dbl/Conv_4/weights, mixed_17x17x768b/branch7x7dbl/Conv_4/BatchNorm/beta, mixed_17x17x768b/branch7x7dbl/Conv_4/BatchNorm/moving_mean, mixed_17x17x768b/branch7x7dbl/Conv_4/BatchNorm/moving_variance, mixed_17x17x768b/branch_pool/Conv/weights, mixed_17x17x768b/branch_pool/Conv/BatchNorm/beta, mixed_17x17x768b/branch_pool/Conv/BatchNorm/moving_mean, mixed_17x17x768b/branch_pool/Conv/BatchNorm/moving_variance, mixed_17x17x768c/branch1x1/Conv/weights, mixed_17x17x768c/branch1x1/Conv/BatchNorm/beta, mixed_17x17x768c/branch1x1/Conv/BatchNorm/moving_mean, mixed_17x17x768c/branch1x1/Conv/BatchNorm/moving_variance, mixed_17x17x768c/branch7x7/Conv/weights, mixed_17x17x768c/branch7x7/Conv/BatchNorm/beta, mixed_17x17x768c/branch7x7/Conv/BatchNorm/moving_mean, mixed_17x17x768c/branch7x7/Conv/BatchNorm/moving_variance, mixed_17x17x768c/branch7x7/Conv_1/weights, mixed_17x17x768c/branch7x7/Conv_1/BatchNorm/beta, mixed_17x17x768c/branch7x7/Conv_1/BatchNorm/moving_mean, mixed_17x17x768c/branch7x7/Conv_1/BatchNorm/moving_variance, mixed_17x17x768c/branch7x7/Conv_2/weights, mixed_17x17x768c/branch7x7/Conv_2/BatchNorm/beta, mixed_17x17x768c/branch7x7/Conv_2/BatchNorm/moving_mean, mixed_17x17x768c/branch7x7/Conv_2/BatchNorm/moving_variance, mixed_17x17x768c/branch7x7dbl/Conv/weights, mixed_17x17x768c/branch7x7dbl/Conv/BatchNorm/beta, mixed_17x17x768c/branch7x7dbl/Conv/BatchNorm/moving_mean, mixed_17x17x768c/branch7x7dbl/Conv/BatchNorm/moving_variance, mixed_17x17x768c/branch7x7dbl/Conv_1/weights, mixed_17x17x768c/branch7x7dbl/Conv_1/BatchNorm/beta, mixed_17x17x768c/branch7x7dbl/Conv_1/BatchNorm/moving_mean, mixed_17x17x768c/branch7x7dbl/Conv_1/BatchNorm/moving_variance, mixed_17x17x768c/branch7x7dbl/Conv_2/weights, mixed_17x17x768c/branch7x7dbl/Conv_2/BatchNorm/beta, mixed_17x17x768c/branch7x7dbl/Conv_2/BatchNorm/moving_mean, mixed_17x17x768c/branch7x7dbl/Conv_2/BatchNorm/moving_variance, mixed_17x17x768c/branch7x7dbl/Conv_3/weights, mixed_17x17x768c/branch7x7dbl/Conv_3/BatchNorm/beta, mixed_17x17x768c/branch7x7dbl/Conv_3/BatchNorm/moving_mean, mixed_17x17x768c/branch7x7dbl/Conv_3/BatchNorm/moving_variance, mixed_17x17x768c/branch7x7dbl/Conv_4/weights, mixed_17x17x768c/branch7x7dbl/Conv_4/BatchNorm/beta, mixed_17x17x768c/branch7x7dbl/Conv_4/BatchNorm/moving_mean, mixed_17x17x768c/branch7x7dbl/Conv_4/BatchNorm/moving_variance, mixed_17x17x768c/branch_pool/Conv/weights, mixed_17x17x768c/branch_pool/Conv/BatchNorm/beta, mixed_17x17x768c/branch_pool/Conv/BatchNorm/moving_mean, mixed_17x17x768c/branch_pool/Conv/BatchNorm/moving_variance, mixed_17x17x768d/branch1x1/Conv/weights, mixed_17x17x768d/branch1x1/Conv/BatchNorm/beta, mixed_17x17x768d/branch1x1/Conv/BatchNorm/moving_mean, mixed_17x17x768d/branch1x1/Conv/BatchNorm/moving_variance, mixed_17x17x768d/branch7x7/Conv/weights, mixed_17x17x768d/branch7x7/Conv/BatchNorm/beta, mixed_17x17x768d/branch7x7/Conv/BatchNorm/moving_mean, mixed_17x17x768d/branch7x7/Conv/BatchNorm/moving_variance, mixed_17x17x768d/branch7x7/Conv_1/weights, mixed_17x17x768d/branch7x7/Conv_1/BatchNorm/beta, mixed_17x17x768d/branch7x7/Conv_1/BatchNorm/moving_mean, mixed_17x17x768d/branch7x7/Conv_1/BatchNorm/moving_variance, mixed_17x17x768d/branch7x7/Conv_2/weights, mixed_17x17x768d/branch7x7/Conv_2/BatchNorm/beta, mixed_17x17x768d/branch7x7/Conv_2/BatchNorm/moving_mean, mixed_17x17x768d/branch7x7/Conv_2/BatchNorm/moving_variance, mixed_17x17x768d/branch7x7dbl/Conv/weights, mixed_17x17x768d/branch7x7dbl/Conv/BatchNorm/beta, mixed_17x17x768d/branch7x7dbl/Conv/BatchNorm/moving_mean, mixed_17x17x768d/branch7x7dbl/Conv/BatchNorm/moving_variance, mixed_17x17x768d/branch7x7dbl/Conv_1/weights, mixed_17x17x768d/branch7x7dbl/Conv_1/BatchNorm/beta, mixed_17x17x768d/branch7x7dbl/Conv_1/BatchNorm/moving_mean, mixed_17x17x768d/branch7x7dbl/Conv_1/BatchNorm/moving_variance, mixed_17x17x768d/branch7x7dbl/Conv_2/weights, mixed_17x17x768d/branch7x7dbl/Conv_2/BatchNorm/beta, mixed_17x17x768d/branch7x7dbl/Conv_2/BatchNorm/moving_mean, mixed_17x17x768d/branch7x7dbl/Conv_2/BatchNorm/moving_variance, mixed_17x17x768d/branch7x7dbl/Conv_3/weights, mixed_17x17x768d/branch7x7dbl/Conv_3/BatchNorm/beta, mixed_17x17x768d/branch7x7dbl/Conv_3/BatchNorm/moving_mean, mixed_17x17x768d/branch7x7dbl/Conv_3/BatchNorm/moving_variance, mixed_17x17x768d/branch7x7dbl/Conv_4/weights, mixed_17x17x768d/branch7x7dbl/Conv_4/BatchNorm/beta, mixed_17x17x768d/branch7x7dbl/Conv_4/BatchNorm/moving_mean, mixed_17x17x768d/branch7x7dbl/Conv_4/BatchNorm/moving_variance, mixed_17x17x768d/branch_pool/Conv/weights, mixed_17x17x768d/branch_pool/Conv/BatchNorm/beta, mixed_17x17x768d/branch_pool/Conv/BatchNorm/moving_mean, mixed_17x17x768d/branch_pool/Conv/BatchNorm/moving_variance, mixed_17x17x768e/branch1x1/Conv/weights, mixed_17x17x768e/branch1x1/Conv/BatchNorm/beta, mixed_17x17x768e/branch1x1/Conv/BatchNorm/moving_mean, mixed_17x17x768e/branch1x1/Conv/BatchNorm/moving_variance, mixed_17x17x768e/branch7x7/Conv/weights, mixed_17x17x768e/branch7x7/Conv/BatchNorm/beta, mixed_17x17x768e/branch7x7/Conv/BatchNorm/moving_mean, mixed_17x17x768e/branch7x7/Conv/BatchNorm/moving_variance, mixed_17x17x768e/branch7x7/Conv_1/weights, mixed_17x17x768e/branch7x7/Conv_1/BatchNorm/beta, mixed_17x17x768e/branch7x7/Conv_1/BatchNorm/moving_mean, mixed_17x17x768e/branch7x7/Conv_1/BatchNorm/moving_variance, mixed_17x17x768e/branch7x7/Conv_2/weights, mixed_17x17x768e/branch7x7/Conv_2/BatchNorm/beta, mixed_17x17x768e/branch7x7/Conv_2/BatchNorm/moving_mean, mixed_17x17x768e/branch7x7/Conv_2/BatchNorm/moving_variance, mixed_17x17x768e/branch7x7dbl/Conv/weights, mixed_17x17x768e/branch7x7dbl/Conv/BatchNorm/beta, mixed_17x17x768e/branch7x7dbl/Conv/BatchNorm/moving_mean, mixed_17x17x768e/branch7x7dbl/Conv/BatchNorm/moving_variance, mixed_17x17x768e/branch7x7dbl/Conv_1/weights, mixed_17x17x768e/branch7x7dbl/Conv_1/BatchNorm/beta, mixed_17x17x768e/branch7x7dbl/Conv_1/BatchNorm/moving_mean, mixed_17x17x768e/branch7x7dbl/Conv_1/BatchNorm/moving_variance, mixed_17x17x768e/branch7x7dbl/Conv_2/weights, mixed_17x17x768e/branch7x7dbl/Conv_2/BatchNorm/beta, mixed_17x17x768e/branch7x7dbl/Conv_2/BatchNorm/moving_mean, mixed_17x17x768e/branch7x7dbl/Conv_2/BatchNorm/moving_variance, mixed_17x17x768e/branch7x7dbl/Conv_3/weights, mixed_17x17x768e/branch7x7dbl/Conv_3/BatchNorm/beta, mixed_17x17x768e/branch7x7dbl/Conv_3/BatchNorm/moving_mean, mixed_17x17x768e/branch7x7dbl/Conv_3/BatchNorm/moving_variance, mixed_17x17x768e/branch7x7dbl/Conv_4/weights, mixed_17x17x768e/branch7x7dbl/Conv_4/BatchNorm/beta, mixed_17x17x768e/branch7x7dbl/Conv_4/BatchNorm/moving_mean, mixed_17x17x768e/branch7x7dbl/Conv_4/BatchNorm/moving_variance, mixed_17x17x768e/branch_pool/Conv/weights, mixed_17x17x768e/branch_pool/Conv/BatchNorm/beta, mixed_17x17x768e/branch_pool/Conv/BatchNorm/moving_mean, mixed_17x17x768e/branch_pool/Conv/BatchNorm/moving_variance, aux_logits/proj/weights, aux_logits/proj/BatchNorm/beta, aux_logits/proj/BatchNorm/moving_mean, aux_logits/proj/BatchNorm/moving_variance, aux_logits/Conv/weights, aux_logits/Conv/BatchNorm/beta, aux_logits/Conv/BatchNorm/moving_mean, aux_logits/Conv/BatchNorm/moving_variance, aux_logits/FC/weights, aux_logits/FC/biases, mixed_17x17x1280a/branch3x3/Conv/weights, mixed_17x17x1280a/branch3x3/Conv/BatchNorm/beta, mixed_17x17x1280a/branch3x3/Conv/BatchNorm/moving_mean, mixed_17x17x1280a/branch3x3/Conv/BatchNorm/moving_variance, mixed_17x17x1280a/branch3x3/Conv_1/weights, mixed_17x17x1280a/branch3x3/Conv_1/BatchNorm/beta, mixed_17x17x1280a/branch3x3/Conv_1/BatchNorm/moving_mean, mixed_17x17x1280a/branch3x3/Conv_1/BatchNorm/moving_variance, mixed_17x17x1280a/branch7x7x3/Conv/weights, mixed_17x17x1280a/branch7x7x3/Conv/BatchNorm/beta, mixed_17x17x1280a/branch7x7x3/Conv/BatchNorm/moving_mean, mixed_17x17x1280a/branch7x7x3/Conv/BatchNorm/moving_variance, mixed_17x17x1280a/branch7x7x3/Conv_1/weights, mixed_17x17x1280a/branch7x7x3/Conv_1/BatchNorm/beta, mixed_17x17x1280a/branch7x7x3/Conv_1/BatchNorm/moving_mean, mixed_17x17x1280a/branch7x7x3/Conv_1/BatchNorm/moving_variance, mixed_17x17x1280a/branch7x7x3/Conv_2/weights, mixed_17x17x1280a/branch7x7x3/Conv_2/BatchNorm/beta, mixed_17x17x1280a/branch7x7x3/Conv_2/BatchNorm/moving_mean, mixed_17x17x1280a/branch7x7x3/Conv_2/BatchNorm/moving_variance, mixed_17x17x1280a/branch7x7x3/Conv_3/weights, mixed_17x17x1280a/branch7x7x3/Conv_3/BatchNorm/beta, mixed_17x17x1280a/branch7x7x3/Conv_3/BatchNorm/moving_mean, mixed_17x17x1280a/branch7x7x3/Conv_3/BatchNorm/moving_variance, mixed_8x8x2048a/branch1x1/Conv/weights, mixed_8x8x2048a/branch1x1/Conv/BatchNorm/beta, mixed_8x8x2048a/branch1x1/Conv/BatchNorm/moving_mean, mixed_8x8x2048a/branch1x1/Conv/BatchNorm/moving_variance, mixed_8x8x2048a/branch3x3/Conv/weights, mixed_8x8x2048a/branch3x3/Conv/BatchNorm/beta, mixed_8x8x2048a/branch3x3/Conv/BatchNorm/moving_mean, mixed_8x8x2048a/branch3x3/Conv/BatchNorm/moving_variance, mixed_8x8x2048a/branch3x3/Conv_1/weights, mixed_8x8x2048a/branch3x3/Conv_1/BatchNorm/beta, mixed_8x8x2048a/branch3x3/Conv_1/BatchNorm/moving_mean, mixed_8x8x2048a/branch3x3/Conv_1/BatchNorm/moving_variance, mixed_8x8x2048a/branch3x3/Conv_2/weights, mixed_8x8x2048a/branch3x3/Conv_2/BatchNorm/beta, mixed_8x8x2048a/branch3x3/Conv_2/BatchNorm/moving_mean, mixed_8x8x2048a/branch3x3/Conv_2/BatchNorm/moving_variance, mixed_8x8x2048a/branch3x3dbl/Conv/weights, mixed_8x8x2048a/branch3x3dbl/Conv/BatchNorm/beta, mixed_8x8x2048a/branch3x3dbl/Conv/BatchNorm/moving_mean, mixed_8x8x2048a/branch3x3dbl/Conv/BatchNorm/moving_variance, mixed_8x8x2048a/branch3x3dbl/Conv_1/weights, mixed_8x8x2048a/branch3x3dbl/Conv_1/BatchNorm/beta, mixed_8x8x2048a/branch3x3dbl/Conv_1/BatchNorm/moving_mean, mixed_8x8x2048a/branch3x3dbl/Conv_1/BatchNorm/moving_variance, mixed_8x8x2048a/branch3x3dbl/Conv_2/weights, mixed_8x8x2048a/branch3x3dbl/Conv_2/BatchNorm/beta, mixed_8x8x2048a/branch3x3dbl/Conv_2/BatchNorm/moving_mean, mixed_8x8x2048a/branch3x3dbl/Conv_2/BatchNorm/moving_variance, mixed_8x8x2048a/branch3x3dbl/Conv_3/weights, mixed_8x8x2048a/branch3x3dbl/Conv_3/BatchNorm/beta, mixed_8x8x2048a/branch3x3dbl/Conv_3/BatchNorm/moving_mean, mixed_8x8x2048a/branch3x3dbl/Conv_3/BatchNorm/moving_variance, mixed_8x8x2048a/branch_pool/Conv/weights, mixed_8x8x2048a/branch_pool/Conv/BatchNorm/beta, mixed_8x8x2048a/branch_pool/Conv/BatchNorm/moving_mean, mixed_8x8x2048a/branch_pool/Conv/BatchNorm/moving_variance, mixed_8x8x2048b/branch1x1/Conv/weights, mixed_8x8x2048b/branch1x1/Conv/BatchNorm/beta, mixed_8x8x2048b/branch1x1/Conv/BatchNorm/moving_mean, mixed_8x8x2048b/branch1x1/Conv/BatchNorm/moving_variance, mixed_8x8x2048b/branch3x3/Conv/weights, mixed_8x8x2048b/branch3x3/Conv/BatchNorm/beta, mixed_8x8x2048b/branch3x3/Conv/BatchNorm/moving_mean, mixed_8x8x2048b/branch3x3/Conv/BatchNorm/moving_variance, mixed_8x8x2048b/branch3x3/Conv_1/weights, mixed_8x8x2048b/branch3x3/Conv_1/BatchNorm/beta, mixed_8x8x2048b/branch3x3/Conv_1/BatchNorm/moving_mean, mixed_8x8x2048b/branch3x3/Conv_1/BatchNorm/moving_variance, mixed_8x8x2048b/branch3x3/Conv_2/weights, mixed_8x8x2048b/branch3x3/Conv_2/BatchNorm/beta, mixed_8x8x2048b/branch3x3/Conv_2/BatchNorm/moving_mean, mixed_8x8x2048b/branch3x3/Conv_2/BatchNorm/moving_variance, mixed_8x8x2048b/branch3x3dbl/Conv/weights, mixed_8x8x2048b/branch3x3dbl/Conv/BatchNorm/beta, mixed_8x8x2048b/branch3x3dbl/Conv/BatchNorm/moving_mean, mixed_8x8x2048b/branch3x3dbl/Conv/BatchNorm/moving_variance, mixed_8x8x2048b/branch3x3dbl/Conv_1/weights, mixed_8x8x2048b/branch3x3dbl/Conv_1/BatchNorm/beta, mixed_8x8x2048b/branch3x3dbl/Conv_1/BatchNorm/moving_mean, mixed_8x8x2048b/branch3x3dbl/Conv_1/BatchNorm/moving_variance, mixed_8x8x2048b/branch3x3dbl/Conv_2/weights, mixed_8x8x2048b/branch3x3dbl/Conv_2/BatchNorm/beta, mixed_8x8x2048b/branch3x3dbl/Conv_2/BatchNorm/moving_mean, mixed_8x8x2048b/branch3x3dbl/Conv_2/BatchNorm/moving_variance, mixed_8x8x2048b/branch3x3dbl/Conv_3/weights, mixed_8x8x2048b/branch3x3dbl/Conv_3/BatchNorm/beta, mixed_8x8x2048b/branch3x3dbl/Conv_3/BatchNorm/moving_mean, mixed_8x8x2048b/branch3x3dbl/Conv_3/BatchNorm/moving_variance, mixed_8x8x2048b/branch_pool/Conv/weights, mixed_8x8x2048b/branch_pool/Conv/BatchNorm/beta, mixed_8x8x2048b/branch_pool/Conv/BatchNorm/moving_mean, mixed_8x8x2048b/branch_pool/Conv/BatchNorm/moving_variance, logits/logits/weights, logits/logits/biases, conv0/weights/Momentum, conv0/BatchNorm/beta/Momentum, conv1/weights/Momentum, conv1/BatchNorm/beta/Momentum, conv2/weights/Momentum, conv2/BatchNorm/beta/Momentum, conv3/weights/Momentum, conv3/BatchNorm/beta/Momentum, conv4/weights/Momentum, conv4/BatchNorm/beta/Momentum, mixed_35x35x256a/branch1x1/Conv/weights/Momentum, mixed_35x35x256a/branch1x1/Conv/BatchNorm/beta/Momentum, mixed_35x35x256a/branch5x5/Conv/weights/Momentum, mixed_35x35x256a/branch5x5/Conv/BatchNorm/beta/Momentum, mixed_35x35x256a/branch5x5/Conv_1/weights/Momentum, mixed_35x35x256a/branch5x5/Conv_1/BatchNorm/beta/Momentum, mixed_35x35x256a/branch3x3dbl/Conv/weights/Momentum, mixed_35x35x256a/branch3x3dbl/Conv/BatchNorm/beta/Momentum, mixed_35x35x256a/branch3x3dbl/Conv_1/weights/Momentum, mixed_35x35x256a/branch3x3dbl/Conv_1/BatchNorm/beta/Momentum, mixed_35x35x256a/branch3x3dbl/Conv_2/weights/Momentum, mixed_35x35x256a/branch3x3dbl/Conv_2/BatchNorm/beta/Momentum, mixed_35x35x256a/branch_pool/Conv/weights/Momentum, mixed_35x35x256a/branch_pool/Conv/BatchNorm/beta/Momentum, mixed_35x35x288a/branch1x1/Conv/weights/Momentum, mixed_35x35x288a/branch1x1/Conv/BatchNorm/beta/Momentum, mixed_35x35x288a/branch5x5/Conv/weights/Momentum, mixed_35x35x288a/branch5x5/Conv/BatchNorm/beta/Momentum, mixed_35x35x288a/branch5x5/Conv_1/weights/Momentum, mixed_35x35x288a/branch5x5/Conv_1/BatchNorm/beta/Momentum, mixed_35x35x288a/branch3x3dbl/Conv/weights/Momentum, mixed_35x35x288a/branch3x3dbl/Conv/BatchNorm/beta/Momentum, mixed_35x35x288a/branch3x3dbl/Conv_1/weights/Momentum, mixed_35x35x288a/branch3x3dbl/Conv_1/BatchNorm/beta/Momentum, mixed_35x35x288a/branch3x3dbl/Conv_2/weights/Momentum, mixed_35x35x288a/branch3x3dbl/Conv_2/BatchNorm/beta/Momentum, mixed_35x35x288a/branch_pool/Conv/weights/Momentum, mixed_35x35x288a/branch_pool/Conv/BatchNorm/beta/Momentum, mixed_35x35x288b/branch1x1/Conv/weights/Momentum, mixed_35x35x288b/branch1x1/Conv/BatchNorm/beta/Momentum, mixed_35x35x288b/branch5x5/Conv/weights/Momentum, mixed_35x35x288b/branch5x5/Conv/BatchNorm/beta/Momentum, mixed_35x35x288b/branch5x5/Conv_1/weights/Momentum, mixed_35x35x288b/branch5x5/Conv_1/BatchNorm/beta/Momentum, mixed_35x35x288b/branch3x3dbl/Conv/weights/Momentum, mixed_35x35x288b/branch3x3dbl/Conv/BatchNorm/beta/Momentum, mixed_35x35x288b/branch3x3dbl/Conv_1/weights/Momentum, mixed_35x35x288b/branch3x3dbl/Conv_1/BatchNorm/beta/Momentum, mixed_35x35x288b/branch3x3dbl/Conv_2/weights/Momentum, mixed_35x35x288b/branch3x3dbl/Conv_2/BatchNorm/beta/Momentum, mixed_35x35x288b/branch_pool/Conv/weights/Momentum, mixed_35x35x288b/branch_pool/Conv/BatchNorm/beta/Momentum, mixed_17x17x768a/branch3x3/Conv/weights/Momentum, mixed_17x17x768a/branch3x3/Conv/BatchNorm/beta/Momentum, mixed_17x17x768a/branch3x3dbl/Conv/weights/Momentum, mixed_17x17x768a/branch3x3dbl/Conv/BatchNorm/beta/Momentum, mixed_17x17x768a/branch3x3dbl/Conv_1/weights/Momentum, mixed_17x17x768a/branch3x3dbl/Conv_1/BatchNorm/beta/Momentum, mixed_17x17x768a/branch3x3dbl/Conv_2/weights/Momentum, mixed_17x17x768a/branch3x3dbl/Conv_2/BatchNorm/beta/Momentum, mixed_17x17x768b/branch1x1/Conv/weights/Momentum, mixed_17x17x768b/branch1x1/Conv/BatchNorm/beta/Momentum, mixed_17x17x768b/branch7x7/Conv/weights/Momentum, mixed_17x17x768b/branch7x7/Conv/BatchNorm/beta/Momentum, mixed_17x17x768b/branch7x7/Conv_1/weights/Momentum, mixed_17x17x768b/branch7x7/Conv_1/BatchNorm/beta/Momentum, mixed_17x17x768b/branch7x7/Conv_2/weights/Momentum, mixed_17x17x768b/branch7x7/Conv_2/BatchNorm/beta/Momentum, mixed_17x17x768b/branch7x7dbl/Conv/weights/Momentum, mixed_17x17x768b/branch7x7dbl/Conv/BatchNorm/beta/Momentum, mixed_17x17x768b/branch7x7dbl/Conv_1/weights/Momentum, mixed_17x17x768b/branch7x7dbl/Conv_1/BatchNorm/beta/Momentum, mixed_17x17x768b/branch7x7dbl/Conv_2/weights/Momentum, mixed_17x17x768b/branch7x7dbl/Conv_2/BatchNorm/beta/Momentum, mixed_17x17x768b/branch7x7dbl/Conv_3/weights/Momentum, mixed_17x17x768b/branch7x7dbl/Conv_3/BatchNorm/beta/Momentum, mixed_17x17x768b/branch7x7dbl/Conv_4/weights/Momentum, mixed_17x17x768b/branch7x7dbl/Conv_4/BatchNorm/beta/Momentum, mixed_17x17x768b/branch_pool/Conv/weights/Momentum, mixed_17x17x768b/branch_pool/Conv/BatchNorm/beta/Momentum, mixed_17x17x768c/branch1x1/Conv/weights/Momentum, mixed_17x17x768c/branch1x1/Conv/BatchNorm/beta/Momentum, mixed_17x17x768c/branch7x7/Conv/weights/Momentum, mixed_17x17x768c/branch7x7/Conv/BatchNorm/beta/Momentum, mixed_17x17x768c/branch7x7/Conv_1/weights/Momentum, mixed_17x17x768c/branch7x7/Conv_1/BatchNorm/beta/Momentum, mixed_17x17x768c/branch7x7/Conv_2/weights/Momentum, mixed_17x17x768c/branch7x7/Conv_2/BatchNorm/beta/Momentum, mixed_17x17x768c/branch7x7dbl/Conv/weights/Momentum, mixed_17x17x768c/branch7x7dbl/Conv/BatchNorm/beta/Momentum, mixed_17x17x768c/branch7x7dbl/Conv_1/weights/Momentum, mixed_17x17x768c/branch7x7dbl/Conv_1/BatchNorm/beta/Momentum, mixed_17x17x768c/branch7x7dbl/Conv_2/weights/Momentum, mixed_17x17x768c/branch7x7dbl/Conv_2/BatchNorm/beta/Momentum, mixed_17x17x768c/branch7x7dbl/Conv_3/weights/Momentum, mixed_17x17x768c/branch7x7dbl/Conv_3/BatchNorm/beta/Momentum, mixed_17x17x768c/branch7x7dbl/Conv_4/weights/Momentum, mixed_17x17x768c/branch7x7dbl/Conv_4/BatchNorm/beta/Momentum, mixed_17x17x768c/branch_pool/Conv/weights/Momentum, mixed_17x17x768c/branch_pool/Conv/BatchNorm/beta/Momentum, mixed_17x17x768d/branch1x1/Conv/weights/Momentum, mixed_17x17x768d/branch1x1/Conv/BatchNorm/beta/Momentum, mixed_17x17x768d/branch7x7/Conv/weights/Momentum, mixed_17x17x768d/branch7x7/Conv/BatchNorm/beta/Momentum, mixed_17x17x768d/branch7x7/Conv_1/weights/Momentum, mixed_17x17x768d/branch7x7/Conv_1/BatchNorm/beta/Momentum, mixed_17x17x768d/branch7x7/Conv_2/weights/Momentum, mixed_17x17x768d/branch7x7/Conv_2/BatchNorm/beta/Momentum, mixed_17x17x768d/branch7x7dbl/Conv/weights/Momentum, mixed_17x17x768d/branch7x7dbl/Conv/BatchNorm/beta/Momentum, mixed_17x17x768d/branch7x7dbl/Conv_1/weights/Momentum, mixed_17x17x768d/branch7x7dbl/Conv_1/BatchNorm/beta/Momentum, mixed_17x17x768d/branch7x7dbl/Conv_2/weights/Momentum, mixed_17x17x768d/branch7x7dbl/Conv_2/BatchNorm/beta/Momentum, mixed_17x17x768d/branch7x7dbl/Conv_3/weights/Momentum, mixed_17x17x768d/branch7x7dbl/Conv_3/BatchNorm/beta/Momentum, mixed_17x17x768d/branch7x7dbl/Conv_4/weights/Momentum, mixed_17x17x768d/branch7x7dbl/Conv_4/BatchNorm/beta/Momentum, mixed_17x17x768d/branch_pool/Conv/weights/Momentum, mixed_17x17x768d/branch_pool/Conv/BatchNorm/beta/Momentum, mixed_17x17x768e/branch1x1/Conv/weights/Momentum, mixed_17x17x768e/branch1x1/Conv/BatchNorm/beta/Momentum, mixed_17x17x768e/branch7x7/Conv/weights/Momentum, mixed_17x17x768e/branch7x7/Conv/BatchNorm/beta/Momentum, mixed_17x17x768e/branch7x7/Conv_1/weights/Momentum, mixed_17x17x768e/branch7x7/Conv_1/BatchNorm/beta/Momentum, mixed_17x17x768e/branch7x7/Conv_2/weights/Momentum, mixed_17x17x768e/branch7x7/Conv_2/BatchNorm/beta/Momentum, mixed_17x17x768e/branch7x7dbl/Conv/weights/Momentum, mixed_17x17x768e/branch7x7dbl/Conv/BatchNorm/beta/Momentum, mixed_17x17x768e/branch7x7dbl/Conv_1/weights/Momentum, mixed_17x17x768e/branch7x7dbl/Conv_1/BatchNorm/beta/Momentum, mixed_17x17x768e/branch7x7dbl/Conv_2/weights/Momentum, mixed_17x17x768e/branch7x7dbl/Conv_2/BatchNorm/beta/Momentum, mixed_17x17x768e/branch7x7dbl/Conv_3/weights/Momentum, mixed_17x17x768e/branch7x7dbl/Conv_3/BatchNorm/beta/Momentum, mixed_17x17x768e/branch7x7dbl/Conv_4/weights/Momentum, mixed_17x17x768e/branch7x7dbl/Conv_4/BatchNorm/beta/Momentum, mixed_17x17x768e/branch_pool/Conv/weights/Momentum, mixed_17x17x768e/branch_pool/Conv/BatchNorm/beta/Momentum, aux_logits/proj/weights/Momentum, aux_logits/proj/BatchNorm/beta/Momentum, aux_logits/Conv/weights/Momentum, aux_logits/Conv/BatchNorm/beta/Momentum, aux_logits/FC/weights/Momentum, aux_logits/FC/biases/Momentum, mixed_17x17x1280a/branch3x3/Conv/weights/Momentum, mixed_17x17x1280a/branch3x3/Conv/BatchNorm/beta/Momentum, mixed_17x17x1280a/branch3x3/Conv_1/weights/Momentum, mixed_17x17x1280a/branch3x3/Conv_1/BatchNorm/beta/Momentum, mixed_17x17x1280a/branch7x7x3/Conv/weights/Momentum, mixed_17x17x1280a/branch7x7x3/Conv/BatchNorm/beta/Momentum, mixed_17x17x1280a/branch7x7x3/Conv_1/weights/Momentum, mixed_17x17x1280a/branch7x7x3/Conv_1/BatchNorm/beta/Momentum, mixed_17x17x1280a/branch7x7x3/Conv_2/weights/Momentum, mixed_17x17x1280a/branch7x7x3/Conv_2/BatchNorm/beta/Momentum, mixed_17x17x1280a/branch7x7x3/Conv_3/weights/Momentum, mixed_17x17x1280a/branch7x7x3/Conv_3/BatchNorm/beta/Momentum, mixed_8x8x2048a/branch1x1/Conv/weights/Momentum, mixed_8x8x2048a/branch1x1/Conv/BatchNorm/beta/Momentum, mixed_8x8x2048a/branch3x3/Conv/weights/Momentum, mixed_8x8x2048a/branch3x3/Conv/BatchNorm/beta/Momentum, mixed_8x8x2048a/branch3x3/Conv_1/weights/Momentum, mixed_8x8x2048a/branch3x3/Conv_1/BatchNorm/beta/Momentum, mixed_8x8x2048a/branch3x3/Conv_2/weights/Momentum, mixed_8x8x2048a/branch3x3/Conv_2/BatchNorm/beta/Momentum, mixed_8x8x2048a/branch3x3dbl/Conv/weights/Momentum, mixed_8x8x2048a/branch3x3dbl/Conv/BatchNorm/beta/Momentum, mixed_8x8x2048a/branch3x3dbl/Conv_1/weights/Momentum, mixed_8x8x2048a/branch3x3dbl/Conv_1/BatchNorm/beta/Momentum, mixed_8x8x2048a/branch3x3dbl/Conv_2/weights/Momentum, mixed_8x8x2048a/branch3x3dbl/Conv_2/BatchNorm/beta/Momentum, mixed_8x8x2048a/branch3x3dbl/Conv_3/weights/Momentum, mixed_8x8x2048a/branch3x3dbl/Conv_3/BatchNorm/beta/Momentum, mixed_8x8x2048a/branch_pool/Conv/weights/Momentum, mixed_8x8x2048a/branch_pool/Conv/BatchNorm/beta/Momentum, mixed_8x8x2048b/branch1x1/Conv/weights/Momentum, mixed_8x8x2048b/branch1x1/Conv/BatchNorm/beta/Momentum, mixed_8x8x2048b/branch3x3/Conv/weights/Momentum, mixed_8x8x2048b/branch3x3/Conv/BatchNorm/beta/Momentum, mixed_8x8x2048b/branch3x3/Conv_1/weights/Momentum, mixed_8x8x2048b/branch3x3/Conv_1/BatchNorm/beta/Momentum, mixed_8x8x2048b/branch3x3/Conv_2/weights/Momentum, mixed_8x8x2048b/branch3x3/Conv_2/BatchNorm/beta/Momentum, mixed_8x8x2048b/branch3x3dbl/Conv/weights/Momentum, mixed_8x8x2048b/branch3x3dbl/Conv/BatchNorm/beta/Momentum, mixed_8x8x2048b/branch3x3dbl/Conv_1/weights/Momentum, mixed_8x8x2048b/branch3x3dbl/Conv_1/BatchNorm/beta/Momentum, mixed_8x8x2048b/branch3x3dbl/Conv_2/weights/Momentum, mixed_8x8x2048b/branch3x3dbl/Conv_2/BatchNorm/beta/Momentum, mixed_8x8x2048b/branch3x3dbl/Conv_3/weights/Momentum, mixed_8x8x2048b/branch3x3dbl/Conv_3/BatchNorm/beta/Momentum, mixed_8x8x2048b/branch_pool/Conv/weights/Momentum, mixed_8x8x2048b/branch_pool/Conv/BatchNorm/beta/Momentum, logits/logits/weights/Momentum, logits/logits/biases/Momentum
INFO:tensorflow:got sessions! 2016-07-26 23:31:10.994702 
INFO:tensorflow:Started 3 queues for processing input data.
INFO:tensorflow:Step: 411, Loss: 6.275700, time: 12.791 sec/batch
INFO:tensorflow:Step: 420, Loss: 4.979723, time: 11.181 sec/batch
INFO:tensorflow:Step: 432, Loss: 5.292024, time: 10.241 sec/batch
INFO:tensorflow:Step: 443, Loss: 5.123831, time: 10.417 sec/batch
INFO:tensorflow:Step: 457, Loss: 5.567944, time: 10.683 sec/batch
INFO:tensorflow:Step: 470, Loss: 5.358000, time: 9.575 sec/batch
INFO:tensorflow:Step: 482, Loss: 5.770453, time: 9.172 sec/batch
INFO:tensorflow:Step: 494, Loss: 5.110153, time: 11.757 sec/batch
INFO:tensorflow:Step: 509, Loss: 5.713899, time: 10.571 sec/batch
INFO:tensorflow:Step: 521, Loss: 5.801189, time: 9.482 sec/batch
INFO:tensorflow:Step: 534, Loss: 5.500957, time: 10.227 sec/batch
INFO:tensorflow:Step: 546, Loss: 5.054591, time: 9.521 sec/batch
INFO:tensorflow:Step: 558, Loss: 5.447163, time: 7.275 sec/batch
INFO:tensorflow:Step: 568, Loss: 5.388400, time: 11.310 sec/batch
INFO:tensorflow:Step: 581, Loss: 5.304776, time: 10.336 sec/batch
INFO:tensorflow:Step: 594, Loss: 5.757571, time: 11.740 sec/batch
INFO:tensorflow:Step: 608, Loss: 5.178010, time: 9.679 sec/batch
INFO:tensorflow:Step: 620, Loss: 5.295073, time: 8.357 sec/batch
INFO:tensorflow:Step: 631, Loss: 5.248530, time: 8.880 sec/batch
INFO:tensorflow:Step: 642, Loss: 5.491696, time: 8.809 sec/batch
INFO:tensorflow:Step: 655, Loss: 4.976630, time: 11.041 sec/batch
INFO:tensorflow:Step: 666, Loss: 5.792600, time: 10.047 sec/batch
INFO:tensorflow:Step: 680, Loss: 5.142888, time: 11.147 sec/batch
INFO:tensorflow:Step: 693, Loss: 5.374928, time: 10.259 sec/batch
INFO:tensorflow:Step: 707, Loss: 5.436020, time: 9.633 sec/batch
INFO:tensorflow:Step: 720, Loss: 6.077569, time: 8.895 sec/batch
INFO:tensorflow:Step: 730, Loss: 5.494749, time: 10.994 sec/batch
INFO:tensorflow:Step: 746, Loss: 4.931213, time: 11.484 sec/batch
INFO:tensorflow:Step: 759, Loss: 5.851020, time: 8.579 sec/batch
INFO:tensorflow:Step: 769, Loss: 5.060163, time: 10.573 sec/batch
INFO:tensorflow:Step: 783, Loss: 5.091876, time: 7.707 sec/batch
INFO:tensorflow:Step: 795, Loss: 5.336552, time: 10.068 sec/batch
INFO:tensorflow:Step: 805, Loss: 5.400489, time: 9.013 sec/batch
INFO:tensorflow:Step: 818, Loss: 5.681195, time: 9.993 sec/batch
INFO:tensorflow:Step: 831, Loss: 5.306156, time: 12.548 sec/batch
INFO:tensorflow:Step: 848, Loss: 5.473527, time: 9.275 sec/batch
INFO:tensorflow:Step: 860, Loss: 5.311450, time: 12.812 sec/batch
INFO:tensorflow:Step: 874, Loss: 5.093638, time: 10.369 sec/batch
INFO:tensorflow:Step: 888, Loss: 4.975092, time: 9.890 sec/batch
INFO:tensorflow:Step: 901, Loss: 5.181674, time: 11.661 sec/batch
INFO:tensorflow:Step: 915, Loss: 4.981807, time: 10.179 sec/batch
INFO:tensorflow:Step: 927, Loss: 5.099848, time: 8.277 sec/batch
INFO:tensorflow:Step: 938, Loss: 5.530159, time: 9.768 sec/batch
INFO:tensorflow:Step: 950, Loss: 5.127201, time: 8.599 sec/batch
INFO:tensorflow:Step: 960, Loss: 5.293187, time: 8.621 sec/batch
INFO:tensorflow:Step: 972, Loss: 5.301364, time: 10.121 sec/batch
INFO:tensorflow:Step: 985, Loss: 5.306889, time: 10.700 sec/batch
INFO:tensorflow:Step: 998, Loss: 5.322601, time: 10.729 sec/batch
INFO:tensorflow:Step: 1011, Loss: 4.998784, time: 11.942 sec/batch
INFO:tensorflow:Step: 1027, Loss: 5.143889, time: 11.101 sec/batch
INFO:tensorflow:Step: 1040, Loss: 5.278455, time: 11.000 sec/batch
INFO:tensorflow:Step: 1054, Loss: 5.504482, time: 10.413 sec/batch
INFO:tensorflow:Step: 1067, Loss: 5.077726, time: 10.841 sec/batch
INFO:tensorflow:Step: 1082, Loss: 5.352653, time: 11.534 sec/batch
INFO:tensorflow:Step: 1096, Loss: 5.728456, time: 8.905 sec/batch
INFO:tensorflow:Step: 1107, Loss: 5.147866, time: 7.678 sec/batch
INFO:tensorflow:Step: 1117, Loss: 5.541740, time: 10.175 sec/batch
INFO:tensorflow:Step: 1131, Loss: 5.238539, time: 10.216 sec/batch
INFO:tensorflow:Step: 1143, Loss: 4.775533, time: 9.965 sec/batch
INFO:tensorflow:Step: 1156, Loss: 5.112192, time: 10.041 sec/batch
INFO:tensorflow:Step: 1170, Loss: 5.167782, time: 9.619 sec/batch
INFO:tensorflow:Step: 1182, Loss: 5.086187, time: 11.671 sec/batch
INFO:tensorflow:Step: 1197, Loss: 5.736711, time: 11.058 sec/batch
INFO:tensorflow:Step: 1212, Loss: 4.990875, time: 12.901 sec/batch
INFO:tensorflow:Step: 1226, Loss: 5.236073, time: 11.275 sec/batch
INFO:tensorflow:Step: 1240, Loss: 5.187198, time: 12.349 sec/batch
INFO:tensorflow:Step: 1256, Loss: 5.458626, time: 12.604 sec/batch
INFO:tensorflow:Step: 1271, Loss: 5.752777, time: 10.106 sec/batch
INFO:tensorflow:Step: 1285, Loss: 5.012902, time: 9.294 sec/batch
INFO:tensorflow:Step: 1295, Loss: 5.455947, time: 10.950 sec/batch
INFO:tensorflow:Step: 1309, Loss: 5.448269, time: 9.361 sec/batch
INFO:tensorflow:Step: 1321, Loss: 5.080050, time: 7.525 sec/batch
INFO:tensorflow:Step: 1332, Loss: 5.047373, time: 8.959 sec/batch
INFO:tensorflow:Step: 1343, Loss: 5.186265, time: 11.847 sec/batch
INFO:tensorflow:Step: 1357, Loss: 5.215354, time: 9.603 sec/batch
INFO:tensorflow:Step: 1369, Loss: 5.624300, time: 10.084 sec/batch
INFO:tensorflow:Step: 1380, Loss: 4.895891, time: 9.926 sec/batch
INFO:tensorflow:Step: 1395, Loss: 5.210520, time: 9.968 sec/batch
INFO:tensorflow:Step: 1406, Loss: 5.470310, time: 9.743 sec/batch
INFO:tensorflow:Step: 1416, Loss: 4.844210, time: 9.760 sec/batch
INFO:tensorflow:Step: 1430, Loss: 5.141962, time: 9.047 sec/batch
INFO:tensorflow:Step: 1440, Loss: 5.187555, time: 8.580 sec/batch
INFO:tensorflow:Step: 1452, Loss: 5.413571, time: 10.455 sec/batch
INFO:tensorflow:Step: 1465, Loss: 5.495530, time: 11.476 sec/batch
INFO:tensorflow:Step: 1479, Loss: 5.411376, time: 11.290 sec/batch
INFO:tensorflow:Step: 1494, Loss: 5.483727, time: 10.666 sec/batch
INFO:tensorflow:Step: 1508, Loss: 5.118162, time: 9.782 sec/batch
INFO:tensorflow:Step: 1520, Loss: 5.448080, time: 12.603 sec/batch
INFO:tensorflow:Step: 1537, Loss: 5.402917, time: 9.480 sec/batch
INFO:tensorflow:Step: 1550, Loss: 5.019177, time: 10.636 sec/batch
INFO:tensorflow:Step: 1564, Loss: 5.213369, time: 11.936 sec/batch
INFO:tensorflow:Step: 1578, Loss: 5.188929, time: 8.736 sec/batch
INFO:tensorflow:Step: 1590, Loss: 5.313040, time: 9.823 sec/batch
INFO:tensorflow:Step: 1602, Loss: 4.978393, time: 7.888 sec/batch
INFO:tensorflow:Step: 1614, Loss: 5.241984, time: 9.322 sec/batch
INFO:tensorflow:Step: 1626, Loss: 5.045702, time: 8.756 sec/batch
INFO:tensorflow:Step: 1636, Loss: 5.368955, time: 10.241 sec/batch
INFO:tensorflow:Step: 1651, Loss: 5.567435, time: 6.458 sec/batch
INFO:tensorflow:Step: 1660, Loss: 5.497053, time: 9.490 sec/batch
INFO:tensorflow:Step: 1672, Loss: 4.806928, time: 10.918 sec/batch
INFO:tensorflow:Step: 1687, Loss: 5.205709, time: 13.351 sec/batch
INFO:tensorflow:Step: 1703, Loss: 5.366630, time: 9.548 sec/batch
INFO:tensorflow:Step: 1716, Loss: 5.243381, time: 10.822 sec/batch
INFO:tensorflow:Step: 1731, Loss: 5.400830, time: 9.387 sec/batch
INFO:tensorflow:Step: 1742, Loss: 5.292788, time: 7.743 sec/batch
INFO:tensorflow:Step: 1752, Loss: 4.927604, time: 9.698 sec/batch
INFO:tensorflow:Step: 1765, Loss: 5.512802, time: 8.481 sec/batch
INFO:tensorflow:Step: 1777, Loss: 5.037528, time: 11.304 sec/batch
INFO:tensorflow:Step: 1791, Loss: 5.118505, time: 9.894 sec/batch
INFO:tensorflow:Step: 1804, Loss: 5.294081, time: 10.119 sec/batch
INFO:tensorflow:Step: 1817, Loss: 5.565676, time: 9.738 sec/batch
INFO:tensorflow:Step: 1829, Loss: 5.048732, time: 8.686 sec/batch
INFO:tensorflow:Step: 1842, Loss: 5.172736, time: 10.123 sec/batch
INFO:tensorflow:Step: 1855, Loss: 5.858057, time: 9.927 sec/batch
INFO:tensorflow:Step: 1866, Loss: 5.108748, time: 13.253 sec/batch
INFO:tensorflow:Step: 1882, Loss: 5.068524, time: 12.407 sec/batch
INFO:tensorflow:Step: 1899, Loss: 5.597132, time: 9.240 sec/batch
INFO:tensorflow:Step: 1909, Loss: 5.205832, time: 9.211 sec/batch
INFO:tensorflow:Step: 1922, Loss: 4.980295, time: 8.643 sec/batch
INFO:tensorflow:Step: 1933, Loss: 5.378271, time: 7.892 sec/batch
INFO:tensorflow:Step: 1946, Loss: 5.155090, time: 10.374 sec/batch
INFO:tensorflow:Step: 1959, Loss: 5.073197, time: 7.195 sec/batch
INFO:tensorflow:Step: 1968, Loss: 5.334402, time: 8.575 sec/batch
INFO:tensorflow:Step: 1980, Loss: 4.750702, time: 11.464 sec/batch
INFO:tensorflow:Step: 1994, Loss: 6.015500, time: 8.712 sec/batch
INFO:tensorflow:Step: 2006, Loss: 5.302427, time: 9.512 sec/batch
INFO:tensorflow:Step: 2019, Loss: 4.953340, time: 8.098 sec/batch
INFO:tensorflow:Step: 2030, Loss: 4.959699, time: 9.388 sec/batch
INFO:tensorflow:Step: 2041, Loss: 4.826552, time: 9.514 sec/batch
INFO:tensorflow:Step: 2055, Loss: 5.396892, time: 9.259 sec/batch
INFO:tensorflow:Step: 2067, Loss: 4.983040, time: 8.136 sec/batch
INFO:tensorflow:Step: 2077, Loss: 5.158095, time: 9.596 sec/batch
INFO:tensorflow:Step: 2091, Loss: 4.812537, time: 8.849 sec/batch
INFO:tensorflow:Step: 2102, Loss: 5.599690, time: 8.535 sec/batch
INFO:tensorflow:Step: 2114, Loss: 5.103647, time: 9.032 sec/batch
INFO:tensorflow:Step: 2126, Loss: 5.287987, time: 9.854 sec/batch
INFO:tensorflow:Step: 2140, Loss: 5.115279, time: 12.148 sec/batch
INFO:tensorflow:Step: 2155, Loss: 4.786409, time: 7.869 sec/batch
INFO:tensorflow:Step: 2167, Loss: 5.927797, time: 10.165 sec/batch
INFO:tensorflow:Step: 2179, Loss: 5.662814, time: 10.326 sec/batch
INFO:tensorflow:Step: 2193, Loss: 5.381949, time: 10.293 sec/batch
INFO:tensorflow:Step: 2204, Loss: 5.084260, time: 9.659 sec/batch
INFO:tensorflow:Step: 2218, Loss: 5.222301, time: 9.289 sec/batch
INFO:tensorflow:Step: 2230, Loss: 4.847863, time: 10.704 sec/batch
INFO:tensorflow:Step: 2244, Loss: 5.108964, time: 8.653 sec/batch
INFO:tensorflow:Step: 2256, Loss: 4.922636, time: 8.700 sec/batch
INFO:tensorflow:Step: 2269, Loss: 4.896280, time: 8.983 sec/batch
INFO:tensorflow:Step: 2280, Loss: 5.197369, time: 9.703 sec/batch
INFO:tensorflow:Step: 2294, Loss: 5.765293, time: 11.504 sec/batch
INFO:tensorflow:Step: 2308, Loss: 5.036645, time: 10.219 sec/batch
INFO:tensorflow:Step: 2319, Loss: 5.459204, time: 8.997 sec/batch
INFO:tensorflow:Step: 2332, Loss: 4.934583, time: 11.370 sec/batch
INFO:tensorflow:Step: 2345, Loss: 5.020453, time: 10.775 sec/batch
INFO:tensorflow:Step: 2360, Loss: 5.383620, time: 9.280 sec/batch
INFO:tensorflow:Step: 2372, Loss: 5.100242, time: 9.822 sec/batch
INFO:tensorflow:Step: 2384, Loss: 5.447796, time: 11.406 sec/batch
INFO:tensorflow:Step: 2399, Loss: 4.954970, time: 9.866 sec/batch
INFO:tensorflow:Step: 2412, Loss: 4.906762, time: 11.464 sec/batch
INFO:tensorflow:Step: 2426, Loss: 5.048413, time: 9.243 sec/batch
INFO:tensorflow:Step: 2438, Loss: 5.061887, time: 7.787 sec/batch
INFO:tensorflow:Step: 2448, Loss: 5.402999, time: 10.033 sec/batch
INFO:tensorflow:Step: 2462, Loss: 5.031446, time: 8.014 sec/batch
INFO:tensorflow:Step: 2474, Loss: 5.485095, time: 8.971 sec/batch
INFO:tensorflow:Step: 2485, Loss: 5.089283, time: 8.744 sec/batch
INFO:tensorflow:Step: 2498, Loss: 5.248409, time: 10.235 sec/batch
INFO:tensorflow:Step: 2512, Loss: 5.325863, time: 10.070 sec/batch
INFO:tensorflow:Step: 2525, Loss: 5.273456, time: 9.359 sec/batch
INFO:tensorflow:Step: 2536, Loss: 5.167963, time: 8.259 sec/batch
INFO:tensorflow:Step: 2548, Loss: 4.971220, time: 9.520 sec/batch
INFO:tensorflow:Step: 2562, Loss: 5.283292, time: 12.394 sec/batch
INFO:tensorflow:Step: 2577, Loss: 4.958588, time: 10.128 sec/batch
INFO:tensorflow:Step: 2591, Loss: 5.305203, time: 6.912 sec/batch
INFO:tensorflow:Step: 2600, Loss: 5.351892, time: 9.593 sec/batch
INFO:tensorflow:Step: 2613, Loss: 5.122239, time: 10.118 sec/batch
INFO:tensorflow:Step: 2626, Loss: 4.892365, time: 9.243 sec/batch
INFO:tensorflow:Step: 2634, Loss: 4.948404, time: 8.157 sec/batch
INFO:tensorflow:Step: 2646, Loss: 4.953008, time: 10.196 sec/batch
INFO:tensorflow:Step: 2660, Loss: 5.594281, time: 10.978 sec/batch
INFO:tensorflow:Step: 2673, Loss: 5.535653, time: 8.208 sec/batch
INFO:tensorflow:Step: 2685, Loss: 4.970616, time: 12.082 sec/batch
INFO:tensorflow:Step: 2700, Loss: 5.449467, time: 10.071 sec/batch
INFO:tensorflow:Step: 2713, Loss: 5.563360, time: 9.238 sec/batch
INFO:tensorflow:Step: 2726, Loss: 5.199048, time: 9.005 sec/batch
INFO:tensorflow:Step: 2738, Loss: 4.998714, time: 10.013 sec/batch
INFO:tensorflow:Step: 2748, Loss: 5.154167, time: 9.029 sec/batch
INFO:tensorflow:Step: 2762, Loss: 4.901047, time: 8.307 sec/batch
INFO:tensorflow:Step: 2773, Loss: 4.833206, time: 10.565 sec/batch
INFO:tensorflow:Step: 2787, Loss: 5.187699, time: 9.770 sec/batch
INFO:tensorflow:Step: 2799, Loss: 4.868173, time: 10.096 sec/batch
INFO:tensorflow:Step: 2813, Loss: 5.320288, time: 10.181 sec/batch
INFO:tensorflow:Step: 2825, Loss: 5.116306, time: 9.421 sec/batch
INFO:tensorflow:Step: 2839, Loss: 5.232884, time: 8.303 sec/batch
INFO:tensorflow:Step: 2849, Loss: 4.877860, time: 7.089 sec/batch
INFO:tensorflow:Step: 2859, Loss: 5.250113, time: 8.813 sec/batch
INFO:tensorflow:Step: 2871, Loss: 5.034823, time: 9.511 sec/batch
INFO:tensorflow:Step: 2884, Loss: 4.962389, time: 8.589 sec/batch
INFO:tensorflow:Step: 2896, Loss: 4.989191, time: 6.769 sec/batch
INFO:tensorflow:Step: 2905, Loss: 5.195143, time: 10.041 sec/batch
INFO:tensorflow:Step: 2919, Loss: 5.044190, time: 8.550 sec/batch
INFO:tensorflow:Step: 2931, Loss: 5.080544, time: 9.233 sec/batch
INFO:tensorflow:Step: 2943, Loss: 5.055111, time: 10.071 sec/batch
INFO:tensorflow:Step: 2955, Loss: 5.704856, time: 9.232 sec/batch
INFO:tensorflow:Step: 2968, Loss: 5.371367, time: 8.781 sec/batch
INFO:tensorflow:Step: 2981, Loss: 5.068310, time: 10.866 sec/batch
INFO:tensorflow:Step: 2995, Loss: 5.138289, time: 10.603 sec/batch
INFO:tensorflow:Step: 3009, Loss: 4.732419, time: 8.964 sec/batch
INFO:tensorflow:Step: 3021, Loss: 5.272780, time: 6.727 sec/batch
INFO:tensorflow:Step: 3030, Loss: 5.216158, time: 9.740 sec/batch
INFO:tensorflow:Step: 3043, Loss: 5.309073, time: 9.084 sec/batch
INFO:tensorflow:Step: 3054, Loss: 4.981935, time: 8.529 sec/batch
INFO:tensorflow:Step: 3066, Loss: 5.001403, time: 11.131 sec/batch
INFO:tensorflow:Step: 3082, Loss: 5.219257, time: 9.589 sec/batch
INFO:tensorflow:Step: 3093, Loss: 4.898463, time: 10.090 sec/batch
INFO:tensorflow:Step: 3106, Loss: 5.424880, time: 7.807 sec/batch
INFO:tensorflow:Step: 3118, Loss: 5.406952, time: 10.319 sec/batch
INFO:tensorflow:Step: 3129, Loss: 5.094882, time: 7.268 sec/batch
INFO:tensorflow:Step: 3140, Loss: 4.917812, time: 8.254 sec/batch
INFO:tensorflow:Step: 3150, Loss: 5.377671, time: 8.418 sec/batch
INFO:tensorflow:Step: 3162, Loss: 4.635742, time: 11.538 sec/batch
INFO:tensorflow:Step: 3175, Loss: 5.160749, time: 10.049 sec/batch
INFO:tensorflow:Step: 3189, Loss: 4.905396, time: 8.497 sec/batch
INFO:tensorflow:Step: 3200, Loss: 5.561779, time: 9.994 sec/batch
INFO:tensorflow:Step: 3214, Loss: 5.180280, time: 11.731 sec/batch
INFO:tensorflow:Step: 3228, Loss: 5.081800, time: 10.139 sec/batch
INFO:tensorflow:Step: 3243, Loss: 4.962327, time: 8.904 sec/batch
INFO:tensorflow:Step: 3254, Loss: 5.050679, time: 9.085 sec/batch
INFO:tensorflow:Step: 3267, Loss: 5.108544, time: 8.487 sec/batch
INFO:tensorflow:Step: 3278, Loss: 5.109408, time: 8.299 sec/batch
INFO:tensorflow:Step: 3290, Loss: 4.991712, time: 8.094 sec/batch
INFO:tensorflow:Step: 3301, Loss: 5.189466, time: 8.737 sec/batch
INFO:tensorflow:Step: 3313, Loss: 5.090887, time: 11.972 sec/batch
INFO:tensorflow:Step: 3330, Loss: 5.382137, time: 8.208 sec/batch
INFO:tensorflow:Step: 3340, Loss: 5.351071, time: 8.459 sec/batch
INFO:tensorflow:Step: 3352, Loss: 4.762775, time: 9.025 sec/batch
INFO:tensorflow:Step: 3365, Loss: 5.206675, time: 9.112 sec/batch
INFO:tensorflow:Step: 3377, Loss: 4.985825, time: 9.474 sec/batch
INFO:tensorflow:Step: 3391, Loss: 4.854177, time: 11.344 sec/batch
INFO:tensorflow:Step: 3404, Loss: 4.990156, time: 9.021 sec/batch
INFO:tensorflow:Step: 3416, Loss: 5.194688, time: 11.418 sec/batch
INFO:tensorflow:Step: 3429, Loss: 5.123042, time: 9.626 sec/batch
INFO:tensorflow:Step: 3445, Loss: 5.837523, time: 10.700 sec/batch
INFO:tensorflow:Step: 3458, Loss: 5.244246, time: 10.056 sec/batch
INFO:tensorflow:Step: 3470, Loss: 5.182158, time: 9.128 sec/batch
INFO:tensorflow:Step: 3483, Loss: 5.110430, time: 7.282 sec/batch
INFO:tensorflow:Step: 3492, Loss: 5.001902, time: 8.078 sec/batch
INFO:tensorflow:Step: 3504, Loss: 5.405332, time: 8.614 sec/batch
INFO:tensorflow:Step: 3516, Loss: 4.952456, time: 9.471 sec/batch
INFO:tensorflow:Step: 3528, Loss: 5.132001, time: 9.459 sec/batch
INFO:tensorflow:Step: 3541, Loss: 4.854776, time: 9.259 sec/batch
INFO:tensorflow:Step: 3554, Loss: 5.272079, time: 9.955 sec/batch
INFO:tensorflow:Step: 3565, Loss: 5.075783, time: 10.546 sec/batch
INFO:tensorflow:Step: 3580, Loss: 4.954594, time: 12.376 sec/batch
INFO:tensorflow:Step: 3597, Loss: 5.152736, time: 10.135 sec/batch
INFO:tensorflow:Step: 3612, Loss: 5.298570, time: 11.230 sec/batch
INFO:tensorflow:Step: 3623, Loss: 4.692740, time: 10.361 sec/batch
INFO:tensorflow:Step: 3637, Loss: 4.795844, time: 7.783 sec/batch
INFO:tensorflow:Step: 3648, Loss: 5.146710, time: 7.498 sec/batch
INFO:tensorflow:Step: 3658, Loss: 5.264332, time: 7.344 sec/batch
INFO:tensorflow:Step: 3669, Loss: 5.170433, time: 9.289 sec/batch
INFO:tensorflow:Step: 3681, Loss: 5.095884, time: 9.405 sec/batch
INFO:tensorflow:Step: 3693, Loss: 5.666806, time: 11.556 sec/batch
INFO:tensorflow:Step: 3709, Loss: 6.251642, time: 9.021 sec/batch
INFO:tensorflow:Step: 3720, Loss: 5.087438, time: 9.470 sec/batch
INFO:tensorflow:Step: 3734, Loss: 4.601729, time: 8.619 sec/batch
INFO:tensorflow:Step: 3746, Loss: 4.986339, time: 10.868 sec/batch
INFO:tensorflow:Step: 3760, Loss: 4.815107, time: 8.813 sec/batch
INFO:tensorflow:Step: 3770, Loss: 5.041369, time: 7.749 sec/batch
INFO:tensorflow:Step: 3781, Loss: 4.528214, time: 9.316 sec/batch
INFO:tensorflow:Step: 3795, Loss: 4.869792, time: 10.213 sec/batch
INFO:tensorflow:Step: 3809, Loss: 4.836284, time: 11.572 sec/batch
run-expr-32node.sh: line 23: 89639 Terminated              CUDA_VISIBLE_DEVICES='' bazel-bin/inception/imagenet_distributed_train --batch_size=16 --data_dir=/lfs/local/0/daniter/16node-data-$2 --job_name='worker' --task_id=$2 --ps_hosts='raiders1:2200' --worker_hosts='raiders1:2201,raiders1:2202,raiders1:2203,raiders1:2204,raiders2:2205,raiders2:2206,raiders2:2207,raiders2:2208,raiders3:2209,raiders3:2210,raiders3:2211,raiders3:2212,raiders8:2213,raiders8:2214,raiders8:2215,raiders8:2216' --initial_learning_rate=$3 --momentum=$4 --sync=True --compute_groups=$5
