DISPLAY "(null)" invalid; disabling X11 forwarding
INFO:tensorflow:PS hosts are: ['raiders1:2200']
INFO:tensorflow:Worker hosts are: ['raiders1:2201', 'raiders1:2202', 'raiders1:2203', 'raiders1:2204', 'raiders2:2205', 'raiders2:2206', 'raiders2:2207', 'raiders2:2208', 'raiders3:2209', 'raiders3:2210', 'raiders3:2211', 'raiders3:2212', 'raiders8:2213', 'raiders8:2214', 'raiders8:2215', 'raiders8:2216']
I tensorflow/core/distributed_runtime/rpc/grpc_channel.cc:206] Initialize HostPortsGrpcChannelCache for job ps -> {raiders1:2200}
I tensorflow/core/distributed_runtime/rpc/grpc_channel.cc:206] Initialize HostPortsGrpcChannelCache for job worker -> {raiders1:2201, raiders1:2202, raiders1:2203, raiders1:2204, raiders2:2205, raiders2:2206, raiders2:2207, raiders2:2208, raiders3:2209, raiders3:2210, raiders3:2211, raiders3:2212, raiders8:2213, localhost:2214, raiders8:2215, raiders8:2216}
I tensorflow/core/distributed_runtime/rpc/grpc_server_lib.cc:202] Started server with target: grpc://localhost:2214
INFO:tensorflow:Learning rate: 0.005000, momentum: 0.300000
INFO:tensorflow:2016-07-26 23:30:25.791001 Supervisor
INFO:tensorflow:Waiting for model to be ready: Variables not initialized: global_step, conv0/weights, conv0/BatchNorm/beta, conv0/BatchNorm/moving_mean, conv0/BatchNorm/moving_variance, conv1/weights, conv1/BatchNorm/beta, conv1/BatchNorm/moving_mean, conv1/BatchNorm/moving_variance, conv2/weights, conv2/BatchNorm/beta, conv2/BatchNorm/moving_mean, conv2/BatchNorm/moving_variance, conv3/weights, conv3/BatchNorm/beta, conv3/BatchNorm/moving_mean, conv3/BatchNorm/moving_variance, conv4/weights, conv4/BatchNorm/beta, conv4/BatchNorm/moving_mean, conv4/BatchNorm/moving_variance, mixed_35x35x256a/branch1x1/Conv/weights, mixed_35x35x256a/branch1x1/Conv/BatchNorm/beta, mixed_35x35x256a/branch1x1/Conv/BatchNorm/moving_mean, mixed_35x35x256a/branch1x1/Conv/BatchNorm/moving_variance, mixed_35x35x256a/branch5x5/Conv/weights, mixed_35x35x256a/branch5x5/Conv/BatchNorm/beta, mixed_35x35x256a/branch5x5/Conv/BatchNorm/moving_mean, mixed_35x35x256a/branch5x5/Conv/BatchNorm/moving_variance, mixed_35x35x256a/branch5x5/Conv_1/weights, mixed_35x35x256a/branch5x5/Conv_1/BatchNorm/beta, mixed_35x35x256a/branch5x5/Conv_1/BatchNorm/moving_mean, mixed_35x35x256a/branch5x5/Conv_1/BatchNorm/moving_variance, mixed_35x35x256a/branch3x3dbl/Conv/weights, mixed_35x35x256a/branch3x3dbl/Conv/BatchNorm/beta, mixed_35x35x256a/branch3x3dbl/Conv/BatchNorm/moving_mean, mixed_35x35x256a/branch3x3dbl/Conv/BatchNorm/moving_variance, mixed_35x35x256a/branch3x3dbl/Conv_1/weights, mixed_35x35x256a/branch3x3dbl/Conv_1/BatchNorm/beta, mixed_35x35x256a/branch3x3dbl/Conv_1/BatchNorm/moving_mean, mixed_35x35x256a/branch3x3dbl/Conv_1/BatchNorm/moving_variance, mixed_35x35x256a/branch3x3dbl/Conv_2/weights, mixed_35x35x256a/branch3x3dbl/Conv_2/BatchNorm/beta, mixed_35x35x256a/branch3x3dbl/Conv_2/BatchNorm/moving_mean, mixed_35x35x256a/branch3x3dbl/Conv_2/BatchNorm/moving_variance, mixed_35x35x256a/branch_pool/Conv/weights, mixed_35x35x256a/branch_pool/Conv/BatchNorm/beta, mixed_35x35x256a/branch_pool/Conv/BatchNorm/moving_mean, mixed_35x35x256a/branch_pool/Conv/BatchNorm/moving_variance, mixed_35x35x288a/branch1x1/Conv/weights, mixed_35x35x288a/branch1x1/Conv/BatchNorm/beta, mixed_35x35x288a/branch1x1/Conv/BatchNorm/moving_mean, mixed_35x35x288a/branch1x1/Conv/BatchNorm/moving_variance, mixed_35x35x288a/branch5x5/Conv/weights, mixed_35x35x288a/branch5x5/Conv/BatchNorm/beta, mixed_35x35x288a/branch5x5/Conv/BatchNorm/moving_mean, mixed_35x35x288a/branch5x5/Conv/BatchNorm/moving_variance, mixed_35x35x288a/branch5x5/Conv_1/weights, mixed_35x35x288a/branch5x5/Conv_1/BatchNorm/beta, mixed_35x35x288a/branch5x5/Conv_1/BatchNorm/moving_mean, mixed_35x35x288a/branch5x5/Conv_1/BatchNorm/moving_variance, mixed_35x35x288a/branch3x3dbl/Conv/weights, mixed_35x35x288a/branch3x3dbl/Conv/BatchNorm/beta, mixed_35x35x288a/branch3x3dbl/Conv/BatchNorm/moving_mean, mixed_35x35x288a/branch3x3dbl/Conv/BatchNorm/moving_variance, mixed_35x35x288a/branch3x3dbl/Conv_1/weights, mixed_35x35x288a/branch3x3dbl/Conv_1/BatchNorm/beta, mixed_35x35x288a/branch3x3dbl/Conv_1/BatchNorm/moving_mean, mixed_35x35x288a/branch3x3dbl/Conv_1/BatchNorm/moving_variance, mixed_35x35x288a/branch3x3dbl/Conv_2/weights, mixed_35x35x288a/branch3x3dbl/Conv_2/BatchNorm/beta, mixed_35x35x288a/branch3x3dbl/Conv_2/BatchNorm/moving_mean, mixed_35x35x288a/branch3x3dbl/Conv_2/BatchNorm/moving_variance, mixed_35x35x288a/branch_pool/Conv/weights, mixed_35x35x288a/branch_pool/Conv/BatchNorm/beta, mixed_35x35x288a/branch_pool/Conv/BatchNorm/moving_mean, mixed_35x35x288a/branch_pool/Conv/BatchNorm/moving_variance, mixed_35x35x288b/branch1x1/Conv/weights, mixed_35x35x288b/branch1x1/Conv/BatchNorm/beta, mixed_35x35x288b/branch1x1/Conv/BatchNorm/moving_mean, mixed_35x35x288b/branch1x1/Conv/BatchNorm/moving_variance, mixed_35x35x288b/branch5x5/Conv/weights, mixed_35x35x288b/branch5x5/Conv/BatchNorm/beta, mixed_35x35x288b/branch5x5/Conv/BatchNorm/moving_mean, mixed_35x35x288b/branch5x5/Conv/BatchNorm/moving_variance, mixed_35x35x288b/branch5x5/Conv_1/weights, mixed_35x35x288b/branch5x5/Conv_1/BatchNorm/beta, mixed_35x35x288b/branch5x5/Conv_1/BatchNorm/moving_mean, mixed_35x35x288b/branch5x5/Conv_1/BatchNorm/moving_variance, mixed_35x35x288b/branch3x3dbl/Conv/weights, mixed_35x35x288b/branch3x3dbl/Conv/BatchNorm/beta, mixed_35x35x288b/branch3x3dbl/Conv/BatchNorm/moving_mean, mixed_35x35x288b/branch3x3dbl/Conv/BatchNorm/moving_variance, mixed_35x35x288b/branch3x3dbl/Conv_1/weights, mixed_35x35x288b/branch3x3dbl/Conv_1/BatchNorm/beta, mixed_35x35x288b/branch3x3dbl/Conv_1/BatchNorm/moving_mean, mixed_35x35x288b/branch3x3dbl/Conv_1/BatchNorm/moving_variance, mixed_35x35x288b/branch3x3dbl/Conv_2/weights, mixed_35x35x288b/branch3x3dbl/Conv_2/BatchNorm/beta, mixed_35x35x288b/branch3x3dbl/Conv_2/BatchNorm/moving_mean, mixed_35x35x288b/branch3x3dbl/Conv_2/BatchNorm/moving_variance, mixed_35x35x288b/branch_pool/Conv/weights, mixed_35x35x288b/branch_pool/Conv/BatchNorm/beta, mixed_35x35x288b/branch_pool/Conv/BatchNorm/moving_mean, mixed_35x35x288b/branch_pool/Conv/BatchNorm/moving_variance, mixed_17x17x768a/branch3x3/Conv/weights, mixed_17x17x768a/branch3x3/Conv/BatchNorm/beta, mixed_17x17x768a/branch3x3/Conv/BatchNorm/moving_mean, mixed_17x17x768a/branch3x3/Conv/BatchNorm/moving_variance, mixed_17x17x768a/branch3x3dbl/Conv/weights, mixed_17x17x768a/branch3x3dbl/Conv/BatchNorm/beta, mixed_17x17x768a/branch3x3dbl/Conv/BatchNorm/moving_mean, mixed_17x17x768a/branch3x3dbl/Conv/BatchNorm/moving_variance, mixed_17x17x768a/branch3x3dbl/Conv_1/weights, mixed_17x17x768a/branch3x3dbl/Conv_1/BatchNorm/beta, mixed_17x17x768a/branch3x3dbl/Conv_1/BatchNorm/moving_mean, mixed_17x17x768a/branch3x3dbl/Conv_1/BatchNorm/moving_variance, mixed_17x17x768a/branch3x3dbl/Conv_2/weights, mixed_17x17x768a/branch3x3dbl/Conv_2/BatchNorm/beta, mixed_17x17x768a/branch3x3dbl/Conv_2/BatchNorm/moving_mean, mixed_17x17x768a/branch3x3dbl/Conv_2/BatchNorm/moving_variance, mixed_17x17x768b/branch1x1/Conv/weights, mixed_17x17x768b/branch1x1/Conv/BatchNorm/beta, mixed_17x17x768b/branch1x1/Conv/BatchNorm/moving_mean, mixed_17x17x768b/branch1x1/Conv/BatchNorm/moving_variance, mixed_17x17x768b/branch7x7/Conv/weights, mixed_17x17x768b/branch7x7/Conv/BatchNorm/beta, mixed_17x17x768b/branch7x7/Conv/BatchNorm/moving_mean, mixed_17x17x768b/branch7x7/Conv/BatchNorm/moving_variance, mixed_17x17x768b/branch7x7/Conv_1/weights, mixed_17x17x768b/branch7x7/Conv_1/BatchNorm/beta, mixed_17x17x768b/branch7x7/Conv_1/BatchNorm/moving_mean, mixed_17x17x768b/branch7x7/Conv_1/BatchNorm/moving_variance, mixed_17x17x768b/branch7x7/Conv_2/weights, mixed_17x17x768b/branch7x7/Conv_2/BatchNorm/beta, mixed_17x17x768b/branch7x7/Conv_2/BatchNorm/moving_mean, mixed_17x17x768b/branch7x7/Conv_2/BatchNorm/moving_variance, mixed_17x17x768b/branch7x7dbl/Conv/weights, mixed_17x17x768b/branch7x7dbl/Conv/BatchNorm/beta, mixed_17x17x768b/branch7x7dbl/Conv/BatchNorm/moving_mean, mixed_17x17x768b/branch7x7dbl/Conv/BatchNorm/moving_variance, mixed_17x17x768b/branch7x7dbl/Conv_1/weights, mixed_17x17x768b/branch7x7dbl/Conv_1/BatchNorm/beta, mixed_17x17x768b/branch7x7dbl/Conv_1/BatchNorm/moving_mean, mixed_17x17x768b/branch7x7dbl/Conv_1/BatchNorm/moving_variance, mixed_17x17x768b/branch7x7dbl/Conv_2/weights, mixed_17x17x768b/branch7x7dbl/Conv_2/BatchNorm/beta, mixed_17x17x768b/branch7x7dbl/Conv_2/BatchNorm/moving_mean, mixed_17x17x768b/branch7x7dbl/Conv_2/BatchNorm/moving_variance, mixed_17x17x768b/branch7x7dbl/Conv_3/weights, mixed_17x17x768b/branch7x7dbl/Conv_3/BatchNorm/beta, mixed_17x17x768b/branch7x7dbl/Conv_3/BatchNorm/moving_mean, mixed_17x17x768b/branch7x7dbl/Conv_3/BatchNorm/moving_variance, mixed_17x17x768b/branch7x7dbl/Conv_4/weights, mixed_17x17x768b/branch7x7dbl/Conv_4/BatchNorm/beta, mixed_17x17x768b/branch7x7dbl/Conv_4/BatchNorm/moving_mean, mixed_17x17x768b/branch7x7dbl/Conv_4/BatchNorm/moving_variance, mixed_17x17x768b/branch_pool/Conv/weights, mixed_17x17x768b/branch_pool/Conv/BatchNorm/beta, mixed_17x17x768b/branch_pool/Conv/BatchNorm/moving_mean, mixed_17x17x768b/branch_pool/Conv/BatchNorm/moving_variance, mixed_17x17x768c/branch1x1/Conv/weights, mixed_17x17x768c/branch1x1/Conv/BatchNorm/beta, mixed_17x17x768c/branch1x1/Conv/BatchNorm/moving_mean, mixed_17x17x768c/branch1x1/Conv/BatchNorm/moving_variance, mixed_17x17x768c/branch7x7/Conv/weights, mixed_17x17x768c/branch7x7/Conv/BatchNorm/beta, mixed_17x17x768c/branch7x7/Conv/BatchNorm/moving_mean, mixed_17x17x768c/branch7x7/Conv/BatchNorm/moving_variance, mixed_17x17x768c/branch7x7/Conv_1/weights, mixed_17x17x768c/branch7x7/Conv_1/BatchNorm/beta, mixed_17x17x768c/branch7x7/Conv_1/BatchNorm/moving_mean, mixed_17x17x768c/branch7x7/Conv_1/BatchNorm/moving_variance, mixed_17x17x768c/branch7x7/Conv_2/weights, mixed_17x17x768c/branch7x7/Conv_2/BatchNorm/beta, mixed_17x17x768c/branch7x7/Conv_2/BatchNorm/moving_mean, mixed_17x17x768c/branch7x7/Conv_2/BatchNorm/moving_variance, mixed_17x17x768c/branch7x7dbl/Conv/weights, mixed_17x17x768c/branch7x7dbl/Conv/BatchNorm/beta, mixed_17x17x768c/branch7x7dbl/Conv/BatchNorm/moving_mean, mixed_17x17x768c/branch7x7dbl/Conv/BatchNorm/moving_variance, mixed_17x17x768c/branch7x7dbl/Conv_1/weights, mixed_17x17x768c/branch7x7dbl/Conv_1/BatchNorm/beta, mixed_17x17x768c/branch7x7dbl/Conv_1/BatchNorm/moving_mean, mixed_17x17x768c/branch7x7dbl/Conv_1/BatchNorm/moving_variance, mixed_17x17x768c/branch7x7dbl/Conv_2/weights, mixed_17x17x768c/branch7x7dbl/Conv_2/BatchNorm/beta, mixed_17x17x768c/branch7x7dbl/Conv_2/BatchNorm/moving_mean, mixed_17x17x768c/branch7x7dbl/Conv_2/BatchNorm/moving_variance, mixed_17x17x768c/branch7x7dbl/Conv_3/weights, mixed_17x17x768c/branch7x7dbl/Conv_3/BatchNorm/beta, mixed_17x17x768c/branch7x7dbl/Conv_3/BatchNorm/moving_mean, mixed_17x17x768c/branch7x7dbl/Conv_3/BatchNorm/moving_variance, mixed_17x17x768c/branch7x7dbl/Conv_4/weights, mixed_17x17x768c/branch7x7dbl/Conv_4/BatchNorm/beta, mixed_17x17x768c/branch7x7dbl/Conv_4/BatchNorm/moving_mean, mixed_17x17x768c/branch7x7dbl/Conv_4/BatchNorm/moving_variance, mixed_17x17x768c/branch_pool/Conv/weights, mixed_17x17x768c/branch_pool/Conv/BatchNorm/beta, mixed_17x17x768c/branch_pool/Conv/BatchNorm/moving_mean, mixed_17x17x768c/branch_pool/Conv/BatchNorm/moving_variance, mixed_17x17x768d/branch1x1/Conv/weights, mixed_17x17x768d/branch1x1/Conv/BatchNorm/beta, mixed_17x17x768d/branch1x1/Conv/BatchNorm/moving_mean, mixed_17x17x768d/branch1x1/Conv/BatchNorm/moving_variance, mixed_17x17x768d/branch7x7/Conv/weights, mixed_17x17x768d/branch7x7/Conv/BatchNorm/beta, mixed_17x17x768d/branch7x7/Conv/BatchNorm/moving_mean, mixed_17x17x768d/branch7x7/Conv/BatchNorm/moving_variance, mixed_17x17x768d/branch7x7/Conv_1/weights, mixed_17x17x768d/branch7x7/Conv_1/BatchNorm/beta, mixed_17x17x768d/branch7x7/Conv_1/BatchNorm/moving_mean, mixed_17x17x768d/branch7x7/Conv_1/BatchNorm/moving_variance, mixed_17x17x768d/branch7x7/Conv_2/weights, mixed_17x17x768d/branch7x7/Conv_2/BatchNorm/beta, mixed_17x17x768d/branch7x7/Conv_2/BatchNorm/moving_mean, mixed_17x17x768d/branch7x7/Conv_2/BatchNorm/moving_variance, mixed_17x17x768d/branch7x7dbl/Conv/weights, mixed_17x17x768d/branch7x7dbl/Conv/BatchNorm/beta, mixed_17x17x768d/branch7x7dbl/Conv/BatchNorm/moving_mean, mixed_17x17x768d/branch7x7dbl/Conv/BatchNorm/moving_variance, mixed_17x17x768d/branch7x7dbl/Conv_1/weights, mixed_17x17x768d/branch7x7dbl/Conv_1/BatchNorm/beta, mixed_17x17x768d/branch7x7dbl/Conv_1/BatchNorm/moving_mean, mixed_17x17x768d/branch7x7dbl/Conv_1/BatchNorm/moving_variance, mixed_17x17x768d/branch7x7dbl/Conv_2/weights, mixed_17x17x768d/branch7x7dbl/Conv_2/BatchNorm/beta, mixed_17x17x768d/branch7x7dbl/Conv_2/BatchNorm/moving_mean, mixed_17x17x768d/branch7x7dbl/Conv_2/BatchNorm/moving_variance, mixed_17x17x768d/branch7x7dbl/Conv_3/weights, mixed_17x17x768d/branch7x7dbl/Conv_3/BatchNorm/beta, mixed_17x17x768d/branch7x7dbl/Conv_3/BatchNorm/moving_mean, mixed_17x17x768d/branch7x7dbl/Conv_3/BatchNorm/moving_variance, mixed_17x17x768d/branch7x7dbl/Conv_4/weights, mixed_17x17x768d/branch7x7dbl/Conv_4/BatchNorm/beta, mixed_17x17x768d/branch7x7dbl/Conv_4/BatchNorm/moving_mean, mixed_17x17x768d/branch7x7dbl/Conv_4/BatchNorm/moving_variance, mixed_17x17x768d/branch_pool/Conv/weights, mixed_17x17x768d/branch_pool/Conv/BatchNorm/beta, mixed_17x17x768d/branch_pool/Conv/BatchNorm/moving_mean, mixed_17x17x768d/branch_pool/Conv/BatchNorm/moving_variance, mixed_17x17x768e/branch1x1/Conv/weights, mixed_17x17x768e/branch1x1/Conv/BatchNorm/beta, mixed_17x17x768e/branch1x1/Conv/BatchNorm/moving_mean, mixed_17x17x768e/branch1x1/Conv/BatchNorm/moving_variance, mixed_17x17x768e/branch7x7/Conv/weights, mixed_17x17x768e/branch7x7/Conv/BatchNorm/beta, mixed_17x17x768e/branch7x7/Conv/BatchNorm/moving_mean, mixed_17x17x768e/branch7x7/Conv/BatchNorm/moving_variance, mixed_17x17x768e/branch7x7/Conv_1/weights, mixed_17x17x768e/branch7x7/Conv_1/BatchNorm/beta, mixed_17x17x768e/branch7x7/Conv_1/BatchNorm/moving_mean, mixed_17x17x768e/branch7x7/Conv_1/BatchNorm/moving_variance, mixed_17x17x768e/branch7x7/Conv_2/weights, mixed_17x17x768e/branch7x7/Conv_2/BatchNorm/beta, mixed_17x17x768e/branch7x7/Conv_2/BatchNorm/moving_mean, mixed_17x17x768e/branch7x7/Conv_2/BatchNorm/moving_variance, mixed_17x17x768e/branch7x7dbl/Conv/weights, mixed_17x17x768e/branch7x7dbl/Conv/BatchNorm/beta, mixed_17x17x768e/branch7x7dbl/Conv/BatchNorm/moving_mean, mixed_17x17x768e/branch7x7dbl/Conv/BatchNorm/moving_variance, mixed_17x17x768e/branch7x7dbl/Conv_1/weights, mixed_17x17x768e/branch7x7dbl/Conv_1/BatchNorm/beta, mixed_17x17x768e/branch7x7dbl/Conv_1/BatchNorm/moving_mean, mixed_17x17x768e/branch7x7dbl/Conv_1/BatchNorm/moving_variance, mixed_17x17x768e/branch7x7dbl/Conv_2/weights, mixed_17x17x768e/branch7x7dbl/Conv_2/BatchNorm/beta, mixed_17x17x768e/branch7x7dbl/Conv_2/BatchNorm/moving_mean, mixed_17x17x768e/branch7x7dbl/Conv_2/BatchNorm/moving_variance, mixed_17x17x768e/branch7x7dbl/Conv_3/weights, mixed_17x17x768e/branch7x7dbl/Conv_3/BatchNorm/beta, mixed_17x17x768e/branch7x7dbl/Conv_3/BatchNorm/moving_mean, mixed_17x17x768e/branch7x7dbl/Conv_3/BatchNorm/moving_variance, mixed_17x17x768e/branch7x7dbl/Conv_4/weights, mixed_17x17x768e/branch7x7dbl/Conv_4/BatchNorm/beta, mixed_17x17x768e/branch7x7dbl/Conv_4/BatchNorm/moving_mean, mixed_17x17x768e/branch7x7dbl/Conv_4/BatchNorm/moving_variance, mixed_17x17x768e/branch_pool/Conv/weights, mixed_17x17x768e/branch_pool/Conv/BatchNorm/beta, mixed_17x17x768e/branch_pool/Conv/BatchNorm/moving_mean, mixed_17x17x768e/branch_pool/Conv/BatchNorm/moving_variance, aux_logits/proj/weights, aux_logits/proj/BatchNorm/beta, aux_logits/proj/BatchNorm/moving_mean, aux_logits/proj/BatchNorm/moving_variance, aux_logits/Conv/weights, aux_logits/Conv/BatchNorm/beta, aux_logits/Conv/BatchNorm/moving_mean, aux_logits/Conv/BatchNorm/moving_variance, aux_logits/FC/weights, aux_logits/FC/biases, mixed_17x17x1280a/branch3x3/Conv/weights, mixed_17x17x1280a/branch3x3/Conv/BatchNorm/beta, mixed_17x17x1280a/branch3x3/Conv/BatchNorm/moving_mean, mixed_17x17x1280a/branch3x3/Conv/BatchNorm/moving_variance, mixed_17x17x1280a/branch3x3/Conv_1/weights, mixed_17x17x1280a/branch3x3/Conv_1/BatchNorm/beta, mixed_17x17x1280a/branch3x3/Conv_1/BatchNorm/moving_mean, mixed_17x17x1280a/branch3x3/Conv_1/BatchNorm/moving_variance, mixed_17x17x1280a/branch7x7x3/Conv/weights, mixed_17x17x1280a/branch7x7x3/Conv/BatchNorm/beta, mixed_17x17x1280a/branch7x7x3/Conv/BatchNorm/moving_mean, mixed_17x17x1280a/branch7x7x3/Conv/BatchNorm/moving_variance, mixed_17x17x1280a/branch7x7x3/Conv_1/weights, mixed_17x17x1280a/branch7x7x3/Conv_1/BatchNorm/beta, mixed_17x17x1280a/branch7x7x3/Conv_1/BatchNorm/moving_mean, mixed_17x17x1280a/branch7x7x3/Conv_1/BatchNorm/moving_variance, mixed_17x17x1280a/branch7x7x3/Conv_2/weights, mixed_17x17x1280a/branch7x7x3/Conv_2/BatchNorm/beta, mixed_17x17x1280a/branch7x7x3/Conv_2/BatchNorm/moving_mean, mixed_17x17x1280a/branch7x7x3/Conv_2/BatchNorm/moving_variance, mixed_17x17x1280a/branch7x7x3/Conv_3/weights, mixed_17x17x1280a/branch7x7x3/Conv_3/BatchNorm/beta, mixed_17x17x1280a/branch7x7x3/Conv_3/BatchNorm/moving_mean, mixed_17x17x1280a/branch7x7x3/Conv_3/BatchNorm/moving_variance, mixed_8x8x2048a/branch1x1/Conv/weights, mixed_8x8x2048a/branch1x1/Conv/BatchNorm/beta, mixed_8x8x2048a/branch1x1/Conv/BatchNorm/moving_mean, mixed_8x8x2048a/branch1x1/Conv/BatchNorm/moving_variance, mixed_8x8x2048a/branch3x3/Conv/weights, mixed_8x8x2048a/branch3x3/Conv/BatchNorm/beta, mixed_8x8x2048a/branch3x3/Conv/BatchNorm/moving_mean, mixed_8x8x2048a/branch3x3/Conv/BatchNorm/moving_variance, mixed_8x8x2048a/branch3x3/Conv_1/weights, mixed_8x8x2048a/branch3x3/Conv_1/BatchNorm/beta, mixed_8x8x2048a/branch3x3/Conv_1/BatchNorm/moving_mean, mixed_8x8x2048a/branch3x3/Conv_1/BatchNorm/moving_variance, mixed_8x8x2048a/branch3x3/Conv_2/weights, mixed_8x8x2048a/branch3x3/Conv_2/BatchNorm/beta, mixed_8x8x2048a/branch3x3/Conv_2/BatchNorm/moving_mean, mixed_8x8x2048a/branch3x3/Conv_2/BatchNorm/moving_variance, mixed_8x8x2048a/branch3x3dbl/Conv/weights, mixed_8x8x2048a/branch3x3dbl/Conv/BatchNorm/beta, mixed_8x8x2048a/branch3x3dbl/Conv/BatchNorm/moving_mean, mixed_8x8x2048a/branch3x3dbl/Conv/BatchNorm/moving_variance, mixed_8x8x2048a/branch3x3dbl/Conv_1/weights, mixed_8x8x2048a/branch3x3dbl/Conv_1/BatchNorm/beta, mixed_8x8x2048a/branch3x3dbl/Conv_1/BatchNorm/moving_mean, mixed_8x8x2048a/branch3x3dbl/Conv_1/BatchNorm/moving_variance, mixed_8x8x2048a/branch3x3dbl/Conv_2/weights, mixed_8x8x2048a/branch3x3dbl/Conv_2/BatchNorm/beta, mixed_8x8x2048a/branch3x3dbl/Conv_2/BatchNorm/moving_mean, mixed_8x8x2048a/branch3x3dbl/Conv_2/BatchNorm/moving_variance, mixed_8x8x2048a/branch3x3dbl/Conv_3/weights, mixed_8x8x2048a/branch3x3dbl/Conv_3/BatchNorm/beta, mixed_8x8x2048a/branch3x3dbl/Conv_3/BatchNorm/moving_mean, mixed_8x8x2048a/branch3x3dbl/Conv_3/BatchNorm/moving_variance, mixed_8x8x2048a/branch_pool/Conv/weights, mixed_8x8x2048a/branch_pool/Conv/BatchNorm/beta, mixed_8x8x2048a/branch_pool/Conv/BatchNorm/moving_mean, mixed_8x8x2048a/branch_pool/Conv/BatchNorm/moving_variance, mixed_8x8x2048b/branch1x1/Conv/weights, mixed_8x8x2048b/branch1x1/Conv/BatchNorm/beta, mixed_8x8x2048b/branch1x1/Conv/BatchNorm/moving_mean, mixed_8x8x2048b/branch1x1/Conv/BatchNorm/moving_variance, mixed_8x8x2048b/branch3x3/Conv/weights, mixed_8x8x2048b/branch3x3/Conv/BatchNorm/beta, mixed_8x8x2048b/branch3x3/Conv/BatchNorm/moving_mean, mixed_8x8x2048b/branch3x3/Conv/BatchNorm/moving_variance, mixed_8x8x2048b/branch3x3/Conv_1/weights, mixed_8x8x2048b/branch3x3/Conv_1/BatchNorm/beta, mixed_8x8x2048b/branch3x3/Conv_1/BatchNorm/moving_mean, mixed_8x8x2048b/branch3x3/Conv_1/BatchNorm/moving_variance, mixed_8x8x2048b/branch3x3/Conv_2/weights, mixed_8x8x2048b/branch3x3/Conv_2/BatchNorm/beta, mixed_8x8x2048b/branch3x3/Conv_2/BatchNorm/moving_mean, mixed_8x8x2048b/branch3x3/Conv_2/BatchNorm/moving_variance, mixed_8x8x2048b/branch3x3dbl/Conv/weights, mixed_8x8x2048b/branch3x3dbl/Conv/BatchNorm/beta, mixed_8x8x2048b/branch3x3dbl/Conv/BatchNorm/moving_mean, mixed_8x8x2048b/branch3x3dbl/Conv/BatchNorm/moving_variance, mixed_8x8x2048b/branch3x3dbl/Conv_1/weights, mixed_8x8x2048b/branch3x3dbl/Conv_1/BatchNorm/beta, mixed_8x8x2048b/branch3x3dbl/Conv_1/BatchNorm/moving_mean, mixed_8x8x2048b/branch3x3dbl/Conv_1/BatchNorm/moving_variance, mixed_8x8x2048b/branch3x3dbl/Conv_2/weights, mixed_8x8x2048b/branch3x3dbl/Conv_2/BatchNorm/beta, mixed_8x8x2048b/branch3x3dbl/Conv_2/BatchNorm/moving_mean, mixed_8x8x2048b/branch3x3dbl/Conv_2/BatchNorm/moving_variance, mixed_8x8x2048b/branch3x3dbl/Conv_3/weights, mixed_8x8x2048b/branch3x3dbl/Conv_3/BatchNorm/beta, mixed_8x8x2048b/branch3x3dbl/Conv_3/BatchNorm/moving_mean, mixed_8x8x2048b/branch3x3dbl/Conv_3/BatchNorm/moving_variance, mixed_8x8x2048b/branch_pool/Conv/weights, mixed_8x8x2048b/branch_pool/Conv/BatchNorm/beta, mixed_8x8x2048b/branch_pool/Conv/BatchNorm/moving_mean, mixed_8x8x2048b/branch_pool/Conv/BatchNorm/moving_variance, logits/logits/weights, logits/logits/biases, conv0/weights/Momentum, conv0/BatchNorm/beta/Momentum, conv1/weights/Momentum, conv1/BatchNorm/beta/Momentum, conv2/weights/Momentum, conv2/BatchNorm/beta/Momentum, conv3/weights/Momentum, conv3/BatchNorm/beta/Momentum, conv4/weights/Momentum, conv4/BatchNorm/beta/Momentum, mixed_35x35x256a/branch1x1/Conv/weights/Momentum, mixed_35x35x256a/branch1x1/Conv/BatchNorm/beta/Momentum, mixed_35x35x256a/branch5x5/Conv/weights/Momentum, mixed_35x35x256a/branch5x5/Conv/BatchNorm/beta/Momentum, mixed_35x35x256a/branch5x5/Conv_1/weights/Momentum, mixed_35x35x256a/branch5x5/Conv_1/BatchNorm/beta/Momentum, mixed_35x35x256a/branch3x3dbl/Conv/weights/Momentum, mixed_35x35x256a/branch3x3dbl/Conv/BatchNorm/beta/Momentum, mixed_35x35x256a/branch3x3dbl/Conv_1/weights/Momentum, mixed_35x35x256a/branch3x3dbl/Conv_1/BatchNorm/beta/Momentum, mixed_35x35x256a/branch3x3dbl/Conv_2/weights/Momentum, mixed_35x35x256a/branch3x3dbl/Conv_2/BatchNorm/beta/Momentum, mixed_35x35x256a/branch_pool/Conv/weights/Momentum, mixed_35x35x256a/branch_pool/Conv/BatchNorm/beta/Momentum, mixed_35x35x288a/branch1x1/Conv/weights/Momentum, mixed_35x35x288a/branch1x1/Conv/BatchNorm/beta/Momentum, mixed_35x35x288a/branch5x5/Conv/weights/Momentum, mixed_35x35x288a/branch5x5/Conv/BatchNorm/beta/Momentum, mixed_35x35x288a/branch5x5/Conv_1/weights/Momentum, mixed_35x35x288a/branch5x5/Conv_1/BatchNorm/beta/Momentum, mixed_35x35x288a/branch3x3dbl/Conv/weights/Momentum, mixed_35x35x288a/branch3x3dbl/Conv/BatchNorm/beta/Momentum, mixed_35x35x288a/branch3x3dbl/Conv_1/weights/Momentum, mixed_35x35x288a/branch3x3dbl/Conv_1/BatchNorm/beta/Momentum, mixed_35x35x288a/branch3x3dbl/Conv_2/weights/Momentum, mixed_35x35x288a/branch3x3dbl/Conv_2/BatchNorm/beta/Momentum, mixed_35x35x288a/branch_pool/Conv/weights/Momentum, mixed_35x35x288a/branch_pool/Conv/BatchNorm/beta/Momentum, mixed_35x35x288b/branch1x1/Conv/weights/Momentum, mixed_35x35x288b/branch1x1/Conv/BatchNorm/beta/Momentum, mixed_35x35x288b/branch5x5/Conv/weights/Momentum, mixed_35x35x288b/branch5x5/Conv/BatchNorm/beta/Momentum, mixed_35x35x288b/branch5x5/Conv_1/weights/Momentum, mixed_35x35x288b/branch5x5/Conv_1/BatchNorm/beta/Momentum, mixed_35x35x288b/branch3x3dbl/Conv/weights/Momentum, mixed_35x35x288b/branch3x3dbl/Conv/BatchNorm/beta/Momentum, mixed_35x35x288b/branch3x3dbl/Conv_1/weights/Momentum, mixed_35x35x288b/branch3x3dbl/Conv_1/BatchNorm/beta/Momentum, mixed_35x35x288b/branch3x3dbl/Conv_2/weights/Momentum, mixed_35x35x288b/branch3x3dbl/Conv_2/BatchNorm/beta/Momentum, mixed_35x35x288b/branch_pool/Conv/weights/Momentum, mixed_35x35x288b/branch_pool/Conv/BatchNorm/beta/Momentum, mixed_17x17x768a/branch3x3/Conv/weights/Momentum, mixed_17x17x768a/branch3x3/Conv/BatchNorm/beta/Momentum, mixed_17x17x768a/branch3x3dbl/Conv/weights/Momentum, mixed_17x17x768a/branch3x3dbl/Conv/BatchNorm/beta/Momentum, mixed_17x17x768a/branch3x3dbl/Conv_1/weights/Momentum, mixed_17x17x768a/branch3x3dbl/Conv_1/BatchNorm/beta/Momentum, mixed_17x17x768a/branch3x3dbl/Conv_2/weights/Momentum, mixed_17x17x768a/branch3x3dbl/Conv_2/BatchNorm/beta/Momentum, mixed_17x17x768b/branch1x1/Conv/weights/Momentum, mixed_17x17x768b/branch1x1/Conv/BatchNorm/beta/Momentum, mixed_17x17x768b/branch7x7/Conv/weights/Momentum, mixed_17x17x768b/branch7x7/Conv/BatchNorm/beta/Momentum, mixed_17x17x768b/branch7x7/Conv_1/weights/Momentum, mixed_17x17x768b/branch7x7/Conv_1/BatchNorm/beta/Momentum, mixed_17x17x768b/branch7x7/Conv_2/weights/Momentum, mixed_17x17x768b/branch7x7/Conv_2/BatchNorm/beta/Momentum, mixed_17x17x768b/branch7x7dbl/Conv/weights/Momentum, mixed_17x17x768b/branch7x7dbl/Conv/BatchNorm/beta/Momentum, mixed_17x17x768b/branch7x7dbl/Conv_1/weights/Momentum, mixed_17x17x768b/branch7x7dbl/Conv_1/BatchNorm/beta/Momentum, mixed_17x17x768b/branch7x7dbl/Conv_2/weights/Momentum, mixed_17x17x768b/branch7x7dbl/Conv_2/BatchNorm/beta/Momentum, mixed_17x17x768b/branch7x7dbl/Conv_3/weights/Momentum, mixed_17x17x768b/branch7x7dbl/Conv_3/BatchNorm/beta/Momentum, mixed_17x17x768b/branch7x7dbl/Conv_4/weights/Momentum, mixed_17x17x768b/branch7x7dbl/Conv_4/BatchNorm/beta/Momentum, mixed_17x17x768b/branch_pool/Conv/weights/Momentum, mixed_17x17x768b/branch_pool/Conv/BatchNorm/beta/Momentum, mixed_17x17x768c/branch1x1/Conv/weights/Momentum, mixed_17x17x768c/branch1x1/Conv/BatchNorm/beta/Momentum, mixed_17x17x768c/branch7x7/Conv/weights/Momentum, mixed_17x17x768c/branch7x7/Conv/BatchNorm/beta/Momentum, mixed_17x17x768c/branch7x7/Conv_1/weights/Momentum, mixed_17x17x768c/branch7x7/Conv_1/BatchNorm/beta/Momentum, mixed_17x17x768c/branch7x7/Conv_2/weights/Momentum, mixed_17x17x768c/branch7x7/Conv_2/BatchNorm/beta/Momentum, mixed_17x17x768c/branch7x7dbl/Conv/weights/Momentum, mixed_17x17x768c/branch7x7dbl/Conv/BatchNorm/beta/Momentum, mixed_17x17x768c/branch7x7dbl/Conv_1/weights/Momentum, mixed_17x17x768c/branch7x7dbl/Conv_1/BatchNorm/beta/Momentum, mixed_17x17x768c/branch7x7dbl/Conv_2/weights/Momentum, mixed_17x17x768c/branch7x7dbl/Conv_2/BatchNorm/beta/Momentum, mixed_17x17x768c/branch7x7dbl/Conv_3/weights/Momentum, mixed_17x17x768c/branch7x7dbl/Conv_3/BatchNorm/beta/Momentum, mixed_17x17x768c/branch7x7dbl/Conv_4/weights/Momentum, mixed_17x17x768c/branch7x7dbl/Conv_4/BatchNorm/beta/Momentum, mixed_17x17x768c/branch_pool/Conv/weights/Momentum, mixed_17x17x768c/branch_pool/Conv/BatchNorm/beta/Momentum, mixed_17x17x768d/branch1x1/Conv/weights/Momentum, mixed_17x17x768d/branch1x1/Conv/BatchNorm/beta/Momentum, mixed_17x17x768d/branch7x7/Conv/weights/Momentum, mixed_17x17x768d/branch7x7/Conv/BatchNorm/beta/Momentum, mixed_17x17x768d/branch7x7/Conv_1/weights/Momentum, mixed_17x17x768d/branch7x7/Conv_1/BatchNorm/beta/Momentum, mixed_17x17x768d/branch7x7/Conv_2/weights/Momentum, mixed_17x17x768d/branch7x7/Conv_2/BatchNorm/beta/Momentum, mixed_17x17x768d/branch7x7dbl/Conv/weights/Momentum, mixed_17x17x768d/branch7x7dbl/Conv/BatchNorm/beta/Momentum, mixed_17x17x768d/branch7x7dbl/Conv_1/weights/Momentum, mixed_17x17x768d/branch7x7dbl/Conv_1/BatchNorm/beta/Momentum, mixed_17x17x768d/branch7x7dbl/Conv_2/weights/Momentum, mixed_17x17x768d/branch7x7dbl/Conv_2/BatchNorm/beta/Momentum, mixed_17x17x768d/branch7x7dbl/Conv_3/weights/Momentum, mixed_17x17x768d/branch7x7dbl/Conv_3/BatchNorm/beta/Momentum, mixed_17x17x768d/branch7x7dbl/Conv_4/weights/Momentum, mixed_17x17x768d/branch7x7dbl/Conv_4/BatchNorm/beta/Momentum, mixed_17x17x768d/branch_pool/Conv/weights/Momentum, mixed_17x17x768d/branch_pool/Conv/BatchNorm/beta/Momentum, mixed_17x17x768e/branch1x1/Conv/weights/Momentum, mixed_17x17x768e/branch1x1/Conv/BatchNorm/beta/Momentum, mixed_17x17x768e/branch7x7/Conv/weights/Momentum, mixed_17x17x768e/branch7x7/Conv/BatchNorm/beta/Momentum, mixed_17x17x768e/branch7x7/Conv_1/weights/Momentum, mixed_17x17x768e/branch7x7/Conv_1/BatchNorm/beta/Momentum, mixed_17x17x768e/branch7x7/Conv_2/weights/Momentum, mixed_17x17x768e/branch7x7/Conv_2/BatchNorm/beta/Momentum, mixed_17x17x768e/branch7x7dbl/Conv/weights/Momentum, mixed_17x17x768e/branch7x7dbl/Conv/BatchNorm/beta/Momentum, mixed_17x17x768e/branch7x7dbl/Conv_1/weights/Momentum, mixed_17x17x768e/branch7x7dbl/Conv_1/BatchNorm/beta/Momentum, mixed_17x17x768e/branch7x7dbl/Conv_2/weights/Momentum, mixed_17x17x768e/branch7x7dbl/Conv_2/BatchNorm/beta/Momentum, mixed_17x17x768e/branch7x7dbl/Conv_3/weights/Momentum, mixed_17x17x768e/branch7x7dbl/Conv_3/BatchNorm/beta/Momentum, mixed_17x17x768e/branch7x7dbl/Conv_4/weights/Momentum, mixed_17x17x768e/branch7x7dbl/Conv_4/BatchNorm/beta/Momentum, mixed_17x17x768e/branch_pool/Conv/weights/Momentum, mixed_17x17x768e/branch_pool/Conv/BatchNorm/beta/Momentum, aux_logits/proj/weights/Momentum, aux_logits/proj/BatchNorm/beta/Momentum, aux_logits/Conv/weights/Momentum, aux_logits/Conv/BatchNorm/beta/Momentum, aux_logits/FC/weights/Momentum, aux_logits/FC/biases/Momentum, mixed_17x17x1280a/branch3x3/Conv/weights/Momentum, mixed_17x17x1280a/branch3x3/Conv/BatchNorm/beta/Momentum, mixed_17x17x1280a/branch3x3/Conv_1/weights/Momentum, mixed_17x17x1280a/branch3x3/Conv_1/BatchNorm/beta/Momentum, mixed_17x17x1280a/branch7x7x3/Conv/weights/Momentum, mixed_17x17x1280a/branch7x7x3/Conv/BatchNorm/beta/Momentum, mixed_17x17x1280a/branch7x7x3/Conv_1/weights/Momentum, mixed_17x17x1280a/branch7x7x3/Conv_1/BatchNorm/beta/Momentum, mixed_17x17x1280a/branch7x7x3/Conv_2/weights/Momentum, mixed_17x17x1280a/branch7x7x3/Conv_2/BatchNorm/beta/Momentum, mixed_17x17x1280a/branch7x7x3/Conv_3/weights/Momentum, mixed_17x17x1280a/branch7x7x3/Conv_3/BatchNorm/beta/Momentum, mixed_8x8x2048a/branch1x1/Conv/weights/Momentum, mixed_8x8x2048a/branch1x1/Conv/BatchNorm/beta/Momentum, mixed_8x8x2048a/branch3x3/Conv/weights/Momentum, mixed_8x8x2048a/branch3x3/Conv/BatchNorm/beta/Momentum, mixed_8x8x2048a/branch3x3/Conv_1/weights/Momentum, mixed_8x8x2048a/branch3x3/Conv_1/BatchNorm/beta/Momentum, mixed_8x8x2048a/branch3x3/Conv_2/weights/Momentum, mixed_8x8x2048a/branch3x3/Conv_2/BatchNorm/beta/Momentum, mixed_8x8x2048a/branch3x3dbl/Conv/weights/Momentum, mixed_8x8x2048a/branch3x3dbl/Conv/BatchNorm/beta/Momentum, mixed_8x8x2048a/branch3x3dbl/Conv_1/weights/Momentum, mixed_8x8x2048a/branch3x3dbl/Conv_1/BatchNorm/beta/Momentum, mixed_8x8x2048a/branch3x3dbl/Conv_2/weights/Momentum, mixed_8x8x2048a/branch3x3dbl/Conv_2/BatchNorm/beta/Momentum, mixed_8x8x2048a/branch3x3dbl/Conv_3/weights/Momentum, mixed_8x8x2048a/branch3x3dbl/Conv_3/BatchNorm/beta/Momentum, mixed_8x8x2048a/branch_pool/Conv/weights/Momentum, mixed_8x8x2048a/branch_pool/Conv/BatchNorm/beta/Momentum, mixed_8x8x2048b/branch1x1/Conv/weights/Momentum, mixed_8x8x2048b/branch1x1/Conv/BatchNorm/beta/Momentum, mixed_8x8x2048b/branch3x3/Conv/weights/Momentum, mixed_8x8x2048b/branch3x3/Conv/BatchNorm/beta/Momentum, mixed_8x8x2048b/branch3x3/Conv_1/weights/Momentum, mixed_8x8x2048b/branch3x3/Conv_1/BatchNorm/beta/Momentum, mixed_8x8x2048b/branch3x3/Conv_2/weights/Momentum, mixed_8x8x2048b/branch3x3/Conv_2/BatchNorm/beta/Momentum, mixed_8x8x2048b/branch3x3dbl/Conv/weights/Momentum, mixed_8x8x2048b/branch3x3dbl/Conv/BatchNorm/beta/Momentum, mixed_8x8x2048b/branch3x3dbl/Conv_1/weights/Momentum, mixed_8x8x2048b/branch3x3dbl/Conv_1/BatchNorm/beta/Momentum, mixed_8x8x2048b/branch3x3dbl/Conv_2/weights/Momentum, mixed_8x8x2048b/branch3x3dbl/Conv_2/BatchNorm/beta/Momentum, mixed_8x8x2048b/branch3x3dbl/Conv_3/weights/Momentum, mixed_8x8x2048b/branch3x3dbl/Conv_3/BatchNorm/beta/Momentum, mixed_8x8x2048b/branch_pool/Conv/weights/Momentum, mixed_8x8x2048b/branch_pool/Conv/BatchNorm/beta/Momentum, logits/logits/weights/Momentum, logits/logits/biases/Momentum
INFO:tensorflow:got sessions! 2016-07-26 23:31:10.031797 
INFO:tensorflow:Started 3 queues for processing input data.
INFO:tensorflow:Step: 410, Loss: 5.613095, time: 10.631 sec/batch
INFO:tensorflow:Step: 416, Loss: 5.073726, time: 9.834 sec/batch
INFO:tensorflow:Step: 426, Loss: 5.559424, time: 9.947 sec/batch
INFO:tensorflow:Step: 437, Loss: 5.523671, time: 9.059 sec/batch
INFO:tensorflow:Step: 449, Loss: 5.403669, time: 9.012 sec/batch
INFO:tensorflow:Step: 460, Loss: 5.418283, time: 9.015 sec/batch
INFO:tensorflow:Step: 471, Loss: 6.034017, time: 9.084 sec/batch
INFO:tensorflow:Step: 483, Loss: 5.398879, time: 9.617 sec/batch
INFO:tensorflow:Step: 495, Loss: 4.923622, time: 9.500 sec/batch
INFO:tensorflow:Step: 508, Loss: 5.680587, time: 9.290 sec/batch
INFO:tensorflow:Step: 519, Loss: 5.173908, time: 8.412 sec/batch
INFO:tensorflow:Step: 530, Loss: 4.809088, time: 9.855 sec/batch
INFO:tensorflow:Step: 543, Loss: 5.510079, time: 9.173 sec/batch
INFO:tensorflow:Step: 554, Loss: 5.079080, time: 9.283 sec/batch
INFO:tensorflow:Step: 565, Loss: 5.291922, time: 11.505 sec/batch
INFO:tensorflow:Step: 578, Loss: 5.514259, time: 10.456 sec/batch
INFO:tensorflow:Step: 591, Loss: 5.403536, time: 9.973 sec/batch
INFO:tensorflow:Step: 602, Loss: 5.338633, time: 9.132 sec/batch
INFO:tensorflow:Step: 615, Loss: 5.259603, time: 8.207 sec/batch
INFO:tensorflow:Step: 626, Loss: 5.115037, time: 8.842 sec/batch
INFO:tensorflow:Step: 637, Loss: 5.140826, time: 8.733 sec/batch
INFO:tensorflow:Step: 649, Loss: 5.044136, time: 9.169 sec/batch
INFO:tensorflow:Step: 659, Loss: 5.931537, time: 10.372 sec/batch
INFO:tensorflow:Step: 670, Loss: 5.598114, time: 8.765 sec/batch
INFO:tensorflow:Step: 683, Loss: 5.156898, time: 9.057 sec/batch
INFO:tensorflow:Step: 694, Loss: 5.019506, time: 11.640 sec/batch
INFO:tensorflow:Step: 708, Loss: 5.160330, time: 8.652 sec/batch
INFO:tensorflow:Step: 721, Loss: 5.267708, time: 8.434 sec/batch
INFO:tensorflow:Step: 731, Loss: 5.701815, time: 10.398 sec/batch
INFO:tensorflow:Step: 746, Loss: 4.885806, time: 11.280 sec/batch
INFO:tensorflow:Step: 759, Loss: 5.251445, time: 7.682 sec/batch
INFO:tensorflow:Step: 768, Loss: 5.466249, time: 9.118 sec/batch
INFO:tensorflow:Step: 780, Loss: 5.404023, time: 8.593 sec/batch
INFO:tensorflow:Step: 793, Loss: 5.023666, time: 9.336 sec/batch
INFO:tensorflow:Step: 803, Loss: 5.100113, time: 8.275 sec/batch
INFO:tensorflow:Step: 814, Loss: 6.004015, time: 8.302 sec/batch
INFO:tensorflow:Step: 825, Loss: 5.144001, time: 7.569 sec/batch
INFO:tensorflow:Step: 835, Loss: 4.736492, time: 11.243 sec/batch
INFO:tensorflow:Step: 849, Loss: 5.697606, time: 11.037 sec/batch
INFO:tensorflow:Step: 863, Loss: 5.405012, time: 10.765 sec/batch
INFO:tensorflow:Step: 876, Loss: 5.445097, time: 9.098 sec/batch
INFO:tensorflow:Step: 888, Loss: 5.064095, time: 9.342 sec/batch
INFO:tensorflow:Step: 899, Loss: 5.316803, time: 7.784 sec/batch
INFO:tensorflow:Step: 909, Loss: 5.308584, time: 9.382 sec/batch
INFO:tensorflow:Step: 920, Loss: 5.031019, time: 9.130 sec/batch
INFO:tensorflow:Step: 933, Loss: 5.561566, time: 9.400 sec/batch
INFO:tensorflow:Step: 944, Loss: 5.545395, time: 8.456 sec/batch
INFO:tensorflow:Step: 956, Loss: 5.488445, time: 9.847 sec/batch
INFO:tensorflow:Step: 968, Loss: 4.956588, time: 9.470 sec/batch
INFO:tensorflow:Step: 978, Loss: 5.042146, time: 9.234 sec/batch
INFO:tensorflow:Step: 991, Loss: 5.513093, time: 8.272 sec/batch
INFO:tensorflow:Step: 1001, Loss: 4.994232, time: 9.849 sec/batch
INFO:tensorflow:Step: 1014, Loss: 5.296666, time: 9.302 sec/batch
INFO:tensorflow:Step: 1025, Loss: 5.602055, time: 7.865 sec/batch
INFO:tensorflow:Step: 1035, Loss: 5.284546, time: 9.080 sec/batch
INFO:tensorflow:Step: 1047, Loss: 4.945958, time: 8.388 sec/batch
INFO:tensorflow:Step: 1056, Loss: 4.881722, time: 9.817 sec/batch
INFO:tensorflow:Step: 1068, Loss: 5.078814, time: 8.525 sec/batch
INFO:tensorflow:Step: 1080, Loss: 5.953868, time: 8.602 sec/batch
INFO:tensorflow:Step: 1090, Loss: 4.928335, time: 7.913 sec/batch
INFO:tensorflow:Step: 1101, Loss: 5.296221, time: 8.992 sec/batch
INFO:tensorflow:Step: 1114, Loss: 4.759534, time: 9.576 sec/batch
INFO:tensorflow:Step: 1126, Loss: 5.246705, time: 7.885 sec/batch
INFO:tensorflow:Step: 1135, Loss: 5.377728, time: 8.702 sec/batch
INFO:tensorflow:Step: 1147, Loss: 4.796844, time: 9.459 sec/batch
INFO:tensorflow:Step: 1161, Loss: 4.982837, time: 9.323 sec/batch
INFO:tensorflow:Step: 1171, Loss: 5.652148, time: 10.097 sec/batch
INFO:tensorflow:Step: 1185, Loss: 4.861172, time: 9.196 sec/batch
INFO:tensorflow:Step: 1195, Loss: 5.094251, time: 10.997 sec/batch
INFO:tensorflow:Step: 1208, Loss: 5.311286, time: 9.590 sec/batch
INFO:tensorflow:Step: 1221, Loss: 5.180701, time: 6.978 sec/batch
INFO:tensorflow:Step: 1230, Loss: 5.508116, time: 10.286 sec/batch
INFO:tensorflow:Step: 1243, Loss: 5.765719, time: 10.665 sec/batch
INFO:tensorflow:Step: 1256, Loss: 5.251883, time: 9.390 sec/batch
INFO:tensorflow:Step: 1267, Loss: 5.772086, time: 10.156 sec/batch
INFO:tensorflow:Step: 1280, Loss: 5.197462, time: 9.691 sec/batch
INFO:tensorflow:Step: 1292, Loss: 5.490846, time: 9.158 sec/batch
INFO:tensorflow:Step: 1303, Loss: 5.572769, time: 7.558 sec/batch
INFO:tensorflow:Step: 1314, Loss: 5.006836, time: 9.930 sec/batch
INFO:tensorflow:Step: 1327, Loss: 5.134735, time: 9.738 sec/batch
INFO:tensorflow:Step: 1338, Loss: 5.356199, time: 10.498 sec/batch
INFO:tensorflow:Step: 1351, Loss: 5.113210, time: 9.833 sec/batch
INFO:tensorflow:Step: 1365, Loss: 4.805553, time: 9.873 sec/batch
INFO:tensorflow:Step: 1377, Loss: 5.221694, time: 10.442 sec/batch
INFO:tensorflow:Step: 1389, Loss: 4.681642, time: 9.605 sec/batch
INFO:tensorflow:Step: 1398, Loss: 5.716633, time: 8.812 sec/batch
INFO:tensorflow:Step: 1411, Loss: 5.417560, time: 9.303 sec/batch
INFO:tensorflow:Step: 1422, Loss: 5.283922, time: 8.997 sec/batch
INFO:tensorflow:Step: 1434, Loss: 4.996666, time: 8.143 sec/batch
INFO:tensorflow:Step: 1443, Loss: 5.614762, time: 6.955 sec/batch
INFO:tensorflow:Step: 1453, Loss: 4.933475, time: 11.191 sec/batch
INFO:tensorflow:Step: 1468, Loss: 5.347867, time: 8.987 sec/batch
INFO:tensorflow:Step: 1478, Loss: 4.697193, time: 10.759 sec/batch
INFO:tensorflow:Step: 1492, Loss: 5.091146, time: 8.930 sec/batch
INFO:tensorflow:Step: 1503, Loss: 5.415656, time: 7.474 sec/batch
INFO:tensorflow:Step: 1512, Loss: 4.880125, time: 7.855 sec/batch
INFO:tensorflow:Step: 1523, Loss: 4.830504, time: 8.455 sec/batch
INFO:tensorflow:Step: 1534, Loss: 5.130649, time: 8.192 sec/batch
INFO:tensorflow:Step: 1546, Loss: 4.985156, time: 8.076 sec/batch
INFO:tensorflow:Step: 1557, Loss: 5.164537, time: 8.487 sec/batch
INFO:tensorflow:Step: 1566, Loss: 5.421127, time: 11.101 sec/batch
INFO:tensorflow:Step: 1581, Loss: 5.144056, time: 10.300 sec/batch
INFO:tensorflow:Step: 1594, Loss: 5.112749, time: 9.954 sec/batch
INFO:tensorflow:Step: 1609, Loss: 5.235258, time: 8.155 sec/batch
INFO:tensorflow:Step: 1618, Loss: 5.272558, time: 9.313 sec/batch
INFO:tensorflow:Step: 1632, Loss: 5.089877, time: 9.031 sec/batch
INFO:tensorflow:Step: 1643, Loss: 5.411282, time: 10.215 sec/batch
INFO:tensorflow:Step: 1656, Loss: 5.637483, time: 9.760 sec/batch
INFO:tensorflow:Step: 1669, Loss: 5.550826, time: 8.608 sec/batch
INFO:tensorflow:Step: 1679, Loss: 5.685128, time: 7.432 sec/batch
INFO:tensorflow:Step: 1689, Loss: 5.234360, time: 8.947 sec/batch
INFO:tensorflow:Step: 1702, Loss: 5.027376, time: 8.965 sec/batch
INFO:tensorflow:Step: 1713, Loss: 5.152761, time: 8.669 sec/batch
INFO:tensorflow:Step: 1724, Loss: 5.545516, time: 9.512 sec/batch
INFO:tensorflow:Step: 1737, Loss: 5.008302, time: 9.648 sec/batch
INFO:tensorflow:Step: 1749, Loss: 5.167451, time: 8.517 sec/batch
INFO:tensorflow:Step: 1762, Loss: 4.868428, time: 9.487 sec/batch
INFO:tensorflow:Step: 1773, Loss: 5.539285, time: 7.205 sec/batch
INFO:tensorflow:Step: 1784, Loss: 5.212399, time: 8.815 sec/batch
INFO:tensorflow:Step: 1795, Loss: 5.230953, time: 9.931 sec/batch
INFO:tensorflow:Step: 1807, Loss: 4.861777, time: 8.842 sec/batch
INFO:tensorflow:Step: 1819, Loss: 5.212445, time: 10.313 sec/batch
INFO:tensorflow:Step: 1832, Loss: 5.633131, time: 9.175 sec/batch
INFO:tensorflow:Step: 1845, Loss: 5.073664, time: 8.517 sec/batch
INFO:tensorflow:Step: 1856, Loss: 5.080471, time: 11.263 sec/batch
INFO:tensorflow:Step: 1869, Loss: 5.175252, time: 10.970 sec/batch
INFO:tensorflow:Step: 1882, Loss: 5.255553, time: 10.039 sec/batch
INFO:tensorflow:Step: 1894, Loss: 4.762845, time: 7.879 sec/batch
INFO:tensorflow:Step: 1905, Loss: 5.258265, time: 9.235 sec/batch
INFO:tensorflow:Step: 1917, Loss: 4.954763, time: 7.425 sec/batch
INFO:tensorflow:Step: 1929, Loss: 5.186224, time: 8.608 sec/batch
INFO:tensorflow:Step: 1938, Loss: 5.247900, time: 8.553 sec/batch
INFO:tensorflow:Step: 1951, Loss: 4.997289, time: 8.146 sec/batch
INFO:tensorflow:Step: 1961, Loss: 5.501046, time: 7.426 sec/batch
INFO:tensorflow:Step: 1971, Loss: 5.272801, time: 8.475 sec/batch
INFO:tensorflow:Step: 1983, Loss: 5.262388, time: 8.493 sec/batch
INFO:tensorflow:Step: 1993, Loss: 5.104737, time: 7.689 sec/batch
INFO:tensorflow:Step: 2004, Loss: 5.592533, time: 7.938 sec/batch
INFO:tensorflow:Step: 2013, Loss: 4.998337, time: 9.269 sec/batch
INFO:tensorflow:Step: 2027, Loss: 5.553317, time: 7.802 sec/batch
INFO:tensorflow:Step: 2037, Loss: 4.877698, time: 8.019 sec/batch
INFO:tensorflow:Step: 2049, Loss: 5.237861, time: 8.214 sec/batch
INFO:tensorflow:Step: 2058, Loss: 5.070250, time: 8.434 sec/batch
INFO:tensorflow:Step: 2070, Loss: 5.228867, time: 8.247 sec/batch
INFO:tensorflow:Step: 2082, Loss: 5.221176, time: 9.071 sec/batch
INFO:tensorflow:Step: 2094, Loss: 5.131475, time: 9.011 sec/batch
INFO:tensorflow:Step: 2104, Loss: 5.295190, time: 8.564 sec/batch
INFO:tensorflow:Step: 2117, Loss: 5.072654, time: 8.012 sec/batch
INFO:tensorflow:Step: 2127, Loss: 4.932628, time: 8.432 sec/batch
INFO:tensorflow:Step: 2139, Loss: 5.186726, time: 7.942 sec/batch
INFO:tensorflow:Step: 2148, Loss: 5.096952, time: 7.594 sec/batch
INFO:tensorflow:Step: 2161, Loss: 4.902855, time: 9.471 sec/batch
INFO:tensorflow:Step: 2171, Loss: 4.986447, time: 9.075 sec/batch
INFO:tensorflow:Step: 2183, Loss: 5.450264, time: 11.720 sec/batch
INFO:tensorflow:Step: 2196, Loss: 5.285465, time: 8.747 sec/batch
INFO:tensorflow:Step: 2208, Loss: 5.581240, time: 8.094 sec/batch
INFO:tensorflow:Step: 2220, Loss: 5.106366, time: 7.495 sec/batch
INFO:tensorflow:Step: 2229, Loss: 5.122748, time: 8.750 sec/batch
INFO:tensorflow:Step: 2243, Loss: 4.978091, time: 9.630 sec/batch
INFO:tensorflow:Step: 2254, Loss: 5.333139, time: 7.227 sec/batch
INFO:tensorflow:Step: 2264, Loss: 5.291041, time: 7.863 sec/batch
INFO:tensorflow:Step: 2275, Loss: 5.396571, time: 8.396 sec/batch
INFO:tensorflow:Step: 2286, Loss: 4.838670, time: 7.657 sec/batch
INFO:tensorflow:Step: 2295, Loss: 4.997758, time: 8.616 sec/batch
INFO:tensorflow:Step: 2306, Loss: 4.764064, time: 9.276 sec/batch
INFO:tensorflow:Step: 2318, Loss: 5.114594, time: 11.214 sec/batch
INFO:tensorflow:Step: 2334, Loss: 4.785148, time: 9.856 sec/batch
INFO:tensorflow:Step: 2344, Loss: 5.815201, time: 10.549 sec/batch
INFO:tensorflow:Step: 2359, Loss: 4.783419, time: 9.152 sec/batch
INFO:tensorflow:Step: 2369, Loss: 5.374640, time: 6.652 sec/batch
INFO:tensorflow:Step: 2379, Loss: 5.388345, time: 8.388 sec/batch
INFO:tensorflow:Step: 2389, Loss: 4.925500, time: 8.527 sec/batch
INFO:tensorflow:Step: 2401, Loss: 5.310004, time: 9.824 sec/batch
INFO:tensorflow:Step: 2413, Loss: 4.880407, time: 9.622 sec/batch
INFO:tensorflow:Step: 2425, Loss: 5.299889, time: 8.961 sec/batch
INFO:tensorflow:Step: 2437, Loss: 5.167201, time: 7.430 sec/batch
INFO:tensorflow:Step: 2446, Loss: 5.007905, time: 7.222 sec/batch
INFO:tensorflow:Step: 2457, Loss: 5.175471, time: 8.811 sec/batch
INFO:tensorflow:Step: 2469, Loss: 4.933830, time: 9.168 sec/batch
INFO:tensorflow:Step: 2481, Loss: 4.845092, time: 8.940 sec/batch
INFO:tensorflow:Step: 2494, Loss: 5.825961, time: 8.725 sec/batch
INFO:tensorflow:Step: 2505, Loss: 5.356542, time: 7.381 sec/batch
INFO:tensorflow:Step: 2515, Loss: 5.513208, time: 8.352 sec/batch
INFO:tensorflow:Step: 2527, Loss: 5.120492, time: 9.896 sec/batch
INFO:tensorflow:Step: 2539, Loss: 5.218082, time: 7.888 sec/batch
INFO:tensorflow:Step: 2550, Loss: 4.679989, time: 8.068 sec/batch
INFO:tensorflow:Step: 2562, Loss: 5.067996, time: 8.664 sec/batch
INFO:tensorflow:Step: 2573, Loss: 5.527476, time: 9.392 sec/batch
INFO:tensorflow:Step: 2585, Loss: 5.000264, time: 9.340 sec/batch
INFO:tensorflow:Step: 2597, Loss: 5.284210, time: 8.128 sec/batch
INFO:tensorflow:Step: 2607, Loss: 4.856863, time: 8.219 sec/batch
INFO:tensorflow:Step: 2619, Loss: 5.988747, time: 10.534 sec/batch
INFO:tensorflow:Step: 2632, Loss: 4.691664, time: 10.310 sec/batch
INFO:tensorflow:Step: 2643, Loss: 5.168786, time: 8.650 sec/batch
INFO:tensorflow:Step: 2656, Loss: 5.781789, time: 8.494 sec/batch
INFO:tensorflow:Step: 2667, Loss: 4.684880, time: 10.440 sec/batch
INFO:tensorflow:Step: 2679, Loss: 4.726102, time: 8.293 sec/batch
INFO:tensorflow:Step: 2690, Loss: 4.991987, time: 6.764 sec/batch
INFO:tensorflow:Step: 2698, Loss: 5.364725, time: 8.043 sec/batch
INFO:tensorflow:Step: 2710, Loss: 5.334937, time: 8.161 sec/batch
INFO:tensorflow:Step: 2720, Loss: 4.992894, time: 8.117 sec/batch
INFO:tensorflow:Step: 2732, Loss: 4.976067, time: 7.974 sec/batch
INFO:tensorflow:Step: 2743, Loss: 5.186080, time: 9.803 sec/batch
INFO:tensorflow:Step: 2754, Loss: 5.013013, time: 8.331 sec/batch
INFO:tensorflow:Step: 2766, Loss: 5.053308, time: 8.923 sec/batch
INFO:tensorflow:Step: 2777, Loss: 5.156781, time: 8.673 sec/batch
INFO:tensorflow:Step: 2789, Loss: 5.328684, time: 9.812 sec/batch
INFO:tensorflow:Step: 2802, Loss: 5.036631, time: 7.093 sec/batch
INFO:tensorflow:Step: 2810, Loss: 5.100100, time: 8.868 sec/batch
INFO:tensorflow:Step: 2820, Loss: 5.182398, time: 8.534 sec/batch
INFO:tensorflow:Step: 2832, Loss: 4.796315, time: 8.510 sec/batch
INFO:tensorflow:Step: 2845, Loss: 4.932239, time: 9.168 sec/batch
INFO:tensorflow:Step: 2856, Loss: 5.102772, time: 8.466 sec/batch
INFO:tensorflow:Step: 2868, Loss: 4.995135, time: 8.278 sec/batch
INFO:tensorflow:Step: 2880, Loss: 5.198110, time: 7.392 sec/batch
INFO:tensorflow:Step: 2890, Loss: 5.286950, time: 8.975 sec/batch
INFO:tensorflow:Step: 2904, Loss: 5.043709, time: 8.276 sec/batch
INFO:tensorflow:Step: 2913, Loss: 5.231747, time: 8.330 sec/batch
INFO:tensorflow:Step: 2924, Loss: 4.721406, time: 7.613 sec/batch
INFO:tensorflow:Step: 2935, Loss: 5.593444, time: 8.704 sec/batch
INFO:tensorflow:Step: 2947, Loss: 5.160162, time: 8.839 sec/batch
INFO:tensorflow:Step: 2957, Loss: 4.971732, time: 9.158 sec/batch
INFO:tensorflow:Step: 2971, Loss: 4.806499, time: 8.740 sec/batch
INFO:tensorflow:Step: 2982, Loss: 4.956103, time: 7.904 sec/batch
INFO:tensorflow:Step: 2992, Loss: 4.929775, time: 7.398 sec/batch
INFO:tensorflow:Step: 3002, Loss: 5.286109, time: 7.131 sec/batch
INFO:tensorflow:Step: 3012, Loss: 4.845593, time: 10.366 sec/batch
INFO:tensorflow:Step: 3027, Loss: 5.206231, time: 8.939 sec/batch
INFO:tensorflow:Step: 3039, Loss: 5.471905, time: 6.741 sec/batch
INFO:tensorflow:Step: 3047, Loss: 4.612693, time: 8.778 sec/batch
INFO:tensorflow:Step: 3059, Loss: 5.175900, time: 7.307 sec/batch
INFO:tensorflow:Step: 3068, Loss: 5.061305, time: 9.038 sec/batch
INFO:tensorflow:Step: 3081, Loss: 4.813277, time: 8.857 sec/batch
INFO:tensorflow:Step: 3090, Loss: 5.280549, time: 6.694 sec/batch
INFO:tensorflow:Step: 3102, Loss: 4.980272, time: 7.939 sec/batch
INFO:tensorflow:Step: 3111, Loss: 5.022883, time: 8.944 sec/batch
INFO:tensorflow:Step: 3123, Loss: 5.237594, time: 9.538 sec/batch
INFO:tensorflow:Step: 3135, Loss: 5.767648, time: 9.614 sec/batch
INFO:tensorflow:Step: 3147, Loss: 4.811777, time: 8.931 sec/batch
INFO:tensorflow:Step: 3159, Loss: 5.313128, time: 10.500 sec/batch
INFO:tensorflow:Step: 3172, Loss: 5.679388, time: 7.780 sec/batch
INFO:tensorflow:Step: 3182, Loss: 5.467113, time: 8.442 sec/batch
INFO:tensorflow:Step: 3192, Loss: 4.797735, time: 7.480 sec/batch
INFO:tensorflow:Step: 3203, Loss: 5.022894, time: 9.142 sec/batch
INFO:tensorflow:Step: 3215, Loss: 5.276129, time: 8.735 sec/batch
INFO:tensorflow:Step: 3226, Loss: 5.245308, time: 8.190 sec/batch
INFO:tensorflow:Step: 3238, Loss: 5.031379, time: 7.900 sec/batch
INFO:tensorflow:Step: 3248, Loss: 5.187320, time: 8.216 sec/batch
INFO:tensorflow:Step: 3259, Loss: 4.728988, time: 8.571 sec/batch
INFO:tensorflow:Step: 3272, Loss: 5.064273, time: 8.642 sec/batch
INFO:tensorflow:Step: 3282, Loss: 4.746181, time: 7.669 sec/batch
INFO:tensorflow:Step: 3294, Loss: 5.340398, time: 8.265 sec/batch
INFO:tensorflow:Step: 3305, Loss: 4.810358, time: 7.783 sec/batch
INFO:tensorflow:Step: 3316, Loss: 5.158573, time: 9.128 sec/batch
INFO:tensorflow:Step: 3328, Loss: 4.899824, time: 7.988 sec/batch
INFO:tensorflow:Step: 3339, Loss: 5.380663, time: 8.057 sec/batch
INFO:tensorflow:Step: 3349, Loss: 4.870137, time: 8.479 sec/batch
INFO:tensorflow:Step: 3362, Loss: 4.813509, time: 9.036 sec/batch
INFO:tensorflow:Step: 3373, Loss: 5.173081, time: 8.443 sec/batch
INFO:tensorflow:Step: 3385, Loss: 5.062526, time: 7.960 sec/batch
INFO:tensorflow:Step: 3395, Loss: 4.704777, time: 8.422 sec/batch
INFO:tensorflow:Step: 3408, Loss: 4.718279, time: 8.390 sec/batch
INFO:tensorflow:Step: 3418, Loss: 5.300633, time: 10.871 sec/batch
INFO:tensorflow:Step: 3430, Loss: 4.760003, time: 7.704 sec/batch
INFO:tensorflow:Step: 3441, Loss: 4.884517, time: 6.794 sec/batch
INFO:tensorflow:Step: 3451, Loss: 5.373205, time: 7.866 sec/batch
INFO:tensorflow:Step: 3462, Loss: 5.443334, time: 11.354 sec/batch
INFO:tensorflow:Step: 3476, Loss: 5.082013, time: 9.025 sec/batch
INFO:tensorflow:Step: 3487, Loss: 5.090158, time: 8.765 sec/batch
INFO:tensorflow:Step: 3499, Loss: 5.489976, time: 7.824 sec/batch
INFO:tensorflow:Step: 3510, Loss: 4.616731, time: 7.673 sec/batch
INFO:tensorflow:Step: 3520, Loss: 4.979108, time: 7.172 sec/batch
INFO:tensorflow:Step: 3531, Loss: 5.448275, time: 9.017 sec/batch
INFO:tensorflow:Step: 3543, Loss: 4.867665, time: 10.321 sec/batch
INFO:tensorflow:Step: 3556, Loss: 5.077346, time: 9.510 sec/batch
INFO:tensorflow:Step: 3569, Loss: 4.879185, time: 9.085 sec/batch
INFO:tensorflow:Step: 3581, Loss: 5.023297, time: 8.582 sec/batch
INFO:tensorflow:Step: 3593, Loss: 5.368747, time: 7.002 sec/batch
INFO:tensorflow:Step: 3601, Loss: 5.171525, time: 9.441 sec/batch
INFO:tensorflow:Step: 3614, Loss: 4.996555, time: 9.685 sec/batch
INFO:tensorflow:Step: 3626, Loss: 5.099193, time: 9.715 sec/batch
INFO:tensorflow:Step: 3638, Loss: 5.088933, time: 9.008 sec/batch
INFO:tensorflow:Step: 3650, Loss: 5.583365, time: 9.401 sec/batch
INFO:tensorflow:Step: 3663, Loss: 5.545940, time: 7.517 sec/batch
INFO:tensorflow:Step: 3674, Loss: 5.384495, time: 8.009 sec/batch
INFO:tensorflow:Step: 3685, Loss: 5.495455, time: 8.651 sec/batch
INFO:tensorflow:Step: 3696, Loss: 4.902290, time: 10.115 sec/batch
INFO:tensorflow:Step: 3710, Loss: 5.026902, time: 7.490 sec/batch
INFO:tensorflow:Step: 3718, Loss: 4.915684, time: 6.178 sec/batch
INFO:tensorflow:Step: 3728, Loss: 5.011071, time: 8.049 sec/batch
INFO:tensorflow:Step: 3739, Loss: 4.984088, time: 9.932 sec/batch
INFO:tensorflow:Step: 3751, Loss: 5.334953, time: 8.219 sec/batch
INFO:tensorflow:Step: 3762, Loss: 4.857463, time: 7.386 sec/batch
INFO:tensorflow:Step: 3772, Loss: 4.686907, time: 7.579 sec/batch
INFO:tensorflow:Step: 3783, Loss: 5.133863, time: 8.238 sec/batch
INFO:tensorflow:Step: 3795, Loss: 4.609255, time: 9.991 sec/batch
INFO:tensorflow:Step: 3808, Loss: 4.814952, time: 7.878 sec/batch
INFO:tensorflow:Step: 3817, Loss: 5.105976, time: 7.806 sec/batch
run-expr-32node.sh: line 23: 89580 Terminated              CUDA_VISIBLE_DEVICES='' bazel-bin/inception/imagenet_distributed_train --batch_size=16 --data_dir=/lfs/local/0/daniter/16node-data-$2 --job_name='worker' --task_id=$2 --ps_hosts='raiders1:2200' --worker_hosts='raiders1:2201,raiders1:2202,raiders1:2203,raiders1:2204,raiders2:2205,raiders2:2206,raiders2:2207,raiders2:2208,raiders3:2209,raiders3:2210,raiders3:2211,raiders3:2212,raiders8:2213,raiders8:2214,raiders8:2215,raiders8:2216' --initial_learning_rate=$3 --momentum=$4 --sync=True --compute_groups=$5
