DISPLAY "(null)" invalid; disabling X11 forwarding
INFO:tensorflow:PS hosts are: ['raiders1:2200']
INFO:tensorflow:Worker hosts are: ['raiders1:2201', 'raiders1:2202', 'raiders1:2203', 'raiders1:2204', 'raiders2:2205', 'raiders2:2206', 'raiders2:2207', 'raiders2:2208', 'raiders3:2209', 'raiders3:2210', 'raiders3:2211', 'raiders3:2212', 'raiders8:2213', 'raiders8:2214', 'raiders8:2215', 'raiders8:2216']
I tensorflow/core/distributed_runtime/rpc/grpc_channel.cc:206] Initialize HostPortsGrpcChannelCache for job ps -> {raiders1:2200}
I tensorflow/core/distributed_runtime/rpc/grpc_channel.cc:206] Initialize HostPortsGrpcChannelCache for job worker -> {raiders1:2201, raiders1:2202, raiders1:2203, raiders1:2204, raiders2:2205, raiders2:2206, raiders2:2207, raiders2:2208, raiders3:2209, raiders3:2210, raiders3:2211, raiders3:2212, raiders8:2213, raiders8:2214, localhost:2215, raiders8:2216}
I tensorflow/core/distributed_runtime/rpc/grpc_server_lib.cc:202] Started server with target: grpc://localhost:2215
INFO:tensorflow:Learning rate: 0.005000, momentum: 0.300000
INFO:tensorflow:2016-07-26 23:30:25.990424 Supervisor
INFO:tensorflow:Waiting for model to be ready: Variables not initialized: global_step, conv0/weights, conv0/BatchNorm/beta, conv0/BatchNorm/moving_mean, conv0/BatchNorm/moving_variance, conv1/weights, conv1/BatchNorm/beta, conv1/BatchNorm/moving_mean, conv1/BatchNorm/moving_variance, conv2/weights, conv2/BatchNorm/beta, conv2/BatchNorm/moving_mean, conv2/BatchNorm/moving_variance, conv3/weights, conv3/BatchNorm/beta, conv3/BatchNorm/moving_mean, conv3/BatchNorm/moving_variance, conv4/weights, conv4/BatchNorm/beta, conv4/BatchNorm/moving_mean, conv4/BatchNorm/moving_variance, mixed_35x35x256a/branch1x1/Conv/weights, mixed_35x35x256a/branch1x1/Conv/BatchNorm/beta, mixed_35x35x256a/branch1x1/Conv/BatchNorm/moving_mean, mixed_35x35x256a/branch1x1/Conv/BatchNorm/moving_variance, mixed_35x35x256a/branch5x5/Conv/weights, mixed_35x35x256a/branch5x5/Conv/BatchNorm/beta, mixed_35x35x256a/branch5x5/Conv/BatchNorm/moving_mean, mixed_35x35x256a/branch5x5/Conv/BatchNorm/moving_variance, mixed_35x35x256a/branch5x5/Conv_1/weights, mixed_35x35x256a/branch5x5/Conv_1/BatchNorm/beta, mixed_35x35x256a/branch5x5/Conv_1/BatchNorm/moving_mean, mixed_35x35x256a/branch5x5/Conv_1/BatchNorm/moving_variance, mixed_35x35x256a/branch3x3dbl/Conv/weights, mixed_35x35x256a/branch3x3dbl/Conv/BatchNorm/beta, mixed_35x35x256a/branch3x3dbl/Conv/BatchNorm/moving_mean, mixed_35x35x256a/branch3x3dbl/Conv/BatchNorm/moving_variance, mixed_35x35x256a/branch3x3dbl/Conv_1/weights, mixed_35x35x256a/branch3x3dbl/Conv_1/BatchNorm/beta, mixed_35x35x256a/branch3x3dbl/Conv_1/BatchNorm/moving_mean, mixed_35x35x256a/branch3x3dbl/Conv_1/BatchNorm/moving_variance, mixed_35x35x256a/branch3x3dbl/Conv_2/weights, mixed_35x35x256a/branch3x3dbl/Conv_2/BatchNorm/beta, mixed_35x35x256a/branch3x3dbl/Conv_2/BatchNorm/moving_mean, mixed_35x35x256a/branch3x3dbl/Conv_2/BatchNorm/moving_variance, mixed_35x35x256a/branch_pool/Conv/weights, mixed_35x35x256a/branch_pool/Conv/BatchNorm/beta, mixed_35x35x256a/branch_pool/Conv/BatchNorm/moving_mean, mixed_35x35x256a/branch_pool/Conv/BatchNorm/moving_variance, mixed_35x35x288a/branch1x1/Conv/weights, mixed_35x35x288a/branch1x1/Conv/BatchNorm/beta, mixed_35x35x288a/branch1x1/Conv/BatchNorm/moving_mean, mixed_35x35x288a/branch1x1/Conv/BatchNorm/moving_variance, mixed_35x35x288a/branch5x5/Conv/weights, mixed_35x35x288a/branch5x5/Conv/BatchNorm/beta, mixed_35x35x288a/branch5x5/Conv/BatchNorm/moving_mean, mixed_35x35x288a/branch5x5/Conv/BatchNorm/moving_variance, mixed_35x35x288a/branch5x5/Conv_1/weights, mixed_35x35x288a/branch5x5/Conv_1/BatchNorm/beta, mixed_35x35x288a/branch5x5/Conv_1/BatchNorm/moving_mean, mixed_35x35x288a/branch5x5/Conv_1/BatchNorm/moving_variance, mixed_35x35x288a/branch3x3dbl/Conv/weights, mixed_35x35x288a/branch3x3dbl/Conv/BatchNorm/beta, mixed_35x35x288a/branch3x3dbl/Conv/BatchNorm/moving_mean, mixed_35x35x288a/branch3x3dbl/Conv/BatchNorm/moving_variance, mixed_35x35x288a/branch3x3dbl/Conv_1/weights, mixed_35x35x288a/branch3x3dbl/Conv_1/BatchNorm/beta, mixed_35x35x288a/branch3x3dbl/Conv_1/BatchNorm/moving_mean, mixed_35x35x288a/branch3x3dbl/Conv_1/BatchNorm/moving_variance, mixed_35x35x288a/branch3x3dbl/Conv_2/weights, mixed_35x35x288a/branch3x3dbl/Conv_2/BatchNorm/beta, mixed_35x35x288a/branch3x3dbl/Conv_2/BatchNorm/moving_mean, mixed_35x35x288a/branch3x3dbl/Conv_2/BatchNorm/moving_variance, mixed_35x35x288a/branch_pool/Conv/weights, mixed_35x35x288a/branch_pool/Conv/BatchNorm/beta, mixed_35x35x288a/branch_pool/Conv/BatchNorm/moving_mean, mixed_35x35x288a/branch_pool/Conv/BatchNorm/moving_variance, mixed_35x35x288b/branch1x1/Conv/weights, mixed_35x35x288b/branch1x1/Conv/BatchNorm/beta, mixed_35x35x288b/branch1x1/Conv/BatchNorm/moving_mean, mixed_35x35x288b/branch1x1/Conv/BatchNorm/moving_variance, mixed_35x35x288b/branch5x5/Conv/weights, mixed_35x35x288b/branch5x5/Conv/BatchNorm/beta, mixed_35x35x288b/branch5x5/Conv/BatchNorm/moving_mean, mixed_35x35x288b/branch5x5/Conv/BatchNorm/moving_variance, mixed_35x35x288b/branch5x5/Conv_1/weights, mixed_35x35x288b/branch5x5/Conv_1/BatchNorm/beta, mixed_35x35x288b/branch5x5/Conv_1/BatchNorm/moving_mean, mixed_35x35x288b/branch5x5/Conv_1/BatchNorm/moving_variance, mixed_35x35x288b/branch3x3dbl/Conv/weights, mixed_35x35x288b/branch3x3dbl/Conv/BatchNorm/beta, mixed_35x35x288b/branch3x3dbl/Conv/BatchNorm/moving_mean, mixed_35x35x288b/branch3x3dbl/Conv/BatchNorm/moving_variance, mixed_35x35x288b/branch3x3dbl/Conv_1/weights, mixed_35x35x288b/branch3x3dbl/Conv_1/BatchNorm/beta, mixed_35x35x288b/branch3x3dbl/Conv_1/BatchNorm/moving_mean, mixed_35x35x288b/branch3x3dbl/Conv_1/BatchNorm/moving_variance, mixed_35x35x288b/branch3x3dbl/Conv_2/weights, mixed_35x35x288b/branch3x3dbl/Conv_2/BatchNorm/beta, mixed_35x35x288b/branch3x3dbl/Conv_2/BatchNorm/moving_mean, mixed_35x35x288b/branch3x3dbl/Conv_2/BatchNorm/moving_variance, mixed_35x35x288b/branch_pool/Conv/weights, mixed_35x35x288b/branch_pool/Conv/BatchNorm/beta, mixed_35x35x288b/branch_pool/Conv/BatchNorm/moving_mean, mixed_35x35x288b/branch_pool/Conv/BatchNorm/moving_variance, mixed_17x17x768a/branch3x3/Conv/weights, mixed_17x17x768a/branch3x3/Conv/BatchNorm/beta, mixed_17x17x768a/branch3x3/Conv/BatchNorm/moving_mean, mixed_17x17x768a/branch3x3/Conv/BatchNorm/moving_variance, mixed_17x17x768a/branch3x3dbl/Conv/weights, mixed_17x17x768a/branch3x3dbl/Conv/BatchNorm/beta, mixed_17x17x768a/branch3x3dbl/Conv/BatchNorm/moving_mean, mixed_17x17x768a/branch3x3dbl/Conv/BatchNorm/moving_variance, mixed_17x17x768a/branch3x3dbl/Conv_1/weights, mixed_17x17x768a/branch3x3dbl/Conv_1/BatchNorm/beta, mixed_17x17x768a/branch3x3dbl/Conv_1/BatchNorm/moving_mean, mixed_17x17x768a/branch3x3dbl/Conv_1/BatchNorm/moving_variance, mixed_17x17x768a/branch3x3dbl/Conv_2/weights, mixed_17x17x768a/branch3x3dbl/Conv_2/BatchNorm/beta, mixed_17x17x768a/branch3x3dbl/Conv_2/BatchNorm/moving_mean, mixed_17x17x768a/branch3x3dbl/Conv_2/BatchNorm/moving_variance, mixed_17x17x768b/branch1x1/Conv/weights, mixed_17x17x768b/branch1x1/Conv/BatchNorm/beta, mixed_17x17x768b/branch1x1/Conv/BatchNorm/moving_mean, mixed_17x17x768b/branch1x1/Conv/BatchNorm/moving_variance, mixed_17x17x768b/branch7x7/Conv/weights, mixed_17x17x768b/branch7x7/Conv/BatchNorm/beta, mixed_17x17x768b/branch7x7/Conv/BatchNorm/moving_mean, mixed_17x17x768b/branch7x7/Conv/BatchNorm/moving_variance, mixed_17x17x768b/branch7x7/Conv_1/weights, mixed_17x17x768b/branch7x7/Conv_1/BatchNorm/beta, mixed_17x17x768b/branch7x7/Conv_1/BatchNorm/moving_mean, mixed_17x17x768b/branch7x7/Conv_1/BatchNorm/moving_variance, mixed_17x17x768b/branch7x7/Conv_2/weights, mixed_17x17x768b/branch7x7/Conv_2/BatchNorm/beta, mixed_17x17x768b/branch7x7/Conv_2/BatchNorm/moving_mean, mixed_17x17x768b/branch7x7/Conv_2/BatchNorm/moving_variance, mixed_17x17x768b/branch7x7dbl/Conv/weights, mixed_17x17x768b/branch7x7dbl/Conv/BatchNorm/beta, mixed_17x17x768b/branch7x7dbl/Conv/BatchNorm/moving_mean, mixed_17x17x768b/branch7x7dbl/Conv/BatchNorm/moving_variance, mixed_17x17x768b/branch7x7dbl/Conv_1/weights, mixed_17x17x768b/branch7x7dbl/Conv_1/BatchNorm/beta, mixed_17x17x768b/branch7x7dbl/Conv_1/BatchNorm/moving_mean, mixed_17x17x768b/branch7x7dbl/Conv_1/BatchNorm/moving_variance, mixed_17x17x768b/branch7x7dbl/Conv_2/weights, mixed_17x17x768b/branch7x7dbl/Conv_2/BatchNorm/beta, mixed_17x17x768b/branch7x7dbl/Conv_2/BatchNorm/moving_mean, mixed_17x17x768b/branch7x7dbl/Conv_2/BatchNorm/moving_variance, mixed_17x17x768b/branch7x7dbl/Conv_3/weights, mixed_17x17x768b/branch7x7dbl/Conv_3/BatchNorm/beta, mixed_17x17x768b/branch7x7dbl/Conv_3/BatchNorm/moving_mean, mixed_17x17x768b/branch7x7dbl/Conv_3/BatchNorm/moving_variance, mixed_17x17x768b/branch7x7dbl/Conv_4/weights, mixed_17x17x768b/branch7x7dbl/Conv_4/BatchNorm/beta, mixed_17x17x768b/branch7x7dbl/Conv_4/BatchNorm/moving_mean, mixed_17x17x768b/branch7x7dbl/Conv_4/BatchNorm/moving_variance, mixed_17x17x768b/branch_pool/Conv/weights, mixed_17x17x768b/branch_pool/Conv/BatchNorm/beta, mixed_17x17x768b/branch_pool/Conv/BatchNorm/moving_mean, mixed_17x17x768b/branch_pool/Conv/BatchNorm/moving_variance, mixed_17x17x768c/branch1x1/Conv/weights, mixed_17x17x768c/branch1x1/Conv/BatchNorm/beta, mixed_17x17x768c/branch1x1/Conv/BatchNorm/moving_mean, mixed_17x17x768c/branch1x1/Conv/BatchNorm/moving_variance, mixed_17x17x768c/branch7x7/Conv/weights, mixed_17x17x768c/branch7x7/Conv/BatchNorm/beta, mixed_17x17x768c/branch7x7/Conv/BatchNorm/moving_mean, mixed_17x17x768c/branch7x7/Conv/BatchNorm/moving_variance, mixed_17x17x768c/branch7x7/Conv_1/weights, mixed_17x17x768c/branch7x7/Conv_1/BatchNorm/beta, mixed_17x17x768c/branch7x7/Conv_1/BatchNorm/moving_mean, mixed_17x17x768c/branch7x7/Conv_1/BatchNorm/moving_variance, mixed_17x17x768c/branch7x7/Conv_2/weights, mixed_17x17x768c/branch7x7/Conv_2/BatchNorm/beta, mixed_17x17x768c/branch7x7/Conv_2/BatchNorm/moving_mean, mixed_17x17x768c/branch7x7/Conv_2/BatchNorm/moving_variance, mixed_17x17x768c/branch7x7dbl/Conv/weights, mixed_17x17x768c/branch7x7dbl/Conv/BatchNorm/beta, mixed_17x17x768c/branch7x7dbl/Conv/BatchNorm/moving_mean, mixed_17x17x768c/branch7x7dbl/Conv/BatchNorm/moving_variance, mixed_17x17x768c/branch7x7dbl/Conv_1/weights, mixed_17x17x768c/branch7x7dbl/Conv_1/BatchNorm/beta, mixed_17x17x768c/branch7x7dbl/Conv_1/BatchNorm/moving_mean, mixed_17x17x768c/branch7x7dbl/Conv_1/BatchNorm/moving_variance, mixed_17x17x768c/branch7x7dbl/Conv_2/weights, mixed_17x17x768c/branch7x7dbl/Conv_2/BatchNorm/beta, mixed_17x17x768c/branch7x7dbl/Conv_2/BatchNorm/moving_mean, mixed_17x17x768c/branch7x7dbl/Conv_2/BatchNorm/moving_variance, mixed_17x17x768c/branch7x7dbl/Conv_3/weights, mixed_17x17x768c/branch7x7dbl/Conv_3/BatchNorm/beta, mixed_17x17x768c/branch7x7dbl/Conv_3/BatchNorm/moving_mean, mixed_17x17x768c/branch7x7dbl/Conv_3/BatchNorm/moving_variance, mixed_17x17x768c/branch7x7dbl/Conv_4/weights, mixed_17x17x768c/branch7x7dbl/Conv_4/BatchNorm/beta, mixed_17x17x768c/branch7x7dbl/Conv_4/BatchNorm/moving_mean, mixed_17x17x768c/branch7x7dbl/Conv_4/BatchNorm/moving_variance, mixed_17x17x768c/branch_pool/Conv/weights, mixed_17x17x768c/branch_pool/Conv/BatchNorm/beta, mixed_17x17x768c/branch_pool/Conv/BatchNorm/moving_mean, mixed_17x17x768c/branch_pool/Conv/BatchNorm/moving_variance, mixed_17x17x768d/branch1x1/Conv/weights, mixed_17x17x768d/branch1x1/Conv/BatchNorm/beta, mixed_17x17x768d/branch1x1/Conv/BatchNorm/moving_mean, mixed_17x17x768d/branch1x1/Conv/BatchNorm/moving_variance, mixed_17x17x768d/branch7x7/Conv/weights, mixed_17x17x768d/branch7x7/Conv/BatchNorm/beta, mixed_17x17x768d/branch7x7/Conv/BatchNorm/moving_mean, mixed_17x17x768d/branch7x7/Conv/BatchNorm/moving_variance, mixed_17x17x768d/branch7x7/Conv_1/weights, mixed_17x17x768d/branch7x7/Conv_1/BatchNorm/beta, mixed_17x17x768d/branch7x7/Conv_1/BatchNorm/moving_mean, mixed_17x17x768d/branch7x7/Conv_1/BatchNorm/moving_variance, mixed_17x17x768d/branch7x7/Conv_2/weights, mixed_17x17x768d/branch7x7/Conv_2/BatchNorm/beta, mixed_17x17x768d/branch7x7/Conv_2/BatchNorm/moving_mean, mixed_17x17x768d/branch7x7/Conv_2/BatchNorm/moving_variance, mixed_17x17x768d/branch7x7dbl/Conv/weights, mixed_17x17x768d/branch7x7dbl/Conv/BatchNorm/beta, mixed_17x17x768d/branch7x7dbl/Conv/BatchNorm/moving_mean, mixed_17x17x768d/branch7x7dbl/Conv/BatchNorm/moving_variance, mixed_17x17x768d/branch7x7dbl/Conv_1/weights, mixed_17x17x768d/branch7x7dbl/Conv_1/BatchNorm/beta, mixed_17x17x768d/branch7x7dbl/Conv_1/BatchNorm/moving_mean, mixed_17x17x768d/branch7x7dbl/Conv_1/BatchNorm/moving_variance, mixed_17x17x768d/branch7x7dbl/Conv_2/weights, mixed_17x17x768d/branch7x7dbl/Conv_2/BatchNorm/beta, mixed_17x17x768d/branch7x7dbl/Conv_2/BatchNorm/moving_mean, mixed_17x17x768d/branch7x7dbl/Conv_2/BatchNorm/moving_variance, mixed_17x17x768d/branch7x7dbl/Conv_3/weights, mixed_17x17x768d/branch7x7dbl/Conv_3/BatchNorm/beta, mixed_17x17x768d/branch7x7dbl/Conv_3/BatchNorm/moving_mean, mixed_17x17x768d/branch7x7dbl/Conv_3/BatchNorm/moving_variance, mixed_17x17x768d/branch7x7dbl/Conv_4/weights, mixed_17x17x768d/branch7x7dbl/Conv_4/BatchNorm/beta, mixed_17x17x768d/branch7x7dbl/Conv_4/BatchNorm/moving_mean, mixed_17x17x768d/branch7x7dbl/Conv_4/BatchNorm/moving_variance, mixed_17x17x768d/branch_pool/Conv/weights, mixed_17x17x768d/branch_pool/Conv/BatchNorm/beta, mixed_17x17x768d/branch_pool/Conv/BatchNorm/moving_mean, mixed_17x17x768d/branch_pool/Conv/BatchNorm/moving_variance, mixed_17x17x768e/branch1x1/Conv/weights, mixed_17x17x768e/branch1x1/Conv/BatchNorm/beta, mixed_17x17x768e/branch1x1/Conv/BatchNorm/moving_mean, mixed_17x17x768e/branch1x1/Conv/BatchNorm/moving_variance, mixed_17x17x768e/branch7x7/Conv/weights, mixed_17x17x768e/branch7x7/Conv/BatchNorm/beta, mixed_17x17x768e/branch7x7/Conv/BatchNorm/moving_mean, mixed_17x17x768e/branch7x7/Conv/BatchNorm/moving_variance, mixed_17x17x768e/branch7x7/Conv_1/weights, mixed_17x17x768e/branch7x7/Conv_1/BatchNorm/beta, mixed_17x17x768e/branch7x7/Conv_1/BatchNorm/moving_mean, mixed_17x17x768e/branch7x7/Conv_1/BatchNorm/moving_variance, mixed_17x17x768e/branch7x7/Conv_2/weights, mixed_17x17x768e/branch7x7/Conv_2/BatchNorm/beta, mixed_17x17x768e/branch7x7/Conv_2/BatchNorm/moving_mean, mixed_17x17x768e/branch7x7/Conv_2/BatchNorm/moving_variance, mixed_17x17x768e/branch7x7dbl/Conv/weights, mixed_17x17x768e/branch7x7dbl/Conv/BatchNorm/beta, mixed_17x17x768e/branch7x7dbl/Conv/BatchNorm/moving_mean, mixed_17x17x768e/branch7x7dbl/Conv/BatchNorm/moving_variance, mixed_17x17x768e/branch7x7dbl/Conv_1/weights, mixed_17x17x768e/branch7x7dbl/Conv_1/BatchNorm/beta, mixed_17x17x768e/branch7x7dbl/Conv_1/BatchNorm/moving_mean, mixed_17x17x768e/branch7x7dbl/Conv_1/BatchNorm/moving_variance, mixed_17x17x768e/branch7x7dbl/Conv_2/weights, mixed_17x17x768e/branch7x7dbl/Conv_2/BatchNorm/beta, mixed_17x17x768e/branch7x7dbl/Conv_2/BatchNorm/moving_mean, mixed_17x17x768e/branch7x7dbl/Conv_2/BatchNorm/moving_variance, mixed_17x17x768e/branch7x7dbl/Conv_3/weights, mixed_17x17x768e/branch7x7dbl/Conv_3/BatchNorm/beta, mixed_17x17x768e/branch7x7dbl/Conv_3/BatchNorm/moving_mean, mixed_17x17x768e/branch7x7dbl/Conv_3/BatchNorm/moving_variance, mixed_17x17x768e/branch7x7dbl/Conv_4/weights, mixed_17x17x768e/branch7x7dbl/Conv_4/BatchNorm/beta, mixed_17x17x768e/branch7x7dbl/Conv_4/BatchNorm/moving_mean, mixed_17x17x768e/branch7x7dbl/Conv_4/BatchNorm/moving_variance, mixed_17x17x768e/branch_pool/Conv/weights, mixed_17x17x768e/branch_pool/Conv/BatchNorm/beta, mixed_17x17x768e/branch_pool/Conv/BatchNorm/moving_mean, mixed_17x17x768e/branch_pool/Conv/BatchNorm/moving_variance, aux_logits/proj/weights, aux_logits/proj/BatchNorm/beta, aux_logits/proj/BatchNorm/moving_mean, aux_logits/proj/BatchNorm/moving_variance, aux_logits/Conv/weights, aux_logits/Conv/BatchNorm/beta, aux_logits/Conv/BatchNorm/moving_mean, aux_logits/Conv/BatchNorm/moving_variance, aux_logits/FC/weights, aux_logits/FC/biases, mixed_17x17x1280a/branch3x3/Conv/weights, mixed_17x17x1280a/branch3x3/Conv/BatchNorm/beta, mixed_17x17x1280a/branch3x3/Conv/BatchNorm/moving_mean, mixed_17x17x1280a/branch3x3/Conv/BatchNorm/moving_variance, mixed_17x17x1280a/branch3x3/Conv_1/weights, mixed_17x17x1280a/branch3x3/Conv_1/BatchNorm/beta, mixed_17x17x1280a/branch3x3/Conv_1/BatchNorm/moving_mean, mixed_17x17x1280a/branch3x3/Conv_1/BatchNorm/moving_variance, mixed_17x17x1280a/branch7x7x3/Conv/weights, mixed_17x17x1280a/branch7x7x3/Conv/BatchNorm/beta, mixed_17x17x1280a/branch7x7x3/Conv/BatchNorm/moving_mean, mixed_17x17x1280a/branch7x7x3/Conv/BatchNorm/moving_variance, mixed_17x17x1280a/branch7x7x3/Conv_1/weights, mixed_17x17x1280a/branch7x7x3/Conv_1/BatchNorm/beta, mixed_17x17x1280a/branch7x7x3/Conv_1/BatchNorm/moving_mean, mixed_17x17x1280a/branch7x7x3/Conv_1/BatchNorm/moving_variance, mixed_17x17x1280a/branch7x7x3/Conv_2/weights, mixed_17x17x1280a/branch7x7x3/Conv_2/BatchNorm/beta, mixed_17x17x1280a/branch7x7x3/Conv_2/BatchNorm/moving_mean, mixed_17x17x1280a/branch7x7x3/Conv_2/BatchNorm/moving_variance, mixed_17x17x1280a/branch7x7x3/Conv_3/weights, mixed_17x17x1280a/branch7x7x3/Conv_3/BatchNorm/beta, mixed_17x17x1280a/branch7x7x3/Conv_3/BatchNorm/moving_mean, mixed_17x17x1280a/branch7x7x3/Conv_3/BatchNorm/moving_variance, mixed_8x8x2048a/branch1x1/Conv/weights, mixed_8x8x2048a/branch1x1/Conv/BatchNorm/beta, mixed_8x8x2048a/branch1x1/Conv/BatchNorm/moving_mean, mixed_8x8x2048a/branch1x1/Conv/BatchNorm/moving_variance, mixed_8x8x2048a/branch3x3/Conv/weights, mixed_8x8x2048a/branch3x3/Conv/BatchNorm/beta, mixed_8x8x2048a/branch3x3/Conv/BatchNorm/moving_mean, mixed_8x8x2048a/branch3x3/Conv/BatchNorm/moving_variance, mixed_8x8x2048a/branch3x3/Conv_1/weights, mixed_8x8x2048a/branch3x3/Conv_1/BatchNorm/beta, mixed_8x8x2048a/branch3x3/Conv_1/BatchNorm/moving_mean, mixed_8x8x2048a/branch3x3/Conv_1/BatchNorm/moving_variance, mixed_8x8x2048a/branch3x3/Conv_2/weights, mixed_8x8x2048a/branch3x3/Conv_2/BatchNorm/beta, mixed_8x8x2048a/branch3x3/Conv_2/BatchNorm/moving_mean, mixed_8x8x2048a/branch3x3/Conv_2/BatchNorm/moving_variance, mixed_8x8x2048a/branch3x3dbl/Conv/weights, mixed_8x8x2048a/branch3x3dbl/Conv/BatchNorm/beta, mixed_8x8x2048a/branch3x3dbl/Conv/BatchNorm/moving_mean, mixed_8x8x2048a/branch3x3dbl/Conv/BatchNorm/moving_variance, mixed_8x8x2048a/branch3x3dbl/Conv_1/weights, mixed_8x8x2048a/branch3x3dbl/Conv_1/BatchNorm/beta, mixed_8x8x2048a/branch3x3dbl/Conv_1/BatchNorm/moving_mean, mixed_8x8x2048a/branch3x3dbl/Conv_1/BatchNorm/moving_variance, mixed_8x8x2048a/branch3x3dbl/Conv_2/weights, mixed_8x8x2048a/branch3x3dbl/Conv_2/BatchNorm/beta, mixed_8x8x2048a/branch3x3dbl/Conv_2/BatchNorm/moving_mean, mixed_8x8x2048a/branch3x3dbl/Conv_2/BatchNorm/moving_variance, mixed_8x8x2048a/branch3x3dbl/Conv_3/weights, mixed_8x8x2048a/branch3x3dbl/Conv_3/BatchNorm/beta, mixed_8x8x2048a/branch3x3dbl/Conv_3/BatchNorm/moving_mean, mixed_8x8x2048a/branch3x3dbl/Conv_3/BatchNorm/moving_variance, mixed_8x8x2048a/branch_pool/Conv/weights, mixed_8x8x2048a/branch_pool/Conv/BatchNorm/beta, mixed_8x8x2048a/branch_pool/Conv/BatchNorm/moving_mean, mixed_8x8x2048a/branch_pool/Conv/BatchNorm/moving_variance, mixed_8x8x2048b/branch1x1/Conv/weights, mixed_8x8x2048b/branch1x1/Conv/BatchNorm/beta, mixed_8x8x2048b/branch1x1/Conv/BatchNorm/moving_mean, mixed_8x8x2048b/branch1x1/Conv/BatchNorm/moving_variance, mixed_8x8x2048b/branch3x3/Conv/weights, mixed_8x8x2048b/branch3x3/Conv/BatchNorm/beta, mixed_8x8x2048b/branch3x3/Conv/BatchNorm/moving_mean, mixed_8x8x2048b/branch3x3/Conv/BatchNorm/moving_variance, mixed_8x8x2048b/branch3x3/Conv_1/weights, mixed_8x8x2048b/branch3x3/Conv_1/BatchNorm/beta, mixed_8x8x2048b/branch3x3/Conv_1/BatchNorm/moving_mean, mixed_8x8x2048b/branch3x3/Conv_1/BatchNorm/moving_variance, mixed_8x8x2048b/branch3x3/Conv_2/weights, mixed_8x8x2048b/branch3x3/Conv_2/BatchNorm/beta, mixed_8x8x2048b/branch3x3/Conv_2/BatchNorm/moving_mean, mixed_8x8x2048b/branch3x3/Conv_2/BatchNorm/moving_variance, mixed_8x8x2048b/branch3x3dbl/Conv/weights, mixed_8x8x2048b/branch3x3dbl/Conv/BatchNorm/beta, mixed_8x8x2048b/branch3x3dbl/Conv/BatchNorm/moving_mean, mixed_8x8x2048b/branch3x3dbl/Conv/BatchNorm/moving_variance, mixed_8x8x2048b/branch3x3dbl/Conv_1/weights, mixed_8x8x2048b/branch3x3dbl/Conv_1/BatchNorm/beta, mixed_8x8x2048b/branch3x3dbl/Conv_1/BatchNorm/moving_mean, mixed_8x8x2048b/branch3x3dbl/Conv_1/BatchNorm/moving_variance, mixed_8x8x2048b/branch3x3dbl/Conv_2/weights, mixed_8x8x2048b/branch3x3dbl/Conv_2/BatchNorm/beta, mixed_8x8x2048b/branch3x3dbl/Conv_2/BatchNorm/moving_mean, mixed_8x8x2048b/branch3x3dbl/Conv_2/BatchNorm/moving_variance, mixed_8x8x2048b/branch3x3dbl/Conv_3/weights, mixed_8x8x2048b/branch3x3dbl/Conv_3/BatchNorm/beta, mixed_8x8x2048b/branch3x3dbl/Conv_3/BatchNorm/moving_mean, mixed_8x8x2048b/branch3x3dbl/Conv_3/BatchNorm/moving_variance, mixed_8x8x2048b/branch_pool/Conv/weights, mixed_8x8x2048b/branch_pool/Conv/BatchNorm/beta, mixed_8x8x2048b/branch_pool/Conv/BatchNorm/moving_mean, mixed_8x8x2048b/branch_pool/Conv/BatchNorm/moving_variance, logits/logits/weights, logits/logits/biases, conv0/weights/Momentum, conv0/BatchNorm/beta/Momentum, conv1/weights/Momentum, conv1/BatchNorm/beta/Momentum, conv2/weights/Momentum, conv2/BatchNorm/beta/Momentum, conv3/weights/Momentum, conv3/BatchNorm/beta/Momentum, conv4/weights/Momentum, conv4/BatchNorm/beta/Momentum, mixed_35x35x256a/branch1x1/Conv/weights/Momentum, mixed_35x35x256a/branch1x1/Conv/BatchNorm/beta/Momentum, mixed_35x35x256a/branch5x5/Conv/weights/Momentum, mixed_35x35x256a/branch5x5/Conv/BatchNorm/beta/Momentum, mixed_35x35x256a/branch5x5/Conv_1/weights/Momentum, mixed_35x35x256a/branch5x5/Conv_1/BatchNorm/beta/Momentum, mixed_35x35x256a/branch3x3dbl/Conv/weights/Momentum, mixed_35x35x256a/branch3x3dbl/Conv/BatchNorm/beta/Momentum, mixed_35x35x256a/branch3x3dbl/Conv_1/weights/Momentum, mixed_35x35x256a/branch3x3dbl/Conv_1/BatchNorm/beta/Momentum, mixed_35x35x256a/branch3x3dbl/Conv_2/weights/Momentum, mixed_35x35x256a/branch3x3dbl/Conv_2/BatchNorm/beta/Momentum, mixed_35x35x256a/branch_pool/Conv/weights/Momentum, mixed_35x35x256a/branch_pool/Conv/BatchNorm/beta/Momentum, mixed_35x35x288a/branch1x1/Conv/weights/Momentum, mixed_35x35x288a/branch1x1/Conv/BatchNorm/beta/Momentum, mixed_35x35x288a/branch5x5/Conv/weights/Momentum, mixed_35x35x288a/branch5x5/Conv/BatchNorm/beta/Momentum, mixed_35x35x288a/branch5x5/Conv_1/weights/Momentum, mixed_35x35x288a/branch5x5/Conv_1/BatchNorm/beta/Momentum, mixed_35x35x288a/branch3x3dbl/Conv/weights/Momentum, mixed_35x35x288a/branch3x3dbl/Conv/BatchNorm/beta/Momentum, mixed_35x35x288a/branch3x3dbl/Conv_1/weights/Momentum, mixed_35x35x288a/branch3x3dbl/Conv_1/BatchNorm/beta/Momentum, mixed_35x35x288a/branch3x3dbl/Conv_2/weights/Momentum, mixed_35x35x288a/branch3x3dbl/Conv_2/BatchNorm/beta/Momentum, mixed_35x35x288a/branch_pool/Conv/weights/Momentum, mixed_35x35x288a/branch_pool/Conv/BatchNorm/beta/Momentum, mixed_35x35x288b/branch1x1/Conv/weights/Momentum, mixed_35x35x288b/branch1x1/Conv/BatchNorm/beta/Momentum, mixed_35x35x288b/branch5x5/Conv/weights/Momentum, mixed_35x35x288b/branch5x5/Conv/BatchNorm/beta/Momentum, mixed_35x35x288b/branch5x5/Conv_1/weights/Momentum, mixed_35x35x288b/branch5x5/Conv_1/BatchNorm/beta/Momentum, mixed_35x35x288b/branch3x3dbl/Conv/weights/Momentum, mixed_35x35x288b/branch3x3dbl/Conv/BatchNorm/beta/Momentum, mixed_35x35x288b/branch3x3dbl/Conv_1/weights/Momentum, mixed_35x35x288b/branch3x3dbl/Conv_1/BatchNorm/beta/Momentum, mixed_35x35x288b/branch3x3dbl/Conv_2/weights/Momentum, mixed_35x35x288b/branch3x3dbl/Conv_2/BatchNorm/beta/Momentum, mixed_35x35x288b/branch_pool/Conv/weights/Momentum, mixed_35x35x288b/branch_pool/Conv/BatchNorm/beta/Momentum, mixed_17x17x768a/branch3x3/Conv/weights/Momentum, mixed_17x17x768a/branch3x3/Conv/BatchNorm/beta/Momentum, mixed_17x17x768a/branch3x3dbl/Conv/weights/Momentum, mixed_17x17x768a/branch3x3dbl/Conv/BatchNorm/beta/Momentum, mixed_17x17x768a/branch3x3dbl/Conv_1/weights/Momentum, mixed_17x17x768a/branch3x3dbl/Conv_1/BatchNorm/beta/Momentum, mixed_17x17x768a/branch3x3dbl/Conv_2/weights/Momentum, mixed_17x17x768a/branch3x3dbl/Conv_2/BatchNorm/beta/Momentum, mixed_17x17x768b/branch1x1/Conv/weights/Momentum, mixed_17x17x768b/branch1x1/Conv/BatchNorm/beta/Momentum, mixed_17x17x768b/branch7x7/Conv/weights/Momentum, mixed_17x17x768b/branch7x7/Conv/BatchNorm/beta/Momentum, mixed_17x17x768b/branch7x7/Conv_1/weights/Momentum, mixed_17x17x768b/branch7x7/Conv_1/BatchNorm/beta/Momentum, mixed_17x17x768b/branch7x7/Conv_2/weights/Momentum, mixed_17x17x768b/branch7x7/Conv_2/BatchNorm/beta/Momentum, mixed_17x17x768b/branch7x7dbl/Conv/weights/Momentum, mixed_17x17x768b/branch7x7dbl/Conv/BatchNorm/beta/Momentum, mixed_17x17x768b/branch7x7dbl/Conv_1/weights/Momentum, mixed_17x17x768b/branch7x7dbl/Conv_1/BatchNorm/beta/Momentum, mixed_17x17x768b/branch7x7dbl/Conv_2/weights/Momentum, mixed_17x17x768b/branch7x7dbl/Conv_2/BatchNorm/beta/Momentum, mixed_17x17x768b/branch7x7dbl/Conv_3/weights/Momentum, mixed_17x17x768b/branch7x7dbl/Conv_3/BatchNorm/beta/Momentum, mixed_17x17x768b/branch7x7dbl/Conv_4/weights/Momentum, mixed_17x17x768b/branch7x7dbl/Conv_4/BatchNorm/beta/Momentum, mixed_17x17x768b/branch_pool/Conv/weights/Momentum, mixed_17x17x768b/branch_pool/Conv/BatchNorm/beta/Momentum, mixed_17x17x768c/branch1x1/Conv/weights/Momentum, mixed_17x17x768c/branch1x1/Conv/BatchNorm/beta/Momentum, mixed_17x17x768c/branch7x7/Conv/weights/Momentum, mixed_17x17x768c/branch7x7/Conv/BatchNorm/beta/Momentum, mixed_17x17x768c/branch7x7/Conv_1/weights/Momentum, mixed_17x17x768c/branch7x7/Conv_1/BatchNorm/beta/Momentum, mixed_17x17x768c/branch7x7/Conv_2/weights/Momentum, mixed_17x17x768c/branch7x7/Conv_2/BatchNorm/beta/Momentum, mixed_17x17x768c/branch7x7dbl/Conv/weights/Momentum, mixed_17x17x768c/branch7x7dbl/Conv/BatchNorm/beta/Momentum, mixed_17x17x768c/branch7x7dbl/Conv_1/weights/Momentum, mixed_17x17x768c/branch7x7dbl/Conv_1/BatchNorm/beta/Momentum, mixed_17x17x768c/branch7x7dbl/Conv_2/weights/Momentum, mixed_17x17x768c/branch7x7dbl/Conv_2/BatchNorm/beta/Momentum, mixed_17x17x768c/branch7x7dbl/Conv_3/weights/Momentum, mixed_17x17x768c/branch7x7dbl/Conv_3/BatchNorm/beta/Momentum, mixed_17x17x768c/branch7x7dbl/Conv_4/weights/Momentum, mixed_17x17x768c/branch7x7dbl/Conv_4/BatchNorm/beta/Momentum, mixed_17x17x768c/branch_pool/Conv/weights/Momentum, mixed_17x17x768c/branch_pool/Conv/BatchNorm/beta/Momentum, mixed_17x17x768d/branch1x1/Conv/weights/Momentum, mixed_17x17x768d/branch1x1/Conv/BatchNorm/beta/Momentum, mixed_17x17x768d/branch7x7/Conv/weights/Momentum, mixed_17x17x768d/branch7x7/Conv/BatchNorm/beta/Momentum, mixed_17x17x768d/branch7x7/Conv_1/weights/Momentum, mixed_17x17x768d/branch7x7/Conv_1/BatchNorm/beta/Momentum, mixed_17x17x768d/branch7x7/Conv_2/weights/Momentum, mixed_17x17x768d/branch7x7/Conv_2/BatchNorm/beta/Momentum, mixed_17x17x768d/branch7x7dbl/Conv/weights/Momentum, mixed_17x17x768d/branch7x7dbl/Conv/BatchNorm/beta/Momentum, mixed_17x17x768d/branch7x7dbl/Conv_1/weights/Momentum, mixed_17x17x768d/branch7x7dbl/Conv_1/BatchNorm/beta/Momentum, mixed_17x17x768d/branch7x7dbl/Conv_2/weights/Momentum, mixed_17x17x768d/branch7x7dbl/Conv_2/BatchNorm/beta/Momentum, mixed_17x17x768d/branch7x7dbl/Conv_3/weights/Momentum, mixed_17x17x768d/branch7x7dbl/Conv_3/BatchNorm/beta/Momentum, mixed_17x17x768d/branch7x7dbl/Conv_4/weights/Momentum, mixed_17x17x768d/branch7x7dbl/Conv_4/BatchNorm/beta/Momentum, mixed_17x17x768d/branch_pool/Conv/weights/Momentum, mixed_17x17x768d/branch_pool/Conv/BatchNorm/beta/Momentum, mixed_17x17x768e/branch1x1/Conv/weights/Momentum, mixed_17x17x768e/branch1x1/Conv/BatchNorm/beta/Momentum, mixed_17x17x768e/branch7x7/Conv/weights/Momentum, mixed_17x17x768e/branch7x7/Conv/BatchNorm/beta/Momentum, mixed_17x17x768e/branch7x7/Conv_1/weights/Momentum, mixed_17x17x768e/branch7x7/Conv_1/BatchNorm/beta/Momentum, mixed_17x17x768e/branch7x7/Conv_2/weights/Momentum, mixed_17x17x768e/branch7x7/Conv_2/BatchNorm/beta/Momentum, mixed_17x17x768e/branch7x7dbl/Conv/weights/Momentum, mixed_17x17x768e/branch7x7dbl/Conv/BatchNorm/beta/Momentum, mixed_17x17x768e/branch7x7dbl/Conv_1/weights/Momentum, mixed_17x17x768e/branch7x7dbl/Conv_1/BatchNorm/beta/Momentum, mixed_17x17x768e/branch7x7dbl/Conv_2/weights/Momentum, mixed_17x17x768e/branch7x7dbl/Conv_2/BatchNorm/beta/Momentum, mixed_17x17x768e/branch7x7dbl/Conv_3/weights/Momentum, mixed_17x17x768e/branch7x7dbl/Conv_3/BatchNorm/beta/Momentum, mixed_17x17x768e/branch7x7dbl/Conv_4/weights/Momentum, mixed_17x17x768e/branch7x7dbl/Conv_4/BatchNorm/beta/Momentum, mixed_17x17x768e/branch_pool/Conv/weights/Momentum, mixed_17x17x768e/branch_pool/Conv/BatchNorm/beta/Momentum, aux_logits/proj/weights/Momentum, aux_logits/proj/BatchNorm/beta/Momentum, aux_logits/Conv/weights/Momentum, aux_logits/Conv/BatchNorm/beta/Momentum, aux_logits/FC/weights/Momentum, aux_logits/FC/biases/Momentum, mixed_17x17x1280a/branch3x3/Conv/weights/Momentum, mixed_17x17x1280a/branch3x3/Conv/BatchNorm/beta/Momentum, mixed_17x17x1280a/branch3x3/Conv_1/weights/Momentum, mixed_17x17x1280a/branch3x3/Conv_1/BatchNorm/beta/Momentum, mixed_17x17x1280a/branch7x7x3/Conv/weights/Momentum, mixed_17x17x1280a/branch7x7x3/Conv/BatchNorm/beta/Momentum, mixed_17x17x1280a/branch7x7x3/Conv_1/weights/Momentum, mixed_17x17x1280a/branch7x7x3/Conv_1/BatchNorm/beta/Momentum, mixed_17x17x1280a/branch7x7x3/Conv_2/weights/Momentum, mixed_17x17x1280a/branch7x7x3/Conv_2/BatchNorm/beta/Momentum, mixed_17x17x1280a/branch7x7x3/Conv_3/weights/Momentum, mixed_17x17x1280a/branch7x7x3/Conv_3/BatchNorm/beta/Momentum, mixed_8x8x2048a/branch1x1/Conv/weights/Momentum, mixed_8x8x2048a/branch1x1/Conv/BatchNorm/beta/Momentum, mixed_8x8x2048a/branch3x3/Conv/weights/Momentum, mixed_8x8x2048a/branch3x3/Conv/BatchNorm/beta/Momentum, mixed_8x8x2048a/branch3x3/Conv_1/weights/Momentum, mixed_8x8x2048a/branch3x3/Conv_1/BatchNorm/beta/Momentum, mixed_8x8x2048a/branch3x3/Conv_2/weights/Momentum, mixed_8x8x2048a/branch3x3/Conv_2/BatchNorm/beta/Momentum, mixed_8x8x2048a/branch3x3dbl/Conv/weights/Momentum, mixed_8x8x2048a/branch3x3dbl/Conv/BatchNorm/beta/Momentum, mixed_8x8x2048a/branch3x3dbl/Conv_1/weights/Momentum, mixed_8x8x2048a/branch3x3dbl/Conv_1/BatchNorm/beta/Momentum, mixed_8x8x2048a/branch3x3dbl/Conv_2/weights/Momentum, mixed_8x8x2048a/branch3x3dbl/Conv_2/BatchNorm/beta/Momentum, mixed_8x8x2048a/branch3x3dbl/Conv_3/weights/Momentum, mixed_8x8x2048a/branch3x3dbl/Conv_3/BatchNorm/beta/Momentum, mixed_8x8x2048a/branch_pool/Conv/weights/Momentum, mixed_8x8x2048a/branch_pool/Conv/BatchNorm/beta/Momentum, mixed_8x8x2048b/branch1x1/Conv/weights/Momentum, mixed_8x8x2048b/branch1x1/Conv/BatchNorm/beta/Momentum, mixed_8x8x2048b/branch3x3/Conv/weights/Momentum, mixed_8x8x2048b/branch3x3/Conv/BatchNorm/beta/Momentum, mixed_8x8x2048b/branch3x3/Conv_1/weights/Momentum, mixed_8x8x2048b/branch3x3/Conv_1/BatchNorm/beta/Momentum, mixed_8x8x2048b/branch3x3/Conv_2/weights/Momentum, mixed_8x8x2048b/branch3x3/Conv_2/BatchNorm/beta/Momentum, mixed_8x8x2048b/branch3x3dbl/Conv/weights/Momentum, mixed_8x8x2048b/branch3x3dbl/Conv/BatchNorm/beta/Momentum, mixed_8x8x2048b/branch3x3dbl/Conv_1/weights/Momentum, mixed_8x8x2048b/branch3x3dbl/Conv_1/BatchNorm/beta/Momentum, mixed_8x8x2048b/branch3x3dbl/Conv_2/weights/Momentum, mixed_8x8x2048b/branch3x3dbl/Conv_2/BatchNorm/beta/Momentum, mixed_8x8x2048b/branch3x3dbl/Conv_3/weights/Momentum, mixed_8x8x2048b/branch3x3dbl/Conv_3/BatchNorm/beta/Momentum, mixed_8x8x2048b/branch_pool/Conv/weights/Momentum, mixed_8x8x2048b/branch_pool/Conv/BatchNorm/beta/Momentum, logits/logits/weights/Momentum, logits/logits/biases/Momentum
INFO:tensorflow:got sessions! 2016-07-26 23:31:10.361170 
INFO:tensorflow:Started 3 queues for processing input data.
INFO:tensorflow:Step: 410, Loss: 5.500530, time: 10.827 sec/batch
INFO:tensorflow:Step: 417, Loss: 5.578707, time: 10.122 sec/batch
INFO:tensorflow:Step: 427, Loss: 5.013252, time: 11.345 sec/batch
INFO:tensorflow:Step: 440, Loss: 5.359970, time: 9.694 sec/batch
INFO:tensorflow:Step: 453, Loss: 5.038600, time: 11.797 sec/batch
INFO:tensorflow:Step: 467, Loss: 5.269458, time: 8.571 sec/batch
INFO:tensorflow:Step: 478, Loss: 5.339328, time: 10.085 sec/batch
INFO:tensorflow:Step: 491, Loss: 5.213318, time: 8.944 sec/batch
INFO:tensorflow:Step: 502, Loss: 5.246186, time: 7.706 sec/batch
INFO:tensorflow:Step: 512, Loss: 5.141963, time: 10.030 sec/batch
INFO:tensorflow:Step: 526, Loss: 5.378397, time: 10.827 sec/batch
INFO:tensorflow:Step: 538, Loss: 5.707411, time: 8.627 sec/batch
INFO:tensorflow:Step: 549, Loss: 5.223375, time: 11.043 sec/batch
INFO:tensorflow:Step: 563, Loss: 5.806073, time: 13.611 sec/batch
INFO:tensorflow:Step: 579, Loss: 5.579898, time: 10.827 sec/batch
INFO:tensorflow:Step: 592, Loss: 5.421406, time: 9.810 sec/batch
INFO:tensorflow:Step: 603, Loss: 5.131401, time: 10.049 sec/batch
INFO:tensorflow:Step: 617, Loss: 4.875954, time: 8.397 sec/batch
INFO:tensorflow:Step: 627, Loss: 6.057270, time: 9.942 sec/batch
INFO:tensorflow:Step: 641, Loss: 5.468930, time: 9.856 sec/batch
INFO:tensorflow:Step: 654, Loss: 5.577006, time: 10.243 sec/batch
INFO:tensorflow:Step: 665, Loss: 5.940392, time: 9.885 sec/batch
INFO:tensorflow:Step: 677, Loss: 5.348270, time: 12.014 sec/batch
INFO:tensorflow:Step: 692, Loss: 5.674728, time: 9.622 sec/batch
INFO:tensorflow:Step: 704, Loss: 4.990625, time: 7.613 sec/batch
INFO:tensorflow:Step: 714, Loss: 5.479154, time: 10.193 sec/batch
INFO:tensorflow:Step: 728, Loss: 5.283429, time: 10.443 sec/batch
INFO:tensorflow:Step: 742, Loss: 5.524016, time: 9.236 sec/batch
INFO:tensorflow:Step: 753, Loss: 5.101178, time: 7.961 sec/batch
INFO:tensorflow:Step: 764, Loss: 5.231070, time: 9.785 sec/batch
INFO:tensorflow:Step: 776, Loss: 5.625765, time: 9.105 sec/batch
INFO:tensorflow:Step: 788, Loss: 5.338951, time: 11.413 sec/batch
INFO:tensorflow:Step: 802, Loss: 5.937766, time: 11.329 sec/batch
INFO:tensorflow:Step: 817, Loss: 5.841989, time: 11.506 sec/batch
INFO:tensorflow:Step: 832, Loss: 5.270208, time: 11.404 sec/batch
INFO:tensorflow:Step: 846, Loss: 4.729282, time: 9.444 sec/batch
INFO:tensorflow:Step: 858, Loss: 5.304827, time: 7.671 sec/batch
INFO:tensorflow:Step: 868, Loss: 5.232577, time: 9.201 sec/batch
INFO:tensorflow:Step: 880, Loss: 5.966476, time: 10.780 sec/batch
INFO:tensorflow:Step: 892, Loss: 5.046926, time: 10.512 sec/batch
INFO:tensorflow:Step: 905, Loss: 5.320900, time: 9.794 sec/batch
INFO:tensorflow:Step: 917, Loss: 5.877502, time: 10.436 sec/batch
INFO:tensorflow:Step: 932, Loss: 5.634073, time: 11.458 sec/batch
INFO:tensorflow:Step: 946, Loss: 5.122424, time: 10.102 sec/batch
INFO:tensorflow:Step: 958, Loss: 5.101146, time: 9.823 sec/batch
INFO:tensorflow:Step: 970, Loss: 4.593735, time: 10.088 sec/batch
INFO:tensorflow:Step: 982, Loss: 5.247001, time: 9.941 sec/batch
INFO:tensorflow:Step: 996, Loss: 5.337822, time: 11.088 sec/batch
INFO:tensorflow:Step: 1010, Loss: 5.294412, time: 10.916 sec/batch
INFO:tensorflow:Step: 1022, Loss: 5.077735, time: 11.781 sec/batch
INFO:tensorflow:Step: 1037, Loss: 5.008519, time: 10.240 sec/batch
INFO:tensorflow:Step: 1051, Loss: 5.233346, time: 12.094 sec/batch
INFO:tensorflow:Step: 1065, Loss: 4.805740, time: 10.067 sec/batch
INFO:tensorflow:Step: 1078, Loss: 6.145510, time: 10.015 sec/batch
INFO:tensorflow:Step: 1091, Loss: 5.289588, time: 8.827 sec/batch
INFO:tensorflow:Step: 1103, Loss: 5.942401, time: 10.283 sec/batch
INFO:tensorflow:Step: 1116, Loss: 5.068973, time: 11.658 sec/batch
INFO:tensorflow:Step: 1132, Loss: 5.891776, time: 10.398 sec/batch
INFO:tensorflow:Step: 1144, Loss: 5.469001, time: 11.194 sec/batch
INFO:tensorflow:Step: 1161, Loss: 5.332014, time: 9.856 sec/batch
INFO:tensorflow:Step: 1172, Loss: 5.179910, time: 10.616 sec/batch
INFO:tensorflow:Step: 1187, Loss: 5.269190, time: 10.339 sec/batch
INFO:tensorflow:Step: 1199, Loss: 4.927860, time: 9.355 sec/batch
INFO:tensorflow:Step: 1212, Loss: 4.884334, time: 11.139 sec/batch
INFO:tensorflow:Step: 1225, Loss: 5.399906, time: 13.669 sec/batch
INFO:tensorflow:Step: 1242, Loss: 5.278479, time: 11.835 sec/batch
INFO:tensorflow:Step: 1256, Loss: 5.193526, time: 11.178 sec/batch
INFO:tensorflow:Step: 1269, Loss: 4.898394, time: 11.405 sec/batch
INFO:tensorflow:Step: 1285, Loss: 5.189414, time: 10.988 sec/batch
INFO:tensorflow:Step: 1298, Loss: 5.507676, time: 9.877 sec/batch
INFO:tensorflow:Step: 1310, Loss: 5.228014, time: 12.313 sec/batch
INFO:tensorflow:Step: 1326, Loss: 6.355584, time: 11.332 sec/batch
INFO:tensorflow:Step: 1341, Loss: 5.097316, time: 11.243 sec/batch
INFO:tensorflow:Step: 1355, Loss: 4.886435, time: 10.091 sec/batch
INFO:tensorflow:Step: 1367, Loss: 5.092358, time: 10.702 sec/batch
INFO:tensorflow:Step: 1378, Loss: 5.416020, time: 7.838 sec/batch
INFO:tensorflow:Step: 1391, Loss: 5.398242, time: 11.279 sec/batch
INFO:tensorflow:Step: 1402, Loss: 5.342334, time: 9.135 sec/batch
INFO:tensorflow:Step: 1415, Loss: 5.070785, time: 9.761 sec/batch
INFO:tensorflow:Step: 1427, Loss: 5.434440, time: 10.076 sec/batch
INFO:tensorflow:Step: 1439, Loss: 5.348028, time: 9.226 sec/batch
INFO:tensorflow:Step: 1451, Loss: 5.203835, time: 10.589 sec/batch
INFO:tensorflow:Step: 1463, Loss: 4.809521, time: 12.642 sec/batch
INFO:tensorflow:Step: 1480, Loss: 5.133532, time: 10.735 sec/batch
INFO:tensorflow:Step: 1494, Loss: 5.308995, time: 10.710 sec/batch
INFO:tensorflow:Step: 1508, Loss: 4.767090, time: 10.157 sec/batch
INFO:tensorflow:Step: 1521, Loss: 5.189000, time: 10.748 sec/batch
INFO:tensorflow:Step: 1535, Loss: 5.453362, time: 10.229 sec/batch
INFO:tensorflow:Step: 1549, Loss: 5.264205, time: 9.599 sec/batch
INFO:tensorflow:Step: 1561, Loss: 5.229515, time: 9.248 sec/batch
INFO:tensorflow:Step: 1573, Loss: 5.537310, time: 9.808 sec/batch
INFO:tensorflow:Step: 1585, Loss: 5.395569, time: 8.727 sec/batch
INFO:tensorflow:Step: 1597, Loss: 5.485932, time: 10.149 sec/batch
INFO:tensorflow:Step: 1611, Loss: 4.888282, time: 10.418 sec/batch
INFO:tensorflow:Step: 1625, Loss: 5.568363, time: 10.638 sec/batch
INFO:tensorflow:Step: 1637, Loss: 5.072799, time: 11.459 sec/batch
INFO:tensorflow:Step: 1653, Loss: 5.127338, time: 11.441 sec/batch
INFO:tensorflow:Step: 1667, Loss: 5.274292, time: 9.958 sec/batch
INFO:tensorflow:Step: 1680, Loss: 5.287203, time: 8.580 sec/batch
INFO:tensorflow:Step: 1692, Loss: 5.614752, time: 9.535 sec/batch
INFO:tensorflow:Step: 1705, Loss: 5.179979, time: 10.233 sec/batch
INFO:tensorflow:Step: 1719, Loss: 5.382041, time: 10.408 sec/batch
INFO:tensorflow:Step: 1732, Loss: 5.593980, time: 11.946 sec/batch
INFO:tensorflow:Step: 1747, Loss: 5.718179, time: 9.166 sec/batch
INFO:tensorflow:Step: 1760, Loss: 5.173382, time: 12.105 sec/batch
INFO:tensorflow:Step: 1775, Loss: 5.363037, time: 11.371 sec/batch
INFO:tensorflow:Step: 1789, Loss: 5.125022, time: 9.396 sec/batch
INFO:tensorflow:Step: 1802, Loss: 5.730227, time: 8.238 sec/batch
INFO:tensorflow:Step: 1813, Loss: 5.319277, time: 11.247 sec/batch
INFO:tensorflow:Step: 1827, Loss: 6.048030, time: 9.242 sec/batch
INFO:tensorflow:Step: 1841, Loss: 5.185591, time: 9.976 sec/batch
INFO:tensorflow:Step: 1854, Loss: 5.275679, time: 10.760 sec/batch
INFO:tensorflow:Step: 1865, Loss: 5.249668, time: 9.726 sec/batch
INFO:tensorflow:Step: 1880, Loss: 5.014951, time: 10.579 sec/batch
INFO:tensorflow:Step: 1890, Loss: 5.186507, time: 7.732 sec/batch
INFO:tensorflow:Step: 1901, Loss: 4.825689, time: 10.103 sec/batch
INFO:tensorflow:Step: 1914, Loss: 5.598862, time: 9.624 sec/batch
INFO:tensorflow:Step: 1929, Loss: 5.534344, time: 10.421 sec/batch
INFO:tensorflow:Step: 1941, Loss: 5.022320, time: 8.307 sec/batch
INFO:tensorflow:Step: 1952, Loss: 5.339250, time: 10.778 sec/batch
INFO:tensorflow:Step: 1967, Loss: 5.331808, time: 9.405 sec/batch
INFO:tensorflow:Step: 1978, Loss: 5.122408, time: 12.686 sec/batch
INFO:tensorflow:Step: 1995, Loss: 5.240437, time: 9.655 sec/batch
INFO:tensorflow:Step: 2008, Loss: 5.350643, time: 9.715 sec/batch
INFO:tensorflow:Step: 2022, Loss: 5.179890, time: 7.427 sec/batch
INFO:tensorflow:Step: 2031, Loss: 5.401073, time: 10.325 sec/batch
INFO:tensorflow:Step: 2045, Loss: 5.069475, time: 10.358 sec/batch
INFO:tensorflow:Step: 2059, Loss: 5.497189, time: 10.071 sec/batch
INFO:tensorflow:Step: 2071, Loss: 5.142056, time: 8.702 sec/batch
INFO:tensorflow:Step: 2084, Loss: 4.808412, time: 8.635 sec/batch
INFO:tensorflow:Step: 2096, Loss: 5.305705, time: 8.895 sec/batch
INFO:tensorflow:Step: 2107, Loss: 4.918896, time: 9.197 sec/batch
INFO:tensorflow:Step: 2120, Loss: 5.372151, time: 9.842 sec/batch
INFO:tensorflow:Step: 2133, Loss: 5.841837, time: 8.638 sec/batch
INFO:tensorflow:Step: 2145, Loss: 5.441774, time: 9.820 sec/batch
INFO:tensorflow:Step: 2157, Loss: 5.564602, time: 9.633 sec/batch
INFO:tensorflow:Step: 2170, Loss: 5.285887, time: 10.487 sec/batch
INFO:tensorflow:Step: 2186, Loss: 4.960280, time: 13.051 sec/batch
INFO:tensorflow:Step: 2199, Loss: 5.205370, time: 8.340 sec/batch
INFO:tensorflow:Step: 2212, Loss: 5.068171, time: 10.113 sec/batch
INFO:tensorflow:Step: 2224, Loss: 5.495457, time: 9.551 sec/batch
INFO:tensorflow:Step: 2237, Loss: 5.275002, time: 7.598 sec/batch
INFO:tensorflow:Step: 2247, Loss: 5.760475, time: 11.209 sec/batch
INFO:tensorflow:Step: 2262, Loss: 4.926639, time: 8.555 sec/batch
INFO:tensorflow:Step: 2274, Loss: 4.982584, time: 10.730 sec/batch
INFO:tensorflow:Step: 2287, Loss: 5.528347, time: 10.488 sec/batch
INFO:tensorflow:Step: 2301, Loss: 5.517053, time: 11.936 sec/batch
INFO:tensorflow:Step: 2316, Loss: 5.114877, time: 9.022 sec/batch
INFO:tensorflow:Step: 2327, Loss: 5.207005, time: 10.883 sec/batch
INFO:tensorflow:Step: 2341, Loss: 4.992657, time: 9.550 sec/batch
INFO:tensorflow:Step: 2354, Loss: 5.373442, time: 8.730 sec/batch
INFO:tensorflow:Step: 2364, Loss: 5.221682, time: 8.455 sec/batch
INFO:tensorflow:Step: 2376, Loss: 5.018648, time: 9.029 sec/batch
INFO:tensorflow:Step: 2388, Loss: 4.865096, time: 9.718 sec/batch
INFO:tensorflow:Step: 2400, Loss: 5.137635, time: 11.631 sec/batch
INFO:tensorflow:Step: 2416, Loss: 5.566004, time: 10.580 sec/batch
INFO:tensorflow:Step: 2430, Loss: 5.032827, time: 10.977 sec/batch
INFO:tensorflow:Step: 2442, Loss: 5.223630, time: 7.853 sec/batch
INFO:tensorflow:Step: 2454, Loss: 4.720670, time: 10.255 sec/batch
INFO:tensorflow:Step: 2468, Loss: 4.957664, time: 8.592 sec/batch
INFO:tensorflow:Step: 2479, Loss: 5.446014, time: 9.032 sec/batch
INFO:tensorflow:Step: 2491, Loss: 5.244022, time: 8.889 sec/batch
INFO:tensorflow:Step: 2504, Loss: 5.245502, time: 7.748 sec/batch
INFO:tensorflow:Step: 2514, Loss: 5.098850, time: 9.526 sec/batch
INFO:tensorflow:Step: 2528, Loss: 5.212414, time: 10.395 sec/batch
INFO:tensorflow:Step: 2540, Loss: 4.732637, time: 8.895 sec/batch
INFO:tensorflow:Step: 2553, Loss: 5.155229, time: 8.193 sec/batch
INFO:tensorflow:Step: 2565, Loss: 4.998830, time: 11.551 sec/batch
INFO:tensorflow:Step: 2578, Loss: 4.893780, time: 9.997 sec/batch
INFO:tensorflow:Step: 2592, Loss: 5.039844, time: 8.963 sec/batch
INFO:tensorflow:Step: 2604, Loss: 5.053617, time: 9.621 sec/batch
INFO:tensorflow:Step: 2615, Loss: 5.279218, time: 9.690 sec/batch
INFO:tensorflow:Step: 2629, Loss: 4.942514, time: 11.440 sec/batch
INFO:tensorflow:Step: 2640, Loss: 5.185541, time: 8.922 sec/batch
INFO:tensorflow:Step: 2655, Loss: 5.227941, time: 9.483 sec/batch
INFO:tensorflow:Step: 2665, Loss: 5.464081, time: 10.915 sec/batch
INFO:tensorflow:Step: 2680, Loss: 4.788707, time: 10.079 sec/batch
INFO:tensorflow:Step: 2692, Loss: 5.081674, time: 7.349 sec/batch
INFO:tensorflow:Step: 2704, Loss: 5.714956, time: 9.998 sec/batch
INFO:tensorflow:Step: 2716, Loss: 4.893427, time: 8.138 sec/batch
INFO:tensorflow:Step: 2727, Loss: 5.268573, time: 9.776 sec/batch
INFO:tensorflow:Step: 2741, Loss: 5.357390, time: 11.383 sec/batch
INFO:tensorflow:Step: 2754, Loss: 4.782062, time: 9.397 sec/batch
INFO:tensorflow:Step: 2768, Loss: 5.195302, time: 9.024 sec/batch
INFO:tensorflow:Step: 2778, Loss: 4.856837, time: 10.763 sec/batch
INFO:tensorflow:Step: 2792, Loss: 5.902337, time: 9.712 sec/batch
INFO:tensorflow:Step: 2806, Loss: 5.528458, time: 9.515 sec/batch
INFO:tensorflow:Step: 2816, Loss: 4.900386, time: 10.124 sec/batch
INFO:tensorflow:Step: 2830, Loss: 4.711019, time: 8.691 sec/batch
INFO:tensorflow:Step: 2843, Loss: 4.737636, time: 11.886 sec/batch
INFO:tensorflow:Step: 2858, Loss: 4.951346, time: 10.288 sec/batch
INFO:tensorflow:Step: 2872, Loss: 5.017387, time: 9.469 sec/batch
INFO:tensorflow:Step: 2885, Loss: 5.170319, time: 9.586 sec/batch
INFO:tensorflow:Step: 2899, Loss: 5.755255, time: 10.381 sec/batch
INFO:tensorflow:Step: 2912, Loss: 5.057912, time: 9.712 sec/batch
INFO:tensorflow:Step: 2925, Loss: 5.128018, time: 7.771 sec/batch
INFO:tensorflow:Step: 2936, Loss: 4.911097, time: 9.315 sec/batch
INFO:tensorflow:Step: 2948, Loss: 5.059487, time: 8.980 sec/batch
INFO:tensorflow:Step: 2962, Loss: 5.788469, time: 9.058 sec/batch
INFO:tensorflow:Step: 2973, Loss: 5.009852, time: 8.825 sec/batch
INFO:tensorflow:Step: 2984, Loss: 5.290278, time: 9.091 sec/batch
INFO:tensorflow:Step: 2996, Loss: 5.440374, time: 9.845 sec/batch
INFO:tensorflow:Step: 3010, Loss: 5.197968, time: 10.913 sec/batch
INFO:tensorflow:Step: 3024, Loss: 5.409642, time: 10.143 sec/batch
INFO:tensorflow:Step: 3039, Loss: 5.046666, time: 11.304 sec/batch
INFO:tensorflow:Step: 3052, Loss: 4.848371, time: 8.523 sec/batch
INFO:tensorflow:Step: 3065, Loss: 5.260516, time: 10.101 sec/batch
INFO:tensorflow:Step: 3078, Loss: 5.089245, time: 11.085 sec/batch
INFO:tensorflow:Step: 3091, Loss: 4.819351, time: 10.253 sec/batch
INFO:tensorflow:Step: 3104, Loss: 5.037989, time: 9.276 sec/batch
INFO:tensorflow:Step: 3119, Loss: 5.035503, time: 10.569 sec/batch
INFO:tensorflow:Step: 3130, Loss: 5.182173, time: 9.553 sec/batch
INFO:tensorflow:Step: 3143, Loss: 5.280895, time: 10.252 sec/batch
INFO:tensorflow:Step: 3156, Loss: 5.434746, time: 8.296 sec/batch
INFO:tensorflow:Step: 3166, Loss: 5.054008, time: 9.766 sec/batch
INFO:tensorflow:Step: 3180, Loss: 5.632736, time: 10.664 sec/batch
INFO:tensorflow:Step: 3193, Loss: 5.064465, time: 8.997 sec/batch
INFO:tensorflow:Step: 3205, Loss: 5.154532, time: 9.332 sec/batch
INFO:tensorflow:Step: 3219, Loss: 5.091529, time: 10.032 sec/batch
INFO:tensorflow:Step: 3231, Loss: 5.142015, time: 9.332 sec/batch
INFO:tensorflow:Step: 3244, Loss: 4.888263, time: 8.871 sec/batch
INFO:tensorflow:Step: 3256, Loss: 4.704248, time: 9.750 sec/batch
INFO:tensorflow:Step: 3270, Loss: 5.259976, time: 10.383 sec/batch
INFO:tensorflow:Step: 3283, Loss: 4.769814, time: 9.067 sec/batch
INFO:tensorflow:Step: 3297, Loss: 5.175448, time: 10.169 sec/batch
INFO:tensorflow:Step: 3310, Loss: 4.983204, time: 8.990 sec/batch
INFO:tensorflow:Step: 3321, Loss: 4.761267, time: 6.754 sec/batch
INFO:tensorflow:Step: 3332, Loss: 4.940391, time: 9.026 sec/batch
INFO:tensorflow:Step: 3344, Loss: 5.038156, time: 10.615 sec/batch
INFO:tensorflow:Step: 3357, Loss: 5.181994, time: 7.698 sec/batch
INFO:tensorflow:Step: 3370, Loss: 5.407630, time: 9.632 sec/batch
INFO:tensorflow:Step: 3381, Loss: 4.629855, time: 7.862 sec/batch
INFO:tensorflow:Step: 3392, Loss: 5.238510, time: 9.360 sec/batch
INFO:tensorflow:Step: 3405, Loss: 5.079286, time: 10.412 sec/batch
INFO:tensorflow:Step: 3419, Loss: 5.325548, time: 12.052 sec/batch
INFO:tensorflow:Step: 3433, Loss: 4.861386, time: 8.772 sec/batch
INFO:tensorflow:Step: 3446, Loss: 4.869175, time: 9.991 sec/batch
INFO:tensorflow:Step: 3459, Loss: 5.272202, time: 11.189 sec/batch
INFO:tensorflow:Step: 3472, Loss: 5.005868, time: 9.126 sec/batch
INFO:tensorflow:Step: 3485, Loss: 5.496156, time: 9.518 sec/batch
INFO:tensorflow:Step: 3498, Loss: 4.961580, time: 9.623 sec/batch
INFO:tensorflow:Step: 3511, Loss: 5.453308, time: 9.978 sec/batch
INFO:tensorflow:Step: 3524, Loss: 5.311455, time: 8.169 sec/batch
INFO:tensorflow:Step: 3536, Loss: 5.154058, time: 8.950 sec/batch
INFO:tensorflow:Step: 3546, Loss: 5.452522, time: 7.347 sec/batch
INFO:tensorflow:Step: 3557, Loss: 4.937699, time: 9.858 sec/batch
INFO:tensorflow:Step: 3571, Loss: 5.153535, time: 9.310 sec/batch
INFO:tensorflow:Step: 3583, Loss: 5.249993, time: 10.565 sec/batch
INFO:tensorflow:Step: 3597, Loss: 5.407174, time: 9.922 sec/batch
INFO:tensorflow:Step: 3612, Loss: 4.899661, time: 13.390 sec/batch
INFO:tensorflow:Step: 3626, Loss: 5.292161, time: 9.707 sec/batch
INFO:tensorflow:Step: 3639, Loss: 5.009589, time: 8.973 sec/batch
INFO:tensorflow:Step: 3653, Loss: 4.890501, time: 10.847 sec/batch
INFO:tensorflow:Step: 3666, Loss: 5.010745, time: 8.821 sec/batch
INFO:tensorflow:Step: 3678, Loss: 5.053432, time: 8.320 sec/batch
INFO:tensorflow:Step: 3690, Loss: 4.772290, time: 7.866 sec/batch
INFO:tensorflow:Step: 3700, Loss: 4.860359, time: 8.971 sec/batch
INFO:tensorflow:Step: 3713, Loss: 5.163906, time: 9.703 sec/batch
INFO:tensorflow:Step: 3725, Loss: 5.038601, time: 9.946 sec/batch
INFO:tensorflow:Step: 3738, Loss: 5.277949, time: 9.846 sec/batch
INFO:tensorflow:Step: 3750, Loss: 5.397780, time: 9.636 sec/batch
INFO:tensorflow:Step: 3763, Loss: 5.376597, time: 9.113 sec/batch
INFO:tensorflow:Step: 3775, Loss: 5.007962, time: 6.933 sec/batch
INFO:tensorflow:Step: 3786, Loss: 5.259398, time: 8.505 sec/batch
INFO:tensorflow:Step: 3798, Loss: 5.421347, time: 8.721 sec/batch
INFO:tensorflow:Step: 3810, Loss: 5.148955, time: 8.744 sec/batch
run-expr-32node.sh: line 23: 89636 Terminated              CUDA_VISIBLE_DEVICES='' bazel-bin/inception/imagenet_distributed_train --batch_size=16 --data_dir=/lfs/local/0/daniter/16node-data-$2 --job_name='worker' --task_id=$2 --ps_hosts='raiders1:2200' --worker_hosts='raiders1:2201,raiders1:2202,raiders1:2203,raiders1:2204,raiders2:2205,raiders2:2206,raiders2:2207,raiders2:2208,raiders3:2209,raiders3:2210,raiders3:2211,raiders3:2212,raiders8:2213,raiders8:2214,raiders8:2215,raiders8:2216' --initial_learning_rate=$3 --momentum=$4 --sync=True --compute_groups=$5
