DISPLAY "(null)" invalid; disabling X11 forwarding
INFO:tensorflow:PS hosts are: ['raiders1:2200']
INFO:tensorflow:Worker hosts are: ['raiders1:2201', 'raiders1:2202', 'raiders1:2203', 'raiders1:2204', 'raiders2:2205', 'raiders2:2206', 'raiders2:2207', 'raiders2:2208', 'raiders3:2209', 'raiders3:2210', 'raiders3:2211', 'raiders3:2212', 'raiders8:2213', 'raiders8:2214', 'raiders8:2215', 'raiders8:2216']
I tensorflow/core/distributed_runtime/rpc/grpc_channel.cc:206] Initialize HostPortsGrpcChannelCache for job ps -> {raiders1:2200}
I tensorflow/core/distributed_runtime/rpc/grpc_channel.cc:206] Initialize HostPortsGrpcChannelCache for job worker -> {raiders1:2201, raiders1:2202, raiders1:2203, raiders1:2204, raiders2:2205, raiders2:2206, raiders2:2207, raiders2:2208, raiders3:2209, raiders3:2210, raiders3:2211, raiders3:2212, raiders8:2213, raiders8:2214, raiders8:2215, localhost:2216}
I tensorflow/core/distributed_runtime/rpc/grpc_server_lib.cc:202] Started server with target: grpc://localhost:2216
INFO:tensorflow:Learning rate: 0.005000, momentum: 0.300000
INFO:tensorflow:2016-07-26 23:30:25.659407 Supervisor
INFO:tensorflow:Waiting for model to be ready: Variables not initialized: global_step, conv0/weights, conv0/BatchNorm/beta, conv0/BatchNorm/moving_mean, conv0/BatchNorm/moving_variance, conv1/weights, conv1/BatchNorm/beta, conv1/BatchNorm/moving_mean, conv1/BatchNorm/moving_variance, conv2/weights, conv2/BatchNorm/beta, conv2/BatchNorm/moving_mean, conv2/BatchNorm/moving_variance, conv3/weights, conv3/BatchNorm/beta, conv3/BatchNorm/moving_mean, conv3/BatchNorm/moving_variance, conv4/weights, conv4/BatchNorm/beta, conv4/BatchNorm/moving_mean, conv4/BatchNorm/moving_variance, mixed_35x35x256a/branch1x1/Conv/weights, mixed_35x35x256a/branch1x1/Conv/BatchNorm/beta, mixed_35x35x256a/branch1x1/Conv/BatchNorm/moving_mean, mixed_35x35x256a/branch1x1/Conv/BatchNorm/moving_variance, mixed_35x35x256a/branch5x5/Conv/weights, mixed_35x35x256a/branch5x5/Conv/BatchNorm/beta, mixed_35x35x256a/branch5x5/Conv/BatchNorm/moving_mean, mixed_35x35x256a/branch5x5/Conv/BatchNorm/moving_variance, mixed_35x35x256a/branch5x5/Conv_1/weights, mixed_35x35x256a/branch5x5/Conv_1/BatchNorm/beta, mixed_35x35x256a/branch5x5/Conv_1/BatchNorm/moving_mean, mixed_35x35x256a/branch5x5/Conv_1/BatchNorm/moving_variance, mixed_35x35x256a/branch3x3dbl/Conv/weights, mixed_35x35x256a/branch3x3dbl/Conv/BatchNorm/beta, mixed_35x35x256a/branch3x3dbl/Conv/BatchNorm/moving_mean, mixed_35x35x256a/branch3x3dbl/Conv/BatchNorm/moving_variance, mixed_35x35x256a/branch3x3dbl/Conv_1/weights, mixed_35x35x256a/branch3x3dbl/Conv_1/BatchNorm/beta, mixed_35x35x256a/branch3x3dbl/Conv_1/BatchNorm/moving_mean, mixed_35x35x256a/branch3x3dbl/Conv_1/BatchNorm/moving_variance, mixed_35x35x256a/branch3x3dbl/Conv_2/weights, mixed_35x35x256a/branch3x3dbl/Conv_2/BatchNorm/beta, mixed_35x35x256a/branch3x3dbl/Conv_2/BatchNorm/moving_mean, mixed_35x35x256a/branch3x3dbl/Conv_2/BatchNorm/moving_variance, mixed_35x35x256a/branch_pool/Conv/weights, mixed_35x35x256a/branch_pool/Conv/BatchNorm/beta, mixed_35x35x256a/branch_pool/Conv/BatchNorm/moving_mean, mixed_35x35x256a/branch_pool/Conv/BatchNorm/moving_variance, mixed_35x35x288a/branch1x1/Conv/weights, mixed_35x35x288a/branch1x1/Conv/BatchNorm/beta, mixed_35x35x288a/branch1x1/Conv/BatchNorm/moving_mean, mixed_35x35x288a/branch1x1/Conv/BatchNorm/moving_variance, mixed_35x35x288a/branch5x5/Conv/weights, mixed_35x35x288a/branch5x5/Conv/BatchNorm/beta, mixed_35x35x288a/branch5x5/Conv/BatchNorm/moving_mean, mixed_35x35x288a/branch5x5/Conv/BatchNorm/moving_variance, mixed_35x35x288a/branch5x5/Conv_1/weights, mixed_35x35x288a/branch5x5/Conv_1/BatchNorm/beta, mixed_35x35x288a/branch5x5/Conv_1/BatchNorm/moving_mean, mixed_35x35x288a/branch5x5/Conv_1/BatchNorm/moving_variance, mixed_35x35x288a/branch3x3dbl/Conv/weights, mixed_35x35x288a/branch3x3dbl/Conv/BatchNorm/beta, mixed_35x35x288a/branch3x3dbl/Conv/BatchNorm/moving_mean, mixed_35x35x288a/branch3x3dbl/Conv/BatchNorm/moving_variance, mixed_35x35x288a/branch3x3dbl/Conv_1/weights, mixed_35x35x288a/branch3x3dbl/Conv_1/BatchNorm/beta, mixed_35x35x288a/branch3x3dbl/Conv_1/BatchNorm/moving_mean, mixed_35x35x288a/branch3x3dbl/Conv_1/BatchNorm/moving_variance, mixed_35x35x288a/branch3x3dbl/Conv_2/weights, mixed_35x35x288a/branch3x3dbl/Conv_2/BatchNorm/beta, mixed_35x35x288a/branch3x3dbl/Conv_2/BatchNorm/moving_mean, mixed_35x35x288a/branch3x3dbl/Conv_2/BatchNorm/moving_variance, mixed_35x35x288a/branch_pool/Conv/weights, mixed_35x35x288a/branch_pool/Conv/BatchNorm/beta, mixed_35x35x288a/branch_pool/Conv/BatchNorm/moving_mean, mixed_35x35x288a/branch_pool/Conv/BatchNorm/moving_variance, mixed_35x35x288b/branch1x1/Conv/weights, mixed_35x35x288b/branch1x1/Conv/BatchNorm/beta, mixed_35x35x288b/branch1x1/Conv/BatchNorm/moving_mean, mixed_35x35x288b/branch1x1/Conv/BatchNorm/moving_variance, mixed_35x35x288b/branch5x5/Conv/weights, mixed_35x35x288b/branch5x5/Conv/BatchNorm/beta, mixed_35x35x288b/branch5x5/Conv/BatchNorm/moving_mean, mixed_35x35x288b/branch5x5/Conv/BatchNorm/moving_variance, mixed_35x35x288b/branch5x5/Conv_1/weights, mixed_35x35x288b/branch5x5/Conv_1/BatchNorm/beta, mixed_35x35x288b/branch5x5/Conv_1/BatchNorm/moving_mean, mixed_35x35x288b/branch5x5/Conv_1/BatchNorm/moving_variance, mixed_35x35x288b/branch3x3dbl/Conv/weights, mixed_35x35x288b/branch3x3dbl/Conv/BatchNorm/beta, mixed_35x35x288b/branch3x3dbl/Conv/BatchNorm/moving_mean, mixed_35x35x288b/branch3x3dbl/Conv/BatchNorm/moving_variance, mixed_35x35x288b/branch3x3dbl/Conv_1/weights, mixed_35x35x288b/branch3x3dbl/Conv_1/BatchNorm/beta, mixed_35x35x288b/branch3x3dbl/Conv_1/BatchNorm/moving_mean, mixed_35x35x288b/branch3x3dbl/Conv_1/BatchNorm/moving_variance, mixed_35x35x288b/branch3x3dbl/Conv_2/weights, mixed_35x35x288b/branch3x3dbl/Conv_2/BatchNorm/beta, mixed_35x35x288b/branch3x3dbl/Conv_2/BatchNorm/moving_mean, mixed_35x35x288b/branch3x3dbl/Conv_2/BatchNorm/moving_variance, mixed_35x35x288b/branch_pool/Conv/weights, mixed_35x35x288b/branch_pool/Conv/BatchNorm/beta, mixed_35x35x288b/branch_pool/Conv/BatchNorm/moving_mean, mixed_35x35x288b/branch_pool/Conv/BatchNorm/moving_variance, mixed_17x17x768a/branch3x3/Conv/weights, mixed_17x17x768a/branch3x3/Conv/BatchNorm/beta, mixed_17x17x768a/branch3x3/Conv/BatchNorm/moving_mean, mixed_17x17x768a/branch3x3/Conv/BatchNorm/moving_variance, mixed_17x17x768a/branch3x3dbl/Conv/weights, mixed_17x17x768a/branch3x3dbl/Conv/BatchNorm/beta, mixed_17x17x768a/branch3x3dbl/Conv/BatchNorm/moving_mean, mixed_17x17x768a/branch3x3dbl/Conv/BatchNorm/moving_variance, mixed_17x17x768a/branch3x3dbl/Conv_1/weights, mixed_17x17x768a/branch3x3dbl/Conv_1/BatchNorm/beta, mixed_17x17x768a/branch3x3dbl/Conv_1/BatchNorm/moving_mean, mixed_17x17x768a/branch3x3dbl/Conv_1/BatchNorm/moving_variance, mixed_17x17x768a/branch3x3dbl/Conv_2/weights, mixed_17x17x768a/branch3x3dbl/Conv_2/BatchNorm/beta, mixed_17x17x768a/branch3x3dbl/Conv_2/BatchNorm/moving_mean, mixed_17x17x768a/branch3x3dbl/Conv_2/BatchNorm/moving_variance, mixed_17x17x768b/branch1x1/Conv/weights, mixed_17x17x768b/branch1x1/Conv/BatchNorm/beta, mixed_17x17x768b/branch1x1/Conv/BatchNorm/moving_mean, mixed_17x17x768b/branch1x1/Conv/BatchNorm/moving_variance, mixed_17x17x768b/branch7x7/Conv/weights, mixed_17x17x768b/branch7x7/Conv/BatchNorm/beta, mixed_17x17x768b/branch7x7/Conv/BatchNorm/moving_mean, mixed_17x17x768b/branch7x7/Conv/BatchNorm/moving_variance, mixed_17x17x768b/branch7x7/Conv_1/weights, mixed_17x17x768b/branch7x7/Conv_1/BatchNorm/beta, mixed_17x17x768b/branch7x7/Conv_1/BatchNorm/moving_mean, mixed_17x17x768b/branch7x7/Conv_1/BatchNorm/moving_variance, mixed_17x17x768b/branch7x7/Conv_2/weights, mixed_17x17x768b/branch7x7/Conv_2/BatchNorm/beta, mixed_17x17x768b/branch7x7/Conv_2/BatchNorm/moving_mean, mixed_17x17x768b/branch7x7/Conv_2/BatchNorm/moving_variance, mixed_17x17x768b/branch7x7dbl/Conv/weights, mixed_17x17x768b/branch7x7dbl/Conv/BatchNorm/beta, mixed_17x17x768b/branch7x7dbl/Conv/BatchNorm/moving_mean, mixed_17x17x768b/branch7x7dbl/Conv/BatchNorm/moving_variance, mixed_17x17x768b/branch7x7dbl/Conv_1/weights, mixed_17x17x768b/branch7x7dbl/Conv_1/BatchNorm/beta, mixed_17x17x768b/branch7x7dbl/Conv_1/BatchNorm/moving_mean, mixed_17x17x768b/branch7x7dbl/Conv_1/BatchNorm/moving_variance, mixed_17x17x768b/branch7x7dbl/Conv_2/weights, mixed_17x17x768b/branch7x7dbl/Conv_2/BatchNorm/beta, mixed_17x17x768b/branch7x7dbl/Conv_2/BatchNorm/moving_mean, mixed_17x17x768b/branch7x7dbl/Conv_2/BatchNorm/moving_variance, mixed_17x17x768b/branch7x7dbl/Conv_3/weights, mixed_17x17x768b/branch7x7dbl/Conv_3/BatchNorm/beta, mixed_17x17x768b/branch7x7dbl/Conv_3/BatchNorm/moving_mean, mixed_17x17x768b/branch7x7dbl/Conv_3/BatchNorm/moving_variance, mixed_17x17x768b/branch7x7dbl/Conv_4/weights, mixed_17x17x768b/branch7x7dbl/Conv_4/BatchNorm/beta, mixed_17x17x768b/branch7x7dbl/Conv_4/BatchNorm/moving_mean, mixed_17x17x768b/branch7x7dbl/Conv_4/BatchNorm/moving_variance, mixed_17x17x768b/branch_pool/Conv/weights, mixed_17x17x768b/branch_pool/Conv/BatchNorm/beta, mixed_17x17x768b/branch_pool/Conv/BatchNorm/moving_mean, mixed_17x17x768b/branch_pool/Conv/BatchNorm/moving_variance, mixed_17x17x768c/branch1x1/Conv/weights, mixed_17x17x768c/branch1x1/Conv/BatchNorm/beta, mixed_17x17x768c/branch1x1/Conv/BatchNorm/moving_mean, mixed_17x17x768c/branch1x1/Conv/BatchNorm/moving_variance, mixed_17x17x768c/branch7x7/Conv/weights, mixed_17x17x768c/branch7x7/Conv/BatchNorm/beta, mixed_17x17x768c/branch7x7/Conv/BatchNorm/moving_mean, mixed_17x17x768c/branch7x7/Conv/BatchNorm/moving_variance, mixed_17x17x768c/branch7x7/Conv_1/weights, mixed_17x17x768c/branch7x7/Conv_1/BatchNorm/beta, mixed_17x17x768c/branch7x7/Conv_1/BatchNorm/moving_mean, mixed_17x17x768c/branch7x7/Conv_1/BatchNorm/moving_variance, mixed_17x17x768c/branch7x7/Conv_2/weights, mixed_17x17x768c/branch7x7/Conv_2/BatchNorm/beta, mixed_17x17x768c/branch7x7/Conv_2/BatchNorm/moving_mean, mixed_17x17x768c/branch7x7/Conv_2/BatchNorm/moving_variance, mixed_17x17x768c/branch7x7dbl/Conv/weights, mixed_17x17x768c/branch7x7dbl/Conv/BatchNorm/beta, mixed_17x17x768c/branch7x7dbl/Conv/BatchNorm/moving_mean, mixed_17x17x768c/branch7x7dbl/Conv/BatchNorm/moving_variance, mixed_17x17x768c/branch7x7dbl/Conv_1/weights, mixed_17x17x768c/branch7x7dbl/Conv_1/BatchNorm/beta, mixed_17x17x768c/branch7x7dbl/Conv_1/BatchNorm/moving_mean, mixed_17x17x768c/branch7x7dbl/Conv_1/BatchNorm/moving_variance, mixed_17x17x768c/branch7x7dbl/Conv_2/weights, mixed_17x17x768c/branch7x7dbl/Conv_2/BatchNorm/beta, mixed_17x17x768c/branch7x7dbl/Conv_2/BatchNorm/moving_mean, mixed_17x17x768c/branch7x7dbl/Conv_2/BatchNorm/moving_variance, mixed_17x17x768c/branch7x7dbl/Conv_3/weights, mixed_17x17x768c/branch7x7dbl/Conv_3/BatchNorm/beta, mixed_17x17x768c/branch7x7dbl/Conv_3/BatchNorm/moving_mean, mixed_17x17x768c/branch7x7dbl/Conv_3/BatchNorm/moving_variance, mixed_17x17x768c/branch7x7dbl/Conv_4/weights, mixed_17x17x768c/branch7x7dbl/Conv_4/BatchNorm/beta, mixed_17x17x768c/branch7x7dbl/Conv_4/BatchNorm/moving_mean, mixed_17x17x768c/branch7x7dbl/Conv_4/BatchNorm/moving_variance, mixed_17x17x768c/branch_pool/Conv/weights, mixed_17x17x768c/branch_pool/Conv/BatchNorm/beta, mixed_17x17x768c/branch_pool/Conv/BatchNorm/moving_mean, mixed_17x17x768c/branch_pool/Conv/BatchNorm/moving_variance, mixed_17x17x768d/branch1x1/Conv/weights, mixed_17x17x768d/branch1x1/Conv/BatchNorm/beta, mixed_17x17x768d/branch1x1/Conv/BatchNorm/moving_mean, mixed_17x17x768d/branch1x1/Conv/BatchNorm/moving_variance, mixed_17x17x768d/branch7x7/Conv/weights, mixed_17x17x768d/branch7x7/Conv/BatchNorm/beta, mixed_17x17x768d/branch7x7/Conv/BatchNorm/moving_mean, mixed_17x17x768d/branch7x7/Conv/BatchNorm/moving_variance, mixed_17x17x768d/branch7x7/Conv_1/weights, mixed_17x17x768d/branch7x7/Conv_1/BatchNorm/beta, mixed_17x17x768d/branch7x7/Conv_1/BatchNorm/moving_mean, mixed_17x17x768d/branch7x7/Conv_1/BatchNorm/moving_variance, mixed_17x17x768d/branch7x7/Conv_2/weights, mixed_17x17x768d/branch7x7/Conv_2/BatchNorm/beta, mixed_17x17x768d/branch7x7/Conv_2/BatchNorm/moving_mean, mixed_17x17x768d/branch7x7/Conv_2/BatchNorm/moving_variance, mixed_17x17x768d/branch7x7dbl/Conv/weights, mixed_17x17x768d/branch7x7dbl/Conv/BatchNorm/beta, mixed_17x17x768d/branch7x7dbl/Conv/BatchNorm/moving_mean, mixed_17x17x768d/branch7x7dbl/Conv/BatchNorm/moving_variance, mixed_17x17x768d/branch7x7dbl/Conv_1/weights, mixed_17x17x768d/branch7x7dbl/Conv_1/BatchNorm/beta, mixed_17x17x768d/branch7x7dbl/Conv_1/BatchNorm/moving_mean, mixed_17x17x768d/branch7x7dbl/Conv_1/BatchNorm/moving_variance, mixed_17x17x768d/branch7x7dbl/Conv_2/weights, mixed_17x17x768d/branch7x7dbl/Conv_2/BatchNorm/beta, mixed_17x17x768d/branch7x7dbl/Conv_2/BatchNorm/moving_mean, mixed_17x17x768d/branch7x7dbl/Conv_2/BatchNorm/moving_variance, mixed_17x17x768d/branch7x7dbl/Conv_3/weights, mixed_17x17x768d/branch7x7dbl/Conv_3/BatchNorm/beta, mixed_17x17x768d/branch7x7dbl/Conv_3/BatchNorm/moving_mean, mixed_17x17x768d/branch7x7dbl/Conv_3/BatchNorm/moving_variance, mixed_17x17x768d/branch7x7dbl/Conv_4/weights, mixed_17x17x768d/branch7x7dbl/Conv_4/BatchNorm/beta, mixed_17x17x768d/branch7x7dbl/Conv_4/BatchNorm/moving_mean, mixed_17x17x768d/branch7x7dbl/Conv_4/BatchNorm/moving_variance, mixed_17x17x768d/branch_pool/Conv/weights, mixed_17x17x768d/branch_pool/Conv/BatchNorm/beta, mixed_17x17x768d/branch_pool/Conv/BatchNorm/moving_mean, mixed_17x17x768d/branch_pool/Conv/BatchNorm/moving_variance, mixed_17x17x768e/branch1x1/Conv/weights, mixed_17x17x768e/branch1x1/Conv/BatchNorm/beta, mixed_17x17x768e/branch1x1/Conv/BatchNorm/moving_mean, mixed_17x17x768e/branch1x1/Conv/BatchNorm/moving_variance, mixed_17x17x768e/branch7x7/Conv/weights, mixed_17x17x768e/branch7x7/Conv/BatchNorm/beta, mixed_17x17x768e/branch7x7/Conv/BatchNorm/moving_mean, mixed_17x17x768e/branch7x7/Conv/BatchNorm/moving_variance, mixed_17x17x768e/branch7x7/Conv_1/weights, mixed_17x17x768e/branch7x7/Conv_1/BatchNorm/beta, mixed_17x17x768e/branch7x7/Conv_1/BatchNorm/moving_mean, mixed_17x17x768e/branch7x7/Conv_1/BatchNorm/moving_variance, mixed_17x17x768e/branch7x7/Conv_2/weights, mixed_17x17x768e/branch7x7/Conv_2/BatchNorm/beta, mixed_17x17x768e/branch7x7/Conv_2/BatchNorm/moving_mean, mixed_17x17x768e/branch7x7/Conv_2/BatchNorm/moving_variance, mixed_17x17x768e/branch7x7dbl/Conv/weights, mixed_17x17x768e/branch7x7dbl/Conv/BatchNorm/beta, mixed_17x17x768e/branch7x7dbl/Conv/BatchNorm/moving_mean, mixed_17x17x768e/branch7x7dbl/Conv/BatchNorm/moving_variance, mixed_17x17x768e/branch7x7dbl/Conv_1/weights, mixed_17x17x768e/branch7x7dbl/Conv_1/BatchNorm/beta, mixed_17x17x768e/branch7x7dbl/Conv_1/BatchNorm/moving_mean, mixed_17x17x768e/branch7x7dbl/Conv_1/BatchNorm/moving_variance, mixed_17x17x768e/branch7x7dbl/Conv_2/weights, mixed_17x17x768e/branch7x7dbl/Conv_2/BatchNorm/beta, mixed_17x17x768e/branch7x7dbl/Conv_2/BatchNorm/moving_mean, mixed_17x17x768e/branch7x7dbl/Conv_2/BatchNorm/moving_variance, mixed_17x17x768e/branch7x7dbl/Conv_3/weights, mixed_17x17x768e/branch7x7dbl/Conv_3/BatchNorm/beta, mixed_17x17x768e/branch7x7dbl/Conv_3/BatchNorm/moving_mean, mixed_17x17x768e/branch7x7dbl/Conv_3/BatchNorm/moving_variance, mixed_17x17x768e/branch7x7dbl/Conv_4/weights, mixed_17x17x768e/branch7x7dbl/Conv_4/BatchNorm/beta, mixed_17x17x768e/branch7x7dbl/Conv_4/BatchNorm/moving_mean, mixed_17x17x768e/branch7x7dbl/Conv_4/BatchNorm/moving_variance, mixed_17x17x768e/branch_pool/Conv/weights, mixed_17x17x768e/branch_pool/Conv/BatchNorm/beta, mixed_17x17x768e/branch_pool/Conv/BatchNorm/moving_mean, mixed_17x17x768e/branch_pool/Conv/BatchNorm/moving_variance, aux_logits/proj/weights, aux_logits/proj/BatchNorm/beta, aux_logits/proj/BatchNorm/moving_mean, aux_logits/proj/BatchNorm/moving_variance, aux_logits/Conv/weights, aux_logits/Conv/BatchNorm/beta, aux_logits/Conv/BatchNorm/moving_mean, aux_logits/Conv/BatchNorm/moving_variance, aux_logits/FC/weights, aux_logits/FC/biases, mixed_17x17x1280a/branch3x3/Conv/weights, mixed_17x17x1280a/branch3x3/Conv/BatchNorm/beta, mixed_17x17x1280a/branch3x3/Conv/BatchNorm/moving_mean, mixed_17x17x1280a/branch3x3/Conv/BatchNorm/moving_variance, mixed_17x17x1280a/branch3x3/Conv_1/weights, mixed_17x17x1280a/branch3x3/Conv_1/BatchNorm/beta, mixed_17x17x1280a/branch3x3/Conv_1/BatchNorm/moving_mean, mixed_17x17x1280a/branch3x3/Conv_1/BatchNorm/moving_variance, mixed_17x17x1280a/branch7x7x3/Conv/weights, mixed_17x17x1280a/branch7x7x3/Conv/BatchNorm/beta, mixed_17x17x1280a/branch7x7x3/Conv/BatchNorm/moving_mean, mixed_17x17x1280a/branch7x7x3/Conv/BatchNorm/moving_variance, mixed_17x17x1280a/branch7x7x3/Conv_1/weights, mixed_17x17x1280a/branch7x7x3/Conv_1/BatchNorm/beta, mixed_17x17x1280a/branch7x7x3/Conv_1/BatchNorm/moving_mean, mixed_17x17x1280a/branch7x7x3/Conv_1/BatchNorm/moving_variance, mixed_17x17x1280a/branch7x7x3/Conv_2/weights, mixed_17x17x1280a/branch7x7x3/Conv_2/BatchNorm/beta, mixed_17x17x1280a/branch7x7x3/Conv_2/BatchNorm/moving_mean, mixed_17x17x1280a/branch7x7x3/Conv_2/BatchNorm/moving_variance, mixed_17x17x1280a/branch7x7x3/Conv_3/weights, mixed_17x17x1280a/branch7x7x3/Conv_3/BatchNorm/beta, mixed_17x17x1280a/branch7x7x3/Conv_3/BatchNorm/moving_mean, mixed_17x17x1280a/branch7x7x3/Conv_3/BatchNorm/moving_variance, mixed_8x8x2048a/branch1x1/Conv/weights, mixed_8x8x2048a/branch1x1/Conv/BatchNorm/beta, mixed_8x8x2048a/branch1x1/Conv/BatchNorm/moving_mean, mixed_8x8x2048a/branch1x1/Conv/BatchNorm/moving_variance, mixed_8x8x2048a/branch3x3/Conv/weights, mixed_8x8x2048a/branch3x3/Conv/BatchNorm/beta, mixed_8x8x2048a/branch3x3/Conv/BatchNorm/moving_mean, mixed_8x8x2048a/branch3x3/Conv/BatchNorm/moving_variance, mixed_8x8x2048a/branch3x3/Conv_1/weights, mixed_8x8x2048a/branch3x3/Conv_1/BatchNorm/beta, mixed_8x8x2048a/branch3x3/Conv_1/BatchNorm/moving_mean, mixed_8x8x2048a/branch3x3/Conv_1/BatchNorm/moving_variance, mixed_8x8x2048a/branch3x3/Conv_2/weights, mixed_8x8x2048a/branch3x3/Conv_2/BatchNorm/beta, mixed_8x8x2048a/branch3x3/Conv_2/BatchNorm/moving_mean, mixed_8x8x2048a/branch3x3/Conv_2/BatchNorm/moving_variance, mixed_8x8x2048a/branch3x3dbl/Conv/weights, mixed_8x8x2048a/branch3x3dbl/Conv/BatchNorm/beta, mixed_8x8x2048a/branch3x3dbl/Conv/BatchNorm/moving_mean, mixed_8x8x2048a/branch3x3dbl/Conv/BatchNorm/moving_variance, mixed_8x8x2048a/branch3x3dbl/Conv_1/weights, mixed_8x8x2048a/branch3x3dbl/Conv_1/BatchNorm/beta, mixed_8x8x2048a/branch3x3dbl/Conv_1/BatchNorm/moving_mean, mixed_8x8x2048a/branch3x3dbl/Conv_1/BatchNorm/moving_variance, mixed_8x8x2048a/branch3x3dbl/Conv_2/weights, mixed_8x8x2048a/branch3x3dbl/Conv_2/BatchNorm/beta, mixed_8x8x2048a/branch3x3dbl/Conv_2/BatchNorm/moving_mean, mixed_8x8x2048a/branch3x3dbl/Conv_2/BatchNorm/moving_variance, mixed_8x8x2048a/branch3x3dbl/Conv_3/weights, mixed_8x8x2048a/branch3x3dbl/Conv_3/BatchNorm/beta, mixed_8x8x2048a/branch3x3dbl/Conv_3/BatchNorm/moving_mean, mixed_8x8x2048a/branch3x3dbl/Conv_3/BatchNorm/moving_variance, mixed_8x8x2048a/branch_pool/Conv/weights, mixed_8x8x2048a/branch_pool/Conv/BatchNorm/beta, mixed_8x8x2048a/branch_pool/Conv/BatchNorm/moving_mean, mixed_8x8x2048a/branch_pool/Conv/BatchNorm/moving_variance, mixed_8x8x2048b/branch1x1/Conv/weights, mixed_8x8x2048b/branch1x1/Conv/BatchNorm/beta, mixed_8x8x2048b/branch1x1/Conv/BatchNorm/moving_mean, mixed_8x8x2048b/branch1x1/Conv/BatchNorm/moving_variance, mixed_8x8x2048b/branch3x3/Conv/weights, mixed_8x8x2048b/branch3x3/Conv/BatchNorm/beta, mixed_8x8x2048b/branch3x3/Conv/BatchNorm/moving_mean, mixed_8x8x2048b/branch3x3/Conv/BatchNorm/moving_variance, mixed_8x8x2048b/branch3x3/Conv_1/weights, mixed_8x8x2048b/branch3x3/Conv_1/BatchNorm/beta, mixed_8x8x2048b/branch3x3/Conv_1/BatchNorm/moving_mean, mixed_8x8x2048b/branch3x3/Conv_1/BatchNorm/moving_variance, mixed_8x8x2048b/branch3x3/Conv_2/weights, mixed_8x8x2048b/branch3x3/Conv_2/BatchNorm/beta, mixed_8x8x2048b/branch3x3/Conv_2/BatchNorm/moving_mean, mixed_8x8x2048b/branch3x3/Conv_2/BatchNorm/moving_variance, mixed_8x8x2048b/branch3x3dbl/Conv/weights, mixed_8x8x2048b/branch3x3dbl/Conv/BatchNorm/beta, mixed_8x8x2048b/branch3x3dbl/Conv/BatchNorm/moving_mean, mixed_8x8x2048b/branch3x3dbl/Conv/BatchNorm/moving_variance, mixed_8x8x2048b/branch3x3dbl/Conv_1/weights, mixed_8x8x2048b/branch3x3dbl/Conv_1/BatchNorm/beta, mixed_8x8x2048b/branch3x3dbl/Conv_1/BatchNorm/moving_mean, mixed_8x8x2048b/branch3x3dbl/Conv_1/BatchNorm/moving_variance, mixed_8x8x2048b/branch3x3dbl/Conv_2/weights, mixed_8x8x2048b/branch3x3dbl/Conv_2/BatchNorm/beta, mixed_8x8x2048b/branch3x3dbl/Conv_2/BatchNorm/moving_mean, mixed_8x8x2048b/branch3x3dbl/Conv_2/BatchNorm/moving_variance, mixed_8x8x2048b/branch3x3dbl/Conv_3/weights, mixed_8x8x2048b/branch3x3dbl/Conv_3/BatchNorm/beta, mixed_8x8x2048b/branch3x3dbl/Conv_3/BatchNorm/moving_mean, mixed_8x8x2048b/branch3x3dbl/Conv_3/BatchNorm/moving_variance, mixed_8x8x2048b/branch_pool/Conv/weights, mixed_8x8x2048b/branch_pool/Conv/BatchNorm/beta, mixed_8x8x2048b/branch_pool/Conv/BatchNorm/moving_mean, mixed_8x8x2048b/branch_pool/Conv/BatchNorm/moving_variance, logits/logits/weights, logits/logits/biases, conv0/weights/Momentum, conv0/BatchNorm/beta/Momentum, conv1/weights/Momentum, conv1/BatchNorm/beta/Momentum, conv2/weights/Momentum, conv2/BatchNorm/beta/Momentum, conv3/weights/Momentum, conv3/BatchNorm/beta/Momentum, conv4/weights/Momentum, conv4/BatchNorm/beta/Momentum, mixed_35x35x256a/branch1x1/Conv/weights/Momentum, mixed_35x35x256a/branch1x1/Conv/BatchNorm/beta/Momentum, mixed_35x35x256a/branch5x5/Conv/weights/Momentum, mixed_35x35x256a/branch5x5/Conv/BatchNorm/beta/Momentum, mixed_35x35x256a/branch5x5/Conv_1/weights/Momentum, mixed_35x35x256a/branch5x5/Conv_1/BatchNorm/beta/Momentum, mixed_35x35x256a/branch3x3dbl/Conv/weights/Momentum, mixed_35x35x256a/branch3x3dbl/Conv/BatchNorm/beta/Momentum, mixed_35x35x256a/branch3x3dbl/Conv_1/weights/Momentum, mixed_35x35x256a/branch3x3dbl/Conv_1/BatchNorm/beta/Momentum, mixed_35x35x256a/branch3x3dbl/Conv_2/weights/Momentum, mixed_35x35x256a/branch3x3dbl/Conv_2/BatchNorm/beta/Momentum, mixed_35x35x256a/branch_pool/Conv/weights/Momentum, mixed_35x35x256a/branch_pool/Conv/BatchNorm/beta/Momentum, mixed_35x35x288a/branch1x1/Conv/weights/Momentum, mixed_35x35x288a/branch1x1/Conv/BatchNorm/beta/Momentum, mixed_35x35x288a/branch5x5/Conv/weights/Momentum, mixed_35x35x288a/branch5x5/Conv/BatchNorm/beta/Momentum, mixed_35x35x288a/branch5x5/Conv_1/weights/Momentum, mixed_35x35x288a/branch5x5/Conv_1/BatchNorm/beta/Momentum, mixed_35x35x288a/branch3x3dbl/Conv/weights/Momentum, mixed_35x35x288a/branch3x3dbl/Conv/BatchNorm/beta/Momentum, mixed_35x35x288a/branch3x3dbl/Conv_1/weights/Momentum, mixed_35x35x288a/branch3x3dbl/Conv_1/BatchNorm/beta/Momentum, mixed_35x35x288a/branch3x3dbl/Conv_2/weights/Momentum, mixed_35x35x288a/branch3x3dbl/Conv_2/BatchNorm/beta/Momentum, mixed_35x35x288a/branch_pool/Conv/weights/Momentum, mixed_35x35x288a/branch_pool/Conv/BatchNorm/beta/Momentum, mixed_35x35x288b/branch1x1/Conv/weights/Momentum, mixed_35x35x288b/branch1x1/Conv/BatchNorm/beta/Momentum, mixed_35x35x288b/branch5x5/Conv/weights/Momentum, mixed_35x35x288b/branch5x5/Conv/BatchNorm/beta/Momentum, mixed_35x35x288b/branch5x5/Conv_1/weights/Momentum, mixed_35x35x288b/branch5x5/Conv_1/BatchNorm/beta/Momentum, mixed_35x35x288b/branch3x3dbl/Conv/weights/Momentum, mixed_35x35x288b/branch3x3dbl/Conv/BatchNorm/beta/Momentum, mixed_35x35x288b/branch3x3dbl/Conv_1/weights/Momentum, mixed_35x35x288b/branch3x3dbl/Conv_1/BatchNorm/beta/Momentum, mixed_35x35x288b/branch3x3dbl/Conv_2/weights/Momentum, mixed_35x35x288b/branch3x3dbl/Conv_2/BatchNorm/beta/Momentum, mixed_35x35x288b/branch_pool/Conv/weights/Momentum, mixed_35x35x288b/branch_pool/Conv/BatchNorm/beta/Momentum, mixed_17x17x768a/branch3x3/Conv/weights/Momentum, mixed_17x17x768a/branch3x3/Conv/BatchNorm/beta/Momentum, mixed_17x17x768a/branch3x3dbl/Conv/weights/Momentum, mixed_17x17x768a/branch3x3dbl/Conv/BatchNorm/beta/Momentum, mixed_17x17x768a/branch3x3dbl/Conv_1/weights/Momentum, mixed_17x17x768a/branch3x3dbl/Conv_1/BatchNorm/beta/Momentum, mixed_17x17x768a/branch3x3dbl/Conv_2/weights/Momentum, mixed_17x17x768a/branch3x3dbl/Conv_2/BatchNorm/beta/Momentum, mixed_17x17x768b/branch1x1/Conv/weights/Momentum, mixed_17x17x768b/branch1x1/Conv/BatchNorm/beta/Momentum, mixed_17x17x768b/branch7x7/Conv/weights/Momentum, mixed_17x17x768b/branch7x7/Conv/BatchNorm/beta/Momentum, mixed_17x17x768b/branch7x7/Conv_1/weights/Momentum, mixed_17x17x768b/branch7x7/Conv_1/BatchNorm/beta/Momentum, mixed_17x17x768b/branch7x7/Conv_2/weights/Momentum, mixed_17x17x768b/branch7x7/Conv_2/BatchNorm/beta/Momentum, mixed_17x17x768b/branch7x7dbl/Conv/weights/Momentum, mixed_17x17x768b/branch7x7dbl/Conv/BatchNorm/beta/Momentum, mixed_17x17x768b/branch7x7dbl/Conv_1/weights/Momentum, mixed_17x17x768b/branch7x7dbl/Conv_1/BatchNorm/beta/Momentum, mixed_17x17x768b/branch7x7dbl/Conv_2/weights/Momentum, mixed_17x17x768b/branch7x7dbl/Conv_2/BatchNorm/beta/Momentum, mixed_17x17x768b/branch7x7dbl/Conv_3/weights/Momentum, mixed_17x17x768b/branch7x7dbl/Conv_3/BatchNorm/beta/Momentum, mixed_17x17x768b/branch7x7dbl/Conv_4/weights/Momentum, mixed_17x17x768b/branch7x7dbl/Conv_4/BatchNorm/beta/Momentum, mixed_17x17x768b/branch_pool/Conv/weights/Momentum, mixed_17x17x768b/branch_pool/Conv/BatchNorm/beta/Momentum, mixed_17x17x768c/branch1x1/Conv/weights/Momentum, mixed_17x17x768c/branch1x1/Conv/BatchNorm/beta/Momentum, mixed_17x17x768c/branch7x7/Conv/weights/Momentum, mixed_17x17x768c/branch7x7/Conv/BatchNorm/beta/Momentum, mixed_17x17x768c/branch7x7/Conv_1/weights/Momentum, mixed_17x17x768c/branch7x7/Conv_1/BatchNorm/beta/Momentum, mixed_17x17x768c/branch7x7/Conv_2/weights/Momentum, mixed_17x17x768c/branch7x7/Conv_2/BatchNorm/beta/Momentum, mixed_17x17x768c/branch7x7dbl/Conv/weights/Momentum, mixed_17x17x768c/branch7x7dbl/Conv/BatchNorm/beta/Momentum, mixed_17x17x768c/branch7x7dbl/Conv_1/weights/Momentum, mixed_17x17x768c/branch7x7dbl/Conv_1/BatchNorm/beta/Momentum, mixed_17x17x768c/branch7x7dbl/Conv_2/weights/Momentum, mixed_17x17x768c/branch7x7dbl/Conv_2/BatchNorm/beta/Momentum, mixed_17x17x768c/branch7x7dbl/Conv_3/weights/Momentum, mixed_17x17x768c/branch7x7dbl/Conv_3/BatchNorm/beta/Momentum, mixed_17x17x768c/branch7x7dbl/Conv_4/weights/Momentum, mixed_17x17x768c/branch7x7dbl/Conv_4/BatchNorm/beta/Momentum, mixed_17x17x768c/branch_pool/Conv/weights/Momentum, mixed_17x17x768c/branch_pool/Conv/BatchNorm/beta/Momentum, mixed_17x17x768d/branch1x1/Conv/weights/Momentum, mixed_17x17x768d/branch1x1/Conv/BatchNorm/beta/Momentum, mixed_17x17x768d/branch7x7/Conv/weights/Momentum, mixed_17x17x768d/branch7x7/Conv/BatchNorm/beta/Momentum, mixed_17x17x768d/branch7x7/Conv_1/weights/Momentum, mixed_17x17x768d/branch7x7/Conv_1/BatchNorm/beta/Momentum, mixed_17x17x768d/branch7x7/Conv_2/weights/Momentum, mixed_17x17x768d/branch7x7/Conv_2/BatchNorm/beta/Momentum, mixed_17x17x768d/branch7x7dbl/Conv/weights/Momentum, mixed_17x17x768d/branch7x7dbl/Conv/BatchNorm/beta/Momentum, mixed_17x17x768d/branch7x7dbl/Conv_1/weights/Momentum, mixed_17x17x768d/branch7x7dbl/Conv_1/BatchNorm/beta/Momentum, mixed_17x17x768d/branch7x7dbl/Conv_2/weights/Momentum, mixed_17x17x768d/branch7x7dbl/Conv_2/BatchNorm/beta/Momentum, mixed_17x17x768d/branch7x7dbl/Conv_3/weights/Momentum, mixed_17x17x768d/branch7x7dbl/Conv_3/BatchNorm/beta/Momentum, mixed_17x17x768d/branch7x7dbl/Conv_4/weights/Momentum, mixed_17x17x768d/branch7x7dbl/Conv_4/BatchNorm/beta/Momentum, mixed_17x17x768d/branch_pool/Conv/weights/Momentum, mixed_17x17x768d/branch_pool/Conv/BatchNorm/beta/Momentum, mixed_17x17x768e/branch1x1/Conv/weights/Momentum, mixed_17x17x768e/branch1x1/Conv/BatchNorm/beta/Momentum, mixed_17x17x768e/branch7x7/Conv/weights/Momentum, mixed_17x17x768e/branch7x7/Conv/BatchNorm/beta/Momentum, mixed_17x17x768e/branch7x7/Conv_1/weights/Momentum, mixed_17x17x768e/branch7x7/Conv_1/BatchNorm/beta/Momentum, mixed_17x17x768e/branch7x7/Conv_2/weights/Momentum, mixed_17x17x768e/branch7x7/Conv_2/BatchNorm/beta/Momentum, mixed_17x17x768e/branch7x7dbl/Conv/weights/Momentum, mixed_17x17x768e/branch7x7dbl/Conv/BatchNorm/beta/Momentum, mixed_17x17x768e/branch7x7dbl/Conv_1/weights/Momentum, mixed_17x17x768e/branch7x7dbl/Conv_1/BatchNorm/beta/Momentum, mixed_17x17x768e/branch7x7dbl/Conv_2/weights/Momentum, mixed_17x17x768e/branch7x7dbl/Conv_2/BatchNorm/beta/Momentum, mixed_17x17x768e/branch7x7dbl/Conv_3/weights/Momentum, mixed_17x17x768e/branch7x7dbl/Conv_3/BatchNorm/beta/Momentum, mixed_17x17x768e/branch7x7dbl/Conv_4/weights/Momentum, mixed_17x17x768e/branch7x7dbl/Conv_4/BatchNorm/beta/Momentum, mixed_17x17x768e/branch_pool/Conv/weights/Momentum, mixed_17x17x768e/branch_pool/Conv/BatchNorm/beta/Momentum, aux_logits/proj/weights/Momentum, aux_logits/proj/BatchNorm/beta/Momentum, aux_logits/Conv/weights/Momentum, aux_logits/Conv/BatchNorm/beta/Momentum, aux_logits/FC/weights/Momentum, aux_logits/FC/biases/Momentum, mixed_17x17x1280a/branch3x3/Conv/weights/Momentum, mixed_17x17x1280a/branch3x3/Conv/BatchNorm/beta/Momentum, mixed_17x17x1280a/branch3x3/Conv_1/weights/Momentum, mixed_17x17x1280a/branch3x3/Conv_1/BatchNorm/beta/Momentum, mixed_17x17x1280a/branch7x7x3/Conv/weights/Momentum, mixed_17x17x1280a/branch7x7x3/Conv/BatchNorm/beta/Momentum, mixed_17x17x1280a/branch7x7x3/Conv_1/weights/Momentum, mixed_17x17x1280a/branch7x7x3/Conv_1/BatchNorm/beta/Momentum, mixed_17x17x1280a/branch7x7x3/Conv_2/weights/Momentum, mixed_17x17x1280a/branch7x7x3/Conv_2/BatchNorm/beta/Momentum, mixed_17x17x1280a/branch7x7x3/Conv_3/weights/Momentum, mixed_17x17x1280a/branch7x7x3/Conv_3/BatchNorm/beta/Momentum, mixed_8x8x2048a/branch1x1/Conv/weights/Momentum, mixed_8x8x2048a/branch1x1/Conv/BatchNorm/beta/Momentum, mixed_8x8x2048a/branch3x3/Conv/weights/Momentum, mixed_8x8x2048a/branch3x3/Conv/BatchNorm/beta/Momentum, mixed_8x8x2048a/branch3x3/Conv_1/weights/Momentum, mixed_8x8x2048a/branch3x3/Conv_1/BatchNorm/beta/Momentum, mixed_8x8x2048a/branch3x3/Conv_2/weights/Momentum, mixed_8x8x2048a/branch3x3/Conv_2/BatchNorm/beta/Momentum, mixed_8x8x2048a/branch3x3dbl/Conv/weights/Momentum, mixed_8x8x2048a/branch3x3dbl/Conv/BatchNorm/beta/Momentum, mixed_8x8x2048a/branch3x3dbl/Conv_1/weights/Momentum, mixed_8x8x2048a/branch3x3dbl/Conv_1/BatchNorm/beta/Momentum, mixed_8x8x2048a/branch3x3dbl/Conv_2/weights/Momentum, mixed_8x8x2048a/branch3x3dbl/Conv_2/BatchNorm/beta/Momentum, mixed_8x8x2048a/branch3x3dbl/Conv_3/weights/Momentum, mixed_8x8x2048a/branch3x3dbl/Conv_3/BatchNorm/beta/Momentum, mixed_8x8x2048a/branch_pool/Conv/weights/Momentum, mixed_8x8x2048a/branch_pool/Conv/BatchNorm/beta/Momentum, mixed_8x8x2048b/branch1x1/Conv/weights/Momentum, mixed_8x8x2048b/branch1x1/Conv/BatchNorm/beta/Momentum, mixed_8x8x2048b/branch3x3/Conv/weights/Momentum, mixed_8x8x2048b/branch3x3/Conv/BatchNorm/beta/Momentum, mixed_8x8x2048b/branch3x3/Conv_1/weights/Momentum, mixed_8x8x2048b/branch3x3/Conv_1/BatchNorm/beta/Momentum, mixed_8x8x2048b/branch3x3/Conv_2/weights/Momentum, mixed_8x8x2048b/branch3x3/Conv_2/BatchNorm/beta/Momentum, mixed_8x8x2048b/branch3x3dbl/Conv/weights/Momentum, mixed_8x8x2048b/branch3x3dbl/Conv/BatchNorm/beta/Momentum, mixed_8x8x2048b/branch3x3dbl/Conv_1/weights/Momentum, mixed_8x8x2048b/branch3x3dbl/Conv_1/BatchNorm/beta/Momentum, mixed_8x8x2048b/branch3x3dbl/Conv_2/weights/Momentum, mixed_8x8x2048b/branch3x3dbl/Conv_2/BatchNorm/beta/Momentum, mixed_8x8x2048b/branch3x3dbl/Conv_3/weights/Momentum, mixed_8x8x2048b/branch3x3dbl/Conv_3/BatchNorm/beta/Momentum, mixed_8x8x2048b/branch_pool/Conv/weights/Momentum, mixed_8x8x2048b/branch_pool/Conv/BatchNorm/beta/Momentum, logits/logits/weights/Momentum, logits/logits/biases/Momentum
INFO:tensorflow:got sessions! 2016-07-26 23:31:10.084397 
INFO:tensorflow:Started 3 queues for processing input data.
INFO:tensorflow:Step: 410, Loss: 5.348252, time: 11.284 sec/batch
INFO:tensorflow:Step: 418, Loss: 5.471952, time: 10.460 sec/batch
INFO:tensorflow:Step: 429, Loss: 5.339550, time: 11.898 sec/batch
INFO:tensorflow:Step: 442, Loss: 5.629993, time: 8.665 sec/batch
INFO:tensorflow:Step: 453, Loss: 5.572810, time: 9.591 sec/batch
INFO:tensorflow:Step: 464, Loss: 4.930546, time: 9.119 sec/batch
INFO:tensorflow:Step: 477, Loss: 5.211028, time: 9.209 sec/batch
INFO:tensorflow:Step: 488, Loss: 5.188026, time: 9.566 sec/batch
INFO:tensorflow:Step: 500, Loss: 5.529807, time: 8.663 sec/batch
INFO:tensorflow:Step: 511, Loss: 6.215116, time: 10.470 sec/batch
INFO:tensorflow:Step: 524, Loss: 5.470284, time: 10.040 sec/batch
INFO:tensorflow:Step: 537, Loss: 5.764593, time: 9.924 sec/batch
INFO:tensorflow:Step: 549, Loss: 5.191513, time: 10.044 sec/batch
INFO:tensorflow:Step: 562, Loss: 5.432950, time: 13.290 sec/batch
INFO:tensorflow:Step: 576, Loss: 5.943482, time: 9.030 sec/batch
INFO:tensorflow:Step: 588, Loss: 5.690861, time: 9.419 sec/batch
INFO:tensorflow:Step: 599, Loss: 5.690526, time: 8.355 sec/batch
INFO:tensorflow:Step: 611, Loss: 5.338650, time: 9.104 sec/batch
INFO:tensorflow:Step: 622, Loss: 5.201911, time: 10.371 sec/batch
INFO:tensorflow:Step: 636, Loss: 5.174145, time: 9.941 sec/batch
INFO:tensorflow:Step: 649, Loss: 5.295530, time: 10.042 sec/batch
INFO:tensorflow:Step: 660, Loss: 5.555356, time: 12.342 sec/batch
INFO:tensorflow:Step: 675, Loss: 5.993139, time: 8.504 sec/batch
INFO:tensorflow:Step: 686, Loss: 5.382115, time: 8.888 sec/batch
INFO:tensorflow:Step: 698, Loss: 5.228773, time: 10.277 sec/batch
INFO:tensorflow:Step: 711, Loss: 6.027174, time: 10.031 sec/batch
INFO:tensorflow:Step: 724, Loss: 4.941506, time: 8.777 sec/batch
INFO:tensorflow:Step: 735, Loss: 5.927633, time: 8.884 sec/batch
INFO:tensorflow:Step: 747, Loss: 5.953127, time: 11.414 sec/batch
INFO:tensorflow:Step: 761, Loss: 5.569371, time: 10.672 sec/batch
INFO:tensorflow:Step: 774, Loss: 5.456209, time: 9.381 sec/batch
INFO:tensorflow:Step: 787, Loss: 5.223981, time: 10.921 sec/batch
INFO:tensorflow:Step: 801, Loss: 5.758324, time: 12.008 sec/batch
INFO:tensorflow:Step: 816, Loss: 5.407783, time: 10.645 sec/batch
INFO:tensorflow:Step: 829, Loss: 4.876325, time: 7.690 sec/batch
INFO:tensorflow:Step: 840, Loss: 5.793880, time: 7.711 sec/batch
INFO:tensorflow:Step: 850, Loss: 5.238296, time: 11.559 sec/batch
INFO:tensorflow:Step: 864, Loss: 5.351304, time: 11.158 sec/batch
INFO:tensorflow:Step: 877, Loss: 5.172666, time: 10.317 sec/batch
INFO:tensorflow:Step: 891, Loss: 5.178589, time: 10.996 sec/batch
INFO:tensorflow:Step: 904, Loss: 5.219900, time: 9.659 sec/batch
INFO:tensorflow:Step: 916, Loss: 5.187675, time: 11.409 sec/batch
INFO:tensorflow:Step: 932, Loss: 5.393155, time: 9.600 sec/batch
INFO:tensorflow:Step: 943, Loss: 5.299671, time: 8.522 sec/batch
INFO:tensorflow:Step: 953, Loss: 5.335190, time: 10.641 sec/batch
INFO:tensorflow:Step: 968, Loss: 5.160193, time: 10.545 sec/batch
INFO:tensorflow:Step: 981, Loss: 4.981441, time: 10.610 sec/batch
INFO:tensorflow:Step: 994, Loss: 5.172452, time: 11.310 sec/batch
INFO:tensorflow:Step: 1007, Loss: 5.321579, time: 12.495 sec/batch
INFO:tensorflow:Step: 1024, Loss: 5.049057, time: 12.198 sec/batch
INFO:tensorflow:Step: 1038, Loss: 4.796041, time: 9.491 sec/batch
INFO:tensorflow:Step: 1050, Loss: 5.629627, time: 9.958 sec/batch
INFO:tensorflow:Step: 1063, Loss: 4.789989, time: 9.726 sec/batch
INFO:tensorflow:Step: 1075, Loss: 5.806017, time: 8.427 sec/batch
INFO:tensorflow:Step: 1086, Loss: 5.312101, time: 9.785 sec/batch
INFO:tensorflow:Step: 1098, Loss: 5.272148, time: 10.767 sec/batch
INFO:tensorflow:Step: 1114, Loss: 5.323606, time: 12.276 sec/batch
INFO:tensorflow:Step: 1128, Loss: 5.326646, time: 10.840 sec/batch
INFO:tensorflow:Step: 1142, Loss: 4.926636, time: 9.662 sec/batch
INFO:tensorflow:Step: 1154, Loss: 5.439898, time: 10.440 sec/batch
INFO:tensorflow:Step: 1170, Loss: 5.515813, time: 9.387 sec/batch
INFO:tensorflow:Step: 1180, Loss: 5.459905, time: 10.636 sec/batch
INFO:tensorflow:Step: 1194, Loss: 5.113646, time: 11.121 sec/batch
INFO:tensorflow:Step: 1207, Loss: 5.002069, time: 13.044 sec/batch
INFO:tensorflow:Step: 1225, Loss: 5.638259, time: 12.009 sec/batch
INFO:tensorflow:Step: 1239, Loss: 5.410264, time: 12.673 sec/batch
INFO:tensorflow:Step: 1253, Loss: 5.332765, time: 9.663 sec/batch
INFO:tensorflow:Step: 1266, Loss: 5.850056, time: 9.970 sec/batch
INFO:tensorflow:Step: 1279, Loss: 5.078948, time: 6.923 sec/batch
INFO:tensorflow:Step: 1288, Loss: 5.778590, time: 10.925 sec/batch
INFO:tensorflow:Step: 1302, Loss: 5.693464, time: 8.476 sec/batch
INFO:tensorflow:Step: 1313, Loss: 5.356213, time: 10.224 sec/batch
INFO:tensorflow:Step: 1325, Loss: 5.060345, time: 9.564 sec/batch
INFO:tensorflow:Step: 1337, Loss: 5.142721, time: 9.806 sec/batch
INFO:tensorflow:Step: 1349, Loss: 5.593811, time: 8.652 sec/batch
INFO:tensorflow:Step: 1361, Loss: 5.245320, time: 9.537 sec/batch
INFO:tensorflow:Step: 1372, Loss: 5.850852, time: 12.105 sec/batch
INFO:tensorflow:Step: 1387, Loss: 5.075560, time: 9.855 sec/batch
INFO:tensorflow:Step: 1397, Loss: 5.120576, time: 10.489 sec/batch
INFO:tensorflow:Step: 1412, Loss: 5.432679, time: 10.086 sec/batch
INFO:tensorflow:Step: 1423, Loss: 5.359919, time: 8.945 sec/batch
INFO:tensorflow:Step: 1436, Loss: 5.183377, time: 10.490 sec/batch
INFO:tensorflow:Step: 1448, Loss: 5.415099, time: 10.167 sec/batch
INFO:tensorflow:Step: 1461, Loss: 5.598311, time: 11.063 sec/batch
INFO:tensorflow:Step: 1476, Loss: 5.172761, time: 11.041 sec/batch
INFO:tensorflow:Step: 1490, Loss: 5.196732, time: 9.696 sec/batch
INFO:tensorflow:Step: 1501, Loss: 5.733932, time: 9.176 sec/batch
INFO:tensorflow:Step: 1514, Loss: 5.090380, time: 10.026 sec/batch
INFO:tensorflow:Step: 1528, Loss: 5.156070, time: 9.069 sec/batch
INFO:tensorflow:Step: 1539, Loss: 5.291134, time: 9.320 sec/batch
INFO:tensorflow:Step: 1553, Loss: 5.238319, time: 10.281 sec/batch
INFO:tensorflow:Step: 1565, Loss: 4.957199, time: 11.507 sec/batch
INFO:tensorflow:Step: 1579, Loss: 5.566178, time: 11.045 sec/batch
INFO:tensorflow:Step: 1593, Loss: 5.098196, time: 9.758 sec/batch
INFO:tensorflow:Step: 1606, Loss: 5.175258, time: 9.418 sec/batch
INFO:tensorflow:Step: 1619, Loss: 5.777301, time: 8.738 sec/batch
INFO:tensorflow:Step: 1632, Loss: 4.795831, time: 9.186 sec/batch
INFO:tensorflow:Step: 1643, Loss: 4.926187, time: 10.192 sec/batch
INFO:tensorflow:Step: 1656, Loss: 6.404558, time: 10.769 sec/batch
INFO:tensorflow:Step: 1670, Loss: 5.047109, time: 11.391 sec/batch
INFO:tensorflow:Step: 1684, Loss: 5.212943, time: 10.578 sec/batch
INFO:tensorflow:Step: 1700, Loss: 5.247557, time: 6.472 sec/batch
INFO:tensorflow:Step: 1708, Loss: 5.157897, time: 9.523 sec/batch
INFO:tensorflow:Step: 1720, Loss: 5.691718, time: 9.699 sec/batch
INFO:tensorflow:Step: 1733, Loss: 5.457383, time: 9.806 sec/batch
INFO:tensorflow:Step: 1744, Loss: 5.367415, time: 9.947 sec/batch
INFO:tensorflow:Step: 1759, Loss: 5.297269, time: 12.068 sec/batch
INFO:tensorflow:Step: 1774, Loss: 5.141461, time: 8.984 sec/batch
INFO:tensorflow:Step: 1785, Loss: 4.955468, time: 8.847 sec/batch
INFO:tensorflow:Step: 1798, Loss: 4.991119, time: 9.211 sec/batch
INFO:tensorflow:Step: 1809, Loss: 5.486726, time: 8.632 sec/batch
INFO:tensorflow:Step: 1821, Loss: 5.223731, time: 9.122 sec/batch
INFO:tensorflow:Step: 1833, Loss: 5.207911, time: 9.921 sec/batch
INFO:tensorflow:Step: 1846, Loss: 5.043831, time: 10.030 sec/batch
INFO:tensorflow:Step: 1861, Loss: 5.531622, time: 11.300 sec/batch
INFO:tensorflow:Step: 1872, Loss: 4.956069, time: 10.323 sec/batch
INFO:tensorflow:Step: 1884, Loss: 5.302619, time: 10.415 sec/batch
INFO:tensorflow:Step: 1899, Loss: 5.702652, time: 10.816 sec/batch
INFO:tensorflow:Step: 1911, Loss: 5.000284, time: 8.135 sec/batch
INFO:tensorflow:Step: 1923, Loss: 5.430722, time: 9.934 sec/batch
INFO:tensorflow:Step: 1936, Loss: 5.833843, time: 8.535 sec/batch
INFO:tensorflow:Step: 1949, Loss: 5.311326, time: 9.988 sec/batch
INFO:tensorflow:Step: 1961, Loss: 5.051108, time: 10.482 sec/batch
INFO:tensorflow:Step: 1974, Loss: 5.326233, time: 7.668 sec/batch
INFO:tensorflow:Step: 1986, Loss: 5.203694, time: 10.532 sec/batch
INFO:tensorflow:Step: 1999, Loss: 5.569472, time: 9.543 sec/batch
INFO:tensorflow:Step: 2012, Loss: 5.258939, time: 10.485 sec/batch
INFO:tensorflow:Step: 2026, Loss: 5.150223, time: 9.009 sec/batch
INFO:tensorflow:Step: 2038, Loss: 5.219185, time: 8.331 sec/batch
INFO:tensorflow:Step: 2050, Loss: 5.058228, time: 8.996 sec/batch
INFO:tensorflow:Step: 2061, Loss: 5.346415, time: 10.688 sec/batch
INFO:tensorflow:Step: 2075, Loss: 5.335957, time: 9.405 sec/batch
INFO:tensorflow:Step: 2087, Loss: 5.473137, time: 8.827 sec/batch
INFO:tensorflow:Step: 2100, Loss: 5.416148, time: 8.972 sec/batch
INFO:tensorflow:Step: 2111, Loss: 4.908849, time: 9.904 sec/batch
INFO:tensorflow:Step: 2125, Loss: 4.971683, time: 9.843 sec/batch
INFO:tensorflow:Step: 2138, Loss: 4.693860, time: 11.654 sec/batch
INFO:tensorflow:Step: 2152, Loss: 5.471253, time: 7.846 sec/batch
INFO:tensorflow:Step: 2165, Loss: 5.418491, time: 9.432 sec/batch
INFO:tensorflow:Step: 2176, Loss: 4.837657, time: 9.329 sec/batch
INFO:tensorflow:Step: 2189, Loss: 4.823895, time: 11.394 sec/batch
INFO:tensorflow:Step: 2201, Loss: 5.194285, time: 7.895 sec/batch
INFO:tensorflow:Step: 2213, Loss: 5.080398, time: 9.794 sec/batch
INFO:tensorflow:Step: 2225, Loss: 4.987300, time: 9.666 sec/batch
INFO:tensorflow:Step: 2239, Loss: 5.544946, time: 8.423 sec/batch
INFO:tensorflow:Step: 2250, Loss: 5.205163, time: 10.041 sec/batch
INFO:tensorflow:Step: 2263, Loss: 5.905369, time: 9.616 sec/batch
INFO:tensorflow:Step: 2277, Loss: 5.352378, time: 10.220 sec/batch
INFO:tensorflow:Step: 2289, Loss: 5.440085, time: 9.971 sec/batch
INFO:tensorflow:Step: 2303, Loss: 5.324039, time: 12.002 sec/batch
INFO:tensorflow:Step: 2317, Loss: 5.561046, time: 10.147 sec/batch
INFO:tensorflow:Step: 2331, Loss: 4.815232, time: 10.649 sec/batch
INFO:tensorflow:Step: 2342, Loss: 6.026237, time: 9.667 sec/batch
INFO:tensorflow:Step: 2358, Loss: 5.258579, time: 11.582 sec/batch
INFO:tensorflow:Step: 2370, Loss: 5.052858, time: 9.662 sec/batch
INFO:tensorflow:Step: 2383, Loss: 5.313401, time: 11.248 sec/batch
INFO:tensorflow:Step: 2398, Loss: 5.986695, time: 12.603 sec/batch
INFO:tensorflow:Step: 2415, Loss: 5.311799, time: 11.289 sec/batch
INFO:tensorflow:Step: 2430, Loss: 5.266552, time: 11.868 sec/batch
INFO:tensorflow:Step: 2443, Loss: 5.563181, time: 8.509 sec/batch
INFO:tensorflow:Step: 2456, Loss: 5.343050, time: 10.079 sec/batch
INFO:tensorflow:Step: 2471, Loss: 4.833075, time: 10.731 sec/batch
INFO:tensorflow:Step: 2484, Loss: 4.989830, time: 8.180 sec/batch
INFO:tensorflow:Step: 2496, Loss: 5.069963, time: 9.663 sec/batch
INFO:tensorflow:Step: 2510, Loss: 5.202192, time: 9.672 sec/batch
INFO:tensorflow:Step: 2522, Loss: 5.405542, time: 9.344 sec/batch
INFO:tensorflow:Step: 2534, Loss: 5.250816, time: 9.362 sec/batch
INFO:tensorflow:Step: 2546, Loss: 5.482213, time: 10.075 sec/batch
INFO:tensorflow:Step: 2560, Loss: 5.454540, time: 7.880 sec/batch
INFO:tensorflow:Step: 2571, Loss: 5.204482, time: 9.180 sec/batch
INFO:tensorflow:Step: 2581, Loss: 5.035835, time: 9.993 sec/batch
INFO:tensorflow:Step: 2595, Loss: 4.783629, time: 10.470 sec/batch
INFO:tensorflow:Step: 2609, Loss: 5.119917, time: 10.797 sec/batch
INFO:tensorflow:Step: 2622, Loss: 5.498571, time: 8.618 sec/batch
INFO:tensorflow:Step: 2633, Loss: 5.709513, time: 9.685 sec/batch
INFO:tensorflow:Step: 2645, Loss: 5.315199, time: 9.925 sec/batch
INFO:tensorflow:Step: 2659, Loss: 5.401926, time: 9.922 sec/batch
INFO:tensorflow:Step: 2671, Loss: 5.561050, time: 9.230 sec/batch
INFO:tensorflow:Step: 2683, Loss: 5.245889, time: 10.870 sec/batch
INFO:tensorflow:Step: 2696, Loss: 4.609561, time: 8.393 sec/batch
INFO:tensorflow:Step: 2708, Loss: 5.668383, time: 11.001 sec/batch
INFO:tensorflow:Step: 2723, Loss: 5.069812, time: 9.230 sec/batch
INFO:tensorflow:Step: 2736, Loss: 4.916332, time: 9.430 sec/batch
INFO:tensorflow:Step: 2746, Loss: 5.367682, time: 10.489 sec/batch
INFO:tensorflow:Step: 2761, Loss: 5.139493, time: 8.509 sec/batch
INFO:tensorflow:Step: 2772, Loss: 4.989901, time: 10.689 sec/batch
INFO:tensorflow:Step: 2786, Loss: 5.210160, time: 10.560 sec/batch
INFO:tensorflow:Step: 2800, Loss: 5.060539, time: 11.680 sec/batch
INFO:tensorflow:Step: 2814, Loss: 4.768277, time: 10.000 sec/batch
INFO:tensorflow:Step: 2827, Loss: 5.133320, time: 9.677 sec/batch
INFO:tensorflow:Step: 2841, Loss: 4.960528, time: 8.412 sec/batch
INFO:tensorflow:Step: 2852, Loss: 5.038483, time: 11.049 sec/batch
INFO:tensorflow:Step: 2866, Loss: 5.431345, time: 6.883 sec/batch
INFO:tensorflow:Step: 2877, Loss: 5.018805, time: 8.881 sec/batch
INFO:tensorflow:Step: 2888, Loss: 4.952826, time: 9.969 sec/batch
INFO:tensorflow:Step: 2904, Loss: 5.723341, time: 10.240 sec/batch
INFO:tensorflow:Step: 2915, Loss: 4.735908, time: 9.768 sec/batch
INFO:tensorflow:Step: 2929, Loss: 5.295555, time: 9.425 sec/batch
INFO:tensorflow:Step: 2942, Loss: 5.896717, time: 8.266 sec/batch
INFO:tensorflow:Step: 2953, Loss: 5.126440, time: 8.327 sec/batch
INFO:tensorflow:Step: 2964, Loss: 5.274056, time: 8.318 sec/batch
INFO:tensorflow:Step: 2977, Loss: 5.137877, time: 8.911 sec/batch
INFO:tensorflow:Step: 2988, Loss: 5.421290, time: 10.120 sec/batch
INFO:tensorflow:Step: 3001, Loss: 5.073034, time: 9.173 sec/batch
INFO:tensorflow:Step: 3013, Loss: 5.185419, time: 9.845 sec/batch
INFO:tensorflow:Step: 3027, Loss: 5.245837, time: 10.632 sec/batch
INFO:tensorflow:Step: 3042, Loss: 5.237832, time: 10.905 sec/batch
INFO:tensorflow:Step: 3053, Loss: 5.093713, time: 9.199 sec/batch
INFO:tensorflow:Step: 3067, Loss: 4.988292, time: 11.201 sec/batch
INFO:tensorflow:Step: 3083, Loss: 4.814993, time: 10.473 sec/batch
INFO:tensorflow:Step: 3096, Loss: 4.850784, time: 10.013 sec/batch
INFO:tensorflow:Step: 3108, Loss: 4.655238, time: 8.254 sec/batch
INFO:tensorflow:Step: 3121, Loss: 5.020943, time: 10.242 sec/batch
INFO:tensorflow:Step: 3133, Loss: 4.776390, time: 11.422 sec/batch
INFO:tensorflow:Step: 3147, Loss: 5.297016, time: 9.946 sec/batch
INFO:tensorflow:Step: 3161, Loss: 5.350762, time: 12.289 sec/batch
INFO:tensorflow:Step: 3175, Loss: 4.994452, time: 8.414 sec/batch
INFO:tensorflow:Step: 3186, Loss: 4.963847, time: 10.238 sec/batch
INFO:tensorflow:Step: 3200, Loss: 5.110265, time: 9.965 sec/batch
INFO:tensorflow:Step: 3214, Loss: 5.065567, time: 10.737 sec/batch
INFO:tensorflow:Step: 3227, Loss: 6.433510, time: 9.450 sec/batch
INFO:tensorflow:Step: 3239, Loss: 6.052171, time: 9.481 sec/batch
INFO:tensorflow:Step: 3253, Loss: 5.642280, time: 9.627 sec/batch
INFO:tensorflow:Step: 3266, Loss: 5.126150, time: 11.157 sec/batch
INFO:tensorflow:Step: 3281, Loss: 5.280457, time: 10.004 sec/batch
INFO:tensorflow:Step: 3296, Loss: 5.255905, time: 11.704 sec/batch
INFO:tensorflow:Step: 3311, Loss: 5.123112, time: 9.160 sec/batch
INFO:tensorflow:Step: 3324, Loss: 4.892564, time: 8.969 sec/batch
INFO:tensorflow:Step: 3336, Loss: 4.928868, time: 8.777 sec/batch
INFO:tensorflow:Step: 3348, Loss: 5.626549, time: 10.079 sec/batch
INFO:tensorflow:Step: 3362, Loss: 5.304701, time: 10.561 sec/batch
INFO:tensorflow:Step: 3374, Loss: 5.143585, time: 8.437 sec/batch
INFO:tensorflow:Step: 3387, Loss: 5.922422, time: 9.674 sec/batch
INFO:tensorflow:Step: 3399, Loss: 5.438988, time: 7.959 sec/batch
INFO:tensorflow:Step: 3412, Loss: 4.939435, time: 7.962 sec/batch
INFO:tensorflow:Step: 3421, Loss: 5.037995, time: 10.842 sec/batch
INFO:tensorflow:Step: 3435, Loss: 5.519556, time: 9.314 sec/batch
INFO:tensorflow:Step: 3447, Loss: 5.199342, time: 9.817 sec/batch
INFO:tensorflow:Step: 3461, Loss: 5.373027, time: 11.060 sec/batch
INFO:tensorflow:Step: 3475, Loss: 4.618683, time: 10.445 sec/batch
INFO:tensorflow:Step: 3489, Loss: 5.230944, time: 9.223 sec/batch
INFO:tensorflow:Step: 3502, Loss: 5.038405, time: 9.111 sec/batch
INFO:tensorflow:Step: 3514, Loss: 5.156357, time: 10.804 sec/batch
INFO:tensorflow:Step: 3528, Loss: 4.910391, time: 8.885 sec/batch
INFO:tensorflow:Step: 3540, Loss: 5.104095, time: 9.946 sec/batch
INFO:tensorflow:Step: 3554, Loss: 4.891266, time: 10.578 sec/batch
INFO:tensorflow:Step: 3566, Loss: 5.079312, time: 9.808 sec/batch
INFO:tensorflow:Step: 3580, Loss: 5.255346, time: 11.171 sec/batch
INFO:tensorflow:Step: 3595, Loss: 4.804648, time: 10.716 sec/batch
INFO:tensorflow:Step: 3608, Loss: 4.899627, time: 9.447 sec/batch
INFO:tensorflow:Step: 3621, Loss: 5.023212, time: 8.535 sec/batch
INFO:tensorflow:Step: 3632, Loss: 4.909049, time: 8.821 sec/batch
INFO:tensorflow:Step: 3644, Loss: 4.797353, time: 8.064 sec/batch
INFO:tensorflow:Step: 3655, Loss: 4.752090, time: 9.039 sec/batch
INFO:tensorflow:Step: 3667, Loss: 4.510011, time: 11.404 sec/batch
INFO:tensorflow:Step: 3682, Loss: 5.291793, time: 10.004 sec/batch
INFO:tensorflow:Step: 3695, Loss: 5.519104, time: 9.064 sec/batch
INFO:tensorflow:Step: 3708, Loss: 5.259240, time: 11.281 sec/batch
INFO:tensorflow:Step: 3722, Loss: 4.700759, time: 10.094 sec/batch
INFO:tensorflow:Step: 3737, Loss: 4.708185, time: 11.119 sec/batch
INFO:tensorflow:Step: 3750, Loss: 5.327923, time: 10.736 sec/batch
INFO:tensorflow:Step: 3765, Loss: 4.952172, time: 9.829 sec/batch
INFO:tensorflow:Step: 3778, Loss: 5.541364, time: 10.835 sec/batch
INFO:tensorflow:Step: 3793, Loss: 5.301297, time: 9.887 sec/batch
INFO:tensorflow:Step: 3807, Loss: 5.322281, time: 10.258 sec/batch
run-expr-32node.sh: line 23: 89640 Terminated              CUDA_VISIBLE_DEVICES='' bazel-bin/inception/imagenet_distributed_train --batch_size=16 --data_dir=/lfs/local/0/daniter/16node-data-$2 --job_name='worker' --task_id=$2 --ps_hosts='raiders1:2200' --worker_hosts='raiders1:2201,raiders1:2202,raiders1:2203,raiders1:2204,raiders2:2205,raiders2:2206,raiders2:2207,raiders2:2208,raiders3:2209,raiders3:2210,raiders3:2211,raiders3:2212,raiders8:2213,raiders8:2214,raiders8:2215,raiders8:2216' --initial_learning_rate=$3 --momentum=$4 --sync=True --compute_groups=$5
