I tensorflow/stream_executor/dso_loader.cc:108] successfully opened CUDA library libcublas.so locally
I tensorflow/stream_executor/dso_loader.cc:108] successfully opened CUDA library libcudnn.so locally
I tensorflow/stream_executor/dso_loader.cc:108] successfully opened CUDA library libcufft.so locally
I tensorflow/stream_executor/dso_loader.cc:108] successfully opened CUDA library libcuda.so locally
I tensorflow/stream_executor/dso_loader.cc:108] successfully opened CUDA library libcurand.so locally
INFO:tensorflow:PS hosts are: ['master:2200']
INFO:tensorflow:Worker hosts are: ['master:2201', 'master:2202', 'master:2203', 'master:2204', 'node001:2205', 'node001:2206', 'node001:2207', 'node001:2208', 'node002:2209', 'node002:2210', 'node002:2211', 'node002:2212', 'node003:2213', 'node003:2214', 'node003:2215', 'node003:2216']
I tensorflow/stream_executor/cuda/cuda_gpu_executor.cc:922] successful NUMA node read from SysFS had negative value (-1), but there must be at least one NUMA node, so returning NUMA node zero
I tensorflow/core/common_runtime/gpu/gpu_init.cc:102] Found device 0 with properties: 
name: GRID K520
major: 3 minor: 0 memoryClockRate (GHz) 0.797
pciBusID 0000:00:03.0
Total memory: 4.00GiB
Free memory: 3.95GiB
I tensorflow/core/common_runtime/gpu/gpu_init.cc:126] DMA: 0 
I tensorflow/core/common_runtime/gpu/gpu_init.cc:136] 0:   Y 
I tensorflow/core/common_runtime/gpu/gpu_device.cc:784] Creating TensorFlow device (/gpu:0) -> (device: 0, name: GRID K520, pci bus id: 0000:00:03.0)
I tensorflow/core/distributed_runtime/rpc/grpc_channel.cc:206] Initialize HostPortsGrpcChannelCache for job ps -> {master:2200}
I tensorflow/core/distributed_runtime/rpc/grpc_channel.cc:206] Initialize HostPortsGrpcChannelCache for job worker -> {localhost:2201, master:2202, master:2203, master:2204, node001:2205, node001:2206, node001:2207, node001:2208, node002:2209, node002:2210, node002:2211, node002:2212, node003:2213, node003:2214, node003:2215, node003:2216}
I tensorflow/core/distributed_runtime/rpc/grpc_server_lib.cc:202] Started server with target: grpc://localhost:2201
INFO:tensorflow:Learning rate: 0.001000, momentum: 0.300000
INFO:tensorflow:Sync mode!!!!!!
INFO:tensorflow:Compute groups : 1
INFO:tensorflow:SyncReplicas enabled: replicas_to_aggregate=16; total_num_replicas=16
INFO:tensorflow:Num nodes per compute groups: 16
INFO:tensorflow:Tokens per step: 16
INFO:tensorflow:2016-08-09 04:29:41.125866 Supervisor
INFO:tensorflow:Restored model from /home/snapshot/model.ckpt-399
INFO:tensorflow:got sessions! 2016-08-09 04:30:34.710485 
INFO:tensorflow:Started 3 queues for processing input data.
INFO:tensorflow:global_step/sec: 0
I tensorflow/core/common_runtime/gpu/pool_allocator.cc:244] PoolAllocator: After 3869 get requests, put_count=2854 evicted_count=1000 eviction_rate=0.350385 and unsatisfied allocation rate=0.546653
I tensorflow/core/common_runtime/gpu/pool_allocator.cc:256] Raising pool_size_limit_ from 100 to 110
INFO:tensorflow:Step: 399, Loss: 5.225884, time: 15.399 sec/batch
INFO:tensorflow:Step: 399, Loss: 5.595517, time: 2.481 sec/batch
INFO:tensorflow:Step: 399, Loss: 5.230744, time: 2.392 sec/batch
INFO:tensorflow:Step: 399, Loss: 5.565026, time: 4.776 sec/batch
INFO:tensorflow:Step: 400, Loss: 5.794840, time: 5.648 sec/batch
I tensorflow/core/common_runtime/gpu/pool_allocator.cc:244] PoolAllocator: After 0 get requests, put_count=1016 evicted_count=1000 eviction_rate=0.984252 and unsatisfied allocation rate=0
INFO:tensorflow:Step: 401, Loss: 5.474382, time: 4.107 sec/batch
INFO:tensorflow:Step: 402, Loss: 6.166366, time: 2.987 sec/batch
INFO:tensorflow:Step: 402, Loss: 5.193986, time: 2.842 sec/batch
INFO:tensorflow:Step: 403, Loss: 5.482099, time: 3.175 sec/batch
INFO:tensorflow:Step: 404, Loss: 5.651882, time: 4.544 sec/batch
INFO:tensorflow:Step: 405, Loss: 5.557886, time: 4.950 sec/batch
I tensorflow/core/common_runtime/gpu/pool_allocator.cc:244] PoolAllocator: After 3768 get requests, put_count=4058 evicted_count=2000 eviction_rate=0.492854 and unsatisfied allocation rate=0.460456
I tensorflow/core/common_runtime/gpu/pool_allocator.cc:256] Raising pool_size_limit_ from 281 to 309
INFO:tensorflow:Step: 406, Loss: 5.420752, time: 5.696 sec/batch
INFO:tensorflow:Step: 407, Loss: 5.066728, time: 5.395 sec/batch
INFO:tensorflow:Step: 408, Loss: 4.866208, time: 5.332 sec/batch
INFO:tensorflow:Step: 409, Loss: 5.328537, time: 6.113 sec/batch
INFO:tensorflow:Step: 410, Loss: 5.413072, time: 5.452 sec/batch
INFO:tensorflow:Step: 411, Loss: 5.417430, time: 5.461 sec/batch
I tensorflow/core/common_runtime/gpu/pool_allocator.cc:244] PoolAllocator: After 0 get requests, put_count=1049 evicted_count=1000 eviction_rate=0.953289 and unsatisfied allocation rate=0
INFO:tensorflow:Step: 412, Loss: 5.009857, time: 5.153 sec/batch
INFO:tensorflow:Step: 413, Loss: 5.267884, time: 5.294 sec/batch
INFO:tensorflow:Step: 414, Loss: 5.610545, time: 5.484 sec/batch
INFO:tensorflow:Step: 415, Loss: 5.222209, time: 5.425 sec/batch
INFO:tensorflow:Step: 416, Loss: 5.587903, time: 5.128 sec/batch
INFO:tensorflow:Step: 417, Loss: 5.286789, time: 5.200 sec/batch
INFO:tensorflow:global_step/sec: 0.159448
INFO:tensorflow:Step: 418, Loss: 5.246373, time: 5.075 sec/batch
INFO:tensorflow:Step: 419, Loss: 5.143924, time: 5.898 sec/batch
INFO:tensorflow:Step: 420, Loss: 5.514698, time: 6.338 sec/batch
I tensorflow/core/common_runtime/gpu/pool_allocator.cc:244] PoolAllocator: After 3768 get requests, put_count=4015 evicted_count=1000 eviction_rate=0.249066 and unsatisfied allocation rate=0.227707
I tensorflow/core/common_runtime/gpu/pool_allocator.cc:256] Raising pool_size_limit_ from 1158 to 1273
INFO:tensorflow:Step: 421, Loss: 5.428547, time: 5.475 sec/batch
INFO:tensorflow:Step: 422, Loss: 5.083119, time: 5.671 sec/batch
INFO:tensorflow:Step: 423, Loss: 5.415956, time: 5.158 sec/batch
INFO:tensorflow:Step: 424, Loss: 5.106265, time: 5.399 sec/batch
INFO:tensorflow:Step: 425, Loss: 5.328019, time: 5.286 sec/batch
INFO:tensorflow:Step: 426, Loss: 5.437097, time: 5.509 sec/batch
INFO:tensorflow:Step: 427, Loss: 5.196600, time: 5.172 sec/batch
INFO:tensorflow:Step: 428, Loss: 5.330069, time: 5.485 sec/batch
INFO:tensorflow:Step: 429, Loss: 5.316325, time: 5.975 sec/batch
INFO:tensorflow:Step: 430, Loss: 5.237067, time: 5.182 sec/batch
INFO:tensorflow:Step: 431, Loss: 5.226789, time: 5.425 sec/batch
INFO:tensorflow:Step: 432, Loss: 5.224617, time: 5.257 sec/batch
INFO:tensorflow:Step: 433, Loss: 5.339808, time: 5.077 sec/batch
INFO:tensorflow:Step: 434, Loss: 5.532296, time: 5.664 sec/batch
INFO:tensorflow:Step: 435, Loss: 5.490813, time: 5.862 sec/batch
INFO:tensorflow:Step: 436, Loss: 5.341784, time: 5.392 sec/batch
INFO:tensorflow:Step: 437, Loss: 5.324729, time: 4.963 sec/batch
INFO:tensorflow:Step: 438, Loss: 5.373571, time: 5.032 sec/batch
INFO:tensorflow:Step: 439, Loss: 5.055308, time: 5.131 sec/batch
INFO:tensorflow:global_step/sec: 0.181425
INFO:tensorflow:Step: 440, Loss: 5.139776, time: 5.200 sec/batch
INFO:tensorflow:Step: 441, Loss: 5.396956, time: 5.786 sec/batch
INFO:tensorflow:Step: 442, Loss: 5.351123, time: 5.498 sec/batch
INFO:tensorflow:Step: 443, Loss: 5.156532, time: 5.491 sec/batch
INFO:tensorflow:Step: 444, Loss: 5.567194, time: 5.768 sec/batch
INFO:tensorflow:Step: 445, Loss: 5.499664, time: 5.634 sec/batch
INFO:tensorflow:Step: 446, Loss: 5.200575, time: 5.469 sec/batch
INFO:tensorflow:Step: 447, Loss: 5.462702, time: 6.330 sec/batch
INFO:tensorflow:Step: 448, Loss: 5.128879, time: 5.589 sec/batch
INFO:tensorflow:Step: 449, Loss: 5.327643, time: 5.310 sec/batch
INFO:tensorflow:Step: 450, Loss: 5.250237, time: 5.542 sec/batch
INFO:tensorflow:Step: 451, Loss: 5.465907, time: 5.872 sec/batch
INFO:tensorflow:Step: 452, Loss: 5.393309, time: 5.480 sec/batch
INFO:tensorflow:Step: 453, Loss: 5.390730, time: 5.255 sec/batch
INFO:tensorflow:Step: 454, Loss: 5.168911, time: 5.234 sec/batch
INFO:tensorflow:Step: 455, Loss: 5.210408, time: 5.348 sec/batch
INFO:tensorflow:Step: 456, Loss: 4.979389, time: 6.339 sec/batch
INFO:tensorflow:Step: 457, Loss: 5.001024, time: 5.410 sec/batch
INFO:tensorflow:Step: 458, Loss: 5.215613, time: 6.432 sec/batch
INFO:tensorflow:Step: 459, Loss: 5.346979, time: 5.093 sec/batch
INFO:tensorflow:Step: 460, Loss: 5.364195, time: 5.005 sec/batch
INFO:tensorflow:global_step/sec: 0.177314
INFO:tensorflow:Step: 461, Loss: 5.196237, time: 5.516 sec/batch
INFO:tensorflow:Step: 462, Loss: 5.442954, time: 5.398 sec/batch
INFO:tensorflow:Step: 463, Loss: 5.369005, time: 5.532 sec/batch
INFO:tensorflow:Step: 464, Loss: 5.219977, time: 5.903 sec/batch
INFO:tensorflow:Step: 465, Loss: 5.261379, time: 5.457 sec/batch
INFO:tensorflow:Step: 466, Loss: 5.284531, time: 5.618 sec/batch
INFO:tensorflow:Step: 467, Loss: 5.180254, time: 5.689 sec/batch
INFO:tensorflow:Step: 468, Loss: 5.127975, time: 5.296 sec/batch
INFO:tensorflow:Step: 469, Loss: 5.253532, time: 5.213 sec/batch
INFO:tensorflow:Step: 470, Loss: 4.960528, time: 5.140 sec/batch
INFO:tensorflow:Step: 471, Loss: 5.198322, time: 5.442 sec/batch
INFO:tensorflow:Step: 472, Loss: 5.209594, time: 5.307 sec/batch
INFO:tensorflow:Step: 473, Loss: 5.705576, time: 5.124 sec/batch
INFO:tensorflow:Step: 474, Loss: 5.150698, time: 5.262 sec/batch
INFO:tensorflow:Step: 475, Loss: 5.280865, time: 5.564 sec/batch
INFO:tensorflow:Step: 476, Loss: 5.085094, time: 5.752 sec/batch
INFO:tensorflow:Step: 477, Loss: 5.098516, time: 6.458 sec/batch
INFO:tensorflow:Step: 478, Loss: 5.346560, time: 6.285 sec/batch
INFO:tensorflow:Step: 479, Loss: 5.136931, time: 6.131 sec/batch
INFO:tensorflow:Step: 480, Loss: 5.155454, time: 5.372 sec/batch
INFO:tensorflow:Step: 481, Loss: 5.459674, time: 5.603 sec/batch
INFO:tensorflow:Step: 482, Loss: 5.090741, time: 4.910 sec/batch
INFO:tensorflow:global_step/sec: 0.181752
INFO:tensorflow:Step: 483, Loss: 5.273506, time: 5.106 sec/batch
INFO:tensorflow:Step: 484, Loss: 5.393051, time: 5.215 sec/batch
INFO:tensorflow:Step: 485, Loss: 5.272234, time: 4.909 sec/batch
INFO:tensorflow:Step: 486, Loss: 5.241673, time: 5.078 sec/batch
INFO:tensorflow:Step: 487, Loss: 5.174732, time: 4.980 sec/batch
INFO:tensorflow:Step: 488, Loss: 5.130829, time: 5.520 sec/batch
INFO:tensorflow:Step: 489, Loss: 5.289863, time: 6.107 sec/batch
INFO:tensorflow:Step: 490, Loss: 5.170077, time: 5.550 sec/batch
run-expr-32node.sh: line 25:  2590 Terminated              CUDA_VISIBLE_DEVICES=$1 bazel-bin/inception/imagenet_distributed_train --batch_size=32 --data_dir=/home/data/sample-data-$2 --job_name='worker' --task_id=$2 --ps_hosts='master:2200' --worker_hosts='master:2201,master:2202,master:2203,master:2204,node001:2205,node001:2206,node001:2207,node001:2208,node002:2209,node002:2210,node002:2211,node002:2212,node003:2213,node003:2214,node003:2215,node003:2216' --initial_learning_rate=$3 --momentum=$4 --sync=True --compute_groups=$5
