DISPLAY "(null)" invalid; disabling X11 forwarding
I tensorflow/stream_executor/dso_loader.cc:108] successfully opened CUDA library libcublas.so locally
I tensorflow/stream_executor/dso_loader.cc:108] successfully opened CUDA library libcudnn.so locally
I tensorflow/stream_executor/dso_loader.cc:108] successfully opened CUDA library libcufft.so locally
I tensorflow/stream_executor/dso_loader.cc:108] successfully opened CUDA library libcuda.so locally
I tensorflow/stream_executor/dso_loader.cc:108] successfully opened CUDA library libcurand.so locally
INFO:tensorflow:PS hosts are: ['raiders1:2200']
INFO:tensorflow:Worker hosts are: ['raiders1:2201', 'raiders1:2202', 'raiders1:2203', 'raiders1:2204', 'raiders2:2205', 'raiders2:2206', 'raiders2:2207', 'raiders2:2208', 'raiders3:2209', 'raiders3:2210', 'raiders3:2211', 'raiders3:2212', 'raiders8:2213', 'raiders8:2214', 'raiders8:2215', 'raiders8:2216']
E tensorflow/stream_executor/cuda/cuda_driver.cc:491] failed call to cuInit: CUDA_ERROR_NO_DEVICE
I tensorflow/stream_executor/cuda/cuda_diagnostics.cc:153] retrieving CUDA diagnostic information for host: raiders2
I tensorflow/stream_executor/cuda/cuda_diagnostics.cc:160] hostname: raiders2
I tensorflow/stream_executor/cuda/cuda_diagnostics.cc:185] libcuda reported version is: Not found: was unable to find libcuda.so DSO loaded into this program
I tensorflow/stream_executor/cuda/cuda_diagnostics.cc:347] driver version file contents: """NVRM version: NVIDIA UNIX x86_64 Kernel Module  352.93  Tue Apr  5 18:18:24 PDT 2016
GCC version:  gcc version 4.8.4 (Ubuntu 4.8.4-2ubuntu1~14.04.1) 
"""
I tensorflow/stream_executor/cuda/cuda_diagnostics.cc:189] kernel reported version is: 352.93.0
I tensorflow/core/common_runtime/gpu/gpu_init.cc:81] No GPU devices available on machine.
I tensorflow/core/distributed_runtime/rpc/grpc_channel.cc:206] Initialize HostPortsGrpcChannelCache for job ps -> {raiders1:2200}
I tensorflow/core/distributed_runtime/rpc/grpc_channel.cc:206] Initialize HostPortsGrpcChannelCache for job worker -> {raiders1:2201, raiders1:2202, raiders1:2203, raiders1:2204, localhost:2205, raiders2:2206, raiders2:2207, raiders2:2208, raiders3:2209, raiders3:2210, raiders3:2211, raiders3:2212, raiders8:2213, raiders8:2214, raiders8:2215, raiders8:2216}
I tensorflow/core/distributed_runtime/rpc/grpc_server_lib.cc:202] Started server with target: grpc://localhost:2205
INFO:tensorflow:Learning rate: 0.005000, momentum: 0.300000
INFO:tensorflow:Sync mode!!!!!!
INFO:tensorflow:Compute groups : 4
INFO:tensorflow:SyncReplicas enabled: replicas_to_aggregate=16; total_num_replicas=16
INFO:tensorflow:Num nodes per compute groups: 4
INFO:tensorflow:Tokens per step: 4
INFO:tensorflow:2016-07-26 21:58:18.995992 Supervisor
INFO:tensorflow:got sessions! 2016-07-26 21:58:33.927022 
INFO:tensorflow:Started 3 queues for processing input data.
INFO:tensorflow:Step: 399, Loss: 4.895153, time: 31.298 sec/batch
INFO:tensorflow:Step: 399, Loss: 5.378601, time: 13.806 sec/batch
INFO:tensorflow:Step: 403, Loss: 5.532468, time: 12.503 sec/batch
INFO:tensorflow:Step: 407, Loss: 5.326983, time: 14.288 sec/batch
INFO:tensorflow:Step: 411, Loss: 5.343192, time: 12.693 sec/batch
INFO:tensorflow:Step: 414, Loss: 5.797668, time: 13.659 sec/batch
INFO:tensorflow:Step: 418, Loss: 5.444474, time: 12.651 sec/batch
INFO:tensorflow:Step: 422, Loss: 5.746374, time: 14.711 sec/batch
INFO:tensorflow:Step: 427, Loss: 5.225033, time: 15.876 sec/batch
INFO:tensorflow:Step: 431, Loss: 5.232130, time: 12.783 sec/batch
INFO:tensorflow:Step: 435, Loss: 4.932539, time: 16.853 sec/batch
INFO:tensorflow:Step: 440, Loss: 4.911439, time: 15.348 sec/batch
INFO:tensorflow:Step: 444, Loss: 5.260983, time: 15.709 sec/batch
INFO:tensorflow:Step: 449, Loss: 4.910409, time: 16.070 sec/batch
INFO:tensorflow:Step: 454, Loss: 5.577623, time: 16.358 sec/batch
INFO:tensorflow:Step: 459, Loss: 5.213666, time: 17.259 sec/batch
INFO:tensorflow:Step: 464, Loss: 5.518091, time: 17.932 sec/batch
INFO:tensorflow:Step: 470, Loss: 5.102155, time: 18.100 sec/batch
INFO:tensorflow:Step: 474, Loss: 5.203522, time: 17.429 sec/batch
INFO:tensorflow:Step: 479, Loss: 5.198023, time: 15.025 sec/batch
INFO:tensorflow:Step: 484, Loss: 5.540431, time: 16.458 sec/batch
INFO:tensorflow:Step: 489, Loss: 5.659925, time: 15.884 sec/batch
INFO:tensorflow:Step: 493, Loss: 5.810270, time: 16.262 sec/batch
INFO:tensorflow:Step: 497, Loss: 5.036933, time: 15.085 sec/batch
INFO:tensorflow:Step: 501, Loss: 5.720286, time: 15.660 sec/batch
INFO:tensorflow:Step: 505, Loss: 5.155477, time: 16.151 sec/batch
INFO:tensorflow:Step: 509, Loss: 5.540923, time: 15.952 sec/batch
INFO:tensorflow:Step: 513, Loss: 5.475974, time: 16.024 sec/batch
INFO:tensorflow:Step: 517, Loss: 5.520430, time: 16.550 sec/batch
INFO:tensorflow:Step: 521, Loss: 5.328263, time: 15.380 sec/batch
INFO:tensorflow:Step: 525, Loss: 4.885838, time: 17.239 sec/batch
INFO:tensorflow:Step: 530, Loss: 5.653139, time: 18.000 sec/batch
INFO:tensorflow:Step: 536, Loss: 5.782029, time: 17.461 sec/batch
INFO:tensorflow:Step: 539, Loss: 5.349909, time: 17.410 sec/batch
INFO:tensorflow:Step: 544, Loss: 4.855063, time: 17.535 sec/batch
INFO:tensorflow:Step: 548, Loss: 5.215574, time: 16.985 sec/batch
INFO:tensorflow:Step: 552, Loss: 5.681093, time: 15.943 sec/batch
INFO:tensorflow:Step: 556, Loss: 5.540030, time: 15.246 sec/batch
INFO:tensorflow:Step: 560, Loss: 5.070649, time: 15.380 sec/batch
INFO:tensorflow:Step: 564, Loss: 4.552212, time: 14.959 sec/batch
INFO:tensorflow:Step: 568, Loss: 5.409527, time: 14.895 sec/batch
INFO:tensorflow:Step: 572, Loss: 5.159745, time: 15.272 sec/batch
INFO:tensorflow:Step: 576, Loss: 4.972215, time: 15.204 sec/batch
INFO:tensorflow:Step: 580, Loss: 5.022894, time: 15.146 sec/batch
INFO:tensorflow:Step: 584, Loss: 4.933640, time: 15.350 sec/batch
INFO:tensorflow:Step: 588, Loss: 5.072555, time: 15.423 sec/batch
INFO:tensorflow:Step: 592, Loss: 5.506496, time: 16.234 sec/batch
INFO:tensorflow:Step: 597, Loss: 5.034308, time: 16.757 sec/batch
INFO:tensorflow:Step: 601, Loss: 4.923855, time: 16.014 sec/batch
INFO:tensorflow:Step: 605, Loss: 5.992843, time: 16.682 sec/batch
INFO:tensorflow:Step: 610, Loss: 5.049883, time: 15.566 sec/batch
INFO:tensorflow:Step: 614, Loss: 5.731361, time: 16.810 sec/batch
INFO:tensorflow:Step: 619, Loss: 5.198942, time: 17.678 sec/batch
INFO:tensorflow:Step: 624, Loss: 5.114136, time: 16.134 sec/batch
INFO:tensorflow:Step: 628, Loss: 5.602836, time: 16.051 sec/batch
INFO:tensorflow:Step: 632, Loss: 5.474935, time: 14.307 sec/batch
INFO:tensorflow:Step: 636, Loss: 5.098134, time: 14.659 sec/batch
INFO:tensorflow:Step: 640, Loss: 5.310644, time: 16.509 sec/batch
INFO:tensorflow:Step: 643, Loss: 5.026719, time: 14.755 sec/batch
INFO:tensorflow:Step: 648, Loss: 5.501252, time: 16.529 sec/batch
INFO:tensorflow:Step: 652, Loss: 5.289953, time: 16.456 sec/batch
INFO:tensorflow:Step: 656, Loss: 5.403658, time: 15.109 sec/batch
INFO:tensorflow:Step: 660, Loss: 4.960912, time: 16.753 sec/batch
INFO:tensorflow:Step: 664, Loss: 5.393479, time: 15.797 sec/batch
INFO:tensorflow:Step: 668, Loss: 4.989318, time: 14.885 sec/batch
INFO:tensorflow:Step: 672, Loss: 5.201843, time: 14.926 sec/batch
INFO:tensorflow:Step: 676, Loss: 4.953288, time: 15.457 sec/batch
INFO:tensorflow:Step: 680, Loss: 5.313354, time: 14.420 sec/batch
INFO:tensorflow:Step: 684, Loss: 5.575641, time: 15.318 sec/batch
INFO:tensorflow:Step: 688, Loss: 5.264568, time: 14.934 sec/batch
INFO:tensorflow:Step: 692, Loss: 5.290389, time: 15.856 sec/batch
INFO:tensorflow:Step: 696, Loss: 5.218096, time: 14.471 sec/batch
INFO:tensorflow:Step: 700, Loss: 4.944531, time: 13.811 sec/batch
INFO:tensorflow:Step: 704, Loss: 5.637305, time: 15.011 sec/batch
INFO:tensorflow:Step: 708, Loss: 5.452635, time: 14.712 sec/batch
INFO:tensorflow:Step: 712, Loss: 4.856695, time: 16.102 sec/batch
INFO:tensorflow:Step: 716, Loss: 5.448579, time: 14.788 sec/batch
INFO:tensorflow:Step: 720, Loss: 4.967632, time: 14.579 sec/batch
INFO:tensorflow:Step: 724, Loss: 5.204128, time: 15.225 sec/batch
INFO:tensorflow:Step: 728, Loss: 4.959966, time: 15.283 sec/batch
INFO:tensorflow:Step: 732, Loss: 5.180422, time: 15.466 sec/batch
INFO:tensorflow:Step: 736, Loss: 5.221007, time: 15.378 sec/batch
INFO:tensorflow:Step: 740, Loss: 5.188442, time: 14.231 sec/batch
INFO:tensorflow:Step: 744, Loss: 5.080912, time: 15.539 sec/batch
INFO:tensorflow:Step: 748, Loss: 5.280230, time: 15.937 sec/batch
INFO:tensorflow:Step: 753, Loss: 5.497317, time: 14.665 sec/batch
INFO:tensorflow:Step: 756, Loss: 5.291502, time: 15.814 sec/batch
INFO:tensorflow:Step: 761, Loss: 5.134311, time: 16.257 sec/batch
INFO:tensorflow:Step: 766, Loss: 5.283063, time: 15.670 sec/batch
INFO:tensorflow:Step: 769, Loss: 5.197870, time: 16.240 sec/batch
INFO:tensorflow:Step: 773, Loss: 5.203865, time: 16.738 sec/batch
INFO:tensorflow:Step: 779, Loss: 5.259227, time: 16.347 sec/batch
INFO:tensorflow:Step: 783, Loss: 5.330842, time: 15.934 sec/batch
INFO:tensorflow:Step: 787, Loss: 5.531805, time: 15.666 sec/batch
INFO:tensorflow:Step: 791, Loss: 5.425372, time: 15.770 sec/batch
INFO:tensorflow:Step: 795, Loss: 5.010420, time: 15.024 sec/batch
INFO:tensorflow:Step: 799, Loss: 5.070410, time: 14.827 sec/batch
INFO:tensorflow:Step: 803, Loss: 4.989835, time: 14.550 sec/batch
INFO:tensorflow:Step: 807, Loss: 5.550161, time: 15.508 sec/batch
INFO:tensorflow:Step: 811, Loss: 4.985280, time: 14.578 sec/batch
INFO:tensorflow:Step: 815, Loss: 4.759013, time: 14.103 sec/batch
INFO:tensorflow:Step: 819, Loss: 5.639338, time: 14.948 sec/batch
INFO:tensorflow:Step: 823, Loss: 5.027153, time: 14.628 sec/batch
INFO:tensorflow:Step: 827, Loss: 5.054518, time: 15.153 sec/batch
INFO:tensorflow:Step: 831, Loss: 5.389752, time: 14.902 sec/batch
INFO:tensorflow:Step: 835, Loss: 5.258486, time: 14.917 sec/batch
INFO:tensorflow:Step: 839, Loss: 5.130684, time: 14.747 sec/batch
INFO:tensorflow:Step: 843, Loss: 5.834265, time: 14.038 sec/batch
INFO:tensorflow:Step: 847, Loss: 5.626445, time: 15.138 sec/batch
INFO:tensorflow:Step: 851, Loss: 5.196310, time: 15.833 sec/batch
INFO:tensorflow:Step: 855, Loss: 5.399227, time: 15.323 sec/batch
INFO:tensorflow:Step: 859, Loss: 5.449519, time: 16.068 sec/batch
INFO:tensorflow:Step: 863, Loss: 5.233694, time: 14.697 sec/batch
INFO:tensorflow:Step: 867, Loss: 5.181448, time: 16.077 sec/batch
INFO:tensorflow:Step: 871, Loss: 4.935034, time: 14.356 sec/batch
INFO:tensorflow:Step: 875, Loss: 5.167189, time: 16.281 sec/batch
INFO:tensorflow:Step: 880, Loss: 5.056635, time: 17.099 sec/batch
INFO:tensorflow:Step: 885, Loss: 6.014907, time: 15.491 sec/batch
INFO:tensorflow:Step: 889, Loss: 4.807663, time: 14.815 sec/batch
INFO:tensorflow:Step: 894, Loss: 5.266541, time: 16.056 sec/batch
INFO:tensorflow:Step: 898, Loss: 5.020342, time: 14.119 sec/batch
INFO:tensorflow:Step: 902, Loss: 5.069836, time: 15.453 sec/batch
INFO:tensorflow:Step: 906, Loss: 5.191626, time: 15.424 sec/batch
INFO:tensorflow:Step: 910, Loss: 4.902499, time: 15.224 sec/batch
INFO:tensorflow:Step: 913, Loss: 5.405548, time: 16.472 sec/batch
INFO:tensorflow:Step: 918, Loss: 4.829503, time: 15.240 sec/batch
INFO:tensorflow:Step: 922, Loss: 5.211338, time: 13.644 sec/batch
INFO:tensorflow:Step: 926, Loss: 4.667524, time: 16.624 sec/batch
INFO:tensorflow:Step: 930, Loss: 4.937921, time: 15.585 sec/batch
INFO:tensorflow:Step: 934, Loss: 5.297539, time: 15.891 sec/batch
INFO:tensorflow:Step: 938, Loss: 5.119911, time: 14.721 sec/batch
INFO:tensorflow:Step: 942, Loss: 5.023727, time: 14.267 sec/batch
INFO:tensorflow:Step: 945, Loss: 5.174777, time: 14.777 sec/batch
INFO:tensorflow:Step: 949, Loss: 5.031405, time: 14.898 sec/batch
INFO:tensorflow:Step: 953, Loss: 5.397061, time: 16.427 sec/batch
INFO:tensorflow:Step: 958, Loss: 4.534768, time: 15.501 sec/batch
INFO:tensorflow:Step: 962, Loss: 5.405877, time: 15.050 sec/batch
INFO:tensorflow:Step: 966, Loss: 5.486574, time: 14.987 sec/batch
INFO:tensorflow:Step: 970, Loss: 5.097668, time: 14.886 sec/batch
INFO:tensorflow:Step: 974, Loss: 5.321156, time: 15.256 sec/batch
INFO:tensorflow:Step: 978, Loss: 5.196020, time: 14.898 sec/batch
INFO:tensorflow:Step: 982, Loss: 5.524842, time: 15.140 sec/batch
INFO:tensorflow:Step: 986, Loss: 5.042109, time: 14.628 sec/batch
INFO:tensorflow:Step: 990, Loss: 5.147875, time: 14.264 sec/batch
INFO:tensorflow:Step: 994, Loss: 5.235145, time: 15.014 sec/batch
INFO:tensorflow:Step: 998, Loss: 4.856848, time: 14.310 sec/batch
INFO:tensorflow:Step: 1002, Loss: 5.181602, time: 15.032 sec/batch
INFO:tensorflow:Step: 1006, Loss: 5.115797, time: 15.089 sec/batch
INFO:tensorflow:Step: 1010, Loss: 5.212753, time: 14.816 sec/batch
INFO:tensorflow:Step: 1014, Loss: 5.074018, time: 16.198 sec/batch
INFO:tensorflow:Step: 1018, Loss: 5.203738, time: 13.697 sec/batch
INFO:tensorflow:Step: 1022, Loss: 4.931270, time: 14.978 sec/batch
INFO:tensorflow:Step: 1026, Loss: 5.330543, time: 15.567 sec/batch
INFO:tensorflow:Step: 1030, Loss: 5.228193, time: 14.272 sec/batch
INFO:tensorflow:Step: 1034, Loss: 6.151967, time: 14.530 sec/batch
INFO:tensorflow:Step: 1038, Loss: 5.219084, time: 15.221 sec/batch
INFO:tensorflow:Step: 1042, Loss: 5.485253, time: 14.799 sec/batch
INFO:tensorflow:Step: 1046, Loss: 5.532789, time: 14.385 sec/batch
INFO:tensorflow:Step: 1050, Loss: 4.886090, time: 15.980 sec/batch
INFO:tensorflow:Step: 1054, Loss: 5.164680, time: 15.411 sec/batch
INFO:tensorflow:Step: 1059, Loss: 5.049098, time: 15.921 sec/batch
INFO:tensorflow:Step: 1063, Loss: 5.152769, time: 15.593 sec/batch
INFO:tensorflow:Step: 1067, Loss: 5.334523, time: 15.280 sec/batch
INFO:tensorflow:Step: 1071, Loss: 5.108905, time: 15.262 sec/batch
INFO:tensorflow:Step: 1075, Loss: 5.062878, time: 15.580 sec/batch
INFO:tensorflow:Step: 1079, Loss: 5.015040, time: 13.950 sec/batch
INFO:tensorflow:Step: 1083, Loss: 4.966751, time: 14.492 sec/batch
INFO:tensorflow:Step: 1087, Loss: 5.214559, time: 15.166 sec/batch
run-expr-32node.sh: line 23: 32682 Terminated              CUDA_VISIBLE_DEVICES='' bazel-bin/inception/imagenet_distributed_train --batch_size=16 --data_dir=/lfs/local/0/daniter/16node-data-$2 --job_name='worker' --task_id=$2 --ps_hosts='raiders1:2200' --worker_hosts='raiders1:2201,raiders1:2202,raiders1:2203,raiders1:2204,raiders2:2205,raiders2:2206,raiders2:2207,raiders2:2208,raiders3:2209,raiders3:2210,raiders3:2211,raiders3:2212,raiders8:2213,raiders8:2214,raiders8:2215,raiders8:2216' --initial_learning_rate=$3 --momentum=$4 --sync=True --compute_groups=$5
