DISPLAY "(null)" invalid; disabling X11 forwarding
I tensorflow/stream_executor/dso_loader.cc:108] successfully opened CUDA library libcublas.so locally
I tensorflow/stream_executor/dso_loader.cc:108] successfully opened CUDA library libcudnn.so locally
I tensorflow/stream_executor/dso_loader.cc:108] successfully opened CUDA library libcufft.so locally
I tensorflow/stream_executor/dso_loader.cc:108] successfully opened CUDA library libcuda.so locally
I tensorflow/stream_executor/dso_loader.cc:108] successfully opened CUDA library libcurand.so locally
INFO:tensorflow:PS hosts are: ['raiders1:2200']
INFO:tensorflow:Worker hosts are: ['raiders1:2201', 'raiders1:2202', 'raiders1:2203', 'raiders1:2204', 'raiders2:2205', 'raiders2:2206', 'raiders2:2207', 'raiders2:2208', 'raiders3:2209', 'raiders3:2210', 'raiders3:2211', 'raiders3:2212', 'raiders8:2213', 'raiders8:2214', 'raiders8:2215', 'raiders8:2216']
E tensorflow/stream_executor/cuda/cuda_driver.cc:491] failed call to cuInit: CUDA_ERROR_NO_DEVICE
I tensorflow/stream_executor/cuda/cuda_diagnostics.cc:153] retrieving CUDA diagnostic information for host: raiders2
I tensorflow/stream_executor/cuda/cuda_diagnostics.cc:160] hostname: raiders2
I tensorflow/stream_executor/cuda/cuda_diagnostics.cc:185] libcuda reported version is: Not found: was unable to find libcuda.so DSO loaded into this program
I tensorflow/stream_executor/cuda/cuda_diagnostics.cc:347] driver version file contents: """NVRM version: NVIDIA UNIX x86_64 Kernel Module  352.93  Tue Apr  5 18:18:24 PDT 2016
GCC version:  gcc version 4.8.4 (Ubuntu 4.8.4-2ubuntu1~14.04.1) 
"""
I tensorflow/stream_executor/cuda/cuda_diagnostics.cc:189] kernel reported version is: 352.93.0
I tensorflow/core/common_runtime/gpu/gpu_init.cc:81] No GPU devices available on machine.
I tensorflow/core/distributed_runtime/rpc/grpc_channel.cc:206] Initialize HostPortsGrpcChannelCache for job ps -> {raiders1:2200}
I tensorflow/core/distributed_runtime/rpc/grpc_channel.cc:206] Initialize HostPortsGrpcChannelCache for job worker -> {raiders1:2201, raiders1:2202, raiders1:2203, raiders1:2204, raiders2:2205, localhost:2206, raiders2:2207, raiders2:2208, raiders3:2209, raiders3:2210, raiders3:2211, raiders3:2212, raiders8:2213, raiders8:2214, raiders8:2215, raiders8:2216}
I tensorflow/core/distributed_runtime/rpc/grpc_server_lib.cc:202] Started server with target: grpc://localhost:2206
INFO:tensorflow:Learning rate: 0.005000, momentum: 0.300000
INFO:tensorflow:Sync mode!!!!!!
INFO:tensorflow:Compute groups : 4
INFO:tensorflow:SyncReplicas enabled: replicas_to_aggregate=16; total_num_replicas=16
INFO:tensorflow:Num nodes per compute groups: 4
INFO:tensorflow:Tokens per step: 4
INFO:tensorflow:2016-07-26 21:58:20.528294 Supervisor
INFO:tensorflow:got sessions! 2016-07-26 21:58:36.472448 
INFO:tensorflow:Started 3 queues for processing input data.
INFO:tensorflow:Step: 399, Loss: 6.339715, time: 26.647 sec/batch
INFO:tensorflow:Step: 399, Loss: 5.663853, time: 12.767 sec/batch
INFO:tensorflow:Step: 403, Loss: 7.014167, time: 14.552 sec/batch
INFO:tensorflow:Step: 407, Loss: 5.927995, time: 13.457 sec/batch
INFO:tensorflow:Step: 408, Loss: 5.925757, time: 10.639 sec/batch
INFO:tensorflow:Step: 412, Loss: 5.867162, time: 12.634 sec/batch
INFO:tensorflow:Step: 416, Loss: 4.972058, time: 14.941 sec/batch
INFO:tensorflow:Step: 420, Loss: 5.450048, time: 15.909 sec/batch
INFO:tensorflow:Step: 425, Loss: 6.333179, time: 15.352 sec/batch
INFO:tensorflow:Step: 429, Loss: 5.206112, time: 14.265 sec/batch
INFO:tensorflow:Step: 433, Loss: 5.434098, time: 10.177 sec/batch
INFO:tensorflow:Step: 437, Loss: 5.044123, time: 14.309 sec/batch
INFO:tensorflow:Step: 441, Loss: 5.417016, time: 12.506 sec/batch
INFO:tensorflow:Step: 446, Loss: 5.201025, time: 15.881 sec/batch
INFO:tensorflow:Step: 450, Loss: 5.102377, time: 15.110 sec/batch
INFO:tensorflow:Step: 455, Loss: 5.997695, time: 15.936 sec/batch
INFO:tensorflow:Step: 460, Loss: 5.773749, time: 17.025 sec/batch
INFO:tensorflow:Step: 464, Loss: 5.277280, time: 16.659 sec/batch
INFO:tensorflow:Step: 468, Loss: 5.146768, time: 16.401 sec/batch
INFO:tensorflow:Step: 473, Loss: 5.220497, time: 14.633 sec/batch
INFO:tensorflow:Step: 477, Loss: 5.169374, time: 16.668 sec/batch
INFO:tensorflow:Step: 482, Loss: 6.039053, time: 14.501 sec/batch
INFO:tensorflow:Step: 486, Loss: 5.786679, time: 14.602 sec/batch
INFO:tensorflow:Step: 490, Loss: 5.583399, time: 14.680 sec/batch
INFO:tensorflow:Step: 494, Loss: 5.840303, time: 15.232 sec/batch
INFO:tensorflow:Step: 498, Loss: 5.697384, time: 14.355 sec/batch
INFO:tensorflow:Step: 502, Loss: 5.635066, time: 13.865 sec/batch
INFO:tensorflow:Step: 506, Loss: 5.512058, time: 14.998 sec/batch
INFO:tensorflow:Step: 510, Loss: 5.492510, time: 14.911 sec/batch
INFO:tensorflow:Step: 514, Loss: 5.066701, time: 16.197 sec/batch
INFO:tensorflow:Step: 518, Loss: 4.958217, time: 15.529 sec/batch
INFO:tensorflow:Step: 522, Loss: 5.252772, time: 15.200 sec/batch
INFO:tensorflow:Step: 526, Loss: 5.612005, time: 16.119 sec/batch
INFO:tensorflow:Step: 530, Loss: 5.101321, time: 18.362 sec/batch
INFO:tensorflow:Step: 536, Loss: 5.415248, time: 17.145 sec/batch
INFO:tensorflow:Step: 537, Loss: 5.592083, time: 18.010 sec/batch
INFO:tensorflow:Step: 544, Loss: 4.886641, time: 17.532 sec/batch
INFO:tensorflow:Step: 548, Loss: 5.580754, time: 16.173 sec/batch
INFO:tensorflow:Step: 552, Loss: 5.901322, time: 14.807 sec/batch
INFO:tensorflow:Step: 555, Loss: 5.249702, time: 14.502 sec/batch
INFO:tensorflow:Step: 559, Loss: 5.219626, time: 14.823 sec/batch
INFO:tensorflow:Step: 563, Loss: 5.400602, time: 15.442 sec/batch
INFO:tensorflow:Step: 567, Loss: 5.380660, time: 14.872 sec/batch
INFO:tensorflow:Step: 571, Loss: 5.080951, time: 14.419 sec/batch
INFO:tensorflow:Step: 575, Loss: 5.239936, time: 15.584 sec/batch
INFO:tensorflow:Step: 579, Loss: 5.011130, time: 14.616 sec/batch
INFO:tensorflow:Step: 583, Loss: 4.921932, time: 14.779 sec/batch
INFO:tensorflow:Step: 587, Loss: 5.574254, time: 14.787 sec/batch
INFO:tensorflow:Step: 591, Loss: 5.478066, time: 14.738 sec/batch
INFO:tensorflow:Step: 595, Loss: 5.361462, time: 14.191 sec/batch
INFO:tensorflow:Step: 599, Loss: 5.892988, time: 14.263 sec/batch
INFO:tensorflow:Step: 603, Loss: 5.691676, time: 14.498 sec/batch
INFO:tensorflow:Step: 607, Loss: 5.316495, time: 14.568 sec/batch
INFO:tensorflow:Step: 611, Loss: 5.711136, time: 14.875 sec/batch
INFO:tensorflow:Step: 615, Loss: 5.339684, time: 15.760 sec/batch
INFO:tensorflow:Step: 619, Loss: 4.943403, time: 16.730 sec/batch
INFO:tensorflow:Step: 622, Loss: 5.251445, time: 14.496 sec/batch
INFO:tensorflow:Step: 626, Loss: 5.195595, time: 15.108 sec/batch
INFO:tensorflow:Step: 630, Loss: 5.279206, time: 15.705 sec/batch
INFO:tensorflow:Step: 635, Loss: 5.548464, time: 15.743 sec/batch
INFO:tensorflow:Step: 637, Loss: 5.701409, time: 15.805 sec/batch
INFO:tensorflow:Step: 642, Loss: 4.659717, time: 15.487 sec/batch
INFO:tensorflow:Step: 645, Loss: 5.276378, time: 16.928 sec/batch
INFO:tensorflow:Step: 650, Loss: 5.570016, time: 16.025 sec/batch
INFO:tensorflow:Step: 656, Loss: 5.351896, time: 15.720 sec/batch
INFO:tensorflow:Step: 660, Loss: 5.358825, time: 15.655 sec/batch
INFO:tensorflow:Step: 662, Loss: 5.315974, time: 14.364 sec/batch
INFO:tensorflow:Step: 666, Loss: 5.327925, time: 13.255 sec/batch
INFO:tensorflow:Step: 670, Loss: 5.268731, time: 15.019 sec/batch
INFO:tensorflow:Step: 674, Loss: 4.996912, time: 15.771 sec/batch
INFO:tensorflow:Step: 678, Loss: 5.045125, time: 15.712 sec/batch
INFO:tensorflow:Step: 683, Loss: 5.701738, time: 14.920 sec/batch
INFO:tensorflow:Step: 687, Loss: 4.850646, time: 15.068 sec/batch
INFO:tensorflow:Step: 691, Loss: 5.780602, time: 15.204 sec/batch
INFO:tensorflow:Step: 695, Loss: 5.373210, time: 14.797 sec/batch
INFO:tensorflow:Step: 699, Loss: 5.641422, time: 14.341 sec/batch
INFO:tensorflow:Step: 703, Loss: 5.541692, time: 15.013 sec/batch
INFO:tensorflow:Step: 707, Loss: 5.602822, time: 14.120 sec/batch
INFO:tensorflow:Step: 711, Loss: 5.411271, time: 14.996 sec/batch
INFO:tensorflow:Step: 715, Loss: 5.556703, time: 15.047 sec/batch
INFO:tensorflow:Step: 719, Loss: 4.778236, time: 14.669 sec/batch
INFO:tensorflow:Step: 723, Loss: 4.930614, time: 14.816 sec/batch
INFO:tensorflow:Step: 727, Loss: 5.226923, time: 13.519 sec/batch
INFO:tensorflow:Step: 731, Loss: 5.591073, time: 14.863 sec/batch
INFO:tensorflow:Step: 735, Loss: 5.475576, time: 14.798 sec/batch
INFO:tensorflow:Step: 739, Loss: 5.119302, time: 14.729 sec/batch
INFO:tensorflow:Step: 743, Loss: 5.264112, time: 14.178 sec/batch
INFO:tensorflow:Step: 747, Loss: 5.319155, time: 15.129 sec/batch
INFO:tensorflow:Step: 751, Loss: 5.212111, time: 13.946 sec/batch
INFO:tensorflow:Step: 755, Loss: 5.505629, time: 14.390 sec/batch
INFO:tensorflow:Step: 759, Loss: 5.459156, time: 14.483 sec/batch
INFO:tensorflow:Step: 763, Loss: 5.158253, time: 14.089 sec/batch
INFO:tensorflow:Step: 767, Loss: 4.797626, time: 15.758 sec/batch
INFO:tensorflow:Step: 770, Loss: 5.447968, time: 16.041 sec/batch
INFO:tensorflow:Step: 775, Loss: 5.113156, time: 15.444 sec/batch
INFO:tensorflow:Step: 777, Loss: 5.270739, time: 16.925 sec/batch
INFO:tensorflow:Step: 783, Loss: 5.096346, time: 15.359 sec/batch
INFO:tensorflow:Step: 786, Loss: 5.408697, time: 16.319 sec/batch
INFO:tensorflow:Step: 791, Loss: 5.134642, time: 14.088 sec/batch
INFO:tensorflow:Step: 794, Loss: 5.467471, time: 13.155 sec/batch
INFO:tensorflow:Step: 798, Loss: 5.062196, time: 14.778 sec/batch
INFO:tensorflow:Step: 802, Loss: 5.585853, time: 15.247 sec/batch
INFO:tensorflow:Step: 806, Loss: 5.729681, time: 14.179 sec/batch
INFO:tensorflow:Step: 810, Loss: 5.496072, time: 14.531 sec/batch
INFO:tensorflow:Step: 814, Loss: 5.224317, time: 13.839 sec/batch
INFO:tensorflow:Step: 818, Loss: 5.930473, time: 15.164 sec/batch
INFO:tensorflow:Step: 822, Loss: 5.828844, time: 15.285 sec/batch
INFO:tensorflow:Step: 826, Loss: 5.044449, time: 15.636 sec/batch
INFO:tensorflow:Step: 830, Loss: 4.889002, time: 13.982 sec/batch
INFO:tensorflow:Step: 834, Loss: 5.029156, time: 14.759 sec/batch
INFO:tensorflow:Step: 838, Loss: 5.610837, time: 14.716 sec/batch
INFO:tensorflow:Step: 842, Loss: 5.200037, time: 13.403 sec/batch
INFO:tensorflow:Step: 846, Loss: 5.185961, time: 14.297 sec/batch
INFO:tensorflow:Step: 850, Loss: 5.514736, time: 14.991 sec/batch
INFO:tensorflow:Step: 854, Loss: 5.673190, time: 14.915 sec/batch
INFO:tensorflow:Step: 858, Loss: 4.836500, time: 14.188 sec/batch
INFO:tensorflow:Step: 862, Loss: 5.435274, time: 14.121 sec/batch
INFO:tensorflow:Step: 866, Loss: 5.500943, time: 15.258 sec/batch
INFO:tensorflow:Step: 870, Loss: 5.755066, time: 15.636 sec/batch
INFO:tensorflow:Step: 874, Loss: 5.377150, time: 14.651 sec/batch
INFO:tensorflow:Step: 878, Loss: 5.396378, time: 15.007 sec/batch
INFO:tensorflow:Step: 882, Loss: 4.755774, time: 14.472 sec/batch
INFO:tensorflow:Step: 886, Loss: 5.252508, time: 14.426 sec/batch
INFO:tensorflow:Step: 890, Loss: 5.335371, time: 14.182 sec/batch
INFO:tensorflow:Step: 894, Loss: 5.232775, time: 14.742 sec/batch
INFO:tensorflow:Step: 897, Loss: 4.779325, time: 14.654 sec/batch
INFO:tensorflow:Step: 902, Loss: 5.414226, time: 14.676 sec/batch
INFO:tensorflow:Step: 905, Loss: 5.304748, time: 14.630 sec/batch
INFO:tensorflow:Step: 909, Loss: 5.304964, time: 15.999 sec/batch
INFO:tensorflow:Step: 912, Loss: 4.891817, time: 14.555 sec/batch
INFO:tensorflow:Step: 916, Loss: 5.264490, time: 15.728 sec/batch
INFO:tensorflow:Step: 921, Loss: 5.218211, time: 16.010 sec/batch
INFO:tensorflow:Step: 926, Loss: 5.220471, time: 16.791 sec/batch
INFO:tensorflow:Step: 929, Loss: 5.269272, time: 15.627 sec/batch
INFO:tensorflow:Step: 934, Loss: 5.729310, time: 16.117 sec/batch
INFO:tensorflow:Step: 938, Loss: 5.197808, time: 14.216 sec/batch
INFO:tensorflow:Step: 941, Loss: 5.186672, time: 15.037 sec/batch
INFO:tensorflow:Step: 946, Loss: 4.948474, time: 14.912 sec/batch
INFO:tensorflow:Step: 950, Loss: 5.391939, time: 15.006 sec/batch
INFO:tensorflow:Step: 954, Loss: 5.224052, time: 14.681 sec/batch
INFO:tensorflow:Step: 957, Loss: 5.494871, time: 13.800 sec/batch
INFO:tensorflow:Step: 961, Loss: 5.461922, time: 14.601 sec/batch
INFO:tensorflow:Step: 965, Loss: 5.386729, time: 14.418 sec/batch
INFO:tensorflow:Step: 968, Loss: 5.205746, time: 16.034 sec/batch
INFO:tensorflow:Step: 973, Loss: 5.357290, time: 15.359 sec/batch
INFO:tensorflow:Step: 977, Loss: 5.183680, time: 15.096 sec/batch
INFO:tensorflow:Step: 981, Loss: 4.977024, time: 13.869 sec/batch
INFO:tensorflow:Step: 985, Loss: 5.560503, time: 13.771 sec/batch
INFO:tensorflow:Step: 989, Loss: 4.926232, time: 13.982 sec/batch
INFO:tensorflow:Step: 993, Loss: 5.354489, time: 14.328 sec/batch
INFO:tensorflow:Step: 996, Loss: 5.631554, time: 15.145 sec/batch
INFO:tensorflow:Step: 1000, Loss: 5.326511, time: 14.261 sec/batch
INFO:tensorflow:Step: 1004, Loss: 5.480065, time: 15.002 sec/batch
INFO:tensorflow:Step: 1008, Loss: 5.425673, time: 14.657 sec/batch
INFO:tensorflow:Step: 1012, Loss: 5.282018, time: 14.759 sec/batch
INFO:tensorflow:Step: 1016, Loss: 4.987228, time: 14.691 sec/batch
INFO:tensorflow:Step: 1020, Loss: 5.308016, time: 14.716 sec/batch
INFO:tensorflow:Step: 1024, Loss: 4.845799, time: 14.229 sec/batch
INFO:tensorflow:Step: 1028, Loss: 4.891033, time: 15.359 sec/batch
INFO:tensorflow:Step: 1032, Loss: 4.968630, time: 16.055 sec/batch
INFO:tensorflow:Step: 1036, Loss: 5.173528, time: 14.729 sec/batch
INFO:tensorflow:Step: 1040, Loss: 4.777815, time: 15.077 sec/batch
INFO:tensorflow:Step: 1044, Loss: 4.945742, time: 14.663 sec/batch
INFO:tensorflow:Step: 1048, Loss: 4.829581, time: 15.275 sec/batch
INFO:tensorflow:Step: 1052, Loss: 5.485783, time: 13.956 sec/batch
INFO:tensorflow:Step: 1056, Loss: 5.287727, time: 13.281 sec/batch
INFO:tensorflow:Step: 1060, Loss: 5.404035, time: 14.487 sec/batch
INFO:tensorflow:Step: 1064, Loss: 4.952654, time: 14.188 sec/batch
INFO:tensorflow:Step: 1068, Loss: 5.261801, time: 14.302 sec/batch
INFO:tensorflow:Step: 1072, Loss: 4.818646, time: 15.096 sec/batch
INFO:tensorflow:Step: 1076, Loss: 5.138768, time: 15.031 sec/batch
INFO:tensorflow:Step: 1080, Loss: 5.117154, time: 14.406 sec/batch
INFO:tensorflow:Step: 1084, Loss: 5.009471, time: 15.559 sec/batch
INFO:tensorflow:Step: 1088, Loss: 5.396060, time: 14.810 sec/batch
run-expr-32node.sh: line 23: 32668 Terminated              CUDA_VISIBLE_DEVICES='' bazel-bin/inception/imagenet_distributed_train --batch_size=16 --data_dir=/lfs/local/0/daniter/16node-data-$2 --job_name='worker' --task_id=$2 --ps_hosts='raiders1:2200' --worker_hosts='raiders1:2201,raiders1:2202,raiders1:2203,raiders1:2204,raiders2:2205,raiders2:2206,raiders2:2207,raiders2:2208,raiders3:2209,raiders3:2210,raiders3:2211,raiders3:2212,raiders8:2213,raiders8:2214,raiders8:2215,raiders8:2216' --initial_learning_rate=$3 --momentum=$4 --sync=True --compute_groups=$5
