DISPLAY "(null)" invalid; disabling X11 forwarding
I tensorflow/stream_executor/dso_loader.cc:108] successfully opened CUDA library libcublas.so locally
I tensorflow/stream_executor/dso_loader.cc:108] successfully opened CUDA library libcudnn.so locally
I tensorflow/stream_executor/dso_loader.cc:108] successfully opened CUDA library libcufft.so locally
I tensorflow/stream_executor/dso_loader.cc:108] successfully opened CUDA library libcuda.so locally
I tensorflow/stream_executor/dso_loader.cc:108] successfully opened CUDA library libcurand.so locally
INFO:tensorflow:PS hosts are: ['raiders1:2228']
INFO:tensorflow:Worker hosts are: ['raiders1:2200', 'raiders1:2201', 'raiders3:2209', 'raiders3:2210']
I tensorflow/core/common_runtime/gpu/gpu_init.cc:102] Found device 0 with properties: 
name: GeForce GTX TITAN X
major: 5 minor: 2 memoryClockRate (GHz) 1.076
pciBusID 0000:03:00.0
Total memory: 11.92GiB
Free memory: 11.81GiB
I tensorflow/core/common_runtime/gpu/gpu_init.cc:126] DMA: 0 
I tensorflow/core/common_runtime/gpu/gpu_init.cc:136] 0:   Y 
I tensorflow/core/common_runtime/gpu/gpu_device.cc:806] Creating TensorFlow device (/gpu:0) -> (device: 0, name: GeForce GTX TITAN X, pci bus id: 0000:03:00.0)
I tensorflow/core/distributed_runtime/rpc/grpc_channel.cc:206] Initialize HostPortsGrpcChannelCache for job ps -> {raiders1:2228}
I tensorflow/core/distributed_runtime/rpc/grpc_channel.cc:206] Initialize HostPortsGrpcChannelCache for job worker -> {raiders1:2200, raiders1:2201, localhost:2209, raiders3:2210}
I tensorflow/core/distributed_runtime/rpc/grpc_server_lib.cc:202] Started server with target: grpc://localhost:2209
INFO:tensorflow:Learning rate: 0.005000, momentum: 0.600000
INFO:tensorflow:2016-07-21 01:06:58.166309 Supervisor
INFO:tensorflow:Started 3 queues for processing input data.
I tensorflow/core/common_runtime/gpu/pool_allocator.cc:244] PoolAllocator: After 3576 get requests, put_count=2565 evicted_count=1000 eviction_rate=0.389864 and unsatisfied allocation rate=0.590324
I tensorflow/core/common_runtime/gpu/pool_allocator.cc:256] Raising pool_size_limit_ from 100 to 110
INFO:tensorflow:Step: 418, Loss: 5.333039, time: 10.942 sec/batch
INFO:tensorflow:Step: 419, Loss: 5.171853, time: 1.201 sec/batch
INFO:tensorflow:Step: 421, Loss: 5.133809, time: 1.254 sec/batch
INFO:tensorflow:Step: 423, Loss: 5.163906, time: 1.391 sec/batch
INFO:tensorflow:Step: 425, Loss: 5.047289, time: 1.385 sec/batch
I tensorflow/core/common_runtime/gpu/pool_allocator.cc:244] PoolAllocator: After 0 get requests, put_count=1016 evicted_count=1000 eviction_rate=0.984252 and unsatisfied allocation rate=0
INFO:tensorflow:Step: 427, Loss: 5.105652, time: 1.423 sec/batch
INFO:tensorflow:Step: 429, Loss: 4.970602, time: 1.337 sec/batch
INFO:tensorflow:Step: 431, Loss: 4.971663, time: 1.372 sec/batch
INFO:tensorflow:Step: 433, Loss: 4.932336, time: 1.302 sec/batch
INFO:tensorflow:Step: 435, Loss: 5.012578, time: 1.410 sec/batch
I tensorflow/core/common_runtime/gpu/pool_allocator.cc:244] PoolAllocator: After 0 get requests, put_count=1025 evicted_count=1000 eviction_rate=0.97561 and unsatisfied allocation rate=0
INFO:tensorflow:Step: 437, Loss: 5.185645, time: 1.333 sec/batch
INFO:tensorflow:Step: 439, Loss: 4.986926, time: 1.286 sec/batch
INFO:tensorflow:Step: 441, Loss: 4.940576, time: 1.321 sec/batch
INFO:tensorflow:Step: 443, Loss: 5.026392, time: 1.382 sec/batch
INFO:tensorflow:Step: 445, Loss: 5.110011, time: 1.417 sec/batch
INFO:tensorflow:Step: 447, Loss: 4.997639, time: 1.342 sec/batch
I tensorflow/core/common_runtime/gpu/pool_allocator.cc:244] PoolAllocator: After 0 get requests, put_count=1044 evicted_count=1000 eviction_rate=0.957854 and unsatisfied allocation rate=0
INFO:tensorflow:Step: 449, Loss: 5.127088, time: 1.311 sec/batch
INFO:tensorflow:Step: 451, Loss: 5.121433, time: 1.392 sec/batch
INFO:tensorflow:Step: 453, Loss: 4.990151, time: 1.318 sec/batch
INFO:tensorflow:Step: 455, Loss: 5.258870, time: 1.296 sec/batch
INFO:tensorflow:Step: 457, Loss: 5.085305, time: 1.406 sec/batch
INFO:tensorflow:Step: 459, Loss: 5.120288, time: 1.277 sec/batch
INFO:tensorflow:Step: 461, Loss: 4.818401, time: 1.306 sec/batch
I tensorflow/core/common_runtime/gpu/pool_allocator.cc:244] PoolAllocator: After 3575 get requests, put_count=4413 evicted_count=2000 eviction_rate=0.453206 and unsatisfied allocation rate=0.347133
I tensorflow/core/common_runtime/gpu/pool_allocator.cc:256] Raising pool_size_limit_ from 871 to 958
INFO:tensorflow:Step: 463, Loss: 5.010208, time: 1.451 sec/batch
INFO:tensorflow:Step: 465, Loss: 4.971580, time: 1.305 sec/batch
INFO:tensorflow:Step: 467, Loss: 5.136364, time: 1.438 sec/batch
INFO:tensorflow:Step: 469, Loss: 5.084240, time: 1.320 sec/batch
INFO:tensorflow:Step: 471, Loss: 4.985604, time: 1.337 sec/batch
not cropping. Imagesize: 256
not cropping. Imagesize: 256
not cropping. Imagesize: 256
not cropping. Imagesize: 256
Traceback (most recent call last):
  File "/afs/cs.stanford.edu/u/daniter/tf/models/inception/bazel-bin/inception/imagenet_distributed_train.runfiles/__main__/inception/imagenet_distributed_train.py", line 69, in <module>
    tf.app.run()
  File "/usr/local/lib/python2.7/dist-packages/tensorflow/python/platform/app.py", line 30, in run
    sys.exit(main(sys.argv))
  File "/afs/cs.stanford.edu/u/daniter/tf/models/inception/bazel-bin/inception/imagenet_distributed_train.runfiles/__main__/inception/imagenet_distributed_train.py", line 65, in main
    inception_distributed_train.train(server.target, dataset, cluster_spec)
  File "/afs/cs.stanford.edu/u/daniter/tf/models/inception/bazel-bin/inception/imagenet_distributed_train.runfiles/__main__/inception/inception_distributed_train.py", line 298, in train
    assert not np.isnan(loss_value), 'Model diverged with loss = NaN'
AssertionError: Model diverged with loss = NaN
