I tensorflow/stream_executor/dso_loader.cc:108] successfully opened CUDA library libcublas.so locally
I tensorflow/stream_executor/dso_loader.cc:108] successfully opened CUDA library libcudnn.so locally
I tensorflow/stream_executor/dso_loader.cc:108] successfully opened CUDA library libcufft.so locally
I tensorflow/stream_executor/dso_loader.cc:108] successfully opened CUDA library libcuda.so locally
I tensorflow/stream_executor/dso_loader.cc:108] successfully opened CUDA library libcurand.so locally
INFO:tensorflow:PS hosts are: ['raiders1:2200']
INFO:tensorflow:Worker hosts are: ['raiders1:2201', 'raiders1:2202', 'raiders1:2203', 'raiders1:2204', 'raiders2:2205', 'raiders2:2206', 'raiders2:2207', 'raiders2:2208', 'raiders3:2209', 'raiders3:2210', 'raiders3:2211', 'raiders3:2212', 'raiders8:2213', 'raiders8:2214', 'raiders8:2215', 'raiders8:2216']
E tensorflow/stream_executor/cuda/cuda_driver.cc:491] failed call to cuInit: CUDA_ERROR_NO_DEVICE
I tensorflow/stream_executor/cuda/cuda_diagnostics.cc:153] retrieving CUDA diagnostic information for host: raiders1
I tensorflow/stream_executor/cuda/cuda_diagnostics.cc:160] hostname: raiders1
I tensorflow/stream_executor/cuda/cuda_diagnostics.cc:185] libcuda reported version is: Not found: was unable to find libcuda.so DSO loaded into this program
I tensorflow/stream_executor/cuda/cuda_diagnostics.cc:347] driver version file contents: """NVRM version: NVIDIA UNIX x86_64 Kernel Module  367.27  Thu Jun  9 18:53:27 PDT 2016
GCC version:  gcc version 4.8.4 (Ubuntu 4.8.4-2ubuntu1~14.04.3) 
"""
I tensorflow/stream_executor/cuda/cuda_diagnostics.cc:189] kernel reported version is: 367.27.0
I tensorflow/core/common_runtime/gpu/gpu_init.cc:81] No GPU devices available on machine.
I tensorflow/core/distributed_runtime/rpc/grpc_channel.cc:206] Initialize HostPortsGrpcChannelCache for job ps -> {raiders1:2200}
I tensorflow/core/distributed_runtime/rpc/grpc_channel.cc:206] Initialize HostPortsGrpcChannelCache for job worker -> {localhost:2201, raiders1:2202, raiders1:2203, raiders1:2204, raiders2:2205, raiders2:2206, raiders2:2207, raiders2:2208, raiders3:2209, raiders3:2210, raiders3:2211, raiders3:2212, raiders8:2213, raiders8:2214, raiders8:2215, raiders8:2216}
I tensorflow/core/distributed_runtime/rpc/grpc_server_lib.cc:202] Started server with target: grpc://localhost:2201
INFO:tensorflow:Learning rate: 0.002500, momentum: 0.900000
INFO:tensorflow:Sync mode!!!!!!
INFO:tensorflow:Compute groups : 2
INFO:tensorflow:SyncReplicas enabled: replicas_to_aggregate=16; total_num_replicas=16
INFO:tensorflow:Num nodes per compute groups: 8
INFO:tensorflow:Tokens per step: 8
INFO:tensorflow:2016-07-26 08:55:36.187455 Supervisor
INFO:tensorflow:Restored model from /lfs/local/0/daniter/cg-snapshot/model.ckpt-399
INFO:tensorflow:got sessions! 2016-07-26 08:56:30.690990 
INFO:tensorflow:Started 3 queues for processing input data.
INFO:tensorflow:global_step/sec: 0
INFO:tensorflow:Step: 399, Loss: 5.623308, time: 21.329 sec/batch
INFO:tensorflow:Step: 399, Loss: 5.832391, time: 16.978 sec/batch
INFO:tensorflow:Step: 401, Loss: 5.238177, time: 15.755 sec/batch
INFO:tensorflow:Step: 403, Loss: 4.824409, time: 14.949 sec/batch
INFO:tensorflow:Step: 405, Loss: 5.616684, time: 14.320 sec/batch
INFO:tensorflow:Step: 407, Loss: 5.644880, time: 14.431 sec/batch
INFO:tensorflow:global_step/sec: 0.100913
INFO:tensorflow:Step: 409, Loss: 5.449424, time: 18.177 sec/batch
INFO:tensorflow:Step: 413, Loss: 5.831060, time: 15.630 sec/batch
INFO:tensorflow:Step: 415, Loss: 6.442261, time: 15.653 sec/batch
INFO:tensorflow:Step: 417, Loss: 6.251962, time: 16.042 sec/batch
INFO:tensorflow:Step: 419, Loss: 6.334528, time: 16.361 sec/batch
INFO:tensorflow:Step: 421, Loss: 6.714032, time: 15.436 sec/batch
INFO:tensorflow:Step: 423, Loss: 6.676650, time: 15.061 sec/batch
INFO:tensorflow:global_step/sec: 0.125529
INFO:tensorflow:Step: 425, Loss: 6.437639, time: 16.179 sec/batch
INFO:tensorflow:Step: 427, Loss: 7.911573, time: 28.083 sec/batch
INFO:tensorflow:Step: 431, Loss: 6.900640, time: 34.784 sec/batch
INFO:tensorflow:Step: 434, Loss: 6.062315, time: 33.457 sec/batch
INFO:tensorflow:global_step/sec: 0.0999928
INFO:tensorflow:Step: 437, Loss: 6.400894, time: 26.939 sec/batch
INFO:tensorflow:Step: 439, Loss: 6.340979, time: 26.982 sec/batch
INFO:tensorflow:Step: 441, Loss: 7.514520, time: 33.524 sec/batch
INFO:tensorflow:Step: 443, Loss: 6.980528, time: 35.197 sec/batch
INFO:tensorflow:global_step/sec: 0.0666711
INFO:tensorflow:Step: 445, Loss: 5.843736, time: 33.838 sec/batch
INFO:tensorflow:Step: 447, Loss: 6.777138, time: 24.103 sec/batch
INFO:tensorflow:Step: 449, Loss: 6.933139, time: 26.106 sec/batch
INFO:tensorflow:Step: 451, Loss: 7.592256, time: 31.037 sec/batch
INFO:tensorflow:global_step/sec: 0.0666657
INFO:tensorflow:Step: 453, Loss: 6.160711, time: 43.608 sec/batch
INFO:tensorflow:Step: 455, Loss: 5.436970, time: 49.253 sec/batch
INFO:tensorflow:Step: 457, Loss: 6.327639, time: 42.863 sec/batch
INFO:tensorflow:global_step/sec: 0.0416681
INFO:tensorflow:Step: 459, Loss: 6.210963, time: 40.691 sec/batch
INFO:tensorflow:Step: 461, Loss: 6.333666, time: 32.902 sec/batch
INFO:tensorflow:Step: 463, Loss: 6.275382, time: 40.820 sec/batch
INFO:tensorflow:global_step/sec: 0.0500007
INFO:tensorflow:Step: 465, Loss: 5.649972, time: 40.520 sec/batch
INFO:tensorflow:Step: 467, Loss: 6.316846, time: 30.563 sec/batch
INFO:tensorflow:Step: 469, Loss: 5.426024, time: 35.212 sec/batch
INFO:tensorflow:global_step/sec: 0.0583308
INFO:tensorflow:Step: 471, Loss: 5.573889, time: 42.707 sec/batch
INFO:tensorflow:Step: 473, Loss: 5.234998, time: 29.716 sec/batch
INFO:tensorflow:Step: 475, Loss: 5.510936, time: 42.993 sec/batch
INFO:tensorflow:global_step/sec: 0.0499975
INFO:tensorflow:Step: 477, Loss: 5.522324, time: 44.441 sec/batch
INFO:tensorflow:Step: 479, Loss: 6.205388, time: 44.449 sec/batch
INFO:tensorflow:Step: 481, Loss: 6.257318, time: 45.764 sec/batch
INFO:tensorflow:Step: 483, Loss: 5.796060, time: 33.928 sec/batch
INFO:tensorflow:Step: 485, Loss: 5.468249, time: 37.841 sec/batch
INFO:tensorflow:Step: 487, Loss: 5.236078, time: 40.410 sec/batch
INFO:tensorflow:Step: 489, Loss: 6.342867, time: 46.436 sec/batch
INFO:tensorflow:Step: 491, Loss: 5.459630, time: 32.771 sec/batch
INFO:tensorflow:Step: 493, Loss: 5.156553, time: 28.905 sec/batch
INFO:tensorflow:Step: 495, Loss: 6.104441, time: 28.379 sec/batch
INFO:tensorflow:Step: 497, Loss: 5.777969, time: 43.472 sec/batch
INFO:tensorflow:Step: 499, Loss: 5.774405, time: 48.268 sec/batch
INFO:tensorflow:Step: 501, Loss: 5.402066, time: 37.044 sec/batch
INFO:tensorflow:Step: 503, Loss: 5.425021, time: 32.789 sec/batch
INFO:tensorflow:Step: 505, Loss: 5.307028, time: 28.075 sec/batch
INFO:tensorflow:Step: 507, Loss: 5.177831, time: 37.230 sec/batch
INFO:tensorflow:Step: 509, Loss: 5.531749, time: 41.636 sec/batch
INFO:tensorflow:Step: 511, Loss: 5.283126, time: 42.673 sec/batch
INFO:tensorflow:Step: 513, Loss: 6.057958, time: 37.545 sec/batch
INFO:tensorflow:Step: 515, Loss: 5.512063, time: 30.180 sec/batch
INFO:tensorflow:Step: 517, Loss: 4.882130, time: 36.992 sec/batch
INFO:tensorflow:Step: 519, Loss: 5.173919, time: 38.090 sec/batch
INFO:tensorflow:Step: 521, Loss: 5.790699, time: 35.285 sec/batch
INFO:tensorflow:Step: 523, Loss: 5.248385, time: 31.519 sec/batch
INFO:tensorflow:Step: 525, Loss: 5.191143, time: 35.121 sec/batch
INFO:tensorflow:Step: 527, Loss: 5.661092, time: 27.510 sec/batch
INFO:tensorflow:Step: 529, Loss: 5.189002, time: 34.851 sec/batch
INFO:tensorflow:Step: 531, Loss: 4.992137, time: 29.165 sec/batch
INFO:tensorflow:Step: 533, Loss: 5.553448, time: 30.459 sec/batch
INFO:tensorflow:Step: 535, Loss: 5.102851, time: 32.793 sec/batch
INFO:tensorflow:Step: 537, Loss: 5.826330, time: 29.420 sec/batch
INFO:tensorflow:Step: 539, Loss: 5.068790, time: 27.657 sec/batch
INFO:tensorflow:Step: 541, Loss: 4.906445, time: 29.127 sec/batch
INFO:tensorflow:Step: 543, Loss: 4.898767, time: 27.473 sec/batch
INFO:tensorflow:Step: 545, Loss: 5.132519, time: 30.962 sec/batch
INFO:tensorflow:Step: 547, Loss: 5.492441, time: 32.902 sec/batch
INFO:tensorflow:Step: 549, Loss: 5.871688, time: 27.526 sec/batch
INFO:tensorflow:Step: 551, Loss: 5.029548, time: 29.186 sec/batch
INFO:tensorflow:Step: 553, Loss: 5.511332, time: 24.141 sec/batch
INFO:tensorflow:Step: 555, Loss: 5.374536, time: 31.693 sec/batch
INFO:tensorflow:Step: 557, Loss: 5.277479, time: 21.293 sec/batch
INFO:tensorflow:Step: 559, Loss: 5.509683, time: 25.587 sec/batch
INFO:tensorflow:Step: 561, Loss: 5.401176, time: 32.893 sec/batch
INFO:tensorflow:Step: 563, Loss: 5.611963, time: 25.746 sec/batch
INFO:tensorflow:Step: 565, Loss: 5.584033, time: 30.478 sec/batch
INFO:tensorflow:Step: 567, Loss: 5.201991, time: 31.093 sec/batch
run-expr-32node.sh: line 23: 80837 Terminated              CUDA_VISIBLE_DEVICES='' bazel-bin/inception/imagenet_distributed_train --batch_size=16 --data_dir=/lfs/local/0/daniter/16node-data-$2 --job_name='worker' --task_id=$2 --ps_hosts='raiders1:2200' --worker_hosts='raiders1:2201,raiders1:2202,raiders1:2203,raiders1:2204,raiders2:2205,raiders2:2206,raiders2:2207,raiders2:2208,raiders3:2209,raiders3:2210,raiders3:2211,raiders3:2212,raiders8:2213,raiders8:2214,raiders8:2215,raiders8:2216' --initial_learning_rate=$3 --momentum=$4 --sync=True --compute_groups=$5
