I tensorflow/stream_executor/dso_loader.cc:108] successfully opened CUDA library libcublas.so locally
I tensorflow/stream_executor/dso_loader.cc:108] successfully opened CUDA library libcudnn.so locally
I tensorflow/stream_executor/dso_loader.cc:108] successfully opened CUDA library libcufft.so locally
I tensorflow/stream_executor/dso_loader.cc:108] successfully opened CUDA library libcuda.so locally
I tensorflow/stream_executor/dso_loader.cc:108] successfully opened CUDA library libcurand.so locally
INFO:tensorflow:PS hosts are: ['raiders1:2228']
INFO:tensorflow:Worker hosts are: ['raiders1:2200', 'raiders1:2201', 'raiders3:2209', 'raiders3:2210']
I tensorflow/core/common_runtime/gpu/gpu_init.cc:102] Found device 0 with properties: 
name: GeForce GTX TITAN X
major: 5 minor: 2 memoryClockRate (GHz) 1.076
pciBusID 0000:03:00.0
Total memory: 11.92GiB
Free memory: 11.81GiB
I tensorflow/core/common_runtime/gpu/gpu_init.cc:126] DMA: 0 
I tensorflow/core/common_runtime/gpu/gpu_init.cc:136] 0:   Y 
I tensorflow/core/common_runtime/gpu/gpu_device.cc:806] Creating TensorFlow device (/gpu:0) -> (device: 0, name: GeForce GTX TITAN X, pci bus id: 0000:03:00.0)
I tensorflow/core/distributed_runtime/rpc/grpc_channel.cc:206] Initialize HostPortsGrpcChannelCache for job ps -> {raiders1:2228}
I tensorflow/core/distributed_runtime/rpc/grpc_channel.cc:206] Initialize HostPortsGrpcChannelCache for job worker -> {localhost:2200, raiders1:2201, raiders3:2209, raiders3:2210}
I tensorflow/core/distributed_runtime/rpc/grpc_server_lib.cc:202] Started server with target: grpc://localhost:2200
INFO:tensorflow:Learning rate: 0.005000, momentum: 0.750000
INFO:tensorflow:Sync mode!!!!!!
INFO:tensorflow:Compute groups : 4
INFO:tensorflow:SyncReplicas enabled: replicas_to_aggregate=4; total_num_replicas=4
INFO:tensorflow:Num nodes per compute groups: 1
INFO:tensorflow:Tokens per step: 1
INFO:tensorflow:2016-07-20 06:19:03.796003 Supervisor
INFO:tensorflow:Restored model from /lfs/local/0/daniter/cg-snapshot/model.ckpt-399
INFO:tensorflow:got sessions!
INFO:tensorflow:Started 3 queues for processing input data.
INFO:tensorflow:global_step/sec: 1.04279
I tensorflow/core/common_runtime/gpu/pool_allocator.cc:244] PoolAllocator: After 3678 get requests, put_count=2565 evicted_count=1000 eviction_rate=0.389864 and unsatisfied allocation rate=0.601686
I tensorflow/core/common_runtime/gpu/pool_allocator.cc:256] Raising pool_size_limit_ from 100 to 110
INFO:tensorflow:Step: 438, Loss: 5.264086, time: 7.768 sec/batch
INFO:tensorflow:Step: 445, Loss: 5.149086, time: 1.390 sec/batch
INFO:tensorflow:Step: 448, Loss: 5.134564, time: 1.411 sec/batch
INFO:tensorflow:Step: 451, Loss: 5.305603, time: 1.204 sec/batch
INFO:tensorflow:Step: 454, Loss: 5.265294, time: 1.238 sec/batch
I tensorflow/core/common_runtime/gpu/pool_allocator.cc:244] PoolAllocator: After 0 get requests, put_count=1016 evicted_count=1000 eviction_rate=0.984252 and unsatisfied allocation rate=0
INFO:tensorflow:Step: 458, Loss: 5.081647, time: 1.733 sec/batch
INFO:tensorflow:Step: 460, Loss: 5.100438, time: 1.947 sec/batch
INFO:tensorflow:Step: 465, Loss: 5.326705, time: 2.006 sec/batch
INFO:tensorflow:Step: 468, Loss: 5.140136, time: 1.435 sec/batch
INFO:tensorflow:Step: 472, Loss: 5.262523, time: 1.512 sec/batch
I tensorflow/core/common_runtime/gpu/pool_allocator.cc:244] PoolAllocator: After 0 get requests, put_count=1025 evicted_count=1000 eviction_rate=0.97561 and unsatisfied allocation rate=0
INFO:tensorflow:Step: 476, Loss: 5.159788, time: 1.503 sec/batch
INFO:tensorflow:Step: 479, Loss: 5.307871, time: 1.262 sec/batch
INFO:tensorflow:Step: 481, Loss: 5.257659, time: 1.307 sec/batch
INFO:tensorflow:Step: 485, Loss: 5.371759, time: 1.436 sec/batch
INFO:tensorflow:Step: 489, Loss: 5.269159, time: 1.336 sec/batch
INFO:tensorflow:Step: 492, Loss: 5.342454, time: 1.552 sec/batch
I tensorflow/core/common_runtime/gpu/pool_allocator.cc:244] PoolAllocator: After 3576 get requests, put_count=3951 evicted_count=2000 eviction_rate=0.506201 and unsatisfied allocation rate=0.465604
I tensorflow/core/common_runtime/gpu/pool_allocator.cc:256] Raising pool_size_limit_ from 449 to 493
INFO:tensorflow:Step: 496, Loss: 5.005296, time: 1.598 sec/batch
INFO:tensorflow:Step: 500, Loss: 5.053770, time: 1.472 sec/batch
INFO:tensorflow:Step: 504, Loss: 5.393977, time: 1.271 sec/batch
INFO:tensorflow:Step: 507, Loss: 5.048571, time: 1.447 sec/batch
INFO:tensorflow:Step: 511, Loss: 5.253415, time: 1.454 sec/batch
INFO:tensorflow:Step: 515, Loss: 5.173295, time: 1.322 sec/batch
INFO:tensorflow:Step: 519, Loss: 5.036176, time: 1.502 sec/batch
I tensorflow/core/common_runtime/gpu/pool_allocator.cc:244] PoolAllocator: After 3576 get requests, put_count=4414 evicted_count=2000 eviction_rate=0.453104 and unsatisfied allocation rate=0.347036
I tensorflow/core/common_runtime/gpu/pool_allocator.cc:256] Raising pool_size_limit_ from 871 to 958
INFO:tensorflow:Step: 522, Loss: 5.239595, time: 1.300 sec/batch
INFO:tensorflow:Step: 526, Loss: 5.093957, time: 1.281 sec/batch
INFO:tensorflow:Step: 530, Loss: 5.104852, time: 1.360 sec/batch
INFO:tensorflow:Step: 534, Loss: 5.329048, time: 1.328 sec/batch
INFO:tensorflow:Step: 537, Loss: 5.144026, time: 1.275 sec/batch
INFO:tensorflow:Step: 541, Loss: 5.235979, time: 1.292 sec/batch
INFO:tensorflow:Step: 545, Loss: 5.334985, time: 1.264 sec/batch
INFO:tensorflow:Step: 548, Loss: 5.150685, time: 1.282 sec/batch
INFO:tensorflow:Step: 552, Loss: 5.257404, time: 1.316 sec/batch
INFO:tensorflow:Step: 555, Loss: 5.233876, time: 1.264 sec/batch
INFO:tensorflow:Step: 558, Loss: 5.237341, time: 1.287 sec/batch
INFO:tensorflow:Step: 562, Loss: 5.056822, time: 1.249 sec/batch
INFO:tensorflow:Step: 565, Loss: 5.257076, time: 1.324 sec/batch
INFO:tensorflow:Step: 569, Loss: 5.093101, time: 1.273 sec/batch
INFO:tensorflow:Step: 573, Loss: 5.133402, time: 1.334 sec/batch
INFO:tensorflow:Step: 577, Loss: 5.148161, time: 1.475 sec/batch
INFO:tensorflow:Step: 580, Loss: 5.216446, time: 1.523 sec/batch
INFO:tensorflow:Step: 584, Loss: 5.279910, time: 1.401 sec/batch
INFO:tensorflow:Step: 589, Loss: 5.172588, time: 1.348 sec/batch
INFO:tensorflow:Step: 592, Loss: 5.142021, time: 1.294 sec/batch
INFO:tensorflow:Step: 596, Loss: 5.240007, time: 1.276 sec/batch
INFO:tensorflow:Step: 599, Loss: 5.081227, time: 1.478 sec/batch
INFO:tensorflow:Step: 603, Loss: 5.137033, time: 1.290 sec/batch
INFO:tensorflow:Step: 607, Loss: 5.178237, time: 1.252 sec/batch
INFO:tensorflow:Step: 611, Loss: 5.107088, time: 1.484 sec/batch
INFO:tensorflow:Step: 615, Loss: 5.120926, time: 1.298 sec/batch
INFO:tensorflow:Step: 619, Loss: 5.352513, time: 1.468 sec/batch
INFO:tensorflow:Step: 621, Loss: 5.127201, time: 1.372 sec/batch
INFO:tensorflow:Step: 625, Loss: 5.200015, time: 1.278 sec/batch
INFO:tensorflow:Step: 629, Loss: 5.172977, time: 1.308 sec/batch
INFO:tensorflow:Step: 633, Loss: 5.349577, time: 1.350 sec/batch
INFO:tensorflow:Step: 636, Loss: 4.988402, time: 1.176 sec/batch
INFO:tensorflow:Step: 640, Loss: 5.080341, time: 1.243 sec/batch
INFO:tensorflow:Step: 644, Loss: 4.991050, time: 1.304 sec/batch
INFO:tensorflow:Step: 647, Loss: 4.959200, time: 1.232 sec/batch
INFO:tensorflow:Step: 651, Loss: 4.975356, time: 1.336 sec/batch
INFO:tensorflow:Step: 654, Loss: 5.056822, time: 1.450 sec/batch
INFO:tensorflow:Step: 658, Loss: 5.285600, time: 1.269 sec/batch
INFO:tensorflow:Step: 662, Loss: 5.092082, time: 1.282 sec/batch
INFO:tensorflow:Step: 665, Loss: 5.019144, time: 1.567 sec/batch
INFO:tensorflow:Step: 669, Loss: 5.102551, time: 1.347 sec/batch
INFO:tensorflow:Step: 672, Loss: 4.747765, time: 1.303 sec/batch
INFO:tensorflow:Step: 676, Loss: 5.008512, time: 1.287 sec/batch
INFO:tensorflow:Step: 680, Loss: 5.035916, time: 1.187 sec/batch
INFO:tensorflow:Step: 684, Loss: 4.897059, time: 1.434 sec/batch
INFO:tensorflow:Step: 687, Loss: 4.985242, time: 1.325 sec/batch
INFO:tensorflow:Step: 691, Loss: 5.374478, time: 1.264 sec/batch
INFO:tensorflow:Step: 695, Loss: 5.159013, time: 1.301 sec/batch
INFO:tensorflow:Step: 699, Loss: 5.151846, time: 1.332 sec/batch
INFO:tensorflow:Step: 703, Loss: 5.085269, time: 1.186 sec/batch
INFO:tensorflow:Step: 706, Loss: 5.429017, time: 1.326 sec/batch
INFO:tensorflow:Step: 710, Loss: 5.130207, time: 1.317 sec/batch
INFO:tensorflow:Step: 713, Loss: 5.216379, time: 1.267 sec/batch
INFO:tensorflow:Step: 717, Loss: 4.921094, time: 1.231 sec/batch
INFO:tensorflow:Step: 720, Loss: 5.046332, time: 1.292 sec/batch
INFO:tensorflow:Step: 724, Loss: 5.033933, time: 1.319 sec/batch
INFO:tensorflow:Step: 727, Loss: 5.321805, time: 1.239 sec/batch
INFO:tensorflow:Step: 731, Loss: 5.043109, time: 1.317 sec/batch
INFO:tensorflow:Step: 735, Loss: 5.140015, time: 1.283 sec/batch
INFO:tensorflow:global_step/sec: 2.60227
INFO:tensorflow:Step: 739, Loss: 5.332509, time: 1.490 sec/batch
INFO:tensorflow:Step: 743, Loss: 5.007009, time: 1.331 sec/batch
INFO:tensorflow:Step: 745, Loss: 5.000797, time: 1.274 sec/batch
INFO:tensorflow:Step: 749, Loss: 5.264551, time: 1.283 sec/batch
INFO:tensorflow:Step: 753, Loss: 5.002377, time: 1.295 sec/batch
INFO:tensorflow:Step: 757, Loss: 5.075279, time: 1.241 sec/batch
INFO:tensorflow:Step: 761, Loss: 4.999684, time: 1.231 sec/batch
INFO:tensorflow:Step: 765, Loss: 4.923767, time: 1.327 sec/batch
INFO:tensorflow:Step: 768, Loss: 4.825054, time: 1.376 sec/batch
INFO:tensorflow:Step: 772, Loss: 5.244373, time: 1.296 sec/batch
INFO:tensorflow:Step: 776, Loss: 5.024862, time: 1.255 sec/batch
INFO:tensorflow:Step: 780, Loss: 5.003182, time: 1.364 sec/batch
INFO:tensorflow:Step: 783, Loss: 5.188043, time: 1.234 sec/batch
INFO:tensorflow:Step: 787, Loss: 5.125973, time: 1.333 sec/batch
INFO:tensorflow:Step: 789, Loss: 5.250013, time: 1.308 sec/batch
INFO:tensorflow:Step: 793, Loss: 5.047737, time: 1.278 sec/batch
INFO:tensorflow:Step: 797, Loss: 4.882752, time: 1.310 sec/batch
INFO:tensorflow:Step: 801, Loss: 5.175220, time: 1.264 sec/batch
INFO:tensorflow:Step: 804, Loss: 4.839518, time: 1.355 sec/batch
INFO:tensorflow:Step: 808, Loss: 5.016161, time: 1.395 sec/batch
INFO:tensorflow:Step: 812, Loss: 5.146241, time: 1.340 sec/batch
INFO:tensorflow:Step: 816, Loss: 5.140943, time: 1.366 sec/batch
INFO:tensorflow:Step: 820, Loss: 5.033468, time: 1.256 sec/batch
INFO:tensorflow:Step: 824, Loss: 5.313389, time: 1.292 sec/batch
INFO:tensorflow:Step: 828, Loss: 5.110859, time: 1.194 sec/batch
INFO:tensorflow:Step: 832, Loss: 5.071258, time: 1.329 sec/batch
INFO:tensorflow:Step: 836, Loss: 4.834597, time: 1.315 sec/batch
INFO:tensorflow:Step: 840, Loss: 5.314121, time: 1.383 sec/batch
INFO:tensorflow:Step: 843, Loss: 5.060446, time: 1.246 sec/batch
INFO:tensorflow:Step: 847, Loss: 5.035714, time: 1.304 sec/batch
INFO:tensorflow:Step: 851, Loss: 5.029630, time: 1.246 sec/batch
INFO:tensorflow:Step: 855, Loss: 5.002776, time: 1.317 sec/batch
INFO:tensorflow:Step: 858, Loss: 5.391459, time: 1.259 sec/batch
INFO:tensorflow:Step: 862, Loss: 4.881886, time: 1.255 sec/batch
INFO:tensorflow:Step: 865, Loss: 5.015736, time: 1.335 sec/batch
INFO:tensorflow:Step: 869, Loss: 5.099954, time: 1.225 sec/batch
INFO:tensorflow:Step: 873, Loss: 5.196267, time: 1.235 sec/batch
INFO:tensorflow:Step: 877, Loss: 4.976841, time: 1.218 sec/batch
INFO:tensorflow:Step: 880, Loss: 5.171439, time: 1.262 sec/batch
INFO:tensorflow:Step: 884, Loss: 5.008816, time: 1.306 sec/batch
INFO:tensorflow:Step: 888, Loss: 5.022803, time: 1.290 sec/batch
INFO:tensorflow:Step: 892, Loss: 5.284220, time: 1.264 sec/batch
INFO:tensorflow:Step: 896, Loss: 5.101723, time: 1.287 sec/batch
INFO:tensorflow:Step: 899, Loss: 5.044210, time: 1.237 sec/batch
INFO:tensorflow:Step: 902, Loss: 5.048498, time: 1.242 sec/batch
INFO:tensorflow:Step: 906, Loss: 5.097071, time: 1.207 sec/batch
INFO:tensorflow:Step: 910, Loss: 5.074105, time: 1.285 sec/batch
INFO:tensorflow:Step: 914, Loss: 4.927184, time: 1.340 sec/batch
INFO:tensorflow:Step: 918, Loss: 4.786156, time: 1.335 sec/batch
INFO:tensorflow:Step: 921, Loss: 5.134323, time: 1.388 sec/batch
INFO:tensorflow:Step: 924, Loss: 4.740110, time: 1.287 sec/batch
INFO:tensorflow:Step: 928, Loss: 4.849155, time: 1.304 sec/batch
INFO:tensorflow:Step: 932, Loss: 5.028268, time: 1.256 sec/batch
INFO:tensorflow:Step: 935, Loss: 5.026471, time: 1.369 sec/batch
INFO:tensorflow:Step: 939, Loss: 4.929828, time: 1.387 sec/batch
INFO:tensorflow:Step: 943, Loss: 5.117249, time: 1.579 sec/batch
INFO:tensorflow:Step: 949, Loss: 5.189372, time: 1.901 sec/batch
INFO:tensorflow:Step: 952, Loss: 4.994712, time: 1.238 sec/batch
INFO:tensorflow:Step: 955, Loss: 5.033175, time: 1.402 sec/batch
INFO:tensorflow:Step: 958, Loss: 4.986125, time: 1.280 sec/batch
INFO:tensorflow:Step: 962, Loss: 5.028701, time: 1.299 sec/batch
INFO:tensorflow:Step: 966, Loss: 4.932830, time: 1.404 sec/batch
INFO:tensorflow:Step: 970, Loss: 5.021070, time: 1.354 sec/batch
INFO:tensorflow:Step: 973, Loss: 5.204769, time: 1.340 sec/batch
INFO:tensorflow:Step: 977, Loss: 4.928221, time: 1.255 sec/batch
INFO:tensorflow:Step: 981, Loss: 5.190459, time: 1.343 sec/batch
INFO:tensorflow:Step: 985, Loss: 5.051338, time: 1.283 sec/batch
INFO:tensorflow:Step: 989, Loss: 4.991549, time: 1.198 sec/batch
INFO:tensorflow:Step: 993, Loss: 5.160326, time: 1.362 sec/batch
INFO:tensorflow:Step: 997, Loss: 4.974557, time: 1.279 sec/batch
INFO:tensorflow:Step: 1001, Loss: 4.885046, time: 1.372 sec/batch
INFO:tensorflow:Step: 1005, Loss: 4.925286, time: 1.350 sec/batch
INFO:tensorflow:Step: 1007, Loss: 5.250882, time: 1.396 sec/batch
INFO:tensorflow:Step: 1011, Loss: 4.936092, time: 1.356 sec/batch
INFO:tensorflow:Step: 1015, Loss: 5.148283, time: 1.276 sec/batch
INFO:tensorflow:Step: 1019, Loss: 4.986823, time: 1.299 sec/batch
INFO:tensorflow:Step: 1023, Loss: 5.178619, time: 1.196 sec/batch
INFO:tensorflow:Step: 1027, Loss: 5.132722, time: 1.408 sec/batch
INFO:tensorflow:Step: 1031, Loss: 4.886550, time: 1.397 sec/batch
INFO:tensorflow:Step: 1035, Loss: 5.158187, time: 1.222 sec/batch
INFO:tensorflow:Step: 1039, Loss: 4.856829, time: 1.298 sec/batch
INFO:tensorflow:Step: 1043, Loss: 5.091698, time: 1.359 sec/batch
INFO:tensorflow:Step: 1047, Loss: 5.051117, time: 1.315 sec/batch
INFO:tensorflow:Step: 1051, Loss: 4.837938, time: 1.275 sec/batch
INFO:tensorflow:Step: 1054, Loss: 5.099209, time: 1.274 sec/batch
INFO:tensorflow:Step: 1058, Loss: 4.955719, time: 1.194 sec/batch
INFO:tensorflow:Step: 1062, Loss: 5.062296, time: 1.205 sec/batch
INFO:tensorflow:Step: 1065, Loss: 4.910258, time: 1.323 sec/batch
INFO:tensorflow:Step: 1068, Loss: 4.961629, time: 1.339 sec/batch
INFO:tensorflow:Step: 1072, Loss: 5.044652, time: 1.287 sec/batch
INFO:tensorflow:Step: 1076, Loss: 4.855680, time: 1.423 sec/batch
INFO:tensorflow:global_step/sec: 2.85239
INFO:tensorflow:Step: 1080, Loss: 4.733399, time: 1.285 sec/batch
INFO:tensorflow:Step: 1084, Loss: 4.862344, time: 1.180 sec/batch
INFO:tensorflow:Step: 1087, Loss: 4.903799, time: 1.293 sec/batch
INFO:tensorflow:Step: 1091, Loss: 4.978878, time: 1.258 sec/batch
INFO:tensorflow:Step: 1095, Loss: 4.921977, time: 1.247 sec/batch
INFO:tensorflow:Step: 1098, Loss: 5.093043, time: 1.260 sec/batch
INFO:tensorflow:Step: 1102, Loss: 4.870284, time: 1.275 sec/batch
INFO:tensorflow:Step: 1106, Loss: 4.910019, time: 1.271 sec/batch
INFO:tensorflow:Step: 1110, Loss: 5.147399, time: 1.313 sec/batch
INFO:tensorflow:Step: 1114, Loss: 4.960056, time: 1.294 sec/batch
INFO:tensorflow:Step: 1117, Loss: 5.110414, time: 1.243 sec/batch
INFO:tensorflow:Step: 1120, Loss: 5.156364, time: 1.292 sec/batch
INFO:tensorflow:Step: 1124, Loss: 4.906298, time: 1.228 sec/batch
INFO:tensorflow:Step: 1128, Loss: 4.913161, time: 1.304 sec/batch
INFO:tensorflow:Step: 1132, Loss: 4.933702, time: 1.277 sec/batch
INFO:tensorflow:Step: 1135, Loss: 4.929972, time: 1.292 sec/batch
INFO:tensorflow:Step: 1139, Loss: 4.874554, time: 1.430 sec/batch
INFO:tensorflow:Step: 1143, Loss: 5.212325, time: 1.329 sec/batch
INFO:tensorflow:Step: 1146, Loss: 4.945570, time: 1.300 sec/batch
INFO:tensorflow:Step: 1150, Loss: 5.029023, time: 1.346 sec/batch
INFO:tensorflow:Step: 1154, Loss: 5.070939, time: 1.234 sec/batch
INFO:tensorflow:Step: 1158, Loss: 4.964774, time: 1.266 sec/batch
INFO:tensorflow:Step: 1162, Loss: 5.014134, time: 1.270 sec/batch
INFO:tensorflow:Step: 1166, Loss: 4.805587, time: 1.249 sec/batch
INFO:tensorflow:Step: 1170, Loss: 5.013200, time: 1.217 sec/batch
INFO:tensorflow:Step: 1172, Loss: 4.830189, time: 1.334 sec/batch
INFO:tensorflow:Step: 1176, Loss: 4.958993, time: 1.333 sec/batch
INFO:tensorflow:Step: 1180, Loss: 4.958709, time: 1.335 sec/batch
INFO:tensorflow:Step: 1184, Loss: 4.888170, time: 1.236 sec/batch
INFO:tensorflow:Step: 1187, Loss: 4.962305, time: 1.281 sec/batch
INFO:tensorflow:Step: 1190, Loss: 4.946841, time: 1.269 sec/batch
INFO:tensorflow:Step: 1194, Loss: 5.001149, time: 1.263 sec/batch
INFO:tensorflow:Step: 1198, Loss: 5.302872, time: 1.359 sec/batch
INFO:tensorflow:Step: 1202, Loss: 5.045076, time: 1.317 sec/batch
INFO:tensorflow:Step: 1206, Loss: 4.851782, time: 1.273 sec/batch
INFO:tensorflow:Step: 1209, Loss: 4.817009, time: 1.318 sec/batch
INFO:tensorflow:Step: 1213, Loss: 4.965102, time: 1.244 sec/batch
INFO:tensorflow:Step: 1217, Loss: 4.756230, time: 1.257 sec/batch
INFO:tensorflow:Step: 1221, Loss: 4.891603, time: 1.386 sec/batch
INFO:tensorflow:Step: 1225, Loss: 4.904457, time: 1.301 sec/batch
INFO:tensorflow:Step: 1229, Loss: 5.057201, time: 1.284 sec/batch
INFO:tensorflow:Step: 1232, Loss: 4.708675, time: 1.270 sec/batch
INFO:tensorflow:Step: 1236, Loss: 4.978177, time: 1.239 sec/batch
INFO:tensorflow:Step: 1240, Loss: 5.169593, time: 1.238 sec/batch
INFO:tensorflow:Step: 1243, Loss: 4.916246, time: 1.227 sec/batch
INFO:tensorflow:Step: 1246, Loss: 4.963418, time: 1.257 sec/batch
INFO:tensorflow:Step: 1250, Loss: 4.976429, time: 1.263 sec/batch
INFO:tensorflow:Step: 1254, Loss: 4.978861, time: 1.284 sec/batch
INFO:tensorflow:Step: 1257, Loss: 4.922980, time: 1.317 sec/batch
INFO:tensorflow:Step: 1261, Loss: 4.964603, time: 1.257 sec/batch
INFO:tensorflow:Step: 1265, Loss: 4.767991, time: 1.284 sec/batch
INFO:tensorflow:Step: 1269, Loss: 4.886424, time: 1.200 sec/batch
INFO:tensorflow:Step: 1273, Loss: 4.962394, time: 1.294 sec/batch
INFO:tensorflow:Step: 1276, Loss: 4.731315, time: 1.326 sec/batch
INFO:tensorflow:Step: 1280, Loss: 5.184080, time: 1.289 sec/batch
INFO:tensorflow:Step: 1284, Loss: 4.957801, time: 1.299 sec/batch
INFO:tensorflow:Step: 1287, Loss: 4.763258, time: 1.255 sec/batch
INFO:tensorflow:Step: 1291, Loss: 4.760635, time: 1.256 sec/batch
INFO:tensorflow:Step: 1295, Loss: 4.861949, time: 1.286 sec/batch
INFO:tensorflow:Step: 1298, Loss: 4.948718, time: 1.268 sec/batch
INFO:tensorflow:Step: 1301, Loss: 5.057992, time: 1.300 sec/batch
INFO:tensorflow:Step: 1305, Loss: 5.005590, time: 1.373 sec/batch
INFO:tensorflow:Step: 1309, Loss: 4.762993, time: 1.348 sec/batch
INFO:tensorflow:Step: 1313, Loss: 4.985868, time: 1.295 sec/batch
INFO:tensorflow:Step: 1317, Loss: 4.893833, time: 1.246 sec/batch
INFO:tensorflow:Step: 1321, Loss: 4.891472, time: 1.280 sec/batch
INFO:tensorflow:Step: 1325, Loss: 4.849668, time: 1.350 sec/batch
INFO:tensorflow:Step: 1329, Loss: 4.966683, time: 1.249 sec/batch
INFO:tensorflow:Step: 1331, Loss: 4.800837, time: 1.413 sec/batch
INFO:tensorflow:Step: 1335, Loss: 4.817530, time: 1.374 sec/batch
INFO:tensorflow:Step: 1340, Loss: 5.053009, time: 1.315 sec/batch
INFO:tensorflow:Step: 1343, Loss: 5.033879, time: 1.292 sec/batch
INFO:tensorflow:Step: 1347, Loss: 4.895333, time: 1.239 sec/batch
INFO:tensorflow:Step: 1351, Loss: 4.909330, time: 1.336 sec/batch
INFO:tensorflow:Step: 1355, Loss: 4.768628, time: 1.296 sec/batch
INFO:tensorflow:Step: 1358, Loss: 4.775118, time: 1.444 sec/batch
INFO:tensorflow:Step: 1362, Loss: 4.881405, time: 1.391 sec/batch
INFO:tensorflow:Step: 1366, Loss: 4.787258, time: 1.187 sec/batch
INFO:tensorflow:Step: 1370, Loss: 4.722261, time: 1.325 sec/batch
INFO:tensorflow:Step: 1374, Loss: 4.959867, time: 1.355 sec/batch
INFO:tensorflow:Step: 1377, Loss: 4.718918, time: 1.307 sec/batch
INFO:tensorflow:Step: 1381, Loss: 4.876018, time: 1.297 sec/batch
INFO:tensorflow:Step: 1385, Loss: 4.966917, time: 1.326 sec/batch
INFO:tensorflow:Step: 1389, Loss: 4.841421, time: 1.505 sec/batch
INFO:tensorflow:Step: 1392, Loss: 4.869051, time: 1.555 sec/batch
INFO:tensorflow:Step: 1396, Loss: 4.964108, time: 1.411 sec/batch
INFO:tensorflow:Step: 1400, Loss: 4.867654, time: 1.298 sec/batch
INFO:tensorflow:Step: 1404, Loss: 4.880161, time: 1.269 sec/batch
INFO:tensorflow:Step: 1408, Loss: 5.007512, time: 1.289 sec/batch
INFO:tensorflow:Step: 1412, Loss: 4.992391, time: 1.378 sec/batch
INFO:tensorflow:Step: 1416, Loss: 4.887833, time: 1.299 sec/batch
INFO:tensorflow:Step: 1420, Loss: 4.782376, time: 1.226 sec/batch
INFO:tensorflow:Step: 1424, Loss: 4.798116, time: 1.272 sec/batch
INFO:tensorflow:global_step/sec: 2.88196
INFO:tensorflow:Step: 1428, Loss: 4.871443, time: 1.315 sec/batch
INFO:tensorflow:Step: 1432, Loss: 4.870028, time: 1.314 sec/batch
INFO:tensorflow:Step: 1435, Loss: 4.872999, time: 1.377 sec/batch
INFO:tensorflow:Step: 1439, Loss: 4.962439, time: 1.315 sec/batch
INFO:tensorflow:Step: 1443, Loss: 4.959842, time: 1.278 sec/batch
INFO:tensorflow:Step: 1447, Loss: 5.131054, time: 1.272 sec/batch
INFO:tensorflow:Step: 1451, Loss: 4.932369, time: 1.259 sec/batch
INFO:tensorflow:Step: 1455, Loss: 5.004120, time: 1.248 sec/batch
INFO:tensorflow:Step: 1458, Loss: 4.798971, time: 1.283 sec/batch
INFO:tensorflow:Step: 1462, Loss: 4.812706, time: 1.278 sec/batch
INFO:tensorflow:Step: 1466, Loss: 4.789190, time: 1.300 sec/batch
INFO:tensorflow:Step: 1468, Loss: 5.131516, time: 1.314 sec/batch
INFO:tensorflow:Step: 1472, Loss: 4.856388, time: 1.378 sec/batch
INFO:tensorflow:Step: 1476, Loss: 4.893540, time: 1.290 sec/batch
INFO:tensorflow:Step: 1480, Loss: 5.035851, time: 1.354 sec/batch
INFO:tensorflow:Step: 1484, Loss: 4.920728, time: 1.463 sec/batch
INFO:tensorflow:Step: 1488, Loss: 4.682060, time: 1.337 sec/batch
INFO:tensorflow:Step: 1491, Loss: 4.920533, time: 1.268 sec/batch
INFO:tensorflow:Step: 1495, Loss: 4.935429, time: 1.271 sec/batch
INFO:tensorflow:Step: 1498, Loss: 4.841613, time: 1.246 sec/batch
INFO:tensorflow:Step: 1501, Loss: 4.631621, time: 1.233 sec/batch
INFO:tensorflow:Step: 1505, Loss: 5.022495, time: 1.290 sec/batch
INFO:tensorflow:Step: 1509, Loss: 4.928106, time: 1.307 sec/batch
INFO:tensorflow:Step: 1513, Loss: 4.880747, time: 1.323 sec/batch
INFO:tensorflow:Step: 1516, Loss: 4.790494, time: 1.254 sec/batch
INFO:tensorflow:Step: 1520, Loss: 4.801436, time: 1.316 sec/batch
INFO:tensorflow:Step: 1524, Loss: 4.735109, time: 1.339 sec/batch
INFO:tensorflow:Step: 1527, Loss: 4.832525, time: 1.239 sec/batch
INFO:tensorflow:Step: 1530, Loss: 4.802012, time: 1.284 sec/batch
INFO:tensorflow:Step: 1534, Loss: 4.799531, time: 1.280 sec/batch
INFO:tensorflow:Step: 1538, Loss: 4.700766, time: 1.359 sec/batch
INFO:tensorflow:Step: 1542, Loss: 4.752356, time: 1.324 sec/batch
INFO:tensorflow:Step: 1546, Loss: 4.925145, time: 1.331 sec/batch
INFO:tensorflow:Step: 1550, Loss: 4.664507, time: 1.251 sec/batch
INFO:tensorflow:Step: 1554, Loss: 4.793288, time: 1.328 sec/batch
INFO:tensorflow:Step: 1557, Loss: 4.777118, time: 1.261 sec/batch
INFO:tensorflow:Step: 1561, Loss: 4.805898, time: 1.281 sec/batch
INFO:tensorflow:Step: 1565, Loss: 4.895586, time: 1.310 sec/batch
INFO:tensorflow:Step: 1569, Loss: 4.837558, time: 1.326 sec/batch
INFO:tensorflow:Step: 1572, Loss: 4.888772, time: 1.288 sec/batch
INFO:tensorflow:Step: 1576, Loss: 5.039813, time: 1.341 sec/batch
INFO:tensorflow:Step: 1580, Loss: 4.695574, time: 1.329 sec/batch
INFO:tensorflow:Step: 1584, Loss: 4.864204, time: 1.265 sec/batch
INFO:tensorflow:Step: 1588, Loss: 4.872526, time: 1.367 sec/batch
INFO:tensorflow:Step: 1592, Loss: 4.939790, time: 1.351 sec/batch
INFO:tensorflow:Step: 1596, Loss: 5.090583, time: 1.192 sec/batch
INFO:tensorflow:Step: 1598, Loss: 4.725637, time: 1.328 sec/batch
INFO:tensorflow:Step: 1602, Loss: 4.655252, time: 1.423 sec/batch
INFO:tensorflow:Step: 1606, Loss: 4.851737, time: 1.290 sec/batch
INFO:tensorflow:Step: 1610, Loss: 4.811052, time: 1.276 sec/batch
INFO:tensorflow:Step: 1614, Loss: 4.859449, time: 1.402 sec/batch
INFO:tensorflow:Step: 1618, Loss: 4.692029, time: 1.343 sec/batch
INFO:tensorflow:Step: 1622, Loss: 4.827162, time: 1.380 sec/batch
INFO:tensorflow:Step: 1627, Loss: 4.753262, time: 1.333 sec/batch
INFO:tensorflow:Step: 1629, Loss: 4.804759, time: 1.333 sec/batch
INFO:tensorflow:Step: 1633, Loss: 4.867128, time: 1.308 sec/batch
INFO:tensorflow:Step: 1637, Loss: 4.794426, time: 1.358 sec/batch
INFO:tensorflow:Step: 1642, Loss: 4.873589, time: 1.394 sec/batch
INFO:tensorflow:Step: 1645, Loss: 4.585555, time: 1.355 sec/batch
INFO:tensorflow:Step: 1649, Loss: 4.725445, time: 1.315 sec/batch
INFO:tensorflow:Step: 1652, Loss: 4.783102, time: 1.378 sec/batch
INFO:tensorflow:Step: 1655, Loss: 4.738655, time: 1.359 sec/batch
INFO:tensorflow:Step: 1660, Loss: 4.999106, time: 1.306 sec/batch
INFO:tensorflow:Step: 1664, Loss: 4.755239, time: 1.263 sec/batch
INFO:tensorflow:Step: 1668, Loss: 4.778336, time: 1.268 sec/batch
INFO:tensorflow:Step: 1672, Loss: 4.824707, time: 1.312 sec/batch
INFO:tensorflow:Step: 1676, Loss: 4.741411, time: 1.362 sec/batch
INFO:tensorflow:Step: 1680, Loss: 4.668278, time: 1.213 sec/batch
INFO:tensorflow:Step: 1683, Loss: 5.053920, time: 1.302 sec/batch
INFO:tensorflow:Step: 1687, Loss: 4.721004, time: 1.299 sec/batch
INFO:tensorflow:Step: 1691, Loss: 4.733118, time: 1.239 sec/batch
INFO:tensorflow:Step: 1695, Loss: 4.836537, time: 1.287 sec/batch
INFO:tensorflow:Step: 1699, Loss: 4.834022, time: 1.349 sec/batch
INFO:tensorflow:Step: 1703, Loss: 4.808835, time: 1.196 sec/batch
INFO:tensorflow:Step: 1707, Loss: 4.737285, time: 1.361 sec/batch
INFO:tensorflow:Step: 1711, Loss: 4.991127, time: 1.401 sec/batch
INFO:tensorflow:Step: 1715, Loss: 4.771898, time: 1.316 sec/batch
INFO:tensorflow:Step: 1719, Loss: 4.842971, time: 1.230 sec/batch
INFO:tensorflow:Step: 1723, Loss: 4.803946, time: 1.347 sec/batch
INFO:tensorflow:Step: 1727, Loss: 4.707447, time: 1.369 sec/batch
INFO:tensorflow:Step: 1729, Loss: 4.924864, time: 1.333 sec/batch
INFO:tensorflow:Step: 1732, Loss: 4.719205, time: 1.312 sec/batch
INFO:tensorflow:Step: 1735, Loss: 4.699268, time: 1.224 sec/batch
INFO:tensorflow:Step: 1739, Loss: 4.721285, time: 1.313 sec/batch
INFO:tensorflow:Step: 1743, Loss: 4.821331, time: 1.288 sec/batch
INFO:tensorflow:Step: 1747, Loss: 4.820382, time: 1.594 sec/batch
INFO:tensorflow:Step: 1751, Loss: 4.909411, time: 1.370 sec/batch
INFO:tensorflow:Step: 1755, Loss: 4.666974, time: 1.295 sec/batch
INFO:tensorflow:Step: 1759, Loss: 4.828345, time: 1.275 sec/batch
INFO:tensorflow:Step: 1763, Loss: 4.676637, time: 1.598 sec/batch
INFO:tensorflow:Step: 1767, Loss: 4.766935, time: 1.298 sec/batch
INFO:tensorflow:global_step/sec: 2.85574
INFO:tensorflow:Step: 1770, Loss: 4.956505, time: 1.238 sec/batch
INFO:tensorflow:Step: 1775, Loss: 4.546749, time: 1.317 sec/batch
INFO:tensorflow:Step: 1779, Loss: 4.843872, time: 1.246 sec/batch
INFO:tensorflow:Step: 1783, Loss: 4.817388, time: 1.323 sec/batch
INFO:tensorflow:Step: 1787, Loss: 4.703888, time: 1.338 sec/batch
INFO:tensorflow:Step: 1789, Loss: 5.033751, time: 1.303 sec/batch
INFO:tensorflow:Step: 1793, Loss: 4.553613, time: 1.275 sec/batch
INFO:tensorflow:Step: 1797, Loss: 4.766966, time: 1.207 sec/batch
INFO:tensorflow:Step: 1801, Loss: 4.747521, time: 1.300 sec/batch
INFO:tensorflow:Step: 1805, Loss: 4.705312, time: 1.230 sec/batch
INFO:tensorflow:Step: 1809, Loss: 4.728559, time: 1.591 sec/batch
INFO:tensorflow:Step: 1812, Loss: 4.711038, time: 1.345 sec/batch
INFO:tensorflow:Step: 1814, Loss: 4.682996, time: 1.300 sec/batch
INFO:tensorflow:Step: 1818, Loss: 4.885613, time: 1.326 sec/batch
INFO:tensorflow:Step: 1822, Loss: 4.662951, time: 1.302 sec/batch
INFO:tensorflow:Step: 1826, Loss: 4.822836, time: 1.441 sec/batch
INFO:tensorflow:Step: 1829, Loss: 4.719692, time: 1.252 sec/batch
INFO:tensorflow:Step: 1833, Loss: 4.687071, time: 1.367 sec/batch
INFO:tensorflow:Step: 1837, Loss: 4.701754, time: 1.303 sec/batch
INFO:tensorflow:Step: 1841, Loss: 4.653905, time: 1.273 sec/batch
run-expr-4node.sh: line 23: 24872 Terminated              CUDA_VISIBLE_DEVICES=$1 bazel-bin/inception/imagenet_distributed_train --batch_size=64 --data_dir=/lfs/local/0/daniter/imagenet-8-$2 --job_name='worker' --task_id=$2 --ps_hosts='raiders1:2228' --worker_hosts='raiders1:2200,raiders1:2201,raiders3:2209,raiders3:2210' --initial_learning_rate=$3 --momentum=$4 --sync=True --compute_groups=$5
