DISPLAY "(null)" invalid; disabling X11 forwarding
I tensorflow/stream_executor/dso_loader.cc:105] successfully opened CUDA library libcublas.so locally
I tensorflow/stream_executor/dso_loader.cc:105] successfully opened CUDA library libcudnn.so locally
I tensorflow/stream_executor/dso_loader.cc:105] successfully opened CUDA library libcufft.so locally
I tensorflow/stream_executor/dso_loader.cc:105] successfully opened CUDA library libcuda.so.1 locally
I tensorflow/stream_executor/dso_loader.cc:105] successfully opened CUDA library libcurand.so locally
INFO:tensorflow:PS hosts are: ['raiders1:2228']
INFO:tensorflow:Worker hosts are: ['raiders1:2200', 'raiders1:2201', 'raiders3:2209', 'raiders3:2210']
I tensorflow/core/common_runtime/gpu/gpu_init.cc:102] Found device 0 with properties: 
name: GeForce GTX TITAN X
major: 5 minor: 2 memoryClockRate (GHz) 1.076
pciBusID 0000:03:00.0
Total memory: 11.92GiB
Free memory: 11.81GiB
I tensorflow/core/common_runtime/gpu/gpu_init.cc:126] DMA: 0 
I tensorflow/core/common_runtime/gpu/gpu_init.cc:136] 0:   Y 
I tensorflow/core/common_runtime/gpu/gpu_device.cc:755] Creating TensorFlow device (/gpu:0) -> (device: 0, name: GeForce GTX TITAN X, pci bus id: 0000:03:00.0)
I tensorflow/core/distributed_runtime/rpc/grpc_channel.cc:206] Initialize HostPortsGrpcChannelCache for job ps -> {raiders1:2228}
I tensorflow/core/distributed_runtime/rpc/grpc_channel.cc:206] Initialize HostPortsGrpcChannelCache for job worker -> {raiders1:2200, raiders1:2201, localhost:2209, raiders3:2210}
I tensorflow/core/distributed_runtime/rpc/grpc_server_lib.cc:202] Started server with target: grpc://localhost:2209
INFO:tensorflow:Created variable global_step:0 with shape () and init <function zeros_initializer at 0x7f1cbdce0230>
INFO:tensorflow:Learning rate: 0.005000, momentum: 0.450000
INFO:tensorflow:Created variable conv0/weights:0 with shape (3, 3, 3, 32) and init <function _initializer at 0x7f1d7d070aa0>
INFO:tensorflow:Applied regularizer to conv0/weights:0 and added the result conv0/weights/Regularizer/L2Regularizer/value:0 to REGULARIZATION_LOSSES.
INFO:tensorflow:Created variable conv0/BatchNorm/beta:0 with shape (32,) and init <function zeros_initializer at 0x7f1cbdce0230>
INFO:tensorflow:Created variable conv0/BatchNorm/moving_mean:0 with shape (32,) and init <function zeros_initializer at 0x7f1cbdce0230>
INFO:tensorflow:Created variable conv0/BatchNorm/moving_variance:0 with shape (32,) and init <function ones_initializer at 0x7f1cbda1ef50>
INFO:tensorflow:Created variable conv1/weights:0 with shape (3, 3, 32, 32) and init <function _initializer at 0x7f1cb83ffd70>
INFO:tensorflow:Applied regularizer to conv1/weights:0 and added the result conv1/weights/Regularizer/L2Regularizer/value:0 to REGULARIZATION_LOSSES.
INFO:tensorflow:Created variable conv1/BatchNorm/beta:0 with shape (32,) and init <function zeros_initializer at 0x7f1cbdce0230>
INFO:tensorflow:Created variable conv1/BatchNorm/moving_mean:0 with shape (32,) and init <function zeros_initializer at 0x7f1cbdce0230>
INFO:tensorflow:Created variable conv1/BatchNorm/moving_variance:0 with shape (32,) and init <function ones_initializer at 0x7f1cbda1ef50>
INFO:tensorflow:Created variable conv2/weights:0 with shape (3, 3, 32, 64) and init <function _initializer at 0x7f1d7d070aa0>
INFO:tensorflow:Applied regularizer to conv2/weights:0 and added the result conv2/weights/Regularizer/L2Regularizer/value:0 to REGULARIZATION_LOSSES.
INFO:tensorflow:Created variable conv2/BatchNorm/beta:0 with shape (64,) and init <function zeros_initializer at 0x7f1cbdce0230>
INFO:tensorflow:Created variable conv2/BatchNorm/moving_mean:0 with shape (64,) and init <function zeros_initializer at 0x7f1cbdce0230>
INFO:tensorflow:Created variable conv2/BatchNorm/moving_variance:0 with shape (64,) and init <function ones_initializer at 0x7f1cbda1ef50>
INFO:tensorflow:Created variable conv3/weights:0 with shape (1, 1, 64, 80) and init <function _initializer at 0x7f1cb83ffd70>
INFO:tensorflow:Applied regularizer to conv3/weights:0 and added the result conv3/weights/Regularizer/L2Regularizer/value:0 to REGULARIZATION_LOSSES.
INFO:tensorflow:Created variable conv3/BatchNorm/beta:0 with shape (80,) and init <function zeros_initializer at 0x7f1cbdce0230>
INFO:tensorflow:Created variable conv3/BatchNorm/moving_mean:0 with shape (80,) and init <function zeros_initializer at 0x7f1cbdce0230>
INFO:tensorflow:Created variable conv3/BatchNorm/moving_variance:0 with shape (80,) and init <function ones_initializer at 0x7f1cbda1ef50>
INFO:tensorflow:Created variable conv4/weights:0 with shape (3, 3, 80, 192) and init <function _initializer at 0x7f1cb83ffd70>
INFO:tensorflow:Applied regularizer to conv4/weights:0 and added the result conv4/weights/Regularizer/L2Regularizer/value:0 to REGULARIZATION_LOSSES.
INFO:tensorflow:Created variable conv4/BatchNorm/beta:0 with shape (192,) and init <function zeros_initializer at 0x7f1cbdce0230>
INFO:tensorflow:Created variable conv4/BatchNorm/moving_mean:0 with shape (192,) and init <function zeros_initializer at 0x7f1cbdce0230>
INFO:tensorflow:Created variable conv4/BatchNorm/moving_variance:0 with shape (192,) and init <function ones_initializer at 0x7f1cbda1ef50>
INFO:tensorflow:Created variable mixed_35x35x256a/branch1x1/Conv/weights:0 with shape (1, 1, 192, 64) and init <function _initializer at 0x7f1cb8614f50>
INFO:tensorflow:Applied regularizer to mixed_35x35x256a/branch1x1/Conv/weights:0 and added the result mixed_35x35x256a/branch1x1/Conv/weights/Regularizer/L2Regularizer/value:0 to REGULARIZATION_LOSSES.
INFO:tensorflow:Created variable mixed_35x35x256a/branch1x1/Conv/BatchNorm/beta:0 with shape (64,) and init <function zeros_initializer at 0x7f1cbdce0230>
INFO:tensorflow:Created variable mixed_35x35x256a/branch1x1/Conv/BatchNorm/moving_mean:0 with shape (64,) and init <function zeros_initializer at 0x7f1cbdce0230>
INFO:tensorflow:Created variable mixed_35x35x256a/branch1x1/Conv/BatchNorm/moving_variance:0 with shape (64,) and init <function ones_initializer at 0x7f1cbda1ef50>
INFO:tensorflow:Created variable mixed_35x35x256a/branch5x5/Conv/weights:0 with shape (1, 1, 192, 48) and init <function _initializer at 0x7f1cb83ffd70>
INFO:tensorflow:Applied regularizer to mixed_35x35x256a/branch5x5/Conv/weights:0 and added the result mixed_35x35x256a/branch5x5/Conv/weights/Regularizer/L2Regularizer/value:0 to REGULARIZATION_LOSSES.
INFO:tensorflow:Created variable mixed_35x35x256a/branch5x5/Conv/BatchNorm/beta:0 with shape (48,) and init <function zeros_initializer at 0x7f1cbdce0230>
INFO:tensorflow:Created variable mixed_35x35x256a/branch5x5/Conv/BatchNorm/moving_mean:0 with shape (48,) and init <function zeros_initializer at 0x7f1cbdce0230>
INFO:tensorflow:Created variable mixed_35x35x256a/branch5x5/Conv/BatchNorm/moving_variance:0 with shape (48,) and init <function ones_initializer at 0x7f1cbda1ef50>
INFO:tensorflow:Created variable mixed_35x35x256a/branch5x5/Conv_1/weights:0 with shape (5, 5, 48, 64) and init <function _initializer at 0x7f1cb8614f50>
INFO:tensorflow:Applied regularizer to mixed_35x35x256a/branch5x5/Conv_1/weights:0 and added the result mixed_35x35x256a/branch5x5/Conv_1/weights/Regularizer/L2Regularizer/value:0 to REGULARIZATION_LOSSES.
INFO:tensorflow:Created variable mixed_35x35x256a/branch5x5/Conv_1/BatchNorm/beta:0 with shape (64,) and init <function zeros_initializer at 0x7f1cbdce0230>
INFO:tensorflow:Created variable mixed_35x35x256a/branch5x5/Conv_1/BatchNorm/moving_mean:0 with shape (64,) and init <function zeros_initializer at 0x7f1cbdce0230>
INFO:tensorflow:Created variable mixed_35x35x256a/branch5x5/Conv_1/BatchNorm/moving_variance:0 with shape (64,) and init <function ones_initializer at 0x7f1cbda1ef50>
INFO:tensorflow:Created variable mixed_35x35x256a/branch3x3dbl/Conv/weights:0 with shape (1, 1, 192, 64) and init <function _initializer at 0x7f1cb83ffd70>
INFO:tensorflow:Applied regularizer to mixed_35x35x256a/branch3x3dbl/Conv/weights:0 and added the result mixed_35x35x256a/branch3x3dbl/Conv/weights/Regularizer/L2Regularizer/value:0 to REGULARIZATION_LOSSES.
INFO:tensorflow:Created variable mixed_35x35x256a/branch3x3dbl/Conv/BatchNorm/beta:0 with shape (64,) and init <function zeros_initializer at 0x7f1cbdce0230>
INFO:tensorflow:Created variable mixed_35x35x256a/branch3x3dbl/Conv/BatchNorm/moving_mean:0 with shape (64,) and init <function zeros_initializer at 0x7f1cbdce0230>
INFO:tensorflow:Created variable mixed_35x35x256a/branch3x3dbl/Conv/BatchNorm/moving_variance:0 with shape (64,) and init <function ones_initializer at 0x7f1cbda1ef50>
INFO:tensorflow:Created variable mixed_35x35x256a/branch3x3dbl/Conv_1/weights:0 with shape (3, 3, 64, 96) and init <function _initializer at 0x7f1cb8614f50>
INFO:tensorflow:Applied regularizer to mixed_35x35x256a/branch3x3dbl/Conv_1/weights:0 and added the result mixed_35x35x256a/branch3x3dbl/Conv_1/weights/Regularizer/L2Regularizer/value:0 to REGULARIZATION_LOSSES.
INFO:tensorflow:Created variable mixed_35x35x256a/branch3x3dbl/Conv_1/BatchNorm/beta:0 with shape (96,) and init <function zeros_initializer at 0x7f1cbdce0230>
INFO:tensorflow:Created variable mixed_35x35x256a/branch3x3dbl/Conv_1/BatchNorm/moving_mean:0 with shape (96,) and init <function zeros_initializer at 0x7f1cbdce0230>
INFO:tensorflow:Created variable mixed_35x35x256a/branch3x3dbl/Conv_1/BatchNorm/moving_variance:0 with shape (96,) and init <function ones_initializer at 0x7f1cbda1ef50>
INFO:tensorflow:Created variable mixed_35x35x256a/branch3x3dbl/Conv_2/weights:0 with shape (3, 3, 96, 96) and init <function _initializer at 0x7f1cb83ffd70>
INFO:tensorflow:Applied regularizer to mixed_35x35x256a/branch3x3dbl/Conv_2/weights:0 and added the result mixed_35x35x256a/branch3x3dbl/Conv_2/weights/Regularizer/L2Regularizer/value:0 to REGULARIZATION_LOSSES.
INFO:tensorflow:Created variable mixed_35x35x256a/branch3x3dbl/Conv_2/BatchNorm/beta:0 with shape (96,) and init <function zeros_initializer at 0x7f1cbdce0230>
INFO:tensorflow:Created variable mixed_35x35x256a/branch3x3dbl/Conv_2/BatchNorm/moving_mean:0 with shape (96,) and init <function zeros_initializer at 0x7f1cbdce0230>
INFO:tensorflow:Created variable mixed_35x35x256a/branch3x3dbl/Conv_2/BatchNorm/moving_variance:0 with shape (96,) and init <function ones_initializer at 0x7f1cbda1ef50>
INFO:tensorflow:Created variable mixed_35x35x256a/branch_pool/Conv/weights:0 with shape (1, 1, 192, 32) and init <function _initializer at 0x7f1cb8614f50>
INFO:tensorflow:Applied regularizer to mixed_35x35x256a/branch_pool/Conv/weights:0 and added the result mixed_35x35x256a/branch_pool/Conv/weights/Regularizer/L2Regularizer/value:0 to REGULARIZATION_LOSSES.
INFO:tensorflow:Created variable mixed_35x35x256a/branch_pool/Conv/BatchNorm/beta:0 with shape (32,) and init <function zeros_initializer at 0x7f1cbdce0230>
INFO:tensorflow:Created variable mixed_35x35x256a/branch_pool/Conv/BatchNorm/moving_mean:0 with shape (32,) and init <function zeros_initializer at 0x7f1cbdce0230>
INFO:tensorflow:Created variable mixed_35x35x256a/branch_pool/Conv/BatchNorm/moving_variance:0 with shape (32,) and init <function ones_initializer at 0x7f1cbda1ef50>
INFO:tensorflow:Created variable mixed_35x35x288a/branch1x1/Conv/weights:0 with shape (1, 1, 256, 64) and init <function _initializer at 0x7f1cb83ffd70>
INFO:tensorflow:Applied regularizer to mixed_35x35x288a/branch1x1/Conv/weights:0 and added the result mixed_35x35x288a/branch1x1/Conv/weights/Regularizer/L2Regularizer/value:0 to REGULARIZATION_LOSSES.
INFO:tensorflow:Created variable mixed_35x35x288a/branch1x1/Conv/BatchNorm/beta:0 with shape (64,) and init <function zeros_initializer at 0x7f1cbdce0230>
INFO:tensorflow:Created variable mixed_35x35x288a/branch1x1/Conv/BatchNorm/moving_mean:0 with shape (64,) and init <function zeros_initializer at 0x7f1cbdce0230>
INFO:tensorflow:Created variable mixed_35x35x288a/branch1x1/Conv/BatchNorm/moving_variance:0 with shape (64,) and init <function ones_initializer at 0x7f1cbda1ef50>
INFO:tensorflow:Created variable mixed_35x35x288a/branch5x5/Conv/weights:0 with shape (1, 1, 256, 48) and init <function _initializer at 0x7f1cb8614f50>
INFO:tensorflow:Applied regularizer to mixed_35x35x288a/branch5x5/Conv/weights:0 and added the result mixed_35x35x288a/branch5x5/Conv/weights/Regularizer/L2Regularizer/value:0 to REGULARIZATION_LOSSES.
INFO:tensorflow:Created variable mixed_35x35x288a/branch5x5/Conv/BatchNorm/beta:0 with shape (48,) and init <function zeros_initializer at 0x7f1cbdce0230>
INFO:tensorflow:Created variable mixed_35x35x288a/branch5x5/Conv/BatchNorm/moving_mean:0 with shape (48,) and init <function zeros_initializer at 0x7f1cbdce0230>
INFO:tensorflow:Created variable mixed_35x35x288a/branch5x5/Conv/BatchNorm/moving_variance:0 with shape (48,) and init <function ones_initializer at 0x7f1cbda1ef50>
INFO:tensorflow:Created variable mixed_35x35x288a/branch5x5/Conv_1/weights:0 with shape (5, 5, 48, 64) and init <function _initializer at 0x7f1cb83ffd70>
INFO:tensorflow:Applied regularizer to mixed_35x35x288a/branch5x5/Conv_1/weights:0 and added the result mixed_35x35x288a/branch5x5/Conv_1/weights/Regularizer/L2Regularizer/value:0 to REGULARIZATION_LOSSES.
INFO:tensorflow:Created variable mixed_35x35x288a/branch5x5/Conv_1/BatchNorm/beta:0 with shape (64,) and init <function zeros_initializer at 0x7f1cbdce0230>
INFO:tensorflow:Created variable mixed_35x35x288a/branch5x5/Conv_1/BatchNorm/moving_mean:0 with shape (64,) and init <function zeros_initializer at 0x7f1cbdce0230>
INFO:tensorflow:Created variable mixed_35x35x288a/branch5x5/Conv_1/BatchNorm/moving_variance:0 with shape (64,) and init <function ones_initializer at 0x7f1cbda1ef50>
INFO:tensorflow:Created variable mixed_35x35x288a/branch3x3dbl/Conv/weights:0 with shape (1, 1, 256, 64) and init <function _initializer at 0x7f1cb8614f50>
INFO:tensorflow:Applied regularizer to mixed_35x35x288a/branch3x3dbl/Conv/weights:0 and added the result mixed_35x35x288a/branch3x3dbl/Conv/weights/Regularizer/L2Regularizer/value:0 to REGULARIZATION_LOSSES.
INFO:tensorflow:Created variable mixed_35x35x288a/branch3x3dbl/Conv/BatchNorm/beta:0 with shape (64,) and init <function zeros_initializer at 0x7f1cbdce0230>
INFO:tensorflow:Created variable mixed_35x35x288a/branch3x3dbl/Conv/BatchNorm/moving_mean:0 with shape (64,) and init <function zeros_initializer at 0x7f1cbdce0230>
INFO:tensorflow:Created variable mixed_35x35x288a/branch3x3dbl/Conv/BatchNorm/moving_variance:0 with shape (64,) and init <function ones_initializer at 0x7f1cbda1ef50>
INFO:tensorflow:Created variable mixed_35x35x288a/branch3x3dbl/Conv_1/weights:0 with shape (3, 3, 64, 96) and init <function _initializer at 0x7f1cb83ffd70>
INFO:tensorflow:Applied regularizer to mixed_35x35x288a/branch3x3dbl/Conv_1/weights:0 and added the result mixed_35x35x288a/branch3x3dbl/Conv_1/weights/Regularizer/L2Regularizer/value:0 to REGULARIZATION_LOSSES.
INFO:tensorflow:Created variable mixed_35x35x288a/branch3x3dbl/Conv_1/BatchNorm/beta:0 with shape (96,) and init <function zeros_initializer at 0x7f1cbdce0230>
INFO:tensorflow:Created variable mixed_35x35x288a/branch3x3dbl/Conv_1/BatchNorm/moving_mean:0 with shape (96,) and init <function zeros_initializer at 0x7f1cbdce0230>
INFO:tensorflow:Created variable mixed_35x35x288a/branch3x3dbl/Conv_1/BatchNorm/moving_variance:0 with shape (96,) and init <function ones_initializer at 0x7f1cbda1ef50>
INFO:tensorflow:Created variable mixed_35x35x288a/branch3x3dbl/Conv_2/weights:0 with shape (3, 3, 96, 96) and init <function _initializer at 0x7f1cb8614f50>
INFO:tensorflow:Applied regularizer to mixed_35x35x288a/branch3x3dbl/Conv_2/weights:0 and added the result mixed_35x35x288a/branch3x3dbl/Conv_2/weights/Regularizer/L2Regularizer/value:0 to REGULARIZATION_LOSSES.
INFO:tensorflow:Created variable mixed_35x35x288a/branch3x3dbl/Conv_2/BatchNorm/beta:0 with shape (96,) and init <function zeros_initializer at 0x7f1cbdce0230>
INFO:tensorflow:Created variable mixed_35x35x288a/branch3x3dbl/Conv_2/BatchNorm/moving_mean:0 with shape (96,) and init <function zeros_initializer at 0x7f1cbdce0230>
INFO:tensorflow:Created variable mixed_35x35x288a/branch3x3dbl/Conv_2/BatchNorm/moving_variance:0 with shape (96,) and init <function ones_initializer at 0x7f1cbda1ef50>
INFO:tensorflow:Created variable mixed_35x35x288a/branch_pool/Conv/weights:0 with shape (1, 1, 256, 64) and init <function _initializer at 0x7f1cb83ffd70>
INFO:tensorflow:Applied regularizer to mixed_35x35x288a/branch_pool/Conv/weights:0 and added the result mixed_35x35x288a/branch_pool/Conv/weights/Regularizer/L2Regularizer/value:0 to REGULARIZATION_LOSSES.
INFO:tensorflow:Created variable mixed_35x35x288a/branch_pool/Conv/BatchNorm/beta:0 with shape (64,) and init <function zeros_initializer at 0x7f1cbdce0230>
INFO:tensorflow:Created variable mixed_35x35x288a/branch_pool/Conv/BatchNorm/moving_mean:0 with shape (64,) and init <function zeros_initializer at 0x7f1cbdce0230>
INFO:tensorflow:Created variable mixed_35x35x288a/branch_pool/Conv/BatchNorm/moving_variance:0 with shape (64,) and init <function ones_initializer at 0x7f1cbda1ef50>
INFO:tensorflow:Created variable mixed_35x35x288b/branch1x1/Conv/weights:0 with shape (1, 1, 288, 64) and init <function _initializer at 0x7f1cb8614f50>
INFO:tensorflow:Applied regularizer to mixed_35x35x288b/branch1x1/Conv/weights:0 and added the result mixed_35x35x288b/branch1x1/Conv/weights/Regularizer/L2Regularizer/value:0 to REGULARIZATION_LOSSES.
INFO:tensorflow:Created variable mixed_35x35x288b/branch1x1/Conv/BatchNorm/beta:0 with shape (64,) and init <function zeros_initializer at 0x7f1cbdce0230>
INFO:tensorflow:Created variable mixed_35x35x288b/branch1x1/Conv/BatchNorm/moving_mean:0 with shape (64,) and init <function zeros_initializer at 0x7f1cbdce0230>
INFO:tensorflow:Created variable mixed_35x35x288b/branch1x1/Conv/BatchNorm/moving_variance:0 with shape (64,) and init <function ones_initializer at 0x7f1cbda1ef50>
INFO:tensorflow:Created variable mixed_35x35x288b/branch5x5/Conv/weights:0 with shape (1, 1, 288, 48) and init <function _initializer at 0x7f1cb83ffd70>
INFO:tensorflow:Applied regularizer to mixed_35x35x288b/branch5x5/Conv/weights:0 and added the result mixed_35x35x288b/branch5x5/Conv/weights/Regularizer/L2Regularizer/value:0 to REGULARIZATION_LOSSES.
INFO:tensorflow:Created variable mixed_35x35x288b/branch5x5/Conv/BatchNorm/beta:0 with shape (48,) and init <function zeros_initializer at 0x7f1cbdce0230>
INFO:tensorflow:Created variable mixed_35x35x288b/branch5x5/Conv/BatchNorm/moving_mean:0 with shape (48,) and init <function zeros_initializer at 0x7f1cbdce0230>
INFO:tensorflow:Created variable mixed_35x35x288b/branch5x5/Conv/BatchNorm/moving_variance:0 with shape (48,) and init <function ones_initializer at 0x7f1cbda1ef50>
INFO:tensorflow:Created variable mixed_35x35x288b/branch5x5/Conv_1/weights:0 with shape (5, 5, 48, 64) and init <function _initializer at 0x7f1cb8614f50>
INFO:tensorflow:Applied regularizer to mixed_35x35x288b/branch5x5/Conv_1/weights:0 and added the result mixed_35x35x288b/branch5x5/Conv_1/weights/Regularizer/L2Regularizer/value:0 to REGULARIZATION_LOSSES.
INFO:tensorflow:Created variable mixed_35x35x288b/branch5x5/Conv_1/BatchNorm/beta:0 with shape (64,) and init <function zeros_initializer at 0x7f1cbdce0230>
INFO:tensorflow:Created variable mixed_35x35x288b/branch5x5/Conv_1/BatchNorm/moving_mean:0 with shape (64,) and init <function zeros_initializer at 0x7f1cbdce0230>
INFO:tensorflow:Created variable mixed_35x35x288b/branch5x5/Conv_1/BatchNorm/moving_variance:0 with shape (64,) and init <function ones_initializer at 0x7f1cbda1ef50>
INFO:tensorflow:Created variable mixed_35x35x288b/branch3x3dbl/Conv/weights:0 with shape (1, 1, 288, 64) and init <function _initializer at 0x7f1cb83ffd70>
INFO:tensorflow:Applied regularizer to mixed_35x35x288b/branch3x3dbl/Conv/weights:0 and added the result mixed_35x35x288b/branch3x3dbl/Conv/weights/Regularizer/L2Regularizer/value:0 to REGULARIZATION_LOSSES.
INFO:tensorflow:Created variable mixed_35x35x288b/branch3x3dbl/Conv/BatchNorm/beta:0 with shape (64,) and init <function zeros_initializer at 0x7f1cbdce0230>
INFO:tensorflow:Created variable mixed_35x35x288b/branch3x3dbl/Conv/BatchNorm/moving_mean:0 with shape (64,) and init <function zeros_initializer at 0x7f1cbdce0230>
INFO:tensorflow:Created variable mixed_35x35x288b/branch3x3dbl/Conv/BatchNorm/moving_variance:0 with shape (64,) and init <function ones_initializer at 0x7f1cbda1ef50>
INFO:tensorflow:Created variable mixed_35x35x288b/branch3x3dbl/Conv_1/weights:0 with shape (3, 3, 64, 96) and init <function _initializer at 0x7f1cb8614f50>
INFO:tensorflow:Applied regularizer to mixed_35x35x288b/branch3x3dbl/Conv_1/weights:0 and added the result mixed_35x35x288b/branch3x3dbl/Conv_1/weights/Regularizer/L2Regularizer/value:0 to REGULARIZATION_LOSSES.
INFO:tensorflow:Created variable mixed_35x35x288b/branch3x3dbl/Conv_1/BatchNorm/beta:0 with shape (96,) and init <function zeros_initializer at 0x7f1cbdce0230>
INFO:tensorflow:Created variable mixed_35x35x288b/branch3x3dbl/Conv_1/BatchNorm/moving_mean:0 with shape (96,) and init <function zeros_initializer at 0x7f1cbdce0230>
INFO:tensorflow:Created variable mixed_35x35x288b/branch3x3dbl/Conv_1/BatchNorm/moving_variance:0 with shape (96,) and init <function ones_initializer at 0x7f1cbda1ef50>
INFO:tensorflow:Created variable mixed_35x35x288b/branch3x3dbl/Conv_2/weights:0 with shape (3, 3, 96, 96) and init <function _initializer at 0x7f1cb83ffd70>
INFO:tensorflow:Applied regularizer to mixed_35x35x288b/branch3x3dbl/Conv_2/weights:0 and added the result mixed_35x35x288b/branch3x3dbl/Conv_2/weights/Regularizer/L2Regularizer/value:0 to REGULARIZATION_LOSSES.
INFO:tensorflow:Created variable mixed_35x35x288b/branch3x3dbl/Conv_2/BatchNorm/beta:0 with shape (96,) and init <function zeros_initializer at 0x7f1cbdce0230>
INFO:tensorflow:Created variable mixed_35x35x288b/branch3x3dbl/Conv_2/BatchNorm/moving_mean:0 with shape (96,) and init <function zeros_initializer at 0x7f1cbdce0230>
INFO:tensorflow:Created variable mixed_35x35x288b/branch3x3dbl/Conv_2/BatchNorm/moving_variance:0 with shape (96,) and init <function ones_initializer at 0x7f1cbda1ef50>
INFO:tensorflow:Created variable mixed_35x35x288b/branch_pool/Conv/weights:0 with shape (1, 1, 288, 64) and init <function _initializer at 0x7f1cb8614f50>
INFO:tensorflow:Applied regularizer to mixed_35x35x288b/branch_pool/Conv/weights:0 and added the result mixed_35x35x288b/branch_pool/Conv/weights/Regularizer/L2Regularizer/value:0 to REGULARIZATION_LOSSES.
INFO:tensorflow:Created variable mixed_35x35x288b/branch_pool/Conv/BatchNorm/beta:0 with shape (64,) and init <function zeros_initializer at 0x7f1cbdce0230>
INFO:tensorflow:Created variable mixed_35x35x288b/branch_pool/Conv/BatchNorm/moving_mean:0 with shape (64,) and init <function zeros_initializer at 0x7f1cbdce0230>
INFO:tensorflow:Created variable mixed_35x35x288b/branch_pool/Conv/BatchNorm/moving_variance:0 with shape (64,) and init <function ones_initializer at 0x7f1cbda1ef50>
INFO:tensorflow:Created variable mixed_17x17x768a/branch3x3/Conv/weights:0 with shape (3, 3, 288, 384) and init <function _initializer at 0x7f1cb8614f50>
INFO:tensorflow:Applied regularizer to mixed_17x17x768a/branch3x3/Conv/weights:0 and added the result mixed_17x17x768a/branch3x3/Conv/weights/Regularizer/L2Regularizer/value:0 to REGULARIZATION_LOSSES.
INFO:tensorflow:Created variable mixed_17x17x768a/branch3x3/Conv/BatchNorm/beta:0 with shape (384,) and init <function zeros_initializer at 0x7f1cbdce0230>
INFO:tensorflow:Created variable mixed_17x17x768a/branch3x3/Conv/BatchNorm/moving_mean:0 with shape (384,) and init <function zeros_initializer at 0x7f1cbdce0230>
INFO:tensorflow:Created variable mixed_17x17x768a/branch3x3/Conv/BatchNorm/moving_variance:0 with shape (384,) and init <function ones_initializer at 0x7f1cbda1ef50>
INFO:tensorflow:Created variable mixed_17x17x768a/branch3x3dbl/Conv/weights:0 with shape (1, 1, 288, 64) and init <function _initializer at 0x7f1c7c431140>
INFO:tensorflow:Applied regularizer to mixed_17x17x768a/branch3x3dbl/Conv/weights:0 and added the result mixed_17x17x768a/branch3x3dbl/Conv/weights/Regularizer/L2Regularizer/value:0 to REGULARIZATION_LOSSES.
INFO:tensorflow:Created variable mixed_17x17x768a/branch3x3dbl/Conv/BatchNorm/beta:0 with shape (64,) and init <function zeros_initializer at 0x7f1cbdce0230>
INFO:tensorflow:Created variable mixed_17x17x768a/branch3x3dbl/Conv/BatchNorm/moving_mean:0 with shape (64,) and init <function zeros_initializer at 0x7f1cbdce0230>
INFO:tensorflow:Created variable mixed_17x17x768a/branch3x3dbl/Conv/BatchNorm/moving_variance:0 with shape (64,) and init <function ones_initializer at 0x7f1cbda1ef50>
INFO:tensorflow:Created variable mixed_17x17x768a/branch3x3dbl/Conv_1/weights:0 with shape (3, 3, 64, 96) and init <function _initializer at 0x7f1cb8614f50>
INFO:tensorflow:Applied regularizer to mixed_17x17x768a/branch3x3dbl/Conv_1/weights:0 and added the result mixed_17x17x768a/branch3x3dbl/Conv_1/weights/Regularizer/L2Regularizer/value:0 to REGULARIZATION_LOSSES.
INFO:tensorflow:Created variable mixed_17x17x768a/branch3x3dbl/Conv_1/BatchNorm/beta:0 with shape (96,) and init <function zeros_initializer at 0x7f1cbdce0230>
INFO:tensorflow:Created variable mixed_17x17x768a/branch3x3dbl/Conv_1/BatchNorm/moving_mean:0 with shape (96,) and init <function zeros_initializer at 0x7f1cbdce0230>
INFO:tensorflow:Created variable mixed_17x17x768a/branch3x3dbl/Conv_1/BatchNorm/moving_variance:0 with shape (96,) and init <function ones_initializer at 0x7f1cbda1ef50>
INFO:tensorflow:Created variable mixed_17x17x768a/branch3x3dbl/Conv_2/weights:0 with shape (3, 3, 96, 96) and init <function _initializer at 0x7f1c7c431140>
INFO:tensorflow:Applied regularizer to mixed_17x17x768a/branch3x3dbl/Conv_2/weights:0 and added the result mixed_17x17x768a/branch3x3dbl/Conv_2/weights/Regularizer/L2Regularizer/value:0 to REGULARIZATION_LOSSES.
INFO:tensorflow:Created variable mixed_17x17x768a/branch3x3dbl/Conv_2/BatchNorm/beta:0 with shape (96,) and init <function zeros_initializer at 0x7f1cbdce0230>
INFO:tensorflow:Created variable mixed_17x17x768a/branch3x3dbl/Conv_2/BatchNorm/moving_mean:0 with shape (96,) and init <function zeros_initializer at 0x7f1cbdce0230>
INFO:tensorflow:Created variable mixed_17x17x768a/branch3x3dbl/Conv_2/BatchNorm/moving_variance:0 with shape (96,) and init <function ones_initializer at 0x7f1cbda1ef50>
INFO:tensorflow:Created variable mixed_17x17x768b/branch1x1/Conv/weights:0 with shape (1, 1, 768, 192) and init <function _initializer at 0x7f1cb8614f50>
INFO:tensorflow:Applied regularizer to mixed_17x17x768b/branch1x1/Conv/weights:0 and added the result mixed_17x17x768b/branch1x1/Conv/weights/Regularizer/L2Regularizer/value:0 to REGULARIZATION_LOSSES.
INFO:tensorflow:Created variable mixed_17x17x768b/branch1x1/Conv/BatchNorm/beta:0 with shape (192,) and init <function zeros_initializer at 0x7f1cbdce0230>
INFO:tensorflow:Created variable mixed_17x17x768b/branch1x1/Conv/BatchNorm/moving_mean:0 with shape (192,) and init <function zeros_initializer at 0x7f1cbdce0230>
INFO:tensorflow:Created variable mixed_17x17x768b/branch1x1/Conv/BatchNorm/moving_variance:0 with shape (192,) and init <function ones_initializer at 0x7f1cbda1ef50>
INFO:tensorflow:Created variable mixed_17x17x768b/branch7x7/Conv/weights:0 with shape (1, 1, 768, 128) and init <function _initializer at 0x7f1c7c431140>
INFO:tensorflow:Applied regularizer to mixed_17x17x768b/branch7x7/Conv/weights:0 and added the result mixed_17x17x768b/branch7x7/Conv/weights/Regularizer/L2Regularizer/value:0 to REGULARIZATION_LOSSES.
INFO:tensorflow:Created variable mixed_17x17x768b/branch7x7/Conv/BatchNorm/beta:0 with shape (128,) and init <function zeros_initializer at 0x7f1cbdce0230>
INFO:tensorflow:Created variable mixed_17x17x768b/branch7x7/Conv/BatchNorm/moving_mean:0 with shape (128,) and init <function zeros_initializer at 0x7f1cbdce0230>
INFO:tensorflow:Created variable mixed_17x17x768b/branch7x7/Conv/BatchNorm/moving_variance:0 with shape (128,) and init <function ones_initializer at 0x7f1cbda1ef50>
INFO:tensorflow:Created variable mixed_17x17x768b/branch7x7/Conv_1/weights:0 with shape (1, 7, 128, 128) and init <function _initializer at 0x7f1cb8614f50>
INFO:tensorflow:Applied regularizer to mixed_17x17x768b/branch7x7/Conv_1/weights:0 and added the result mixed_17x17x768b/branch7x7/Conv_1/weights/Regularizer/L2Regularizer/value:0 to REGULARIZATION_LOSSES.
INFO:tensorflow:Created variable mixed_17x17x768b/branch7x7/Conv_1/BatchNorm/beta:0 with shape (128,) and init <function zeros_initializer at 0x7f1cbdce0230>
INFO:tensorflow:Created variable mixed_17x17x768b/branch7x7/Conv_1/BatchNorm/moving_mean:0 with shape (128,) and init <function zeros_initializer at 0x7f1cbdce0230>
INFO:tensorflow:Created variable mixed_17x17x768b/branch7x7/Conv_1/BatchNorm/moving_variance:0 with shape (128,) and init <function ones_initializer at 0x7f1cbda1ef50>
INFO:tensorflow:Created variable mixed_17x17x768b/branch7x7/Conv_2/weights:0 with shape (7, 1, 128, 192) and init <function _initializer at 0x7f1c7c431140>
INFO:tensorflow:Applied regularizer to mixed_17x17x768b/branch7x7/Conv_2/weights:0 and added the result mixed_17x17x768b/branch7x7/Conv_2/weights/Regularizer/L2Regularizer/value:0 to REGULARIZATION_LOSSES.
INFO:tensorflow:Created variable mixed_17x17x768b/branch7x7/Conv_2/BatchNorm/beta:0 with shape (192,) and init <function zeros_initializer at 0x7f1cbdce0230>
INFO:tensorflow:Created variable mixed_17x17x768b/branch7x7/Conv_2/BatchNorm/moving_mean:0 with shape (192,) and init <function zeros_initializer at 0x7f1cbdce0230>
INFO:tensorflow:Created variable mixed_17x17x768b/branch7x7/Conv_2/BatchNorm/moving_variance:0 with shape (192,) and init <function ones_initializer at 0x7f1cbda1ef50>
INFO:tensorflow:Created variable mixed_17x17x768b/branch7x7dbl/Conv/weights:0 with shape (1, 1, 768, 128) and init <function _initializer at 0x7f1cb8614f50>
INFO:tensorflow:Applied regularizer to mixed_17x17x768b/branch7x7dbl/Conv/weights:0 and added the result mixed_17x17x768b/branch7x7dbl/Conv/weights/Regularizer/L2Regularizer/value:0 to REGULARIZATION_LOSSES.
INFO:tensorflow:Created variable mixed_17x17x768b/branch7x7dbl/Conv/BatchNorm/beta:0 with shape (128,) and init <function zeros_initializer at 0x7f1cbdce0230>
INFO:tensorflow:Created variable mixed_17x17x768b/branch7x7dbl/Conv/BatchNorm/moving_mean:0 with shape (128,) and init <function zeros_initializer at 0x7f1cbdce0230>
INFO:tensorflow:Created variable mixed_17x17x768b/branch7x7dbl/Conv/BatchNorm/moving_variance:0 with shape (128,) and init <function ones_initializer at 0x7f1cbda1ef50>
INFO:tensorflow:Created variable mixed_17x17x768b/branch7x7dbl/Conv_1/weights:0 with shape (7, 1, 128, 128) and init <function _initializer at 0x7f1c7c431140>
INFO:tensorflow:Applied regularizer to mixed_17x17x768b/branch7x7dbl/Conv_1/weights:0 and added the result mixed_17x17x768b/branch7x7dbl/Conv_1/weights/Regularizer/L2Regularizer/value:0 to REGULARIZATION_LOSSES.
INFO:tensorflow:Created variable mixed_17x17x768b/branch7x7dbl/Conv_1/BatchNorm/beta:0 with shape (128,) and init <function zeros_initializer at 0x7f1cbdce0230>
INFO:tensorflow:Created variable mixed_17x17x768b/branch7x7dbl/Conv_1/BatchNorm/moving_mean:0 with shape (128,) and init <function zeros_initializer at 0x7f1cbdce0230>
INFO:tensorflow:Created variable mixed_17x17x768b/branch7x7dbl/Conv_1/BatchNorm/moving_variance:0 with shape (128,) and init <function ones_initializer at 0x7f1cbda1ef50>
INFO:tensorflow:Created variable mixed_17x17x768b/branch7x7dbl/Conv_2/weights:0 with shape (1, 7, 128, 128) and init <function _initializer at 0x7f1cb8614f50>
INFO:tensorflow:Applied regularizer to mixed_17x17x768b/branch7x7dbl/Conv_2/weights:0 and added the result mixed_17x17x768b/branch7x7dbl/Conv_2/weights/Regularizer/L2Regularizer/value:0 to REGULARIZATION_LOSSES.
INFO:tensorflow:Created variable mixed_17x17x768b/branch7x7dbl/Conv_2/BatchNorm/beta:0 with shape (128,) and init <function zeros_initializer at 0x7f1cbdce0230>
INFO:tensorflow:Created variable mixed_17x17x768b/branch7x7dbl/Conv_2/BatchNorm/moving_mean:0 with shape (128,) and init <function zeros_initializer at 0x7f1cbdce0230>
INFO:tensorflow:Created variable mixed_17x17x768b/branch7x7dbl/Conv_2/BatchNorm/moving_variance:0 with shape (128,) and init <function ones_initializer at 0x7f1cbda1ef50>
INFO:tensorflow:Created variable mixed_17x17x768b/branch7x7dbl/Conv_3/weights:0 with shape (7, 1, 128, 128) and init <function _initializer at 0x7f1c7c431140>
INFO:tensorflow:Applied regularizer to mixed_17x17x768b/branch7x7dbl/Conv_3/weights:0 and added the result mixed_17x17x768b/branch7x7dbl/Conv_3/weights/Regularizer/L2Regularizer/value:0 to REGULARIZATION_LOSSES.
INFO:tensorflow:Created variable mixed_17x17x768b/branch7x7dbl/Conv_3/BatchNorm/beta:0 with shape (128,) and init <function zeros_initializer at 0x7f1cbdce0230>
INFO:tensorflow:Created variable mixed_17x17x768b/branch7x7dbl/Conv_3/BatchNorm/moving_mean:0 with shape (128,) and init <function zeros_initializer at 0x7f1cbdce0230>
INFO:tensorflow:Created variable mixed_17x17x768b/branch7x7dbl/Conv_3/BatchNorm/moving_variance:0 with shape (128,) and init <function ones_initializer at 0x7f1cbda1ef50>
INFO:tensorflow:Created variable mixed_17x17x768b/branch7x7dbl/Conv_4/weights:0 with shape (1, 7, 128, 192) and init <function _initializer at 0x7f1cb8614f50>
INFO:tensorflow:Applied regularizer to mixed_17x17x768b/branch7x7dbl/Conv_4/weights:0 and added the result mixed_17x17x768b/branch7x7dbl/Conv_4/weights/Regularizer/L2Regularizer/value:0 to REGULARIZATION_LOSSES.
INFO:tensorflow:Created variable mixed_17x17x768b/branch7x7dbl/Conv_4/BatchNorm/beta:0 with shape (192,) and init <function zeros_initializer at 0x7f1cbdce0230>
INFO:tensorflow:Created variable mixed_17x17x768b/branch7x7dbl/Conv_4/BatchNorm/moving_mean:0 with shape (192,) and init <function zeros_initializer at 0x7f1cbdce0230>
INFO:tensorflow:Created variable mixed_17x17x768b/branch7x7dbl/Conv_4/BatchNorm/moving_variance:0 with shape (192,) and init <function ones_initializer at 0x7f1cbda1ef50>
INFO:tensorflow:Created variable mixed_17x17x768b/branch_pool/Conv/weights:0 with shape (1, 1, 768, 192) and init <function _initializer at 0x7f1c7c431140>
INFO:tensorflow:Applied regularizer to mixed_17x17x768b/branch_pool/Conv/weights:0 and added the result mixed_17x17x768b/branch_pool/Conv/weights/Regularizer/L2Regularizer/value:0 to REGULARIZATION_LOSSES.
INFO:tensorflow:Created variable mixed_17x17x768b/branch_pool/Conv/BatchNorm/beta:0 with shape (192,) and init <function zeros_initializer at 0x7f1cbdce0230>
INFO:tensorflow:Created variable mixed_17x17x768b/branch_pool/Conv/BatchNorm/moving_mean:0 with shape (192,) and init <function zeros_initializer at 0x7f1cbdce0230>
INFO:tensorflow:Created variable mixed_17x17x768b/branch_pool/Conv/BatchNorm/moving_variance:0 with shape (192,) and init <function ones_initializer at 0x7f1cbda1ef50>
INFO:tensorflow:Created variable mixed_17x17x768c/branch1x1/Conv/weights:0 with shape (1, 1, 768, 192) and init <function _initializer at 0x7f1cb8614f50>
INFO:tensorflow:Applied regularizer to mixed_17x17x768c/branch1x1/Conv/weights:0 and added the result mixed_17x17x768c/branch1x1/Conv/weights/Regularizer/L2Regularizer/value:0 to REGULARIZATION_LOSSES.
INFO:tensorflow:Created variable mixed_17x17x768c/branch1x1/Conv/BatchNorm/beta:0 with shape (192,) and init <function zeros_initializer at 0x7f1cbdce0230>
INFO:tensorflow:Created variable mixed_17x17x768c/branch1x1/Conv/BatchNorm/moving_mean:0 with shape (192,) and init <function zeros_initializer at 0x7f1cbdce0230>
INFO:tensorflow:Created variable mixed_17x17x768c/branch1x1/Conv/BatchNorm/moving_variance:0 with shape (192,) and init <function ones_initializer at 0x7f1cbda1ef50>
INFO:tensorflow:Created variable mixed_17x17x768c/branch7x7/Conv/weights:0 with shape (1, 1, 768, 160) and init <function _initializer at 0x7f1c7c431140>
INFO:tensorflow:Applied regularizer to mixed_17x17x768c/branch7x7/Conv/weights:0 and added the result mixed_17x17x768c/branch7x7/Conv/weights/Regularizer/L2Regularizer/value:0 to REGULARIZATION_LOSSES.
INFO:tensorflow:Created variable mixed_17x17x768c/branch7x7/Conv/BatchNorm/beta:0 with shape (160,) and init <function zeros_initializer at 0x7f1cbdce0230>
INFO:tensorflow:Created variable mixed_17x17x768c/branch7x7/Conv/BatchNorm/moving_mean:0 with shape (160,) and init <function zeros_initializer at 0x7f1cbdce0230>
INFO:tensorflow:Created variable mixed_17x17x768c/branch7x7/Conv/BatchNorm/moving_variance:0 with shape (160,) and init <function ones_initializer at 0x7f1cbda1ef50>
INFO:tensorflow:Created variable mixed_17x17x768c/branch7x7/Conv_1/weights:0 with shape (1, 7, 160, 160) and init <function _initializer at 0x7f1cb8614f50>
INFO:tensorflow:Applied regularizer to mixed_17x17x768c/branch7x7/Conv_1/weights:0 and added the result mixed_17x17x768c/branch7x7/Conv_1/weights/Regularizer/L2Regularizer/value:0 to REGULARIZATION_LOSSES.
INFO:tensorflow:Created variable mixed_17x17x768c/branch7x7/Conv_1/BatchNorm/beta:0 with shape (160,) and init <function zeros_initializer at 0x7f1cbdce0230>
INFO:tensorflow:Created variable mixed_17x17x768c/branch7x7/Conv_1/BatchNorm/moving_mean:0 with shape (160,) and init <function zeros_initializer at 0x7f1cbdce0230>
INFO:tensorflow:Created variable mixed_17x17x768c/branch7x7/Conv_1/BatchNorm/moving_variance:0 with shape (160,) and init <function ones_initializer at 0x7f1cbda1ef50>
INFO:tensorflow:Created variable mixed_17x17x768c/branch7x7/Conv_2/weights:0 with shape (7, 1, 160, 192) and init <function _initializer at 0x7f1c7c431140>
INFO:tensorflow:Applied regularizer to mixed_17x17x768c/branch7x7/Conv_2/weights:0 and added the result mixed_17x17x768c/branch7x7/Conv_2/weights/Regularizer/L2Regularizer/value:0 to REGULARIZATION_LOSSES.
INFO:tensorflow:Created variable mixed_17x17x768c/branch7x7/Conv_2/BatchNorm/beta:0 with shape (192,) and init <function zeros_initializer at 0x7f1cbdce0230>
INFO:tensorflow:Created variable mixed_17x17x768c/branch7x7/Conv_2/BatchNorm/moving_mean:0 with shape (192,) and init <function zeros_initializer at 0x7f1cbdce0230>
INFO:tensorflow:Created variable mixed_17x17x768c/branch7x7/Conv_2/BatchNorm/moving_variance:0 with shape (192,) and init <function ones_initializer at 0x7f1cbda1ef50>
INFO:tensorflow:Created variable mixed_17x17x768c/branch7x7dbl/Conv/weights:0 with shape (1, 1, 768, 160) and init <function _initializer at 0x7f1cb8614f50>
INFO:tensorflow:Applied regularizer to mixed_17x17x768c/branch7x7dbl/Conv/weights:0 and added the result mixed_17x17x768c/branch7x7dbl/Conv/weights/Regularizer/L2Regularizer/value:0 to REGULARIZATION_LOSSES.
INFO:tensorflow:Created variable mixed_17x17x768c/branch7x7dbl/Conv/BatchNorm/beta:0 with shape (160,) and init <function zeros_initializer at 0x7f1cbdce0230>
INFO:tensorflow:Created variable mixed_17x17x768c/branch7x7dbl/Conv/BatchNorm/moving_mean:0 with shape (160,) and init <function zeros_initializer at 0x7f1cbdce0230>
INFO:tensorflow:Created variable mixed_17x17x768c/branch7x7dbl/Conv/BatchNorm/moving_variance:0 with shape (160,) and init <function ones_initializer at 0x7f1cbda1ef50>
INFO:tensorflow:Created variable mixed_17x17x768c/branch7x7dbl/Conv_1/weights:0 with shape (7, 1, 160, 160) and init <function _initializer at 0x7f1c7c431140>
INFO:tensorflow:Applied regularizer to mixed_17x17x768c/branch7x7dbl/Conv_1/weights:0 and added the result mixed_17x17x768c/branch7x7dbl/Conv_1/weights/Regularizer/L2Regularizer/value:0 to REGULARIZATION_LOSSES.
INFO:tensorflow:Created variable mixed_17x17x768c/branch7x7dbl/Conv_1/BatchNorm/beta:0 with shape (160,) and init <function zeros_initializer at 0x7f1cbdce0230>
INFO:tensorflow:Created variable mixed_17x17x768c/branch7x7dbl/Conv_1/BatchNorm/moving_mean:0 with shape (160,) and init <function zeros_initializer at 0x7f1cbdce0230>
INFO:tensorflow:Created variable mixed_17x17x768c/branch7x7dbl/Conv_1/BatchNorm/moving_variance:0 with shape (160,) and init <function ones_initializer at 0x7f1cbda1ef50>
INFO:tensorflow:Created variable mixed_17x17x768c/branch7x7dbl/Conv_2/weights:0 with shape (1, 7, 160, 160) and init <function _initializer at 0x7f1cb8614f50>
INFO:tensorflow:Applied regularizer to mixed_17x17x768c/branch7x7dbl/Conv_2/weights:0 and added the result mixed_17x17x768c/branch7x7dbl/Conv_2/weights/Regularizer/L2Regularizer/value:0 to REGULARIZATION_LOSSES.
INFO:tensorflow:Created variable mixed_17x17x768c/branch7x7dbl/Conv_2/BatchNorm/beta:0 with shape (160,) and init <function zeros_initializer at 0x7f1cbdce0230>
INFO:tensorflow:Created variable mixed_17x17x768c/branch7x7dbl/Conv_2/BatchNorm/moving_mean:0 with shape (160,) and init <function zeros_initializer at 0x7f1cbdce0230>
INFO:tensorflow:Created variable mixed_17x17x768c/branch7x7dbl/Conv_2/BatchNorm/moving_variance:0 with shape (160,) and init <function ones_initializer at 0x7f1cbda1ef50>
INFO:tensorflow:Created variable mixed_17x17x768c/branch7x7dbl/Conv_3/weights:0 with shape (7, 1, 160, 160) and init <function _initializer at 0x7f1c7c431140>
INFO:tensorflow:Applied regularizer to mixed_17x17x768c/branch7x7dbl/Conv_3/weights:0 and added the result mixed_17x17x768c/branch7x7dbl/Conv_3/weights/Regularizer/L2Regularizer/value:0 to REGULARIZATION_LOSSES.
INFO:tensorflow:Created variable mixed_17x17x768c/branch7x7dbl/Conv_3/BatchNorm/beta:0 with shape (160,) and init <function zeros_initializer at 0x7f1cbdce0230>
INFO:tensorflow:Created variable mixed_17x17x768c/branch7x7dbl/Conv_3/BatchNorm/moving_mean:0 with shape (160,) and init <function zeros_initializer at 0x7f1cbdce0230>
INFO:tensorflow:Created variable mixed_17x17x768c/branch7x7dbl/Conv_3/BatchNorm/moving_variance:0 with shape (160,) and init <function ones_initializer at 0x7f1cbda1ef50>
INFO:tensorflow:Created variable mixed_17x17x768c/branch7x7dbl/Conv_4/weights:0 with shape (1, 7, 160, 192) and init <function _initializer at 0x7f1cb8614f50>
INFO:tensorflow:Applied regularizer to mixed_17x17x768c/branch7x7dbl/Conv_4/weights:0 and added the result mixed_17x17x768c/branch7x7dbl/Conv_4/weights/Regularizer/L2Regularizer/value:0 to REGULARIZATION_LOSSES.
INFO:tensorflow:Created variable mixed_17x17x768c/branch7x7dbl/Conv_4/BatchNorm/beta:0 with shape (192,) and init <function zeros_initializer at 0x7f1cbdce0230>
INFO:tensorflow:Created variable mixed_17x17x768c/branch7x7dbl/Conv_4/BatchNorm/moving_mean:0 with shape (192,) and init <function zeros_initializer at 0x7f1cbdce0230>
INFO:tensorflow:Created variable mixed_17x17x768c/branch7x7dbl/Conv_4/BatchNorm/moving_variance:0 with shape (192,) and init <function ones_initializer at 0x7f1cbda1ef50>
INFO:tensorflow:Created variable mixed_17x17x768c/branch_pool/Conv/weights:0 with shape (1, 1, 768, 192) and init <function _initializer at 0x7f1c7c431140>
INFO:tensorflow:Applied regularizer to mixed_17x17x768c/branch_pool/Conv/weights:0 and added the result mixed_17x17x768c/branch_pool/Conv/weights/Regularizer/L2Regularizer/value:0 to REGULARIZATION_LOSSES.
INFO:tensorflow:Created variable mixed_17x17x768c/branch_pool/Conv/BatchNorm/beta:0 with shape (192,) and init <function zeros_initializer at 0x7f1cbdce0230>
INFO:tensorflow:Created variable mixed_17x17x768c/branch_pool/Conv/BatchNorm/moving_mean:0 with shape (192,) and init <function zeros_initializer at 0x7f1cbdce0230>
INFO:tensorflow:Created variable mixed_17x17x768c/branch_pool/Conv/BatchNorm/moving_variance:0 with shape (192,) and init <function ones_initializer at 0x7f1cbda1ef50>
INFO:tensorflow:Created variable mixed_17x17x768d/branch1x1/Conv/weights:0 with shape (1, 1, 768, 192) and init <function _initializer at 0x7f1cb8614f50>
INFO:tensorflow:Applied regularizer to mixed_17x17x768d/branch1x1/Conv/weights:0 and added the result mixed_17x17x768d/branch1x1/Conv/weights/Regularizer/L2Regularizer/value:0 to REGULARIZATION_LOSSES.
INFO:tensorflow:Created variable mixed_17x17x768d/branch1x1/Conv/BatchNorm/beta:0 with shape (192,) and init <function zeros_initializer at 0x7f1cbdce0230>
INFO:tensorflow:Created variable mixed_17x17x768d/branch1x1/Conv/BatchNorm/moving_mean:0 with shape (192,) and init <function zeros_initializer at 0x7f1cbdce0230>
INFO:tensorflow:Created variable mixed_17x17x768d/branch1x1/Conv/BatchNorm/moving_variance:0 with shape (192,) and init <function ones_initializer at 0x7f1cbda1ef50>
INFO:tensorflow:Created variable mixed_17x17x768d/branch7x7/Conv/weights:0 with shape (1, 1, 768, 160) and init <function _initializer at 0x7f1c7c431140>
INFO:tensorflow:Applied regularizer to mixed_17x17x768d/branch7x7/Conv/weights:0 and added the result mixed_17x17x768d/branch7x7/Conv/weights/Regularizer/L2Regularizer/value:0 to REGULARIZATION_LOSSES.
INFO:tensorflow:Created variable mixed_17x17x768d/branch7x7/Conv/BatchNorm/beta:0 with shape (160,) and init <function zeros_initializer at 0x7f1cbdce0230>
INFO:tensorflow:Created variable mixed_17x17x768d/branch7x7/Conv/BatchNorm/moving_mean:0 with shape (160,) and init <function zeros_initializer at 0x7f1cbdce0230>
INFO:tensorflow:Created variable mixed_17x17x768d/branch7x7/Conv/BatchNorm/moving_variance:0 with shape (160,) and init <function ones_initializer at 0x7f1cbda1ef50>
INFO:tensorflow:Created variable mixed_17x17x768d/branch7x7/Conv_1/weights:0 with shape (1, 7, 160, 160) and init <function _initializer at 0x7f1cb8614f50>
INFO:tensorflow:Applied regularizer to mixed_17x17x768d/branch7x7/Conv_1/weights:0 and added the result mixed_17x17x768d/branch7x7/Conv_1/weights/Regularizer/L2Regularizer/value:0 to REGULARIZATION_LOSSES.
INFO:tensorflow:Created variable mixed_17x17x768d/branch7x7/Conv_1/BatchNorm/beta:0 with shape (160,) and init <function zeros_initializer at 0x7f1cbdce0230>
INFO:tensorflow:Created variable mixed_17x17x768d/branch7x7/Conv_1/BatchNorm/moving_mean:0 with shape (160,) and init <function zeros_initializer at 0x7f1cbdce0230>
INFO:tensorflow:Created variable mixed_17x17x768d/branch7x7/Conv_1/BatchNorm/moving_variance:0 with shape (160,) and init <function ones_initializer at 0x7f1cbda1ef50>
INFO:tensorflow:Created variable mixed_17x17x768d/branch7x7/Conv_2/weights:0 with shape (7, 1, 160, 192) and init <function _initializer at 0x7f1c7c431140>
INFO:tensorflow:Applied regularizer to mixed_17x17x768d/branch7x7/Conv_2/weights:0 and added the result mixed_17x17x768d/branch7x7/Conv_2/weights/Regularizer/L2Regularizer/value:0 to REGULARIZATION_LOSSES.
INFO:tensorflow:Created variable mixed_17x17x768d/branch7x7/Conv_2/BatchNorm/beta:0 with shape (192,) and init <function zeros_initializer at 0x7f1cbdce0230>
INFO:tensorflow:Created variable mixed_17x17x768d/branch7x7/Conv_2/BatchNorm/moving_mean:0 with shape (192,) and init <function zeros_initializer at 0x7f1cbdce0230>
INFO:tensorflow:Created variable mixed_17x17x768d/branch7x7/Conv_2/BatchNorm/moving_variance:0 with shape (192,) and init <function ones_initializer at 0x7f1cbda1ef50>
INFO:tensorflow:Created variable mixed_17x17x768d/branch7x7dbl/Conv/weights:0 with shape (1, 1, 768, 160) and init <function _initializer at 0x7f1cb8614f50>
INFO:tensorflow:Applied regularizer to mixed_17x17x768d/branch7x7dbl/Conv/weights:0 and added the result mixed_17x17x768d/branch7x7dbl/Conv/weights/Regularizer/L2Regularizer/value:0 to REGULARIZATION_LOSSES.
INFO:tensorflow:Created variable mixed_17x17x768d/branch7x7dbl/Conv/BatchNorm/beta:0 with shape (160,) and init <function zeros_initializer at 0x7f1cbdce0230>
INFO:tensorflow:Created variable mixed_17x17x768d/branch7x7dbl/Conv/BatchNorm/moving_mean:0 with shape (160,) and init <function zeros_initializer at 0x7f1cbdce0230>
INFO:tensorflow:Created variable mixed_17x17x768d/branch7x7dbl/Conv/BatchNorm/moving_variance:0 with shape (160,) and init <function ones_initializer at 0x7f1cbda1ef50>
INFO:tensorflow:Created variable mixed_17x17x768d/branch7x7dbl/Conv_1/weights:0 with shape (7, 1, 160, 160) and init <function _initializer at 0x7f1c7c431140>
INFO:tensorflow:Applied regularizer to mixed_17x17x768d/branch7x7dbl/Conv_1/weights:0 and added the result mixed_17x17x768d/branch7x7dbl/Conv_1/weights/Regularizer/L2Regularizer/value:0 to REGULARIZATION_LOSSES.
INFO:tensorflow:Created variable mixed_17x17x768d/branch7x7dbl/Conv_1/BatchNorm/beta:0 with shape (160,) and init <function zeros_initializer at 0x7f1cbdce0230>
INFO:tensorflow:Created variable mixed_17x17x768d/branch7x7dbl/Conv_1/BatchNorm/moving_mean:0 with shape (160,) and init <function zeros_initializer at 0x7f1cbdce0230>
INFO:tensorflow:Created variable mixed_17x17x768d/branch7x7dbl/Conv_1/BatchNorm/moving_variance:0 with shape (160,) and init <function ones_initializer at 0x7f1cbda1ef50>
INFO:tensorflow:Created variable mixed_17x17x768d/branch7x7dbl/Conv_2/weights:0 with shape (1, 7, 160, 160) and init <function _initializer at 0x7f1cb8614f50>
INFO:tensorflow:Applied regularizer to mixed_17x17x768d/branch7x7dbl/Conv_2/weights:0 and added the result mixed_17x17x768d/branch7x7dbl/Conv_2/weights/Regularizer/L2Regularizer/value:0 to REGULARIZATION_LOSSES.
INFO:tensorflow:Created variable mixed_17x17x768d/branch7x7dbl/Conv_2/BatchNorm/beta:0 with shape (160,) and init <function zeros_initializer at 0x7f1cbdce0230>
INFO:tensorflow:Created variable mixed_17x17x768d/branch7x7dbl/Conv_2/BatchNorm/moving_mean:0 with shape (160,) and init <function zeros_initializer at 0x7f1cbdce0230>
INFO:tensorflow:Created variable mixed_17x17x768d/branch7x7dbl/Conv_2/BatchNorm/moving_variance:0 with shape (160,) and init <function ones_initializer at 0x7f1cbda1ef50>
INFO:tensorflow:Created variable mixed_17x17x768d/branch7x7dbl/Conv_3/weights:0 with shape (7, 1, 160, 160) and init <function _initializer at 0x7f1c7c431140>
INFO:tensorflow:Applied regularizer to mixed_17x17x768d/branch7x7dbl/Conv_3/weights:0 and added the result mixed_17x17x768d/branch7x7dbl/Conv_3/weights/Regularizer/L2Regularizer/value:0 to REGULARIZATION_LOSSES.
INFO:tensorflow:Created variable mixed_17x17x768d/branch7x7dbl/Conv_3/BatchNorm/beta:0 with shape (160,) and init <function zeros_initializer at 0x7f1cbdce0230>
INFO:tensorflow:Created variable mixed_17x17x768d/branch7x7dbl/Conv_3/BatchNorm/moving_mean:0 with shape (160,) and init <function zeros_initializer at 0x7f1cbdce0230>
INFO:tensorflow:Created variable mixed_17x17x768d/branch7x7dbl/Conv_3/BatchNorm/moving_variance:0 with shape (160,) and init <function ones_initializer at 0x7f1cbda1ef50>
INFO:tensorflow:Created variable mixed_17x17x768d/branch7x7dbl/Conv_4/weights:0 with shape (1, 7, 160, 192) and init <function _initializer at 0x7f1cb8614f50>
INFO:tensorflow:Applied regularizer to mixed_17x17x768d/branch7x7dbl/Conv_4/weights:0 and added the result mixed_17x17x768d/branch7x7dbl/Conv_4/weights/Regularizer/L2Regularizer/value:0 to REGULARIZATION_LOSSES.
INFO:tensorflow:Created variable mixed_17x17x768d/branch7x7dbl/Conv_4/BatchNorm/beta:0 with shape (192,) and init <function zeros_initializer at 0x7f1cbdce0230>
INFO:tensorflow:Created variable mixed_17x17x768d/branch7x7dbl/Conv_4/BatchNorm/moving_mean:0 with shape (192,) and init <function zeros_initializer at 0x7f1cbdce0230>
INFO:tensorflow:Created variable mixed_17x17x768d/branch7x7dbl/Conv_4/BatchNorm/moving_variance:0 with shape (192,) and init <function ones_initializer at 0x7f1cbda1ef50>
INFO:tensorflow:Created variable mixed_17x17x768d/branch_pool/Conv/weights:0 with shape (1, 1, 768, 192) and init <function _initializer at 0x7f1c7c431140>
INFO:tensorflow:Applied regularizer to mixed_17x17x768d/branch_pool/Conv/weights:0 and added the result mixed_17x17x768d/branch_pool/Conv/weights/Regularizer/L2Regularizer/value:0 to REGULARIZATION_LOSSES.
INFO:tensorflow:Created variable mixed_17x17x768d/branch_pool/Conv/BatchNorm/beta:0 with shape (192,) and init <function zeros_initializer at 0x7f1cbdce0230>
INFO:tensorflow:Created variable mixed_17x17x768d/branch_pool/Conv/BatchNorm/moving_mean:0 with shape (192,) and init <function zeros_initializer at 0x7f1cbdce0230>
INFO:tensorflow:Created variable mixed_17x17x768d/branch_pool/Conv/BatchNorm/moving_variance:0 with shape (192,) and init <function ones_initializer at 0x7f1cbda1ef50>
INFO:tensorflow:Created variable mixed_17x17x768e/branch1x1/Conv/weights:0 with shape (1, 1, 768, 192) and init <function _initializer at 0x7f1cb8614f50>
INFO:tensorflow:Applied regularizer to mixed_17x17x768e/branch1x1/Conv/weights:0 and added the result mixed_17x17x768e/branch1x1/Conv/weights/Regularizer/L2Regularizer/value:0 to REGULARIZATION_LOSSES.
INFO:tensorflow:Created variable mixed_17x17x768e/branch1x1/Conv/BatchNorm/beta:0 with shape (192,) and init <function zeros_initializer at 0x7f1cbdce0230>
INFO:tensorflow:Created variable mixed_17x17x768e/branch1x1/Conv/BatchNorm/moving_mean:0 with shape (192,) and init <function zeros_initializer at 0x7f1cbdce0230>
INFO:tensorflow:Created variable mixed_17x17x768e/branch1x1/Conv/BatchNorm/moving_variance:0 with shape (192,) and init <function ones_initializer at 0x7f1cbda1ef50>
INFO:tensorflow:Created variable mixed_17x17x768e/branch7x7/Conv/weights:0 with shape (1, 1, 768, 192) and init <function _initializer at 0x7f1c7c431140>
INFO:tensorflow:Applied regularizer to mixed_17x17x768e/branch7x7/Conv/weights:0 and added the result mixed_17x17x768e/branch7x7/Conv/weights/Regularizer/L2Regularizer/value:0 to REGULARIZATION_LOSSES.
INFO:tensorflow:Created variable mixed_17x17x768e/branch7x7/Conv/BatchNorm/beta:0 with shape (192,) and init <function zeros_initializer at 0x7f1cbdce0230>
INFO:tensorflow:Created variable mixed_17x17x768e/branch7x7/Conv/BatchNorm/moving_mean:0 with shape (192,) and init <function zeros_initializer at 0x7f1cbdce0230>
INFO:tensorflow:Created variable mixed_17x17x768e/branch7x7/Conv/BatchNorm/moving_variance:0 with shape (192,) and init <function ones_initializer at 0x7f1cbda1ef50>
INFO:tensorflow:Created variable mixed_17x17x768e/branch7x7/Conv_1/weights:0 with shape (1, 7, 192, 192) and init <function _initializer at 0x7f1cb8614f50>
INFO:tensorflow:Applied regularizer to mixed_17x17x768e/branch7x7/Conv_1/weights:0 and added the result mixed_17x17x768e/branch7x7/Conv_1/weights/Regularizer/L2Regularizer/value:0 to REGULARIZATION_LOSSES.
INFO:tensorflow:Created variable mixed_17x17x768e/branch7x7/Conv_1/BatchNorm/beta:0 with shape (192,) and init <function zeros_initializer at 0x7f1cbdce0230>
INFO:tensorflow:Created variable mixed_17x17x768e/branch7x7/Conv_1/BatchNorm/moving_mean:0 with shape (192,) and init <function zeros_initializer at 0x7f1cbdce0230>
INFO:tensorflow:Created variable mixed_17x17x768e/branch7x7/Conv_1/BatchNorm/moving_variance:0 with shape (192,) and init <function ones_initializer at 0x7f1cbda1ef50>
INFO:tensorflow:Created variable mixed_17x17x768e/branch7x7/Conv_2/weights:0 with shape (7, 1, 192, 192) and init <function _initializer at 0x7f1c7c431140>
INFO:tensorflow:Applied regularizer to mixed_17x17x768e/branch7x7/Conv_2/weights:0 and added the result mixed_17x17x768e/branch7x7/Conv_2/weights/Regularizer/L2Regularizer/value:0 to REGULARIZATION_LOSSES.
INFO:tensorflow:Created variable mixed_17x17x768e/branch7x7/Conv_2/BatchNorm/beta:0 with shape (192,) and init <function zeros_initializer at 0x7f1cbdce0230>
INFO:tensorflow:Created variable mixed_17x17x768e/branch7x7/Conv_2/BatchNorm/moving_mean:0 with shape (192,) and init <function zeros_initializer at 0x7f1cbdce0230>
INFO:tensorflow:Created variable mixed_17x17x768e/branch7x7/Conv_2/BatchNorm/moving_variance:0 with shape (192,) and init <function ones_initializer at 0x7f1cbda1ef50>
INFO:tensorflow:Created variable mixed_17x17x768e/branch7x7dbl/Conv/weights:0 with shape (1, 1, 768, 192) and init <function _initializer at 0x7f1cb8614f50>
INFO:tensorflow:Applied regularizer to mixed_17x17x768e/branch7x7dbl/Conv/weights:0 and added the result mixed_17x17x768e/branch7x7dbl/Conv/weights/Regularizer/L2Regularizer/value:0 to REGULARIZATION_LOSSES.
INFO:tensorflow:Created variable mixed_17x17x768e/branch7x7dbl/Conv/BatchNorm/beta:0 with shape (192,) and init <function zeros_initializer at 0x7f1cbdce0230>
INFO:tensorflow:Created variable mixed_17x17x768e/branch7x7dbl/Conv/BatchNorm/moving_mean:0 with shape (192,) and init <function zeros_initializer at 0x7f1cbdce0230>
INFO:tensorflow:Created variable mixed_17x17x768e/branch7x7dbl/Conv/BatchNorm/moving_variance:0 with shape (192,) and init <function ones_initializer at 0x7f1cbda1ef50>
INFO:tensorflow:Created variable mixed_17x17x768e/branch7x7dbl/Conv_1/weights:0 with shape (7, 1, 192, 192) and init <function _initializer at 0x7f1c7c431140>
INFO:tensorflow:Applied regularizer to mixed_17x17x768e/branch7x7dbl/Conv_1/weights:0 and added the result mixed_17x17x768e/branch7x7dbl/Conv_1/weights/Regularizer/L2Regularizer/value:0 to REGULARIZATION_LOSSES.
INFO:tensorflow:Created variable mixed_17x17x768e/branch7x7dbl/Conv_1/BatchNorm/beta:0 with shape (192,) and init <function zeros_initializer at 0x7f1cbdce0230>
INFO:tensorflow:Created variable mixed_17x17x768e/branch7x7dbl/Conv_1/BatchNorm/moving_mean:0 with shape (192,) and init <function zeros_initializer at 0x7f1cbdce0230>
INFO:tensorflow:Created variable mixed_17x17x768e/branch7x7dbl/Conv_1/BatchNorm/moving_variance:0 with shape (192,) and init <function ones_initializer at 0x7f1cbda1ef50>
INFO:tensorflow:Created variable mixed_17x17x768e/branch7x7dbl/Conv_2/weights:0 with shape (1, 7, 192, 192) and init <function _initializer at 0x7f1cb8614f50>
INFO:tensorflow:Applied regularizer to mixed_17x17x768e/branch7x7dbl/Conv_2/weights:0 and added the result mixed_17x17x768e/branch7x7dbl/Conv_2/weights/Regularizer/L2Regularizer/value:0 to REGULARIZATION_LOSSES.
INFO:tensorflow:Created variable mixed_17x17x768e/branch7x7dbl/Conv_2/BatchNorm/beta:0 with shape (192,) and init <function zeros_initializer at 0x7f1cbdce0230>
INFO:tensorflow:Created variable mixed_17x17x768e/branch7x7dbl/Conv_2/BatchNorm/moving_mean:0 with shape (192,) and init <function zeros_initializer at 0x7f1cbdce0230>
INFO:tensorflow:Created variable mixed_17x17x768e/branch7x7dbl/Conv_2/BatchNorm/moving_variance:0 with shape (192,) and init <function ones_initializer at 0x7f1cbda1ef50>
INFO:tensorflow:Created variable mixed_17x17x768e/branch7x7dbl/Conv_3/weights:0 with shape (7, 1, 192, 192) and init <function _initializer at 0x7f1c7c431140>
INFO:tensorflow:Applied regularizer to mixed_17x17x768e/branch7x7dbl/Conv_3/weights:0 and added the result mixed_17x17x768e/branch7x7dbl/Conv_3/weights/Regularizer/L2Regularizer/value:0 to REGULARIZATION_LOSSES.
INFO:tensorflow:Created variable mixed_17x17x768e/branch7x7dbl/Conv_3/BatchNorm/beta:0 with shape (192,) and init <function zeros_initializer at 0x7f1cbdce0230>
INFO:tensorflow:Created variable mixed_17x17x768e/branch7x7dbl/Conv_3/BatchNorm/moving_mean:0 with shape (192,) and init <function zeros_initializer at 0x7f1cbdce0230>
INFO:tensorflow:Created variable mixed_17x17x768e/branch7x7dbl/Conv_3/BatchNorm/moving_variance:0 with shape (192,) and init <function ones_initializer at 0x7f1cbda1ef50>
INFO:tensorflow:Created variable mixed_17x17x768e/branch7x7dbl/Conv_4/weights:0 with shape (1, 7, 192, 192) and init <function _initializer at 0x7f1cb8614f50>
INFO:tensorflow:Applied regularizer to mixed_17x17x768e/branch7x7dbl/Conv_4/weights:0 and added the result mixed_17x17x768e/branch7x7dbl/Conv_4/weights/Regularizer/L2Regularizer/value:0 to REGULARIZATION_LOSSES.
INFO:tensorflow:Created variable mixed_17x17x768e/branch7x7dbl/Conv_4/BatchNorm/beta:0 with shape (192,) and init <function zeros_initializer at 0x7f1cbdce0230>
INFO:tensorflow:Created variable mixed_17x17x768e/branch7x7dbl/Conv_4/BatchNorm/moving_mean:0 with shape (192,) and init <function zeros_initializer at 0x7f1cbdce0230>
INFO:tensorflow:Created variable mixed_17x17x768e/branch7x7dbl/Conv_4/BatchNorm/moving_variance:0 with shape (192,) and init <function ones_initializer at 0x7f1cbda1ef50>
INFO:tensorflow:Created variable mixed_17x17x768e/branch_pool/Conv/weights:0 with shape (1, 1, 768, 192) and init <function _initializer at 0x7f1c7c431140>
INFO:tensorflow:Applied regularizer to mixed_17x17x768e/branch_pool/Conv/weights:0 and added the result mixed_17x17x768e/branch_pool/Conv/weights/Regularizer/L2Regularizer/value:0 to REGULARIZATION_LOSSES.
INFO:tensorflow:Created variable mixed_17x17x768e/branch_pool/Conv/BatchNorm/beta:0 with shape (192,) and init <function zeros_initializer at 0x7f1cbdce0230>
INFO:tensorflow:Created variable mixed_17x17x768e/branch_pool/Conv/BatchNorm/moving_mean:0 with shape (192,) and init <function zeros_initializer at 0x7f1cbdce0230>
INFO:tensorflow:Created variable mixed_17x17x768e/branch_pool/Conv/BatchNorm/moving_variance:0 with shape (192,) and init <function ones_initializer at 0x7f1cbda1ef50>
INFO:tensorflow:Created variable aux_logits/proj/weights:0 with shape (1, 1, 768, 128) and init <function _initializer at 0x7f1cb8614f50>
INFO:tensorflow:Applied regularizer to aux_logits/proj/weights:0 and added the result aux_logits/proj/weights/Regularizer/L2Regularizer/value:0 to REGULARIZATION_LOSSES.
INFO:tensorflow:Created variable aux_logits/proj/BatchNorm/beta:0 with shape (128,) and init <function zeros_initializer at 0x7f1cbdce0230>
INFO:tensorflow:Created variable aux_logits/proj/BatchNorm/moving_mean:0 with shape (128,) and init <function zeros_initializer at 0x7f1cbdce0230>
INFO:tensorflow:Created variable aux_logits/proj/BatchNorm/moving_variance:0 with shape (128,) and init <function ones_initializer at 0x7f1cbda1ef50>
INFO:tensorflow:Created variable aux_logits/Conv/weights:0 with shape (4, 4, 128, 768) and init <function _initializer at 0x7f1c7c431140>
INFO:tensorflow:Applied regularizer to aux_logits/Conv/weights:0 and added the result aux_logits/Conv/weights/Regularizer/L2Regularizer/value:0 to REGULARIZATION_LOSSES.
INFO:tensorflow:Created variable aux_logits/Conv/BatchNorm/beta:0 with shape (768,) and init <function zeros_initializer at 0x7f1cbdce0230>
INFO:tensorflow:Created variable aux_logits/Conv/BatchNorm/moving_mean:0 with shape (768,) and init <function zeros_initializer at 0x7f1cbdce0230>
INFO:tensorflow:Created variable aux_logits/Conv/BatchNorm/moving_variance:0 with shape (768,) and init <function ones_initializer at 0x7f1cbda1ef50>
INFO:tensorflow:Created variable aux_logits/FC/weights:0 with shape (768, 9) and init <function _initializer at 0x7f1cb8614f50>
INFO:tensorflow:Applied regularizer to aux_logits/FC/weights:0 and added the result aux_logits/FC/weights/Regularizer/L2Regularizer/value:0 to REGULARIZATION_LOSSES.
INFO:tensorflow:Created variable aux_logits/FC/biases:0 with shape (9,) and init <function _initializer at 0x7f1c480a3488>
INFO:tensorflow:Created variable mixed_17x17x1280a/branch3x3/Conv/weights:0 with shape (1, 1, 768, 192) and init <function _initializer at 0x7f1c480a3488>
INFO:tensorflow:Applied regularizer to mixed_17x17x1280a/branch3x3/Conv/weights:0 and added the result mixed_17x17x1280a/branch3x3/Conv/weights/Regularizer/L2Regularizer/value:0 to REGULARIZATION_LOSSES.
INFO:tensorflow:Created variable mixed_17x17x1280a/branch3x3/Conv/BatchNorm/beta:0 with shape (192,) and init <function zeros_initializer at 0x7f1cbdce0230>
INFO:tensorflow:Created variable mixed_17x17x1280a/branch3x3/Conv/BatchNorm/moving_mean:0 with shape (192,) and init <function zeros_initializer at 0x7f1cbdce0230>
INFO:tensorflow:Created variable mixed_17x17x1280a/branch3x3/Conv/BatchNorm/moving_variance:0 with shape (192,) and init <function ones_initializer at 0x7f1cbda1ef50>
INFO:tensorflow:Created variable mixed_17x17x1280a/branch3x3/Conv_1/weights:0 with shape (3, 3, 192, 320) and init <function _initializer at 0x7f1c7c431140>
INFO:tensorflow:Applied regularizer to mixed_17x17x1280a/branch3x3/Conv_1/weights:0 and added the result mixed_17x17x1280a/branch3x3/Conv_1/weights/Regularizer/L2Regularizer/value:0 to REGULARIZATION_LOSSES.
INFO:tensorflow:Created variable mixed_17x17x1280a/branch3x3/Conv_1/BatchNorm/beta:0 with shape (320,) and init <function zeros_initializer at 0x7f1cbdce0230>
INFO:tensorflow:Created variable mixed_17x17x1280a/branch3x3/Conv_1/BatchNorm/moving_mean:0 with shape (320,) and init <function zeros_initializer at 0x7f1cbdce0230>
INFO:tensorflow:Created variable mixed_17x17x1280a/branch3x3/Conv_1/BatchNorm/moving_variance:0 with shape (320,) and init <function ones_initializer at 0x7f1cbda1ef50>
INFO:tensorflow:Created variable mixed_17x17x1280a/branch7x7x3/Conv/weights:0 with shape (1, 1, 768, 192) and init <function _initializer at 0x7f1c480a3488>
INFO:tensorflow:Applied regularizer to mixed_17x17x1280a/branch7x7x3/Conv/weights:0 and added the result mixed_17x17x1280a/branch7x7x3/Conv/weights/Regularizer/L2Regularizer/value:0 to REGULARIZATION_LOSSES.
INFO:tensorflow:Created variable mixed_17x17x1280a/branch7x7x3/Conv/BatchNorm/beta:0 with shape (192,) and init <function zeros_initializer at 0x7f1cbdce0230>
INFO:tensorflow:Created variable mixed_17x17x1280a/branch7x7x3/Conv/BatchNorm/moving_mean:0 with shape (192,) and init <function zeros_initializer at 0x7f1cbdce0230>
INFO:tensorflow:Created variable mixed_17x17x1280a/branch7x7x3/Conv/BatchNorm/moving_variance:0 with shape (192,) and init <function ones_initializer at 0x7f1cbda1ef50>
INFO:tensorflow:Created variable mixed_17x17x1280a/branch7x7x3/Conv_1/weights:0 with shape (1, 7, 192, 192) and init <function _initializer at 0x7f1c7c431140>
INFO:tensorflow:Applied regularizer to mixed_17x17x1280a/branch7x7x3/Conv_1/weights:0 and added the result mixed_17x17x1280a/branch7x7x3/Conv_1/weights/Regularizer/L2Regularizer/value:0 to REGULARIZATION_LOSSES.
INFO:tensorflow:Created variable mixed_17x17x1280a/branch7x7x3/Conv_1/BatchNorm/beta:0 with shape (192,) and init <function zeros_initializer at 0x7f1cbdce0230>
INFO:tensorflow:Created variable mixed_17x17x1280a/branch7x7x3/Conv_1/BatchNorm/moving_mean:0 with shape (192,) and init <function zeros_initializer at 0x7f1cbdce0230>
INFO:tensorflow:Created variable mixed_17x17x1280a/branch7x7x3/Conv_1/BatchNorm/moving_variance:0 with shape (192,) and init <function ones_initializer at 0x7f1cbda1ef50>
INFO:tensorflow:Created variable mixed_17x17x1280a/branch7x7x3/Conv_2/weights:0 with shape (7, 1, 192, 192) and init <function _initializer at 0x7f1c480a3488>
INFO:tensorflow:Applied regularizer to mixed_17x17x1280a/branch7x7x3/Conv_2/weights:0 and added the result mixed_17x17x1280a/branch7x7x3/Conv_2/weights/Regularizer/L2Regularizer/value:0 to REGULARIZATION_LOSSES.
INFO:tensorflow:Created variable mixed_17x17x1280a/branch7x7x3/Conv_2/BatchNorm/beta:0 with shape (192,) and init <function zeros_initializer at 0x7f1cbdce0230>
INFO:tensorflow:Created variable mixed_17x17x1280a/branch7x7x3/Conv_2/BatchNorm/moving_mean:0 with shape (192,) and init <function zeros_initializer at 0x7f1cbdce0230>
INFO:tensorflow:Created variable mixed_17x17x1280a/branch7x7x3/Conv_2/BatchNorm/moving_variance:0 with shape (192,) and init <function ones_initializer at 0x7f1cbda1ef50>
INFO:tensorflow:Created variable mixed_17x17x1280a/branch7x7x3/Conv_3/weights:0 with shape (3, 3, 192, 192) and init <function _initializer at 0x7f1c7c431140>
INFO:tensorflow:Applied regularizer to mixed_17x17x1280a/branch7x7x3/Conv_3/weights:0 and added the result mixed_17x17x1280a/branch7x7x3/Conv_3/weights/Regularizer/L2Regularizer/value:0 to REGULARIZATION_LOSSES.
INFO:tensorflow:Created variable mixed_17x17x1280a/branch7x7x3/Conv_3/BatchNorm/beta:0 with shape (192,) and init <function zeros_initializer at 0x7f1cbdce0230>
INFO:tensorflow:Created variable mixed_17x17x1280a/branch7x7x3/Conv_3/BatchNorm/moving_mean:0 with shape (192,) and init <function zeros_initializer at 0x7f1cbdce0230>
INFO:tensorflow:Created variable mixed_17x17x1280a/branch7x7x3/Conv_3/BatchNorm/moving_variance:0 with shape (192,) and init <function ones_initializer at 0x7f1cbda1ef50>
INFO:tensorflow:Created variable mixed_8x8x2048a/branch1x1/Conv/weights:0 with shape (1, 1, 1280, 320) and init <function _initializer at 0x7f1c480a3488>
INFO:tensorflow:Applied regularizer to mixed_8x8x2048a/branch1x1/Conv/weights:0 and added the result mixed_8x8x2048a/branch1x1/Conv/weights/Regularizer/L2Regularizer/value:0 to REGULARIZATION_LOSSES.
INFO:tensorflow:Created variable mixed_8x8x2048a/branch1x1/Conv/BatchNorm/beta:0 with shape (320,) and init <function zeros_initializer at 0x7f1cbdce0230>
INFO:tensorflow:Created variable mixed_8x8x2048a/branch1x1/Conv/BatchNorm/moving_mean:0 with shape (320,) and init <function zeros_initializer at 0x7f1cbdce0230>
INFO:tensorflow:Created variable mixed_8x8x2048a/branch1x1/Conv/BatchNorm/moving_variance:0 with shape (320,) and init <function ones_initializer at 0x7f1cbda1ef50>
INFO:tensorflow:Created variable mixed_8x8x2048a/branch3x3/Conv/weights:0 with shape (1, 1, 1280, 384) and init <function _initializer at 0x7f1c7c431140>
INFO:tensorflow:Applied regularizer to mixed_8x8x2048a/branch3x3/Conv/weights:0 and added the result mixed_8x8x2048a/branch3x3/Conv/weights/Regularizer/L2Regularizer/value:0 to REGULARIZATION_LOSSES.
INFO:tensorflow:Created variable mixed_8x8x2048a/branch3x3/Conv/BatchNorm/beta:0 with shape (384,) and init <function zeros_initializer at 0x7f1cbdce0230>
INFO:tensorflow:Created variable mixed_8x8x2048a/branch3x3/Conv/BatchNorm/moving_mean:0 with shape (384,) and init <function zeros_initializer at 0x7f1cbdce0230>
INFO:tensorflow:Created variable mixed_8x8x2048a/branch3x3/Conv/BatchNorm/moving_variance:0 with shape (384,) and init <function ones_initializer at 0x7f1cbda1ef50>
INFO:tensorflow:Created variable mixed_8x8x2048a/branch3x3/Conv_1/weights:0 with shape (1, 3, 384, 384) and init <function _initializer at 0x7f1c480a3488>
INFO:tensorflow:Applied regularizer to mixed_8x8x2048a/branch3x3/Conv_1/weights:0 and added the result mixed_8x8x2048a/branch3x3/Conv_1/weights/Regularizer/L2Regularizer/value:0 to REGULARIZATION_LOSSES.
INFO:tensorflow:Created variable mixed_8x8x2048a/branch3x3/Conv_1/BatchNorm/beta:0 with shape (384,) and init <function zeros_initializer at 0x7f1cbdce0230>
INFO:tensorflow:Created variable mixed_8x8x2048a/branch3x3/Conv_1/BatchNorm/moving_mean:0 with shape (384,) and init <function zeros_initializer at 0x7f1cbdce0230>
INFO:tensorflow:Created variable mixed_8x8x2048a/branch3x3/Conv_1/BatchNorm/moving_variance:0 with shape (384,) and init <function ones_initializer at 0x7f1cbda1ef50>
INFO:tensorflow:Created variable mixed_8x8x2048a/branch3x3/Conv_2/weights:0 with shape (3, 1, 384, 384) and init <function _initializer at 0x7f1c7c431140>
INFO:tensorflow:Applied regularizer to mixed_8x8x2048a/branch3x3/Conv_2/weights:0 and added the result mixed_8x8x2048a/branch3x3/Conv_2/weights/Regularizer/L2Regularizer/value:0 to REGULARIZATION_LOSSES.
INFO:tensorflow:Created variable mixed_8x8x2048a/branch3x3/Conv_2/BatchNorm/beta:0 with shape (384,) and init <function zeros_initializer at 0x7f1cbdce0230>
INFO:tensorflow:Created variable mixed_8x8x2048a/branch3x3/Conv_2/BatchNorm/moving_mean:0 with shape (384,) and init <function zeros_initializer at 0x7f1cbdce0230>
INFO:tensorflow:Created variable mixed_8x8x2048a/branch3x3/Conv_2/BatchNorm/moving_variance:0 with shape (384,) and init <function ones_initializer at 0x7f1cbda1ef50>
INFO:tensorflow:Created variable mixed_8x8x2048a/branch3x3dbl/Conv/weights:0 with shape (1, 1, 1280, 448) and init <function _initializer at 0x7f1c480a3488>
INFO:tensorflow:Applied regularizer to mixed_8x8x2048a/branch3x3dbl/Conv/weights:0 and added the result mixed_8x8x2048a/branch3x3dbl/Conv/weights/Regularizer/L2Regularizer/value:0 to REGULARIZATION_LOSSES.
INFO:tensorflow:Created variable mixed_8x8x2048a/branch3x3dbl/Conv/BatchNorm/beta:0 with shape (448,) and init <function zeros_initializer at 0x7f1cbdce0230>
INFO:tensorflow:Created variable mixed_8x8x2048a/branch3x3dbl/Conv/BatchNorm/moving_mean:0 with shape (448,) and init <function zeros_initializer at 0x7f1cbdce0230>
INFO:tensorflow:Created variable mixed_8x8x2048a/branch3x3dbl/Conv/BatchNorm/moving_variance:0 with shape (448,) and init <function ones_initializer at 0x7f1cbda1ef50>
INFO:tensorflow:Created variable mixed_8x8x2048a/branch3x3dbl/Conv_1/weights:0 with shape (3, 3, 448, 384) and init <function _initializer at 0x7f1c7c431140>
INFO:tensorflow:Applied regularizer to mixed_8x8x2048a/branch3x3dbl/Conv_1/weights:0 and added the result mixed_8x8x2048a/branch3x3dbl/Conv_1/weights/Regularizer/L2Regularizer/value:0 to REGULARIZATION_LOSSES.
INFO:tensorflow:Created variable mixed_8x8x2048a/branch3x3dbl/Conv_1/BatchNorm/beta:0 with shape (384,) and init <function zeros_initializer at 0x7f1cbdce0230>
INFO:tensorflow:Created variable mixed_8x8x2048a/branch3x3dbl/Conv_1/BatchNorm/moving_mean:0 with shape (384,) and init <function zeros_initializer at 0x7f1cbdce0230>
INFO:tensorflow:Created variable mixed_8x8x2048a/branch3x3dbl/Conv_1/BatchNorm/moving_variance:0 with shape (384,) and init <function ones_initializer at 0x7f1cbda1ef50>
INFO:tensorflow:Created variable mixed_8x8x2048a/branch3x3dbl/Conv_2/weights:0 with shape (1, 3, 384, 384) and init <function _initializer at 0x7f1c480a3488>
INFO:tensorflow:Applied regularizer to mixed_8x8x2048a/branch3x3dbl/Conv_2/weights:0 and added the result mixed_8x8x2048a/branch3x3dbl/Conv_2/weights/Regularizer/L2Regularizer/value:0 to REGULARIZATION_LOSSES.
INFO:tensorflow:Created variable mixed_8x8x2048a/branch3x3dbl/Conv_2/BatchNorm/beta:0 with shape (384,) and init <function zeros_initializer at 0x7f1cbdce0230>
INFO:tensorflow:Created variable mixed_8x8x2048a/branch3x3dbl/Conv_2/BatchNorm/moving_mean:0 with shape (384,) and init <function zeros_initializer at 0x7f1cbdce0230>
INFO:tensorflow:Created variable mixed_8x8x2048a/branch3x3dbl/Conv_2/BatchNorm/moving_variance:0 with shape (384,) and init <function ones_initializer at 0x7f1cbda1ef50>
INFO:tensorflow:Created variable mixed_8x8x2048a/branch3x3dbl/Conv_3/weights:0 with shape (3, 1, 384, 384) and init <function _initializer at 0x7f1c7c431140>
INFO:tensorflow:Applied regularizer to mixed_8x8x2048a/branch3x3dbl/Conv_3/weights:0 and added the result mixed_8x8x2048a/branch3x3dbl/Conv_3/weights/Regularizer/L2Regularizer/value:0 to REGULARIZATION_LOSSES.
INFO:tensorflow:Created variable mixed_8x8x2048a/branch3x3dbl/Conv_3/BatchNorm/beta:0 with shape (384,) and init <function zeros_initializer at 0x7f1cbdce0230>
INFO:tensorflow:Created variable mixed_8x8x2048a/branch3x3dbl/Conv_3/BatchNorm/moving_mean:0 with shape (384,) and init <function zeros_initializer at 0x7f1cbdce0230>
INFO:tensorflow:Created variable mixed_8x8x2048a/branch3x3dbl/Conv_3/BatchNorm/moving_variance:0 with shape (384,) and init <function ones_initializer at 0x7f1cbda1ef50>
INFO:tensorflow:Created variable mixed_8x8x2048a/branch_pool/Conv/weights:0 with shape (1, 1, 1280, 192) and init <function _initializer at 0x7f1c480a3488>
INFO:tensorflow:Applied regularizer to mixed_8x8x2048a/branch_pool/Conv/weights:0 and added the result mixed_8x8x2048a/branch_pool/Conv/weights/Regularizer/L2Regularizer/value:0 to REGULARIZATION_LOSSES.
INFO:tensorflow:Created variable mixed_8x8x2048a/branch_pool/Conv/BatchNorm/beta:0 with shape (192,) and init <function zeros_initializer at 0x7f1cbdce0230>
INFO:tensorflow:Created variable mixed_8x8x2048a/branch_pool/Conv/BatchNorm/moving_mean:0 with shape (192,) and init <function zeros_initializer at 0x7f1cbdce0230>
INFO:tensorflow:Created variable mixed_8x8x2048a/branch_pool/Conv/BatchNorm/moving_variance:0 with shape (192,) and init <function ones_initializer at 0x7f1cbda1ef50>
INFO:tensorflow:Created variable mixed_8x8x2048b/branch1x1/Conv/weights:0 with shape (1, 1, 2048, 320) and init <function _initializer at 0x7f1c7c431140>
INFO:tensorflow:Applied regularizer to mixed_8x8x2048b/branch1x1/Conv/weights:0 and added the result mixed_8x8x2048b/branch1x1/Conv/weights/Regularizer/L2Regularizer/value:0 to REGULARIZATION_LOSSES.
INFO:tensorflow:Created variable mixed_8x8x2048b/branch1x1/Conv/BatchNorm/beta:0 with shape (320,) and init <function zeros_initializer at 0x7f1cbdce0230>
INFO:tensorflow:Created variable mixed_8x8x2048b/branch1x1/Conv/BatchNorm/moving_mean:0 with shape (320,) and init <function zeros_initializer at 0x7f1cbdce0230>
INFO:tensorflow:Created variable mixed_8x8x2048b/branch1x1/Conv/BatchNorm/moving_variance:0 with shape (320,) and init <function ones_initializer at 0x7f1cbda1ef50>
INFO:tensorflow:Created variable mixed_8x8x2048b/branch3x3/Conv/weights:0 with shape (1, 1, 2048, 384) and init <function _initializer at 0x7f1c480a3488>
INFO:tensorflow:Applied regularizer to mixed_8x8x2048b/branch3x3/Conv/weights:0 and added the result mixed_8x8x2048b/branch3x3/Conv/weights/Regularizer/L2Regularizer/value:0 to REGULARIZATION_LOSSES.
INFO:tensorflow:Created variable mixed_8x8x2048b/branch3x3/Conv/BatchNorm/beta:0 with shape (384,) and init <function zeros_initializer at 0x7f1cbdce0230>
INFO:tensorflow:Created variable mixed_8x8x2048b/branch3x3/Conv/BatchNorm/moving_mean:0 with shape (384,) and init <function zeros_initializer at 0x7f1cbdce0230>
INFO:tensorflow:Created variable mixed_8x8x2048b/branch3x3/Conv/BatchNorm/moving_variance:0 with shape (384,) and init <function ones_initializer at 0x7f1cbda1ef50>
INFO:tensorflow:Created variable mixed_8x8x2048b/branch3x3/Conv_1/weights:0 with shape (1, 3, 384, 384) and init <function _initializer at 0x7f1c7c431140>
INFO:tensorflow:Applied regularizer to mixed_8x8x2048b/branch3x3/Conv_1/weights:0 and added the result mixed_8x8x2048b/branch3x3/Conv_1/weights/Regularizer/L2Regularizer/value:0 to REGULARIZATION_LOSSES.
INFO:tensorflow:Created variable mixed_8x8x2048b/branch3x3/Conv_1/BatchNorm/beta:0 with shape (384,) and init <function zeros_initializer at 0x7f1cbdce0230>
INFO:tensorflow:Created variable mixed_8x8x2048b/branch3x3/Conv_1/BatchNorm/moving_mean:0 with shape (384,) and init <function zeros_initializer at 0x7f1cbdce0230>
INFO:tensorflow:Created variable mixed_8x8x2048b/branch3x3/Conv_1/BatchNorm/moving_variance:0 with shape (384,) and init <function ones_initializer at 0x7f1cbda1ef50>
INFO:tensorflow:Created variable mixed_8x8x2048b/branch3x3/Conv_2/weights:0 with shape (3, 1, 384, 384) and init <function _initializer at 0x7f1c480a3488>
INFO:tensorflow:Applied regularizer to mixed_8x8x2048b/branch3x3/Conv_2/weights:0 and added the result mixed_8x8x2048b/branch3x3/Conv_2/weights/Regularizer/L2Regularizer/value:0 to REGULARIZATION_LOSSES.
INFO:tensorflow:Created variable mixed_8x8x2048b/branch3x3/Conv_2/BatchNorm/beta:0 with shape (384,) and init <function zeros_initializer at 0x7f1cbdce0230>
INFO:tensorflow:Created variable mixed_8x8x2048b/branch3x3/Conv_2/BatchNorm/moving_mean:0 with shape (384,) and init <function zeros_initializer at 0x7f1cbdce0230>
INFO:tensorflow:Created variable mixed_8x8x2048b/branch3x3/Conv_2/BatchNorm/moving_variance:0 with shape (384,) and init <function ones_initializer at 0x7f1cbda1ef50>
INFO:tensorflow:Created variable mixed_8x8x2048b/branch3x3dbl/Conv/weights:0 with shape (1, 1, 2048, 448) and init <function _initializer at 0x7f1c7c431140>
INFO:tensorflow:Applied regularizer to mixed_8x8x2048b/branch3x3dbl/Conv/weights:0 and added the result mixed_8x8x2048b/branch3x3dbl/Conv/weights/Regularizer/L2Regularizer/value:0 to REGULARIZATION_LOSSES.
INFO:tensorflow:Created variable mixed_8x8x2048b/branch3x3dbl/Conv/BatchNorm/beta:0 with shape (448,) and init <function zeros_initializer at 0x7f1cbdce0230>
INFO:tensorflow:Created variable mixed_8x8x2048b/branch3x3dbl/Conv/BatchNorm/moving_mean:0 with shape (448,) and init <function zeros_initializer at 0x7f1cbdce0230>
INFO:tensorflow:Created variable mixed_8x8x2048b/branch3x3dbl/Conv/BatchNorm/moving_variance:0 with shape (448,) and init <function ones_initializer at 0x7f1cbda1ef50>
INFO:tensorflow:Created variable mixed_8x8x2048b/branch3x3dbl/Conv_1/weights:0 with shape (3, 3, 448, 384) and init <function _initializer at 0x7f1c480a3488>
INFO:tensorflow:Applied regularizer to mixed_8x8x2048b/branch3x3dbl/Conv_1/weights:0 and added the result mixed_8x8x2048b/branch3x3dbl/Conv_1/weights/Regularizer/L2Regularizer/value:0 to REGULARIZATION_LOSSES.
INFO:tensorflow:Created variable mixed_8x8x2048b/branch3x3dbl/Conv_1/BatchNorm/beta:0 with shape (384,) and init <function zeros_initializer at 0x7f1cbdce0230>
INFO:tensorflow:Created variable mixed_8x8x2048b/branch3x3dbl/Conv_1/BatchNorm/moving_mean:0 with shape (384,) and init <function zeros_initializer at 0x7f1cbdce0230>
INFO:tensorflow:Created variable mixed_8x8x2048b/branch3x3dbl/Conv_1/BatchNorm/moving_variance:0 with shape (384,) and init <function ones_initializer at 0x7f1cbda1ef50>
INFO:tensorflow:Created variable mixed_8x8x2048b/branch3x3dbl/Conv_2/weights:0 with shape (1, 3, 384, 384) and init <function _initializer at 0x7f1c7c431140>
INFO:tensorflow:Applied regularizer to mixed_8x8x2048b/branch3x3dbl/Conv_2/weights:0 and added the result mixed_8x8x2048b/branch3x3dbl/Conv_2/weights/Regularizer/L2Regularizer/value:0 to REGULARIZATION_LOSSES.
INFO:tensorflow:Created variable mixed_8x8x2048b/branch3x3dbl/Conv_2/BatchNorm/beta:0 with shape (384,) and init <function zeros_initializer at 0x7f1cbdce0230>
INFO:tensorflow:Created variable mixed_8x8x2048b/branch3x3dbl/Conv_2/BatchNorm/moving_mean:0 with shape (384,) and init <function zeros_initializer at 0x7f1cbdce0230>
INFO:tensorflow:Created variable mixed_8x8x2048b/branch3x3dbl/Conv_2/BatchNorm/moving_variance:0 with shape (384,) and init <function ones_initializer at 0x7f1cbda1ef50>
INFO:tensorflow:Created variable mixed_8x8x2048b/branch3x3dbl/Conv_3/weights:0 with shape (3, 1, 384, 384) and init <function _initializer at 0x7f1c480a3488>
INFO:tensorflow:Applied regularizer to mixed_8x8x2048b/branch3x3dbl/Conv_3/weights:0 and added the result mixed_8x8x2048b/branch3x3dbl/Conv_3/weights/Regularizer/L2Regularizer/value:0 to REGULARIZATION_LOSSES.
INFO:tensorflow:Created variable mixed_8x8x2048b/branch3x3dbl/Conv_3/BatchNorm/beta:0 with shape (384,) and init <function zeros_initializer at 0x7f1cbdce0230>
INFO:tensorflow:Created variable mixed_8x8x2048b/branch3x3dbl/Conv_3/BatchNorm/moving_mean:0 with shape (384,) and init <function zeros_initializer at 0x7f1cbdce0230>
INFO:tensorflow:Created variable mixed_8x8x2048b/branch3x3dbl/Conv_3/BatchNorm/moving_variance:0 with shape (384,) and init <function ones_initializer at 0x7f1cbda1ef50>
INFO:tensorflow:Created variable mixed_8x8x2048b/branch_pool/Conv/weights:0 with shape (1, 1, 2048, 192) and init <function _initializer at 0x7f1c7c431140>
INFO:tensorflow:Applied regularizer to mixed_8x8x2048b/branch_pool/Conv/weights:0 and added the result mixed_8x8x2048b/branch_pool/Conv/weights/Regularizer/L2Regularizer/value:0 to REGULARIZATION_LOSSES.
INFO:tensorflow:Created variable mixed_8x8x2048b/branch_pool/Conv/BatchNorm/beta:0 with shape (192,) and init <function zeros_initializer at 0x7f1cbdce0230>
INFO:tensorflow:Created variable mixed_8x8x2048b/branch_pool/Conv/BatchNorm/moving_mean:0 with shape (192,) and init <function zeros_initializer at 0x7f1cbdce0230>
INFO:tensorflow:Created variable mixed_8x8x2048b/branch_pool/Conv/BatchNorm/moving_variance:0 with shape (192,) and init <function ones_initializer at 0x7f1cbda1ef50>
INFO:tensorflow:Created variable logits/logits/weights:0 with shape (2048, 9) and init <function _initializer at 0x7f1c28107c08>
INFO:tensorflow:Applied regularizer to logits/logits/weights:0 and added the result logits/logits/weights/Regularizer/L2Regularizer/value:0 to REGULARIZATION_LOSSES.
INFO:tensorflow:Created variable logits/logits/biases:0 with shape (9,) and init <function _initializer at 0x7f1c7c431140>
INFO:tensorflow:Sync mode!!!!!!
INFO:tensorflow:Compute groups : 4
INFO:tensorflow:SyncReplicas enabled: replicas_to_aggregate=4; total_num_replicas=4
INFO:tensorflow:2016-07-17 22:54:47.069756 Supervisor
INFO:tensorflow:got sessions!
INFO:tensorflow:Started 2 queues for processing input data.
I tensorflow/core/common_runtime/gpu/pool_allocator.cc:244] PoolAllocator: After 3860 get requests, put_count=2171 evicted_count=1000 eviction_rate=0.460617 and unsatisfied allocation rate=0.722539
I tensorflow/core/common_runtime/gpu/pool_allocator.cc:256] Raising pool_size_limit_ from 100 to 110
INFO:tensorflow:Step: 401, Accuracy: 0.359375, Loss: 5.116531
INFO:tensorflow:Step: 404, Accuracy: 0.609375, Loss: 5.110191
INFO:tensorflow:Step: 406, Accuracy: 0.421875, Loss: 5.034653
INFO:tensorflow:Step: 409, Accuracy: 0.609375, Loss: 5.439355
I tensorflow/core/common_runtime/gpu/pool_allocator.cc:244] PoolAllocator: After 3956 get requests, put_count=3283 evicted_count=2000 eviction_rate=0.609199 and unsatisfied allocation rate=0.678969
I tensorflow/core/common_runtime/gpu/pool_allocator.cc:256] Raising pool_size_limit_ from 146 to 160
INFO:tensorflow:Step: 413, Accuracy: 0.593750, Loss: 5.204120
INFO:tensorflow:Step: 415, Accuracy: 0.656250, Loss: 5.306104
INFO:tensorflow:Step: 418, Accuracy: 0.656250, Loss: 5.208111
I tensorflow/core/common_runtime/gpu/pool_allocator.cc:244] PoolAllocator: After 0 get requests, put_count=2019 evicted_count=2000 eviction_rate=0.990589 and unsatisfied allocation rate=0
INFO:tensorflow:Step: 421, Accuracy: 0.718750, Loss: 5.459246
INFO:tensorflow:Step: 424, Accuracy: 0.593750, Loss: 5.488004
INFO:tensorflow:Step: 427, Accuracy: 0.515625, Loss: 5.333359
INFO:tensorflow:Step: 430, Accuracy: 0.593750, Loss: 5.302030
I tensorflow/core/common_runtime/gpu/pool_allocator.cc:244] PoolAllocator: After 0 get requests, put_count=2028 evicted_count=2000 eviction_rate=0.986193 and unsatisfied allocation rate=0
INFO:tensorflow:Step: 435, Accuracy: 0.562500, Loss: 5.172636
INFO:tensorflow:Worker 2: 2016-07-17 22:56:06.073599: step 435, loss = 5.17(10.4 examples/sec; 6.156  sec/batch)
INFO:tensorflow:Step: 438, Accuracy: 0.531250, Loss: 5.181338
INFO:tensorflow:Worker 2: 2016-07-17 22:56:13.063457: step 438, loss = 5.18(12.9 examples/sec; 4.976  sec/batch)
INFO:tensorflow:Step: 442, Accuracy: 0.578125, Loss: 5.389799
INFO:tensorflow:Step: 448, Accuracy: 0.578125, Loss: 5.076576
I tensorflow/core/common_runtime/gpu/pool_allocator.cc:244] PoolAllocator: After 0 get requests, put_count=2040 evicted_count=2000 eviction_rate=0.980392 and unsatisfied allocation rate=0
INFO:tensorflow:Step: 452, Accuracy: 0.578125, Loss: 5.225246
INFO:tensorflow:Step: 456, Accuracy: 0.500000, Loss: 5.128973
INFO:tensorflow:Worker 2: 2016-07-17 22:56:38.867627: step 456, loss = 5.13(18.6 examples/sec; 3.441  sec/batch)
INFO:tensorflow:Step: 460, Accuracy: 0.562500, Loss: 5.099936
INFO:tensorflow:Step: 465, Accuracy: 0.718750, Loss: 5.254649
INFO:tensorflow:Worker 2: 2016-07-17 22:56:52.434671: step 465, loss = 5.25(12.7 examples/sec; 5.036  sec/batch)
INFO:tensorflow:Step: 470, Accuracy: 0.562500, Loss: 5.215079
I tensorflow/core/common_runtime/gpu/pool_allocator.cc:244] PoolAllocator: After 0 get requests, put_count=1065 evicted_count=1000 eviction_rate=0.938967 and unsatisfied allocation rate=0
INFO:tensorflow:Step: 475, Accuracy: 0.625000, Loss: 5.443163
INFO:tensorflow:Step: 478, Accuracy: 0.640625, Loss: 5.183025
INFO:tensorflow:Step: 482, Accuracy: 0.640625, Loss: 5.392898
INFO:tensorflow:Step: 486, Accuracy: 0.734375, Loss: 5.107619
INFO:tensorflow:Worker 2: 2016-07-17 22:57:23.465264: step 486, loss = 5.11(15.3 examples/sec; 4.176  sec/batch)
INFO:tensorflow:Step: 490, Accuracy: 0.625000, Loss: 5.084641
I tensorflow/core/common_runtime/gpu/pool_allocator.cc:244] PoolAllocator: After 0 get requests, put_count=1105 evicted_count=1000 eviction_rate=0.904977 and unsatisfied allocation rate=0
INFO:tensorflow:Step: 494, Accuracy: 0.546875, Loss: 5.101623
INFO:tensorflow:Step: 499, Accuracy: 0.593750, Loss: 5.372472
INFO:tensorflow:Step: 503, Accuracy: 0.593750, Loss: 5.081414
INFO:tensorflow:Step: 507, Accuracy: 0.609375, Loss: 5.124306
INFO:tensorflow:Worker 2: 2016-07-17 22:57:55.052614: step 507, loss = 5.12(11.5 examples/sec; 5.571  sec/batch)
INFO:tensorflow:Step: 511, Accuracy: 0.546875, Loss: 5.194307
INFO:tensorflow:Step: 515, Accuracy: 0.609375, Loss: 5.280635
INFO:tensorflow:Step: 520, Accuracy: 0.625000, Loss: 5.168074
INFO:tensorflow:Step: 524, Accuracy: 0.500000, Loss: 5.225059
INFO:tensorflow:Step: 526, Accuracy: 0.640625, Loss: 5.425561
INFO:tensorflow:Step: 531, Accuracy: 0.609375, Loss: 5.261885
INFO:tensorflow:Worker 2: 2016-07-17 22:58:28.907896: step 531, loss = 5.26(13.1 examples/sec; 4.893  sec/batch)
INFO:tensorflow:Step: 535, Accuracy: 0.468750, Loss: 5.425909
INFO:tensorflow:Step: 540, Accuracy: 0.640625, Loss: 5.141945
INFO:tensorflow:Worker 2: 2016-07-17 22:58:41.119742: step 540, loss = 5.14(12.1 examples/sec; 5.292  sec/batch)
INFO:tensorflow:Step: 543, Accuracy: 0.562500, Loss: 5.335845
INFO:tensorflow:Worker 2: 2016-07-17 22:58:47.830146: step 543, loss = 5.34(12.5 examples/sec; 5.124  sec/batch)
I tensorflow/core/common_runtime/gpu/pool_allocator.cc:244] PoolAllocator: After 11868 get requests, put_count=12169 evicted_count=1000 eviction_rate=0.082176 and unsatisfied allocation rate=0.0778564
I tensorflow/core/common_runtime/gpu/pool_allocator.cc:256] Raising pool_size_limit_ from 2478 to 2725
INFO:tensorflow:Step: 548, Accuracy: 0.531250, Loss: 5.074093
INFO:tensorflow:Step: 554, Accuracy: 0.671875, Loss: 5.147651
INFO:tensorflow:Step: 557, Accuracy: 0.562500, Loss: 5.102159
INFO:tensorflow:Step: 561, Accuracy: 0.687500, Loss: 5.138012
INFO:tensorflow:Worker 2: 2016-07-17 22:59:13.264112: step 561, loss = 5.14(14.1 examples/sec; 4.535  sec/batch)
INFO:tensorflow:Step: 565, Accuracy: 0.640625, Loss: 5.090755
INFO:tensorflow:Step: 570, Accuracy: 0.656250, Loss: 5.130954
INFO:tensorflow:Worker 2: 2016-07-17 22:59:26.759845: step 570, loss = 5.13(12.4 examples/sec; 5.151  sec/batch)
INFO:tensorflow:Step: 574, Accuracy: 0.656250, Loss: 5.085054
INFO:tensorflow:Step: 578, Accuracy: 0.562500, Loss: 4.982660
INFO:tensorflow:Step: 584, Accuracy: 0.656250, Loss: 5.204808
