DISPLAY "(null)" invalid; disabling X11 forwarding
I tensorflow/stream_executor/dso_loader.cc:108] successfully opened CUDA library libcublas.so locally
I tensorflow/stream_executor/dso_loader.cc:108] successfully opened CUDA library libcudnn.so locally
I tensorflow/stream_executor/dso_loader.cc:108] successfully opened CUDA library libcufft.so locally
I tensorflow/stream_executor/dso_loader.cc:108] successfully opened CUDA library libcuda.so locally
I tensorflow/stream_executor/dso_loader.cc:108] successfully opened CUDA library libcurand.so locally
INFO:tensorflow:PS hosts are: ['raiders1:2200']
INFO:tensorflow:Worker hosts are: ['raiders1:2201', 'raiders1:2202', 'raiders1:2203', 'raiders1:2204', 'raiders2:2205', 'raiders2:2206', 'raiders2:2207', 'raiders2:2208', 'raiders3:2209', 'raiders3:2210', 'raiders3:2211', 'raiders3:2212', 'raiders8:2213', 'raiders8:2214', 'raiders8:2215', 'raiders8:2216']
E tensorflow/stream_executor/cuda/cuda_driver.cc:491] failed call to cuInit: CUDA_ERROR_NO_DEVICE
I tensorflow/stream_executor/cuda/cuda_diagnostics.cc:153] retrieving CUDA diagnostic information for host: raiders3
I tensorflow/stream_executor/cuda/cuda_diagnostics.cc:160] hostname: raiders3
I tensorflow/stream_executor/cuda/cuda_diagnostics.cc:185] libcuda reported version is: Not found: was unable to find libcuda.so DSO loaded into this program
I tensorflow/stream_executor/cuda/cuda_diagnostics.cc:347] driver version file contents: """NVRM version: NVIDIA UNIX x86_64 Kernel Module  367.27  Thu Jun  9 18:53:27 PDT 2016
GCC version:  gcc version 4.8.4 (Ubuntu 4.8.4-2ubuntu1~14.04.3) 
"""
I tensorflow/stream_executor/cuda/cuda_diagnostics.cc:189] kernel reported version is: 367.27.0
I tensorflow/core/common_runtime/gpu/gpu_init.cc:81] No GPU devices available on machine.
I tensorflow/core/distributed_runtime/rpc/grpc_channel.cc:206] Initialize HostPortsGrpcChannelCache for job ps -> {raiders1:2200}
I tensorflow/core/distributed_runtime/rpc/grpc_channel.cc:206] Initialize HostPortsGrpcChannelCache for job worker -> {raiders1:2201, raiders1:2202, raiders1:2203, raiders1:2204, raiders2:2205, raiders2:2206, raiders2:2207, raiders2:2208, raiders3:2209, localhost:2210, raiders3:2211, raiders3:2212, raiders8:2213, raiders8:2214, raiders8:2215, raiders8:2216}
I tensorflow/core/distributed_runtime/rpc/grpc_server_lib.cc:202] Started server with target: grpc://localhost:2210
INFO:tensorflow:Learning rate: 0.005000, momentum: 0.300000
INFO:tensorflow:Sync mode!!!!!!
INFO:tensorflow:Compute groups : 1
INFO:tensorflow:SyncReplicas enabled: replicas_to_aggregate=16; total_num_replicas=16
INFO:tensorflow:Num nodes per compute groups: 16
INFO:tensorflow:Tokens per step: 16
INFO:tensorflow:2016-07-26 21:07:17.006892 Supervisor
INFO:tensorflow:got sessions! 2016-07-26 21:07:32.842833 
INFO:tensorflow:Started 3 queues for processing input data.
INFO:tensorflow:Step: 399, Loss: 5.802683, time: 33.223 sec/batch
INFO:tensorflow:Step: 399, Loss: 5.314234, time: 15.534 sec/batch
INFO:tensorflow:Step: 400, Loss: 4.898603, time: 13.232 sec/batch
INFO:tensorflow:Step: 401, Loss: 5.076859, time: 11.544 sec/batch
INFO:tensorflow:Step: 402, Loss: 5.366690, time: 14.697 sec/batch
INFO:tensorflow:Step: 403, Loss: 5.727403, time: 15.121 sec/batch
INFO:tensorflow:Step: 404, Loss: 5.569931, time: 18.486 sec/batch
INFO:tensorflow:Step: 405, Loss: 5.572786, time: 12.786 sec/batch
INFO:tensorflow:Step: 406, Loss: 5.339890, time: 14.417 sec/batch
INFO:tensorflow:Step: 407, Loss: 5.845093, time: 14.292 sec/batch
INFO:tensorflow:Step: 408, Loss: 5.568352, time: 17.666 sec/batch
INFO:tensorflow:Step: 409, Loss: 5.450475, time: 17.936 sec/batch
INFO:tensorflow:Step: 410, Loss: 5.637004, time: 19.057 sec/batch
INFO:tensorflow:Step: 411, Loss: 5.067195, time: 22.040 sec/batch
INFO:tensorflow:Step: 412, Loss: 5.975369, time: 15.027 sec/batch
INFO:tensorflow:Step: 413, Loss: 5.173175, time: 17.610 sec/batch
INFO:tensorflow:Step: 414, Loss: 5.520927, time: 19.906 sec/batch
INFO:tensorflow:Step: 415, Loss: 5.251326, time: 16.927 sec/batch
INFO:tensorflow:Step: 416, Loss: 5.561122, time: 18.898 sec/batch
INFO:tensorflow:Step: 417, Loss: 5.127108, time: 20.343 sec/batch
INFO:tensorflow:Step: 418, Loss: 5.371657, time: 18.426 sec/batch
INFO:tensorflow:Step: 419, Loss: 5.072655, time: 17.405 sec/batch
INFO:tensorflow:Step: 420, Loss: 5.331883, time: 19.715 sec/batch
INFO:tensorflow:Step: 421, Loss: 5.746367, time: 20.584 sec/batch
INFO:tensorflow:Step: 422, Loss: 5.244005, time: 15.806 sec/batch
INFO:tensorflow:Step: 423, Loss: 5.858220, time: 19.047 sec/batch
INFO:tensorflow:Step: 424, Loss: 5.605809, time: 20.221 sec/batch
INFO:tensorflow:Step: 425, Loss: 5.729596, time: 18.252 sec/batch
INFO:tensorflow:Step: 426, Loss: 5.427026, time: 21.242 sec/batch
INFO:tensorflow:Step: 427, Loss: 5.384510, time: 18.427 sec/batch
INFO:tensorflow:Step: 428, Loss: 5.264187, time: 18.565 sec/batch
INFO:tensorflow:Step: 429, Loss: 5.299934, time: 19.722 sec/batch
INFO:tensorflow:Step: 430, Loss: 5.533144, time: 19.428 sec/batch
INFO:tensorflow:Step: 431, Loss: 5.572274, time: 19.047 sec/batch
INFO:tensorflow:Step: 432, Loss: 5.288990, time: 18.577 sec/batch
INFO:tensorflow:Step: 433, Loss: 5.529376, time: 19.488 sec/batch
INFO:tensorflow:Step: 434, Loss: 5.101658, time: 19.354 sec/batch
INFO:tensorflow:Step: 435, Loss: 5.592735, time: 19.056 sec/batch
INFO:tensorflow:Step: 436, Loss: 4.954486, time: 18.777 sec/batch
INFO:tensorflow:Step: 437, Loss: 5.423947, time: 19.083 sec/batch
INFO:tensorflow:Step: 438, Loss: 5.250865, time: 18.619 sec/batch
INFO:tensorflow:Step: 439, Loss: 5.866345, time: 20.647 sec/batch
INFO:tensorflow:Step: 440, Loss: 5.050140, time: 16.769 sec/batch
INFO:tensorflow:Step: 441, Loss: 5.283625, time: 15.909 sec/batch
INFO:tensorflow:Step: 442, Loss: 5.049242, time: 18.994 sec/batch
INFO:tensorflow:Step: 443, Loss: 5.092768, time: 19.707 sec/batch
INFO:tensorflow:Step: 444, Loss: 5.210394, time: 18.279 sec/batch
INFO:tensorflow:Step: 445, Loss: 5.122375, time: 20.763 sec/batch
INFO:tensorflow:Step: 446, Loss: 5.484149, time: 17.629 sec/batch
INFO:tensorflow:Step: 447, Loss: 5.842580, time: 19.521 sec/batch
INFO:tensorflow:Step: 448, Loss: 5.347448, time: 17.370 sec/batch
INFO:tensorflow:Step: 449, Loss: 5.424575, time: 19.326 sec/batch
INFO:tensorflow:Step: 450, Loss: 5.261068, time: 16.646 sec/batch
INFO:tensorflow:Step: 451, Loss: 5.575832, time: 20.357 sec/batch
INFO:tensorflow:Step: 452, Loss: 5.005282, time: 19.460 sec/batch
INFO:tensorflow:Step: 453, Loss: 5.119994, time: 19.068 sec/batch
INFO:tensorflow:Step: 454, Loss: 5.363299, time: 19.519 sec/batch
INFO:tensorflow:Step: 455, Loss: 5.290617, time: 19.793 sec/batch
INFO:tensorflow:Step: 456, Loss: 5.125944, time: 19.100 sec/batch
INFO:tensorflow:Step: 457, Loss: 5.344388, time: 19.231 sec/batch
INFO:tensorflow:Step: 458, Loss: 5.371926, time: 19.983 sec/batch
INFO:tensorflow:Step: 459, Loss: 5.445584, time: 18.302 sec/batch
INFO:tensorflow:Step: 460, Loss: 5.369509, time: 17.037 sec/batch
INFO:tensorflow:Step: 461, Loss: 5.439455, time: 18.474 sec/batch
INFO:tensorflow:Step: 462, Loss: 5.760327, time: 18.676 sec/batch
INFO:tensorflow:Step: 463, Loss: 5.255152, time: 19.561 sec/batch
INFO:tensorflow:Step: 464, Loss: 4.924329, time: 19.243 sec/batch
INFO:tensorflow:Step: 465, Loss: 4.994131, time: 16.349 sec/batch
INFO:tensorflow:Step: 466, Loss: 5.035340, time: 19.792 sec/batch
INFO:tensorflow:Step: 467, Loss: 4.908138, time: 16.611 sec/batch
INFO:tensorflow:Step: 468, Loss: 5.200946, time: 17.431 sec/batch
INFO:tensorflow:Step: 469, Loss: 5.076867, time: 19.633 sec/batch
INFO:tensorflow:Step: 470, Loss: 5.160357, time: 15.714 sec/batch
INFO:tensorflow:Step: 471, Loss: 5.353086, time: 19.936 sec/batch
INFO:tensorflow:Step: 472, Loss: 5.242332, time: 19.611 sec/batch
INFO:tensorflow:Step: 473, Loss: 5.118262, time: 18.349 sec/batch
INFO:tensorflow:Step: 474, Loss: 5.276467, time: 18.052 sec/batch
INFO:tensorflow:Step: 475, Loss: 5.046706, time: 18.175 sec/batch
INFO:tensorflow:Step: 476, Loss: 5.443902, time: 19.618 sec/batch
INFO:tensorflow:Step: 477, Loss: 5.044704, time: 19.353 sec/batch
INFO:tensorflow:Step: 478, Loss: 5.322720, time: 19.067 sec/batch
INFO:tensorflow:Step: 479, Loss: 4.996789, time: 17.492 sec/batch
INFO:tensorflow:Step: 480, Loss: 5.048296, time: 19.321 sec/batch
INFO:tensorflow:Step: 481, Loss: 5.458638, time: 18.557 sec/batch
INFO:tensorflow:Step: 482, Loss: 5.444038, time: 20.079 sec/batch
INFO:tensorflow:Step: 483, Loss: 5.090308, time: 19.734 sec/batch
INFO:tensorflow:Step: 484, Loss: 6.249282, time: 15.742 sec/batch
INFO:tensorflow:Step: 485, Loss: 5.328933, time: 18.598 sec/batch
INFO:tensorflow:Step: 486, Loss: 4.916331, time: 18.193 sec/batch
INFO:tensorflow:Step: 487, Loss: 5.563956, time: 19.105 sec/batch
INFO:tensorflow:Step: 488, Loss: 4.763518, time: 18.380 sec/batch
INFO:tensorflow:Step: 489, Loss: 5.525852, time: 18.460 sec/batch
INFO:tensorflow:Step: 490, Loss: 5.467618, time: 18.344 sec/batch
INFO:tensorflow:Step: 491, Loss: 5.390015, time: 19.365 sec/batch
INFO:tensorflow:Step: 492, Loss: 5.313932, time: 19.251 sec/batch
INFO:tensorflow:Step: 493, Loss: 5.304519, time: 15.826 sec/batch
INFO:tensorflow:Step: 494, Loss: 5.310148, time: 16.679 sec/batch
INFO:tensorflow:Step: 495, Loss: 5.366982, time: 20.185 sec/batch
INFO:tensorflow:Step: 496, Loss: 5.158254, time: 18.294 sec/batch
INFO:tensorflow:Step: 497, Loss: 4.942942, time: 19.061 sec/batch
INFO:tensorflow:Step: 498, Loss: 5.013350, time: 16.410 sec/batch
INFO:tensorflow:Step: 499, Loss: 5.469170, time: 19.482 sec/batch
INFO:tensorflow:Step: 500, Loss: 5.153504, time: 19.078 sec/batch
INFO:tensorflow:Step: 501, Loss: 5.498282, time: 19.441 sec/batch
INFO:tensorflow:Step: 502, Loss: 5.599172, time: 18.621 sec/batch
INFO:tensorflow:Step: 503, Loss: 5.214819, time: 17.706 sec/batch
INFO:tensorflow:Step: 504, Loss: 5.249194, time: 19.953 sec/batch
INFO:tensorflow:Step: 505, Loss: 5.094838, time: 18.490 sec/batch
INFO:tensorflow:Step: 506, Loss: 5.571457, time: 17.420 sec/batch
INFO:tensorflow:Step: 507, Loss: 5.182924, time: 20.304 sec/batch
INFO:tensorflow:Step: 508, Loss: 4.954156, time: 20.277 sec/batch
INFO:tensorflow:Step: 509, Loss: 4.903908, time: 18.618 sec/batch
INFO:tensorflow:Step: 510, Loss: 5.432679, time: 16.955 sec/batch
INFO:tensorflow:Step: 511, Loss: 5.335284, time: 18.441 sec/batch
INFO:tensorflow:Step: 512, Loss: 5.381831, time: 20.552 sec/batch
INFO:tensorflow:Step: 513, Loss: 4.975695, time: 18.492 sec/batch
INFO:tensorflow:Step: 514, Loss: 5.411424, time: 17.172 sec/batch
INFO:tensorflow:Step: 515, Loss: 5.167645, time: 20.398 sec/batch
INFO:tensorflow:Step: 516, Loss: 5.298468, time: 18.466 sec/batch
INFO:tensorflow:Step: 517, Loss: 5.063148, time: 18.911 sec/batch
INFO:tensorflow:Step: 518, Loss: 5.421876, time: 18.951 sec/batch
INFO:tensorflow:Step: 519, Loss: 5.027040, time: 20.358 sec/batch
INFO:tensorflow:Step: 520, Loss: 4.780772, time: 18.957 sec/batch
INFO:tensorflow:Step: 521, Loss: 5.331301, time: 19.285 sec/batch
INFO:tensorflow:Step: 522, Loss: 6.068511, time: 19.748 sec/batch
INFO:tensorflow:Step: 523, Loss: 5.644625, time: 18.983 sec/batch
INFO:tensorflow:Step: 524, Loss: 5.035841, time: 15.366 sec/batch
INFO:tensorflow:Step: 525, Loss: 5.223313, time: 20.200 sec/batch
INFO:tensorflow:Step: 526, Loss: 5.096077, time: 18.744 sec/batch
INFO:tensorflow:Step: 527, Loss: 4.681747, time: 19.431 sec/batch
INFO:tensorflow:Step: 528, Loss: 5.730954, time: 16.626 sec/batch
INFO:tensorflow:Step: 529, Loss: 5.329520, time: 17.820 sec/batch
INFO:tensorflow:Step: 530, Loss: 5.262530, time: 17.576 sec/batch
INFO:tensorflow:Step: 531, Loss: 5.469148, time: 15.640 sec/batch
INFO:tensorflow:Step: 532, Loss: 4.866625, time: 20.079 sec/batch
INFO:tensorflow:Step: 533, Loss: 5.054913, time: 15.531 sec/batch
INFO:tensorflow:Step: 534, Loss: 5.139035, time: 18.348 sec/batch
INFO:tensorflow:Step: 535, Loss: 4.818282, time: 19.525 sec/batch
INFO:tensorflow:Step: 536, Loss: 4.903030, time: 19.330 sec/batch
INFO:tensorflow:Step: 537, Loss: 4.807705, time: 20.310 sec/batch
INFO:tensorflow:Step: 538, Loss: 5.152248, time: 19.224 sec/batch
run-expr-32node.sh: line 23: 80346 Terminated              CUDA_VISIBLE_DEVICES='' bazel-bin/inception/imagenet_distributed_train --batch_size=16 --data_dir=/lfs/local/0/daniter/16node-data-$2 --job_name='worker' --task_id=$2 --ps_hosts='raiders1:2200' --worker_hosts='raiders1:2201,raiders1:2202,raiders1:2203,raiders1:2204,raiders2:2205,raiders2:2206,raiders2:2207,raiders2:2208,raiders3:2209,raiders3:2210,raiders3:2211,raiders3:2212,raiders8:2213,raiders8:2214,raiders8:2215,raiders8:2216' --initial_learning_rate=$3 --momentum=$4 --sync=True --compute_groups=$5
