DISPLAY "(null)" invalid; disabling X11 forwarding
I tensorflow/stream_executor/dso_loader.cc:108] successfully opened CUDA library libcublas.so locally
I tensorflow/stream_executor/dso_loader.cc:108] successfully opened CUDA library libcudnn.so locally
I tensorflow/stream_executor/dso_loader.cc:108] successfully opened CUDA library libcufft.so locally
I tensorflow/stream_executor/dso_loader.cc:108] successfully opened CUDA library libcuda.so locally
I tensorflow/stream_executor/dso_loader.cc:108] successfully opened CUDA library libcurand.so locally
INFO:tensorflow:PS hosts are: ['raiders1:2228']
INFO:tensorflow:Worker hosts are: ['raiders1:2200', 'raiders1:2201', 'raiders3:2209', 'raiders3:2210']
I tensorflow/core/common_runtime/gpu/gpu_init.cc:102] Found device 0 with properties: 
name: GeForce GTX TITAN X
major: 5 minor: 2 memoryClockRate (GHz) 1.076
pciBusID 0000:43:00.0
Total memory: 11.92GiB
Free memory: 11.81GiB
I tensorflow/core/common_runtime/gpu/gpu_init.cc:126] DMA: 0 
I tensorflow/core/common_runtime/gpu/gpu_init.cc:136] 0:   Y 
I tensorflow/core/common_runtime/gpu/gpu_device.cc:806] Creating TensorFlow device (/gpu:0) -> (device: 0, name: GeForce GTX TITAN X, pci bus id: 0000:43:00.0)
I tensorflow/core/distributed_runtime/rpc/grpc_channel.cc:206] Initialize HostPortsGrpcChannelCache for job ps -> {raiders1:2228}
I tensorflow/core/distributed_runtime/rpc/grpc_channel.cc:206] Initialize HostPortsGrpcChannelCache for job worker -> {raiders1:2200, raiders1:2201, raiders3:2209, localhost:2210}
I tensorflow/core/distributed_runtime/rpc/grpc_server_lib.cc:202] Started server with target: grpc://localhost:2210
INFO:tensorflow:Learning rate: 0.002500, momentum: 0.450000
INFO:tensorflow:Sync mode!!!!!!
INFO:tensorflow:Compute groups : 1
INFO:tensorflow:SyncReplicas enabled: replicas_to_aggregate=4; total_num_replicas=4
INFO:tensorflow:Num nodes per compute groups: 4
INFO:tensorflow:Tokens per step: 4
INFO:tensorflow:2016-07-20 03:16:54.974663 Supervisor
INFO:tensorflow:got sessions!
INFO:tensorflow:Started 3 queues for processing input data.
I tensorflow/core/common_runtime/gpu/pool_allocator.cc:244] PoolAllocator: After 3576 get requests, put_count=2565 evicted_count=1000 eviction_rate=0.389864 and unsatisfied allocation rate=0.590324
I tensorflow/core/common_runtime/gpu/pool_allocator.cc:256] Raising pool_size_limit_ from 100 to 110
INFO:tensorflow:Step: 399, Loss: 5.175986, time: 24.324 sec/batch
INFO:tensorflow:Step: 399, Loss: 5.289328, time: 3.212 sec/batch
INFO:tensorflow:Step: 400, Loss: 5.490530, time: 3.303 sec/batch
INFO:tensorflow:Step: 401, Loss: 5.251318, time: 2.026 sec/batch
INFO:tensorflow:Step: 402, Loss: 5.602742, time: 2.353 sec/batch
I tensorflow/core/common_runtime/gpu/pool_allocator.cc:244] PoolAllocator: After 0 get requests, put_count=1016 evicted_count=1000 eviction_rate=0.984252 and unsatisfied allocation rate=0
INFO:tensorflow:Step: 403, Loss: 5.311491, time: 3.147 sec/batch
INFO:tensorflow:Step: 404, Loss: 5.419846, time: 1.793 sec/batch
INFO:tensorflow:Step: 405, Loss: 5.182001, time: 3.082 sec/batch
INFO:tensorflow:Step: 406, Loss: 5.294919, time: 3.871 sec/batch
INFO:tensorflow:Step: 407, Loss: 5.372192, time: 1.639 sec/batch
I tensorflow/core/common_runtime/gpu/pool_allocator.cc:244] PoolAllocator: After 0 get requests, put_count=1025 evicted_count=1000 eviction_rate=0.97561 and unsatisfied allocation rate=0
INFO:tensorflow:Step: 408, Loss: 5.441236, time: 3.189 sec/batch
INFO:tensorflow:Step: 409, Loss: 5.406512, time: 2.410 sec/batch
INFO:tensorflow:Step: 410, Loss: 5.358079, time: 3.290 sec/batch
INFO:tensorflow:Step: 411, Loss: 5.711100, time: 2.979 sec/batch
INFO:tensorflow:Step: 412, Loss: 5.688840, time: 3.453 sec/batch
INFO:tensorflow:Step: 413, Loss: 5.486138, time: 3.081 sec/batch
I tensorflow/core/common_runtime/gpu/pool_allocator.cc:244] PoolAllocator: After 0 get requests, put_count=1044 evicted_count=1000 eviction_rate=0.957854 and unsatisfied allocation rate=0
INFO:tensorflow:Step: 414, Loss: 5.140935, time: 2.396 sec/batch
INFO:tensorflow:Step: 415, Loss: 5.359972, time: 2.906 sec/batch
INFO:tensorflow:Step: 416, Loss: 5.330296, time: 1.989 sec/batch
INFO:tensorflow:Step: 417, Loss: 5.118954, time: 2.373 sec/batch
INFO:tensorflow:Step: 418, Loss: 5.225106, time: 1.647 sec/batch
INFO:tensorflow:Step: 419, Loss: 5.168308, time: 1.679 sec/batch
INFO:tensorflow:Step: 420, Loss: 5.117983, time: 2.676 sec/batch
I tensorflow/core/common_runtime/gpu/pool_allocator.cc:244] PoolAllocator: After 3576 get requests, put_count=4412 evicted_count=2000 eviction_rate=0.453309 and unsatisfied allocation rate=0.347595
I tensorflow/core/common_runtime/gpu/pool_allocator.cc:256] Raising pool_size_limit_ from 871 to 958
INFO:tensorflow:Step: 421, Loss: 5.146575, time: 3.301 sec/batch
INFO:tensorflow:Step: 422, Loss: 5.308347, time: 3.241 sec/batch
INFO:tensorflow:Step: 423, Loss: 5.330127, time: 2.935 sec/batch
INFO:tensorflow:Step: 424, Loss: 5.272258, time: 2.341 sec/batch
INFO:tensorflow:Step: 425, Loss: 5.086282, time: 2.860 sec/batch
INFO:tensorflow:Step: 426, Loss: 5.338583, time: 3.359 sec/batch
INFO:tensorflow:Step: 427, Loss: 5.064228, time: 3.326 sec/batch
INFO:tensorflow:Step: 428, Loss: 5.450111, time: 3.056 sec/batch
INFO:tensorflow:Step: 429, Loss: 5.181196, time: 3.022 sec/batch
INFO:tensorflow:Step: 430, Loss: 5.229133, time: 2.697 sec/batch
INFO:tensorflow:Step: 431, Loss: 5.236819, time: 2.177 sec/batch
INFO:tensorflow:Step: 432, Loss: 5.387070, time: 1.755 sec/batch
INFO:tensorflow:Step: 433, Loss: 5.200801, time: 1.558 sec/batch
INFO:tensorflow:Step: 434, Loss: 5.308988, time: 1.598 sec/batch
INFO:tensorflow:Step: 435, Loss: 5.220544, time: 2.074 sec/batch
INFO:tensorflow:Step: 436, Loss: 5.117270, time: 2.169 sec/batch
INFO:tensorflow:Step: 437, Loss: 5.301076, time: 2.491 sec/batch
INFO:tensorflow:Step: 438, Loss: 5.379026, time: 2.245 sec/batch
INFO:tensorflow:Step: 439, Loss: 5.342756, time: 2.377 sec/batch
INFO:tensorflow:Step: 440, Loss: 5.217187, time: 1.824 sec/batch
INFO:tensorflow:Step: 441, Loss: 5.118311, time: 2.904 sec/batch
INFO:tensorflow:Step: 442, Loss: 5.328988, time: 2.436 sec/batch
INFO:tensorflow:Step: 443, Loss: 5.212575, time: 1.543 sec/batch
INFO:tensorflow:Step: 444, Loss: 5.319865, time: 1.848 sec/batch
INFO:tensorflow:Step: 445, Loss: 5.263202, time: 1.812 sec/batch
INFO:tensorflow:Step: 446, Loss: 5.190626, time: 1.625 sec/batch
INFO:tensorflow:Step: 447, Loss: 5.421219, time: 1.653 sec/batch
INFO:tensorflow:Step: 448, Loss: 4.978312, time: 1.646 sec/batch
INFO:tensorflow:Step: 449, Loss: 5.139219, time: 2.153 sec/batch
INFO:tensorflow:Step: 450, Loss: 5.237074, time: 1.464 sec/batch
INFO:tensorflow:Step: 451, Loss: 5.144330, time: 1.959 sec/batch
INFO:tensorflow:Step: 452, Loss: 5.294965, time: 2.466 sec/batch
INFO:tensorflow:Step: 453, Loss: 5.171198, time: 1.968 sec/batch
INFO:tensorflow:Step: 454, Loss: 5.164265, time: 2.934 sec/batch
INFO:tensorflow:Step: 455, Loss: 5.396279, time: 2.340 sec/batch
INFO:tensorflow:Step: 456, Loss: 5.312590, time: 2.712 sec/batch
INFO:tensorflow:Step: 457, Loss: 5.214365, time: 2.151 sec/batch
INFO:tensorflow:Step: 458, Loss: 5.077833, time: 2.354 sec/batch
INFO:tensorflow:Step: 459, Loss: 5.198746, time: 1.789 sec/batch
INFO:tensorflow:Step: 460, Loss: 5.403050, time: 1.755 sec/batch
INFO:tensorflow:Step: 461, Loss: 5.328509, time: 2.481 sec/batch
INFO:tensorflow:Step: 462, Loss: 5.018970, time: 2.530 sec/batch
INFO:tensorflow:Step: 463, Loss: 5.346229, time: 1.921 sec/batch
INFO:tensorflow:Step: 464, Loss: 5.211027, time: 3.136 sec/batch
INFO:tensorflow:Step: 465, Loss: 5.323556, time: 2.424 sec/batch
INFO:tensorflow:Step: 466, Loss: 5.272790, time: 2.082 sec/batch
INFO:tensorflow:Step: 467, Loss: 5.268362, time: 2.346 sec/batch
INFO:tensorflow:Step: 468, Loss: 5.208106, time: 1.847 sec/batch
INFO:tensorflow:Step: 469, Loss: 5.162443, time: 3.008 sec/batch
INFO:tensorflow:Step: 470, Loss: 5.166686, time: 2.976 sec/batch
INFO:tensorflow:Step: 471, Loss: 5.380578, time: 2.926 sec/batch
INFO:tensorflow:Step: 472, Loss: 5.398674, time: 2.803 sec/batch
INFO:tensorflow:Step: 473, Loss: 5.163025, time: 1.887 sec/batch
INFO:tensorflow:Step: 474, Loss: 5.020601, time: 2.618 sec/batch
INFO:tensorflow:Step: 475, Loss: 5.107790, time: 2.512 sec/batch
INFO:tensorflow:Step: 476, Loss: 5.185079, time: 3.312 sec/batch
INFO:tensorflow:Step: 477, Loss: 5.249934, time: 1.904 sec/batch
INFO:tensorflow:Step: 478, Loss: 5.285656, time: 3.203 sec/batch
INFO:tensorflow:Step: 479, Loss: 5.189415, time: 3.231 sec/batch
INFO:tensorflow:Step: 480, Loss: 5.112417, time: 1.798 sec/batch
INFO:tensorflow:Step: 481, Loss: 5.161025, time: 2.488 sec/batch
INFO:tensorflow:Step: 482, Loss: 4.962015, time: 2.779 sec/batch
INFO:tensorflow:Step: 483, Loss: 5.116159, time: 2.179 sec/batch
INFO:tensorflow:Step: 484, Loss: 5.190095, time: 2.810 sec/batch
INFO:tensorflow:Step: 485, Loss: 5.117050, time: 2.360 sec/batch
INFO:tensorflow:Step: 486, Loss: 5.244916, time: 2.326 sec/batch
INFO:tensorflow:Step: 487, Loss: 5.199812, time: 2.106 sec/batch
INFO:tensorflow:Step: 488, Loss: 5.186390, time: 2.997 sec/batch
INFO:tensorflow:Step: 489, Loss: 5.310078, time: 3.067 sec/batch
INFO:tensorflow:Step: 490, Loss: 5.073987, time: 1.719 sec/batch
INFO:tensorflow:Step: 491, Loss: 4.942319, time: 3.081 sec/batch
INFO:tensorflow:Step: 492, Loss: 5.297340, time: 1.853 sec/batch
INFO:tensorflow:Step: 493, Loss: 5.134649, time: 3.178 sec/batch
INFO:tensorflow:Step: 494, Loss: 5.430895, time: 3.079 sec/batch
INFO:tensorflow:Step: 495, Loss: 5.175330, time: 2.606 sec/batch
INFO:tensorflow:Step: 496, Loss: 5.703983, time: 2.918 sec/batch
INFO:tensorflow:Step: 497, Loss: 5.227428, time: 2.223 sec/batch
INFO:tensorflow:Step: 498, Loss: 5.280036, time: 1.998 sec/batch
INFO:tensorflow:Step: 499, Loss: 5.114551, time: 2.774 sec/batch
INFO:tensorflow:Step: 500, Loss: 5.188626, time: 2.550 sec/batch
INFO:tensorflow:Step: 501, Loss: 5.235726, time: 1.746 sec/batch
INFO:tensorflow:Step: 502, Loss: 5.272697, time: 2.595 sec/batch
INFO:tensorflow:Step: 503, Loss: 5.232876, time: 3.016 sec/batch
INFO:tensorflow:Step: 504, Loss: 5.167332, time: 2.342 sec/batch
INFO:tensorflow:Step: 505, Loss: 5.001786, time: 2.351 sec/batch
INFO:tensorflow:Step: 506, Loss: 5.200217, time: 2.360 sec/batch
INFO:tensorflow:Step: 507, Loss: 5.287255, time: 2.810 sec/batch
INFO:tensorflow:Step: 508, Loss: 5.296209, time: 2.201 sec/batch
INFO:tensorflow:Step: 509, Loss: 5.303829, time: 1.583 sec/batch
INFO:tensorflow:Step: 510, Loss: 5.166785, time: 2.278 sec/batch
INFO:tensorflow:Step: 511, Loss: 5.374592, time: 1.572 sec/batch
INFO:tensorflow:Step: 512, Loss: 4.943497, time: 1.421 sec/batch
INFO:tensorflow:Step: 513, Loss: 5.160193, time: 1.682 sec/batch
INFO:tensorflow:Step: 514, Loss: 5.340025, time: 1.656 sec/batch
INFO:tensorflow:Step: 515, Loss: 4.961735, time: 1.684 sec/batch
INFO:tensorflow:Step: 516, Loss: 5.083403, time: 1.559 sec/batch
INFO:tensorflow:Step: 517, Loss: 5.331311, time: 1.404 sec/batch
INFO:tensorflow:Step: 518, Loss: 5.085453, time: 1.732 sec/batch
INFO:tensorflow:Step: 519, Loss: 4.865767, time: 1.922 sec/batch
INFO:tensorflow:Step: 520, Loss: 5.318102, time: 1.732 sec/batch
INFO:tensorflow:Step: 521, Loss: 4.936189, time: 1.662 sec/batch
INFO:tensorflow:Step: 522, Loss: 5.262712, time: 2.923 sec/batch
INFO:tensorflow:Step: 523, Loss: 5.201139, time: 3.180 sec/batch
INFO:tensorflow:Step: 524, Loss: 4.991192, time: 2.289 sec/batch
INFO:tensorflow:Step: 525, Loss: 5.110273, time: 1.803 sec/batch
INFO:tensorflow:Step: 526, Loss: 5.148149, time: 2.583 sec/batch
INFO:tensorflow:Step: 527, Loss: 5.256119, time: 1.510 sec/batch
INFO:tensorflow:Step: 528, Loss: 5.261131, time: 1.677 sec/batch
INFO:tensorflow:Step: 529, Loss: 5.034895, time: 1.790 sec/batch
INFO:tensorflow:Step: 530, Loss: 5.346294, time: 1.449 sec/batch
INFO:tensorflow:Step: 531, Loss: 5.074482, time: 2.375 sec/batch
INFO:tensorflow:Step: 532, Loss: 4.910833, time: 3.018 sec/batch
INFO:tensorflow:Step: 533, Loss: 5.138787, time: 1.721 sec/batch
INFO:tensorflow:Step: 534, Loss: 5.144039, time: 2.772 sec/batch
INFO:tensorflow:Step: 535, Loss: 5.067438, time: 2.675 sec/batch
INFO:tensorflow:Step: 536, Loss: 5.236192, time: 2.291 sec/batch
INFO:tensorflow:Step: 537, Loss: 5.201656, time: 2.533 sec/batch
INFO:tensorflow:Step: 538, Loss: 5.208438, time: 2.660 sec/batch
INFO:tensorflow:Step: 539, Loss: 5.039415, time: 2.909 sec/batch
INFO:tensorflow:Step: 540, Loss: 4.918533, time: 2.625 sec/batch
INFO:tensorflow:Step: 541, Loss: 5.125245, time: 2.450 sec/batch
INFO:tensorflow:Step: 542, Loss: 5.220901, time: 2.360 sec/batch
INFO:tensorflow:Step: 543, Loss: 5.073602, time: 2.266 sec/batch
INFO:tensorflow:Step: 544, Loss: 5.129263, time: 2.973 sec/batch
INFO:tensorflow:Step: 545, Loss: 5.248925, time: 2.782 sec/batch
INFO:tensorflow:Step: 546, Loss: 5.154384, time: 2.301 sec/batch
INFO:tensorflow:Step: 547, Loss: 5.311465, time: 2.254 sec/batch
INFO:tensorflow:Step: 548, Loss: 5.302083, time: 1.840 sec/batch
INFO:tensorflow:Step: 549, Loss: 5.346635, time: 1.802 sec/batch
INFO:tensorflow:Step: 550, Loss: 5.182803, time: 2.906 sec/batch
INFO:tensorflow:Step: 551, Loss: 4.962259, time: 2.375 sec/batch
INFO:tensorflow:Step: 552, Loss: 5.275236, time: 1.968 sec/batch
INFO:tensorflow:Step: 553, Loss: 5.117621, time: 2.708 sec/batch
INFO:tensorflow:Step: 554, Loss: 5.517890, time: 2.500 sec/batch
INFO:tensorflow:Step: 555, Loss: 5.065205, time: 1.568 sec/batch
INFO:tensorflow:Step: 556, Loss: 5.281432, time: 2.379 sec/batch
INFO:tensorflow:Step: 557, Loss: 5.241356, time: 1.926 sec/batch
INFO:tensorflow:Step: 558, Loss: 5.310980, time: 1.592 sec/batch
INFO:tensorflow:Step: 559, Loss: 5.255606, time: 2.207 sec/batch
INFO:tensorflow:Step: 560, Loss: 5.128947, time: 1.617 sec/batch
INFO:tensorflow:Step: 561, Loss: 5.205720, time: 1.771 sec/batch
INFO:tensorflow:Step: 562, Loss: 5.420004, time: 2.216 sec/batch
INFO:tensorflow:Step: 563, Loss: 5.157996, time: 1.485 sec/batch
INFO:tensorflow:Step: 564, Loss: 5.109328, time: 2.764 sec/batch
INFO:tensorflow:Step: 565, Loss: 5.197907, time: 2.710 sec/batch
INFO:tensorflow:Step: 566, Loss: 4.988712, time: 2.912 sec/batch
INFO:tensorflow:Step: 567, Loss: 5.164454, time: 3.080 sec/batch
INFO:tensorflow:Step: 568, Loss: 5.145132, time: 3.023 sec/batch
INFO:tensorflow:Step: 569, Loss: 5.085381, time: 2.441 sec/batch
INFO:tensorflow:Step: 570, Loss: 4.984686, time: 2.712 sec/batch
INFO:tensorflow:Step: 571, Loss: 5.019141, time: 2.847 sec/batch
INFO:tensorflow:Step: 572, Loss: 5.020818, time: 2.931 sec/batch
INFO:tensorflow:Step: 573, Loss: 5.095948, time: 1.479 sec/batch
INFO:tensorflow:Step: 574, Loss: 5.172317, time: 1.816 sec/batch
INFO:tensorflow:Step: 575, Loss: 5.207693, time: 1.493 sec/batch
INFO:tensorflow:Step: 576, Loss: 5.184711, time: 1.533 sec/batch
INFO:tensorflow:Step: 577, Loss: 5.106101, time: 2.529 sec/batch
INFO:tensorflow:Step: 578, Loss: 5.221703, time: 1.566 sec/batch
INFO:tensorflow:Step: 579, Loss: 5.116264, time: 1.381 sec/batch
INFO:tensorflow:Step: 580, Loss: 5.184919, time: 2.145 sec/batch
INFO:tensorflow:Step: 581, Loss: 5.153702, time: 1.708 sec/batch
INFO:tensorflow:Step: 582, Loss: 5.198960, time: 1.580 sec/batch
INFO:tensorflow:Step: 583, Loss: 5.128476, time: 1.577 sec/batch
INFO:tensorflow:Step: 584, Loss: 5.116769, time: 1.524 sec/batch
INFO:tensorflow:Step: 585, Loss: 5.380529, time: 1.603 sec/batch
INFO:tensorflow:Step: 586, Loss: 5.343735, time: 1.410 sec/batch
INFO:tensorflow:Step: 587, Loss: 5.122180, time: 1.665 sec/batch
INFO:tensorflow:Step: 588, Loss: 5.093415, time: 1.538 sec/batch
INFO:tensorflow:Step: 589, Loss: 5.202594, time: 1.634 sec/batch
INFO:tensorflow:Step: 590, Loss: 5.011949, time: 1.965 sec/batch
INFO:tensorflow:Step: 591, Loss: 5.267862, time: 1.769 sec/batch
INFO:tensorflow:Step: 592, Loss: 4.903732, time: 1.724 sec/batch
INFO:tensorflow:Step: 593, Loss: 5.203255, time: 1.544 sec/batch
INFO:tensorflow:Step: 594, Loss: 4.747615, time: 2.099 sec/batch
INFO:tensorflow:Step: 595, Loss: 5.044012, time: 1.709 sec/batch
INFO:tensorflow:Step: 596, Loss: 5.083879, time: 1.617 sec/batch
INFO:tensorflow:Step: 597, Loss: 5.287591, time: 1.687 sec/batch
INFO:tensorflow:Step: 598, Loss: 5.210219, time: 1.676 sec/batch
INFO:tensorflow:Step: 599, Loss: 5.127600, time: 1.521 sec/batch
INFO:tensorflow:Step: 600, Loss: 5.398623, time: 1.850 sec/batch
INFO:tensorflow:Step: 601, Loss: 4.878438, time: 1.621 sec/batch
INFO:tensorflow:Step: 602, Loss: 5.195135, time: 1.388 sec/batch
INFO:tensorflow:Step: 603, Loss: 5.094371, time: 1.517 sec/batch
INFO:tensorflow:Step: 604, Loss: 4.943058, time: 1.518 sec/batch
INFO:tensorflow:Step: 605, Loss: 5.279279, time: 1.553 sec/batch
INFO:tensorflow:Step: 606, Loss: 5.282787, time: 1.514 sec/batch
INFO:tensorflow:Step: 607, Loss: 5.207040, time: 1.618 sec/batch
INFO:tensorflow:Step: 608, Loss: 5.139598, time: 1.700 sec/batch
INFO:tensorflow:Step: 609, Loss: 5.334133, time: 1.591 sec/batch
INFO:tensorflow:Step: 610, Loss: 5.367879, time: 1.410 sec/batch
INFO:tensorflow:Step: 611, Loss: 5.022715, time: 1.564 sec/batch
INFO:tensorflow:Step: 612, Loss: 5.190495, time: 1.431 sec/batch
INFO:tensorflow:Step: 613, Loss: 5.238965, time: 1.739 sec/batch
INFO:tensorflow:Step: 614, Loss: 5.030709, time: 2.297 sec/batch
INFO:tensorflow:Step: 615, Loss: 5.106792, time: 2.802 sec/batch
INFO:tensorflow:Step: 616, Loss: 5.427825, time: 3.004 sec/batch
INFO:tensorflow:Step: 617, Loss: 5.332125, time: 1.917 sec/batch
INFO:tensorflow:Step: 618, Loss: 5.183909, time: 2.774 sec/batch
INFO:tensorflow:Step: 619, Loss: 5.000012, time: 2.171 sec/batch
INFO:tensorflow:Step: 620, Loss: 4.983628, time: 1.975 sec/batch
INFO:tensorflow:Step: 621, Loss: 5.181090, time: 2.197 sec/batch
INFO:tensorflow:Step: 622, Loss: 5.068149, time: 2.468 sec/batch
INFO:tensorflow:Step: 623, Loss: 5.081287, time: 2.842 sec/batch
INFO:tensorflow:Step: 624, Loss: 5.079129, time: 2.865 sec/batch
INFO:tensorflow:Step: 625, Loss: 5.028644, time: 2.192 sec/batch
INFO:tensorflow:Step: 626, Loss: 5.336962, time: 1.722 sec/batch
run-expr-4node.sh: line 23: 90119 Terminated              CUDA_VISIBLE_DEVICES=$1 bazel-bin/inception/imagenet_distributed_train --batch_size=64 --data_dir=/lfs/local/0/daniter/imagenet-8-$2 --job_name='worker' --task_id=$2 --ps_hosts='raiders1:2228' --worker_hosts='raiders1:2200,raiders1:2201,raiders3:2209,raiders3:2210' --initial_learning_rate=$3 --momentum=$4 --sync=True --compute_groups=$5
