DISPLAY "(null)" invalid; disabling X11 forwarding
I tensorflow/stream_executor/dso_loader.cc:108] successfully opened CUDA library libcublas.so locally
I tensorflow/stream_executor/dso_loader.cc:108] successfully opened CUDA library libcudnn.so locally
I tensorflow/stream_executor/dso_loader.cc:108] successfully opened CUDA library libcufft.so locally
I tensorflow/stream_executor/dso_loader.cc:108] successfully opened CUDA library libcuda.so locally
I tensorflow/stream_executor/dso_loader.cc:108] successfully opened CUDA library libcurand.so locally
INFO:tensorflow:PS hosts are: ['raiders1:2228']
INFO:tensorflow:Worker hosts are: ['raiders1:2200', 'raiders1:2201', 'raiders3:2209', 'raiders3:2210']
I tensorflow/core/common_runtime/gpu/gpu_init.cc:102] Found device 0 with properties: 
name: GeForce GTX TITAN X
major: 5 minor: 2 memoryClockRate (GHz) 1.076
pciBusID 0000:43:00.0
Total memory: 11.92GiB
Free memory: 11.81GiB
I tensorflow/core/common_runtime/gpu/gpu_init.cc:126] DMA: 0 
I tensorflow/core/common_runtime/gpu/gpu_init.cc:136] 0:   Y 
I tensorflow/core/common_runtime/gpu/gpu_device.cc:806] Creating TensorFlow device (/gpu:0) -> (device: 0, name: GeForce GTX TITAN X, pci bus id: 0000:43:00.0)
I tensorflow/core/distributed_runtime/rpc/grpc_channel.cc:206] Initialize HostPortsGrpcChannelCache for job ps -> {raiders1:2228}
I tensorflow/core/distributed_runtime/rpc/grpc_channel.cc:206] Initialize HostPortsGrpcChannelCache for job worker -> {raiders1:2200, raiders1:2201, raiders3:2209, localhost:2210}
I tensorflow/core/distributed_runtime/rpc/grpc_server_lib.cc:202] Started server with target: grpc://localhost:2210
INFO:tensorflow:Learning rate: 0.005000, momentum: 0.450000
INFO:tensorflow:Sync mode!!!!!!
INFO:tensorflow:Compute groups : 4
INFO:tensorflow:SyncReplicas enabled: replicas_to_aggregate=4; total_num_replicas=4
INFO:tensorflow:Num nodes per compute groups: 1
INFO:tensorflow:Tokens per step: 1
INFO:tensorflow:2016-07-19 00:51:49.119874 Supervisor
INFO:tensorflow:got sessions!
INFO:tensorflow:Started 3 queues for processing input data.
I tensorflow/core/common_runtime/gpu/pool_allocator.cc:244] PoolAllocator: After 3576 get requests, put_count=2565 evicted_count=1000 eviction_rate=0.389864 and unsatisfied allocation rate=0.590324
I tensorflow/core/common_runtime/gpu/pool_allocator.cc:256] Raising pool_size_limit_ from 100 to 110
INFO:tensorflow:Step: 399, Accuracy: 0.625000, Loss: 5.174153, time: 6.857 sec/batch
INFO:tensorflow:Step: 402, Accuracy: 0.640625, Loss: 5.417983, time: 1.268 sec/batch
INFO:tensorflow:Step: 404, Accuracy: 0.593750, Loss: 5.614168, time: 1.715 sec/batch
INFO:tensorflow:Step: 406, Accuracy: 0.656250, Loss: 5.426653, time: 1.689 sec/batch
INFO:tensorflow:Step: 408, Accuracy: 0.515625, Loss: 5.308463, time: 1.290 sec/batch
I tensorflow/core/common_runtime/gpu/pool_allocator.cc:244] PoolAllocator: After 0 get requests, put_count=1016 evicted_count=1000 eviction_rate=0.984252 and unsatisfied allocation rate=0
INFO:tensorflow:Step: 410, Accuracy: 0.484375, Loss: 5.458327, time: 1.266 sec/batch
INFO:tensorflow:Step: 412, Accuracy: 0.562500, Loss: 5.385170, time: 1.234 sec/batch
INFO:tensorflow:Step: 414, Accuracy: 0.468750, Loss: 5.681155, time: 1.238 sec/batch
INFO:tensorflow:Step: 416, Accuracy: 0.671875, Loss: 5.151310, time: 1.699 sec/batch
INFO:tensorflow:Step: 418, Accuracy: 0.656250, Loss: 5.378616, time: 1.290 sec/batch
I tensorflow/core/common_runtime/gpu/pool_allocator.cc:244] PoolAllocator: After 0 get requests, put_count=1025 evicted_count=1000 eviction_rate=0.97561 and unsatisfied allocation rate=0
INFO:tensorflow:Step: 420, Accuracy: 0.625000, Loss: 5.238924, time: 1.932 sec/batch
INFO:tensorflow:Step: 422, Accuracy: 0.656250, Loss: 5.122661, time: 2.071 sec/batch
INFO:tensorflow:Step: 424, Accuracy: 0.656250, Loss: 5.338478, time: 1.834 sec/batch
INFO:tensorflow:Step: 426, Accuracy: 0.625000, Loss: 5.249811, time: 1.255 sec/batch
INFO:tensorflow:Step: 428, Accuracy: 0.609375, Loss: 5.369561, time: 1.612 sec/batch
INFO:tensorflow:Step: 430, Accuracy: 0.656250, Loss: 5.529261, time: 1.595 sec/batch
I tensorflow/core/common_runtime/gpu/pool_allocator.cc:244] PoolAllocator: After 0 get requests, put_count=1044 evicted_count=1000 eviction_rate=0.957854 and unsatisfied allocation rate=0
INFO:tensorflow:Step: 433, Accuracy: 0.578125, Loss: 5.310750, time: 2.030 sec/batch
INFO:tensorflow:Step: 437, Accuracy: 0.609375, Loss: 5.384529, time: 1.369 sec/batch
INFO:tensorflow:Step: 440, Accuracy: 0.640625, Loss: 5.325622, time: 2.504 sec/batch
INFO:tensorflow:Step: 443, Accuracy: 0.546875, Loss: 5.147467, time: 1.388 sec/batch
INFO:tensorflow:Step: 446, Accuracy: 0.546875, Loss: 5.378993, time: 1.493 sec/batch
INFO:tensorflow:Step: 450, Accuracy: 0.640625, Loss: 5.236368, time: 1.562 sec/batch
INFO:tensorflow:Step: 452, Accuracy: 0.625000, Loss: 5.305594, time: 1.869 sec/batch
I tensorflow/core/common_runtime/gpu/pool_allocator.cc:244] PoolAllocator: After 3579 get requests, put_count=4417 evicted_count=2000 eviction_rate=0.452796 and unsatisfied allocation rate=0.346745
I tensorflow/core/common_runtime/gpu/pool_allocator.cc:256] Raising pool_size_limit_ from 871 to 958
INFO:tensorflow:Step: 457, Accuracy: 0.609375, Loss: 5.411280, time: 2.974 sec/batch
INFO:tensorflow:Step: 462, Accuracy: 0.531250, Loss: 5.190912, time: 1.689 sec/batch
INFO:tensorflow:Step: 467, Accuracy: 0.625000, Loss: 5.014444, time: 1.900 sec/batch
INFO:tensorflow:Step: 470, Accuracy: 0.640625, Loss: 5.245632, time: 1.699 sec/batch
INFO:tensorflow:Step: 474, Accuracy: 0.609375, Loss: 5.266693, time: 2.549 sec/batch
INFO:tensorflow:Step: 478, Accuracy: 0.500000, Loss: 5.184847, time: 1.943 sec/batch
INFO:tensorflow:Step: 484, Accuracy: 0.593750, Loss: 5.418889, time: 2.173 sec/batch
INFO:tensorflow:Step: 489, Accuracy: 0.609375, Loss: 5.127878, time: 1.620 sec/batch
INFO:tensorflow:Step: 493, Accuracy: 0.671875, Loss: 5.394545, time: 1.260 sec/batch
INFO:tensorflow:Step: 498, Accuracy: 0.578125, Loss: 5.066914, time: 2.874 sec/batch
INFO:tensorflow:Step: 503, Accuracy: 0.546875, Loss: 5.194268, time: 1.687 sec/batch
INFO:tensorflow:Step: 507, Accuracy: 0.593750, Loss: 5.283806, time: 1.739 sec/batch
INFO:tensorflow:Step: 512, Accuracy: 0.625000, Loss: 5.233560, time: 1.404 sec/batch
INFO:tensorflow:Step: 516, Accuracy: 0.546875, Loss: 5.184662, time: 1.528 sec/batch
INFO:tensorflow:Step: 521, Accuracy: 0.609375, Loss: 5.446737, time: 1.383 sec/batch
INFO:tensorflow:Step: 525, Accuracy: 0.625000, Loss: 5.074003, time: 1.655 sec/batch
INFO:tensorflow:Step: 529, Accuracy: 0.562500, Loss: 5.176270, time: 1.795 sec/batch
INFO:tensorflow:Step: 533, Accuracy: 0.546875, Loss: 5.286173, time: 1.398 sec/batch
INFO:tensorflow:Step: 538, Accuracy: 0.625000, Loss: 5.122364, time: 1.779 sec/batch
INFO:tensorflow:Step: 543, Accuracy: 0.687500, Loss: 5.040824, time: 1.282 sec/batch
INFO:tensorflow:Step: 547, Accuracy: 0.734375, Loss: 5.198921, time: 1.341 sec/batch
INFO:tensorflow:Step: 551, Accuracy: 0.640625, Loss: 5.226263, time: 1.596 sec/batch
INFO:tensorflow:Step: 555, Accuracy: 0.531250, Loss: 5.165695, time: 1.405 sec/batch
INFO:tensorflow:Step: 560, Accuracy: 0.781250, Loss: 5.048106, time: 1.380 sec/batch
INFO:tensorflow:Step: 563, Accuracy: 0.671875, Loss: 5.334196, time: 1.357 sec/batch
INFO:tensorflow:Step: 567, Accuracy: 0.578125, Loss: 5.407222, time: 1.393 sec/batch
INFO:tensorflow:Step: 571, Accuracy: 0.625000, Loss: 5.624618, time: 1.286 sec/batch
INFO:tensorflow:Step: 575, Accuracy: 0.687500, Loss: 5.300768, time: 1.644 sec/batch
INFO:tensorflow:Step: 579, Accuracy: 0.546875, Loss: 5.213465, time: 1.489 sec/batch
INFO:tensorflow:Step: 583, Accuracy: 0.703125, Loss: 5.261620, time: 1.237 sec/batch
INFO:tensorflow:Step: 587, Accuracy: 0.640625, Loss: 5.215711, time: 1.276 sec/batch
INFO:tensorflow:Step: 591, Accuracy: 0.562500, Loss: 5.228409, time: 1.404 sec/batch
INFO:tensorflow:Step: 595, Accuracy: 0.593750, Loss: 5.240743, time: 1.502 sec/batch
INFO:tensorflow:Step: 600, Accuracy: 0.484375, Loss: 5.208792, time: 1.282 sec/batch
INFO:tensorflow:Step: 604, Accuracy: 0.625000, Loss: 4.946018, time: 1.680 sec/batch
INFO:tensorflow:Step: 608, Accuracy: 0.640625, Loss: 5.316924, time: 1.368 sec/batch
INFO:tensorflow:Step: 613, Accuracy: 0.609375, Loss: 5.098448, time: 1.463 sec/batch
INFO:tensorflow:Step: 617, Accuracy: 0.750000, Loss: 5.043027, time: 1.342 sec/batch
INFO:tensorflow:Step: 621, Accuracy: 0.656250, Loss: 5.286778, time: 1.344 sec/batch
INFO:tensorflow:Step: 626, Accuracy: 0.593750, Loss: 5.270885, time: 1.321 sec/batch
INFO:tensorflow:Step: 630, Accuracy: 0.656250, Loss: 5.016885, time: 1.328 sec/batch
INFO:tensorflow:Step: 633, Accuracy: 0.562500, Loss: 5.170001, time: 1.541 sec/batch
INFO:tensorflow:Step: 638, Accuracy: 0.625000, Loss: 5.290063, time: 1.399 sec/batch
INFO:tensorflow:Step: 642, Accuracy: 0.640625, Loss: 5.362576, time: 1.407 sec/batch
INFO:tensorflow:Step: 647, Accuracy: 0.640625, Loss: 4.887980, time: 1.687 sec/batch
INFO:tensorflow:Step: 651, Accuracy: 0.640625, Loss: 5.102165, time: 1.334 sec/batch
INFO:tensorflow:Step: 655, Accuracy: 0.562500, Loss: 5.174253, time: 1.311 sec/batch
INFO:tensorflow:Step: 660, Accuracy: 0.703125, Loss: 5.184507, time: 1.305 sec/batch
INFO:tensorflow:Step: 664, Accuracy: 0.671875, Loss: 4.931293, time: 1.374 sec/batch
INFO:tensorflow:Step: 668, Accuracy: 0.625000, Loss: 5.176709, time: 1.570 sec/batch
INFO:tensorflow:Step: 672, Accuracy: 0.609375, Loss: 5.171391, time: 1.254 sec/batch
INFO:tensorflow:Step: 676, Accuracy: 0.484375, Loss: 5.137917, time: 1.480 sec/batch
INFO:tensorflow:Step: 680, Accuracy: 0.671875, Loss: 5.307249, time: 1.336 sec/batch
INFO:tensorflow:Step: 684, Accuracy: 0.703125, Loss: 5.278330, time: 1.406 sec/batch
INFO:tensorflow:Step: 688, Accuracy: 0.656250, Loss: 5.291176, time: 1.350 sec/batch
INFO:tensorflow:Step: 691, Accuracy: 0.609375, Loss: 5.571668, time: 1.348 sec/batch
INFO:tensorflow:Step: 696, Accuracy: 0.531250, Loss: 5.275382, time: 1.336 sec/batch
INFO:tensorflow:Step: 700, Accuracy: 0.593750, Loss: 5.307699, time: 1.262 sec/batch
INFO:tensorflow:Step: 704, Accuracy: 0.546875, Loss: 5.167541, time: 1.279 sec/batch
INFO:tensorflow:Step: 709, Accuracy: 0.640625, Loss: 5.446300, time: 1.293 sec/batch
INFO:tensorflow:Step: 713, Accuracy: 0.593750, Loss: 5.112723, time: 1.287 sec/batch
INFO:tensorflow:Step: 717, Accuracy: 0.593750, Loss: 5.073621, time: 1.251 sec/batch
INFO:tensorflow:Step: 721, Accuracy: 0.671875, Loss: 5.146356, time: 1.329 sec/batch
INFO:tensorflow:Step: 725, Accuracy: 0.734375, Loss: 4.978964, time: 1.227 sec/batch
INFO:tensorflow:Step: 729, Accuracy: 0.656250, Loss: 5.024302, time: 1.313 sec/batch
INFO:tensorflow:Step: 733, Accuracy: 0.593750, Loss: 5.171839, time: 1.240 sec/batch
INFO:tensorflow:Step: 737, Accuracy: 0.687500, Loss: 5.172728, time: 1.295 sec/batch
INFO:tensorflow:Step: 741, Accuracy: 0.703125, Loss: 5.235163, time: 1.460 sec/batch
INFO:tensorflow:Step: 745, Accuracy: 0.578125, Loss: 5.167960, time: 1.301 sec/batch
INFO:tensorflow:Step: 749, Accuracy: 0.593750, Loss: 5.277989, time: 1.220 sec/batch
INFO:tensorflow:Step: 753, Accuracy: 0.546875, Loss: 5.115444, time: 1.446 sec/batch
INFO:tensorflow:Step: 758, Accuracy: 0.640625, Loss: 5.327781, time: 1.309 sec/batch
INFO:tensorflow:Step: 761, Accuracy: 0.546875, Loss: 5.101420, time: 1.358 sec/batch
INFO:tensorflow:Step: 765, Accuracy: 0.515625, Loss: 4.997384, time: 1.323 sec/batch
INFO:tensorflow:Step: 769, Accuracy: 0.640625, Loss: 4.941838, time: 1.249 sec/batch
INFO:tensorflow:Step: 773, Accuracy: 0.656250, Loss: 4.776554, time: 1.308 sec/batch
INFO:tensorflow:Step: 777, Accuracy: 0.625000, Loss: 5.086030, time: 1.274 sec/batch
INFO:tensorflow:Step: 781, Accuracy: 0.625000, Loss: 5.185964, time: 1.265 sec/batch
INFO:tensorflow:Step: 785, Accuracy: 0.703125, Loss: 5.385945, time: 1.247 sec/batch
INFO:tensorflow:Step: 789, Accuracy: 0.640625, Loss: 5.119810, time: 1.312 sec/batch
INFO:tensorflow:Step: 793, Accuracy: 0.515625, Loss: 4.997130, time: 1.310 sec/batch
INFO:tensorflow:Step: 797, Accuracy: 0.656250, Loss: 5.263867, time: 1.340 sec/batch
INFO:tensorflow:Step: 801, Accuracy: 0.531250, Loss: 5.131319, time: 1.345 sec/batch
INFO:tensorflow:Step: 805, Accuracy: 0.656250, Loss: 5.401121, time: 1.346 sec/batch
INFO:tensorflow:Step: 809, Accuracy: 0.656250, Loss: 5.231413, time: 1.328 sec/batch
INFO:tensorflow:Step: 813, Accuracy: 0.656250, Loss: 5.034715, time: 1.410 sec/batch
INFO:tensorflow:Step: 818, Accuracy: 0.562500, Loss: 5.442200, time: 1.338 sec/batch
INFO:tensorflow:Step: 823, Accuracy: 0.687500, Loss: 5.197271, time: 1.266 sec/batch
INFO:tensorflow:Step: 827, Accuracy: 0.687500, Loss: 4.999064, time: 1.244 sec/batch
INFO:tensorflow:Step: 831, Accuracy: 0.640625, Loss: 5.082398, time: 1.332 sec/batch
INFO:tensorflow:Step: 835, Accuracy: 0.734375, Loss: 5.096148, time: 1.319 sec/batch
INFO:tensorflow:Step: 839, Accuracy: 0.640625, Loss: 5.385636, time: 1.318 sec/batch
INFO:tensorflow:Step: 843, Accuracy: 0.656250, Loss: 5.049915, time: 1.316 sec/batch
INFO:tensorflow:Step: 847, Accuracy: 0.640625, Loss: 5.160639, time: 1.475 sec/batch
INFO:tensorflow:Step: 851, Accuracy: 0.593750, Loss: 5.096348, time: 1.270 sec/batch
INFO:tensorflow:Step: 855, Accuracy: 0.656250, Loss: 5.232337, time: 1.312 sec/batch
INFO:tensorflow:Step: 859, Accuracy: 0.640625, Loss: 5.236066, time: 1.322 sec/batch
INFO:tensorflow:Step: 863, Accuracy: 0.656250, Loss: 5.158567, time: 1.355 sec/batch
INFO:tensorflow:Step: 867, Accuracy: 0.687500, Loss: 5.096127, time: 1.291 sec/batch
INFO:tensorflow:Step: 871, Accuracy: 0.531250, Loss: 5.154458, time: 1.318 sec/batch
INFO:tensorflow:Step: 876, Accuracy: 0.578125, Loss: 5.179862, time: 1.368 sec/batch
INFO:tensorflow:Step: 880, Accuracy: 0.578125, Loss: 5.020012, time: 1.320 sec/batch
INFO:tensorflow:Step: 884, Accuracy: 0.640625, Loss: 4.984918, time: 1.245 sec/batch
INFO:tensorflow:Step: 888, Accuracy: 0.609375, Loss: 5.251430, time: 1.295 sec/batch
INFO:tensorflow:Step: 893, Accuracy: 0.609375, Loss: 5.134911, time: 1.326 sec/batch
INFO:tensorflow:Step: 897, Accuracy: 0.671875, Loss: 5.033302, time: 1.231 sec/batch
INFO:tensorflow:Step: 901, Accuracy: 0.625000, Loss: 5.173533, time: 1.317 sec/batch
INFO:tensorflow:Step: 904, Accuracy: 0.562500, Loss: 5.041326, time: 1.301 sec/batch
INFO:tensorflow:Step: 908, Accuracy: 0.671875, Loss: 5.176443, time: 1.244 sec/batch
INFO:tensorflow:Step: 912, Accuracy: 0.656250, Loss: 5.096612, time: 1.347 sec/batch
INFO:tensorflow:Step: 916, Accuracy: 0.718750, Loss: 4.990506, time: 1.363 sec/batch
INFO:tensorflow:Step: 920, Accuracy: 0.671875, Loss: 5.045022, time: 1.356 sec/batch
INFO:tensorflow:Step: 924, Accuracy: 0.609375, Loss: 5.088653, time: 1.323 sec/batch
INFO:tensorflow:Step: 928, Accuracy: 0.593750, Loss: 5.223529, time: 1.289 sec/batch
INFO:tensorflow:Step: 932, Accuracy: 0.593750, Loss: 5.099181, time: 1.287 sec/batch
INFO:tensorflow:Step: 936, Accuracy: 0.609375, Loss: 5.118582, time: 1.331 sec/batch
INFO:tensorflow:Step: 940, Accuracy: 0.718750, Loss: 5.058748, time: 1.262 sec/batch
INFO:tensorflow:Step: 944, Accuracy: 0.609375, Loss: 5.046448, time: 1.264 sec/batch
INFO:tensorflow:Step: 948, Accuracy: 0.671875, Loss: 5.052687, time: 1.341 sec/batch
INFO:tensorflow:Step: 952, Accuracy: 0.671875, Loss: 4.939994, time: 1.327 sec/batch
INFO:tensorflow:Step: 956, Accuracy: 0.531250, Loss: 5.063387, time: 1.278 sec/batch
INFO:tensorflow:Step: 961, Accuracy: 0.609375, Loss: 5.100892, time: 1.312 sec/batch
INFO:tensorflow:Step: 965, Accuracy: 0.734375, Loss: 5.056898, time: 1.366 sec/batch
INFO:tensorflow:Step: 970, Accuracy: 0.640625, Loss: 4.970672, time: 1.380 sec/batch
INFO:tensorflow:Step: 974, Accuracy: 0.546875, Loss: 5.212162, time: 1.339 sec/batch
INFO:tensorflow:Step: 978, Accuracy: 0.625000, Loss: 5.239943, time: 1.301 sec/batch
INFO:tensorflow:Step: 982, Accuracy: 0.578125, Loss: 5.302969, time: 1.343 sec/batch
INFO:tensorflow:Step: 986, Accuracy: 0.609375, Loss: 5.161554, time: 1.234 sec/batch
INFO:tensorflow:Step: 990, Accuracy: 0.625000, Loss: 4.940061, time: 1.268 sec/batch
INFO:tensorflow:Step: 994, Accuracy: 0.656250, Loss: 4.987717, time: 1.307 sec/batch
INFO:tensorflow:Step: 998, Accuracy: 0.609375, Loss: 5.159688, time: 1.304 sec/batch
INFO:tensorflow:Step: 1003, Accuracy: 0.703125, Loss: 4.960516, time: 1.543 sec/batch
INFO:tensorflow:Step: 1007, Accuracy: 0.640625, Loss: 5.113289, time: 1.305 sec/batch
INFO:tensorflow:Step: 1011, Accuracy: 0.593750, Loss: 5.171832, time: 1.377 sec/batch
INFO:tensorflow:Step: 1015, Accuracy: 0.703125, Loss: 4.950703, time: 1.335 sec/batch
INFO:tensorflow:Step: 1019, Accuracy: 0.656250, Loss: 5.375469, time: 1.353 sec/batch
INFO:tensorflow:Step: 1023, Accuracy: 0.687500, Loss: 5.337183, time: 1.394 sec/batch
INFO:tensorflow:Step: 1027, Accuracy: 0.671875, Loss: 5.134280, time: 1.263 sec/batch
INFO:tensorflow:Step: 1031, Accuracy: 0.609375, Loss: 5.389205, time: 1.289 sec/batch
INFO:tensorflow:Step: 1035, Accuracy: 0.609375, Loss: 5.086223, time: 1.242 sec/batch
INFO:tensorflow:Step: 1039, Accuracy: 0.625000, Loss: 5.032814, time: 1.319 sec/batch
INFO:tensorflow:Step: 1043, Accuracy: 0.609375, Loss: 5.072011, time: 1.405 sec/batch
INFO:tensorflow:Step: 1047, Accuracy: 0.593750, Loss: 5.113868, time: 1.303 sec/batch
INFO:tensorflow:Step: 1052, Accuracy: 0.656250, Loss: 5.098012, time: 1.325 sec/batch
INFO:tensorflow:Step: 1056, Accuracy: 0.671875, Loss: 5.144846, time: 1.307 sec/batch
INFO:tensorflow:Step: 1060, Accuracy: 0.625000, Loss: 4.945270, time: 1.286 sec/batch
INFO:tensorflow:Step: 1065, Accuracy: 0.609375, Loss: 5.161969, time: 1.304 sec/batch
INFO:tensorflow:Step: 1069, Accuracy: 0.625000, Loss: 4.942352, time: 1.354 sec/batch
INFO:tensorflow:Step: 1073, Accuracy: 0.671875, Loss: 5.243273, time: 1.331 sec/batch
INFO:tensorflow:Step: 1077, Accuracy: 0.671875, Loss: 4.953312, time: 1.279 sec/batch
INFO:tensorflow:Step: 1080, Accuracy: 0.750000, Loss: 5.022181, time: 1.248 sec/batch
INFO:tensorflow:Step: 1084, Accuracy: 0.687500, Loss: 5.039576, time: 1.373 sec/batch
INFO:tensorflow:Step: 1089, Accuracy: 0.734375, Loss: 5.064577, time: 1.335 sec/batch
INFO:tensorflow:Step: 1093, Accuracy: 0.625000, Loss: 5.010818, time: 1.308 sec/batch
INFO:tensorflow:Step: 1097, Accuracy: 0.625000, Loss: 5.039953, time: 1.348 sec/batch
INFO:tensorflow:Step: 1101, Accuracy: 0.609375, Loss: 4.885762, time: 1.281 sec/batch
INFO:tensorflow:Step: 1106, Accuracy: 0.562500, Loss: 4.938191, time: 1.274 sec/batch
INFO:tensorflow:Step: 1110, Accuracy: 0.640625, Loss: 5.533015, time: 1.562 sec/batch
INFO:tensorflow:Step: 1114, Accuracy: 0.671875, Loss: 5.216193, time: 1.501 sec/batch
INFO:tensorflow:Step: 1118, Accuracy: 0.578125, Loss: 4.916697, time: 1.399 sec/batch
INFO:tensorflow:Step: 1122, Accuracy: 0.593750, Loss: 5.124194, time: 1.286 sec/batch
INFO:tensorflow:Step: 1126, Accuracy: 0.640625, Loss: 5.260264, time: 1.375 sec/batch
INFO:tensorflow:Step: 1130, Accuracy: 0.625000, Loss: 5.072570, time: 1.369 sec/batch
INFO:tensorflow:Step: 1134, Accuracy: 0.640625, Loss: 5.052361, time: 1.376 sec/batch
INFO:tensorflow:Step: 1138, Accuracy: 0.687500, Loss: 5.005468, time: 1.331 sec/batch
INFO:tensorflow:Step: 1142, Accuracy: 0.609375, Loss: 4.987042, time: 1.378 sec/batch
INFO:tensorflow:Step: 1148, Accuracy: 0.640625, Loss: 5.325109, time: 1.357 sec/batch
INFO:tensorflow:Step: 1152, Accuracy: 0.734375, Loss: 5.703681, time: 1.236 sec/batch
INFO:tensorflow:Step: 1156, Accuracy: 0.750000, Loss: 5.349033, time: 1.259 sec/batch
INFO:tensorflow:Step: 1160, Accuracy: 0.656250, Loss: 5.043174, time: 1.544 sec/batch
INFO:tensorflow:Step: 1164, Accuracy: 0.703125, Loss: 4.904755, time: 1.255 sec/batch
INFO:tensorflow:Step: 1168, Accuracy: 0.656250, Loss: 4.939062, time: 1.275 sec/batch
INFO:tensorflow:Step: 1172, Accuracy: 0.671875, Loss: 4.995804, time: 1.229 sec/batch
INFO:tensorflow:Step: 1176, Accuracy: 0.703125, Loss: 5.212280, time: 1.411 sec/batch
INFO:tensorflow:Step: 1180, Accuracy: 0.796875, Loss: 4.995856, time: 1.417 sec/batch
INFO:tensorflow:Step: 1184, Accuracy: 0.671875, Loss: 5.047440, time: 1.303 sec/batch
INFO:tensorflow:Step: 1188, Accuracy: 0.609375, Loss: 5.065588, time: 1.292 sec/batch
INFO:tensorflow:Step: 1192, Accuracy: 0.671875, Loss: 5.233723, time: 1.261 sec/batch
INFO:tensorflow:Step: 1196, Accuracy: 0.687500, Loss: 4.975988, time: 1.225 sec/batch
INFO:tensorflow:Step: 1200, Accuracy: 0.656250, Loss: 4.877084, time: 1.272 sec/batch
INFO:tensorflow:Step: 1204, Accuracy: 0.625000, Loss: 5.018541, time: 1.293 sec/batch
INFO:tensorflow:Step: 1208, Accuracy: 0.531250, Loss: 5.011999, time: 1.341 sec/batch
INFO:tensorflow:Step: 1212, Accuracy: 0.734375, Loss: 5.154902, time: 1.535 sec/batch
INFO:tensorflow:Step: 1217, Accuracy: 0.750000, Loss: 5.196281, time: 1.461 sec/batch
INFO:tensorflow:Step: 1221, Accuracy: 0.640625, Loss: 4.980763, time: 1.338 sec/batch
INFO:tensorflow:Step: 1225, Accuracy: 0.593750, Loss: 5.042050, time: 1.393 sec/batch
INFO:tensorflow:Step: 1229, Accuracy: 0.640625, Loss: 5.015152, time: 1.320 sec/batch
INFO:tensorflow:Step: 1233, Accuracy: 0.671875, Loss: 5.247303, time: 1.226 sec/batch
INFO:tensorflow:Step: 1237, Accuracy: 0.671875, Loss: 5.020298, time: 1.276 sec/batch
INFO:tensorflow:Step: 1241, Accuracy: 0.656250, Loss: 4.956800, time: 1.306 sec/batch
INFO:tensorflow:Step: 1245, Accuracy: 0.640625, Loss: 4.852260, time: 1.350 sec/batch
INFO:tensorflow:Step: 1249, Accuracy: 0.671875, Loss: 4.986022, time: 1.308 sec/batch
INFO:tensorflow:Step: 1253, Accuracy: 0.640625, Loss: 5.141242, time: 1.336 sec/batch
INFO:tensorflow:Step: 1257, Accuracy: 0.656250, Loss: 5.305732, time: 1.313 sec/batch
INFO:tensorflow:Step: 1261, Accuracy: 0.687500, Loss: 4.967124, time: 1.351 sec/batch
INFO:tensorflow:Step: 1267, Accuracy: 0.687500, Loss: 5.016891, time: 1.379 sec/batch
INFO:tensorflow:Step: 1270, Accuracy: 0.609375, Loss: 5.021460, time: 1.301 sec/batch
INFO:tensorflow:Step: 1274, Accuracy: 0.578125, Loss: 5.274964, time: 1.271 sec/batch
INFO:tensorflow:Step: 1279, Accuracy: 0.765625, Loss: 5.066681, time: 1.342 sec/batch
INFO:tensorflow:Step: 1283, Accuracy: 0.656250, Loss: 5.028185, time: 1.676 sec/batch
INFO:tensorflow:Step: 1287, Accuracy: 0.609375, Loss: 4.810496, time: 1.329 sec/batch
INFO:tensorflow:Step: 1292, Accuracy: 0.703125, Loss: 5.072256, time: 1.278 sec/batch
INFO:tensorflow:Step: 1296, Accuracy: 0.640625, Loss: 4.948718, time: 1.317 sec/batch
INFO:tensorflow:Step: 1300, Accuracy: 0.656250, Loss: 5.195270, time: 1.496 sec/batch
INFO:tensorflow:Step: 1304, Accuracy: 0.625000, Loss: 5.071135, time: 1.425 sec/batch
INFO:tensorflow:Step: 1308, Accuracy: 0.750000, Loss: 5.051371, time: 1.330 sec/batch
INFO:tensorflow:Step: 1311, Accuracy: 0.625000, Loss: 5.008352, time: 1.292 sec/batch
INFO:tensorflow:Step: 1315, Accuracy: 0.734375, Loss: 4.946080, time: 1.335 sec/batch
INFO:tensorflow:Step: 1320, Accuracy: 0.718750, Loss: 4.938259, time: 1.322 sec/batch
INFO:tensorflow:Step: 1323, Accuracy: 0.562500, Loss: 5.154171, time: 1.337 sec/batch
INFO:tensorflow:Step: 1327, Accuracy: 0.640625, Loss: 5.225715, time: 1.372 sec/batch
INFO:tensorflow:Step: 1333, Accuracy: 0.609375, Loss: 5.025280, time: 1.380 sec/batch
INFO:tensorflow:Step: 1335, Accuracy: 0.687500, Loss: 5.186717, time: 1.435 sec/batch
INFO:tensorflow:Step: 1339, Accuracy: 0.593750, Loss: 5.021232, time: 1.370 sec/batch
INFO:tensorflow:Step: 1343, Accuracy: 0.734375, Loss: 5.178963, time: 1.261 sec/batch
INFO:tensorflow:Step: 1347, Accuracy: 0.640625, Loss: 4.860962, time: 1.366 sec/batch
INFO:tensorflow:Step: 1351, Accuracy: 0.625000, Loss: 5.042029, time: 1.359 sec/batch
INFO:tensorflow:Step: 1355, Accuracy: 0.750000, Loss: 4.974743, time: 1.327 sec/batch
INFO:tensorflow:Step: 1360, Accuracy: 0.609375, Loss: 4.976529, time: 1.317 sec/batch
INFO:tensorflow:Step: 1364, Accuracy: 0.687500, Loss: 5.150161, time: 1.250 sec/batch
INFO:tensorflow:Step: 1368, Accuracy: 0.656250, Loss: 5.092878, time: 1.666 sec/batch
INFO:tensorflow:Step: 1373, Accuracy: 0.500000, Loss: 5.149993, time: 1.290 sec/batch
INFO:tensorflow:Step: 1377, Accuracy: 0.640625, Loss: 4.996442, time: 1.459 sec/batch
INFO:tensorflow:Step: 1381, Accuracy: 0.609375, Loss: 4.965115, time: 1.254 sec/batch
INFO:tensorflow:Step: 1385, Accuracy: 0.625000, Loss: 4.976209, time: 1.311 sec/batch
INFO:tensorflow:Step: 1389, Accuracy: 0.687500, Loss: 4.868137, time: 1.329 sec/batch
INFO:tensorflow:Step: 1394, Accuracy: 0.734375, Loss: 5.069196, time: 1.380 sec/batch
INFO:tensorflow:Step: 1399, Accuracy: 0.640625, Loss: 5.162194, time: 1.409 sec/batch
INFO:tensorflow:Step: 1403, Accuracy: 0.531250, Loss: 5.153446, time: 1.426 sec/batch
INFO:tensorflow:Step: 1407, Accuracy: 0.671875, Loss: 5.030379, time: 1.470 sec/batch
INFO:tensorflow:Step: 1411, Accuracy: 0.718750, Loss: 4.945875, time: 1.597 sec/batch
INFO:tensorflow:Step: 1415, Accuracy: 0.625000, Loss: 5.187151, time: 1.328 sec/batch
INFO:tensorflow:Step: 1420, Accuracy: 0.562500, Loss: 4.940919, time: 1.352 sec/batch
INFO:tensorflow:Step: 1424, Accuracy: 0.640625, Loss: 5.101940, time: 1.277 sec/batch
INFO:tensorflow:Step: 1429, Accuracy: 0.562500, Loss: 5.024557, time: 1.485 sec/batch
INFO:tensorflow:Step: 1433, Accuracy: 0.671875, Loss: 4.928965, time: 1.254 sec/batch
INFO:tensorflow:Step: 1437, Accuracy: 0.718750, Loss: 4.969551, time: 1.653 sec/batch
run-expr-4node.sh: line 23: 45652 Terminated              CUDA_VISIBLE_DEVICES=$1 bazel-bin/inception/imagenet_distributed_train --batch_size=64 --data_dir=/lfs/local/0/daniter/imagenet-8-$2 --job_name='worker' --task_id=$2 --ps_hosts='raiders1:2228' --worker_hosts='raiders1:2200,raiders1:2201,raiders3:2209,raiders3:2210' --initial_learning_rate=$3 --momentum=$4 --sync=True --compute_groups=$5
