DISPLAY "(null)" invalid; disabling X11 forwarding
I tensorflow/stream_executor/dso_loader.cc:108] successfully opened CUDA library libcublas.so locally
I tensorflow/stream_executor/dso_loader.cc:108] successfully opened CUDA library libcudnn.so locally
I tensorflow/stream_executor/dso_loader.cc:108] successfully opened CUDA library libcufft.so locally
I tensorflow/stream_executor/dso_loader.cc:108] successfully opened CUDA library libcuda.so locally
I tensorflow/stream_executor/dso_loader.cc:108] successfully opened CUDA library libcurand.so locally
INFO:tensorflow:PS hosts are: ['raiders1:2200']
INFO:tensorflow:Worker hosts are: ['raiders1:2201', 'raiders1:2202', 'raiders1:2203', 'raiders1:2204', 'raiders2:2205', 'raiders2:2206', 'raiders2:2207', 'raiders2:2208', 'raiders3:2209', 'raiders3:2210', 'raiders3:2211', 'raiders3:2212', 'raiders8:2213', 'raiders8:2214', 'raiders8:2215', 'raiders8:2216']
E tensorflow/stream_executor/cuda/cuda_driver.cc:491] failed call to cuInit: CUDA_ERROR_NO_DEVICE
I tensorflow/stream_executor/cuda/cuda_diagnostics.cc:153] retrieving CUDA diagnostic information for host: raiders2
I tensorflow/stream_executor/cuda/cuda_diagnostics.cc:160] hostname: raiders2
I tensorflow/stream_executor/cuda/cuda_diagnostics.cc:185] libcuda reported version is: Not found: was unable to find libcuda.so DSO loaded into this program
I tensorflow/stream_executor/cuda/cuda_diagnostics.cc:347] driver version file contents: """NVRM version: NVIDIA UNIX x86_64 Kernel Module  352.93  Tue Apr  5 18:18:24 PDT 2016
GCC version:  gcc version 4.8.4 (Ubuntu 4.8.4-2ubuntu1~14.04.1) 
"""
I tensorflow/stream_executor/cuda/cuda_diagnostics.cc:189] kernel reported version is: 352.93.0
I tensorflow/core/common_runtime/gpu/gpu_init.cc:81] No GPU devices available on machine.
I tensorflow/core/distributed_runtime/rpc/grpc_channel.cc:206] Initialize HostPortsGrpcChannelCache for job ps -> {raiders1:2200}
I tensorflow/core/distributed_runtime/rpc/grpc_channel.cc:206] Initialize HostPortsGrpcChannelCache for job worker -> {raiders1:2201, raiders1:2202, raiders1:2203, raiders1:2204, raiders2:2205, localhost:2206, raiders2:2207, raiders2:2208, raiders3:2209, raiders3:2210, raiders3:2211, raiders3:2212, raiders8:2213, raiders8:2214, raiders8:2215, raiders8:2216}
I tensorflow/core/distributed_runtime/rpc/grpc_server_lib.cc:202] Started server with target: grpc://localhost:2206
INFO:tensorflow:Learning rate: 0.005000, momentum: 0.300000
INFO:tensorflow:Sync mode!!!!!!
INFO:tensorflow:Compute groups : 2
INFO:tensorflow:SyncReplicas enabled: replicas_to_aggregate=16; total_num_replicas=16
INFO:tensorflow:Num nodes per compute groups: 8
INFO:tensorflow:Tokens per step: 8
INFO:tensorflow:2016-07-27 00:15:39.710366 Supervisor
INFO:tensorflow:got sessions! 2016-07-27 00:15:55.737862 
INFO:tensorflow:Started 3 queues for processing input data.
INFO:tensorflow:Step: 399, Loss: 5.538775, time: 29.222 sec/batch
INFO:tensorflow:Step: 399, Loss: 5.848318, time: 14.877 sec/batch
INFO:tensorflow:Step: 401, Loss: 7.216372, time: 13.756 sec/batch
INFO:tensorflow:Step: 403, Loss: 5.711929, time: 12.780 sec/batch
INFO:tensorflow:Step: 405, Loss: 6.200285, time: 13.212 sec/batch
INFO:tensorflow:Step: 407, Loss: 5.557301, time: 13.710 sec/batch
INFO:tensorflow:Step: 408, Loss: 5.045806, time: 11.698 sec/batch
INFO:tensorflow:Step: 410, Loss: 5.616877, time: 11.471 sec/batch
INFO:tensorflow:Step: 412, Loss: 6.428996, time: 15.310 sec/batch
INFO:tensorflow:Step: 414, Loss: 4.891001, time: 16.344 sec/batch
INFO:tensorflow:Step: 416, Loss: 5.488623, time: 14.836 sec/batch
INFO:tensorflow:Step: 418, Loss: 5.132297, time: 20.377 sec/batch
INFO:tensorflow:Step: 419, Loss: 5.192781, time: 18.997 sec/batch
INFO:tensorflow:Step: 422, Loss: 5.302164, time: 18.975 sec/batch
INFO:tensorflow:Step: 423, Loss: 4.975740, time: 16.855 sec/batch
INFO:tensorflow:Step: 426, Loss: 6.043767, time: 18.556 sec/batch
INFO:tensorflow:Step: 427, Loss: 5.693728, time: 19.486 sec/batch
INFO:tensorflow:Step: 429, Loss: 5.386041, time: 15.770 sec/batch
INFO:tensorflow:Step: 431, Loss: 5.186604, time: 17.617 sec/batch
INFO:tensorflow:Step: 433, Loss: 5.419481, time: 15.659 sec/batch
INFO:tensorflow:Step: 435, Loss: 5.093395, time: 19.626 sec/batch
INFO:tensorflow:Step: 438, Loss: 5.855508, time: 19.604 sec/batch
INFO:tensorflow:Step: 440, Loss: 5.737259, time: 18.218 sec/batch
INFO:tensorflow:Step: 442, Loss: 5.542332, time: 18.424 sec/batch
INFO:tensorflow:Step: 444, Loss: 5.248160, time: 15.546 sec/batch
INFO:tensorflow:Step: 446, Loss: 5.459454, time: 18.696 sec/batch
INFO:tensorflow:Step: 448, Loss: 5.363287, time: 18.572 sec/batch
INFO:tensorflow:Step: 450, Loss: 5.836099, time: 18.254 sec/batch
INFO:tensorflow:Step: 452, Loss: 5.605439, time: 18.691 sec/batch
INFO:tensorflow:Step: 454, Loss: 5.133277, time: 17.415 sec/batch
INFO:tensorflow:Step: 456, Loss: 4.990321, time: 18.759 sec/batch
INFO:tensorflow:Step: 458, Loss: 5.217645, time: 18.356 sec/batch
INFO:tensorflow:Step: 459, Loss: 5.743500, time: 15.547 sec/batch
INFO:tensorflow:Step: 461, Loss: 5.166204, time: 15.306 sec/batch
INFO:tensorflow:Step: 463, Loss: 5.442422, time: 13.856 sec/batch
INFO:tensorflow:Step: 465, Loss: 5.550741, time: 14.924 sec/batch
INFO:tensorflow:Step: 467, Loss: 4.890861, time: 13.781 sec/batch
INFO:tensorflow:Step: 469, Loss: 5.503146, time: 14.917 sec/batch
INFO:tensorflow:Step: 471, Loss: 5.548303, time: 15.563 sec/batch
INFO:tensorflow:Step: 473, Loss: 5.271730, time: 14.116 sec/batch
INFO:tensorflow:Step: 475, Loss: 5.304218, time: 14.904 sec/batch
INFO:tensorflow:Step: 477, Loss: 5.395983, time: 15.936 sec/batch
INFO:tensorflow:Step: 479, Loss: 5.258135, time: 14.517 sec/batch
INFO:tensorflow:Step: 481, Loss: 5.163524, time: 16.109 sec/batch
INFO:tensorflow:Step: 483, Loss: 5.204702, time: 15.662 sec/batch
INFO:tensorflow:Step: 486, Loss: 5.277320, time: 16.328 sec/batch
INFO:tensorflow:Step: 487, Loss: 4.946450, time: 15.214 sec/batch
INFO:tensorflow:Step: 489, Loss: 5.878138, time: 16.195 sec/batch
INFO:tensorflow:Step: 491, Loss: 5.573597, time: 16.677 sec/batch
INFO:tensorflow:Step: 494, Loss: 5.088124, time: 16.715 sec/batch
INFO:tensorflow:Step: 495, Loss: 5.330317, time: 15.461 sec/batch
INFO:tensorflow:Step: 498, Loss: 5.405891, time: 16.489 sec/batch
INFO:tensorflow:Step: 500, Loss: 5.203316, time: 16.577 sec/batch
INFO:tensorflow:Step: 501, Loss: 5.646676, time: 17.548 sec/batch
INFO:tensorflow:Step: 504, Loss: 5.227527, time: 15.537 sec/batch
INFO:tensorflow:Step: 506, Loss: 4.961494, time: 16.101 sec/batch
INFO:tensorflow:Step: 508, Loss: 5.267300, time: 15.850 sec/batch
INFO:tensorflow:Step: 510, Loss: 5.228508, time: 16.055 sec/batch
INFO:tensorflow:Step: 512, Loss: 5.252305, time: 16.242 sec/batch
INFO:tensorflow:Step: 514, Loss: 5.621567, time: 15.755 sec/batch
INFO:tensorflow:Step: 516, Loss: 5.873367, time: 17.011 sec/batch
INFO:tensorflow:Step: 518, Loss: 4.602057, time: 15.800 sec/batch
INFO:tensorflow:Step: 519, Loss: 5.444002, time: 14.918 sec/batch
INFO:tensorflow:Step: 521, Loss: 5.527133, time: 14.941 sec/batch
INFO:tensorflow:Step: 523, Loss: 5.449967, time: 14.254 sec/batch
INFO:tensorflow:Step: 525, Loss: 5.271483, time: 15.162 sec/batch
INFO:tensorflow:Step: 527, Loss: 5.369990, time: 14.695 sec/batch
INFO:tensorflow:Step: 529, Loss: 5.198643, time: 15.175 sec/batch
INFO:tensorflow:Step: 531, Loss: 5.302118, time: 14.897 sec/batch
INFO:tensorflow:Step: 533, Loss: 4.990782, time: 13.665 sec/batch
INFO:tensorflow:Step: 535, Loss: 5.031347, time: 15.546 sec/batch
INFO:tensorflow:Step: 537, Loss: 5.708273, time: 13.281 sec/batch
INFO:tensorflow:Step: 539, Loss: 5.118907, time: 13.116 sec/batch
INFO:tensorflow:Step: 541, Loss: 5.748484, time: 15.987 sec/batch
INFO:tensorflow:Step: 543, Loss: 5.276107, time: 13.716 sec/batch
INFO:tensorflow:Step: 545, Loss: 5.733075, time: 14.721 sec/batch
INFO:tensorflow:Step: 547, Loss: 5.524610, time: 13.893 sec/batch
INFO:tensorflow:Step: 549, Loss: 5.570196, time: 14.840 sec/batch
INFO:tensorflow:Step: 551, Loss: 5.504793, time: 15.373 sec/batch
INFO:tensorflow:Step: 553, Loss: 5.699218, time: 14.352 sec/batch
INFO:tensorflow:Step: 555, Loss: 5.074395, time: 15.435 sec/batch
INFO:tensorflow:Step: 557, Loss: 4.821097, time: 13.997 sec/batch
INFO:tensorflow:Step: 559, Loss: 5.115400, time: 14.119 sec/batch
INFO:tensorflow:Step: 561, Loss: 5.816750, time: 13.725 sec/batch
INFO:tensorflow:Step: 563, Loss: 5.204993, time: 14.638 sec/batch
INFO:tensorflow:Step: 565, Loss: 5.018213, time: 14.820 sec/batch
INFO:tensorflow:Step: 567, Loss: 5.268065, time: 14.917 sec/batch
INFO:tensorflow:Step: 569, Loss: 5.353499, time: 15.490 sec/batch
INFO:tensorflow:Step: 571, Loss: 5.092212, time: 14.432 sec/batch
INFO:tensorflow:Step: 573, Loss: 5.500667, time: 15.059 sec/batch
INFO:tensorflow:Step: 575, Loss: 5.261896, time: 15.361 sec/batch
INFO:tensorflow:Step: 577, Loss: 5.400490, time: 13.642 sec/batch
INFO:tensorflow:Step: 579, Loss: 4.793262, time: 15.098 sec/batch
INFO:tensorflow:Step: 581, Loss: 5.342751, time: 14.738 sec/batch
INFO:tensorflow:Step: 583, Loss: 5.484311, time: 15.383 sec/batch
INFO:tensorflow:Step: 585, Loss: 4.920279, time: 14.845 sec/batch
INFO:tensorflow:Step: 587, Loss: 4.917034, time: 14.250 sec/batch
INFO:tensorflow:Step: 589, Loss: 5.461668, time: 14.245 sec/batch
INFO:tensorflow:Step: 591, Loss: 4.986660, time: 14.277 sec/batch
INFO:tensorflow:Step: 593, Loss: 5.499689, time: 14.645 sec/batch
INFO:tensorflow:Step: 595, Loss: 5.167372, time: 14.677 sec/batch
INFO:tensorflow:Step: 597, Loss: 5.395917, time: 15.180 sec/batch
INFO:tensorflow:Step: 599, Loss: 5.493639, time: 14.851 sec/batch
INFO:tensorflow:Step: 601, Loss: 5.842310, time: 14.785 sec/batch
INFO:tensorflow:Step: 603, Loss: 5.259140, time: 15.333 sec/batch
INFO:tensorflow:Step: 605, Loss: 6.300394, time: 16.267 sec/batch
INFO:tensorflow:Step: 608, Loss: 5.341825, time: 15.069 sec/batch
INFO:tensorflow:Step: 610, Loss: 5.124523, time: 15.557 sec/batch
INFO:tensorflow:Step: 612, Loss: 4.630831, time: 15.494 sec/batch
INFO:tensorflow:Step: 613, Loss: 5.185773, time: 15.649 sec/batch
INFO:tensorflow:Step: 616, Loss: 5.356055, time: 16.028 sec/batch
INFO:tensorflow:Step: 618, Loss: 5.031914, time: 15.734 sec/batch
INFO:tensorflow:Step: 620, Loss: 5.257147, time: 15.680 sec/batch
INFO:tensorflow:Step: 622, Loss: 5.960166, time: 15.358 sec/batch
INFO:tensorflow:Step: 623, Loss: 5.369064, time: 15.614 sec/batch
INFO:tensorflow:Step: 625, Loss: 4.946105, time: 15.805 sec/batch
INFO:tensorflow:Step: 628, Loss: 5.360953, time: 16.191 sec/batch
INFO:tensorflow:Step: 630, Loss: 5.565551, time: 16.009 sec/batch
INFO:tensorflow:Step: 632, Loss: 5.925331, time: 15.783 sec/batch
INFO:tensorflow:Step: 633, Loss: 5.341700, time: 15.812 sec/batch
INFO:tensorflow:Step: 635, Loss: 5.580555, time: 15.903 sec/batch
INFO:tensorflow:Step: 638, Loss: 4.810289, time: 16.927 sec/batch
INFO:tensorflow:Step: 640, Loss: 4.950936, time: 14.691 sec/batch
INFO:tensorflow:Step: 642, Loss: 5.476711, time: 16.694 sec/batch
INFO:tensorflow:Step: 644, Loss: 5.189178, time: 15.271 sec/batch
INFO:tensorflow:Step: 645, Loss: 4.539556, time: 15.290 sec/batch
INFO:tensorflow:Step: 647, Loss: 5.401138, time: 14.895 sec/batch
INFO:tensorflow:Step: 649, Loss: 5.306162, time: 16.147 sec/batch
INFO:tensorflow:Step: 651, Loss: 5.233908, time: 16.214 sec/batch
INFO:tensorflow:Step: 654, Loss: 4.818379, time: 15.493 sec/batch
INFO:tensorflow:Step: 656, Loss: 5.274761, time: 15.951 sec/batch
INFO:tensorflow:Step: 658, Loss: 5.141346, time: 15.470 sec/batch
INFO:tensorflow:Step: 659, Loss: 5.264703, time: 15.947 sec/batch
INFO:tensorflow:Step: 661, Loss: 5.405815, time: 15.152 sec/batch
INFO:tensorflow:Step: 663, Loss: 5.704786, time: 14.361 sec/batch
INFO:tensorflow:Step: 665, Loss: 5.287137, time: 14.384 sec/batch
INFO:tensorflow:Step: 667, Loss: 5.233837, time: 14.569 sec/batch
INFO:tensorflow:Step: 669, Loss: 4.668021, time: 13.390 sec/batch
INFO:tensorflow:Step: 671, Loss: 5.342789, time: 13.250 sec/batch
INFO:tensorflow:Step: 673, Loss: 5.358616, time: 12.506 sec/batch
INFO:tensorflow:Step: 675, Loss: 5.556151, time: 12.863 sec/batch
INFO:tensorflow:Step: 677, Loss: 5.252680, time: 13.222 sec/batch
INFO:tensorflow:Step: 679, Loss: 5.447317, time: 13.567 sec/batch
INFO:tensorflow:Step: 681, Loss: 5.318470, time: 13.003 sec/batch
INFO:tensorflow:Step: 683, Loss: 5.334575, time: 13.358 sec/batch
INFO:tensorflow:Step: 685, Loss: 5.425781, time: 15.432 sec/batch
INFO:tensorflow:Step: 687, Loss: 5.054136, time: 14.922 sec/batch
INFO:tensorflow:Step: 688, Loss: 5.641175, time: 14.449 sec/batch
INFO:tensorflow:Step: 691, Loss: 4.950409, time: 15.045 sec/batch
INFO:tensorflow:Step: 692, Loss: 5.250998, time: 13.308 sec/batch
INFO:tensorflow:Step: 694, Loss: 5.518179, time: 14.442 sec/batch
INFO:tensorflow:Step: 696, Loss: 5.350120, time: 13.746 sec/batch
INFO:tensorflow:Step: 698, Loss: 5.427591, time: 13.331 sec/batch
INFO:tensorflow:Step: 700, Loss: 5.617203, time: 14.064 sec/batch
INFO:tensorflow:Step: 702, Loss: 5.175704, time: 13.112 sec/batch
INFO:tensorflow:Step: 704, Loss: 4.884701, time: 13.637 sec/batch
INFO:tensorflow:Step: 706, Loss: 4.926765, time: 13.088 sec/batch
INFO:tensorflow:Step: 708, Loss: 5.158769, time: 12.734 sec/batch
INFO:tensorflow:Step: 710, Loss: 4.952849, time: 13.632 sec/batch
INFO:tensorflow:Step: 712, Loss: 4.941276, time: 13.283 sec/batch
INFO:tensorflow:Step: 714, Loss: 5.065117, time: 12.999 sec/batch
INFO:tensorflow:Step: 716, Loss: 4.844894, time: 13.545 sec/batch
INFO:tensorflow:Step: 718, Loss: 5.042657, time: 13.392 sec/batch
INFO:tensorflow:Step: 720, Loss: 4.922550, time: 13.468 sec/batch
INFO:tensorflow:Step: 722, Loss: 5.445980, time: 15.600 sec/batch
INFO:tensorflow:Step: 724, Loss: 5.383761, time: 15.922 sec/batch
INFO:tensorflow:Step: 726, Loss: 5.308050, time: 14.350 sec/batch
INFO:tensorflow:Step: 728, Loss: 5.034790, time: 15.255 sec/batch
INFO:tensorflow:Step: 730, Loss: 5.260827, time: 15.464 sec/batch
INFO:tensorflow:Step: 732, Loss: 4.903113, time: 15.454 sec/batch
run-expr-32node.sh: line 23: 46064 Terminated              CUDA_VISIBLE_DEVICES='' bazel-bin/inception/imagenet_distributed_train --batch_size=16 --data_dir=/lfs/local/0/daniter/16node-data-$2 --job_name='worker' --task_id=$2 --ps_hosts='raiders1:2200' --worker_hosts='raiders1:2201,raiders1:2202,raiders1:2203,raiders1:2204,raiders2:2205,raiders2:2206,raiders2:2207,raiders2:2208,raiders3:2209,raiders3:2210,raiders3:2211,raiders3:2212,raiders8:2213,raiders8:2214,raiders8:2215,raiders8:2216' --initial_learning_rate=$3 --momentum=$4 --sync=True --compute_groups=$5
