DISPLAY "(null)" invalid; disabling X11 forwarding
I tensorflow/stream_executor/dso_loader.cc:108] successfully opened CUDA library libcublas.so locally
I tensorflow/stream_executor/dso_loader.cc:108] successfully opened CUDA library libcudnn.so locally
I tensorflow/stream_executor/dso_loader.cc:108] successfully opened CUDA library libcufft.so locally
I tensorflow/stream_executor/dso_loader.cc:108] successfully opened CUDA library libcuda.so locally
I tensorflow/stream_executor/dso_loader.cc:108] successfully opened CUDA library libcurand.so locally
INFO:tensorflow:PS hosts are: ['raiders1:2200']
INFO:tensorflow:Worker hosts are: ['raiders1:2201', 'raiders1:2202', 'raiders1:2203', 'raiders1:2204', 'raiders2:2205', 'raiders2:2206', 'raiders2:2207', 'raiders2:2208', 'raiders3:2209', 'raiders3:2210', 'raiders3:2211', 'raiders3:2212', 'raiders8:2213', 'raiders8:2214', 'raiders8:2215', 'raiders8:2216']
E tensorflow/stream_executor/cuda/cuda_driver.cc:491] failed call to cuInit: CUDA_ERROR_NO_DEVICE
I tensorflow/stream_executor/cuda/cuda_diagnostics.cc:153] retrieving CUDA diagnostic information for host: raiders2
I tensorflow/stream_executor/cuda/cuda_diagnostics.cc:160] hostname: raiders2
I tensorflow/stream_executor/cuda/cuda_diagnostics.cc:185] libcuda reported version is: Not found: was unable to find libcuda.so DSO loaded into this program
I tensorflow/stream_executor/cuda/cuda_diagnostics.cc:347] driver version file contents: """NVRM version: NVIDIA UNIX x86_64 Kernel Module  352.93  Tue Apr  5 18:18:24 PDT 2016
GCC version:  gcc version 4.8.4 (Ubuntu 4.8.4-2ubuntu1~14.04.1) 
"""
I tensorflow/stream_executor/cuda/cuda_diagnostics.cc:189] kernel reported version is: 352.93.0
I tensorflow/core/common_runtime/gpu/gpu_init.cc:81] No GPU devices available on machine.
I tensorflow/core/distributed_runtime/rpc/grpc_channel.cc:206] Initialize HostPortsGrpcChannelCache for job ps -> {raiders1:2200}
I tensorflow/core/distributed_runtime/rpc/grpc_channel.cc:206] Initialize HostPortsGrpcChannelCache for job worker -> {raiders1:2201, raiders1:2202, raiders1:2203, raiders1:2204, raiders2:2205, raiders2:2206, raiders2:2207, localhost:2208, raiders3:2209, raiders3:2210, raiders3:2211, raiders3:2212, raiders8:2213, raiders8:2214, raiders8:2215, raiders8:2216}
I tensorflow/core/distributed_runtime/rpc/grpc_server_lib.cc:202] Started server with target: grpc://localhost:2208
INFO:tensorflow:Learning rate: 0.005000, momentum: 0.300000
INFO:tensorflow:Sync mode!!!!!!
INFO:tensorflow:Compute groups : 2
INFO:tensorflow:SyncReplicas enabled: replicas_to_aggregate=16; total_num_replicas=16
INFO:tensorflow:Num nodes per compute groups: 8
INFO:tensorflow:Tokens per step: 8
INFO:tensorflow:2016-07-27 00:15:38.895904 Supervisor
INFO:tensorflow:got sessions! 2016-07-27 00:15:54.089251 
INFO:tensorflow:Started 3 queues for processing input data.
INFO:tensorflow:Step: 399, Loss: 6.452641, time: 29.223 sec/batch
INFO:tensorflow:Step: 399, Loss: 5.575112, time: 16.675 sec/batch
INFO:tensorflow:Step: 401, Loss: 5.846142, time: 12.962 sec/batch
INFO:tensorflow:Step: 403, Loss: 5.306036, time: 13.688 sec/batch
INFO:tensorflow:Step: 405, Loss: 5.137287, time: 13.010 sec/batch
INFO:tensorflow:Step: 407, Loss: 5.803452, time: 12.711 sec/batch
INFO:tensorflow:Step: 409, Loss: 5.751650, time: 21.724 sec/batch
INFO:tensorflow:Step: 412, Loss: 5.695791, time: 16.033 sec/batch
INFO:tensorflow:Step: 414, Loss: 5.427896, time: 16.353 sec/batch
INFO:tensorflow:Step: 416, Loss: 5.350244, time: 14.833 sec/batch
INFO:tensorflow:Step: 418, Loss: 5.284245, time: 20.376 sec/batch
INFO:tensorflow:Step: 419, Loss: 5.156992, time: 19.005 sec/batch
INFO:tensorflow:Step: 422, Loss: 5.779083, time: 18.879 sec/batch
INFO:tensorflow:Step: 423, Loss: 5.277553, time: 16.927 sec/batch
INFO:tensorflow:Step: 425, Loss: 5.285459, time: 18.571 sec/batch
INFO:tensorflow:Step: 427, Loss: 5.061003, time: 19.493 sec/batch
INFO:tensorflow:Step: 429, Loss: 5.522446, time: 15.762 sec/batch
INFO:tensorflow:Step: 431, Loss: 5.548848, time: 17.617 sec/batch
INFO:tensorflow:Step: 433, Loss: 5.443213, time: 15.707 sec/batch
INFO:tensorflow:Step: 436, Loss: 5.058159, time: 19.573 sec/batch
INFO:tensorflow:Step: 438, Loss: 5.251223, time: 19.609 sec/batch
INFO:tensorflow:Step: 440, Loss: 5.077040, time: 18.217 sec/batch
INFO:tensorflow:Step: 442, Loss: 5.889934, time: 18.426 sec/batch
INFO:tensorflow:Step: 444, Loss: 5.101987, time: 15.546 sec/batch
INFO:tensorflow:Step: 446, Loss: 5.071410, time: 18.697 sec/batch
INFO:tensorflow:Step: 448, Loss: 4.941320, time: 18.566 sec/batch
INFO:tensorflow:Step: 450, Loss: 5.536400, time: 18.259 sec/batch
INFO:tensorflow:Step: 452, Loss: 5.180952, time: 18.686 sec/batch
INFO:tensorflow:Step: 454, Loss: 5.529147, time: 17.423 sec/batch
INFO:tensorflow:Step: 456, Loss: 5.114616, time: 18.759 sec/batch
INFO:tensorflow:Step: 458, Loss: 5.654334, time: 18.361 sec/batch
INFO:tensorflow:Step: 459, Loss: 5.582113, time: 15.507 sec/batch
INFO:tensorflow:Step: 461, Loss: 4.971052, time: 15.339 sec/batch
INFO:tensorflow:Step: 463, Loss: 5.817293, time: 13.857 sec/batch
INFO:tensorflow:Step: 465, Loss: 5.223793, time: 14.936 sec/batch
INFO:tensorflow:Step: 467, Loss: 5.251787, time: 13.796 sec/batch
INFO:tensorflow:Step: 469, Loss: 5.473783, time: 14.907 sec/batch
INFO:tensorflow:Step: 471, Loss: 5.415841, time: 15.549 sec/batch
INFO:tensorflow:Step: 473, Loss: 5.293416, time: 14.124 sec/batch
INFO:tensorflow:Step: 475, Loss: 5.246365, time: 14.898 sec/batch
INFO:tensorflow:Step: 477, Loss: 5.684971, time: 15.948 sec/batch
INFO:tensorflow:Step: 479, Loss: 5.357157, time: 14.515 sec/batch
INFO:tensorflow:Step: 481, Loss: 5.422091, time: 16.109 sec/batch
INFO:tensorflow:Step: 483, Loss: 5.218354, time: 15.644 sec/batch
INFO:tensorflow:Step: 485, Loss: 5.450677, time: 16.340 sec/batch
INFO:tensorflow:Step: 487, Loss: 5.268785, time: 15.236 sec/batch
INFO:tensorflow:Step: 489, Loss: 5.741926, time: 16.182 sec/batch
INFO:tensorflow:Step: 492, Loss: 5.020081, time: 16.690 sec/batch
INFO:tensorflow:Step: 494, Loss: 5.198112, time: 16.709 sec/batch
INFO:tensorflow:Step: 495, Loss: 6.166900, time: 15.456 sec/batch
INFO:tensorflow:Step: 498, Loss: 5.118908, time: 16.490 sec/batch
INFO:tensorflow:Step: 500, Loss: 4.960819, time: 16.572 sec/batch
INFO:tensorflow:Step: 501, Loss: 5.324888, time: 17.547 sec/batch
INFO:tensorflow:Step: 504, Loss: 5.050448, time: 15.543 sec/batch
INFO:tensorflow:Step: 506, Loss: 5.126986, time: 16.099 sec/batch
INFO:tensorflow:Step: 508, Loss: 5.253865, time: 15.851 sec/batch
INFO:tensorflow:Step: 510, Loss: 5.064067, time: 16.059 sec/batch
INFO:tensorflow:Step: 512, Loss: 5.135458, time: 16.242 sec/batch
INFO:tensorflow:Step: 514, Loss: 4.890534, time: 15.761 sec/batch
INFO:tensorflow:Step: 516, Loss: 5.588709, time: 16.998 sec/batch
INFO:tensorflow:Step: 518, Loss: 5.144764, time: 15.803 sec/batch
INFO:tensorflow:Step: 519, Loss: 4.914137, time: 14.916 sec/batch
INFO:tensorflow:Step: 521, Loss: 5.689146, time: 14.944 sec/batch
INFO:tensorflow:Step: 523, Loss: 5.035263, time: 14.240 sec/batch
INFO:tensorflow:Step: 525, Loss: 5.299016, time: 15.177 sec/batch
INFO:tensorflow:Step: 527, Loss: 5.418525, time: 14.696 sec/batch
INFO:tensorflow:Step: 529, Loss: 5.777385, time: 15.174 sec/batch
INFO:tensorflow:Step: 531, Loss: 5.865821, time: 14.899 sec/batch
INFO:tensorflow:Step: 533, Loss: 5.331402, time: 13.672 sec/batch
INFO:tensorflow:Step: 535, Loss: 5.675664, time: 15.537 sec/batch
INFO:tensorflow:Step: 537, Loss: 5.637949, time: 13.280 sec/batch
INFO:tensorflow:Step: 539, Loss: 5.094646, time: 13.135 sec/batch
INFO:tensorflow:Step: 541, Loss: 5.503909, time: 15.919 sec/batch
INFO:tensorflow:Step: 543, Loss: 5.682358, time: 13.774 sec/batch
INFO:tensorflow:Step: 545, Loss: 5.047743, time: 14.717 sec/batch
INFO:tensorflow:Step: 547, Loss: 5.021844, time: 13.891 sec/batch
INFO:tensorflow:Step: 549, Loss: 6.728777, time: 14.840 sec/batch
INFO:tensorflow:Step: 551, Loss: 5.760316, time: 15.370 sec/batch
INFO:tensorflow:Step: 553, Loss: 5.389021, time: 14.357 sec/batch
INFO:tensorflow:Step: 555, Loss: 5.090530, time: 15.438 sec/batch
INFO:tensorflow:Step: 557, Loss: 5.065189, time: 13.986 sec/batch
INFO:tensorflow:Step: 559, Loss: 5.241926, time: 14.120 sec/batch
INFO:tensorflow:Step: 561, Loss: 4.788602, time: 13.726 sec/batch
INFO:tensorflow:Step: 563, Loss: 4.966681, time: 14.642 sec/batch
INFO:tensorflow:Step: 565, Loss: 5.496401, time: 14.815 sec/batch
INFO:tensorflow:Step: 567, Loss: 4.920139, time: 14.918 sec/batch
INFO:tensorflow:Step: 569, Loss: 5.190330, time: 15.492 sec/batch
INFO:tensorflow:Step: 571, Loss: 5.334640, time: 14.432 sec/batch
INFO:tensorflow:Step: 573, Loss: 5.429597, time: 15.058 sec/batch
INFO:tensorflow:Step: 575, Loss: 5.010895, time: 15.365 sec/batch
INFO:tensorflow:Step: 577, Loss: 4.917684, time: 13.632 sec/batch
INFO:tensorflow:Step: 579, Loss: 5.128490, time: 15.105 sec/batch
INFO:tensorflow:Step: 581, Loss: 5.944144, time: 14.742 sec/batch
INFO:tensorflow:Step: 583, Loss: 5.529136, time: 15.383 sec/batch
INFO:tensorflow:Step: 585, Loss: 5.361589, time: 14.839 sec/batch
INFO:tensorflow:Step: 587, Loss: 5.238826, time: 14.244 sec/batch
INFO:tensorflow:Step: 589, Loss: 5.502569, time: 14.272 sec/batch
INFO:tensorflow:Step: 591, Loss: 5.877468, time: 14.270 sec/batch
INFO:tensorflow:Step: 593, Loss: 4.996957, time: 14.633 sec/batch
INFO:tensorflow:Step: 595, Loss: 5.182366, time: 14.674 sec/batch
INFO:tensorflow:Step: 597, Loss: 5.413323, time: 15.183 sec/batch
INFO:tensorflow:Step: 599, Loss: 5.618081, time: 14.850 sec/batch
INFO:tensorflow:Step: 601, Loss: 5.539493, time: 14.782 sec/batch
INFO:tensorflow:Step: 603, Loss: 5.031340, time: 15.337 sec/batch
INFO:tensorflow:Step: 605, Loss: 4.815232, time: 16.256 sec/batch
INFO:tensorflow:Step: 608, Loss: 5.283067, time: 15.059 sec/batch
INFO:tensorflow:Step: 610, Loss: 5.229176, time: 15.565 sec/batch
INFO:tensorflow:Step: 611, Loss: 4.769674, time: 15.506 sec/batch
INFO:tensorflow:Step: 613, Loss: 5.090585, time: 15.649 sec/batch
INFO:tensorflow:Step: 616, Loss: 5.165398, time: 16.035 sec/batch
INFO:tensorflow:Step: 618, Loss: 5.569096, time: 15.721 sec/batch
INFO:tensorflow:Step: 620, Loss: 5.556764, time: 15.685 sec/batch
INFO:tensorflow:Step: 621, Loss: 5.517904, time: 15.359 sec/batch
INFO:tensorflow:Step: 624, Loss: 5.381508, time: 15.614 sec/batch
INFO:tensorflow:Step: 625, Loss: 4.856570, time: 15.809 sec/batch
INFO:tensorflow:Step: 628, Loss: 5.394829, time: 16.190 sec/batch
INFO:tensorflow:Step: 630, Loss: 5.190345, time: 16.006 sec/batch
INFO:tensorflow:Step: 632, Loss: 5.041401, time: 15.789 sec/batch
INFO:tensorflow:Step: 633, Loss: 5.089610, time: 15.808 sec/batch
INFO:tensorflow:Step: 636, Loss: 5.414438, time: 15.885 sec/batch
INFO:tensorflow:Step: 638, Loss: 5.738235, time: 16.944 sec/batch
INFO:tensorflow:Step: 640, Loss: 4.674281, time: 14.687 sec/batch
INFO:tensorflow:Step: 642, Loss: 5.319660, time: 16.695 sec/batch
INFO:tensorflow:Step: 644, Loss: 5.138284, time: 15.271 sec/batch
INFO:tensorflow:Step: 645, Loss: 5.114468, time: 15.287 sec/batch
INFO:tensorflow:Step: 647, Loss: 5.042463, time: 14.895 sec/batch
INFO:tensorflow:Step: 649, Loss: 5.200479, time: 16.150 sec/batch
INFO:tensorflow:Step: 652, Loss: 5.314280, time: 16.209 sec/batch
INFO:tensorflow:Step: 654, Loss: 5.306023, time: 15.493 sec/batch
INFO:tensorflow:Step: 656, Loss: 5.444215, time: 15.948 sec/batch
INFO:tensorflow:Step: 658, Loss: 5.715794, time: 15.472 sec/batch
INFO:tensorflow:Step: 659, Loss: 4.895455, time: 15.949 sec/batch
INFO:tensorflow:Step: 661, Loss: 4.872228, time: 15.151 sec/batch
INFO:tensorflow:Step: 663, Loss: 5.392501, time: 14.361 sec/batch
INFO:tensorflow:Step: 665, Loss: 5.114580, time: 14.390 sec/batch
INFO:tensorflow:Step: 667, Loss: 4.887087, time: 14.562 sec/batch
INFO:tensorflow:Step: 669, Loss: 5.331716, time: 13.388 sec/batch
INFO:tensorflow:Step: 671, Loss: 4.847297, time: 13.262 sec/batch
INFO:tensorflow:Step: 673, Loss: 5.195031, time: 12.465 sec/batch
INFO:tensorflow:Step: 675, Loss: 4.768057, time: 12.895 sec/batch
INFO:tensorflow:Step: 677, Loss: 5.099020, time: 13.224 sec/batch
INFO:tensorflow:Step: 679, Loss: 5.168300, time: 13.557 sec/batch
INFO:tensorflow:Step: 681, Loss: 5.402456, time: 13.018 sec/batch
INFO:tensorflow:Step: 683, Loss: 5.600420, time: 13.354 sec/batch
INFO:tensorflow:Step: 685, Loss: 5.507104, time: 15.434 sec/batch
INFO:tensorflow:Step: 687, Loss: 5.057174, time: 14.899 sec/batch
INFO:tensorflow:Step: 688, Loss: 5.079263, time: 14.462 sec/batch
INFO:tensorflow:Step: 690, Loss: 5.479307, time: 15.053 sec/batch
INFO:tensorflow:Step: 692, Loss: 5.721481, time: 13.306 sec/batch
INFO:tensorflow:Step: 694, Loss: 5.292550, time: 14.436 sec/batch
INFO:tensorflow:Step: 696, Loss: 5.404677, time: 13.760 sec/batch
INFO:tensorflow:Step: 698, Loss: 4.946729, time: 13.331 sec/batch
INFO:tensorflow:Step: 700, Loss: 5.408412, time: 14.059 sec/batch
INFO:tensorflow:Step: 702, Loss: 5.688264, time: 13.117 sec/batch
INFO:tensorflow:Step: 704, Loss: 4.944441, time: 13.641 sec/batch
INFO:tensorflow:Step: 706, Loss: 4.962633, time: 13.082 sec/batch
INFO:tensorflow:Step: 708, Loss: 5.418105, time: 12.736 sec/batch
INFO:tensorflow:Step: 710, Loss: 5.009948, time: 13.630 sec/batch
INFO:tensorflow:Step: 712, Loss: 5.223954, time: 13.294 sec/batch
INFO:tensorflow:Step: 714, Loss: 4.555902, time: 12.983 sec/batch
INFO:tensorflow:Step: 716, Loss: 4.896455, time: 13.552 sec/batch
INFO:tensorflow:Step: 718, Loss: 5.154876, time: 13.394 sec/batch
INFO:tensorflow:Step: 720, Loss: 4.679544, time: 13.464 sec/batch
INFO:tensorflow:Step: 722, Loss: 4.974200, time: 15.599 sec/batch
INFO:tensorflow:Step: 724, Loss: 5.266550, time: 15.926 sec/batch
INFO:tensorflow:Step: 726, Loss: 5.323295, time: 14.355 sec/batch
INFO:tensorflow:Step: 728, Loss: 5.301651, time: 15.247 sec/batch
INFO:tensorflow:Step: 730, Loss: 4.787870, time: 15.460 sec/batch
INFO:tensorflow:Step: 732, Loss: 5.166468, time: 15.461 sec/batch
run-expr-32node.sh: line 23: 46086 Terminated              CUDA_VISIBLE_DEVICES='' bazel-bin/inception/imagenet_distributed_train --batch_size=16 --data_dir=/lfs/local/0/daniter/16node-data-$2 --job_name='worker' --task_id=$2 --ps_hosts='raiders1:2200' --worker_hosts='raiders1:2201,raiders1:2202,raiders1:2203,raiders1:2204,raiders2:2205,raiders2:2206,raiders2:2207,raiders2:2208,raiders3:2209,raiders3:2210,raiders3:2211,raiders3:2212,raiders8:2213,raiders8:2214,raiders8:2215,raiders8:2216' --initial_learning_rate=$3 --momentum=$4 --sync=True --compute_groups=$5
